<?xml version="1.0" encoding="UTF-8"?>
<testsuites name="Test Suite1- Regression" time="3668.329" tests="15" failures="6" skips="0" errors="0">
   <testsuite name="Test Suite1- Regression" tests="15" failures="6" errors="0" time="3668.329" skips="0" timestamp="2021-05-03 08:48:25" hostname="elsylitsonlambert - elsys-mbp.phub.net.cable.rogers.com" id="Test Suites/Test Suite1- Regression">
      <properties>
         <property name="deviceName" value=""/>
         <property name="devicePlatform" value=""/>
         <property name="logFolder" value="/Users/elsylitsonlambert/git/tcCreateQA/Reports/20210503_084823/Test Suite1- Regression/20210503_084823"/>
         <property name="logFiles" value="/Users/elsylitsonlambert/git/tcCreateQA/Reports/20210503_084823/Test Suite1- Regression/20210503_084823/execution0.log"/>
         <property name="attachments" value="/Users/elsylitsonlambert/git/tcCreateQA/Reports/20210503_084823/Test Suite1- Regression/20210503_084823/1620046149683.png, /Users/elsylitsonlambert/git/tcCreateQA/Reports/20210503_084823/Test Suite1- Regression/20210503_084823/1620046403044.png, /Users/elsylitsonlambert/git/tcCreateQA/Reports/20210503_084823/Test Suite1- Regression/20210503_084823/1620046405953.png, /Users/elsylitsonlambert/git/tcCreateQA/Reports/20210503_084823/Test Suite1- Regression/20210503_084823/1620046437675.png, /Users/elsylitsonlambert/git/tcCreateQA/Reports/20210503_084823/Test Suite1- Regression/20210503_084823/1620046441466.png, /Users/elsylitsonlambert/git/tcCreateQA/Reports/20210503_084823/Test Suite1- Regression/20210503_084823/1620046476590.png, /Users/elsylitsonlambert/git/tcCreateQA/Reports/20210503_084823/Test Suite1- Regression/20210503_084823/1620046508165.png, /Users/elsylitsonlambert/git/tcCreateQA/Reports/20210503_084823/Test Suite1- Regression/20210503_084823/1620046571174.png, /Users/elsylitsonlambert/git/tcCreateQA/Reports/20210503_084823/Test Suite1- Regression/20210503_084823/1620046602639.png, /Users/elsylitsonlambert/git/tcCreateQA/Reports/20210503_084823/Test Suite1- Regression/20210503_084823/1620046634026.png, /Users/elsylitsonlambert/git/tcCreateQA/Reports/20210503_084823/Test Suite1- Regression/20210503_084823/1620046665592.png, /Users/elsylitsonlambert/git/tcCreateQA/Reports/20210503_084823/Test Suite1- Regression/20210503_084823/1620046697090.png, /Users/elsylitsonlambert/git/tcCreateQA/Reports/20210503_084823/Test Suite1- Regression/20210503_084823/1620046730830.png, /Users/elsylitsonlambert/git/tcCreateQA/Reports/20210503_084823/Test Suite1- Regression/20210503_084823/1620046765813.png, /Users/elsylitsonlambert/git/tcCreateQA/Reports/20210503_084823/Test Suite1- Regression/20210503_084823/1620046822603.png, /Users/elsylitsonlambert/git/tcCreateQA/Reports/20210503_084823/Test Suite1- Regression/20210503_084823/1620046854108.png, /Users/elsylitsonlambert/git/tcCreateQA/Reports/20210503_084823/Test Suite1- Regression/20210503_084823/1620046856920.png, /Users/elsylitsonlambert/git/tcCreateQA/Reports/20210503_084823/Test Suite1- Regression/20210503_084823/1620046920018.png, /Users/elsylitsonlambert/git/tcCreateQA/Reports/20210503_084823/Test Suite1- Regression/20210503_084823/1620046960301.png, /Users/elsylitsonlambert/git/tcCreateQA/Reports/20210503_084823/Test Suite1- Regression/20210503_084823/1620046991711.png, /Users/elsylitsonlambert/git/tcCreateQA/Reports/20210503_084823/Test Suite1- Regression/20210503_084823/1620047023431.png, /Users/elsylitsonlambert/git/tcCreateQA/Reports/20210503_084823/Test Suite1- Regression/20210503_084823/1620047055009.png, /Users/elsylitsonlambert/git/tcCreateQA/Reports/20210503_084823/Test Suite1- Regression/20210503_084823/1620047086399.png, /Users/elsylitsonlambert/git/tcCreateQA/Reports/20210503_084823/Test Suite1- Regression/20210503_084823/1620047117757.png, /Users/elsylitsonlambert/git/tcCreateQA/Reports/20210503_084823/Test Suite1- Regression/20210503_084823/1620047149333.png, /Users/elsylitsonlambert/git/tcCreateQA/Reports/20210503_084823/Test Suite1- Regression/20210503_084823/1620047151742.png, /Users/elsylitsonlambert/git/tcCreateQA/Reports/20210503_084823/Test Suite1- Regression/20210503_084823/1620047183206.png, /Users/elsylitsonlambert/git/tcCreateQA/Reports/20210503_084823/Test Suite1- Regression/20210503_084823/1620047214709.png, /Users/elsylitsonlambert/git/tcCreateQA/Reports/20210503_084823/Test Suite1- Regression/20210503_084823/1620047246340.png, /Users/elsylitsonlambert/git/tcCreateQA/Reports/20210503_084823/Test Suite1- Regression/20210503_084823/1620047278024.png, /Users/elsylitsonlambert/git/tcCreateQA/Reports/20210503_084823/Test Suite1- Regression/20210503_084823/1620047280838.png, /Users/elsylitsonlambert/git/tcCreateQA/Reports/20210503_084823/Test Suite1- Regression/20210503_084823/1620047315860.png, /Users/elsylitsonlambert/git/tcCreateQA/Reports/20210503_084823/Test Suite1- Regression/20210503_084823/1620047350011.png, /Users/elsylitsonlambert/git/tcCreateQA/Reports/20210503_084823/Test Suite1- Regression/20210503_084823/1620047492977.png, /Users/elsylitsonlambert/git/tcCreateQA/Reports/20210503_084823/Test Suite1- Regression/20210503_084823/1620049763518.png"/>
         <property name="hostName" value="elsylitsonlambert - elsys-mbp.phub.net.cable.rogers.com"/>
         <property name="os" value="Mac OS X 64bit"/>
         <property name="katalonVersion" value="7.9.1.208"/>
         <property name="browser" value="Chrome 90.0.4430.93"/>
         <property name="hostAddress" value="10.0.0.170"/>
         <property name="sessionId" value="b9f91e84e2dc10589455f45537d3d5d7"/>
         <property name="seleniumVersion" value="3.141.59"/>
         <property name="proxyInformation" value="ProxyInformation { proxyOption=NO_PROXY, proxyServerType=HTTP, username=, password=********, proxyServerAddress=, proxyServerPort=0, executionList=&quot;&quot;, isApplyToDesiredCapabilities=true }"/>
         <property name="platform" value="Mac OS X"/>
      </properties>
      <testcase name="Test Cases/tCC Test Cases/tN_Parallel Scripture viewer" time="60.216" classname="Test Cases/tCC Test Cases/tN_Parallel Scripture viewer" status="PASSED">
         <system-out><![CDATA[2021-05-03 08:48:26 - [TEST_CASE][PASSED] - Test Cases/tCC Test Cases/tN_Parallel Scripture viewer: Test Cases/tCC Test Cases/tN_Parallel Scripture viewer

2021-05-03 08:48:26 - [TEST_STEP][PASSED] - com.tccreate.keywords.WriteToFile.writeTofilename("tN-Parallel Scripture Viewer"): com.tccreate.keywords.WriteToFile.writeTofilename is PASSED

2021-05-03 08:48:26 - [MESSAGE][PASSED] - com.tccreate.keywords.WriteToFile.writeTofilename is PASSED

2021-05-03 08:48:26 - [TEST_STEP][PASSED] - com.helper.login.TimeDate.getTimeDate(): com.helper.login.TimeDate.getTimeDate is PASSED

2021-05-03 08:48:26 - [MESSAGE][INFO] - Time at which the test run:2021-05-03 08:48:26.533

2021-05-03 08:48:26 - [MESSAGE][PASSED] - com.helper.login.TimeDate.getTimeDate is PASSED

2021-05-03 08:48:26 - [TEST_STEP][PASSED] - com.helper.login.loginhelper.logintoapp(): com.helper.login.loginhelper.logintoapp is PASSED

2021-05-03 08:48:27 - [MESSAGE][INFO] - Starting 'Chrome' driver

2021-05-03 08:48:27 - [MESSAGE][INFO] - Action delay is set to 1,000 milliseconds

2021-05-03 08:48:28 - [MESSAGE][WARNING] - FFmpeg was not installed! Browser Recording will be disabled. Please follow this document to install FFmpeg first: https://docs.katalon.com/katalon-studio/docs/screenshots-videos.html#browser-based-recorder

2021-05-03 08:48:34 - [MESSAGE][PASSED] - Browser is opened with url: 'https://develop--tc-create-app.netlify.app/'

2021-05-03 08:48:34 - [MESSAGE][PASSED] - Wait for page load successfully

2021-05-03 08:48:35 - [MESSAGE][PASSED] - Current window maximized

2021-05-03 08:48:36 - [MESSAGE][PASSED] - Keys 'elsylambert' sent to object: 'Object Repository/Page_tC Create/input__username'

2021-05-03 08:48:37 - [MESSAGE][PASSED] - Keys 'fatak43' sent to object: 'Object Repository/Page_tC Create/input__password'

2021-05-03 08:48:39 - [MESSAGE][PASSED] - Object: 'Object Repository/Page_tC Create/button_Login' is clicked on

2021-05-03 08:48:40 - [MESSAGE][PASSED] - Delayed 1 second(s)

2021-05-03 08:48:41 - [MESSAGE][PASSED] - Text of object 'Object Repository/Page_tC Create/tcc-version number' is: 'translationCore Create - v1.2.0 build 41-eb23e86'

2021-05-03 08:48:41 - [MESSAGE][INFO] - : The current version and build number is translationCore Create - v1.2.0 build 41-eb23e86

2021-05-03 08:48:41 - [MESSAGE][PASSED] - com.helper.login.loginhelper.logintoapp is PASSED

2021-05-03 08:48:41 - [TEST_STEP][PASSED] - com.tccreate.keywords.selectOrg.organization(""): com.tccreate.keywords.selectOrg.organization is PASSED

2021-05-03 08:48:43 - [MESSAGE][PASSED] - Object: 'Object Repository/Page_tC Create/listOption_organisation_Parmed' is clicked on

2021-05-03 08:48:45 - [MESSAGE][WARNING] - No alert found after 2 second(s).

2021-05-03 08:48:45 - [MESSAGE][PASSED] - com.tccreate.keywords.selectOrg.organization is PASSED

2021-05-03 08:48:45 - [TEST_STEP][PASSED] - com.tccreate.keywords.selectOrg.resource("unfoldingWordÂ® Translation Notes"): com.tccreate.keywords.selectOrg.resource is PASSED

2021-05-03 08:48:46 - [MESSAGE][PASSED] - Object: 'Object Repository/Page_tC Create/resource_Parmed' is clicked on

2021-05-03 08:48:46 - [MESSAGE][PASSED] - com.tccreate.keywords.selectOrg.resource is PASSED

2021-05-03 08:48:46 - [TEST_STEP][PASSED] - com.tccreate.keywords.selectOrg.language(""): com.tccreate.keywords.selectOrg.language is PASSED

2021-05-03 08:48:48 - [MESSAGE][PASSED] - Object: 'Object Repository/Page_tC Create/combo_Select Language' is clicked on

2021-05-03 08:48:50 - [MESSAGE][PASSED] - Object: 'Object Repository/Page_tC Create/listOption_Language_Parmed' is clicked on

2021-05-03 08:48:50 - [MESSAGE][PASSED] - com.tccreate.keywords.selectOrg.language is PASSED

2021-05-03 08:48:50 - [TEST_STEP][PASSED] - click(findTestObject("Object Repository/Page_tC Create/span_en_tn_57-TIT.tsv")): Object: 'Object Repository/Page_tC Create/span_en_tn_57-TIT.tsv' is clicked on

2021-05-03 08:48:52 - [MESSAGE][PASSED] - Object: 'Object Repository/Page_tC Create/span_en_tn_57-TIT.tsv' is clicked on

2021-05-03 08:48:52 - [TEST_STEP][PASSED] - com.tccreate.keywords.ExpandAllScriptureToggle.toggleAllScripture(""test""): com.tccreate.keywords.ExpandAllScriptureToggle.toggleAllScripture is PASSED

2021-05-03 08:48:56 - [MESSAGE][INFO] - Unable to find the element located by 'By.xpath: //*[@type = 'button' and @data-test = 'drawer-menu-close-button']'. Please recheck the objects properties to make sure the desired element is located. 

2021-05-03 08:48:56 - [MESSAGE][WARNING] - Object 'Object Repository/Page_tC Create/button_DrawerClose' is not present after 2 second(s)

2021-05-03 08:48:57 - [MESSAGE][PASSED] - Object: 'Object Repository/Page_tC Create/Hamburger Menu Button' is clicked on

2021-05-03 08:48:58 - [MESSAGE][PASSED] - Delayed 1 second(s)

2021-05-03 08:48:59 - [MESSAGE][PASSED] - Object 'Object Repository/Page_tC Create/input_Expand all Scripture_default' is checked

2021-05-03 08:49:00 - [MESSAGE][PASSED] - Object: 'Object Repository/Page_tC Create/input_Expand all Scripture_default' is clicked on

2021-05-03 08:49:01 - [MESSAGE][PASSED] - Delayed 1 second(s)

2021-05-03 08:49:03 - [MESSAGE][PASSED] - Object: 'Object Repository/Page_tC Create/button_DrawerClose' is clicked on

2021-05-03 08:49:03 - [MESSAGE][PASSED] - Object 'Object Repository/Page_tC Create/Hamburger Menu Button' is visible

2021-05-03 08:49:03 - [MESSAGE][PASSED] - com.tccreate.keywords.ExpandAllScriptureToggle.toggleAllScripture is PASSED

2021-05-03 08:49:03 - [TEST_STEP][PASSED] - com.tccreate.keywords.ExpandAllScriptureToggle.toggleAllScripture(""on""): com.tccreate.keywords.ExpandAllScriptureToggle.toggleAllScripture is PASSED

2021-05-03 08:49:07 - [MESSAGE][INFO] - Unable to find the element located by 'By.xpath: //*[@type = 'button' and @data-test = 'drawer-menu-close-button']'. Please recheck the objects properties to make sure the desired element is located. 

2021-05-03 08:49:07 - [MESSAGE][WARNING] - Object 'Object Repository/Page_tC Create/button_DrawerClose' is not present after 2 second(s)

2021-05-03 08:49:08 - [MESSAGE][PASSED] - Object: 'Object Repository/Page_tC Create/Hamburger Menu Button' is clicked on

2021-05-03 08:49:09 - [MESSAGE][PASSED] - Delayed 1 second(s)

2021-05-03 08:49:10 - [MESSAGE][WARNING] - Object 'Object Repository/Page_tC Create/input_Expand all Scripture_default' is not checked (Root cause: com.kms.katalon.core.exception.StepFailedException: Object 'Object Repository/Page_tC Create/input_Expand all Scripture_default' is not checked
	at com.kms.katalon.core.webui.keyword.internal.WebUIKeywordMain.stepFailed(WebUIKeywordMain.groovy:64)
	at com.kms.katalon.core.webui.keyword.builtin.VerifyElementCheckedKeyword$_verifyElementChecked_closure1.doCall(VerifyElementCheckedKeyword.groovy:81)
	at com.kms.katalon.core.webui.keyword.builtin.VerifyElementCheckedKeyword$_verifyElementChecked_closure1.call(VerifyElementCheckedKeyword.groovy)
	at com.kms.katalon.core.webui.keyword.internal.WebUIKeywordMain.runKeyword(WebUIKeywordMain.groovy:20)
	at com.kms.katalon.core.webui.keyword.builtin.VerifyElementCheckedKeyword.verifyElementChecked(VerifyElementCheckedKeyword.groovy:92)
	at com.kms.katalon.core.webui.keyword.builtin.VerifyElementCheckedKeyword.execute(VerifyElementCheckedKeyword.groovy:68)
	at com.kms.katalon.core.keyword.internal.KeywordExecutor.executeKeywordForPlatform(KeywordExecutor.groovy:73)
	at com.kms.katalon.core.webui.keyword.WebUiBuiltInKeywords.verifyElementChecked(WebUiBuiltInKeywords.groovy:1381)
	at com.kms.katalon.core.webui.keyword.WebUiBuiltInKeywords$verifyElementChecked$8.call(Unknown Source)
	at com.tccreate.keywords.ExpandAllScriptureToggle.toggleAllScripture(ExpandAllScriptureToggle.groovy:43)
	at com.tccreate.keywords.ExpandAllScriptureToggle.invokeMethod(ExpandAllScriptureToggle.groovy)
	at com.kms.katalon.core.main.CustomKeywordDelegatingMetaClass.invokeStaticMethod(CustomKeywordDelegatingMetaClass.java:50)
	at tN_Parallel Scripture viewer.run(tN_Parallel Scripture viewer:39)
	at com.kms.katalon.core.main.ScriptEngine.run(ScriptEngine.java:194)
	at com.kms.katalon.core.main.ScriptEngine.runScriptAsRawText(ScriptEngine.java:119)
	at com.kms.katalon.core.main.TestCaseExecutor.runScript(TestCaseExecutor.java:398)
	at com.kms.katalon.core.main.TestCaseExecutor.doExecute(TestCaseExecutor.java:389)
	at com.kms.katalon.core.main.TestCaseExecutor.processExecutionPhase(TestCaseExecutor.java:368)
	at com.kms.katalon.core.main.TestCaseExecutor.accessMainPhase(TestCaseExecutor.java:360)
	at com.kms.katalon.core.main.TestCaseExecutor.execute(TestCaseExecutor.java:255)
	at com.kms.katalon.core.main.TestSuiteExecutor.accessTestCaseMainPhase(TestSuiteExecutor.java:203)
	at com.kms.katalon.core.main.TestSuiteExecutor.accessTestSuiteMainPhase(TestSuiteExecutor.java:152)
	at com.kms.katalon.core.main.TestSuiteExecutor.execute(TestSuiteExecutor.java:95)
	at com.kms.katalon.core.main.TestCaseMain.startTestSuite(TestCaseMain.java:157)
	at com.kms.katalon.core.main.TestCaseMain$startTestSuite$0.call(Unknown Source)
	at TempTestSuite1620046103825.run(TempTestSuite1620046103825.groovy:39)
)
[[ATTACHMENT|/Users/elsylitsonlambert/git/tcCreateQA/Reports/20210503_084823/Test Suite1- Regression/20210503_084823/1620046149683.png]]

2021-05-03 08:49:11 - [MESSAGE][PASSED] - Object: 'Object Repository/Page_tC Create/input_Expand all Scripture_default' is clicked on

2021-05-03 08:49:12 - [MESSAGE][PASSED] - Delayed 1 second(s)

2021-05-03 08:49:14 - [MESSAGE][PASSED] - Object: 'Object Repository/Page_tC Create/button_DrawerClose' is clicked on

2021-05-03 08:49:14 - [MESSAGE][PASSED] - Object 'Object Repository/Page_tC Create/Hamburger Menu Button' is visible

2021-05-03 08:49:14 - [MESSAGE][PASSED] - com.tccreate.keywords.ExpandAllScriptureToggle.toggleAllScripture is PASSED

2021-05-03 08:49:14 - [TEST_STEP][PASSED] - if (verifyElementPresent(findTestObject("Page_tC Create/span_unfoldingWord Literal Text v14"), 5)): null

2021-05-03 08:49:15 - [MESSAGE][PASSED] - Object 'Object Repository/Page_tC Create/span_unfoldingWord Literal Text v14' is present

2021-05-03 08:49:15 - [TEST_STEP][PASSED] - logInfo("ULT is visible 1"): ULT is visible 1

2021-05-03 08:49:15 - [MESSAGE][INFO] - ULT is visible 1

2021-05-03 08:49:15 - [TEST_STEP][PASSED] - if (verifyElementPresent(findTestObject("Page_tC Create/span_unfoldingWord Simplified Text v14"), 5)): null

2021-05-03 08:49:15 - [MESSAGE][PASSED] - Object 'Object Repository/Page_tC Create/span_unfoldingWord Simplified Text v14' is present

2021-05-03 08:49:15 - [TEST_STEP][PASSED] - logInfo("UST is visible"): UST is visible

2021-05-03 08:49:15 - [MESSAGE][INFO] - UST is visible

2021-05-03 08:49:15 - [TEST_STEP][PASSED] - logInfo("ParallelScripture is present"): ParallelScripture is present

2021-05-03 08:49:15 - [MESSAGE][INFO] - ParallelScripture is present

2021-05-03 08:49:15 - [TEST_STEP][PASSED] - com.tccreate.keywords.ExpandAllScriptureToggle.toggleAllScripture(""off""): com.tccreate.keywords.ExpandAllScriptureToggle.toggleAllScripture is PASSED

2021-05-03 08:49:18 - [MESSAGE][INFO] - Unable to find the element located by 'By.xpath: //*[@type = 'button' and @data-test = 'drawer-menu-close-button']'. Please recheck the objects properties to make sure the desired element is located. 

2021-05-03 08:49:18 - [MESSAGE][WARNING] - Object 'Object Repository/Page_tC Create/button_DrawerClose' is not present after 2 second(s)

2021-05-03 08:49:20 - [MESSAGE][PASSED] - Object: 'Object Repository/Page_tC Create/Hamburger Menu Button' is clicked on

2021-05-03 08:49:21 - [MESSAGE][PASSED] - Delayed 1 second(s)

2021-05-03 08:49:21 - [MESSAGE][PASSED] - Object 'Object Repository/Page_tC Create/input_Expand all Scripture_default' is checked

2021-05-03 08:49:23 - [MESSAGE][PASSED] - Object: 'Object Repository/Page_tC Create/input_Expand all Scripture_default' is clicked on

2021-05-03 08:49:24 - [MESSAGE][PASSED] - Delayed 1 second(s)

2021-05-03 08:49:25 - [MESSAGE][PASSED] - Object: 'Object Repository/Page_tC Create/button_DrawerClose' is clicked on

2021-05-03 08:49:26 - [MESSAGE][PASSED] - Object 'Object Repository/Page_tC Create/Hamburger Menu Button' is visible

2021-05-03 08:49:26 - [MESSAGE][PASSED] - com.tccreate.keywords.ExpandAllScriptureToggle.toggleAllScripture is PASSED

2021-05-03 08:49:26 - [TEST_STEP][PASSED] - logInfo("button is toggled"): button is toggled

2021-05-03 08:49:26 - [MESSAGE][INFO] - button is toggled

2021-05-03 08:49:26 - [TEST_STEP][PASSED] - if (verifyElementNotPresent(findTestObject("Page_tC Create/span_unfoldingWord Literal Text v14"), 3)): null

2021-05-03 08:49:26 - [MESSAGE][PASSED] - Web element with id: 'Object Repository/Page_tC Create/span_unfoldingWord Literal Text v14' located by 'By.xpath: //div[@id='wrapY']/table/thead/tr/th[2]/span' is not present after '3' second(s)

2021-05-03 08:49:26 - [TEST_STEP][PASSED] - logInfo("ULT is not visible as expected"): ULT is not visible as expected

2021-05-03 08:49:26 - [MESSAGE][INFO] - ULT is not visible as expected

2021-05-03 08:49:26 - [TEST_STEP][PASSED] - closeBrowser(): Browser is closed

2021-05-03 08:49:26 - [MESSAGE][PASSED] - Browser is closed]]></system-out>
         <system-err><![CDATA[]]></system-err>
      </testcase>
      <testcase name="Test Cases/tCC Test Cases/tCC_Link to Organization page" time="17.438" classname="Test Cases/tCC Test Cases/tCC_Link to Organization page" status="PASSED">
         <system-out><![CDATA[2021-05-03 08:49:26 - [TEST_CASE][PASSED] - Test Cases/tCC Test Cases/tCC_Link to Organization page: Test Cases/tCC Test Cases/tCC_Link to Organization page

2021-05-03 08:49:26 - [TEST_STEP][PASSED] - com.tccreate.keywords.WriteToFile.writeTofilename("Links to Org page"): com.tccreate.keywords.WriteToFile.writeTofilename is PASSED

2021-05-03 08:49:26 - [MESSAGE][PASSED] - com.tccreate.keywords.WriteToFile.writeTofilename is PASSED

2021-05-03 08:49:26 - [TEST_STEP][PASSED] - com.helper.login.TimeDate.getTimeDate(): com.helper.login.TimeDate.getTimeDate is PASSED

2021-05-03 08:49:26 - [MESSAGE][INFO] - Time at which the test run:2021-05-03 08:49:26.625

2021-05-03 08:49:26 - [MESSAGE][PASSED] - com.helper.login.TimeDate.getTimeDate is PASSED

2021-05-03 08:49:26 - [TEST_STEP][PASSED] - com.helper.login.loginhelper.logintoapp(): com.helper.login.loginhelper.logintoapp is PASSED

2021-05-03 08:49:26 - [MESSAGE][INFO] - Starting 'Chrome' driver

2021-05-03 08:49:26 - [MESSAGE][INFO] - Action delay is set to 1,000 milliseconds

2021-05-03 08:49:27 - [MESSAGE][WARNING] - FFmpeg was not installed! Browser Recording will be disabled. Please follow this document to install FFmpeg first: https://docs.katalon.com/katalon-studio/docs/screenshots-videos.html#browser-based-recorder

2021-05-03 08:49:33 - [MESSAGE][PASSED] - Browser is opened with url: 'https://develop--tc-create-app.netlify.app/'

2021-05-03 08:49:33 - [MESSAGE][PASSED] - Wait for page load successfully

2021-05-03 08:49:33 - [MESSAGE][PASSED] - Current window maximized

2021-05-03 08:49:34 - [MESSAGE][PASSED] - Keys 'elsylambert' sent to object: 'Object Repository/Page_tC Create/input__username'

2021-05-03 08:49:36 - [MESSAGE][PASSED] - Keys 'fatak43' sent to object: 'Object Repository/Page_tC Create/input__password'

2021-05-03 08:49:37 - [MESSAGE][PASSED] - Object: 'Object Repository/Page_tC Create/button_Login' is clicked on

2021-05-03 08:49:38 - [MESSAGE][PASSED] - Delayed 1 second(s)

2021-05-03 08:49:40 - [MESSAGE][PASSED] - Text of object 'Object Repository/Page_tC Create/tcc-version number' is: 'translationCore Create - v1.2.0 build 41-eb23e86'

2021-05-03 08:49:40 - [MESSAGE][INFO] - : The current version and build number is translationCore Create - v1.2.0 build 41-eb23e86

2021-05-03 08:49:40 - [MESSAGE][PASSED] - com.helper.login.loginhelper.logintoapp is PASSED

2021-05-03 08:49:40 - [TEST_STEP][PASSED] - verifyElementPresent(findTestObject("Object Repository/Organization Link/span_unfoldingWord"), 1): Object 'Object Repository/Organization Link/span_unfoldingWord' is present

2021-05-03 08:49:40 - [MESSAGE][PASSED] - Object 'Object Repository/Organization Link/span_unfoldingWord' is present

2021-05-03 08:49:40 - [TEST_STEP][PASSED] - expectedTooltip = "Go to Organization": null

2021-05-03 08:49:40 - [TEST_STEP][PASSED] - actualTooltip = getAttribute(findTestObject("Object Repository/Organization Link/button_unfoldingWord_MuiButtonBase-root MuiIconButton-root"), "title"): Attribute 'title' of object 'Object Repository/Organization Link/button_unfoldingWord_MuiButtonBase-root MuiIconButton-root' is: 'Go to Organization'

2021-05-03 08:49:40 - [MESSAGE][PASSED] - Attribute 'title' of object 'Object Repository/Organization Link/button_unfoldingWord_MuiButtonBase-root MuiIconButton-root' is: 'Go to Organization'

2021-05-03 08:49:40 - [TEST_STEP][PASSED] - out.println("Actual Title of Tool Tip" + actualTooltip): null

2021-05-03 08:49:40 - [TEST_STEP][PASSED] - if (actualTooltip.equals(expectedTooltip)): null

2021-05-03 08:49:40 - [TEST_STEP][PASSED] - out.println("Test Case Passed"): null

2021-05-03 08:49:40 - [TEST_STEP][PASSED] - click(findTestObject("Object Repository/Organization Link/button_unfoldingWord_MuiButtonBase-root MuiIconButton-root")): Object: 'Object Repository/Organization Link/button_unfoldingWord_MuiButtonBase-root MuiIconButton-root' is clicked on

2021-05-03 08:49:42 - [MESSAGE][PASSED] - Object: 'Object Repository/Organization Link/button_unfoldingWord_MuiButtonBase-root MuiIconButton-root' is clicked on

2021-05-03 08:49:42 - [TEST_STEP][PASSED] - switchToWindowIndex(1): Switched to window with index: '1'

2021-05-03 08:49:42 - [MESSAGE][PASSED] - Switched to window with index: '1'

2021-05-03 08:49:42 - [TEST_STEP][PASSED] - if (verifyElementVisible(findTestObject("Object Repository/Organization Link/div_unfoldingWord"), CONTINUE_ON_FAILURE)): null

2021-05-03 08:49:43 - [MESSAGE][PASSED] - Object 'Object Repository/Organization Link/div_unfoldingWord' is visible

2021-05-03 08:49:43 - [TEST_STEP][PASSED] - out.println("Organization page is opening"): null

2021-05-03 08:49:43 - [TEST_STEP][PASSED] - switchToWindowIndex(0): Switched to window with index: '0'

2021-05-03 08:49:43 - [MESSAGE][PASSED] - Switched to window with index: '0'

2021-05-03 08:49:43 - [TEST_STEP][PASSED] - closeBrowser(): Browser is closed

2021-05-03 08:49:43 - [MESSAGE][PASSED] - Browser is closed]]></system-out>
         <system-err><![CDATA[]]></system-err>
      </testcase>
      <testcase name="Test Cases/tCC Test Cases/tN_undo text in tN Editor" time="32.248" classname="Test Cases/tCC Test Cases/tN_undo text in tN Editor" status="PASSED">
         <system-out><![CDATA[2021-05-03 08:49:43 - [TEST_CASE][PASSED] - Test Cases/tCC Test Cases/tN_undo text in tN Editor: Test Cases/tCC Test Cases/tN_undo text in tN Editor

2021-05-03 08:49:44 - [TEST_STEP][PASSED] - com.tccreate.keywords.WriteToFile.writeTofilename("tN-undo editing"): com.tccreate.keywords.WriteToFile.writeTofilename is PASSED

2021-05-03 08:49:44 - [MESSAGE][PASSED] - com.tccreate.keywords.WriteToFile.writeTofilename is PASSED

2021-05-03 08:49:44 - [TEST_STEP][PASSED] - com.helper.login.TimeDate.getTimeDate(): com.helper.login.TimeDate.getTimeDate is PASSED

2021-05-03 08:49:44 - [MESSAGE][INFO] - Time at which the test run:2021-05-03 08:49:44.123

2021-05-03 08:49:44 - [MESSAGE][PASSED] - com.helper.login.TimeDate.getTimeDate is PASSED

2021-05-03 08:49:44 - [TEST_STEP][PASSED] - com.helper.login.loginhelper.logintoapp(): com.helper.login.loginhelper.logintoapp is PASSED

2021-05-03 08:49:44 - [MESSAGE][INFO] - Starting 'Chrome' driver

2021-05-03 08:49:44 - [MESSAGE][INFO] - Action delay is set to 1,000 milliseconds

2021-05-03 08:49:45 - [MESSAGE][WARNING] - FFmpeg was not installed! Browser Recording will be disabled. Please follow this document to install FFmpeg first: https://docs.katalon.com/katalon-studio/docs/screenshots-videos.html#browser-based-recorder

2021-05-03 08:49:50 - [MESSAGE][PASSED] - Browser is opened with url: 'https://develop--tc-create-app.netlify.app/'

2021-05-03 08:49:50 - [MESSAGE][PASSED] - Wait for page load successfully

2021-05-03 08:49:50 - [MESSAGE][PASSED] - Current window maximized

2021-05-03 08:49:52 - [MESSAGE][PASSED] - Keys 'elsylambert' sent to object: 'Object Repository/Page_tC Create/input__username'

2021-05-03 08:49:53 - [MESSAGE][PASSED] - Keys 'fatak43' sent to object: 'Object Repository/Page_tC Create/input__password'

2021-05-03 08:49:55 - [MESSAGE][PASSED] - Object: 'Object Repository/Page_tC Create/button_Login' is clicked on

2021-05-03 08:49:56 - [MESSAGE][PASSED] - Delayed 1 second(s)

2021-05-03 08:49:57 - [MESSAGE][PASSED] - Text of object 'Object Repository/Page_tC Create/tcc-version number' is: 'translationCore Create - v1.2.0 build 41-eb23e86'

2021-05-03 08:49:57 - [MESSAGE][INFO] - : The current version and build number is translationCore Create - v1.2.0 build 41-eb23e86

2021-05-03 08:49:57 - [MESSAGE][PASSED] - com.helper.login.loginhelper.logintoapp is PASSED

2021-05-03 08:49:57 - [TEST_STEP][PASSED] - com.tccreate.keywords.selectOrg.organization(""): com.tccreate.keywords.selectOrg.organization is PASSED

2021-05-03 08:49:58 - [MESSAGE][PASSED] - Object: 'Object Repository/Page_tC Create/listOption_organisation_Parmed' is clicked on

2021-05-03 08:50:00 - [MESSAGE][WARNING] - No alert found after 2 second(s).

2021-05-03 08:50:00 - [MESSAGE][PASSED] - com.tccreate.keywords.selectOrg.organization is PASSED

2021-05-03 08:50:00 - [TEST_STEP][PASSED] - com.tccreate.keywords.selectOrg.resource("unfoldingWordÂ® Translation Notes"): com.tccreate.keywords.selectOrg.resource is PASSED

2021-05-03 08:50:02 - [MESSAGE][PASSED] - Object: 'Object Repository/Page_tC Create/resource_Parmed' is clicked on

2021-05-03 08:50:02 - [MESSAGE][PASSED] - com.tccreate.keywords.selectOrg.resource is PASSED

2021-05-03 08:50:02 - [TEST_STEP][PASSED] - com.tccreate.keywords.selectOrg.language(""): com.tccreate.keywords.selectOrg.language is PASSED

2021-05-03 08:50:03 - [MESSAGE][PASSED] - Object: 'Object Repository/Page_tC Create/combo_Select Language' is clicked on

2021-05-03 08:50:05 - [MESSAGE][PASSED] - Object: 'Object Repository/Page_tC Create/listOption_Language_Parmed' is clicked on

2021-05-03 08:50:05 - [MESSAGE][PASSED] - com.tccreate.keywords.selectOrg.language is PASSED

2021-05-03 08:50:05 - [TEST_STEP][PASSED] - click(findTestObject("Object Repository/Page_tC Create/span_en_tn_57-TIT.tsv")): Object: 'Object Repository/Page_tC Create/span_en_tn_57-TIT.tsv' is clicked on

2021-05-03 08:50:07 - [MESSAGE][PASSED] - Object: 'Object Repository/Page_tC Create/span_en_tn_57-TIT.tsv' is clicked on

2021-05-03 08:50:07 - [TEST_STEP][PASSED] - click(findTestObject("Object Repository/Page_tC Create/div_Introduction to TitusPart 1")): Object: 'Object Repository/Page_tC Create/div_Introduction to TitusPart 1' is clicked on

2021-05-03 08:50:13 - [MESSAGE][PASSED] - Object: 'Object Repository/Page_tC Create/div_Introduction to TitusPart 1' is clicked on

2021-05-03 08:50:13 - [TEST_STEP][PASSED] - sendKeys(findTestObject("Object Repository/Page_tC Create/div_Introduction to TitusPart 1"), "edit again "): Keys 'edit again ' sent to object: 'Object Repository/Page_tC Create/div_Introduction to TitusPart 1'

2021-05-03 08:50:14 - [MESSAGE][PASSED] - Keys 'edit again ' sent to object: 'Object Repository/Page_tC Create/div_Introduction to TitusPart 1'

2021-05-03 08:50:14 - [TEST_STEP][PASSED] - driver = getWebDriver(): null

2021-05-03 08:50:14 - [TEST_STEP][PASSED] - action = new org.openqa.selenium.interactions.Actions(driver): null

2021-05-03 08:50:14 - [TEST_STEP][PASSED] - keyUp(COMMAND).perform(): null

2021-05-03 08:50:14 - [TEST_STEP][PASSED] - sendKeys(findTestObject("Object Repository/Page_tC Create/div_Introduction to TitusPart 1"), Keys.chord(COMMAND, "z")): Keys 'COMMAND + z' sent to object: 'Object Repository/Page_tC Create/div_Introduction to TitusPart 1'

2021-05-03 08:50:16 - [MESSAGE][PASSED] - Keys 'COMMAND + z' sent to object: 'Object Repository/Page_tC Create/div_Introduction to TitusPart 1'

2021-05-03 08:50:16 - [TEST_STEP][PASSED] - logInfo("Text is cleared successfully by undo action"): Text is cleared successfully by undo action

2021-05-03 08:50:16 - [MESSAGE][INFO] - Text is cleared successfully by undo action

2021-05-03 08:50:16 - [TEST_STEP][PASSED] - closeBrowser(): Browser is closed

2021-05-03 08:50:16 - [MESSAGE][PASSED] - Browser is closed]]></system-out>
         <system-err><![CDATA[]]></system-err>
      </testcase>
      <testcase name="Test Cases/tCC Test Cases/tN_Add or Delete a Row" time="39.186" classname="Test Cases/tCC Test Cases/tN_Add or Delete a Row" status="PASSED">
         <system-out><![CDATA[2021-05-03 08:50:16 - [TEST_CASE][PASSED] - Test Cases/tCC Test Cases/tN_Add or Delete a Row: Test Cases/tCC Test Cases/tN_Add or Delete a Row

2021-05-03 08:50:16 - [TEST_STEP][PASSED] - com.tccreate.keywords.WriteToFile.writeTofilename("tA-Add or delete row"): com.tccreate.keywords.WriteToFile.writeTofilename is PASSED

2021-05-03 08:50:16 - [MESSAGE][PASSED] - com.tccreate.keywords.WriteToFile.writeTofilename is PASSED

2021-05-03 08:50:16 - [TEST_STEP][PASSED] - com.helper.login.TimeDate.getTimeDate(): com.helper.login.TimeDate.getTimeDate is PASSED

2021-05-03 08:50:16 - [MESSAGE][INFO] - Time at which the test run:2021-05-03 08:50:16.304

2021-05-03 08:50:16 - [MESSAGE][PASSED] - com.helper.login.TimeDate.getTimeDate is PASSED

2021-05-03 08:50:16 - [TEST_STEP][PASSED] - com.helper.login.loginhelper.logintoapp(): com.helper.login.loginhelper.logintoapp is PASSED

2021-05-03 08:50:16 - [MESSAGE][INFO] - Starting 'Chrome' driver

2021-05-03 08:50:16 - [MESSAGE][INFO] - Action delay is set to 1,000 milliseconds

2021-05-03 08:50:17 - [MESSAGE][WARNING] - FFmpeg was not installed! Browser Recording will be disabled. Please follow this document to install FFmpeg first: https://docs.katalon.com/katalon-studio/docs/screenshots-videos.html#browser-based-recorder

2021-05-03 08:50:23 - [MESSAGE][PASSED] - Browser is opened with url: 'https://develop--tc-create-app.netlify.app/'

2021-05-03 08:50:23 - [MESSAGE][PASSED] - Wait for page load successfully

2021-05-03 08:50:23 - [MESSAGE][PASSED] - Current window maximized

2021-05-03 08:50:24 - [MESSAGE][PASSED] - Keys 'elsylambert' sent to object: 'Object Repository/Page_tC Create/input__username'

2021-05-03 08:50:26 - [MESSAGE][PASSED] - Keys 'fatak43' sent to object: 'Object Repository/Page_tC Create/input__password'

2021-05-03 08:50:27 - [MESSAGE][PASSED] - Object: 'Object Repository/Page_tC Create/button_Login' is clicked on

2021-05-03 08:50:28 - [MESSAGE][PASSED] - Delayed 1 second(s)

2021-05-03 08:50:29 - [MESSAGE][PASSED] - Text of object 'Object Repository/Page_tC Create/tcc-version number' is: 'translationCore Create - v1.2.0 build 41-eb23e86'

2021-05-03 08:50:29 - [MESSAGE][INFO] - : The current version and build number is translationCore Create - v1.2.0 build 41-eb23e86

2021-05-03 08:50:29 - [MESSAGE][PASSED] - com.helper.login.loginhelper.logintoapp is PASSED

2021-05-03 08:50:29 - [TEST_STEP][PASSED] - com.tccreate.keywords.selectOrg.organization(""): com.tccreate.keywords.selectOrg.organization is PASSED

2021-05-03 08:50:30 - [MESSAGE][PASSED] - Object: 'Object Repository/Page_tC Create/listOption_organisation_Parmed' is clicked on

2021-05-03 08:50:32 - [MESSAGE][WARNING] - No alert found after 2 second(s).

2021-05-03 08:50:32 - [MESSAGE][PASSED] - com.tccreate.keywords.selectOrg.organization is PASSED

2021-05-03 08:50:32 - [TEST_STEP][PASSED] - com.tccreate.keywords.selectOrg.resource("unfoldingWordÂ® Translation Notes"): com.tccreate.keywords.selectOrg.resource is PASSED

2021-05-03 08:50:34 - [MESSAGE][PASSED] - Object: 'Object Repository/Page_tC Create/resource_Parmed' is clicked on

2021-05-03 08:50:34 - [MESSAGE][PASSED] - com.tccreate.keywords.selectOrg.resource is PASSED

2021-05-03 08:50:34 - [TEST_STEP][PASSED] - com.tccreate.keywords.selectOrg.language(""): com.tccreate.keywords.selectOrg.language is PASSED

2021-05-03 08:50:35 - [MESSAGE][PASSED] - Object: 'Object Repository/Page_tC Create/combo_Select Language' is clicked on

2021-05-03 08:50:37 - [MESSAGE][PASSED] - Object: 'Object Repository/Page_tC Create/listOption_Language_Parmed' is clicked on

2021-05-03 08:50:37 - [MESSAGE][PASSED] - com.tccreate.keywords.selectOrg.language is PASSED

2021-05-03 08:50:37 - [TEST_STEP][PASSED] - click(findTestObject("Page_tC Create/Add new resource objects/span_en_tn_57-TIT.tsv")): Object: 'Object Repository/Page_tC Create/Add new resource objects/span_en_tn_57-TIT.tsv' is clicked on

2021-05-03 08:50:39 - [MESSAGE][PASSED] - Object: 'Object Repository/Page_tC Create/Add new resource objects/span_en_tn_57-TIT.tsv' is clicked on

2021-05-03 08:50:39 - [TEST_STEP][PASSED] - click(findTestObject("Object Repository/tN objects/button_view columns")): Object: 'Object Repository/tN objects/button_view columns' is clicked on

2021-05-03 08:50:43 - [MESSAGE][PASSED] - Object: 'Object Repository/tN objects/button_view columns' is clicked on

2021-05-03 08:50:43 - [TEST_STEP][PASSED] - click(findTestObject("Object Repository/tN objects/input_ID")): Object: 'Object Repository/tN objects/input_ID' is clicked on

2021-05-03 08:50:44 - [MESSAGE][PASSED] - Object: 'Object Repository/tN objects/input_ID' is clicked on

2021-05-03 08:50:44 - [TEST_STEP][PASSED] - click(findTestObject("tN objects/button__Close-Columns")): Object: 'Object Repository/tN objects/button__Close-Columns' is clicked on

2021-05-03 08:50:46 - [MESSAGE][PASSED] - Object: 'Object Repository/tN objects/button__Close-Columns' is clicked on

2021-05-03 08:50:46 - [TEST_STEP][PASSED] - scrollToElement(findTestObject("Object Repository/tN objects/div_Titus 11"), 2): Scroll to object 'Object Repository/tN objects/div_Titus 11' successfully

2021-05-03 08:50:47 - [MESSAGE][PASSED] - Scroll to object 'Object Repository/tN objects/div_Titus 11' successfully

2021-05-03 08:50:47 - [TEST_STEP][PASSED] - click(findTestObject("Object Repository/tN objects/button_Titus 11_add a new row")): Object: 'Object Repository/tN objects/button_Titus 11_add a new row' is clicked on

2021-05-03 08:50:48 - [MESSAGE][PASSED] - Object: 'Object Repository/tN objects/button_Titus 11_add a new row' is clicked on

2021-05-03 08:50:48 - [TEST_STEP][PASSED] - click(findTestObject("Object Repository/tN objects/button_Add")): Object: 'Object Repository/tN objects/button_Add' is clicked on

2021-05-03 08:50:50 - [MESSAGE][PASSED] - Object: 'Object Repository/tN objects/button_Add' is clicked on

2021-05-03 08:50:50 - [TEST_STEP][PASSED] - if (verifyElementVisible(findTestObject("Object Repository/tN objects/p_empty"))): null

2021-05-03 08:50:51 - [MESSAGE][PASSED] - Object 'Object Repository/tN objects/p_empty' is visible

2021-05-03 08:50:51 - [TEST_STEP][PASSED] - logInfo(" New row is added successfully"):  New row is added successfully

2021-05-03 08:50:51 - [MESSAGE][INFO] -  New row is added successfully

2021-05-03 08:50:51 - [TEST_STEP][PASSED] - click(findTestObject("Object Repository/tN objects/button_Titus 11_Delete new row")): Object: 'Object Repository/tN objects/button_Titus 11_Delete new row' is clicked on

2021-05-03 08:50:52 - [MESSAGE][PASSED] - Object: 'Object Repository/tN objects/button_Titus 11_Delete new row' is clicked on

2021-05-03 08:50:52 - [TEST_STEP][PASSED] - click(findTestObject("Object Repository/tN objects/span_Delete")): Object: 'Object Repository/tN objects/span_Delete' is clicked on

2021-05-03 08:50:54 - [MESSAGE][PASSED] - Object: 'Object Repository/tN objects/span_Delete' is clicked on

2021-05-03 08:50:54 - [TEST_STEP][PASSED] - if (verifyElementVisible(findTestObject("Object Repository/tN objects/p_empty"))): null

2021-05-03 08:50:55 - [MESSAGE][PASSED] - Object 'Object Repository/tN objects/p_empty' is visible

2021-05-03 08:50:55 - [TEST_STEP][PASSED] - logInfo(" New row is deleted successfully"):  New row is deleted successfully

2021-05-03 08:50:55 - [MESSAGE][INFO] -  New row is deleted successfully

2021-05-03 08:50:55 - [TEST_STEP][PASSED] - closeBrowser(): Browser is closed

2021-05-03 08:50:55 - [MESSAGE][PASSED] - Browser is closed]]></system-out>
         <system-err><![CDATA[]]></system-err>
      </testcase>
      <testcase name="Test Cases/tCC Test Cases/tN_Expand chapter" time="76.242" classname="Test Cases/tCC Test Cases/tN_Expand chapter" status="PASSED">
         <system-out><![CDATA[2021-05-03 08:50:55 - [TEST_CASE][PASSED] - Test Cases/tCC Test Cases/tN_Expand chapter: Test Cases/tCC Test Cases/tN_Expand chapter

2021-05-03 08:50:55 - [TEST_STEP][PASSED] - com.tccreate.keywords.WriteToFile.writeTofilename("tN-Expand chapter"): com.tccreate.keywords.WriteToFile.writeTofilename is PASSED

2021-05-03 08:50:55 - [MESSAGE][PASSED] - com.tccreate.keywords.WriteToFile.writeTofilename is PASSED

2021-05-03 08:50:55 - [TEST_STEP][PASSED] - com.helper.login.TimeDate.getTimeDate(): com.helper.login.TimeDate.getTimeDate is PASSED

2021-05-03 08:50:55 - [MESSAGE][INFO] - Time at which the test run:2021-05-03 08:50:55.57

2021-05-03 08:50:55 - [MESSAGE][PASSED] - com.helper.login.TimeDate.getTimeDate is PASSED

2021-05-03 08:50:55 - [TEST_STEP][PASSED] - com.helper.login.loginhelper.logintoapp(): com.helper.login.loginhelper.logintoapp is PASSED

2021-05-03 08:50:55 - [MESSAGE][INFO] - Starting 'Chrome' driver

2021-05-03 08:50:55 - [MESSAGE][INFO] - Action delay is set to 1,000 milliseconds

2021-05-03 08:50:56 - [MESSAGE][WARNING] - FFmpeg was not installed! Browser Recording will be disabled. Please follow this document to install FFmpeg first: https://docs.katalon.com/katalon-studio/docs/screenshots-videos.html#browser-based-recorder

2021-05-03 08:51:02 - [MESSAGE][PASSED] - Browser is opened with url: 'https://develop--tc-create-app.netlify.app/'

2021-05-03 08:51:02 - [MESSAGE][PASSED] - Wait for page load successfully

2021-05-03 08:51:02 - [MESSAGE][PASSED] - Current window maximized

2021-05-03 08:51:04 - [MESSAGE][PASSED] - Keys 'elsylambert' sent to object: 'Object Repository/Page_tC Create/input__username'

2021-05-03 08:51:05 - [MESSAGE][PASSED] - Keys 'fatak43' sent to object: 'Object Repository/Page_tC Create/input__password'

2021-05-03 08:51:06 - [MESSAGE][PASSED] - Object: 'Object Repository/Page_tC Create/button_Login' is clicked on

2021-05-03 08:51:07 - [MESSAGE][PASSED] - Delayed 1 second(s)

2021-05-03 08:51:09 - [MESSAGE][PASSED] - Text of object 'Object Repository/Page_tC Create/tcc-version number' is: 'translationCore Create - v1.2.0 build 41-eb23e86'

2021-05-03 08:51:09 - [MESSAGE][INFO] - : The current version and build number is translationCore Create - v1.2.0 build 41-eb23e86

2021-05-03 08:51:09 - [MESSAGE][PASSED] - com.helper.login.loginhelper.logintoapp is PASSED

2021-05-03 08:51:09 - [TEST_STEP][PASSED] - com.tccreate.keywords.selectOrg.organization(""): com.tccreate.keywords.selectOrg.organization is PASSED

2021-05-03 08:51:10 - [MESSAGE][PASSED] - Object: 'Object Repository/Page_tC Create/listOption_organisation_Parmed' is clicked on

2021-05-03 08:51:12 - [MESSAGE][WARNING] - No alert found after 2 second(s).

2021-05-03 08:51:12 - [MESSAGE][PASSED] - com.tccreate.keywords.selectOrg.organization is PASSED

2021-05-03 08:51:12 - [TEST_STEP][PASSED] - com.tccreate.keywords.selectOrg.resource("unfoldingWordÂ® Translation Notes"): com.tccreate.keywords.selectOrg.resource is PASSED

2021-05-03 08:51:14 - [MESSAGE][PASSED] - Object: 'Object Repository/Page_tC Create/resource_Parmed' is clicked on

2021-05-03 08:51:14 - [MESSAGE][PASSED] - com.tccreate.keywords.selectOrg.resource is PASSED

2021-05-03 08:51:14 - [TEST_STEP][PASSED] - com.tccreate.keywords.selectOrg.language(""): com.tccreate.keywords.selectOrg.language is PASSED

2021-05-03 08:51:15 - [MESSAGE][PASSED] - Object: 'Object Repository/Page_tC Create/combo_Select Language' is clicked on

2021-05-03 08:51:17 - [MESSAGE][PASSED] - Object: 'Object Repository/Page_tC Create/listOption_Language_Parmed' is clicked on

2021-05-03 08:51:17 - [MESSAGE][PASSED] - com.tccreate.keywords.selectOrg.language is PASSED

2021-05-03 08:51:17 - [TEST_STEP][PASSED] - click(findTestObject("Page_tC Create/Add new resource objects/span_en_tn_57-TIT.tsv")): Object: 'Object Repository/Page_tC Create/Add new resource objects/span_en_tn_57-TIT.tsv' is clicked on

2021-05-03 08:51:19 - [MESSAGE][PASSED] - Object: 'Object Repository/Page_tC Create/Add new resource objects/span_en_tn_57-TIT.tsv' is clicked on

2021-05-03 08:51:19 - [TEST_STEP][PASSED] - buttonstate = com.tccreate.keywords.ExpandAllScriptureToggle.toggleAllScripture("test"): com.tccreate.keywords.ExpandAllScriptureToggle.toggleAllScripture is PASSED

2021-05-03 08:51:23 - [MESSAGE][INFO] - Unable to find the element located by 'By.xpath: //*[@type = 'button' and @data-test = 'drawer-menu-close-button']'. Please recheck the objects properties to make sure the desired element is located. 

2021-05-03 08:51:23 - [MESSAGE][WARNING] - Object 'Object Repository/Page_tC Create/button_DrawerClose' is not present after 2 second(s)

2021-05-03 08:51:24 - [MESSAGE][PASSED] - Object: 'Object Repository/Page_tC Create/Hamburger Menu Button' is clicked on

2021-05-03 08:51:25 - [MESSAGE][PASSED] - Delayed 1 second(s)

2021-05-03 08:51:26 - [MESSAGE][PASSED] - Object 'Object Repository/Page_tC Create/input_Expand all Scripture_default' is checked

2021-05-03 08:51:27 - [MESSAGE][PASSED] - Object: 'Object Repository/Page_tC Create/button_DrawerClose' is clicked on

2021-05-03 08:51:28 - [MESSAGE][PASSED] - Object 'Object Repository/Page_tC Create/Hamburger Menu Button' is visible

2021-05-03 08:51:28 - [MESSAGE][PASSED] - com.tccreate.keywords.ExpandAllScriptureToggle.toggleAllScripture is PASSED

2021-05-03 08:51:28 - [TEST_STEP][PASSED] - out.println(" the state of the button is" + buttonstate): null

2021-05-03 08:51:28 - [TEST_STEP][PASSED] - delay(1): Delayed 1 second(s)

2021-05-03 08:51:29 - [MESSAGE][PASSED] - Delayed 1 second(s)

2021-05-03 08:51:29 - [TEST_STEP][PASSED] - if (buttonstate == "off"): null

2021-05-03 08:51:29 - [TEST_STEP][PASSED] - else: Parallel scripture viewer is ON

2021-05-03 08:51:29 - [TEST_STEP][PASSED] - logInfo("Parallel scripture viewer is ON"): Parallel scripture viewer is ON

2021-05-03 08:51:29 - [MESSAGE][INFO] - Parallel scripture viewer is ON

2021-05-03 08:51:29 - [TEST_STEP][PASSED] - scrollToElement(findTestObject("Page_tC Create/Add new resource objects/h6_TIT 1intro"), 2, CONTINUE_ON_FAILURE): Scroll to object 'Object Repository/Page_tC Create/Add new resource objects/h6_TIT 1intro' successfully

2021-05-03 08:51:29 - [MESSAGE][PASSED] - Scroll to object 'Object Repository/Page_tC Create/Add new resource objects/h6_TIT 1intro' successfully

2021-05-03 08:51:29 - [TEST_STEP][PASSED] - click(findTestObject("Object Repository/tN objects/button_Titus 11_Expand chapter button")): Object: 'Object Repository/tN objects/button_Titus 11_Expand chapter button' is clicked on

2021-05-03 08:51:31 - [MESSAGE][PASSED] - Object: 'Object Repository/tN objects/button_Titus 11_Expand chapter button' is clicked on

2021-05-03 08:51:31 - [TEST_STEP][PASSED] - mouseOver(findTestObject("Object Repository/tN objects/td_12")): Object: 'Object Repository/tN objects/td_12' is hovered

2021-05-03 08:51:31 - [MESSAGE][PASSED] - Object: 'Object Repository/tN objects/td_12' is hovered

2021-05-03 08:51:31 - [TEST_STEP][PASSED] - click(findTestObject("Object Repository/tN objects/td_12")): Object: 'Object Repository/tN objects/td_12' is clicked on

2021-05-03 08:51:33 - [MESSAGE][PASSED] - Object: 'Object Repository/tN objects/td_12' is clicked on

2021-05-03 08:51:33 - [TEST_STEP][PASSED] - for (int i : (1..18)): Keys 'PAGE_DOWN + ' sent to object: 'tempBody'

2021-05-03 08:51:33 - [TEST_STEP][PASSED] - sendKeys(findTestObject(null), Keys.chord(PAGE_DOWN)): Keys 'PAGE_DOWN + ' sent to object: 'tempBody'

2021-05-03 08:51:33 - [MESSAGE][WARNING] - Test object id is null

2021-05-03 08:51:33 - [MESSAGE][WARNING] - Test object with id 'Object Repository/' does not exist

2021-05-03 08:51:34 - [MESSAGE][PASSED] - Keys 'PAGE_DOWN + ' sent to object: 'tempBody'

2021-05-03 08:51:34 - [TEST_STEP][PASSED] - sendKeys(findTestObject(null), Keys.chord(PAGE_DOWN)): Keys 'PAGE_DOWN + ' sent to object: 'tempBody'

2021-05-03 08:51:34 - [MESSAGE][WARNING] - Test object id is null

2021-05-03 08:51:34 - [MESSAGE][WARNING] - Test object with id 'Object Repository/' does not exist

2021-05-03 08:51:36 - [MESSAGE][PASSED] - Keys 'PAGE_DOWN + ' sent to object: 'tempBody'

2021-05-03 08:51:36 - [TEST_STEP][PASSED] - sendKeys(findTestObject(null), Keys.chord(PAGE_DOWN)): Keys 'PAGE_DOWN + ' sent to object: 'tempBody'

2021-05-03 08:51:36 - [MESSAGE][WARNING] - Test object id is null

2021-05-03 08:51:36 - [MESSAGE][WARNING] - Test object with id 'Object Repository/' does not exist

2021-05-03 08:51:37 - [MESSAGE][PASSED] - Keys 'PAGE_DOWN + ' sent to object: 'tempBody'

2021-05-03 08:51:37 - [TEST_STEP][PASSED] - sendKeys(findTestObject(null), Keys.chord(PAGE_DOWN)): Keys 'PAGE_DOWN + ' sent to object: 'tempBody'

2021-05-03 08:51:37 - [MESSAGE][WARNING] - Test object id is null

2021-05-03 08:51:37 - [MESSAGE][WARNING] - Test object with id 'Object Repository/' does not exist

2021-05-03 08:51:39 - [MESSAGE][PASSED] - Keys 'PAGE_DOWN + ' sent to object: 'tempBody'

2021-05-03 08:51:39 - [TEST_STEP][PASSED] - sendKeys(findTestObject(null), Keys.chord(PAGE_DOWN)): Keys 'PAGE_DOWN + ' sent to object: 'tempBody'

2021-05-03 08:51:39 - [MESSAGE][WARNING] - Test object id is null

2021-05-03 08:51:39 - [MESSAGE][WARNING] - Test object with id 'Object Repository/' does not exist

2021-05-03 08:51:41 - [MESSAGE][PASSED] - Keys 'PAGE_DOWN + ' sent to object: 'tempBody'

2021-05-03 08:51:41 - [TEST_STEP][PASSED] - sendKeys(findTestObject(null), Keys.chord(PAGE_DOWN)): Keys 'PAGE_DOWN + ' sent to object: 'tempBody'

2021-05-03 08:51:41 - [MESSAGE][WARNING] - Test object id is null

2021-05-03 08:51:41 - [MESSAGE][WARNING] - Test object with id 'Object Repository/' does not exist

2021-05-03 08:51:42 - [MESSAGE][PASSED] - Keys 'PAGE_DOWN + ' sent to object: 'tempBody'

2021-05-03 08:51:42 - [TEST_STEP][PASSED] - sendKeys(findTestObject(null), Keys.chord(PAGE_DOWN)): Keys 'PAGE_DOWN + ' sent to object: 'tempBody'

2021-05-03 08:51:42 - [MESSAGE][WARNING] - Test object id is null

2021-05-03 08:51:42 - [MESSAGE][WARNING] - Test object with id 'Object Repository/' does not exist

2021-05-03 08:51:44 - [MESSAGE][PASSED] - Keys 'PAGE_DOWN + ' sent to object: 'tempBody'

2021-05-03 08:51:44 - [TEST_STEP][PASSED] - sendKeys(findTestObject(null), Keys.chord(PAGE_DOWN)): Keys 'PAGE_DOWN + ' sent to object: 'tempBody'

2021-05-03 08:51:44 - [MESSAGE][WARNING] - Test object id is null

2021-05-03 08:51:44 - [MESSAGE][WARNING] - Test object with id 'Object Repository/' does not exist

2021-05-03 08:51:46 - [MESSAGE][PASSED] - Keys 'PAGE_DOWN + ' sent to object: 'tempBody'

2021-05-03 08:51:46 - [TEST_STEP][PASSED] - sendKeys(findTestObject(null), Keys.chord(PAGE_DOWN)): Keys 'PAGE_DOWN + ' sent to object: 'tempBody'

2021-05-03 08:51:46 - [MESSAGE][WARNING] - Test object id is null

2021-05-03 08:51:46 - [MESSAGE][WARNING] - Test object with id 'Object Repository/' does not exist

2021-05-03 08:51:48 - [MESSAGE][PASSED] - Keys 'PAGE_DOWN + ' sent to object: 'tempBody'

2021-05-03 08:51:48 - [TEST_STEP][PASSED] - sendKeys(findTestObject(null), Keys.chord(PAGE_DOWN)): Keys 'PAGE_DOWN + ' sent to object: 'tempBody'

2021-05-03 08:51:48 - [MESSAGE][WARNING] - Test object id is null

2021-05-03 08:51:48 - [MESSAGE][WARNING] - Test object with id 'Object Repository/' does not exist

2021-05-03 08:51:49 - [MESSAGE][PASSED] - Keys 'PAGE_DOWN + ' sent to object: 'tempBody'

2021-05-03 08:51:49 - [TEST_STEP][PASSED] - sendKeys(findTestObject(null), Keys.chord(PAGE_DOWN)): Keys 'PAGE_DOWN + ' sent to object: 'tempBody'

2021-05-03 08:51:49 - [MESSAGE][WARNING] - Test object id is null

2021-05-03 08:51:49 - [MESSAGE][WARNING] - Test object with id 'Object Repository/' does not exist

2021-05-03 08:51:51 - [MESSAGE][PASSED] - Keys 'PAGE_DOWN + ' sent to object: 'tempBody'

2021-05-03 08:51:51 - [TEST_STEP][PASSED] - sendKeys(findTestObject(null), Keys.chord(PAGE_DOWN)): Keys 'PAGE_DOWN + ' sent to object: 'tempBody'

2021-05-03 08:51:51 - [MESSAGE][WARNING] - Test object id is null

2021-05-03 08:51:51 - [MESSAGE][WARNING] - Test object with id 'Object Repository/' does not exist

2021-05-03 08:51:53 - [MESSAGE][PASSED] - Keys 'PAGE_DOWN + ' sent to object: 'tempBody'

2021-05-03 08:51:53 - [TEST_STEP][PASSED] - sendKeys(findTestObject(null), Keys.chord(PAGE_DOWN)): Keys 'PAGE_DOWN + ' sent to object: 'tempBody'

2021-05-03 08:51:53 - [MESSAGE][WARNING] - Test object id is null

2021-05-03 08:51:53 - [MESSAGE][WARNING] - Test object with id 'Object Repository/' does not exist

2021-05-03 08:51:54 - [MESSAGE][PASSED] - Keys 'PAGE_DOWN + ' sent to object: 'tempBody'

2021-05-03 08:51:54 - [TEST_STEP][PASSED] - sendKeys(findTestObject(null), Keys.chord(PAGE_DOWN)): Keys 'PAGE_DOWN + ' sent to object: 'tempBody'

2021-05-03 08:51:54 - [MESSAGE][WARNING] - Test object id is null

2021-05-03 08:51:54 - [MESSAGE][WARNING] - Test object with id 'Object Repository/' does not exist

2021-05-03 08:51:56 - [MESSAGE][PASSED] - Keys 'PAGE_DOWN + ' sent to object: 'tempBody'

2021-05-03 08:51:56 - [TEST_STEP][PASSED] - sendKeys(findTestObject(null), Keys.chord(PAGE_DOWN)): Keys 'PAGE_DOWN + ' sent to object: 'tempBody'

2021-05-03 08:51:56 - [MESSAGE][WARNING] - Test object id is null

2021-05-03 08:51:56 - [MESSAGE][WARNING] - Test object with id 'Object Repository/' does not exist

2021-05-03 08:51:57 - [MESSAGE][PASSED] - Keys 'PAGE_DOWN + ' sent to object: 'tempBody'

2021-05-03 08:51:57 - [TEST_STEP][PASSED] - sendKeys(findTestObject(null), Keys.chord(PAGE_DOWN)): Keys 'PAGE_DOWN + ' sent to object: 'tempBody'

2021-05-03 08:51:57 - [MESSAGE][WARNING] - Test object id is null

2021-05-03 08:51:57 - [MESSAGE][WARNING] - Test object with id 'Object Repository/' does not exist

2021-05-03 08:51:59 - [MESSAGE][PASSED] - Keys 'PAGE_DOWN + ' sent to object: 'tempBody'

2021-05-03 08:51:59 - [TEST_STEP][PASSED] - sendKeys(findTestObject(null), Keys.chord(PAGE_DOWN)): Keys 'PAGE_DOWN + ' sent to object: 'tempBody'

2021-05-03 08:51:59 - [MESSAGE][WARNING] - Test object id is null

2021-05-03 08:51:59 - [MESSAGE][WARNING] - Test object with id 'Object Repository/' does not exist

2021-05-03 08:52:01 - [MESSAGE][PASSED] - Keys 'PAGE_DOWN + ' sent to object: 'tempBody'

2021-05-03 08:52:01 - [TEST_STEP][PASSED] - sendKeys(findTestObject(null), Keys.chord(PAGE_DOWN)): Keys 'PAGE_DOWN + ' sent to object: 'tempBody'

2021-05-03 08:52:01 - [MESSAGE][WARNING] - Test object id is null

2021-05-03 08:52:01 - [MESSAGE][WARNING] - Test object with id 'Object Repository/' does not exist

2021-05-03 08:52:03 - [MESSAGE][PASSED] - Keys 'PAGE_DOWN + ' sent to object: 'tempBody'

2021-05-03 08:52:03 - [TEST_STEP][PASSED] - if (verifyElementVisible(findTestObject("Object Repository/tN objects/sup_315"))): null

2021-05-03 08:52:03 - [MESSAGE][PASSED] - Object 'Object Repository/tN objects/sup_315' is visible

2021-05-03 08:52:03 - [TEST_STEP][PASSED] - logInfo("Chapter is expanded successfully"): Chapter is expanded successfully

2021-05-03 08:52:03 - [MESSAGE][INFO] - Chapter is expanded successfully

2021-05-03 08:52:03 - [TEST_STEP][PASSED] - delay(3): Delayed 3 second(s)

2021-05-03 08:52:06 - [MESSAGE][PASSED] - Delayed 3 second(s)

2021-05-03 08:52:06 - [TEST_STEP][PASSED] - sendKeys(findTestObject(null), Keys.chord(PAGE_UP)): Keys 'PAGE_UP + ' sent to object: 'tempBody'

2021-05-03 08:52:06 - [MESSAGE][WARNING] - Test object id is null

2021-05-03 08:52:06 - [MESSAGE][WARNING] - Test object with id 'Object Repository/' does not exist

2021-05-03 08:52:07 - [MESSAGE][PASSED] - Keys 'PAGE_UP + ' sent to object: 'tempBody'

2021-05-03 08:52:07 - [TEST_STEP][PASSED] - click(findTestObject("Object Repository/tN objects/button_Titus 11_collapse-chapter")): Object: 'Object Repository/tN objects/button_Titus 11_collapse-chapter' is clicked on

2021-05-03 08:52:09 - [MESSAGE][PASSED] - Object: 'Object Repository/tN objects/button_Titus 11_collapse-chapter' is clicked on

2021-05-03 08:52:09 - [TEST_STEP][PASSED] - delay(2): Delayed 2 second(s)

2021-05-03 08:52:11 - [MESSAGE][PASSED] - Delayed 2 second(s)

2021-05-03 08:52:11 - [TEST_STEP][PASSED] - if (verifyElementNotPresent(findTestObject("Object Repository/tN objects/sup_315"), 2, CONTINUE_ON_FAILURE)): null

2021-05-03 08:52:11 - [MESSAGE][PASSED] - Web element with id: 'Object Repository/tN objects/sup_315' located by 'By.xpath: //tr[@id='3:15']/td[3]/div/sup' is not present after '2' second(s)

2021-05-03 08:52:11 - [TEST_STEP][PASSED] - logInfo("Chapter is collapsed successfully"): Chapter is collapsed successfully

2021-05-03 08:52:11 - [MESSAGE][INFO] - Chapter is collapsed successfully

2021-05-03 08:52:11 - [TEST_STEP][PASSED] - closeBrowser(): Browser is closed

2021-05-03 08:52:11 - [MESSAGE][PASSED] - Browser is closed]]></system-out>
         <system-err><![CDATA[]]></system-err>
      </testcase>
      <testcase name="Test Cases/tCC Test Cases/tN_Highlighting by Occurrence Number" time="184.981" classname="Test Cases/tCC Test Cases/tN_Highlighting by Occurrence Number" status="FAILED">
         <failure type="FAILED" message="Test Cases/tCC Test Cases/tN_Highlighting by Occurrence Number FAILED.
Reason:
com.kms.katalon.core.exception.StepFailedException: Unable to scroll to object 'Object Repository/tN objects/div_Titus 11' (Root cause: com.kms.katalon.core.exception.StepFailedException: Unable to scroll to object 'Object Repository/tN objects/div_Titus 11'
	at com.kms.katalon.core.webui.keyword.internal.WebUIKeywordMain.stepFailed(WebUIKeywordMain.groovy:64)
	at com.kms.katalon.core.webui.keyword.internal.WebUIKeywordMain.runKeyword(WebUIKeywordMain.groovy:26)
	at com.kms.katalon.core.webui.keyword.builtin.ScrollToElementKeyword.scrollToElement(ScrollToElementKeyword.groovy:88)
	at com.kms.katalon.core.webui.keyword.builtin.ScrollToElementKeyword.execute(ScrollToElementKeyword.groovy:68)
	at com.kms.katalon.core.keyword.internal.KeywordExecutor.executeKeywordForPlatform(KeywordExecutor.groovy:73)
	at com.kms.katalon.core.webui.keyword.WebUiBuiltInKeywords.scrollToElement(WebUiBuiltInKeywords.groovy:4002)
	at com.kms.katalon.core.webui.keyword.WebUiBuiltInKeywords$scrollToElement$16.call(Unknown Source)
	at tN_Highlighting by Occurrence Number.run(tN_Highlighting by Occurrence Number:55)
	at com.kms.katalon.core.main.ScriptEngine.run(ScriptEngine.java:194)
	at com.kms.katalon.core.main.ScriptEngine.runScriptAsRawText(ScriptEngine.java:119)
	at com.kms.katalon.core.main.TestCaseExecutor.runScript(TestCaseExecutor.java:398)
	at com.kms.katalon.core.main.TestCaseExecutor.doExecute(TestCaseExecutor.java:389)
	at com.kms.katalon.core.main.TestCaseExecutor.processExecutionPhase(TestCaseExecutor.java:368)
	at com.kms.katalon.core.main.TestCaseExecutor.accessMainPhase(TestCaseExecutor.java:360)
	at com.kms.katalon.core.main.TestCaseExecutor.execute(TestCaseExecutor.java:255)
	at com.kms.katalon.core.main.TestSuiteExecutor.accessTestCaseMainPhase(TestSuiteExecutor.java:203)
	at com.kms.katalon.core.main.TestSuiteExecutor.accessTestSuiteMainPhase(TestSuiteExecutor.java:152)
	at com.kms.katalon.core.main.TestSuiteExecutor.execute(TestSuiteExecutor.java:95)
	at com.kms.katalon.core.main.TestCaseMain.startTestSuite(TestCaseMain.java:157)
	at com.kms.katalon.core.main.TestCaseMain$startTestSuite$0.call(Unknown Source)
	at TempTestSuite1620046103825.run(TempTestSuite1620046103825.groovy:39)
Caused by: com.kms.katalon.core.webui.exception.WebElementNotFoundException: Web element with id: 'Object Repository/tN objects/div_Titus 11' located by '//div[@id='header-1-1-rtc9']/div/div/div' not found
	at com.kms.katalon.core.webui.common.WebUiCommonHelper.findWebElement(WebUiCommonHelper.java:1368)
	at com.kms.katalon.core.webui.keyword.internal.WebUIAbstractKeyword.findWebElement(WebUIAbstractKeyword.groovy:27)
	at com.kms.katalon.core.webui.keyword.internal.WebUIAbstractKeyword.findWebElement(WebUIAbstractKeyword.groovy:26)
	at com.kms.katalon.core.webui.keyword.builtin.ScrollToElementKeyword$_scrollToElement_closure1.doCall(ScrollToElementKeyword.groovy:79)
	at com.kms.katalon.core.webui.keyword.builtin.ScrollToElementKeyword$_scrollToElement_closure1.call(ScrollToElementKeyword.groovy)
	at com.kms.katalon.core.webui.keyword.internal.WebUIKeywordMain.runKeyword(WebUIKeywordMain.groovy:20)
	at com.kms.katalon.core.webui.keyword.builtin.ScrollToElementKeyword.scrollToElement(ScrollToElementKeyword.groovy:88)
	at com.kms.katalon.core.webui.keyword.builtin.ScrollToElementKeyword.execute(ScrollToElementKeyword.groovy:68)
	at com.kms.katalon.core.keyword.internal.KeywordExecutor.executeKeywordForPlatform(KeywordExecutor.groovy:73)
	at com.kms.katalon.core.webui.keyword.WebUiBuiltInKeywords.scrollToElement(WebUiBuiltInKeywords.groovy:4002)
	at com.kms.katalon.core.webui.keyword.WebUiBuiltInKeywords$scrollToElement$16.call(Unknown Source)
	at Script1607640140574.run(Script1607640140574.groovy:55)
	... 13 more
)
	at com.kms.katalon.core.keyword.internal.KeywordMain.stepFailed(KeywordMain.groovy:39)
	at com.kms.katalon.core.webui.keyword.internal.WebUIKeywordMain.stepFailed(WebUIKeywordMain.groovy:64)
	at com.kms.katalon.core.webui.keyword.internal.WebUIKeywordMain.runKeyword(WebUIKeywordMain.groovy:26)
	at com.kms.katalon.core.webui.keyword.builtin.ScrollToElementKeyword.scrollToElement(ScrollToElementKeyword.groovy:88)
	at com.kms.katalon.core.webui.keyword.builtin.ScrollToElementKeyword.execute(ScrollToElementKeyword.groovy:68)
	at com.kms.katalon.core.keyword.internal.KeywordExecutor.executeKeywordForPlatform(KeywordExecutor.groovy:73)
	at com.kms.katalon.core.webui.keyword.WebUiBuiltInKeywords.scrollToElement(WebUiBuiltInKeywords.groovy:4002)
	at com.kms.katalon.core.webui.keyword.WebUiBuiltInKeywords$scrollToElement$16.call(Unknown Source)
	at tN_Highlighting by Occurrence Number.run(tN_Highlighting by Occurrence Number:55)
	at com.kms.katalon.core.main.ScriptEngine.run(ScriptEngine.java:194)
	at com.kms.katalon.core.main.ScriptEngine.runScriptAsRawText(ScriptEngine.java:119)
	at com.kms.katalon.core.main.TestCaseExecutor.runScript(TestCaseExecutor.java:398)
	at com.kms.katalon.core.main.TestCaseExecutor.doExecute(TestCaseExecutor.java:389)
	at com.kms.katalon.core.main.TestCaseExecutor.processExecutionPhase(TestCaseExecutor.java:368)
	at com.kms.katalon.core.main.TestCaseExecutor.accessMainPhase(TestCaseExecutor.java:360)
	at com.kms.katalon.core.main.TestCaseExecutor.execute(TestCaseExecutor.java:255)
	at com.kms.katalon.core.main.TestSuiteExecutor.accessTestCaseMainPhase(TestSuiteExecutor.java:203)
	at com.kms.katalon.core.main.TestSuiteExecutor.accessTestSuiteMainPhase(TestSuiteExecutor.java:152)
	at com.kms.katalon.core.main.TestSuiteExecutor.execute(TestSuiteExecutor.java:95)
	at com.kms.katalon.core.main.TestCaseMain.startTestSuite(TestCaseMain.java:157)
	at com.kms.katalon.core.main.TestCaseMain$startTestSuite$0.call(Unknown Source)
	at TempTestSuite1620046103825.run(TempTestSuite1620046103825.groovy:39)
Caused by: com.kms.katalon.core.exception.StepFailedException: Unable to scroll to object 'Object Repository/tN objects/div_Titus 11'
	... 21 more
Caused by: com.kms.katalon.core.webui.exception.WebElementNotFoundException: Web element with id: 'Object Repository/tN objects/div_Titus 11' located by '//div[@id='header-1-1-rtc9']/div/div/div' not found
	at com.kms.katalon.core.webui.common.WebUiCommonHelper.findWebElement(WebUiCommonHelper.java:1368)
	at com.kms.katalon.core.webui.keyword.internal.WebUIAbstractKeyword.findWebElement(WebUIAbstractKeyword.groovy:27)
	at com.kms.katalon.core.webui.keyword.internal.WebUIAbstractKeyword.findWebElement(WebUIAbstractKeyword.groovy:26)
	at com.kms.katalon.core.webui.keyword.builtin.ScrollToElementKeyword$_scrollToElement_closure1.doCall(ScrollToElementKeyword.groovy:79)
	at com.kms.katalon.core.webui.keyword.builtin.ScrollToElementKeyword$_scrollToElement_closure1.call(ScrollToElementKeyword.groovy)
	at com.kms.katalon.core.webui.keyword.internal.WebUIKeywordMain.runKeyword(WebUIKeywordMain.groovy:20)
	... 19 more
"/>
         <system-out><![CDATA[2021-05-03 08:52:11 - [TEST_CASE][FAILED] - Test Cases/tCC Test Cases/tN_Highlighting by Occurrence Number: Test Cases/tCC Test Cases/tN_Highlighting by Occurrence Number FAILED.
Reason:
com.kms.katalon.core.exception.StepFailedException: Unable to scroll to object 'Object Repository/tN objects/div_Titus 11' (Root cause: com.kms.katalon.core.exception.StepFailedException: Unable to scroll to object 'Object Repository/tN objects/div_Titus 11'
	at com.kms.katalon.core.webui.keyword.internal.WebUIKeywordMain.stepFailed(WebUIKeywordMain.groovy:64)
	at com.kms.katalon.core.webui.keyword.internal.WebUIKeywordMain.runKeyword(WebUIKeywordMain.groovy:26)
	at com.kms.katalon.core.webui.keyword.builtin.ScrollToElementKeyword.scrollToElement(ScrollToElementKeyword.groovy:88)
	at com.kms.katalon.core.webui.keyword.builtin.ScrollToElementKeyword.execute(ScrollToElementKeyword.groovy:68)
	at com.kms.katalon.core.keyword.internal.KeywordExecutor.executeKeywordForPlatform(KeywordExecutor.groovy:73)
	at com.kms.katalon.core.webui.keyword.WebUiBuiltInKeywords.scrollToElement(WebUiBuiltInKeywords.groovy:4002)
	at com.kms.katalon.core.webui.keyword.WebUiBuiltInKeywords$scrollToElement$16.call(Unknown Source)
	at tN_Highlighting by Occurrence Number.run(tN_Highlighting by Occurrence Number:55)
	at com.kms.katalon.core.main.ScriptEngine.run(ScriptEngine.java:194)
	at com.kms.katalon.core.main.ScriptEngine.runScriptAsRawText(ScriptEngine.java:119)
	at com.kms.katalon.core.main.TestCaseExecutor.runScript(TestCaseExecutor.java:398)
	at com.kms.katalon.core.main.TestCaseExecutor.doExecute(TestCaseExecutor.java:389)
	at com.kms.katalon.core.main.TestCaseExecutor.processExecutionPhase(TestCaseExecutor.java:368)
	at com.kms.katalon.core.main.TestCaseExecutor.accessMainPhase(TestCaseExecutor.java:360)
	at com.kms.katalon.core.main.TestCaseExecutor.execute(TestCaseExecutor.java:255)
	at com.kms.katalon.core.main.TestSuiteExecutor.accessTestCaseMainPhase(TestSuiteExecutor.java:203)
	at com.kms.katalon.core.main.TestSuiteExecutor.accessTestSuiteMainPhase(TestSuiteExecutor.java:152)
	at com.kms.katalon.core.main.TestSuiteExecutor.execute(TestSuiteExecutor.java:95)
	at com.kms.katalon.core.main.TestCaseMain.startTestSuite(TestCaseMain.java:157)
	at com.kms.katalon.core.main.TestCaseMain$startTestSuite$0.call(Unknown Source)
	at TempTestSuite1620046103825.run(TempTestSuite1620046103825.groovy:39)
Caused by: com.kms.katalon.core.webui.exception.WebElementNotFoundException: Web element with id: 'Object Repository/tN objects/div_Titus 11' located by '//div[@id='header-1-1-rtc9']/div/div/div' not found
	at com.kms.katalon.core.webui.common.WebUiCommonHelper.findWebElement(WebUiCommonHelper.java:1368)
	at com.kms.katalon.core.webui.keyword.internal.WebUIAbstractKeyword.findWebElement(WebUIAbstractKeyword.groovy:27)
	at com.kms.katalon.core.webui.keyword.internal.WebUIAbstractKeyword.findWebElement(WebUIAbstractKeyword.groovy:26)
	at com.kms.katalon.core.webui.keyword.builtin.ScrollToElementKeyword$_scrollToElement_closure1.doCall(ScrollToElementKeyword.groovy:79)
	at com.kms.katalon.core.webui.keyword.builtin.ScrollToElementKeyword$_scrollToElement_closure1.call(ScrollToElementKeyword.groovy)
	at com.kms.katalon.core.webui.keyword.internal.WebUIKeywordMain.runKeyword(WebUIKeywordMain.groovy:20)
	at com.kms.katalon.core.webui.keyword.builtin.ScrollToElementKeyword.scrollToElement(ScrollToElementKeyword.groovy:88)
	at com.kms.katalon.core.webui.keyword.builtin.ScrollToElementKeyword.execute(ScrollToElementKeyword.groovy:68)
	at com.kms.katalon.core.keyword.internal.KeywordExecutor.executeKeywordForPlatform(KeywordExecutor.groovy:73)
	at com.kms.katalon.core.webui.keyword.WebUiBuiltInKeywords.scrollToElement(WebUiBuiltInKeywords.groovy:4002)
	at com.kms.katalon.core.webui.keyword.WebUiBuiltInKeywords$scrollToElement$16.call(Unknown Source)
	at Script1607640140574.run(Script1607640140574.groovy:55)
	... 13 more
)
	at com.kms.katalon.core.keyword.internal.KeywordMain.stepFailed(KeywordMain.groovy:39)
	at com.kms.katalon.core.webui.keyword.internal.WebUIKeywordMain.stepFailed(WebUIKeywordMain.groovy:64)
	at com.kms.katalon.core.webui.keyword.internal.WebUIKeywordMain.runKeyword(WebUIKeywordMain.groovy:26)
	at com.kms.katalon.core.webui.keyword.builtin.ScrollToElementKeyword.scrollToElement(ScrollToElementKeyword.groovy:88)
	at com.kms.katalon.core.webui.keyword.builtin.ScrollToElementKeyword.execute(ScrollToElementKeyword.groovy:68)
	at com.kms.katalon.core.keyword.internal.KeywordExecutor.executeKeywordForPlatform(KeywordExecutor.groovy:73)
	at com.kms.katalon.core.webui.keyword.WebUiBuiltInKeywords.scrollToElement(WebUiBuiltInKeywords.groovy:4002)
	at com.kms.katalon.core.webui.keyword.WebUiBuiltInKeywords$scrollToElement$16.call(Unknown Source)
	at tN_Highlighting by Occurrence Number.run(tN_Highlighting by Occurrence Number:55)
	at com.kms.katalon.core.main.ScriptEngine.run(ScriptEngine.java:194)
	at com.kms.katalon.core.main.ScriptEngine.runScriptAsRawText(ScriptEngine.java:119)
	at com.kms.katalon.core.main.TestCaseExecutor.runScript(TestCaseExecutor.java:398)
	at com.kms.katalon.core.main.TestCaseExecutor.doExecute(TestCaseExecutor.java:389)
	at com.kms.katalon.core.main.TestCaseExecutor.processExecutionPhase(TestCaseExecutor.java:368)
	at com.kms.katalon.core.main.TestCaseExecutor.accessMainPhase(TestCaseExecutor.java:360)
	at com.kms.katalon.core.main.TestCaseExecutor.execute(TestCaseExecutor.java:255)
	at com.kms.katalon.core.main.TestSuiteExecutor.accessTestCaseMainPhase(TestSuiteExecutor.java:203)
	at com.kms.katalon.core.main.TestSuiteExecutor.accessTestSuiteMainPhase(TestSuiteExecutor.java:152)
	at com.kms.katalon.core.main.TestSuiteExecutor.execute(TestSuiteExecutor.java:95)
	at com.kms.katalon.core.main.TestCaseMain.startTestSuite(TestCaseMain.java:157)
	at com.kms.katalon.core.main.TestCaseMain$startTestSuite$0.call(Unknown Source)
	at TempTestSuite1620046103825.run(TempTestSuite1620046103825.groovy:39)
Caused by: com.kms.katalon.core.exception.StepFailedException: Unable to scroll to object 'Object Repository/tN objects/div_Titus 11'
	... 21 more
Caused by: com.kms.katalon.core.webui.exception.WebElementNotFoundException: Web element with id: 'Object Repository/tN objects/div_Titus 11' located by '//div[@id='header-1-1-rtc9']/div/div/div' not found
	at com.kms.katalon.core.webui.common.WebUiCommonHelper.findWebElement(WebUiCommonHelper.java:1368)
	at com.kms.katalon.core.webui.keyword.internal.WebUIAbstractKeyword.findWebElement(WebUIAbstractKeyword.groovy:27)
	at com.kms.katalon.core.webui.keyword.internal.WebUIAbstractKeyword.findWebElement(WebUIAbstractKeyword.groovy:26)
	at com.kms.katalon.core.webui.keyword.builtin.ScrollToElementKeyword$_scrollToElement_closure1.doCall(ScrollToElementKeyword.groovy:79)
	at com.kms.katalon.core.webui.keyword.builtin.ScrollToElementKeyword$_scrollToElement_closure1.call(ScrollToElementKeyword.groovy)
	at com.kms.katalon.core.webui.keyword.internal.WebUIKeywordMain.runKeyword(WebUIKeywordMain.groovy:20)
	... 19 more


2021-05-03 08:52:11 - [TEST_STEP][PASSED] - com.tccreate.keywords.WriteToFile.writeTofilename("tN-Highlighting by occurrence number"): com.tccreate.keywords.WriteToFile.writeTofilename is PASSED

2021-05-03 08:52:11 - [MESSAGE][PASSED] - com.tccreate.keywords.WriteToFile.writeTofilename is PASSED

2021-05-03 08:52:11 - [TEST_STEP][PASSED] - com.helper.login.TimeDate.getTimeDate(): com.helper.login.TimeDate.getTimeDate is PASSED

2021-05-03 08:52:11 - [MESSAGE][INFO] - Time at which the test run:2021-05-03 08:52:11.794

2021-05-03 08:52:11 - [MESSAGE][PASSED] - com.helper.login.TimeDate.getTimeDate is PASSED

2021-05-03 08:52:11 - [TEST_STEP][PASSED] - com.helper.login.loginhelper.logintoapp(): com.helper.login.loginhelper.logintoapp is PASSED

2021-05-03 08:52:11 - [MESSAGE][INFO] - Starting 'Chrome' driver

2021-05-03 08:52:11 - [MESSAGE][INFO] - Action delay is set to 1,000 milliseconds

2021-05-03 08:52:12 - [MESSAGE][WARNING] - FFmpeg was not installed! Browser Recording will be disabled. Please follow this document to install FFmpeg first: https://docs.katalon.com/katalon-studio/docs/screenshots-videos.html#browser-based-recorder

2021-05-03 08:52:15 - [MESSAGE][PASSED] - Browser is opened with url: 'https://develop--tc-create-app.netlify.app/'

2021-05-03 08:52:15 - [MESSAGE][PASSED] - Wait for page load successfully

2021-05-03 08:52:15 - [MESSAGE][PASSED] - Current window maximized

2021-05-03 08:52:16 - [MESSAGE][PASSED] - Keys 'elsylambert' sent to object: 'Object Repository/Page_tC Create/input__username'

2021-05-03 08:52:18 - [MESSAGE][PASSED] - Keys 'fatak43' sent to object: 'Object Repository/Page_tC Create/input__password'

2021-05-03 08:52:19 - [MESSAGE][PASSED] - Object: 'Object Repository/Page_tC Create/button_Login' is clicked on

2021-05-03 08:52:20 - [MESSAGE][PASSED] - Delayed 1 second(s)

2021-05-03 08:52:22 - [MESSAGE][PASSED] - Text of object 'Object Repository/Page_tC Create/tcc-version number' is: 'translationCore Create - v1.2.0 build 41-eb23e86'

2021-05-03 08:52:22 - [MESSAGE][INFO] - : The current version and build number is translationCore Create - v1.2.0 build 41-eb23e86

2021-05-03 08:52:22 - [MESSAGE][PASSED] - com.helper.login.loginhelper.logintoapp is PASSED

2021-05-03 08:52:22 - [TEST_STEP][PASSED] - com.tccreate.keywords.selectOrg.organization(""): com.tccreate.keywords.selectOrg.organization is PASSED

2021-05-03 08:52:24 - [MESSAGE][PASSED] - Object: 'Object Repository/Page_tC Create/listOption_organisation_Parmed' is clicked on

2021-05-03 08:52:26 - [MESSAGE][WARNING] - No alert found after 2 second(s).

2021-05-03 08:52:26 - [MESSAGE][PASSED] - com.tccreate.keywords.selectOrg.organization is PASSED

2021-05-03 08:52:26 - [TEST_STEP][PASSED] - com.tccreate.keywords.selectOrg.resource("unfoldingWordÂ® Translation Notes"): com.tccreate.keywords.selectOrg.resource is PASSED

2021-05-03 08:52:27 - [MESSAGE][PASSED] - Object: 'Object Repository/Page_tC Create/resource_Parmed' is clicked on

2021-05-03 08:52:27 - [MESSAGE][PASSED] - com.tccreate.keywords.selectOrg.resource is PASSED

2021-05-03 08:52:27 - [TEST_STEP][PASSED] - com.tccreate.keywords.selectOrg.language(""): com.tccreate.keywords.selectOrg.language is PASSED

2021-05-03 08:52:29 - [MESSAGE][PASSED] - Object: 'Object Repository/Page_tC Create/combo_Select Language' is clicked on

2021-05-03 08:52:30 - [MESSAGE][PASSED] - Object: 'Object Repository/Page_tC Create/listOption_Language_Parmed' is clicked on

2021-05-03 08:52:30 - [MESSAGE][PASSED] - com.tccreate.keywords.selectOrg.language is PASSED

2021-05-03 08:52:30 - [TEST_STEP][PASSED] - click(findTestObject("Object Repository/Page_tC Create/span_en_tn_57-TIT.tsv")): Object: 'Object Repository/Page_tC Create/span_en_tn_57-TIT.tsv' is clicked on

2021-05-03 08:52:32 - [MESSAGE][PASSED] - Object: 'Object Repository/Page_tC Create/span_en_tn_57-TIT.tsv' is clicked on

2021-05-03 08:52:32 - [TEST_STEP][PASSED] - click(findTestObject("Object Repository/tN objects/button_view columns")): Object: 'Object Repository/tN objects/button_view columns' is clicked on

2021-05-03 08:52:38 - [MESSAGE][PASSED] - Object: 'Object Repository/tN objects/button_view columns' is clicked on

2021-05-03 08:52:38 - [TEST_STEP][PASSED] - click(findTestObject("tN objects/input_OrigQuote_checkbox")): Object: 'Object Repository/tN objects/input_OrigQuote_checkbox' is clicked on

2021-05-03 08:52:40 - [MESSAGE][PASSED] - Object: 'Object Repository/tN objects/input_OrigQuote_checkbox' is clicked on

2021-05-03 08:52:40 - [TEST_STEP][PASSED] - click(findTestObject("Object Repository/tN objects/input_SupportReference")): Object: 'Object Repository/tN objects/input_SupportReference' is clicked on

2021-05-03 08:52:41 - [MESSAGE][PASSED] - Object: 'Object Repository/tN objects/input_SupportReference' is clicked on

2021-05-03 08:52:41 - [TEST_STEP][PASSED] - click(findTestObject("tN objects/button__Close-Columns")): Object: 'Object Repository/tN objects/button__Close-Columns' is clicked on

2021-05-03 08:52:43 - [MESSAGE][PASSED] - Object: 'Object Repository/tN objects/button__Close-Columns' is clicked on

2021-05-03 08:52:43 - [TEST_STEP][PASSED] - buttonstate = com.tccreate.keywords.ExpandAllScriptureToggle.toggleAllScripture("test"): com.tccreate.keywords.ExpandAllScriptureToggle.toggleAllScripture is PASSED

2021-05-03 08:52:46 - [MESSAGE][INFO] - Unable to find the element located by 'By.xpath: //*[@type = 'button' and @data-test = 'drawer-menu-close-button']'. Please recheck the objects properties to make sure the desired element is located. 

2021-05-03 08:52:46 - [MESSAGE][WARNING] - Object 'Object Repository/Page_tC Create/button_DrawerClose' is not present after 2 second(s)

2021-05-03 08:52:47 - [MESSAGE][PASSED] - Object: 'Object Repository/Page_tC Create/Hamburger Menu Button' is clicked on

2021-05-03 08:52:48 - [MESSAGE][PASSED] - Delayed 1 second(s)

2021-05-03 08:52:48 - [MESSAGE][PASSED] - Object 'Object Repository/Page_tC Create/input_Expand all Scripture_default' is checked

2021-05-03 08:52:50 - [MESSAGE][PASSED] - Object: 'Object Repository/Page_tC Create/button_DrawerClose' is clicked on

2021-05-03 08:52:50 - [MESSAGE][PASSED] - Object 'Object Repository/Page_tC Create/Hamburger Menu Button' is visible

2021-05-03 08:52:50 - [MESSAGE][PASSED] - com.tccreate.keywords.ExpandAllScriptureToggle.toggleAllScripture is PASSED

2021-05-03 08:52:50 - [TEST_STEP][PASSED] - out.println(" the state of the button is" + buttonstate): null

2021-05-03 08:52:50 - [TEST_STEP][PASSED] - delay(1): Delayed 1 second(s)

2021-05-03 08:52:51 - [MESSAGE][PASSED] - Delayed 1 second(s)

2021-05-03 08:52:51 - [TEST_STEP][PASSED] - if (buttonstate == "off"): null

2021-05-03 08:52:51 - [TEST_STEP][PASSED] - else: Parallel scripture viewer is ON

2021-05-03 08:52:51 - [TEST_STEP][PASSED] - logInfo("Parallel scripture viewer is ON"): Parallel scripture viewer is ON

2021-05-03 08:52:51 - [MESSAGE][INFO] - Parallel scripture viewer is ON

2021-05-03 08:52:51 - [TEST_STEP][FAILED] - scrollToElement(findTestObject("Object Repository/tN objects/div_Titus 11"), 2): Unable to scroll to object 'Object Repository/tN objects/div_Titus 11' (Root cause: com.kms.katalon.core.exception.StepFailedException: Unable to scroll to object 'Object Repository/tN objects/div_Titus 11'
	at com.kms.katalon.core.webui.keyword.internal.WebUIKeywordMain.stepFailed(WebUIKeywordMain.groovy:64)
	at com.kms.katalon.core.webui.keyword.internal.WebUIKeywordMain.runKeyword(WebUIKeywordMain.groovy:26)
	at com.kms.katalon.core.webui.keyword.builtin.ScrollToElementKeyword.scrollToElement(ScrollToElementKeyword.groovy:88)
	at com.kms.katalon.core.webui.keyword.builtin.ScrollToElementKeyword.execute(ScrollToElementKeyword.groovy:68)
	at com.kms.katalon.core.keyword.internal.KeywordExecutor.executeKeywordForPlatform(KeywordExecutor.groovy:73)
	at com.kms.katalon.core.webui.keyword.WebUiBuiltInKeywords.scrollToElement(WebUiBuiltInKeywords.groovy:4002)
	at com.kms.katalon.core.webui.keyword.WebUiBuiltInKeywords$scrollToElement$16.call(Unknown Source)
	at tN_Highlighting by Occurrence Number.run(tN_Highlighting by Occurrence Number:55)
	at com.kms.katalon.core.main.ScriptEngine.run(ScriptEngine.java:194)
	at com.kms.katalon.core.main.ScriptEngine.runScriptAsRawText(ScriptEngine.java:119)
	at com.kms.katalon.core.main.TestCaseExecutor.runScript(TestCaseExecutor.java:398)
	at com.kms.katalon.core.main.TestCaseExecutor.doExecute(TestCaseExecutor.java:389)
	at com.kms.katalon.core.main.TestCaseExecutor.processExecutionPhase(TestCaseExecutor.java:368)
	at com.kms.katalon.core.main.TestCaseExecutor.accessMainPhase(TestCaseExecutor.java:360)
	at com.kms.katalon.core.main.TestCaseExecutor.execute(TestCaseExecutor.java:255)
	at com.kms.katalon.core.main.TestSuiteExecutor.accessTestCaseMainPhase(TestSuiteExecutor.java:203)
	at com.kms.katalon.core.main.TestSuiteExecutor.accessTestSuiteMainPhase(TestSuiteExecutor.java:152)
	at com.kms.katalon.core.main.TestSuiteExecutor.execute(TestSuiteExecutor.java:95)
	at com.kms.katalon.core.main.TestCaseMain.startTestSuite(TestCaseMain.java:157)
	at com.kms.katalon.core.main.TestCaseMain$startTestSuite$0.call(Unknown Source)
	at TempTestSuite1620046103825.run(TempTestSuite1620046103825.groovy:39)
Caused by: com.kms.katalon.core.webui.exception.WebElementNotFoundException: Web element with id: 'Object Repository/tN objects/div_Titus 11' located by '//div[@id='header-1-1-rtc9']/div/div/div' not found
	at com.kms.katalon.core.webui.common.WebUiCommonHelper.findWebElement(WebUiCommonHelper.java:1368)
	at com.kms.katalon.core.webui.keyword.internal.WebUIAbstractKeyword.findWebElement(WebUIAbstractKeyword.groovy:27)
	at com.kms.katalon.core.webui.keyword.internal.WebUIAbstractKeyword.findWebElement(WebUIAbstractKeyword.groovy:26)
	at com.kms.katalon.core.webui.keyword.builtin.ScrollToElementKeyword$_scrollToElement_closure1.doCall(ScrollToElementKeyword.groovy:79)
	at com.kms.katalon.core.webui.keyword.builtin.ScrollToElementKeyword$_scrollToElement_closure1.call(ScrollToElementKeyword.groovy)
	at com.kms.katalon.core.webui.keyword.internal.WebUIKeywordMain.runKeyword(WebUIKeywordMain.groovy:20)
	at com.kms.katalon.core.webui.keyword.builtin.ScrollToElementKeyword.scrollToElement(ScrollToElementKeyword.groovy:88)
	at com.kms.katalon.core.webui.keyword.builtin.ScrollToElementKeyword.execute(ScrollToElementKeyword.groovy:68)
	at com.kms.katalon.core.keyword.internal.KeywordExecutor.executeKeywordForPlatform(KeywordExecutor.groovy:73)
	at com.kms.katalon.core.webui.keyword.WebUiBuiltInKeywords.scrollToElement(WebUiBuiltInKeywords.groovy:4002)
	at com.kms.katalon.core.webui.keyword.WebUiBuiltInKeywords$scrollToElement$16.call(Unknown Source)
	at Script1607640140574.run(Script1607640140574.groovy:55)
	... 13 more
)

2021-05-03 08:53:23 - [MESSAGE][INFO] - Unable to find the element located by 'By.xpath: //div[@id='header-1-1-rtc9']/div/div/div'. Please recheck the objects properties to make sure the desired element is located. 

2021-05-03 08:53:23 - [MESSAGE][FAILED] - Unable to scroll to object 'Object Repository/tN objects/div_Titus 11' (Root cause: com.kms.katalon.core.exception.StepFailedException: Unable to scroll to object 'Object Repository/tN objects/div_Titus 11'
	at com.kms.katalon.core.webui.keyword.internal.WebUIKeywordMain.stepFailed(WebUIKeywordMain.groovy:64)
	at com.kms.katalon.core.webui.keyword.internal.WebUIKeywordMain.runKeyword(WebUIKeywordMain.groovy:26)
	at com.kms.katalon.core.webui.keyword.builtin.ScrollToElementKeyword.scrollToElement(ScrollToElementKeyword.groovy:88)
	at com.kms.katalon.core.webui.keyword.builtin.ScrollToElementKeyword.execute(ScrollToElementKeyword.groovy:68)
	at com.kms.katalon.core.keyword.internal.KeywordExecutor.executeKeywordForPlatform(KeywordExecutor.groovy:73)
	at com.kms.katalon.core.webui.keyword.WebUiBuiltInKeywords.scrollToElement(WebUiBuiltInKeywords.groovy:4002)
	at com.kms.katalon.core.webui.keyword.WebUiBuiltInKeywords$scrollToElement$16.call(Unknown Source)
	at tN_Highlighting by Occurrence Number.run(tN_Highlighting by Occurrence Number:55)
	at com.kms.katalon.core.main.ScriptEngine.run(ScriptEngine.java:194)
	at com.kms.katalon.core.main.ScriptEngine.runScriptAsRawText(ScriptEngine.java:119)
	at com.kms.katalon.core.main.TestCaseExecutor.runScript(TestCaseExecutor.java:398)
	at com.kms.katalon.core.main.TestCaseExecutor.doExecute(TestCaseExecutor.java:389)
	at com.kms.katalon.core.main.TestCaseExecutor.processExecutionPhase(TestCaseExecutor.java:368)
	at com.kms.katalon.core.main.TestCaseExecutor.accessMainPhase(TestCaseExecutor.java:360)
	at com.kms.katalon.core.main.TestCaseExecutor.execute(TestCaseExecutor.java:255)
	at com.kms.katalon.core.main.TestSuiteExecutor.accessTestCaseMainPhase(TestSuiteExecutor.java:203)
	at com.kms.katalon.core.main.TestSuiteExecutor.accessTestSuiteMainPhase(TestSuiteExecutor.java:152)
	at com.kms.katalon.core.main.TestSuiteExecutor.execute(TestSuiteExecutor.java:95)
	at com.kms.katalon.core.main.TestCaseMain.startTestSuite(TestCaseMain.java:157)
	at com.kms.katalon.core.main.TestCaseMain$startTestSuite$0.call(Unknown Source)
	at TempTestSuite1620046103825.run(TempTestSuite1620046103825.groovy:39)
Caused by: com.kms.katalon.core.webui.exception.WebElementNotFoundException: Web element with id: 'Object Repository/tN objects/div_Titus 11' located by '//div[@id='header-1-1-rtc9']/div/div/div' not found
	at com.kms.katalon.core.webui.common.WebUiCommonHelper.findWebElement(WebUiCommonHelper.java:1368)
	at com.kms.katalon.core.webui.keyword.internal.WebUIAbstractKeyword.findWebElement(WebUIAbstractKeyword.groovy:27)
	at com.kms.katalon.core.webui.keyword.internal.WebUIAbstractKeyword.findWebElement(WebUIAbstractKeyword.groovy:26)
	at com.kms.katalon.core.webui.keyword.builtin.ScrollToElementKeyword$_scrollToElement_closure1.doCall(ScrollToElementKeyword.groovy:79)
	at com.kms.katalon.core.webui.keyword.builtin.ScrollToElementKeyword$_scrollToElement_closure1.call(ScrollToElementKeyword.groovy)
	at com.kms.katalon.core.webui.keyword.internal.WebUIKeywordMain.runKeyword(WebUIKeywordMain.groovy:20)
	at com.kms.katalon.core.webui.keyword.builtin.ScrollToElementKeyword.scrollToElement(ScrollToElementKeyword.groovy:88)
	at com.kms.katalon.core.webui.keyword.builtin.ScrollToElementKeyword.execute(ScrollToElementKeyword.groovy:68)
	at com.kms.katalon.core.keyword.internal.KeywordExecutor.executeKeywordForPlatform(KeywordExecutor.groovy:73)
	at com.kms.katalon.core.webui.keyword.WebUiBuiltInKeywords.scrollToElement(WebUiBuiltInKeywords.groovy:4002)
	at com.kms.katalon.core.webui.keyword.WebUiBuiltInKeywords$scrollToElement$16.call(Unknown Source)
	at Script1607640140574.run(Script1607640140574.groovy:55)
	... 13 more
)
[[ATTACHMENT|/Users/elsylitsonlambert/git/tcCreateQA/Reports/20210503_084823/Test Suite1- Regression/20210503_084823/1620046403044.png]]

2021-05-03 08:53:23 - [TEST_STEP][FAILED] - click(findTestObject("Object Repository/tN objects/button_Titus 11_add a new row")): Unable to click on object 'Object Repository/tN objects/button_Titus 11_add a new row' (Root cause: com.kms.katalon.core.exception.StepFailedException: Unable to click on object 'Object Repository/tN objects/button_Titus 11_add a new row'
	at com.kms.katalon.core.webui.keyword.internal.WebUIKeywordMain.stepFailed(WebUIKeywordMain.groovy:64)
	at com.kms.katalon.core.webui.keyword.internal.WebUIKeywordMain.runKeyword(WebUIKeywordMain.groovy:26)
	at com.kms.katalon.core.webui.keyword.builtin.ClickKeyword.click(ClickKeyword.groovy:75)
	at com.kms.katalon.core.webui.keyword.builtin.ClickKeyword.execute(ClickKeyword.groovy:42)
	at com.kms.katalon.core.keyword.internal.KeywordExecutor.executeKeywordForPlatform(KeywordExecutor.groovy:73)
	at com.kms.katalon.core.webui.keyword.WebUiBuiltInKeywords.click(WebUiBuiltInKeywords.groovy:619)
	at com.kms.katalon.core.webui.keyword.WebUiBuiltInKeywords$click$3.call(Unknown Source)
	at tN_Highlighting by Occurrence Number.run(tN_Highlighting by Occurrence Number:57)
	at com.kms.katalon.core.main.ScriptEngine.run(ScriptEngine.java:194)
	at com.kms.katalon.core.main.ScriptEngine.runScriptAsRawText(ScriptEngine.java:119)
	at com.kms.katalon.core.main.TestCaseExecutor.runScript(TestCaseExecutor.java:398)
	at com.kms.katalon.core.main.TestCaseExecutor.doExecute(TestCaseExecutor.java:389)
	at com.kms.katalon.core.main.TestCaseExecutor.processExecutionPhase(TestCaseExecutor.java:368)
	at com.kms.katalon.core.main.TestCaseExecutor.accessMainPhase(TestCaseExecutor.java:360)
	at com.kms.katalon.core.main.TestCaseExecutor.execute(TestCaseExecutor.java:255)
	at com.kms.katalon.core.main.TestSuiteExecutor.accessTestCaseMainPhase(TestSuiteExecutor.java:203)
	at com.kms.katalon.core.main.TestSuiteExecutor.accessTestSuiteMainPhase(TestSuiteExecutor.java:152)
	at com.kms.katalon.core.main.TestSuiteExecutor.execute(TestSuiteExecutor.java:95)
	at com.kms.katalon.core.main.TestCaseMain.startTestSuite(TestCaseMain.java:157)
	at com.kms.katalon.core.main.TestCaseMain$startTestSuite$0.call(Unknown Source)
	at TempTestSuite1620046103825.run(TempTestSuite1620046103825.groovy:39)
Caused by: org.openqa.selenium.ElementClickInterceptedException: element click intercepted: Element <button class="MuiButtonBase-root-482 MuiIconButton-root-474 jss501" tabindex="0" type="button" title="Add a Row">...</button> is not clickable at point (1652, 952). Other element would receive the click: <p class="MuiTypography-root-114 MuiTablePagination-caption-278 MuiTypography-body2-115 MuiTypography-colorInherit-136">...</p>
  (Session info: chrome=90.0.4430.93)
Build info: version: '3.141.59', revision: 'e82be7d358', time: '2018-11-14T08:25:53'
System info: host: 'ELSYs-MBP.phub.net.cable.rogers.com', ip: '2607:fea8:2cc1:800:0:0:0:3c2a%en0', os.name: 'Mac OS X', os.arch: 'x86_64', os.version: '10.16', java.version: '1.8.0_275'
Driver info: com.kms.katalon.selenium.driver.CChromeDriver
Capabilities {acceptInsecureCerts: false, browserName: chrome, browserVersion: 90.0.4430.93, chrome: {chromedriverVersion: 90.0.4430.24 (4c6d850f087da..., userDataDir: /var/folders/sf/msc8p_nx3x3...}, goog:chromeOptions: {debuggerAddress: localhost:50270}, javascriptEnabled: true, networkConnectionEnabled: false, pageLoadStrategy: normal, platform: MAC, platformName: MAC, proxy: Proxy(), setWindowRect: true, strictFileInteractability: false, timeouts: {implicit: 0, pageLoad: 300000, script: 30000}, unhandledPromptBehavior: dismiss and notify, webauthn:extension:largeBlob: true, webauthn:virtualAuthenticators: true}
Session ID: 937734b355878b219a235f728ad12320
	at org.openqa.selenium.remote.http.W3CHttpResponseCodec.createException(W3CHttpResponseCodec.java:187)
	at org.openqa.selenium.remote.http.W3CHttpResponseCodec.decode(W3CHttpResponseCodec.java:122)
	at org.openqa.selenium.remote.http.W3CHttpResponseCodec.decode(W3CHttpResponseCodec.java:49)
	at org.openqa.selenium.remote.HttpCommandExecutor.execute(HttpCommandExecutor.java:158)
	at org.openqa.selenium.remote.service.DriverCommandExecutor.execute(DriverCommandExecutor.java:83)
	at org.openqa.selenium.remote.RemoteWebDriver.execute(RemoteWebDriver.java:552)
	at com.kms.katalon.selenium.driver.CChromeDriver.execute(CChromeDriver.java:19)
	at org.openqa.selenium.remote.RemoteWebElement.execute(RemoteWebElement.java:285)
	at org.openqa.selenium.remote.RemoteWebElement.click(RemoteWebElement.java:84)
	at org.openqa.selenium.support.events.EventFiringWebDriver$EventFiringWebElement.lambda$new$0(EventFiringWebDriver.java:404)
	at com.sun.proxy.$Proxy11.click(Unknown Source)
	at org.openqa.selenium.support.events.EventFiringWebDriver$EventFiringWebElement.click(EventFiringWebDriver.java:417)
	at com.kms.katalon.core.webui.keyword.builtin.ClickKeyword$_click_closure1.doCall(ClickKeyword.groovy:68)
	at com.kms.katalon.core.webui.keyword.builtin.ClickKeyword$_click_closure1.call(ClickKeyword.groovy)
	at com.kms.katalon.core.webui.keyword.internal.WebUIKeywordMain.runKeyword(WebUIKeywordMain.groovy:20)
	at com.kms.katalon.core.webui.keyword.builtin.ClickKeyword.click(ClickKeyword.groovy:75)
	at com.kms.katalon.core.webui.keyword.builtin.ClickKeyword.execute(ClickKeyword.groovy:42)
	at com.kms.katalon.core.keyword.internal.KeywordExecutor.executeKeywordForPlatform(KeywordExecutor.groovy:73)
	at com.kms.katalon.core.webui.keyword.WebUiBuiltInKeywords.click(WebUiBuiltInKeywords.groovy:619)
	at com.kms.katalon.core.webui.keyword.WebUiBuiltInKeywords$click$3.call(Unknown Source)
	at Script1607640140574.run(Script1607640140574.groovy:57)
	... 13 more
)

2021-05-03 08:53:26 - [MESSAGE][FAILED] - Unable to click on object 'Object Repository/tN objects/button_Titus 11_add a new row' (Root cause: com.kms.katalon.core.exception.StepFailedException: Unable to click on object 'Object Repository/tN objects/button_Titus 11_add a new row'
	at com.kms.katalon.core.webui.keyword.internal.WebUIKeywordMain.stepFailed(WebUIKeywordMain.groovy:64)
	at com.kms.katalon.core.webui.keyword.internal.WebUIKeywordMain.runKeyword(WebUIKeywordMain.groovy:26)
	at com.kms.katalon.core.webui.keyword.builtin.ClickKeyword.click(ClickKeyword.groovy:75)
	at com.kms.katalon.core.webui.keyword.builtin.ClickKeyword.execute(ClickKeyword.groovy:42)
	at com.kms.katalon.core.keyword.internal.KeywordExecutor.executeKeywordForPlatform(KeywordExecutor.groovy:73)
	at com.kms.katalon.core.webui.keyword.WebUiBuiltInKeywords.click(WebUiBuiltInKeywords.groovy:619)
	at com.kms.katalon.core.webui.keyword.WebUiBuiltInKeywords$click$3.call(Unknown Source)
	at tN_Highlighting by Occurrence Number.run(tN_Highlighting by Occurrence Number:57)
	at com.kms.katalon.core.main.ScriptEngine.run(ScriptEngine.java:194)
	at com.kms.katalon.core.main.ScriptEngine.runScriptAsRawText(ScriptEngine.java:119)
	at com.kms.katalon.core.main.TestCaseExecutor.runScript(TestCaseExecutor.java:398)
	at com.kms.katalon.core.main.TestCaseExecutor.doExecute(TestCaseExecutor.java:389)
	at com.kms.katalon.core.main.TestCaseExecutor.processExecutionPhase(TestCaseExecutor.java:368)
	at com.kms.katalon.core.main.TestCaseExecutor.accessMainPhase(TestCaseExecutor.java:360)
	at com.kms.katalon.core.main.TestCaseExecutor.execute(TestCaseExecutor.java:255)
	at com.kms.katalon.core.main.TestSuiteExecutor.accessTestCaseMainPhase(TestSuiteExecutor.java:203)
	at com.kms.katalon.core.main.TestSuiteExecutor.accessTestSuiteMainPhase(TestSuiteExecutor.java:152)
	at com.kms.katalon.core.main.TestSuiteExecutor.execute(TestSuiteExecutor.java:95)
	at com.kms.katalon.core.main.TestCaseMain.startTestSuite(TestCaseMain.java:157)
	at com.kms.katalon.core.main.TestCaseMain$startTestSuite$0.call(Unknown Source)
	at TempTestSuite1620046103825.run(TempTestSuite1620046103825.groovy:39)
Caused by: org.openqa.selenium.ElementClickInterceptedException: element click intercepted: Element <button class="MuiButtonBase-root-482 MuiIconButton-root-474 jss501" tabindex="0" type="button" title="Add a Row">...</button> is not clickable at point (1652, 952). Other element would receive the click: <p class="MuiTypography-root-114 MuiTablePagination-caption-278 MuiTypography-body2-115 MuiTypography-colorInherit-136">...</p>
  (Session info: chrome=90.0.4430.93)
Build info: version: '3.141.59', revision: 'e82be7d358', time: '2018-11-14T08:25:53'
System info: host: 'ELSYs-MBP.phub.net.cable.rogers.com', ip: '2607:fea8:2cc1:800:0:0:0:3c2a%en0', os.name: 'Mac OS X', os.arch: 'x86_64', os.version: '10.16', java.version: '1.8.0_275'
Driver info: com.kms.katalon.selenium.driver.CChromeDriver
Capabilities {acceptInsecureCerts: false, browserName: chrome, browserVersion: 90.0.4430.93, chrome: {chromedriverVersion: 90.0.4430.24 (4c6d850f087da..., userDataDir: /var/folders/sf/msc8p_nx3x3...}, goog:chromeOptions: {debuggerAddress: localhost:50270}, javascriptEnabled: true, networkConnectionEnabled: false, pageLoadStrategy: normal, platform: MAC, platformName: MAC, proxy: Proxy(), setWindowRect: true, strictFileInteractability: false, timeouts: {implicit: 0, pageLoad: 300000, script: 30000}, unhandledPromptBehavior: dismiss and notify, webauthn:extension:largeBlob: true, webauthn:virtualAuthenticators: true}
Session ID: 937734b355878b219a235f728ad12320
	at org.openqa.selenium.remote.http.W3CHttpResponseCodec.createException(W3CHttpResponseCodec.java:187)
	at org.openqa.selenium.remote.http.W3CHttpResponseCodec.decode(W3CHttpResponseCodec.java:122)
	at org.openqa.selenium.remote.http.W3CHttpResponseCodec.decode(W3CHttpResponseCodec.java:49)
	at org.openqa.selenium.remote.HttpCommandExecutor.execute(HttpCommandExecutor.java:158)
	at org.openqa.selenium.remote.service.DriverCommandExecutor.execute(DriverCommandExecutor.java:83)
	at org.openqa.selenium.remote.RemoteWebDriver.execute(RemoteWebDriver.java:552)
	at com.kms.katalon.selenium.driver.CChromeDriver.execute(CChromeDriver.java:19)
	at org.openqa.selenium.remote.RemoteWebElement.execute(RemoteWebElement.java:285)
	at org.openqa.selenium.remote.RemoteWebElement.click(RemoteWebElement.java:84)
	at org.openqa.selenium.support.events.EventFiringWebDriver$EventFiringWebElement.lambda$new$0(EventFiringWebDriver.java:404)
	at com.sun.proxy.$Proxy11.click(Unknown Source)
	at org.openqa.selenium.support.events.EventFiringWebDriver$EventFiringWebElement.click(EventFiringWebDriver.java:417)
	at com.kms.katalon.core.webui.keyword.builtin.ClickKeyword$_click_closure1.doCall(ClickKeyword.groovy:68)
	at com.kms.katalon.core.webui.keyword.builtin.ClickKeyword$_click_closure1.call(ClickKeyword.groovy)
	at com.kms.katalon.core.webui.keyword.internal.WebUIKeywordMain.runKeyword(WebUIKeywordMain.groovy:20)
	at com.kms.katalon.core.webui.keyword.builtin.ClickKeyword.click(ClickKeyword.groovy:75)
	at com.kms.katalon.core.webui.keyword.builtin.ClickKeyword.execute(ClickKeyword.groovy:42)
	at com.kms.katalon.core.keyword.internal.KeywordExecutor.executeKeywordForPlatform(KeywordExecutor.groovy:73)
	at com.kms.katalon.core.webui.keyword.WebUiBuiltInKeywords.click(WebUiBuiltInKeywords.groovy:619)
	at com.kms.katalon.core.webui.keyword.WebUiBuiltInKeywords$click$3.call(Unknown Source)
	at Script1607640140574.run(Script1607640140574.groovy:57)
	... 13 more
)
[[ATTACHMENT|/Users/elsylitsonlambert/git/tcCreateQA/Reports/20210503_084823/Test Suite1- Regression/20210503_084823/1620046405953.png]]

2021-05-03 08:53:26 - [TEST_STEP][FAILED] - click(findTestObject("Object Repository/tN objects/button_Add")): Unable to click on object 'Object Repository/tN objects/button_Add' (Root cause: com.kms.katalon.core.exception.StepFailedException: Unable to click on object 'Object Repository/tN objects/button_Add'
	at com.kms.katalon.core.webui.keyword.internal.WebUIKeywordMain.stepFailed(WebUIKeywordMain.groovy:64)
	at com.kms.katalon.core.webui.keyword.internal.WebUIKeywordMain.runKeyword(WebUIKeywordMain.groovy:26)
	at com.kms.katalon.core.webui.keyword.builtin.ClickKeyword.click(ClickKeyword.groovy:75)
	at com.kms.katalon.core.webui.keyword.builtin.ClickKeyword.execute(ClickKeyword.groovy:42)
	at com.kms.katalon.core.keyword.internal.KeywordExecutor.executeKeywordForPlatform(KeywordExecutor.groovy:73)
	at com.kms.katalon.core.webui.keyword.WebUiBuiltInKeywords.click(WebUiBuiltInKeywords.groovy:619)
	at com.kms.katalon.core.webui.keyword.WebUiBuiltInKeywords$click$3.call(Unknown Source)
	at tN_Highlighting by Occurrence Number.run(tN_Highlighting by Occurrence Number:58)
	at com.kms.katalon.core.main.ScriptEngine.run(ScriptEngine.java:194)
	at com.kms.katalon.core.main.ScriptEngine.runScriptAsRawText(ScriptEngine.java:119)
	at com.kms.katalon.core.main.TestCaseExecutor.runScript(TestCaseExecutor.java:398)
	at com.kms.katalon.core.main.TestCaseExecutor.doExecute(TestCaseExecutor.java:389)
	at com.kms.katalon.core.main.TestCaseExecutor.processExecutionPhase(TestCaseExecutor.java:368)
	at com.kms.katalon.core.main.TestCaseExecutor.accessMainPhase(TestCaseExecutor.java:360)
	at com.kms.katalon.core.main.TestCaseExecutor.execute(TestCaseExecutor.java:255)
	at com.kms.katalon.core.main.TestSuiteExecutor.accessTestCaseMainPhase(TestSuiteExecutor.java:203)
	at com.kms.katalon.core.main.TestSuiteExecutor.accessTestSuiteMainPhase(TestSuiteExecutor.java:152)
	at com.kms.katalon.core.main.TestSuiteExecutor.execute(TestSuiteExecutor.java:95)
	at com.kms.katalon.core.main.TestCaseMain.startTestSuite(TestCaseMain.java:157)
	at com.kms.katalon.core.main.TestCaseMain$startTestSuite$0.call(Unknown Source)
	at TempTestSuite1620046103825.run(TempTestSuite1620046103825.groovy:39)
Caused by: com.kms.katalon.core.webui.exception.WebElementNotFoundException: Web element with id: 'Object Repository/tN objects/button_Add' located by '//*[@type = 'button' and (text() = 'Add' or . = 'Add')]' not found
	at com.kms.katalon.core.webui.common.WebUiCommonHelper.findWebElement(WebUiCommonHelper.java:1368)
	at com.kms.katalon.core.webui.keyword.internal.WebUIAbstractKeyword.findWebElement(WebUIAbstractKeyword.groovy:27)
	at com.kms.katalon.core.webui.keyword.internal.WebUIAbstractKeyword.findWebElement(WebUIAbstractKeyword.groovy:26)
	at com.kms.katalon.core.webui.keyword.builtin.ClickKeyword$_click_closure1.doCall(ClickKeyword.groovy:66)
	at com.kms.katalon.core.webui.keyword.builtin.ClickKeyword$_click_closure1.call(ClickKeyword.groovy)
	at com.kms.katalon.core.webui.keyword.internal.WebUIKeywordMain.runKeyword(WebUIKeywordMain.groovy:20)
	at com.kms.katalon.core.webui.keyword.builtin.ClickKeyword.click(ClickKeyword.groovy:75)
	at com.kms.katalon.core.webui.keyword.builtin.ClickKeyword.execute(ClickKeyword.groovy:42)
	at com.kms.katalon.core.keyword.internal.KeywordExecutor.executeKeywordForPlatform(KeywordExecutor.groovy:73)
	at com.kms.katalon.core.webui.keyword.WebUiBuiltInKeywords.click(WebUiBuiltInKeywords.groovy:619)
	at com.kms.katalon.core.webui.keyword.WebUiBuiltInKeywords$click$3.call(Unknown Source)
	at Script1607640140574.run(Script1607640140574.groovy:58)
	... 13 more
)

2021-05-03 08:53:57 - [MESSAGE][INFO] - Unable to find the element located by 'By.xpath: //*[@type = 'button' and (text() = 'Add' or . = 'Add')]'. Please recheck the objects properties to make sure the desired element is located. 

2021-05-03 08:53:58 - [MESSAGE][FAILED] - Unable to click on object 'Object Repository/tN objects/button_Add' (Root cause: com.kms.katalon.core.exception.StepFailedException: Unable to click on object 'Object Repository/tN objects/button_Add'
	at com.kms.katalon.core.webui.keyword.internal.WebUIKeywordMain.stepFailed(WebUIKeywordMain.groovy:64)
	at com.kms.katalon.core.webui.keyword.internal.WebUIKeywordMain.runKeyword(WebUIKeywordMain.groovy:26)
	at com.kms.katalon.core.webui.keyword.builtin.ClickKeyword.click(ClickKeyword.groovy:75)
	at com.kms.katalon.core.webui.keyword.builtin.ClickKeyword.execute(ClickKeyword.groovy:42)
	at com.kms.katalon.core.keyword.internal.KeywordExecutor.executeKeywordForPlatform(KeywordExecutor.groovy:73)
	at com.kms.katalon.core.webui.keyword.WebUiBuiltInKeywords.click(WebUiBuiltInKeywords.groovy:619)
	at com.kms.katalon.core.webui.keyword.WebUiBuiltInKeywords$click$3.call(Unknown Source)
	at tN_Highlighting by Occurrence Number.run(tN_Highlighting by Occurrence Number:58)
	at com.kms.katalon.core.main.ScriptEngine.run(ScriptEngine.java:194)
	at com.kms.katalon.core.main.ScriptEngine.runScriptAsRawText(ScriptEngine.java:119)
	at com.kms.katalon.core.main.TestCaseExecutor.runScript(TestCaseExecutor.java:398)
	at com.kms.katalon.core.main.TestCaseExecutor.doExecute(TestCaseExecutor.java:389)
	at com.kms.katalon.core.main.TestCaseExecutor.processExecutionPhase(TestCaseExecutor.java:368)
	at com.kms.katalon.core.main.TestCaseExecutor.accessMainPhase(TestCaseExecutor.java:360)
	at com.kms.katalon.core.main.TestCaseExecutor.execute(TestCaseExecutor.java:255)
	at com.kms.katalon.core.main.TestSuiteExecutor.accessTestCaseMainPhase(TestSuiteExecutor.java:203)
	at com.kms.katalon.core.main.TestSuiteExecutor.accessTestSuiteMainPhase(TestSuiteExecutor.java:152)
	at com.kms.katalon.core.main.TestSuiteExecutor.execute(TestSuiteExecutor.java:95)
	at com.kms.katalon.core.main.TestCaseMain.startTestSuite(TestCaseMain.java:157)
	at com.kms.katalon.core.main.TestCaseMain$startTestSuite$0.call(Unknown Source)
	at TempTestSuite1620046103825.run(TempTestSuite1620046103825.groovy:39)
Caused by: com.kms.katalon.core.webui.exception.WebElementNotFoundException: Web element with id: 'Object Repository/tN objects/button_Add' located by '//*[@type = 'button' and (text() = 'Add' or . = 'Add')]' not found
	at com.kms.katalon.core.webui.common.WebUiCommonHelper.findWebElement(WebUiCommonHelper.java:1368)
	at com.kms.katalon.core.webui.keyword.internal.WebUIAbstractKeyword.findWebElement(WebUIAbstractKeyword.groovy:27)
	at com.kms.katalon.core.webui.keyword.internal.WebUIAbstractKeyword.findWebElement(WebUIAbstractKeyword.groovy:26)
	at com.kms.katalon.core.webui.keyword.builtin.ClickKeyword$_click_closure1.doCall(ClickKeyword.groovy:66)
	at com.kms.katalon.core.webui.keyword.builtin.ClickKeyword$_click_closure1.call(ClickKeyword.groovy)
	at com.kms.katalon.core.webui.keyword.internal.WebUIKeywordMain.runKeyword(WebUIKeywordMain.groovy:20)
	at com.kms.katalon.core.webui.keyword.builtin.ClickKeyword.click(ClickKeyword.groovy:75)
	at com.kms.katalon.core.webui.keyword.builtin.ClickKeyword.execute(ClickKeyword.groovy:42)
	at com.kms.katalon.core.keyword.internal.KeywordExecutor.executeKeywordForPlatform(KeywordExecutor.groovy:73)
	at com.kms.katalon.core.webui.keyword.WebUiBuiltInKeywords.click(WebUiBuiltInKeywords.groovy:619)
	at com.kms.katalon.core.webui.keyword.WebUiBuiltInKeywords$click$3.call(Unknown Source)
	at Script1607640140574.run(Script1607640140574.groovy:58)
	... 13 more
)
[[ATTACHMENT|/Users/elsylitsonlambert/git/tcCreateQA/Reports/20210503_084823/Test Suite1- Regression/20210503_084823/1620046437675.png]]

2021-05-03 08:53:58 - [TEST_STEP][PASSED] - word1 = getText(findTestObject("tN objects/word1")): Text of object 'Object Repository/tN objects/word1' is: 'ÏÎ¿Î»ÏÏÏÏÏÏÏ'

2021-05-03 08:53:58 - [MESSAGE][PASSED] - Text of object 'Object Repository/tN objects/word1' is: 'ÏÎ¿Î»ÏÏÏÏÏÏÏ'

2021-05-03 08:53:58 - [TEST_STEP][PASSED] - logInfo("the word is" + word1): the word isÏÎ¿Î»ÏÏÏÏÏÏÏ

2021-05-03 08:53:58 - [MESSAGE][INFO] - the word isÏÎ¿Î»ÏÏÏÏÏÏÏ

2021-05-03 08:53:58 - [TEST_STEP][PASSED] - color_word1 = getCSSValue(findTestObject("tN objects/word1"), "color"): Get CSS 'color' value on 'Object Repository/tN objects/word1' successfully: 'rgba(0, 0, 0, 0.87)'.

2021-05-03 08:53:58 - [MESSAGE][PASSED] - Get CSS 'color' value on 'Object Repository/tN objects/word1' successfully: 'rgba(0, 0, 0, 0.87)'.

2021-05-03 08:53:58 - [TEST_STEP][PASSED] - backcolor_word1 = getCSSValue(findTestObject("tN objects/word1"), "background-color"): Get CSS 'background-color' value on 'Object Repository/tN objects/word1' successfully: 'rgba(0, 0, 0, 0)'.

2021-05-03 08:53:59 - [MESSAGE][PASSED] - Get CSS 'background-color' value on 'Object Repository/tN objects/word1' successfully: 'rgba(0, 0, 0, 0)'.

2021-05-03 08:53:59 - [TEST_STEP][PASSED] - logInfo(color_word1): rgba(0, 0, 0, 0.87)

2021-05-03 08:53:59 - [MESSAGE][INFO] - rgba(0, 0, 0, 0.87)

2021-05-03 08:53:59 - [TEST_STEP][PASSED] - logInfo(backcolor_word1): rgba(0, 0, 0, 0)

2021-05-03 08:53:59 - [MESSAGE][INFO] - rgba(0, 0, 0, 0)

2021-05-03 08:53:59 - [TEST_STEP][FAILED] - click(findTestObject("Object Repository/tN objects/p_OL_box")): Unable to click on object 'Object Repository/tN objects/p_OL_box' (Root cause: com.kms.katalon.core.exception.StepFailedException: Unable to click on object 'Object Repository/tN objects/p_OL_box'
	at com.kms.katalon.core.webui.keyword.internal.WebUIKeywordMain.stepFailed(WebUIKeywordMain.groovy:64)
	at com.kms.katalon.core.webui.keyword.internal.WebUIKeywordMain.runKeyword(WebUIKeywordMain.groovy:26)
	at com.kms.katalon.core.webui.keyword.builtin.ClickKeyword.click(ClickKeyword.groovy:75)
	at com.kms.katalon.core.webui.keyword.builtin.ClickKeyword.execute(ClickKeyword.groovy:42)
	at com.kms.katalon.core.keyword.internal.KeywordExecutor.executeKeywordForPlatform(KeywordExecutor.groovy:73)
	at com.kms.katalon.core.webui.keyword.WebUiBuiltInKeywords.click(WebUiBuiltInKeywords.groovy:619)
	at com.kms.katalon.core.webui.keyword.WebUiBuiltInKeywords$click$3.call(Unknown Source)
	at tN_Highlighting by Occurrence Number.run(tN_Highlighting by Occurrence Number:75)
	at com.kms.katalon.core.main.ScriptEngine.run(ScriptEngine.java:194)
	at com.kms.katalon.core.main.ScriptEngine.runScriptAsRawText(ScriptEngine.java:119)
	at com.kms.katalon.core.main.TestCaseExecutor.runScript(TestCaseExecutor.java:398)
	at com.kms.katalon.core.main.TestCaseExecutor.doExecute(TestCaseExecutor.java:389)
	at com.kms.katalon.core.main.TestCaseExecutor.processExecutionPhase(TestCaseExecutor.java:368)
	at com.kms.katalon.core.main.TestCaseExecutor.accessMainPhase(TestCaseExecutor.java:360)
	at com.kms.katalon.core.main.TestCaseExecutor.execute(TestCaseExecutor.java:255)
	at com.kms.katalon.core.main.TestSuiteExecutor.accessTestCaseMainPhase(TestSuiteExecutor.java:203)
	at com.kms.katalon.core.main.TestSuiteExecutor.accessTestSuiteMainPhase(TestSuiteExecutor.java:152)
	at com.kms.katalon.core.main.TestSuiteExecutor.execute(TestSuiteExecutor.java:95)
	at com.kms.katalon.core.main.TestCaseMain.startTestSuite(TestCaseMain.java:157)
	at com.kms.katalon.core.main.TestCaseMain$startTestSuite$0.call(Unknown Source)
	at TempTestSuite1620046103825.run(TempTestSuite1620046103825.groovy:39)
Caused by: org.openqa.selenium.ElementClickInterceptedException: element click intercepted: Element <p>...</p> is not clickable at point (1336, 961). Other element would receive the click: <div class="jss271">...</div>
  (Session info: chrome=90.0.4430.93)
Build info: version: '3.141.59', revision: 'e82be7d358', time: '2018-11-14T08:25:53'
System info: host: 'ELSYs-MBP.phub.net.cable.rogers.com', ip: '2607:fea8:2cc1:800:0:0:0:3c2a%en0', os.name: 'Mac OS X', os.arch: 'x86_64', os.version: '10.16', java.version: '1.8.0_275'
Driver info: com.kms.katalon.selenium.driver.CChromeDriver
Capabilities {acceptInsecureCerts: false, browserName: chrome, browserVersion: 90.0.4430.93, chrome: {chromedriverVersion: 90.0.4430.24 (4c6d850f087da..., userDataDir: /var/folders/sf/msc8p_nx3x3...}, goog:chromeOptions: {debuggerAddress: localhost:50270}, javascriptEnabled: true, networkConnectionEnabled: false, pageLoadStrategy: normal, platform: MAC, platformName: MAC, proxy: Proxy(), setWindowRect: true, strictFileInteractability: false, timeouts: {implicit: 0, pageLoad: 300000, script: 30000}, unhandledPromptBehavior: dismiss and notify, webauthn:extension:largeBlob: true, webauthn:virtualAuthenticators: true}
Session ID: 937734b355878b219a235f728ad12320
	at org.openqa.selenium.remote.http.W3CHttpResponseCodec.createException(W3CHttpResponseCodec.java:187)
	at org.openqa.selenium.remote.http.W3CHttpResponseCodec.decode(W3CHttpResponseCodec.java:122)
	at org.openqa.selenium.remote.http.W3CHttpResponseCodec.decode(W3CHttpResponseCodec.java:49)
	at org.openqa.selenium.remote.HttpCommandExecutor.execute(HttpCommandExecutor.java:158)
	at org.openqa.selenium.remote.service.DriverCommandExecutor.execute(DriverCommandExecutor.java:83)
	at org.openqa.selenium.remote.RemoteWebDriver.execute(RemoteWebDriver.java:552)
	at com.kms.katalon.selenium.driver.CChromeDriver.execute(CChromeDriver.java:19)
	at org.openqa.selenium.remote.RemoteWebElement.execute(RemoteWebElement.java:285)
	at org.openqa.selenium.remote.RemoteWebElement.click(RemoteWebElement.java:84)
	at org.openqa.selenium.support.events.EventFiringWebDriver$EventFiringWebElement.lambda$new$0(EventFiringWebDriver.java:404)
	at com.sun.proxy.$Proxy11.click(Unknown Source)
	at org.openqa.selenium.support.events.EventFiringWebDriver$EventFiringWebElement.click(EventFiringWebDriver.java:417)
	at com.kms.katalon.core.webui.keyword.builtin.ClickKeyword$_click_closure1.doCall(ClickKeyword.groovy:68)
	at com.kms.katalon.core.webui.keyword.builtin.ClickKeyword$_click_closure1.call(ClickKeyword.groovy)
	at com.kms.katalon.core.webui.keyword.internal.WebUIKeywordMain.runKeyword(WebUIKeywordMain.groovy:20)
	at com.kms.katalon.core.webui.keyword.builtin.ClickKeyword.click(ClickKeyword.groovy:75)
	at com.kms.katalon.core.webui.keyword.builtin.ClickKeyword.execute(ClickKeyword.groovy:42)
	at com.kms.katalon.core.keyword.internal.KeywordExecutor.executeKeywordForPlatform(KeywordExecutor.groovy:73)
	at com.kms.katalon.core.webui.keyword.WebUiBuiltInKeywords.click(WebUiBuiltInKeywords.groovy:619)
	at com.kms.katalon.core.webui.keyword.WebUiBuiltInKeywords$click$3.call(Unknown Source)
	at Script1607640140574.run(Script1607640140574.groovy:75)
	... 13 more
)

2021-05-03 08:54:01 - [MESSAGE][FAILED] - Unable to click on object 'Object Repository/tN objects/p_OL_box' (Root cause: com.kms.katalon.core.exception.StepFailedException: Unable to click on object 'Object Repository/tN objects/p_OL_box'
	at com.kms.katalon.core.webui.keyword.internal.WebUIKeywordMain.stepFailed(WebUIKeywordMain.groovy:64)
	at com.kms.katalon.core.webui.keyword.internal.WebUIKeywordMain.runKeyword(WebUIKeywordMain.groovy:26)
	at com.kms.katalon.core.webui.keyword.builtin.ClickKeyword.click(ClickKeyword.groovy:75)
	at com.kms.katalon.core.webui.keyword.builtin.ClickKeyword.execute(ClickKeyword.groovy:42)
	at com.kms.katalon.core.keyword.internal.KeywordExecutor.executeKeywordForPlatform(KeywordExecutor.groovy:73)
	at com.kms.katalon.core.webui.keyword.WebUiBuiltInKeywords.click(WebUiBuiltInKeywords.groovy:619)
	at com.kms.katalon.core.webui.keyword.WebUiBuiltInKeywords$click$3.call(Unknown Source)
	at tN_Highlighting by Occurrence Number.run(tN_Highlighting by Occurrence Number:75)
	at com.kms.katalon.core.main.ScriptEngine.run(ScriptEngine.java:194)
	at com.kms.katalon.core.main.ScriptEngine.runScriptAsRawText(ScriptEngine.java:119)
	at com.kms.katalon.core.main.TestCaseExecutor.runScript(TestCaseExecutor.java:398)
	at com.kms.katalon.core.main.TestCaseExecutor.doExecute(TestCaseExecutor.java:389)
	at com.kms.katalon.core.main.TestCaseExecutor.processExecutionPhase(TestCaseExecutor.java:368)
	at com.kms.katalon.core.main.TestCaseExecutor.accessMainPhase(TestCaseExecutor.java:360)
	at com.kms.katalon.core.main.TestCaseExecutor.execute(TestCaseExecutor.java:255)
	at com.kms.katalon.core.main.TestSuiteExecutor.accessTestCaseMainPhase(TestSuiteExecutor.java:203)
	at com.kms.katalon.core.main.TestSuiteExecutor.accessTestSuiteMainPhase(TestSuiteExecutor.java:152)
	at com.kms.katalon.core.main.TestSuiteExecutor.execute(TestSuiteExecutor.java:95)
	at com.kms.katalon.core.main.TestCaseMain.startTestSuite(TestCaseMain.java:157)
	at com.kms.katalon.core.main.TestCaseMain$startTestSuite$0.call(Unknown Source)
	at TempTestSuite1620046103825.run(TempTestSuite1620046103825.groovy:39)
Caused by: org.openqa.selenium.ElementClickInterceptedException: element click intercepted: Element <p>...</p> is not clickable at point (1336, 961). Other element would receive the click: <div class="jss271">...</div>
  (Session info: chrome=90.0.4430.93)
Build info: version: '3.141.59', revision: 'e82be7d358', time: '2018-11-14T08:25:53'
System info: host: 'ELSYs-MBP.phub.net.cable.rogers.com', ip: '2607:fea8:2cc1:800:0:0:0:3c2a%en0', os.name: 'Mac OS X', os.arch: 'x86_64', os.version: '10.16', java.version: '1.8.0_275'
Driver info: com.kms.katalon.selenium.driver.CChromeDriver
Capabilities {acceptInsecureCerts: false, browserName: chrome, browserVersion: 90.0.4430.93, chrome: {chromedriverVersion: 90.0.4430.24 (4c6d850f087da..., userDataDir: /var/folders/sf/msc8p_nx3x3...}, goog:chromeOptions: {debuggerAddress: localhost:50270}, javascriptEnabled: true, networkConnectionEnabled: false, pageLoadStrategy: normal, platform: MAC, platformName: MAC, proxy: Proxy(), setWindowRect: true, strictFileInteractability: false, timeouts: {implicit: 0, pageLoad: 300000, script: 30000}, unhandledPromptBehavior: dismiss and notify, webauthn:extension:largeBlob: true, webauthn:virtualAuthenticators: true}
Session ID: 937734b355878b219a235f728ad12320
	at org.openqa.selenium.remote.http.W3CHttpResponseCodec.createException(W3CHttpResponseCodec.java:187)
	at org.openqa.selenium.remote.http.W3CHttpResponseCodec.decode(W3CHttpResponseCodec.java:122)
	at org.openqa.selenium.remote.http.W3CHttpResponseCodec.decode(W3CHttpResponseCodec.java:49)
	at org.openqa.selenium.remote.HttpCommandExecutor.execute(HttpCommandExecutor.java:158)
	at org.openqa.selenium.remote.service.DriverCommandExecutor.execute(DriverCommandExecutor.java:83)
	at org.openqa.selenium.remote.RemoteWebDriver.execute(RemoteWebDriver.java:552)
	at com.kms.katalon.selenium.driver.CChromeDriver.execute(CChromeDriver.java:19)
	at org.openqa.selenium.remote.RemoteWebElement.execute(RemoteWebElement.java:285)
	at org.openqa.selenium.remote.RemoteWebElement.click(RemoteWebElement.java:84)
	at org.openqa.selenium.support.events.EventFiringWebDriver$EventFiringWebElement.lambda$new$0(EventFiringWebDriver.java:404)
	at com.sun.proxy.$Proxy11.click(Unknown Source)
	at org.openqa.selenium.support.events.EventFiringWebDriver$EventFiringWebElement.click(EventFiringWebDriver.java:417)
	at com.kms.katalon.core.webui.keyword.builtin.ClickKeyword$_click_closure1.doCall(ClickKeyword.groovy:68)
	at com.kms.katalon.core.webui.keyword.builtin.ClickKeyword$_click_closure1.call(ClickKeyword.groovy)
	at com.kms.katalon.core.webui.keyword.internal.WebUIKeywordMain.runKeyword(WebUIKeywordMain.groovy:20)
	at com.kms.katalon.core.webui.keyword.builtin.ClickKeyword.click(ClickKeyword.groovy:75)
	at com.kms.katalon.core.webui.keyword.builtin.ClickKeyword.execute(ClickKeyword.groovy:42)
	at com.kms.katalon.core.keyword.internal.KeywordExecutor.executeKeywordForPlatform(KeywordExecutor.groovy:73)
	at com.kms.katalon.core.webui.keyword.WebUiBuiltInKeywords.click(WebUiBuiltInKeywords.groovy:619)
	at com.kms.katalon.core.webui.keyword.WebUiBuiltInKeywords$click$3.call(Unknown Source)
	at Script1607640140574.run(Script1607640140574.groovy:75)
	... 13 more
)
[[ATTACHMENT|/Users/elsylitsonlambert/git/tcCreateQA/Reports/20210503_084823/Test Suite1- Regression/20210503_084823/1620046441466.png]]

2021-05-03 08:54:01 - [TEST_STEP][PASSED] - setText(findTestObject("Object Repository/tN objects/p_OL_box"), "ÎÎµÎ¿á¿¦"): Text 'ÎÎµÎ¿á¿¦' is set on object 'Object Repository/tN objects/p_OL_box'

2021-05-03 08:54:04 - [MESSAGE][PASSED] - Text 'ÎÎµÎ¿á¿¦' is set on object 'Object Repository/tN objects/p_OL_box'

2021-05-03 08:54:04 - [TEST_STEP][PASSED] - driver = getWebDriver(): null

2021-05-03 08:54:04 - [TEST_STEP][PASSED] - action = new org.openqa.selenium.interactions.Actions(driver): null

2021-05-03 08:54:04 - [TEST_STEP][PASSED] - build().perform(): null

2021-05-03 08:54:05 - [TEST_STEP][PASSED] - if (!(color_word1.equals(backcolor_word1))): First Occurrence is highlighted!

2021-05-03 08:54:05 - [TEST_STEP][PASSED] - logInfo("First Occurrence is highlighted!"): First Occurrence is highlighted!

2021-05-03 08:54:05 - [MESSAGE][INFO] - First Occurrence is highlighted!

2021-05-03 08:54:05 - [TEST_STEP][FAILED] - color_word2 = getCSSValue(findTestObject("tN objects/word2"), "color"): Cannot get CSS 'color' value on 'Object Repository/tN objects/word2'. (Root cause: com.kms.katalon.core.exception.StepFailedException: Cannot get CSS 'color' value on 'Object Repository/tN objects/word2'.
	at com.kms.katalon.core.webui.keyword.internal.WebUIKeywordMain.stepFailed(WebUIKeywordMain.groovy:64)
	at com.kms.katalon.core.webui.keyword.internal.WebUIKeywordMain.runKeyword(WebUIKeywordMain.groovy:26)
	at com.kms.katalon.core.webui.keyword.builtin.getCSSValueKeyword.getCSSValue(GetCSSValueKeyword.groovy:84)
	at com.kms.katalon.core.webui.keyword.builtin.getCSSValueKeyword.execute(GetCSSValueKeyword.groovy:68)
	at com.kms.katalon.core.keyword.internal.KeywordExecutor.executeKeywordForPlatform(KeywordExecutor.groovy:73)
	at com.kms.katalon.core.webui.keyword.WebUiBuiltInKeywords.getCSSValue(WebUiBuiltInKeywords.groovy:4535)
	at com.kms.katalon.core.webui.keyword.WebUiBuiltInKeywords$getCSSValue$21.call(Unknown Source)
	at tN_Highlighting by Occurrence Number.run(tN_Highlighting by Occurrence Number:98)
	at com.kms.katalon.core.main.ScriptEngine.run(ScriptEngine.java:194)
	at com.kms.katalon.core.main.ScriptEngine.runScriptAsRawText(ScriptEngine.java:119)
	at com.kms.katalon.core.main.TestCaseExecutor.runScript(TestCaseExecutor.java:398)
	at com.kms.katalon.core.main.TestCaseExecutor.doExecute(TestCaseExecutor.java:389)
	at com.kms.katalon.core.main.TestCaseExecutor.processExecutionPhase(TestCaseExecutor.java:368)
	at com.kms.katalon.core.main.TestCaseExecutor.accessMainPhase(TestCaseExecutor.java:360)
	at com.kms.katalon.core.main.TestCaseExecutor.execute(TestCaseExecutor.java:255)
	at com.kms.katalon.core.main.TestSuiteExecutor.accessTestCaseMainPhase(TestSuiteExecutor.java:203)
	at com.kms.katalon.core.main.TestSuiteExecutor.accessTestSuiteMainPhase(TestSuiteExecutor.java:152)
	at com.kms.katalon.core.main.TestSuiteExecutor.execute(TestSuiteExecutor.java:95)
	at com.kms.katalon.core.main.TestCaseMain.startTestSuite(TestCaseMain.java:157)
	at com.kms.katalon.core.main.TestCaseMain$startTestSuite$0.call(Unknown Source)
	at TempTestSuite1620046103825.run(TempTestSuite1620046103825.groovy:39)
Caused by: com.kms.katalon.core.webui.exception.WebElementNotFoundException: Web element with id: 'Object Repository/tN objects/word2' located by 'id("header---")/div[@class="jss256"]/div[@class="jss259"]/div[@id="wrapY"]/table[@class="MuiTable-root-717 jss539"]/tbody[@class="MuiTableBody-root-726 jss540"]/tr[@id="1:1"]/td[@class="MuiTableCell-root-729 MuiTableCell-body-731 jss728"]/div[@class="jss5526"]/span[11][count(. | //*[(text() = 'ÎÎµÎ¿á¿¦' or . = 'ÎÎµÎ¿á¿¦')]) = count(//*[(text() = 'ÎÎµÎ¿á¿¦' or . = 'ÎÎµÎ¿á¿¦')])]' not found
	at com.kms.katalon.core.webui.common.WebUiCommonHelper.findWebElement(WebUiCommonHelper.java:1368)
	at com.kms.katalon.core.webui.keyword.internal.WebUIAbstractKeyword.findWebElement(WebUIAbstractKeyword.groovy:27)
	at com.kms.katalon.core.webui.keyword.internal.WebUIAbstractKeyword.findWebElement(WebUIAbstractKeyword.groovy:26)
	at com.kms.katalon.core.webui.keyword.builtin.getCSSValueKeyword$_getCSSValue_closure1.doCall(GetCSSValueKeyword.groovy:75)
	at com.kms.katalon.core.webui.keyword.builtin.getCSSValueKeyword$_getCSSValue_closure1.call(GetCSSValueKeyword.groovy)
	at com.kms.katalon.core.webui.keyword.internal.WebUIKeywordMain.runKeyword(WebUIKeywordMain.groovy:20)
	at com.kms.katalon.core.webui.keyword.builtin.getCSSValueKeyword.getCSSValue(GetCSSValueKeyword.groovy:84)
	at com.kms.katalon.core.webui.keyword.builtin.getCSSValueKeyword.execute(GetCSSValueKeyword.groovy:68)
	at com.kms.katalon.core.keyword.internal.KeywordExecutor.executeKeywordForPlatform(KeywordExecutor.groovy:73)
	at com.kms.katalon.core.webui.keyword.WebUiBuiltInKeywords.getCSSValue(WebUiBuiltInKeywords.groovy:4535)
	at com.kms.katalon.core.webui.keyword.WebUiBuiltInKeywords$getCSSValue$21.call(Unknown Source)
	at Script1607640140574.run(Script1607640140574.groovy:98)
	... 13 more
)

2021-05-03 08:54:36 - [MESSAGE][INFO] - Unable to find the element located by 'By.xpath: id("header---")/div[@class="jss256"]/div[@class="jss259"]/div[@id="wrapY"]/table[@class="MuiTable-root-717 jss539"]/tbody[@class="MuiTableBody-root-726 jss540"]/tr[@id="1:1"]/td[@class="MuiTableCell-root-729 MuiTableCell-body-731 jss728"]/div[@class="jss5526"]/span[11][count(. | //*[(text() = 'ÎÎµÎ¿á¿¦' or . = 'ÎÎµÎ¿á¿¦')]) = count(//*[(text() = 'ÎÎµÎ¿á¿¦' or . = 'ÎÎµÎ¿á¿¦')])]'. Please recheck the objects properties to make sure the desired element is located. 

2021-05-03 08:54:36 - [MESSAGE][FAILED] - Cannot get CSS 'color' value on 'Object Repository/tN objects/word2'. (Root cause: com.kms.katalon.core.exception.StepFailedException: Cannot get CSS 'color' value on 'Object Repository/tN objects/word2'.
	at com.kms.katalon.core.webui.keyword.internal.WebUIKeywordMain.stepFailed(WebUIKeywordMain.groovy:64)
	at com.kms.katalon.core.webui.keyword.internal.WebUIKeywordMain.runKeyword(WebUIKeywordMain.groovy:26)
	at com.kms.katalon.core.webui.keyword.builtin.getCSSValueKeyword.getCSSValue(GetCSSValueKeyword.groovy:84)
	at com.kms.katalon.core.webui.keyword.builtin.getCSSValueKeyword.execute(GetCSSValueKeyword.groovy:68)
	at com.kms.katalon.core.keyword.internal.KeywordExecutor.executeKeywordForPlatform(KeywordExecutor.groovy:73)
	at com.kms.katalon.core.webui.keyword.WebUiBuiltInKeywords.getCSSValue(WebUiBuiltInKeywords.groovy:4535)
	at com.kms.katalon.core.webui.keyword.WebUiBuiltInKeywords$getCSSValue$21.call(Unknown Source)
	at tN_Highlighting by Occurrence Number.run(tN_Highlighting by Occurrence Number:98)
	at com.kms.katalon.core.main.ScriptEngine.run(ScriptEngine.java:194)
	at com.kms.katalon.core.main.ScriptEngine.runScriptAsRawText(ScriptEngine.java:119)
	at com.kms.katalon.core.main.TestCaseExecutor.runScript(TestCaseExecutor.java:398)
	at com.kms.katalon.core.main.TestCaseExecutor.doExecute(TestCaseExecutor.java:389)
	at com.kms.katalon.core.main.TestCaseExecutor.processExecutionPhase(TestCaseExecutor.java:368)
	at com.kms.katalon.core.main.TestCaseExecutor.accessMainPhase(TestCaseExecutor.java:360)
	at com.kms.katalon.core.main.TestCaseExecutor.execute(TestCaseExecutor.java:255)
	at com.kms.katalon.core.main.TestSuiteExecutor.accessTestCaseMainPhase(TestSuiteExecutor.java:203)
	at com.kms.katalon.core.main.TestSuiteExecutor.accessTestSuiteMainPhase(TestSuiteExecutor.java:152)
	at com.kms.katalon.core.main.TestSuiteExecutor.execute(TestSuiteExecutor.java:95)
	at com.kms.katalon.core.main.TestCaseMain.startTestSuite(TestCaseMain.java:157)
	at com.kms.katalon.core.main.TestCaseMain$startTestSuite$0.call(Unknown Source)
	at TempTestSuite1620046103825.run(TempTestSuite1620046103825.groovy:39)
Caused by: com.kms.katalon.core.webui.exception.WebElementNotFoundException: Web element with id: 'Object Repository/tN objects/word2' located by 'id("header---")/div[@class="jss256"]/div[@class="jss259"]/div[@id="wrapY"]/table[@class="MuiTable-root-717 jss539"]/tbody[@class="MuiTableBody-root-726 jss540"]/tr[@id="1:1"]/td[@class="MuiTableCell-root-729 MuiTableCell-body-731 jss728"]/div[@class="jss5526"]/span[11][count(. | //*[(text() = 'ÎÎµÎ¿á¿¦' or . = 'ÎÎµÎ¿á¿¦')]) = count(//*[(text() = 'ÎÎµÎ¿á¿¦' or . = 'ÎÎµÎ¿á¿¦')])]' not found
	at com.kms.katalon.core.webui.common.WebUiCommonHelper.findWebElement(WebUiCommonHelper.java:1368)
	at com.kms.katalon.core.webui.keyword.internal.WebUIAbstractKeyword.findWebElement(WebUIAbstractKeyword.groovy:27)
	at com.kms.katalon.core.webui.keyword.internal.WebUIAbstractKeyword.findWebElement(WebUIAbstractKeyword.groovy:26)
	at com.kms.katalon.core.webui.keyword.builtin.getCSSValueKeyword$_getCSSValue_closure1.doCall(GetCSSValueKeyword.groovy:75)
	at com.kms.katalon.core.webui.keyword.builtin.getCSSValueKeyword$_getCSSValue_closure1.call(GetCSSValueKeyword.groovy)
	at com.kms.katalon.core.webui.keyword.internal.WebUIKeywordMain.runKeyword(WebUIKeywordMain.groovy:20)
	at com.kms.katalon.core.webui.keyword.builtin.getCSSValueKeyword.getCSSValue(GetCSSValueKeyword.groovy:84)
	at com.kms.katalon.core.webui.keyword.builtin.getCSSValueKeyword.execute(GetCSSValueKeyword.groovy:68)
	at com.kms.katalon.core.keyword.internal.KeywordExecutor.executeKeywordForPlatform(KeywordExecutor.groovy:73)
	at com.kms.katalon.core.webui.keyword.WebUiBuiltInKeywords.getCSSValue(WebUiBuiltInKeywords.groovy:4535)
	at com.kms.katalon.core.webui.keyword.WebUiBuiltInKeywords$getCSSValue$21.call(Unknown Source)
	at Script1607640140574.run(Script1607640140574.groovy:98)
	... 13 more
)
[[ATTACHMENT|/Users/elsylitsonlambert/git/tcCreateQA/Reports/20210503_084823/Test Suite1- Regression/20210503_084823/1620046476590.png]]

2021-05-03 08:54:36 - [TEST_STEP][FAILED] - backcolor_word2 = getCSSValue(findTestObject("tN objects/word2"), "background-color"): Cannot get CSS 'background-color' value on 'Object Repository/tN objects/word2'. (Root cause: com.kms.katalon.core.exception.StepFailedException: Cannot get CSS 'background-color' value on 'Object Repository/tN objects/word2'.
	at com.kms.katalon.core.webui.keyword.internal.WebUIKeywordMain.stepFailed(WebUIKeywordMain.groovy:64)
	at com.kms.katalon.core.webui.keyword.internal.WebUIKeywordMain.runKeyword(WebUIKeywordMain.groovy:26)
	at com.kms.katalon.core.webui.keyword.builtin.getCSSValueKeyword.getCSSValue(GetCSSValueKeyword.groovy:84)
	at com.kms.katalon.core.webui.keyword.builtin.getCSSValueKeyword.execute(GetCSSValueKeyword.groovy:68)
	at com.kms.katalon.core.keyword.internal.KeywordExecutor.executeKeywordForPlatform(KeywordExecutor.groovy:73)
	at com.kms.katalon.core.webui.keyword.WebUiBuiltInKeywords.getCSSValue(WebUiBuiltInKeywords.groovy:4535)
	at com.kms.katalon.core.webui.keyword.WebUiBuiltInKeywords$getCSSValue$21.call(Unknown Source)
	at tN_Highlighting by Occurrence Number.run(tN_Highlighting by Occurrence Number:100)
	at com.kms.katalon.core.main.ScriptEngine.run(ScriptEngine.java:194)
	at com.kms.katalon.core.main.ScriptEngine.runScriptAsRawText(ScriptEngine.java:119)
	at com.kms.katalon.core.main.TestCaseExecutor.runScript(TestCaseExecutor.java:398)
	at com.kms.katalon.core.main.TestCaseExecutor.doExecute(TestCaseExecutor.java:389)
	at com.kms.katalon.core.main.TestCaseExecutor.processExecutionPhase(TestCaseExecutor.java:368)
	at com.kms.katalon.core.main.TestCaseExecutor.accessMainPhase(TestCaseExecutor.java:360)
	at com.kms.katalon.core.main.TestCaseExecutor.execute(TestCaseExecutor.java:255)
	at com.kms.katalon.core.main.TestSuiteExecutor.accessTestCaseMainPhase(TestSuiteExecutor.java:203)
	at com.kms.katalon.core.main.TestSuiteExecutor.accessTestSuiteMainPhase(TestSuiteExecutor.java:152)
	at com.kms.katalon.core.main.TestSuiteExecutor.execute(TestSuiteExecutor.java:95)
	at com.kms.katalon.core.main.TestCaseMain.startTestSuite(TestCaseMain.java:157)
	at com.kms.katalon.core.main.TestCaseMain$startTestSuite$0.call(Unknown Source)
	at TempTestSuite1620046103825.run(TempTestSuite1620046103825.groovy:39)
Caused by: com.kms.katalon.core.webui.exception.WebElementNotFoundException: Web element with id: 'Object Repository/tN objects/word2' located by 'id("header---")/div[@class="jss256"]/div[@class="jss259"]/div[@id="wrapY"]/table[@class="MuiTable-root-717 jss539"]/tbody[@class="MuiTableBody-root-726 jss540"]/tr[@id="1:1"]/td[@class="MuiTableCell-root-729 MuiTableCell-body-731 jss728"]/div[@class="jss5526"]/span[11][count(. | //*[(text() = 'ÎÎµÎ¿á¿¦' or . = 'ÎÎµÎ¿á¿¦')]) = count(//*[(text() = 'ÎÎµÎ¿á¿¦' or . = 'ÎÎµÎ¿á¿¦')])]' not found
	at com.kms.katalon.core.webui.common.WebUiCommonHelper.findWebElement(WebUiCommonHelper.java:1368)
	at com.kms.katalon.core.webui.keyword.internal.WebUIAbstractKeyword.findWebElement(WebUIAbstractKeyword.groovy:27)
	at com.kms.katalon.core.webui.keyword.internal.WebUIAbstractKeyword.findWebElement(WebUIAbstractKeyword.groovy:26)
	at com.kms.katalon.core.webui.keyword.builtin.getCSSValueKeyword$_getCSSValue_closure1.doCall(GetCSSValueKeyword.groovy:75)
	at com.kms.katalon.core.webui.keyword.builtin.getCSSValueKeyword$_getCSSValue_closure1.call(GetCSSValueKeyword.groovy)
	at com.kms.katalon.core.webui.keyword.internal.WebUIKeywordMain.runKeyword(WebUIKeywordMain.groovy:20)
	at com.kms.katalon.core.webui.keyword.builtin.getCSSValueKeyword.getCSSValue(GetCSSValueKeyword.groovy:84)
	at com.kms.katalon.core.webui.keyword.builtin.getCSSValueKeyword.execute(GetCSSValueKeyword.groovy:68)
	at com.kms.katalon.core.keyword.internal.KeywordExecutor.executeKeywordForPlatform(KeywordExecutor.groovy:73)
	at com.kms.katalon.core.webui.keyword.WebUiBuiltInKeywords.getCSSValue(WebUiBuiltInKeywords.groovy:4535)
	at com.kms.katalon.core.webui.keyword.WebUiBuiltInKeywords$getCSSValue$21.call(Unknown Source)
	at Script1607640140574.run(Script1607640140574.groovy:100)
	... 13 more
)

2021-05-03 08:55:08 - [MESSAGE][INFO] - Unable to find the element located by 'By.xpath: id("header---")/div[@class="jss256"]/div[@class="jss259"]/div[@id="wrapY"]/table[@class="MuiTable-root-717 jss539"]/tbody[@class="MuiTableBody-root-726 jss540"]/tr[@id="1:1"]/td[@class="MuiTableCell-root-729 MuiTableCell-body-731 jss728"]/div[@class="jss5526"]/span[11][count(. | //*[(text() = 'ÎÎµÎ¿á¿¦' or . = 'ÎÎµÎ¿á¿¦')]) = count(//*[(text() = 'ÎÎµÎ¿á¿¦' or . = 'ÎÎµÎ¿á¿¦')])]'. Please recheck the objects properties to make sure the desired element is located. 

2021-05-03 08:55:08 - [MESSAGE][FAILED] - Cannot get CSS 'background-color' value on 'Object Repository/tN objects/word2'. (Root cause: com.kms.katalon.core.exception.StepFailedException: Cannot get CSS 'background-color' value on 'Object Repository/tN objects/word2'.
	at com.kms.katalon.core.webui.keyword.internal.WebUIKeywordMain.stepFailed(WebUIKeywordMain.groovy:64)
	at com.kms.katalon.core.webui.keyword.internal.WebUIKeywordMain.runKeyword(WebUIKeywordMain.groovy:26)
	at com.kms.katalon.core.webui.keyword.builtin.getCSSValueKeyword.getCSSValue(GetCSSValueKeyword.groovy:84)
	at com.kms.katalon.core.webui.keyword.builtin.getCSSValueKeyword.execute(GetCSSValueKeyword.groovy:68)
	at com.kms.katalon.core.keyword.internal.KeywordExecutor.executeKeywordForPlatform(KeywordExecutor.groovy:73)
	at com.kms.katalon.core.webui.keyword.WebUiBuiltInKeywords.getCSSValue(WebUiBuiltInKeywords.groovy:4535)
	at com.kms.katalon.core.webui.keyword.WebUiBuiltInKeywords$getCSSValue$21.call(Unknown Source)
	at tN_Highlighting by Occurrence Number.run(tN_Highlighting by Occurrence Number:100)
	at com.kms.katalon.core.main.ScriptEngine.run(ScriptEngine.java:194)
	at com.kms.katalon.core.main.ScriptEngine.runScriptAsRawText(ScriptEngine.java:119)
	at com.kms.katalon.core.main.TestCaseExecutor.runScript(TestCaseExecutor.java:398)
	at com.kms.katalon.core.main.TestCaseExecutor.doExecute(TestCaseExecutor.java:389)
	at com.kms.katalon.core.main.TestCaseExecutor.processExecutionPhase(TestCaseExecutor.java:368)
	at com.kms.katalon.core.main.TestCaseExecutor.accessMainPhase(TestCaseExecutor.java:360)
	at com.kms.katalon.core.main.TestCaseExecutor.execute(TestCaseExecutor.java:255)
	at com.kms.katalon.core.main.TestSuiteExecutor.accessTestCaseMainPhase(TestSuiteExecutor.java:203)
	at com.kms.katalon.core.main.TestSuiteExecutor.accessTestSuiteMainPhase(TestSuiteExecutor.java:152)
	at com.kms.katalon.core.main.TestSuiteExecutor.execute(TestSuiteExecutor.java:95)
	at com.kms.katalon.core.main.TestCaseMain.startTestSuite(TestCaseMain.java:157)
	at com.kms.katalon.core.main.TestCaseMain$startTestSuite$0.call(Unknown Source)
	at TempTestSuite1620046103825.run(TempTestSuite1620046103825.groovy:39)
Caused by: com.kms.katalon.core.webui.exception.WebElementNotFoundException: Web element with id: 'Object Repository/tN objects/word2' located by 'id("header---")/div[@class="jss256"]/div[@class="jss259"]/div[@id="wrapY"]/table[@class="MuiTable-root-717 jss539"]/tbody[@class="MuiTableBody-root-726 jss540"]/tr[@id="1:1"]/td[@class="MuiTableCell-root-729 MuiTableCell-body-731 jss728"]/div[@class="jss5526"]/span[11][count(. | //*[(text() = 'ÎÎµÎ¿á¿¦' or . = 'ÎÎµÎ¿á¿¦')]) = count(//*[(text() = 'ÎÎµÎ¿á¿¦' or . = 'ÎÎµÎ¿á¿¦')])]' not found
	at com.kms.katalon.core.webui.common.WebUiCommonHelper.findWebElement(WebUiCommonHelper.java:1368)
	at com.kms.katalon.core.webui.keyword.internal.WebUIAbstractKeyword.findWebElement(WebUIAbstractKeyword.groovy:27)
	at com.kms.katalon.core.webui.keyword.internal.WebUIAbstractKeyword.findWebElement(WebUIAbstractKeyword.groovy:26)
	at com.kms.katalon.core.webui.keyword.builtin.getCSSValueKeyword$_getCSSValue_closure1.doCall(GetCSSValueKeyword.groovy:75)
	at com.kms.katalon.core.webui.keyword.builtin.getCSSValueKeyword$_getCSSValue_closure1.call(GetCSSValueKeyword.groovy)
	at com.kms.katalon.core.webui.keyword.internal.WebUIKeywordMain.runKeyword(WebUIKeywordMain.groovy:20)
	at com.kms.katalon.core.webui.keyword.builtin.getCSSValueKeyword.getCSSValue(GetCSSValueKeyword.groovy:84)
	at com.kms.katalon.core.webui.keyword.builtin.getCSSValueKeyword.execute(GetCSSValueKeyword.groovy:68)
	at com.kms.katalon.core.keyword.internal.KeywordExecutor.executeKeywordForPlatform(KeywordExecutor.groovy:73)
	at com.kms.katalon.core.webui.keyword.WebUiBuiltInKeywords.getCSSValue(WebUiBuiltInKeywords.groovy:4535)
	at com.kms.katalon.core.webui.keyword.WebUiBuiltInKeywords$getCSSValue$21.call(Unknown Source)
	at Script1607640140574.run(Script1607640140574.groovy:100)
	... 13 more
)
[[ATTACHMENT|/Users/elsylitsonlambert/git/tcCreateQA/Reports/20210503_084823/Test Suite1- Regression/20210503_084823/1620046508165.png]]

2021-05-03 08:55:08 - [TEST_STEP][PASSED] - click(findTestObject("Object Repository/tN objects/p_occurrence box")): Object: 'Object Repository/tN objects/p_occurrence box' is clicked on

2021-05-03 08:55:09 - [MESSAGE][PASSED] - Object: 'Object Repository/tN objects/p_occurrence box' is clicked on

2021-05-03 08:55:09 - [TEST_STEP][PASSED] - clearText(findTestObject("Object Repository/tN objects/p_occurrence box"), CONTINUE_ON_FAILURE): Text of object 'Object Repository/tN objects/p_occurrence box' is cleared

2021-05-03 08:55:11 - [MESSAGE][PASSED] - Text of object 'Object Repository/tN objects/p_occurrence box' is cleared

2021-05-03 08:55:11 - [TEST_STEP][PASSED] - sendKeys(findTestObject("Object Repository/tN objects/p_occurrence box"), "2"): Keys '2' sent to object: 'Object Repository/tN objects/p_occurrence box'

2021-05-03 08:55:12 - [MESSAGE][PASSED] - Keys '2' sent to object: 'Object Repository/tN objects/p_occurrence box'

2021-05-03 08:55:12 - [TEST_STEP][PASSED] - build().perform(): null

2021-05-03 08:55:13 - [TEST_STEP][PASSED] - if (!(color_word2.equals(backcolor_word2))): null

2021-05-03 08:55:13 - [TEST_STEP][PASSED] - else: Text is not highlighted!

2021-05-03 08:55:13 - [TEST_STEP][PASSED] - logInfo("Text is not highlighted!"): Text is not highlighted!

2021-05-03 08:55:13 - [MESSAGE][INFO] - Text is not highlighted!

2021-05-03 08:55:13 - [TEST_STEP][PASSED] - clearText(findTestObject("Object Repository/tN objects/p_occurrence box"), CONTINUE_ON_FAILURE): Text of object 'Object Repository/tN objects/p_occurrence box' is cleared

2021-05-03 08:55:14 - [MESSAGE][PASSED] - Text of object 'Object Repository/tN objects/p_occurrence box' is cleared

2021-05-03 08:55:14 - [TEST_STEP][PASSED] - sendKeys(findTestObject("Object Repository/tN objects/p_occurrence box"), "-1"): Keys '-1' sent to object: 'Object Repository/tN objects/p_occurrence box'

2021-05-03 08:55:16 - [MESSAGE][PASSED] - Keys '-1' sent to object: 'Object Repository/tN objects/p_occurrence box'

2021-05-03 08:55:16 - [TEST_STEP][PASSED] - build().perform(): null

2021-05-03 08:55:16 - [TEST_STEP][PASSED] - if (!(color_word1.equals(backcolor_word1)) && !(color_word2.equals(backcolor_word2))): null

2021-05-03 08:55:16 - [TEST_STEP][PASSED] - else: Text is not highlighted!

2021-05-03 08:55:16 - [TEST_STEP][PASSED] - logInfo("Text is not highlighted!"): Text is not highlighted!

2021-05-03 08:55:16 - [MESSAGE][INFO] - Text is not highlighted!

2021-05-03 08:55:16 - [TEST_STEP][PASSED] - closeBrowser(): Browser is closed

2021-05-03 08:55:16 - [MESSAGE][PASSED] - Browser is closed]]></system-out>
         <system-err><![CDATA[2021-05-03 08:52:11 - [TEST_CASE][FAILED] - Test Cases/tCC Test Cases/tN_Highlighting by Occurrence Number: Test Cases/tCC Test Cases/tN_Highlighting by Occurrence Number FAILED.
Reason:
com.kms.katalon.core.exception.StepFailedException: Unable to scroll to object 'Object Repository/tN objects/div_Titus 11' (Root cause: com.kms.katalon.core.exception.StepFailedException: Unable to scroll to object 'Object Repository/tN objects/div_Titus 11'
	at com.kms.katalon.core.webui.keyword.internal.WebUIKeywordMain.stepFailed(WebUIKeywordMain.groovy:64)
	at com.kms.katalon.core.webui.keyword.internal.WebUIKeywordMain.runKeyword(WebUIKeywordMain.groovy:26)
	at com.kms.katalon.core.webui.keyword.builtin.ScrollToElementKeyword.scrollToElement(ScrollToElementKeyword.groovy:88)
	at com.kms.katalon.core.webui.keyword.builtin.ScrollToElementKeyword.execute(ScrollToElementKeyword.groovy:68)
	at com.kms.katalon.core.keyword.internal.KeywordExecutor.executeKeywordForPlatform(KeywordExecutor.groovy:73)
	at com.kms.katalon.core.webui.keyword.WebUiBuiltInKeywords.scrollToElement(WebUiBuiltInKeywords.groovy:4002)
	at com.kms.katalon.core.webui.keyword.WebUiBuiltInKeywords$scrollToElement$16.call(Unknown Source)
	at tN_Highlighting by Occurrence Number.run(tN_Highlighting by Occurrence Number:55)
	at com.kms.katalon.core.main.ScriptEngine.run(ScriptEngine.java:194)
	at com.kms.katalon.core.main.ScriptEngine.runScriptAsRawText(ScriptEngine.java:119)
	at com.kms.katalon.core.main.TestCaseExecutor.runScript(TestCaseExecutor.java:398)
	at com.kms.katalon.core.main.TestCaseExecutor.doExecute(TestCaseExecutor.java:389)
	at com.kms.katalon.core.main.TestCaseExecutor.processExecutionPhase(TestCaseExecutor.java:368)
	at com.kms.katalon.core.main.TestCaseExecutor.accessMainPhase(TestCaseExecutor.java:360)
	at com.kms.katalon.core.main.TestCaseExecutor.execute(TestCaseExecutor.java:255)
	at com.kms.katalon.core.main.TestSuiteExecutor.accessTestCaseMainPhase(TestSuiteExecutor.java:203)
	at com.kms.katalon.core.main.TestSuiteExecutor.accessTestSuiteMainPhase(TestSuiteExecutor.java:152)
	at com.kms.katalon.core.main.TestSuiteExecutor.execute(TestSuiteExecutor.java:95)
	at com.kms.katalon.core.main.TestCaseMain.startTestSuite(TestCaseMain.java:157)
	at com.kms.katalon.core.main.TestCaseMain$startTestSuite$0.call(Unknown Source)
	at TempTestSuite1620046103825.run(TempTestSuite1620046103825.groovy:39)
Caused by: com.kms.katalon.core.webui.exception.WebElementNotFoundException: Web element with id: 'Object Repository/tN objects/div_Titus 11' located by '//div[@id='header-1-1-rtc9']/div/div/div' not found
	at com.kms.katalon.core.webui.common.WebUiCommonHelper.findWebElement(WebUiCommonHelper.java:1368)
	at com.kms.katalon.core.webui.keyword.internal.WebUIAbstractKeyword.findWebElement(WebUIAbstractKeyword.groovy:27)
	at com.kms.katalon.core.webui.keyword.internal.WebUIAbstractKeyword.findWebElement(WebUIAbstractKeyword.groovy:26)
	at com.kms.katalon.core.webui.keyword.builtin.ScrollToElementKeyword$_scrollToElement_closure1.doCall(ScrollToElementKeyword.groovy:79)
	at com.kms.katalon.core.webui.keyword.builtin.ScrollToElementKeyword$_scrollToElement_closure1.call(ScrollToElementKeyword.groovy)
	at com.kms.katalon.core.webui.keyword.internal.WebUIKeywordMain.runKeyword(WebUIKeywordMain.groovy:20)
	at com.kms.katalon.core.webui.keyword.builtin.ScrollToElementKeyword.scrollToElement(ScrollToElementKeyword.groovy:88)
	at com.kms.katalon.core.webui.keyword.builtin.ScrollToElementKeyword.execute(ScrollToElementKeyword.groovy:68)
	at com.kms.katalon.core.keyword.internal.KeywordExecutor.executeKeywordForPlatform(KeywordExecutor.groovy:73)
	at com.kms.katalon.core.webui.keyword.WebUiBuiltInKeywords.scrollToElement(WebUiBuiltInKeywords.groovy:4002)
	at com.kms.katalon.core.webui.keyword.WebUiBuiltInKeywords$scrollToElement$16.call(Unknown Source)
	at Script1607640140574.run(Script1607640140574.groovy:55)
	... 13 more
)
	at com.kms.katalon.core.keyword.internal.KeywordMain.stepFailed(KeywordMain.groovy:39)
	at com.kms.katalon.core.webui.keyword.internal.WebUIKeywordMain.stepFailed(WebUIKeywordMain.groovy:64)
	at com.kms.katalon.core.webui.keyword.internal.WebUIKeywordMain.runKeyword(WebUIKeywordMain.groovy:26)
	at com.kms.katalon.core.webui.keyword.builtin.ScrollToElementKeyword.scrollToElement(ScrollToElementKeyword.groovy:88)
	at com.kms.katalon.core.webui.keyword.builtin.ScrollToElementKeyword.execute(ScrollToElementKeyword.groovy:68)
	at com.kms.katalon.core.keyword.internal.KeywordExecutor.executeKeywordForPlatform(KeywordExecutor.groovy:73)
	at com.kms.katalon.core.webui.keyword.WebUiBuiltInKeywords.scrollToElement(WebUiBuiltInKeywords.groovy:4002)
	at com.kms.katalon.core.webui.keyword.WebUiBuiltInKeywords$scrollToElement$16.call(Unknown Source)
	at tN_Highlighting by Occurrence Number.run(tN_Highlighting by Occurrence Number:55)
	at com.kms.katalon.core.main.ScriptEngine.run(ScriptEngine.java:194)
	at com.kms.katalon.core.main.ScriptEngine.runScriptAsRawText(ScriptEngine.java:119)
	at com.kms.katalon.core.main.TestCaseExecutor.runScript(TestCaseExecutor.java:398)
	at com.kms.katalon.core.main.TestCaseExecutor.doExecute(TestCaseExecutor.java:389)
	at com.kms.katalon.core.main.TestCaseExecutor.processExecutionPhase(TestCaseExecutor.java:368)
	at com.kms.katalon.core.main.TestCaseExecutor.accessMainPhase(TestCaseExecutor.java:360)
	at com.kms.katalon.core.main.TestCaseExecutor.execute(TestCaseExecutor.java:255)
	at com.kms.katalon.core.main.TestSuiteExecutor.accessTestCaseMainPhase(TestSuiteExecutor.java:203)
	at com.kms.katalon.core.main.TestSuiteExecutor.accessTestSuiteMainPhase(TestSuiteExecutor.java:152)
	at com.kms.katalon.core.main.TestSuiteExecutor.execute(TestSuiteExecutor.java:95)
	at com.kms.katalon.core.main.TestCaseMain.startTestSuite(TestCaseMain.java:157)
	at com.kms.katalon.core.main.TestCaseMain$startTestSuite$0.call(Unknown Source)
	at TempTestSuite1620046103825.run(TempTestSuite1620046103825.groovy:39)
Caused by: com.kms.katalon.core.exception.StepFailedException: Unable to scroll to object 'Object Repository/tN objects/div_Titus 11'
	... 21 more
Caused by: com.kms.katalon.core.webui.exception.WebElementNotFoundException: Web element with id: 'Object Repository/tN objects/div_Titus 11' located by '//div[@id='header-1-1-rtc9']/div/div/div' not found
	at com.kms.katalon.core.webui.common.WebUiCommonHelper.findWebElement(WebUiCommonHelper.java:1368)
	at com.kms.katalon.core.webui.keyword.internal.WebUIAbstractKeyword.findWebElement(WebUIAbstractKeyword.groovy:27)
	at com.kms.katalon.core.webui.keyword.internal.WebUIAbstractKeyword.findWebElement(WebUIAbstractKeyword.groovy:26)
	at com.kms.katalon.core.webui.keyword.builtin.ScrollToElementKeyword$_scrollToElement_closure1.doCall(ScrollToElementKeyword.groovy:79)
	at com.kms.katalon.core.webui.keyword.builtin.ScrollToElementKeyword$_scrollToElement_closure1.call(ScrollToElementKeyword.groovy)
	at com.kms.katalon.core.webui.keyword.internal.WebUIKeywordMain.runKeyword(WebUIKeywordMain.groovy:20)
	... 19 more]]></system-err>
      </testcase>
      <testcase name="Test Cases/tCC Test Cases/tW_Saving tW Article" time="249.665" classname="Test Cases/tCC Test Cases/tW_Saving tW Article" status="FAILED">
         <failure type="FAILED" message="Test Cases/tCC Test Cases/tW_Saving tW Article FAILED.
Reason:
com.kms.katalon.core.exception.StepFailedException: Unable to click on object 'Object Repository/tW Objects/span_kt' (Root cause: com.kms.katalon.core.exception.StepFailedException: Unable to click on object 'Object Repository/tW Objects/span_kt'
	at com.kms.katalon.core.webui.keyword.internal.WebUIKeywordMain.stepFailed(WebUIKeywordMain.groovy:64)
	at com.kms.katalon.core.webui.keyword.internal.WebUIKeywordMain.runKeyword(WebUIKeywordMain.groovy:26)
	at com.kms.katalon.core.webui.keyword.builtin.ClickKeyword.click(ClickKeyword.groovy:75)
	at com.kms.katalon.core.webui.keyword.builtin.ClickKeyword.execute(ClickKeyword.groovy:42)
	at com.kms.katalon.core.keyword.internal.KeywordExecutor.executeKeywordForPlatform(KeywordExecutor.groovy:73)
	at com.kms.katalon.core.webui.keyword.WebUiBuiltInKeywords.click(WebUiBuiltInKeywords.groovy:619)
	at com.kms.katalon.core.webui.keyword.WebUiBuiltInKeywords$click$3.call(Unknown Source)
	at tW_Saving tW Article.run(tW_Saving tW Article:33)
	at com.kms.katalon.core.main.ScriptEngine.run(ScriptEngine.java:194)
	at com.kms.katalon.core.main.ScriptEngine.runScriptAsRawText(ScriptEngine.java:119)
	at com.kms.katalon.core.main.TestCaseExecutor.runScript(TestCaseExecutor.java:398)
	at com.kms.katalon.core.main.TestCaseExecutor.doExecute(TestCaseExecutor.java:389)
	at com.kms.katalon.core.main.TestCaseExecutor.processExecutionPhase(TestCaseExecutor.java:368)
	at com.kms.katalon.core.main.TestCaseExecutor.accessMainPhase(TestCaseExecutor.java:360)
	at com.kms.katalon.core.main.TestCaseExecutor.execute(TestCaseExecutor.java:255)
	at com.kms.katalon.core.main.TestSuiteExecutor.accessTestCaseMainPhase(TestSuiteExecutor.java:203)
	at com.kms.katalon.core.main.TestSuiteExecutor.accessTestSuiteMainPhase(TestSuiteExecutor.java:152)
	at com.kms.katalon.core.main.TestSuiteExecutor.execute(TestSuiteExecutor.java:95)
	at com.kms.katalon.core.main.TestCaseMain.startTestSuite(TestCaseMain.java:157)
	at com.kms.katalon.core.main.TestCaseMain$startTestSuite$0.call(Unknown Source)
	at TempTestSuite1620046103825.run(TempTestSuite1620046103825.groovy:39)
Caused by: com.kms.katalon.core.webui.exception.WebElementNotFoundException: Web element with id: 'Object Repository/tW Objects/span_kt' located by '//div[@id='root']/div/div/div/div/div[2]/div/div/div/div/ul/div[6]/div[2]/div/div/ul/div[2]/div/div[2]/span' not found
	at com.kms.katalon.core.webui.common.WebUiCommonHelper.findWebElement(WebUiCommonHelper.java:1368)
	at com.kms.katalon.core.webui.keyword.internal.WebUIAbstractKeyword.findWebElement(WebUIAbstractKeyword.groovy:27)
	at com.kms.katalon.core.webui.keyword.internal.WebUIAbstractKeyword.findWebElement(WebUIAbstractKeyword.groovy:26)
	at com.kms.katalon.core.webui.keyword.builtin.ClickKeyword$_click_closure1.doCall(ClickKeyword.groovy:66)
	at com.kms.katalon.core.webui.keyword.builtin.ClickKeyword$_click_closure1.call(ClickKeyword.groovy)
	at com.kms.katalon.core.webui.keyword.internal.WebUIKeywordMain.runKeyword(WebUIKeywordMain.groovy:20)
	at com.kms.katalon.core.webui.keyword.builtin.ClickKeyword.click(ClickKeyword.groovy:75)
	at com.kms.katalon.core.webui.keyword.builtin.ClickKeyword.execute(ClickKeyword.groovy:42)
	at com.kms.katalon.core.keyword.internal.KeywordExecutor.executeKeywordForPlatform(KeywordExecutor.groovy:73)
	at com.kms.katalon.core.webui.keyword.WebUiBuiltInKeywords.click(WebUiBuiltInKeywords.groovy:619)
	at com.kms.katalon.core.webui.keyword.WebUiBuiltInKeywords$click$3.call(Unknown Source)
	at Script1607640231574.run(Script1607640231574.groovy:33)
	... 13 more
)
	at com.kms.katalon.core.keyword.internal.KeywordMain.stepFailed(KeywordMain.groovy:39)
	at com.kms.katalon.core.webui.keyword.internal.WebUIKeywordMain.stepFailed(WebUIKeywordMain.groovy:64)
	at com.kms.katalon.core.webui.keyword.internal.WebUIKeywordMain.runKeyword(WebUIKeywordMain.groovy:26)
	at com.kms.katalon.core.webui.keyword.builtin.ClickKeyword.click(ClickKeyword.groovy:75)
	at com.kms.katalon.core.webui.keyword.builtin.ClickKeyword.execute(ClickKeyword.groovy:42)
	at com.kms.katalon.core.keyword.internal.KeywordExecutor.executeKeywordForPlatform(KeywordExecutor.groovy:73)
	at com.kms.katalon.core.webui.keyword.WebUiBuiltInKeywords.click(WebUiBuiltInKeywords.groovy:619)
	at com.kms.katalon.core.webui.keyword.WebUiBuiltInKeywords$click$3.call(Unknown Source)
	at tW_Saving tW Article.run(tW_Saving tW Article:33)
	at com.kms.katalon.core.main.ScriptEngine.run(ScriptEngine.java:194)
	at com.kms.katalon.core.main.ScriptEngine.runScriptAsRawText(ScriptEngine.java:119)
	at com.kms.katalon.core.main.TestCaseExecutor.runScript(TestCaseExecutor.java:398)
	at com.kms.katalon.core.main.TestCaseExecutor.doExecute(TestCaseExecutor.java:389)
	at com.kms.katalon.core.main.TestCaseExecutor.processExecutionPhase(TestCaseExecutor.java:368)
	at com.kms.katalon.core.main.TestCaseExecutor.accessMainPhase(TestCaseExecutor.java:360)
	at com.kms.katalon.core.main.TestCaseExecutor.execute(TestCaseExecutor.java:255)
	at com.kms.katalon.core.main.TestSuiteExecutor.accessTestCaseMainPhase(TestSuiteExecutor.java:203)
	at com.kms.katalon.core.main.TestSuiteExecutor.accessTestSuiteMainPhase(TestSuiteExecutor.java:152)
	at com.kms.katalon.core.main.TestSuiteExecutor.execute(TestSuiteExecutor.java:95)
	at com.kms.katalon.core.main.TestCaseMain.startTestSuite(TestCaseMain.java:157)
	at com.kms.katalon.core.main.TestCaseMain$startTestSuite$0.call(Unknown Source)
	at TempTestSuite1620046103825.run(TempTestSuite1620046103825.groovy:39)
Caused by: com.kms.katalon.core.exception.StepFailedException: Unable to click on object 'Object Repository/tW Objects/span_kt'
	... 21 more
Caused by: com.kms.katalon.core.webui.exception.WebElementNotFoundException: Web element with id: 'Object Repository/tW Objects/span_kt' located by '//div[@id='root']/div/div/div/div/div[2]/div/div/div/div/ul/div[6]/div[2]/div/div/ul/div[2]/div/div[2]/span' not found
	at com.kms.katalon.core.webui.common.WebUiCommonHelper.findWebElement(WebUiCommonHelper.java:1368)
	at com.kms.katalon.core.webui.keyword.internal.WebUIAbstractKeyword.findWebElement(WebUIAbstractKeyword.groovy:27)
	at com.kms.katalon.core.webui.keyword.internal.WebUIAbstractKeyword.findWebElement(WebUIAbstractKeyword.groovy:26)
	at com.kms.katalon.core.webui.keyword.builtin.ClickKeyword$_click_closure1.doCall(ClickKeyword.groovy:66)
	at com.kms.katalon.core.webui.keyword.builtin.ClickKeyword$_click_closure1.call(ClickKeyword.groovy)
	at com.kms.katalon.core.webui.keyword.internal.WebUIKeywordMain.runKeyword(WebUIKeywordMain.groovy:20)
	... 19 more
"/>
         <system-out><![CDATA[2021-05-03 08:55:16 - [TEST_CASE][FAILED] - Test Cases/tCC Test Cases/tW_Saving tW Article: Test Cases/tCC Test Cases/tW_Saving tW Article FAILED.
Reason:
com.kms.katalon.core.exception.StepFailedException: Unable to click on object 'Object Repository/tW Objects/span_kt' (Root cause: com.kms.katalon.core.exception.StepFailedException: Unable to click on object 'Object Repository/tW Objects/span_kt'
	at com.kms.katalon.core.webui.keyword.internal.WebUIKeywordMain.stepFailed(WebUIKeywordMain.groovy:64)
	at com.kms.katalon.core.webui.keyword.internal.WebUIKeywordMain.runKeyword(WebUIKeywordMain.groovy:26)
	at com.kms.katalon.core.webui.keyword.builtin.ClickKeyword.click(ClickKeyword.groovy:75)
	at com.kms.katalon.core.webui.keyword.builtin.ClickKeyword.execute(ClickKeyword.groovy:42)
	at com.kms.katalon.core.keyword.internal.KeywordExecutor.executeKeywordForPlatform(KeywordExecutor.groovy:73)
	at com.kms.katalon.core.webui.keyword.WebUiBuiltInKeywords.click(WebUiBuiltInKeywords.groovy:619)
	at com.kms.katalon.core.webui.keyword.WebUiBuiltInKeywords$click$3.call(Unknown Source)
	at tW_Saving tW Article.run(tW_Saving tW Article:33)
	at com.kms.katalon.core.main.ScriptEngine.run(ScriptEngine.java:194)
	at com.kms.katalon.core.main.ScriptEngine.runScriptAsRawText(ScriptEngine.java:119)
	at com.kms.katalon.core.main.TestCaseExecutor.runScript(TestCaseExecutor.java:398)
	at com.kms.katalon.core.main.TestCaseExecutor.doExecute(TestCaseExecutor.java:389)
	at com.kms.katalon.core.main.TestCaseExecutor.processExecutionPhase(TestCaseExecutor.java:368)
	at com.kms.katalon.core.main.TestCaseExecutor.accessMainPhase(TestCaseExecutor.java:360)
	at com.kms.katalon.core.main.TestCaseExecutor.execute(TestCaseExecutor.java:255)
	at com.kms.katalon.core.main.TestSuiteExecutor.accessTestCaseMainPhase(TestSuiteExecutor.java:203)
	at com.kms.katalon.core.main.TestSuiteExecutor.accessTestSuiteMainPhase(TestSuiteExecutor.java:152)
	at com.kms.katalon.core.main.TestSuiteExecutor.execute(TestSuiteExecutor.java:95)
	at com.kms.katalon.core.main.TestCaseMain.startTestSuite(TestCaseMain.java:157)
	at com.kms.katalon.core.main.TestCaseMain$startTestSuite$0.call(Unknown Source)
	at TempTestSuite1620046103825.run(TempTestSuite1620046103825.groovy:39)
Caused by: com.kms.katalon.core.webui.exception.WebElementNotFoundException: Web element with id: 'Object Repository/tW Objects/span_kt' located by '//div[@id='root']/div/div/div/div/div[2]/div/div/div/div/ul/div[6]/div[2]/div/div/ul/div[2]/div/div[2]/span' not found
	at com.kms.katalon.core.webui.common.WebUiCommonHelper.findWebElement(WebUiCommonHelper.java:1368)
	at com.kms.katalon.core.webui.keyword.internal.WebUIAbstractKeyword.findWebElement(WebUIAbstractKeyword.groovy:27)
	at com.kms.katalon.core.webui.keyword.internal.WebUIAbstractKeyword.findWebElement(WebUIAbstractKeyword.groovy:26)
	at com.kms.katalon.core.webui.keyword.builtin.ClickKeyword$_click_closure1.doCall(ClickKeyword.groovy:66)
	at com.kms.katalon.core.webui.keyword.builtin.ClickKeyword$_click_closure1.call(ClickKeyword.groovy)
	at com.kms.katalon.core.webui.keyword.internal.WebUIKeywordMain.runKeyword(WebUIKeywordMain.groovy:20)
	at com.kms.katalon.core.webui.keyword.builtin.ClickKeyword.click(ClickKeyword.groovy:75)
	at com.kms.katalon.core.webui.keyword.builtin.ClickKeyword.execute(ClickKeyword.groovy:42)
	at com.kms.katalon.core.keyword.internal.KeywordExecutor.executeKeywordForPlatform(KeywordExecutor.groovy:73)
	at com.kms.katalon.core.webui.keyword.WebUiBuiltInKeywords.click(WebUiBuiltInKeywords.groovy:619)
	at com.kms.katalon.core.webui.keyword.WebUiBuiltInKeywords$click$3.call(Unknown Source)
	at Script1607640231574.run(Script1607640231574.groovy:33)
	... 13 more
)
	at com.kms.katalon.core.keyword.internal.KeywordMain.stepFailed(KeywordMain.groovy:39)
	at com.kms.katalon.core.webui.keyword.internal.WebUIKeywordMain.stepFailed(WebUIKeywordMain.groovy:64)
	at com.kms.katalon.core.webui.keyword.internal.WebUIKeywordMain.runKeyword(WebUIKeywordMain.groovy:26)
	at com.kms.katalon.core.webui.keyword.builtin.ClickKeyword.click(ClickKeyword.groovy:75)
	at com.kms.katalon.core.webui.keyword.builtin.ClickKeyword.execute(ClickKeyword.groovy:42)
	at com.kms.katalon.core.keyword.internal.KeywordExecutor.executeKeywordForPlatform(KeywordExecutor.groovy:73)
	at com.kms.katalon.core.webui.keyword.WebUiBuiltInKeywords.click(WebUiBuiltInKeywords.groovy:619)
	at com.kms.katalon.core.webui.keyword.WebUiBuiltInKeywords$click$3.call(Unknown Source)
	at tW_Saving tW Article.run(tW_Saving tW Article:33)
	at com.kms.katalon.core.main.ScriptEngine.run(ScriptEngine.java:194)
	at com.kms.katalon.core.main.ScriptEngine.runScriptAsRawText(ScriptEngine.java:119)
	at com.kms.katalon.core.main.TestCaseExecutor.runScript(TestCaseExecutor.java:398)
	at com.kms.katalon.core.main.TestCaseExecutor.doExecute(TestCaseExecutor.java:389)
	at com.kms.katalon.core.main.TestCaseExecutor.processExecutionPhase(TestCaseExecutor.java:368)
	at com.kms.katalon.core.main.TestCaseExecutor.accessMainPhase(TestCaseExecutor.java:360)
	at com.kms.katalon.core.main.TestCaseExecutor.execute(TestCaseExecutor.java:255)
	at com.kms.katalon.core.main.TestSuiteExecutor.accessTestCaseMainPhase(TestSuiteExecutor.java:203)
	at com.kms.katalon.core.main.TestSuiteExecutor.accessTestSuiteMainPhase(TestSuiteExecutor.java:152)
	at com.kms.katalon.core.main.TestSuiteExecutor.execute(TestSuiteExecutor.java:95)
	at com.kms.katalon.core.main.TestCaseMain.startTestSuite(TestCaseMain.java:157)
	at com.kms.katalon.core.main.TestCaseMain$startTestSuite$0.call(Unknown Source)
	at TempTestSuite1620046103825.run(TempTestSuite1620046103825.groovy:39)
Caused by: com.kms.katalon.core.exception.StepFailedException: Unable to click on object 'Object Repository/tW Objects/span_kt'
	... 21 more
Caused by: com.kms.katalon.core.webui.exception.WebElementNotFoundException: Web element with id: 'Object Repository/tW Objects/span_kt' located by '//div[@id='root']/div/div/div/div/div[2]/div/div/div/div/ul/div[6]/div[2]/div/div/ul/div[2]/div/div[2]/span' not found
	at com.kms.katalon.core.webui.common.WebUiCommonHelper.findWebElement(WebUiCommonHelper.java:1368)
	at com.kms.katalon.core.webui.keyword.internal.WebUIAbstractKeyword.findWebElement(WebUIAbstractKeyword.groovy:27)
	at com.kms.katalon.core.webui.keyword.internal.WebUIAbstractKeyword.findWebElement(WebUIAbstractKeyword.groovy:26)
	at com.kms.katalon.core.webui.keyword.builtin.ClickKeyword$_click_closure1.doCall(ClickKeyword.groovy:66)
	at com.kms.katalon.core.webui.keyword.builtin.ClickKeyword$_click_closure1.call(ClickKeyword.groovy)
	at com.kms.katalon.core.webui.keyword.internal.WebUIKeywordMain.runKeyword(WebUIKeywordMain.groovy:20)
	... 19 more


2021-05-03 08:55:16 - [TEST_STEP][PASSED] - com.tccreate.keywords.WriteToFile.writeTofilename("tW-Save"): com.tccreate.keywords.WriteToFile.writeTofilename is PASSED

2021-05-03 08:55:16 - [MESSAGE][PASSED] - com.tccreate.keywords.WriteToFile.writeTofilename is PASSED

2021-05-03 08:55:16 - [TEST_STEP][PASSED] - com.helper.login.TimeDate.getTimeDate(): com.helper.login.TimeDate.getTimeDate is PASSED

2021-05-03 08:55:16 - [MESSAGE][INFO] - Time at which the test run:2021-05-03 08:55:16.731

2021-05-03 08:55:16 - [MESSAGE][PASSED] - com.helper.login.TimeDate.getTimeDate is PASSED

2021-05-03 08:55:16 - [TEST_STEP][PASSED] - com.helper.login.loginhelper.logintoapp(): com.helper.login.loginhelper.logintoapp is PASSED

2021-05-03 08:55:16 - [MESSAGE][INFO] - Starting 'Chrome' driver

2021-05-03 08:55:16 - [MESSAGE][INFO] - Action delay is set to 1,000 milliseconds

2021-05-03 08:55:17 - [MESSAGE][WARNING] - FFmpeg was not installed! Browser Recording will be disabled. Please follow this document to install FFmpeg first: https://docs.katalon.com/katalon-studio/docs/screenshots-videos.html#browser-based-recorder

2021-05-03 08:55:23 - [MESSAGE][PASSED] - Browser is opened with url: 'https://develop--tc-create-app.netlify.app/'

2021-05-03 08:55:23 - [MESSAGE][PASSED] - Wait for page load successfully

2021-05-03 08:55:23 - [MESSAGE][PASSED] - Current window maximized

2021-05-03 08:55:25 - [MESSAGE][PASSED] - Keys 'elsylambert' sent to object: 'Object Repository/Page_tC Create/input__username'

2021-05-03 08:55:26 - [MESSAGE][PASSED] - Keys 'fatak43' sent to object: 'Object Repository/Page_tC Create/input__password'

2021-05-03 08:55:27 - [MESSAGE][PASSED] - Object: 'Object Repository/Page_tC Create/button_Login' is clicked on

2021-05-03 08:55:28 - [MESSAGE][PASSED] - Delayed 1 second(s)

2021-05-03 08:55:30 - [MESSAGE][PASSED] - Text of object 'Object Repository/Page_tC Create/tcc-version number' is: 'translationCore Create - v1.2.0 build 41-eb23e86'

2021-05-03 08:55:30 - [MESSAGE][INFO] - : The current version and build number is translationCore Create - v1.2.0 build 41-eb23e86

2021-05-03 08:55:30 - [MESSAGE][PASSED] - com.helper.login.loginhelper.logintoapp is PASSED

2021-05-03 08:55:30 - [TEST_STEP][PASSED] - com.tccreate.keywords.selectOrg.organization(""): com.tccreate.keywords.selectOrg.organization is PASSED

2021-05-03 08:55:31 - [MESSAGE][PASSED] - Object: 'Object Repository/Page_tC Create/listOption_organisation_Parmed' is clicked on

2021-05-03 08:55:33 - [MESSAGE][WARNING] - No alert found after 2 second(s).

2021-05-03 08:55:33 - [MESSAGE][PASSED] - com.tccreate.keywords.selectOrg.organization is PASSED

2021-05-03 08:55:33 - [TEST_STEP][PASSED] - com.tccreate.keywords.selectOrg.resource("unfoldingWordÂ® Translation Words"): com.tccreate.keywords.selectOrg.resource is PASSED

2021-05-03 08:55:34 - [MESSAGE][PASSED] - Object: 'Object Repository/Page_tC Create/resource_Parmed' is clicked on

2021-05-03 08:55:34 - [MESSAGE][PASSED] - com.tccreate.keywords.selectOrg.resource is PASSED

2021-05-03 08:55:34 - [TEST_STEP][PASSED] - com.tccreate.keywords.selectOrg.language(""): com.tccreate.keywords.selectOrg.language is PASSED

2021-05-03 08:55:36 - [MESSAGE][PASSED] - Object: 'Object Repository/Page_tC Create/combo_Select Language' is clicked on

2021-05-03 08:55:38 - [MESSAGE][PASSED] - Object: 'Object Repository/Page_tC Create/listOption_Language_Parmed' is clicked on

2021-05-03 08:55:38 - [MESSAGE][PASSED] - com.tccreate.keywords.selectOrg.language is PASSED

2021-05-03 08:55:38 - [TEST_STEP][PASSED] - click(findTestObject("tW Objects/span_bible")): Object: 'Object Repository/tW Objects/span_bible' is clicked on

2021-05-03 08:55:39 - [MESSAGE][PASSED] - Object: 'Object Repository/tW Objects/span_bible' is clicked on

2021-05-03 08:55:39 - [TEST_STEP][FAILED] - click(findTestObject("tW Objects/span_kt")): Unable to click on object 'Object Repository/tW Objects/span_kt' (Root cause: com.kms.katalon.core.exception.StepFailedException: Unable to click on object 'Object Repository/tW Objects/span_kt'
	at com.kms.katalon.core.webui.keyword.internal.WebUIKeywordMain.stepFailed(WebUIKeywordMain.groovy:64)
	at com.kms.katalon.core.webui.keyword.internal.WebUIKeywordMain.runKeyword(WebUIKeywordMain.groovy:26)
	at com.kms.katalon.core.webui.keyword.builtin.ClickKeyword.click(ClickKeyword.groovy:75)
	at com.kms.katalon.core.webui.keyword.builtin.ClickKeyword.execute(ClickKeyword.groovy:42)
	at com.kms.katalon.core.keyword.internal.KeywordExecutor.executeKeywordForPlatform(KeywordExecutor.groovy:73)
	at com.kms.katalon.core.webui.keyword.WebUiBuiltInKeywords.click(WebUiBuiltInKeywords.groovy:619)
	at com.kms.katalon.core.webui.keyword.WebUiBuiltInKeywords$click$3.call(Unknown Source)
	at tW_Saving tW Article.run(tW_Saving tW Article:33)
	at com.kms.katalon.core.main.ScriptEngine.run(ScriptEngine.java:194)
	at com.kms.katalon.core.main.ScriptEngine.runScriptAsRawText(ScriptEngine.java:119)
	at com.kms.katalon.core.main.TestCaseExecutor.runScript(TestCaseExecutor.java:398)
	at com.kms.katalon.core.main.TestCaseExecutor.doExecute(TestCaseExecutor.java:389)
	at com.kms.katalon.core.main.TestCaseExecutor.processExecutionPhase(TestCaseExecutor.java:368)
	at com.kms.katalon.core.main.TestCaseExecutor.accessMainPhase(TestCaseExecutor.java:360)
	at com.kms.katalon.core.main.TestCaseExecutor.execute(TestCaseExecutor.java:255)
	at com.kms.katalon.core.main.TestSuiteExecutor.accessTestCaseMainPhase(TestSuiteExecutor.java:203)
	at com.kms.katalon.core.main.TestSuiteExecutor.accessTestSuiteMainPhase(TestSuiteExecutor.java:152)
	at com.kms.katalon.core.main.TestSuiteExecutor.execute(TestSuiteExecutor.java:95)
	at com.kms.katalon.core.main.TestCaseMain.startTestSuite(TestCaseMain.java:157)
	at com.kms.katalon.core.main.TestCaseMain$startTestSuite$0.call(Unknown Source)
	at TempTestSuite1620046103825.run(TempTestSuite1620046103825.groovy:39)
Caused by: com.kms.katalon.core.webui.exception.WebElementNotFoundException: Web element with id: 'Object Repository/tW Objects/span_kt' located by '//div[@id='root']/div/div/div/div/div[2]/div/div/div/div/ul/div[6]/div[2]/div/div/ul/div[2]/div/div[2]/span' not found
	at com.kms.katalon.core.webui.common.WebUiCommonHelper.findWebElement(WebUiCommonHelper.java:1368)
	at com.kms.katalon.core.webui.keyword.internal.WebUIAbstractKeyword.findWebElement(WebUIAbstractKeyword.groovy:27)
	at com.kms.katalon.core.webui.keyword.internal.WebUIAbstractKeyword.findWebElement(WebUIAbstractKeyword.groovy:26)
	at com.kms.katalon.core.webui.keyword.builtin.ClickKeyword$_click_closure1.doCall(ClickKeyword.groovy:66)
	at com.kms.katalon.core.webui.keyword.builtin.ClickKeyword$_click_closure1.call(ClickKeyword.groovy)
	at com.kms.katalon.core.webui.keyword.internal.WebUIKeywordMain.runKeyword(WebUIKeywordMain.groovy:20)
	at com.kms.katalon.core.webui.keyword.builtin.ClickKeyword.click(ClickKeyword.groovy:75)
	at com.kms.katalon.core.webui.keyword.builtin.ClickKeyword.execute(ClickKeyword.groovy:42)
	at com.kms.katalon.core.keyword.internal.KeywordExecutor.executeKeywordForPlatform(KeywordExecutor.groovy:73)
	at com.kms.katalon.core.webui.keyword.WebUiBuiltInKeywords.click(WebUiBuiltInKeywords.groovy:619)
	at com.kms.katalon.core.webui.keyword.WebUiBuiltInKeywords$click$3.call(Unknown Source)
	at Script1607640231574.run(Script1607640231574.groovy:33)
	... 13 more
)

2021-05-03 08:56:11 - [MESSAGE][INFO] - Unable to find the element located by 'By.xpath: //div[@id='root']/div/div/div/div/div[2]/div/div/div/div/ul/div[6]/div[2]/div/div/ul/div[2]/div/div[2]/span'. Please recheck the objects properties to make sure the desired element is located. 

2021-05-03 08:56:11 - [MESSAGE][FAILED] - Unable to click on object 'Object Repository/tW Objects/span_kt' (Root cause: com.kms.katalon.core.exception.StepFailedException: Unable to click on object 'Object Repository/tW Objects/span_kt'
	at com.kms.katalon.core.webui.keyword.internal.WebUIKeywordMain.stepFailed(WebUIKeywordMain.groovy:64)
	at com.kms.katalon.core.webui.keyword.internal.WebUIKeywordMain.runKeyword(WebUIKeywordMain.groovy:26)
	at com.kms.katalon.core.webui.keyword.builtin.ClickKeyword.click(ClickKeyword.groovy:75)
	at com.kms.katalon.core.webui.keyword.builtin.ClickKeyword.execute(ClickKeyword.groovy:42)
	at com.kms.katalon.core.keyword.internal.KeywordExecutor.executeKeywordForPlatform(KeywordExecutor.groovy:73)
	at com.kms.katalon.core.webui.keyword.WebUiBuiltInKeywords.click(WebUiBuiltInKeywords.groovy:619)
	at com.kms.katalon.core.webui.keyword.WebUiBuiltInKeywords$click$3.call(Unknown Source)
	at tW_Saving tW Article.run(tW_Saving tW Article:33)
	at com.kms.katalon.core.main.ScriptEngine.run(ScriptEngine.java:194)
	at com.kms.katalon.core.main.ScriptEngine.runScriptAsRawText(ScriptEngine.java:119)
	at com.kms.katalon.core.main.TestCaseExecutor.runScript(TestCaseExecutor.java:398)
	at com.kms.katalon.core.main.TestCaseExecutor.doExecute(TestCaseExecutor.java:389)
	at com.kms.katalon.core.main.TestCaseExecutor.processExecutionPhase(TestCaseExecutor.java:368)
	at com.kms.katalon.core.main.TestCaseExecutor.accessMainPhase(TestCaseExecutor.java:360)
	at com.kms.katalon.core.main.TestCaseExecutor.execute(TestCaseExecutor.java:255)
	at com.kms.katalon.core.main.TestSuiteExecutor.accessTestCaseMainPhase(TestSuiteExecutor.java:203)
	at com.kms.katalon.core.main.TestSuiteExecutor.accessTestSuiteMainPhase(TestSuiteExecutor.java:152)
	at com.kms.katalon.core.main.TestSuiteExecutor.execute(TestSuiteExecutor.java:95)
	at com.kms.katalon.core.main.TestCaseMain.startTestSuite(TestCaseMain.java:157)
	at com.kms.katalon.core.main.TestCaseMain$startTestSuite$0.call(Unknown Source)
	at TempTestSuite1620046103825.run(TempTestSuite1620046103825.groovy:39)
Caused by: com.kms.katalon.core.webui.exception.WebElementNotFoundException: Web element with id: 'Object Repository/tW Objects/span_kt' located by '//div[@id='root']/div/div/div/div/div[2]/div/div/div/div/ul/div[6]/div[2]/div/div/ul/div[2]/div/div[2]/span' not found
	at com.kms.katalon.core.webui.common.WebUiCommonHelper.findWebElement(WebUiCommonHelper.java:1368)
	at com.kms.katalon.core.webui.keyword.internal.WebUIAbstractKeyword.findWebElement(WebUIAbstractKeyword.groovy:27)
	at com.kms.katalon.core.webui.keyword.internal.WebUIAbstractKeyword.findWebElement(WebUIAbstractKeyword.groovy:26)
	at com.kms.katalon.core.webui.keyword.builtin.ClickKeyword$_click_closure1.doCall(ClickKeyword.groovy:66)
	at com.kms.katalon.core.webui.keyword.builtin.ClickKeyword$_click_closure1.call(ClickKeyword.groovy)
	at com.kms.katalon.core.webui.keyword.internal.WebUIKeywordMain.runKeyword(WebUIKeywordMain.groovy:20)
	at com.kms.katalon.core.webui.keyword.builtin.ClickKeyword.click(ClickKeyword.groovy:75)
	at com.kms.katalon.core.webui.keyword.builtin.ClickKeyword.execute(ClickKeyword.groovy:42)
	at com.kms.katalon.core.keyword.internal.KeywordExecutor.executeKeywordForPlatform(KeywordExecutor.groovy:73)
	at com.kms.katalon.core.webui.keyword.WebUiBuiltInKeywords.click(WebUiBuiltInKeywords.groovy:619)
	at com.kms.katalon.core.webui.keyword.WebUiBuiltInKeywords$click$3.call(Unknown Source)
	at Script1607640231574.run(Script1607640231574.groovy:33)
	... 13 more
)
[[ATTACHMENT|/Users/elsylitsonlambert/git/tcCreateQA/Reports/20210503_084823/Test Suite1- Regression/20210503_084823/1620046571174.png]]

2021-05-03 08:56:11 - [TEST_STEP][FAILED] - click(findTestObject("tW Objects/span_almighty.md")): Unable to click on object 'Object Repository/tW Objects/span_almighty.md' (Root cause: com.kms.katalon.core.exception.StepFailedException: Unable to click on object 'Object Repository/tW Objects/span_almighty.md'
	at com.kms.katalon.core.webui.keyword.internal.WebUIKeywordMain.stepFailed(WebUIKeywordMain.groovy:64)
	at com.kms.katalon.core.webui.keyword.internal.WebUIKeywordMain.runKeyword(WebUIKeywordMain.groovy:26)
	at com.kms.katalon.core.webui.keyword.builtin.ClickKeyword.click(ClickKeyword.groovy:75)
	at com.kms.katalon.core.webui.keyword.builtin.ClickKeyword.execute(ClickKeyword.groovy:42)
	at com.kms.katalon.core.keyword.internal.KeywordExecutor.executeKeywordForPlatform(KeywordExecutor.groovy:73)
	at com.kms.katalon.core.webui.keyword.WebUiBuiltInKeywords.click(WebUiBuiltInKeywords.groovy:619)
	at com.kms.katalon.core.webui.keyword.WebUiBuiltInKeywords$click$3.call(Unknown Source)
	at tW_Saving tW Article.run(tW_Saving tW Article:35)
	at com.kms.katalon.core.main.ScriptEngine.run(ScriptEngine.java:194)
	at com.kms.katalon.core.main.ScriptEngine.runScriptAsRawText(ScriptEngine.java:119)
	at com.kms.katalon.core.main.TestCaseExecutor.runScript(TestCaseExecutor.java:398)
	at com.kms.katalon.core.main.TestCaseExecutor.doExecute(TestCaseExecutor.java:389)
	at com.kms.katalon.core.main.TestCaseExecutor.processExecutionPhase(TestCaseExecutor.java:368)
	at com.kms.katalon.core.main.TestCaseExecutor.accessMainPhase(TestCaseExecutor.java:360)
	at com.kms.katalon.core.main.TestCaseExecutor.execute(TestCaseExecutor.java:255)
	at com.kms.katalon.core.main.TestSuiteExecutor.accessTestCaseMainPhase(TestSuiteExecutor.java:203)
	at com.kms.katalon.core.main.TestSuiteExecutor.accessTestSuiteMainPhase(TestSuiteExecutor.java:152)
	at com.kms.katalon.core.main.TestSuiteExecutor.execute(TestSuiteExecutor.java:95)
	at com.kms.katalon.core.main.TestCaseMain.startTestSuite(TestCaseMain.java:157)
	at com.kms.katalon.core.main.TestCaseMain$startTestSuite$0.call(Unknown Source)
	at TempTestSuite1620046103825.run(TempTestSuite1620046103825.groovy:39)
Caused by: com.kms.katalon.core.webui.exception.WebElementNotFoundException: Web element with id: 'Object Repository/tW Objects/span_almighty.md' located by '//div[@id='root']/div/div/div/div/div[2]/div/div/div/div/ul/div[6]/div[2]/div/div/ul/div[2]/div[2]/div/div/ul/div[4]/div/div[2]/span' not found
	at com.kms.katalon.core.webui.common.WebUiCommonHelper.findWebElement(WebUiCommonHelper.java:1368)
	at com.kms.katalon.core.webui.keyword.internal.WebUIAbstractKeyword.findWebElement(WebUIAbstractKeyword.groovy:27)
	at com.kms.katalon.core.webui.keyword.internal.WebUIAbstractKeyword.findWebElement(WebUIAbstractKeyword.groovy:26)
	at com.kms.katalon.core.webui.keyword.builtin.ClickKeyword$_click_closure1.doCall(ClickKeyword.groovy:66)
	at com.kms.katalon.core.webui.keyword.builtin.ClickKeyword$_click_closure1.call(ClickKeyword.groovy)
	at com.kms.katalon.core.webui.keyword.internal.WebUIKeywordMain.runKeyword(WebUIKeywordMain.groovy:20)
	at com.kms.katalon.core.webui.keyword.builtin.ClickKeyword.click(ClickKeyword.groovy:75)
	at com.kms.katalon.core.webui.keyword.builtin.ClickKeyword.execute(ClickKeyword.groovy:42)
	at com.kms.katalon.core.keyword.internal.KeywordExecutor.executeKeywordForPlatform(KeywordExecutor.groovy:73)
	at com.kms.katalon.core.webui.keyword.WebUiBuiltInKeywords.click(WebUiBuiltInKeywords.groovy:619)
	at com.kms.katalon.core.webui.keyword.WebUiBuiltInKeywords$click$3.call(Unknown Source)
	at Script1607640231574.run(Script1607640231574.groovy:35)
	... 13 more
)

2021-05-03 08:56:42 - [MESSAGE][INFO] - Unable to find the element located by 'By.xpath: //div[@id='root']/div/div/div/div/div[2]/div/div/div/div/ul/div[6]/div[2]/div/div/ul/div[2]/div[2]/div/div/ul/div[4]/div/div[2]/span'. Please recheck the objects properties to make sure the desired element is located. 

2021-05-03 08:56:42 - [MESSAGE][FAILED] - Unable to click on object 'Object Repository/tW Objects/span_almighty.md' (Root cause: com.kms.katalon.core.exception.StepFailedException: Unable to click on object 'Object Repository/tW Objects/span_almighty.md'
	at com.kms.katalon.core.webui.keyword.internal.WebUIKeywordMain.stepFailed(WebUIKeywordMain.groovy:64)
	at com.kms.katalon.core.webui.keyword.internal.WebUIKeywordMain.runKeyword(WebUIKeywordMain.groovy:26)
	at com.kms.katalon.core.webui.keyword.builtin.ClickKeyword.click(ClickKeyword.groovy:75)
	at com.kms.katalon.core.webui.keyword.builtin.ClickKeyword.execute(ClickKeyword.groovy:42)
	at com.kms.katalon.core.keyword.internal.KeywordExecutor.executeKeywordForPlatform(KeywordExecutor.groovy:73)
	at com.kms.katalon.core.webui.keyword.WebUiBuiltInKeywords.click(WebUiBuiltInKeywords.groovy:619)
	at com.kms.katalon.core.webui.keyword.WebUiBuiltInKeywords$click$3.call(Unknown Source)
	at tW_Saving tW Article.run(tW_Saving tW Article:35)
	at com.kms.katalon.core.main.ScriptEngine.run(ScriptEngine.java:194)
	at com.kms.katalon.core.main.ScriptEngine.runScriptAsRawText(ScriptEngine.java:119)
	at com.kms.katalon.core.main.TestCaseExecutor.runScript(TestCaseExecutor.java:398)
	at com.kms.katalon.core.main.TestCaseExecutor.doExecute(TestCaseExecutor.java:389)
	at com.kms.katalon.core.main.TestCaseExecutor.processExecutionPhase(TestCaseExecutor.java:368)
	at com.kms.katalon.core.main.TestCaseExecutor.accessMainPhase(TestCaseExecutor.java:360)
	at com.kms.katalon.core.main.TestCaseExecutor.execute(TestCaseExecutor.java:255)
	at com.kms.katalon.core.main.TestSuiteExecutor.accessTestCaseMainPhase(TestSuiteExecutor.java:203)
	at com.kms.katalon.core.main.TestSuiteExecutor.accessTestSuiteMainPhase(TestSuiteExecutor.java:152)
	at com.kms.katalon.core.main.TestSuiteExecutor.execute(TestSuiteExecutor.java:95)
	at com.kms.katalon.core.main.TestCaseMain.startTestSuite(TestCaseMain.java:157)
	at com.kms.katalon.core.main.TestCaseMain$startTestSuite$0.call(Unknown Source)
	at TempTestSuite1620046103825.run(TempTestSuite1620046103825.groovy:39)
Caused by: com.kms.katalon.core.webui.exception.WebElementNotFoundException: Web element with id: 'Object Repository/tW Objects/span_almighty.md' located by '//div[@id='root']/div/div/div/div/div[2]/div/div/div/div/ul/div[6]/div[2]/div/div/ul/div[2]/div[2]/div/div/ul/div[4]/div/div[2]/span' not found
	at com.kms.katalon.core.webui.common.WebUiCommonHelper.findWebElement(WebUiCommonHelper.java:1368)
	at com.kms.katalon.core.webui.keyword.internal.WebUIAbstractKeyword.findWebElement(WebUIAbstractKeyword.groovy:27)
	at com.kms.katalon.core.webui.keyword.internal.WebUIAbstractKeyword.findWebElement(WebUIAbstractKeyword.groovy:26)
	at com.kms.katalon.core.webui.keyword.builtin.ClickKeyword$_click_closure1.doCall(ClickKeyword.groovy:66)
	at com.kms.katalon.core.webui.keyword.builtin.ClickKeyword$_click_closure1.call(ClickKeyword.groovy)
	at com.kms.katalon.core.webui.keyword.internal.WebUIKeywordMain.runKeyword(WebUIKeywordMain.groovy:20)
	at com.kms.katalon.core.webui.keyword.builtin.ClickKeyword.click(ClickKeyword.groovy:75)
	at com.kms.katalon.core.webui.keyword.builtin.ClickKeyword.execute(ClickKeyword.groovy:42)
	at com.kms.katalon.core.keyword.internal.KeywordExecutor.executeKeywordForPlatform(KeywordExecutor.groovy:73)
	at com.kms.katalon.core.webui.keyword.WebUiBuiltInKeywords.click(WebUiBuiltInKeywords.groovy:619)
	at com.kms.katalon.core.webui.keyword.WebUiBuiltInKeywords$click$3.call(Unknown Source)
	at Script1607640231574.run(Script1607640231574.groovy:35)
	... 13 more
)
[[ATTACHMENT|/Users/elsylitsonlambert/git/tcCreateQA/Reports/20210503_084823/Test Suite1- Regression/20210503_084823/1620046602639.png]]

2021-05-03 08:56:42 - [TEST_STEP][FAILED] - click(findTestObject("tW Objects/h1_Almighty")): Unable to click on object 'Object Repository/tW Objects/h1_Almighty' (Root cause: com.kms.katalon.core.exception.StepFailedException: Unable to click on object 'Object Repository/tW Objects/h1_Almighty'
	at com.kms.katalon.core.webui.keyword.internal.WebUIKeywordMain.stepFailed(WebUIKeywordMain.groovy:64)
	at com.kms.katalon.core.webui.keyword.internal.WebUIKeywordMain.runKeyword(WebUIKeywordMain.groovy:26)
	at com.kms.katalon.core.webui.keyword.builtin.ClickKeyword.click(ClickKeyword.groovy:75)
	at com.kms.katalon.core.webui.keyword.builtin.ClickKeyword.execute(ClickKeyword.groovy:42)
	at com.kms.katalon.core.keyword.internal.KeywordExecutor.executeKeywordForPlatform(KeywordExecutor.groovy:73)
	at com.kms.katalon.core.webui.keyword.WebUiBuiltInKeywords.click(WebUiBuiltInKeywords.groovy:619)
	at com.kms.katalon.core.webui.keyword.WebUiBuiltInKeywords$click$3.call(Unknown Source)
	at tW_Saving tW Article.run(tW_Saving tW Article:37)
	at com.kms.katalon.core.main.ScriptEngine.run(ScriptEngine.java:194)
	at com.kms.katalon.core.main.ScriptEngine.runScriptAsRawText(ScriptEngine.java:119)
	at com.kms.katalon.core.main.TestCaseExecutor.runScript(TestCaseExecutor.java:398)
	at com.kms.katalon.core.main.TestCaseExecutor.doExecute(TestCaseExecutor.java:389)
	at com.kms.katalon.core.main.TestCaseExecutor.processExecutionPhase(TestCaseExecutor.java:368)
	at com.kms.katalon.core.main.TestCaseExecutor.accessMainPhase(TestCaseExecutor.java:360)
	at com.kms.katalon.core.main.TestCaseExecutor.execute(TestCaseExecutor.java:255)
	at com.kms.katalon.core.main.TestSuiteExecutor.accessTestCaseMainPhase(TestSuiteExecutor.java:203)
	at com.kms.katalon.core.main.TestSuiteExecutor.accessTestSuiteMainPhase(TestSuiteExecutor.java:152)
	at com.kms.katalon.core.main.TestSuiteExecutor.execute(TestSuiteExecutor.java:95)
	at com.kms.katalon.core.main.TestCaseMain.startTestSuite(TestCaseMain.java:157)
	at com.kms.katalon.core.main.TestCaseMain$startTestSuite$0.call(Unknown Source)
	at TempTestSuite1620046103825.run(TempTestSuite1620046103825.groovy:39)
Caused by: com.kms.katalon.core.webui.exception.WebElementNotFoundException: Web element with id: 'Object Repository/tW Objects/h1_Almighty' located by '//div[2]/div/div/h1' not found
	at com.kms.katalon.core.webui.common.WebUiCommonHelper.findWebElement(WebUiCommonHelper.java:1368)
	at com.kms.katalon.core.webui.keyword.internal.WebUIAbstractKeyword.findWebElement(WebUIAbstractKeyword.groovy:27)
	at com.kms.katalon.core.webui.keyword.internal.WebUIAbstractKeyword.findWebElement(WebUIAbstractKeyword.groovy:26)
	at com.kms.katalon.core.webui.keyword.builtin.ClickKeyword$_click_closure1.doCall(ClickKeyword.groovy:66)
	at com.kms.katalon.core.webui.keyword.builtin.ClickKeyword$_click_closure1.call(ClickKeyword.groovy)
	at com.kms.katalon.core.webui.keyword.internal.WebUIKeywordMain.runKeyword(WebUIKeywordMain.groovy:20)
	at com.kms.katalon.core.webui.keyword.builtin.ClickKeyword.click(ClickKeyword.groovy:75)
	at com.kms.katalon.core.webui.keyword.builtin.ClickKeyword.execute(ClickKeyword.groovy:42)
	at com.kms.katalon.core.keyword.internal.KeywordExecutor.executeKeywordForPlatform(KeywordExecutor.groovy:73)
	at com.kms.katalon.core.webui.keyword.WebUiBuiltInKeywords.click(WebUiBuiltInKeywords.groovy:619)
	at com.kms.katalon.core.webui.keyword.WebUiBuiltInKeywords$click$3.call(Unknown Source)
	at Script1607640231574.run(Script1607640231574.groovy:37)
	... 13 more
)

2021-05-03 08:57:14 - [MESSAGE][INFO] - Unable to find the element located by 'By.xpath: //div[2]/div/div/h1'. Please recheck the objects properties to make sure the desired element is located. 

2021-05-03 08:57:14 - [MESSAGE][FAILED] - Unable to click on object 'Object Repository/tW Objects/h1_Almighty' (Root cause: com.kms.katalon.core.exception.StepFailedException: Unable to click on object 'Object Repository/tW Objects/h1_Almighty'
	at com.kms.katalon.core.webui.keyword.internal.WebUIKeywordMain.stepFailed(WebUIKeywordMain.groovy:64)
	at com.kms.katalon.core.webui.keyword.internal.WebUIKeywordMain.runKeyword(WebUIKeywordMain.groovy:26)
	at com.kms.katalon.core.webui.keyword.builtin.ClickKeyword.click(ClickKeyword.groovy:75)
	at com.kms.katalon.core.webui.keyword.builtin.ClickKeyword.execute(ClickKeyword.groovy:42)
	at com.kms.katalon.core.keyword.internal.KeywordExecutor.executeKeywordForPlatform(KeywordExecutor.groovy:73)
	at com.kms.katalon.core.webui.keyword.WebUiBuiltInKeywords.click(WebUiBuiltInKeywords.groovy:619)
	at com.kms.katalon.core.webui.keyword.WebUiBuiltInKeywords$click$3.call(Unknown Source)
	at tW_Saving tW Article.run(tW_Saving tW Article:37)
	at com.kms.katalon.core.main.ScriptEngine.run(ScriptEngine.java:194)
	at com.kms.katalon.core.main.ScriptEngine.runScriptAsRawText(ScriptEngine.java:119)
	at com.kms.katalon.core.main.TestCaseExecutor.runScript(TestCaseExecutor.java:398)
	at com.kms.katalon.core.main.TestCaseExecutor.doExecute(TestCaseExecutor.java:389)
	at com.kms.katalon.core.main.TestCaseExecutor.processExecutionPhase(TestCaseExecutor.java:368)
	at com.kms.katalon.core.main.TestCaseExecutor.accessMainPhase(TestCaseExecutor.java:360)
	at com.kms.katalon.core.main.TestCaseExecutor.execute(TestCaseExecutor.java:255)
	at com.kms.katalon.core.main.TestSuiteExecutor.accessTestCaseMainPhase(TestSuiteExecutor.java:203)
	at com.kms.katalon.core.main.TestSuiteExecutor.accessTestSuiteMainPhase(TestSuiteExecutor.java:152)
	at com.kms.katalon.core.main.TestSuiteExecutor.execute(TestSuiteExecutor.java:95)
	at com.kms.katalon.core.main.TestCaseMain.startTestSuite(TestCaseMain.java:157)
	at com.kms.katalon.core.main.TestCaseMain$startTestSuite$0.call(Unknown Source)
	at TempTestSuite1620046103825.run(TempTestSuite1620046103825.groovy:39)
Caused by: com.kms.katalon.core.webui.exception.WebElementNotFoundException: Web element with id: 'Object Repository/tW Objects/h1_Almighty' located by '//div[2]/div/div/h1' not found
	at com.kms.katalon.core.webui.common.WebUiCommonHelper.findWebElement(WebUiCommonHelper.java:1368)
	at com.kms.katalon.core.webui.keyword.internal.WebUIAbstractKeyword.findWebElement(WebUIAbstractKeyword.groovy:27)
	at com.kms.katalon.core.webui.keyword.internal.WebUIAbstractKeyword.findWebElement(WebUIAbstractKeyword.groovy:26)
	at com.kms.katalon.core.webui.keyword.builtin.ClickKeyword$_click_closure1.doCall(ClickKeyword.groovy:66)
	at com.kms.katalon.core.webui.keyword.builtin.ClickKeyword$_click_closure1.call(ClickKeyword.groovy)
	at com.kms.katalon.core.webui.keyword.internal.WebUIKeywordMain.runKeyword(WebUIKeywordMain.groovy:20)
	at com.kms.katalon.core.webui.keyword.builtin.ClickKeyword.click(ClickKeyword.groovy:75)
	at com.kms.katalon.core.webui.keyword.builtin.ClickKeyword.execute(ClickKeyword.groovy:42)
	at com.kms.katalon.core.keyword.internal.KeywordExecutor.executeKeywordForPlatform(KeywordExecutor.groovy:73)
	at com.kms.katalon.core.webui.keyword.WebUiBuiltInKeywords.click(WebUiBuiltInKeywords.groovy:619)
	at com.kms.katalon.core.webui.keyword.WebUiBuiltInKeywords$click$3.call(Unknown Source)
	at Script1607640231574.run(Script1607640231574.groovy:37)
	... 13 more
)
[[ATTACHMENT|/Users/elsylitsonlambert/git/tcCreateQA/Reports/20210503_084823/Test Suite1- Regression/20210503_084823/1620046634026.png]]

2021-05-03 08:57:14 - [TEST_STEP][FAILED] - sendKeys(findTestObject("tW Objects/h1_Almighty"), "  edits by a test script"): Unable to send keys '  edits by a test script' to object 'Object Repository/tW Objects/h1_Almighty' (Root cause: com.kms.katalon.core.exception.StepFailedException: Unable to send keys '  edits by a test script' to object 'Object Repository/tW Objects/h1_Almighty'
	at com.kms.katalon.core.webui.keyword.internal.WebUIKeywordMain.stepFailed(WebUIKeywordMain.groovy:64)
	at com.kms.katalon.core.webui.keyword.internal.WebUIKeywordMain.runKeyword(WebUIKeywordMain.groovy:26)
	at com.kms.katalon.core.webui.keyword.builtin.SendKeysKeyword.sendKeys(SendKeysKeyword.groovy:60)
	at com.kms.katalon.core.webui.keyword.builtin.SendKeysKeyword.execute(SendKeysKeyword.groovy:38)
	at com.kms.katalon.core.keyword.internal.KeywordExecutor.executeKeywordForPlatform(KeywordExecutor.groovy:73)
	at com.kms.katalon.core.webui.keyword.WebUiBuiltInKeywords.sendKeys(WebUiBuiltInKeywords.groovy:863)
	at com.kms.katalon.core.webui.keyword.WebUiBuiltInKeywords$sendKeys$2.call(Unknown Source)
	at tW_Saving tW Article.run(tW_Saving tW Article:39)
	at com.kms.katalon.core.main.ScriptEngine.run(ScriptEngine.java:194)
	at com.kms.katalon.core.main.ScriptEngine.runScriptAsRawText(ScriptEngine.java:119)
	at com.kms.katalon.core.main.TestCaseExecutor.runScript(TestCaseExecutor.java:398)
	at com.kms.katalon.core.main.TestCaseExecutor.doExecute(TestCaseExecutor.java:389)
	at com.kms.katalon.core.main.TestCaseExecutor.processExecutionPhase(TestCaseExecutor.java:368)
	at com.kms.katalon.core.main.TestCaseExecutor.accessMainPhase(TestCaseExecutor.java:360)
	at com.kms.katalon.core.main.TestCaseExecutor.execute(TestCaseExecutor.java:255)
	at com.kms.katalon.core.main.TestSuiteExecutor.accessTestCaseMainPhase(TestSuiteExecutor.java:203)
	at com.kms.katalon.core.main.TestSuiteExecutor.accessTestSuiteMainPhase(TestSuiteExecutor.java:152)
	at com.kms.katalon.core.main.TestSuiteExecutor.execute(TestSuiteExecutor.java:95)
	at com.kms.katalon.core.main.TestCaseMain.startTestSuite(TestCaseMain.java:157)
	at com.kms.katalon.core.main.TestCaseMain$startTestSuite$0.call(Unknown Source)
	at TempTestSuite1620046103825.run(TempTestSuite1620046103825.groovy:39)
Caused by: com.kms.katalon.core.webui.exception.WebElementNotFoundException: Web element with id: 'Object Repository/tW Objects/h1_Almighty' located by '//div[2]/div/div/h1' not found
	at com.kms.katalon.core.webui.common.WebUiCommonHelper.findWebElement(WebUiCommonHelper.java:1368)
	at com.kms.katalon.core.webui.keyword.internal.WebUIAbstractKeyword.findWebElement(WebUIAbstractKeyword.groovy:27)
	at com.kms.katalon.core.webui.keyword.internal.WebUIAbstractKeyword.findWebElement(WebUIAbstractKeyword.groovy:26)
	at com.kms.katalon.core.webui.keyword.builtin.SendKeysKeyword$_sendKeys_closure1.doCall(SendKeysKeyword.groovy:52)
	at com.kms.katalon.core.webui.keyword.builtin.SendKeysKeyword$_sendKeys_closure1.call(SendKeysKeyword.groovy)
	at com.kms.katalon.core.webui.keyword.internal.WebUIKeywordMain.runKeyword(WebUIKeywordMain.groovy:20)
	at com.kms.katalon.core.webui.keyword.builtin.SendKeysKeyword.sendKeys(SendKeysKeyword.groovy:60)
	at com.kms.katalon.core.webui.keyword.builtin.SendKeysKeyword.execute(SendKeysKeyword.groovy:38)
	at com.kms.katalon.core.keyword.internal.KeywordExecutor.executeKeywordForPlatform(KeywordExecutor.groovy:73)
	at com.kms.katalon.core.webui.keyword.WebUiBuiltInKeywords.sendKeys(WebUiBuiltInKeywords.groovy:863)
	at com.kms.katalon.core.webui.keyword.WebUiBuiltInKeywords$sendKeys$2.call(Unknown Source)
	at Script1607640231574.run(Script1607640231574.groovy:39)
	... 13 more
)

2021-05-03 08:57:45 - [MESSAGE][INFO] - Unable to find the element located by 'By.xpath: //div[2]/div/div/h1'. Please recheck the objects properties to make sure the desired element is located. 

2021-05-03 08:57:45 - [MESSAGE][FAILED] - Unable to send keys '  edits by a test script' to object 'Object Repository/tW Objects/h1_Almighty' (Root cause: com.kms.katalon.core.exception.StepFailedException: Unable to send keys '  edits by a test script' to object 'Object Repository/tW Objects/h1_Almighty'
	at com.kms.katalon.core.webui.keyword.internal.WebUIKeywordMain.stepFailed(WebUIKeywordMain.groovy:64)
	at com.kms.katalon.core.webui.keyword.internal.WebUIKeywordMain.runKeyword(WebUIKeywordMain.groovy:26)
	at com.kms.katalon.core.webui.keyword.builtin.SendKeysKeyword.sendKeys(SendKeysKeyword.groovy:60)
	at com.kms.katalon.core.webui.keyword.builtin.SendKeysKeyword.execute(SendKeysKeyword.groovy:38)
	at com.kms.katalon.core.keyword.internal.KeywordExecutor.executeKeywordForPlatform(KeywordExecutor.groovy:73)
	at com.kms.katalon.core.webui.keyword.WebUiBuiltInKeywords.sendKeys(WebUiBuiltInKeywords.groovy:863)
	at com.kms.katalon.core.webui.keyword.WebUiBuiltInKeywords$sendKeys$2.call(Unknown Source)
	at tW_Saving tW Article.run(tW_Saving tW Article:39)
	at com.kms.katalon.core.main.ScriptEngine.run(ScriptEngine.java:194)
	at com.kms.katalon.core.main.ScriptEngine.runScriptAsRawText(ScriptEngine.java:119)
	at com.kms.katalon.core.main.TestCaseExecutor.runScript(TestCaseExecutor.java:398)
	at com.kms.katalon.core.main.TestCaseExecutor.doExecute(TestCaseExecutor.java:389)
	at com.kms.katalon.core.main.TestCaseExecutor.processExecutionPhase(TestCaseExecutor.java:368)
	at com.kms.katalon.core.main.TestCaseExecutor.accessMainPhase(TestCaseExecutor.java:360)
	at com.kms.katalon.core.main.TestCaseExecutor.execute(TestCaseExecutor.java:255)
	at com.kms.katalon.core.main.TestSuiteExecutor.accessTestCaseMainPhase(TestSuiteExecutor.java:203)
	at com.kms.katalon.core.main.TestSuiteExecutor.accessTestSuiteMainPhase(TestSuiteExecutor.java:152)
	at com.kms.katalon.core.main.TestSuiteExecutor.execute(TestSuiteExecutor.java:95)
	at com.kms.katalon.core.main.TestCaseMain.startTestSuite(TestCaseMain.java:157)
	at com.kms.katalon.core.main.TestCaseMain$startTestSuite$0.call(Unknown Source)
	at TempTestSuite1620046103825.run(TempTestSuite1620046103825.groovy:39)
Caused by: com.kms.katalon.core.webui.exception.WebElementNotFoundException: Web element with id: 'Object Repository/tW Objects/h1_Almighty' located by '//div[2]/div/div/h1' not found
	at com.kms.katalon.core.webui.common.WebUiCommonHelper.findWebElement(WebUiCommonHelper.java:1368)
	at com.kms.katalon.core.webui.keyword.internal.WebUIAbstractKeyword.findWebElement(WebUIAbstractKeyword.groovy:27)
	at com.kms.katalon.core.webui.keyword.internal.WebUIAbstractKeyword.findWebElement(WebUIAbstractKeyword.groovy:26)
	at com.kms.katalon.core.webui.keyword.builtin.SendKeysKeyword$_sendKeys_closure1.doCall(SendKeysKeyword.groovy:52)
	at com.kms.katalon.core.webui.keyword.builtin.SendKeysKeyword$_sendKeys_closure1.call(SendKeysKeyword.groovy)
	at com.kms.katalon.core.webui.keyword.internal.WebUIKeywordMain.runKeyword(WebUIKeywordMain.groovy:20)
	at com.kms.katalon.core.webui.keyword.builtin.SendKeysKeyword.sendKeys(SendKeysKeyword.groovy:60)
	at com.kms.katalon.core.webui.keyword.builtin.SendKeysKeyword.execute(SendKeysKeyword.groovy:38)
	at com.kms.katalon.core.keyword.internal.KeywordExecutor.executeKeywordForPlatform(KeywordExecutor.groovy:73)
	at com.kms.katalon.core.webui.keyword.WebUiBuiltInKeywords.sendKeys(WebUiBuiltInKeywords.groovy:863)
	at com.kms.katalon.core.webui.keyword.WebUiBuiltInKeywords$sendKeys$2.call(Unknown Source)
	at Script1607640231574.run(Script1607640231574.groovy:39)
	... 13 more
)
[[ATTACHMENT|/Users/elsylitsonlambert/git/tcCreateQA/Reports/20210503_084823/Test Suite1- Regression/20210503_084823/1620046665592.png]]

2021-05-03 08:57:45 - [TEST_STEP][FAILED] - click(findTestObject("Object Repository/Page_tC Create/button_Save")): Unable to click on object 'Object Repository/Page_tC Create/button_Save' (Root cause: com.kms.katalon.core.exception.StepFailedException: Unable to click on object 'Object Repository/Page_tC Create/button_Save'
	at com.kms.katalon.core.webui.keyword.internal.WebUIKeywordMain.stepFailed(WebUIKeywordMain.groovy:64)
	at com.kms.katalon.core.webui.keyword.internal.WebUIKeywordMain.runKeyword(WebUIKeywordMain.groovy:26)
	at com.kms.katalon.core.webui.keyword.builtin.ClickKeyword.click(ClickKeyword.groovy:75)
	at com.kms.katalon.core.webui.keyword.builtin.ClickKeyword.execute(ClickKeyword.groovy:42)
	at com.kms.katalon.core.keyword.internal.KeywordExecutor.executeKeywordForPlatform(KeywordExecutor.groovy:73)
	at com.kms.katalon.core.webui.keyword.WebUiBuiltInKeywords.click(WebUiBuiltInKeywords.groovy:619)
	at com.kms.katalon.core.webui.keyword.WebUiBuiltInKeywords$click$3.call(Unknown Source)
	at tW_Saving tW Article.run(tW_Saving tW Article:41)
	at com.kms.katalon.core.main.ScriptEngine.run(ScriptEngine.java:194)
	at com.kms.katalon.core.main.ScriptEngine.runScriptAsRawText(ScriptEngine.java:119)
	at com.kms.katalon.core.main.TestCaseExecutor.runScript(TestCaseExecutor.java:398)
	at com.kms.katalon.core.main.TestCaseExecutor.doExecute(TestCaseExecutor.java:389)
	at com.kms.katalon.core.main.TestCaseExecutor.processExecutionPhase(TestCaseExecutor.java:368)
	at com.kms.katalon.core.main.TestCaseExecutor.accessMainPhase(TestCaseExecutor.java:360)
	at com.kms.katalon.core.main.TestCaseExecutor.execute(TestCaseExecutor.java:255)
	at com.kms.katalon.core.main.TestSuiteExecutor.accessTestCaseMainPhase(TestSuiteExecutor.java:203)
	at com.kms.katalon.core.main.TestSuiteExecutor.accessTestSuiteMainPhase(TestSuiteExecutor.java:152)
	at com.kms.katalon.core.main.TestSuiteExecutor.execute(TestSuiteExecutor.java:95)
	at com.kms.katalon.core.main.TestCaseMain.startTestSuite(TestCaseMain.java:157)
	at com.kms.katalon.core.main.TestCaseMain$startTestSuite$0.call(Unknown Source)
	at TempTestSuite1620046103825.run(TempTestSuite1620046103825.groovy:39)
Caused by: com.kms.katalon.core.webui.exception.WebElementNotFoundException: Web element with id: 'Object Repository/Page_tC Create/button_Save' located by '//*[@type = 'button' and @aria-label = 'Save']' not found
	at com.kms.katalon.core.webui.common.WebUiCommonHelper.findWebElement(WebUiCommonHelper.java:1368)
	at com.kms.katalon.core.webui.keyword.internal.WebUIAbstractKeyword.findWebElement(WebUIAbstractKeyword.groovy:27)
	at com.kms.katalon.core.webui.keyword.internal.WebUIAbstractKeyword.findWebElement(WebUIAbstractKeyword.groovy:26)
	at com.kms.katalon.core.webui.keyword.builtin.ClickKeyword$_click_closure1.doCall(ClickKeyword.groovy:66)
	at com.kms.katalon.core.webui.keyword.builtin.ClickKeyword$_click_closure1.call(ClickKeyword.groovy)
	at com.kms.katalon.core.webui.keyword.internal.WebUIKeywordMain.runKeyword(WebUIKeywordMain.groovy:20)
	at com.kms.katalon.core.webui.keyword.builtin.ClickKeyword.click(ClickKeyword.groovy:75)
	at com.kms.katalon.core.webui.keyword.builtin.ClickKeyword.execute(ClickKeyword.groovy:42)
	at com.kms.katalon.core.keyword.internal.KeywordExecutor.executeKeywordForPlatform(KeywordExecutor.groovy:73)
	at com.kms.katalon.core.webui.keyword.WebUiBuiltInKeywords.click(WebUiBuiltInKeywords.groovy:619)
	at com.kms.katalon.core.webui.keyword.WebUiBuiltInKeywords$click$3.call(Unknown Source)
	at Script1607640231574.run(Script1607640231574.groovy:41)
	... 13 more
)

2021-05-03 08:58:17 - [MESSAGE][INFO] - Unable to find the element located by 'By.xpath: //*[@type = 'button' and @aria-label = 'Save']'. Please recheck the objects properties to make sure the desired element is located. 

2021-05-03 08:58:17 - [MESSAGE][FAILED] - Unable to click on object 'Object Repository/Page_tC Create/button_Save' (Root cause: com.kms.katalon.core.exception.StepFailedException: Unable to click on object 'Object Repository/Page_tC Create/button_Save'
	at com.kms.katalon.core.webui.keyword.internal.WebUIKeywordMain.stepFailed(WebUIKeywordMain.groovy:64)
	at com.kms.katalon.core.webui.keyword.internal.WebUIKeywordMain.runKeyword(WebUIKeywordMain.groovy:26)
	at com.kms.katalon.core.webui.keyword.builtin.ClickKeyword.click(ClickKeyword.groovy:75)
	at com.kms.katalon.core.webui.keyword.builtin.ClickKeyword.execute(ClickKeyword.groovy:42)
	at com.kms.katalon.core.keyword.internal.KeywordExecutor.executeKeywordForPlatform(KeywordExecutor.groovy:73)
	at com.kms.katalon.core.webui.keyword.WebUiBuiltInKeywords.click(WebUiBuiltInKeywords.groovy:619)
	at com.kms.katalon.core.webui.keyword.WebUiBuiltInKeywords$click$3.call(Unknown Source)
	at tW_Saving tW Article.run(tW_Saving tW Article:41)
	at com.kms.katalon.core.main.ScriptEngine.run(ScriptEngine.java:194)
	at com.kms.katalon.core.main.ScriptEngine.runScriptAsRawText(ScriptEngine.java:119)
	at com.kms.katalon.core.main.TestCaseExecutor.runScript(TestCaseExecutor.java:398)
	at com.kms.katalon.core.main.TestCaseExecutor.doExecute(TestCaseExecutor.java:389)
	at com.kms.katalon.core.main.TestCaseExecutor.processExecutionPhase(TestCaseExecutor.java:368)
	at com.kms.katalon.core.main.TestCaseExecutor.accessMainPhase(TestCaseExecutor.java:360)
	at com.kms.katalon.core.main.TestCaseExecutor.execute(TestCaseExecutor.java:255)
	at com.kms.katalon.core.main.TestSuiteExecutor.accessTestCaseMainPhase(TestSuiteExecutor.java:203)
	at com.kms.katalon.core.main.TestSuiteExecutor.accessTestSuiteMainPhase(TestSuiteExecutor.java:152)
	at com.kms.katalon.core.main.TestSuiteExecutor.execute(TestSuiteExecutor.java:95)
	at com.kms.katalon.core.main.TestCaseMain.startTestSuite(TestCaseMain.java:157)
	at com.kms.katalon.core.main.TestCaseMain$startTestSuite$0.call(Unknown Source)
	at TempTestSuite1620046103825.run(TempTestSuite1620046103825.groovy:39)
Caused by: com.kms.katalon.core.webui.exception.WebElementNotFoundException: Web element with id: 'Object Repository/Page_tC Create/button_Save' located by '//*[@type = 'button' and @aria-label = 'Save']' not found
	at com.kms.katalon.core.webui.common.WebUiCommonHelper.findWebElement(WebUiCommonHelper.java:1368)
	at com.kms.katalon.core.webui.keyword.internal.WebUIAbstractKeyword.findWebElement(WebUIAbstractKeyword.groovy:27)
	at com.kms.katalon.core.webui.keyword.internal.WebUIAbstractKeyword.findWebElement(WebUIAbstractKeyword.groovy:26)
	at com.kms.katalon.core.webui.keyword.builtin.ClickKeyword$_click_closure1.doCall(ClickKeyword.groovy:66)
	at com.kms.katalon.core.webui.keyword.builtin.ClickKeyword$_click_closure1.call(ClickKeyword.groovy)
	at com.kms.katalon.core.webui.keyword.internal.WebUIKeywordMain.runKeyword(WebUIKeywordMain.groovy:20)
	at com.kms.katalon.core.webui.keyword.builtin.ClickKeyword.click(ClickKeyword.groovy:75)
	at com.kms.katalon.core.webui.keyword.builtin.ClickKeyword.execute(ClickKeyword.groovy:42)
	at com.kms.katalon.core.keyword.internal.KeywordExecutor.executeKeywordForPlatform(KeywordExecutor.groovy:73)
	at com.kms.katalon.core.webui.keyword.WebUiBuiltInKeywords.click(WebUiBuiltInKeywords.groovy:619)
	at com.kms.katalon.core.webui.keyword.WebUiBuiltInKeywords$click$3.call(Unknown Source)
	at Script1607640231574.run(Script1607640231574.groovy:41)
	... 13 more
)
[[ATTACHMENT|/Users/elsylitsonlambert/git/tcCreateQA/Reports/20210503_084823/Test Suite1- Regression/20210503_084823/1620046697090.png]]

2021-05-03 08:58:17 - [TEST_STEP][PASSED] - delay(2): Delayed 2 second(s)

2021-05-03 08:58:19 - [MESSAGE][PASSED] - Delayed 2 second(s)

2021-05-03 08:58:19 - [TEST_STEP][FAILED] - if (verifyElementNotClickable(findTestObject("Page_tC Create/button_Save"), CONTINUE_ON_FAILURE)): Web element with id: 'Object Repository/Page_tC Create/button_Save' located by '//*[@type = 'button' and @aria-label = 'Save']' not found (Root cause: com.kms.katalon.core.exception.StepFailedException: Web element with id: 'Object Repository/Page_tC Create/button_Save' located by '//*[@type = 'button' and @aria-label = 'Save']' not found
	at com.kms.katalon.core.webui.keyword.internal.WebUIKeywordMain.stepFailed(WebUIKeywordMain.groovy:64)
	at com.kms.katalon.core.webui.keyword.builtin.VerifyElementNotClickableKeyword$_verifyElementNotClickable_closure1.doCall(VerifyElementNotClickableKeyword.groovy:88)
	at com.kms.katalon.core.webui.keyword.builtin.VerifyElementNotClickableKeyword$_verifyElementNotClickable_closure1.call(VerifyElementNotClickableKeyword.groovy)
	at com.kms.katalon.core.webui.keyword.internal.WebUIKeywordMain.runKeyword(WebUIKeywordMain.groovy:20)
	at com.kms.katalon.core.webui.keyword.builtin.VerifyElementNotClickableKeyword.verifyElementNotClickable(VerifyElementNotClickableKeyword.groovy:96)
	at com.kms.katalon.core.webui.keyword.builtin.VerifyElementNotClickableKeyword.execute(VerifyElementNotClickableKeyword.groovy:67)
	at com.kms.katalon.core.keyword.internal.KeywordExecutor.executeKeywordForPlatform(KeywordExecutor.groovy:73)
	at com.kms.katalon.core.webui.keyword.WebUiBuiltInKeywords.verifyElementNotClickable(WebUiBuiltInKeywords.groovy:580)
	at com.kms.katalon.core.webui.keyword.WebUiBuiltInKeywords$verifyElementNotClickable$24.call(Unknown Source)
	at tW_Saving tW Article.run(tW_Saving tW Article:45)
	at com.kms.katalon.core.main.ScriptEngine.run(ScriptEngine.java:194)
	at com.kms.katalon.core.main.ScriptEngine.runScriptAsRawText(ScriptEngine.java:119)
	at com.kms.katalon.core.main.TestCaseExecutor.runScript(TestCaseExecutor.java:398)
	at com.kms.katalon.core.main.TestCaseExecutor.doExecute(TestCaseExecutor.java:389)
	at com.kms.katalon.core.main.TestCaseExecutor.processExecutionPhase(TestCaseExecutor.java:368)
	at com.kms.katalon.core.main.TestCaseExecutor.accessMainPhase(TestCaseExecutor.java:360)
	at com.kms.katalon.core.main.TestCaseExecutor.execute(TestCaseExecutor.java:255)
	at com.kms.katalon.core.main.TestSuiteExecutor.accessTestCaseMainPhase(TestSuiteExecutor.java:203)
	at com.kms.katalon.core.main.TestSuiteExecutor.accessTestSuiteMainPhase(TestSuiteExecutor.java:152)
	at com.kms.katalon.core.main.TestSuiteExecutor.execute(TestSuiteExecutor.java:95)
	at com.kms.katalon.core.main.TestCaseMain.startTestSuite(TestCaseMain.java:157)
	at com.kms.katalon.core.main.TestCaseMain$startTestSuite$0.call(Unknown Source)
	at TempTestSuite1620046103825.run(TempTestSuite1620046103825.groovy:39)
)

2021-05-03 08:58:50 - [MESSAGE][INFO] - Unable to find the element located by 'By.xpath: //*[@type = 'button' and @aria-label = 'Save']'. Please recheck the objects properties to make sure the desired element is located. 

2021-05-03 08:58:51 - [MESSAGE][FAILED] - Web element with id: 'Object Repository/Page_tC Create/button_Save' located by '//*[@type = 'button' and @aria-label = 'Save']' not found (Root cause: com.kms.katalon.core.exception.StepFailedException: Web element with id: 'Object Repository/Page_tC Create/button_Save' located by '//*[@type = 'button' and @aria-label = 'Save']' not found
	at com.kms.katalon.core.webui.keyword.internal.WebUIKeywordMain.stepFailed(WebUIKeywordMain.groovy:64)
	at com.kms.katalon.core.webui.keyword.builtin.VerifyElementNotClickableKeyword$_verifyElementNotClickable_closure1.doCall(VerifyElementNotClickableKeyword.groovy:88)
	at com.kms.katalon.core.webui.keyword.builtin.VerifyElementNotClickableKeyword$_verifyElementNotClickable_closure1.call(VerifyElementNotClickableKeyword.groovy)
	at com.kms.katalon.core.webui.keyword.internal.WebUIKeywordMain.runKeyword(WebUIKeywordMain.groovy:20)
	at com.kms.katalon.core.webui.keyword.builtin.VerifyElementNotClickableKeyword.verifyElementNotClickable(VerifyElementNotClickableKeyword.groovy:96)
	at com.kms.katalon.core.webui.keyword.builtin.VerifyElementNotClickableKeyword.execute(VerifyElementNotClickableKeyword.groovy:67)
	at com.kms.katalon.core.keyword.internal.KeywordExecutor.executeKeywordForPlatform(KeywordExecutor.groovy:73)
	at com.kms.katalon.core.webui.keyword.WebUiBuiltInKeywords.verifyElementNotClickable(WebUiBuiltInKeywords.groovy:580)
	at com.kms.katalon.core.webui.keyword.WebUiBuiltInKeywords$verifyElementNotClickable$24.call(Unknown Source)
	at tW_Saving tW Article.run(tW_Saving tW Article:45)
	at com.kms.katalon.core.main.ScriptEngine.run(ScriptEngine.java:194)
	at com.kms.katalon.core.main.ScriptEngine.runScriptAsRawText(ScriptEngine.java:119)
	at com.kms.katalon.core.main.TestCaseExecutor.runScript(TestCaseExecutor.java:398)
	at com.kms.katalon.core.main.TestCaseExecutor.doExecute(TestCaseExecutor.java:389)
	at com.kms.katalon.core.main.TestCaseExecutor.processExecutionPhase(TestCaseExecutor.java:368)
	at com.kms.katalon.core.main.TestCaseExecutor.accessMainPhase(TestCaseExecutor.java:360)
	at com.kms.katalon.core.main.TestCaseExecutor.execute(TestCaseExecutor.java:255)
	at com.kms.katalon.core.main.TestSuiteExecutor.accessTestCaseMainPhase(TestSuiteExecutor.java:203)
	at com.kms.katalon.core.main.TestSuiteExecutor.accessTestSuiteMainPhase(TestSuiteExecutor.java:152)
	at com.kms.katalon.core.main.TestSuiteExecutor.execute(TestSuiteExecutor.java:95)
	at com.kms.katalon.core.main.TestCaseMain.startTestSuite(TestCaseMain.java:157)
	at com.kms.katalon.core.main.TestCaseMain$startTestSuite$0.call(Unknown Source)
	at TempTestSuite1620046103825.run(TempTestSuite1620046103825.groovy:39)
)
[[ATTACHMENT|/Users/elsylitsonlambert/git/tcCreateQA/Reports/20210503_084823/Test Suite1- Regression/20210503_084823/1620046730830.png]]

2021-05-03 08:58:51 - [TEST_STEP][PASSED] - else:  Error: Save button is still enabled

2021-05-03 08:58:51 - [TEST_STEP][PASSED] - logInfo(" Error: Save button is still enabled"):  Error: Save button is still enabled

2021-05-03 08:58:51 - [MESSAGE][INFO] -  Error: Save button is still enabled

2021-05-03 08:58:51 - [TEST_STEP][PASSED] - click(findTestObject("Object Repository/tW Objects/chip_English - unfoldingWorden_twElsyLambert-tc-create-1")): Object: 'Object Repository/tW Objects/chip_English - unfoldingWorden_twElsyLambert-tc-create-1' is clicked on

2021-05-03 08:58:52 - [MESSAGE][PASSED] - Object: 'Object Repository/tW Objects/chip_English - unfoldingWorden_twElsyLambert-tc-create-1' is clicked on

2021-05-03 08:58:52 - [TEST_STEP][PASSED] - delay(2): Delayed 2 second(s)

2021-05-03 08:58:54 - [MESSAGE][PASSED] - Delayed 2 second(s)

2021-05-03 08:58:54 - [TEST_STEP][PASSED] - switchToWindowIndex(1): Switched to window with index: '1'

2021-05-03 08:58:54 - [MESSAGE][PASSED] - Switched to window with index: '1'

2021-05-03 08:58:54 - [TEST_STEP][FAILED] - if (getText(findTestObject("Object Repository/tW Objects/h1_Almighty article on DCS")).contains("edits by a test script")): Unable to get text of object 'Object Repository/tW Objects/h1_Almighty article on DCS' (Root cause: com.kms.katalon.core.exception.StepFailedException: Unable to get text of object 'Object Repository/tW Objects/h1_Almighty article on DCS'
	at com.kms.katalon.core.webui.keyword.internal.WebUIKeywordMain.stepFailed(WebUIKeywordMain.groovy:64)
	at com.kms.katalon.core.webui.keyword.internal.WebUIKeywordMain.runKeyword(WebUIKeywordMain.groovy:26)
	at com.kms.katalon.core.webui.keyword.builtin.GetTextKeyword.getText(GetTextKeyword.groovy:88)
	at com.kms.katalon.core.webui.keyword.builtin.GetTextKeyword.execute(GetTextKeyword.groovy:67)
	at com.kms.katalon.core.keyword.internal.KeywordExecutor.executeKeywordForPlatform(KeywordExecutor.groovy:73)
	at com.kms.katalon.core.webui.keyword.WebUiBuiltInKeywords.getText(WebUiBuiltInKeywords.groovy:917)
	at com.kms.katalon.core.webui.keyword.WebUiBuiltInKeywords$getText$4.call(Unknown Source)
	at tW_Saving tW Article.run(tW_Saving tW Article:57)
	at com.kms.katalon.core.main.ScriptEngine.run(ScriptEngine.java:194)
	at com.kms.katalon.core.main.ScriptEngine.runScriptAsRawText(ScriptEngine.java:119)
	at com.kms.katalon.core.main.TestCaseExecutor.runScript(TestCaseExecutor.java:398)
	at com.kms.katalon.core.main.TestCaseExecutor.doExecute(TestCaseExecutor.java:389)
	at com.kms.katalon.core.main.TestCaseExecutor.processExecutionPhase(TestCaseExecutor.java:368)
	at com.kms.katalon.core.main.TestCaseExecutor.accessMainPhase(TestCaseExecutor.java:360)
	at com.kms.katalon.core.main.TestCaseExecutor.execute(TestCaseExecutor.java:255)
	at com.kms.katalon.core.main.TestSuiteExecutor.accessTestCaseMainPhase(TestSuiteExecutor.java:203)
	at com.kms.katalon.core.main.TestSuiteExecutor.accessTestSuiteMainPhase(TestSuiteExecutor.java:152)
	at com.kms.katalon.core.main.TestSuiteExecutor.execute(TestSuiteExecutor.java:95)
	at com.kms.katalon.core.main.TestCaseMain.startTestSuite(TestCaseMain.java:157)
	at com.kms.katalon.core.main.TestCaseMain$startTestSuite$0.call(Unknown Source)
	at TempTestSuite1620046103825.run(TempTestSuite1620046103825.groovy:39)
Caused by: com.kms.katalon.core.webui.exception.WebElementNotFoundException: Web element with id: 'Object Repository/tW Objects/h1_Almighty article on DCS' located by '//h1[(contains(text(), 'Almighty') or contains(., 'Almighty'))]' not found
	at com.kms.katalon.core.webui.common.WebUiCommonHelper.findWebElement(WebUiCommonHelper.java:1368)
	at com.kms.katalon.core.webui.keyword.internal.WebUIAbstractKeyword.findWebElement(WebUIAbstractKeyword.groovy:27)
	at com.kms.katalon.core.webui.keyword.internal.WebUIAbstractKeyword.findWebElement(WebUIAbstractKeyword.groovy:26)
	at com.kms.katalon.core.webui.keyword.builtin.GetTextKeyword$_getText_closure1.doCall(GetTextKeyword.groovy:78)
	at com.kms.katalon.core.webui.keyword.builtin.GetTextKeyword$_getText_closure1.call(GetTextKeyword.groovy)
	at com.kms.katalon.core.webui.keyword.internal.WebUIKeywordMain.runKeyword(WebUIKeywordMain.groovy:20)
	at com.kms.katalon.core.webui.keyword.builtin.GetTextKeyword.getText(GetTextKeyword.groovy:88)
	at com.kms.katalon.core.webui.keyword.builtin.GetTextKeyword.execute(GetTextKeyword.groovy:67)
	at com.kms.katalon.core.keyword.internal.KeywordExecutor.executeKeywordForPlatform(KeywordExecutor.groovy:73)
	at com.kms.katalon.core.webui.keyword.WebUiBuiltInKeywords.getText(WebUiBuiltInKeywords.groovy:917)
	at com.kms.katalon.core.webui.keyword.WebUiBuiltInKeywords$getText$4.call(Unknown Source)
	at Script1607640231574.run(Script1607640231574.groovy:57)
	... 13 more
)

2021-05-03 08:59:25 - [MESSAGE][INFO] - Unable to find the element located by 'By.xpath: //h1[(contains(text(), 'Almighty') or contains(., 'Almighty'))]'. Please recheck the objects properties to make sure the desired element is located. 

2021-05-03 08:59:26 - [MESSAGE][FAILED] - Unable to get text of object 'Object Repository/tW Objects/h1_Almighty article on DCS' (Root cause: com.kms.katalon.core.exception.StepFailedException: Unable to get text of object 'Object Repository/tW Objects/h1_Almighty article on DCS'
	at com.kms.katalon.core.webui.keyword.internal.WebUIKeywordMain.stepFailed(WebUIKeywordMain.groovy:64)
	at com.kms.katalon.core.webui.keyword.internal.WebUIKeywordMain.runKeyword(WebUIKeywordMain.groovy:26)
	at com.kms.katalon.core.webui.keyword.builtin.GetTextKeyword.getText(GetTextKeyword.groovy:88)
	at com.kms.katalon.core.webui.keyword.builtin.GetTextKeyword.execute(GetTextKeyword.groovy:67)
	at com.kms.katalon.core.keyword.internal.KeywordExecutor.executeKeywordForPlatform(KeywordExecutor.groovy:73)
	at com.kms.katalon.core.webui.keyword.WebUiBuiltInKeywords.getText(WebUiBuiltInKeywords.groovy:917)
	at com.kms.katalon.core.webui.keyword.WebUiBuiltInKeywords$getText$4.call(Unknown Source)
	at tW_Saving tW Article.run(tW_Saving tW Article:57)
	at com.kms.katalon.core.main.ScriptEngine.run(ScriptEngine.java:194)
	at com.kms.katalon.core.main.ScriptEngine.runScriptAsRawText(ScriptEngine.java:119)
	at com.kms.katalon.core.main.TestCaseExecutor.runScript(TestCaseExecutor.java:398)
	at com.kms.katalon.core.main.TestCaseExecutor.doExecute(TestCaseExecutor.java:389)
	at com.kms.katalon.core.main.TestCaseExecutor.processExecutionPhase(TestCaseExecutor.java:368)
	at com.kms.katalon.core.main.TestCaseExecutor.accessMainPhase(TestCaseExecutor.java:360)
	at com.kms.katalon.core.main.TestCaseExecutor.execute(TestCaseExecutor.java:255)
	at com.kms.katalon.core.main.TestSuiteExecutor.accessTestCaseMainPhase(TestSuiteExecutor.java:203)
	at com.kms.katalon.core.main.TestSuiteExecutor.accessTestSuiteMainPhase(TestSuiteExecutor.java:152)
	at com.kms.katalon.core.main.TestSuiteExecutor.execute(TestSuiteExecutor.java:95)
	at com.kms.katalon.core.main.TestCaseMain.startTestSuite(TestCaseMain.java:157)
	at com.kms.katalon.core.main.TestCaseMain$startTestSuite$0.call(Unknown Source)
	at TempTestSuite1620046103825.run(TempTestSuite1620046103825.groovy:39)
Caused by: com.kms.katalon.core.webui.exception.WebElementNotFoundException: Web element with id: 'Object Repository/tW Objects/h1_Almighty article on DCS' located by '//h1[(contains(text(), 'Almighty') or contains(., 'Almighty'))]' not found
	at com.kms.katalon.core.webui.common.WebUiCommonHelper.findWebElement(WebUiCommonHelper.java:1368)
	at com.kms.katalon.core.webui.keyword.internal.WebUIAbstractKeyword.findWebElement(WebUIAbstractKeyword.groovy:27)
	at com.kms.katalon.core.webui.keyword.internal.WebUIAbstractKeyword.findWebElement(WebUIAbstractKeyword.groovy:26)
	at com.kms.katalon.core.webui.keyword.builtin.GetTextKeyword$_getText_closure1.doCall(GetTextKeyword.groovy:78)
	at com.kms.katalon.core.webui.keyword.builtin.GetTextKeyword$_getText_closure1.call(GetTextKeyword.groovy)
	at com.kms.katalon.core.webui.keyword.internal.WebUIKeywordMain.runKeyword(WebUIKeywordMain.groovy:20)
	at com.kms.katalon.core.webui.keyword.builtin.GetTextKeyword.getText(GetTextKeyword.groovy:88)
	at com.kms.katalon.core.webui.keyword.builtin.GetTextKeyword.execute(GetTextKeyword.groovy:67)
	at com.kms.katalon.core.keyword.internal.KeywordExecutor.executeKeywordForPlatform(KeywordExecutor.groovy:73)
	at com.kms.katalon.core.webui.keyword.WebUiBuiltInKeywords.getText(WebUiBuiltInKeywords.groovy:917)
	at com.kms.katalon.core.webui.keyword.WebUiBuiltInKeywords$getText$4.call(Unknown Source)
	at Script1607640231574.run(Script1607640231574.groovy:57)
	... 13 more
)
[[ATTACHMENT|/Users/elsylitsonlambert/git/tcCreateQA/Reports/20210503_084823/Test Suite1- Regression/20210503_084823/1620046765813.png]]]]></system-out>
         <system-err><![CDATA[2021-05-03 08:55:16 - [TEST_CASE][FAILED] - Test Cases/tCC Test Cases/tW_Saving tW Article: Test Cases/tCC Test Cases/tW_Saving tW Article FAILED.
Reason:
com.kms.katalon.core.exception.StepFailedException: Unable to click on object 'Object Repository/tW Objects/span_kt' (Root cause: com.kms.katalon.core.exception.StepFailedException: Unable to click on object 'Object Repository/tW Objects/span_kt'
	at com.kms.katalon.core.webui.keyword.internal.WebUIKeywordMain.stepFailed(WebUIKeywordMain.groovy:64)
	at com.kms.katalon.core.webui.keyword.internal.WebUIKeywordMain.runKeyword(WebUIKeywordMain.groovy:26)
	at com.kms.katalon.core.webui.keyword.builtin.ClickKeyword.click(ClickKeyword.groovy:75)
	at com.kms.katalon.core.webui.keyword.builtin.ClickKeyword.execute(ClickKeyword.groovy:42)
	at com.kms.katalon.core.keyword.internal.KeywordExecutor.executeKeywordForPlatform(KeywordExecutor.groovy:73)
	at com.kms.katalon.core.webui.keyword.WebUiBuiltInKeywords.click(WebUiBuiltInKeywords.groovy:619)
	at com.kms.katalon.core.webui.keyword.WebUiBuiltInKeywords$click$3.call(Unknown Source)
	at tW_Saving tW Article.run(tW_Saving tW Article:33)
	at com.kms.katalon.core.main.ScriptEngine.run(ScriptEngine.java:194)
	at com.kms.katalon.core.main.ScriptEngine.runScriptAsRawText(ScriptEngine.java:119)
	at com.kms.katalon.core.main.TestCaseExecutor.runScript(TestCaseExecutor.java:398)
	at com.kms.katalon.core.main.TestCaseExecutor.doExecute(TestCaseExecutor.java:389)
	at com.kms.katalon.core.main.TestCaseExecutor.processExecutionPhase(TestCaseExecutor.java:368)
	at com.kms.katalon.core.main.TestCaseExecutor.accessMainPhase(TestCaseExecutor.java:360)
	at com.kms.katalon.core.main.TestCaseExecutor.execute(TestCaseExecutor.java:255)
	at com.kms.katalon.core.main.TestSuiteExecutor.accessTestCaseMainPhase(TestSuiteExecutor.java:203)
	at com.kms.katalon.core.main.TestSuiteExecutor.accessTestSuiteMainPhase(TestSuiteExecutor.java:152)
	at com.kms.katalon.core.main.TestSuiteExecutor.execute(TestSuiteExecutor.java:95)
	at com.kms.katalon.core.main.TestCaseMain.startTestSuite(TestCaseMain.java:157)
	at com.kms.katalon.core.main.TestCaseMain$startTestSuite$0.call(Unknown Source)
	at TempTestSuite1620046103825.run(TempTestSuite1620046103825.groovy:39)
Caused by: com.kms.katalon.core.webui.exception.WebElementNotFoundException: Web element with id: 'Object Repository/tW Objects/span_kt' located by '//div[@id='root']/div/div/div/div/div[2]/div/div/div/div/ul/div[6]/div[2]/div/div/ul/div[2]/div/div[2]/span' not found
	at com.kms.katalon.core.webui.common.WebUiCommonHelper.findWebElement(WebUiCommonHelper.java:1368)
	at com.kms.katalon.core.webui.keyword.internal.WebUIAbstractKeyword.findWebElement(WebUIAbstractKeyword.groovy:27)
	at com.kms.katalon.core.webui.keyword.internal.WebUIAbstractKeyword.findWebElement(WebUIAbstractKeyword.groovy:26)
	at com.kms.katalon.core.webui.keyword.builtin.ClickKeyword$_click_closure1.doCall(ClickKeyword.groovy:66)
	at com.kms.katalon.core.webui.keyword.builtin.ClickKeyword$_click_closure1.call(ClickKeyword.groovy)
	at com.kms.katalon.core.webui.keyword.internal.WebUIKeywordMain.runKeyword(WebUIKeywordMain.groovy:20)
	at com.kms.katalon.core.webui.keyword.builtin.ClickKeyword.click(ClickKeyword.groovy:75)
	at com.kms.katalon.core.webui.keyword.builtin.ClickKeyword.execute(ClickKeyword.groovy:42)
	at com.kms.katalon.core.keyword.internal.KeywordExecutor.executeKeywordForPlatform(KeywordExecutor.groovy:73)
	at com.kms.katalon.core.webui.keyword.WebUiBuiltInKeywords.click(WebUiBuiltInKeywords.groovy:619)
	at com.kms.katalon.core.webui.keyword.WebUiBuiltInKeywords$click$3.call(Unknown Source)
	at Script1607640231574.run(Script1607640231574.groovy:33)
	... 13 more
)
	at com.kms.katalon.core.keyword.internal.KeywordMain.stepFailed(KeywordMain.groovy:39)
	at com.kms.katalon.core.webui.keyword.internal.WebUIKeywordMain.stepFailed(WebUIKeywordMain.groovy:64)
	at com.kms.katalon.core.webui.keyword.internal.WebUIKeywordMain.runKeyword(WebUIKeywordMain.groovy:26)
	at com.kms.katalon.core.webui.keyword.builtin.ClickKeyword.click(ClickKeyword.groovy:75)
	at com.kms.katalon.core.webui.keyword.builtin.ClickKeyword.execute(ClickKeyword.groovy:42)
	at com.kms.katalon.core.keyword.internal.KeywordExecutor.executeKeywordForPlatform(KeywordExecutor.groovy:73)
	at com.kms.katalon.core.webui.keyword.WebUiBuiltInKeywords.click(WebUiBuiltInKeywords.groovy:619)
	at com.kms.katalon.core.webui.keyword.WebUiBuiltInKeywords$click$3.call(Unknown Source)
	at tW_Saving tW Article.run(tW_Saving tW Article:33)
	at com.kms.katalon.core.main.ScriptEngine.run(ScriptEngine.java:194)
	at com.kms.katalon.core.main.ScriptEngine.runScriptAsRawText(ScriptEngine.java:119)
	at com.kms.katalon.core.main.TestCaseExecutor.runScript(TestCaseExecutor.java:398)
	at com.kms.katalon.core.main.TestCaseExecutor.doExecute(TestCaseExecutor.java:389)
	at com.kms.katalon.core.main.TestCaseExecutor.processExecutionPhase(TestCaseExecutor.java:368)
	at com.kms.katalon.core.main.TestCaseExecutor.accessMainPhase(TestCaseExecutor.java:360)
	at com.kms.katalon.core.main.TestCaseExecutor.execute(TestCaseExecutor.java:255)
	at com.kms.katalon.core.main.TestSuiteExecutor.accessTestCaseMainPhase(TestSuiteExecutor.java:203)
	at com.kms.katalon.core.main.TestSuiteExecutor.accessTestSuiteMainPhase(TestSuiteExecutor.java:152)
	at com.kms.katalon.core.main.TestSuiteExecutor.execute(TestSuiteExecutor.java:95)
	at com.kms.katalon.core.main.TestCaseMain.startTestSuite(TestCaseMain.java:157)
	at com.kms.katalon.core.main.TestCaseMain$startTestSuite$0.call(Unknown Source)
	at TempTestSuite1620046103825.run(TempTestSuite1620046103825.groovy:39)
Caused by: com.kms.katalon.core.exception.StepFailedException: Unable to click on object 'Object Repository/tW Objects/span_kt'
	... 21 more
Caused by: com.kms.katalon.core.webui.exception.WebElementNotFoundException: Web element with id: 'Object Repository/tW Objects/span_kt' located by '//div[@id='root']/div/div/div/div/div[2]/div/div/div/div/ul/div[6]/div[2]/div/div/ul/div[2]/div/div[2]/span' not found
	at com.kms.katalon.core.webui.common.WebUiCommonHelper.findWebElement(WebUiCommonHelper.java:1368)
	at com.kms.katalon.core.webui.keyword.internal.WebUIAbstractKeyword.findWebElement(WebUIAbstractKeyword.groovy:27)
	at com.kms.katalon.core.webui.keyword.internal.WebUIAbstractKeyword.findWebElement(WebUIAbstractKeyword.groovy:26)
	at com.kms.katalon.core.webui.keyword.builtin.ClickKeyword$_click_closure1.doCall(ClickKeyword.groovy:66)
	at com.kms.katalon.core.webui.keyword.builtin.ClickKeyword$_click_closure1.call(ClickKeyword.groovy)
	at com.kms.katalon.core.webui.keyword.internal.WebUIKeywordMain.runKeyword(WebUIKeywordMain.groovy:20)
	... 19 more]]></system-err>
      </testcase>
      <testcase name="Test Cases/tCC Test Cases/tA_Saving tA Article" time="97.541" classname="Test Cases/tCC Test Cases/tA_Saving tA Article" status="FAILED">
         <failure type="FAILED" message="Test Cases/tCC Test Cases/tA_Saving tA Article FAILED.
Reason:
com.kms.katalon.core.exception.StepFailedException: Unable to click on object 'Object Repository/Page_tC Create/div_A FARMER represents God, and the VINEYA_8b10d9' (Root cause: com.kms.katalon.core.exception.StepFailedException: Unable to click on object 'Object Repository/Page_tC Create/div_A FARMER represents God, and the VINEYA_8b10d9'
	at com.kms.katalon.core.webui.keyword.internal.WebUIKeywordMain.stepFailed(WebUIKeywordMain.groovy:64)
	at com.kms.katalon.core.webui.keyword.internal.WebUIKeywordMain.runKeyword(WebUIKeywordMain.groovy:26)
	at com.kms.katalon.core.webui.keyword.builtin.ClickKeyword.click(ClickKeyword.groovy:75)
	at com.kms.katalon.core.webui.keyword.builtin.ClickKeyword.execute(ClickKeyword.groovy:42)
	at com.kms.katalon.core.keyword.internal.KeywordExecutor.executeKeywordForPlatform(KeywordExecutor.groovy:73)
	at com.kms.katalon.core.webui.keyword.WebUiBuiltInKeywords.click(WebUiBuiltInKeywords.groovy:619)
	at com.kms.katalon.core.webui.keyword.WebUiBuiltInKeywords$click$3.call(Unknown Source)
	at tA_Saving tA Article.run(tA_Saving tA Article:38)
	at com.kms.katalon.core.main.ScriptEngine.run(ScriptEngine.java:194)
	at com.kms.katalon.core.main.ScriptEngine.runScriptAsRawText(ScriptEngine.java:119)
	at com.kms.katalon.core.main.TestCaseExecutor.runScript(TestCaseExecutor.java:398)
	at com.kms.katalon.core.main.TestCaseExecutor.doExecute(TestCaseExecutor.java:389)
	at com.kms.katalon.core.main.TestCaseExecutor.processExecutionPhase(TestCaseExecutor.java:368)
	at com.kms.katalon.core.main.TestCaseExecutor.accessMainPhase(TestCaseExecutor.java:360)
	at com.kms.katalon.core.main.TestCaseExecutor.execute(TestCaseExecutor.java:255)
	at com.kms.katalon.core.main.TestSuiteExecutor.accessTestCaseMainPhase(TestSuiteExecutor.java:203)
	at com.kms.katalon.core.main.TestSuiteExecutor.accessTestSuiteMainPhase(TestSuiteExecutor.java:152)
	at com.kms.katalon.core.main.TestSuiteExecutor.execute(TestSuiteExecutor.java:95)
	at com.kms.katalon.core.main.TestCaseMain.startTestSuite(TestCaseMain.java:157)
	at com.kms.katalon.core.main.TestCaseMain$startTestSuite$0.call(Unknown Source)
	at TempTestSuite1620046103825.run(TempTestSuite1620046103825.groovy:39)
Caused by: com.kms.katalon.core.webui.exception.WebElementNotFoundException: Web element with id: 'Object Repository/Page_tC Create/div_A FARMER represents God, and the VINEYA_8b10d9' located by '//*[@class = 'MuiExpansionPanelSummary-content' and (text() = 'A FARMER represents God, and the VINEYARD represents his chosen people' or . = 'A FARMER represents God, and the VINEYARD represents his chosen people')]' not found
	at com.kms.katalon.core.webui.common.WebUiCommonHelper.findWebElement(WebUiCommonHelper.java:1368)
	at com.kms.katalon.core.webui.keyword.internal.WebUIAbstractKeyword.findWebElement(WebUIAbstractKeyword.groovy:27)
	at com.kms.katalon.core.webui.keyword.internal.WebUIAbstractKeyword.findWebElement(WebUIAbstractKeyword.groovy:26)
	at com.kms.katalon.core.webui.keyword.builtin.ClickKeyword$_click_closure1.doCall(ClickKeyword.groovy:66)
	at com.kms.katalon.core.webui.keyword.builtin.ClickKeyword$_click_closure1.call(ClickKeyword.groovy)
	at com.kms.katalon.core.webui.keyword.internal.WebUIKeywordMain.runKeyword(WebUIKeywordMain.groovy:20)
	at com.kms.katalon.core.webui.keyword.builtin.ClickKeyword.click(ClickKeyword.groovy:75)
	at com.kms.katalon.core.webui.keyword.builtin.ClickKeyword.execute(ClickKeyword.groovy:42)
	at com.kms.katalon.core.keyword.internal.KeywordExecutor.executeKeywordForPlatform(KeywordExecutor.groovy:73)
	at com.kms.katalon.core.webui.keyword.WebUiBuiltInKeywords.click(WebUiBuiltInKeywords.groovy:619)
	at com.kms.katalon.core.webui.keyword.WebUiBuiltInKeywords$click$3.call(Unknown Source)
	at Script1609168958432.run(Script1609168958432.groovy:38)
	... 13 more
)
	at com.kms.katalon.core.keyword.internal.KeywordMain.stepFailed(KeywordMain.groovy:39)
	at com.kms.katalon.core.webui.keyword.internal.WebUIKeywordMain.stepFailed(WebUIKeywordMain.groovy:64)
	at com.kms.katalon.core.webui.keyword.internal.WebUIKeywordMain.runKeyword(WebUIKeywordMain.groovy:26)
	at com.kms.katalon.core.webui.keyword.builtin.ClickKeyword.click(ClickKeyword.groovy:75)
	at com.kms.katalon.core.webui.keyword.builtin.ClickKeyword.execute(ClickKeyword.groovy:42)
	at com.kms.katalon.core.keyword.internal.KeywordExecutor.executeKeywordForPlatform(KeywordExecutor.groovy:73)
	at com.kms.katalon.core.webui.keyword.WebUiBuiltInKeywords.click(WebUiBuiltInKeywords.groovy:619)
	at com.kms.katalon.core.webui.keyword.WebUiBuiltInKeywords$click$3.call(Unknown Source)
	at tA_Saving tA Article.run(tA_Saving tA Article:38)
	at com.kms.katalon.core.main.ScriptEngine.run(ScriptEngine.java:194)
	at com.kms.katalon.core.main.ScriptEngine.runScriptAsRawText(ScriptEngine.java:119)
	at com.kms.katalon.core.main.TestCaseExecutor.runScript(TestCaseExecutor.java:398)
	at com.kms.katalon.core.main.TestCaseExecutor.doExecute(TestCaseExecutor.java:389)
	at com.kms.katalon.core.main.TestCaseExecutor.processExecutionPhase(TestCaseExecutor.java:368)
	at com.kms.katalon.core.main.TestCaseExecutor.accessMainPhase(TestCaseExecutor.java:360)
	at com.kms.katalon.core.main.TestCaseExecutor.execute(TestCaseExecutor.java:255)
	at com.kms.katalon.core.main.TestSuiteExecutor.accessTestCaseMainPhase(TestSuiteExecutor.java:203)
	at com.kms.katalon.core.main.TestSuiteExecutor.accessTestSuiteMainPhase(TestSuiteExecutor.java:152)
	at com.kms.katalon.core.main.TestSuiteExecutor.execute(TestSuiteExecutor.java:95)
	at com.kms.katalon.core.main.TestCaseMain.startTestSuite(TestCaseMain.java:157)
	at com.kms.katalon.core.main.TestCaseMain$startTestSuite$0.call(Unknown Source)
	at TempTestSuite1620046103825.run(TempTestSuite1620046103825.groovy:39)
Caused by: com.kms.katalon.core.exception.StepFailedException: Unable to click on object 'Object Repository/Page_tC Create/div_A FARMER represents God, and the VINEYA_8b10d9'
	... 21 more
Caused by: com.kms.katalon.core.webui.exception.WebElementNotFoundException: Web element with id: 'Object Repository/Page_tC Create/div_A FARMER represents God, and the VINEYA_8b10d9' located by '//*[@class = 'MuiExpansionPanelSummary-content' and (text() = 'A FARMER represents God, and the VINEYARD represents his chosen people' or . = 'A FARMER represents God, and the VINEYARD represents his chosen people')]' not found
	at com.kms.katalon.core.webui.common.WebUiCommonHelper.findWebElement(WebUiCommonHelper.java:1368)
	at com.kms.katalon.core.webui.keyword.internal.WebUIAbstractKeyword.findWebElement(WebUIAbstractKeyword.groovy:27)
	at com.kms.katalon.core.webui.keyword.internal.WebUIAbstractKeyword.findWebElement(WebUIAbstractKeyword.groovy:26)
	at com.kms.katalon.core.webui.keyword.builtin.ClickKeyword$_click_closure1.doCall(ClickKeyword.groovy:66)
	at com.kms.katalon.core.webui.keyword.builtin.ClickKeyword$_click_closure1.call(ClickKeyword.groovy)
	at com.kms.katalon.core.webui.keyword.internal.WebUIKeywordMain.runKeyword(WebUIKeywordMain.groovy:20)
	... 19 more
"/>
         <system-out><![CDATA[2021-05-03 08:59:26 - [TEST_CASE][FAILED] - Test Cases/tCC Test Cases/tA_Saving tA Article: Test Cases/tCC Test Cases/tA_Saving tA Article FAILED.
Reason:
com.kms.katalon.core.exception.StepFailedException: Unable to click on object 'Object Repository/Page_tC Create/div_A FARMER represents God, and the VINEYA_8b10d9' (Root cause: com.kms.katalon.core.exception.StepFailedException: Unable to click on object 'Object Repository/Page_tC Create/div_A FARMER represents God, and the VINEYA_8b10d9'
	at com.kms.katalon.core.webui.keyword.internal.WebUIKeywordMain.stepFailed(WebUIKeywordMain.groovy:64)
	at com.kms.katalon.core.webui.keyword.internal.WebUIKeywordMain.runKeyword(WebUIKeywordMain.groovy:26)
	at com.kms.katalon.core.webui.keyword.builtin.ClickKeyword.click(ClickKeyword.groovy:75)
	at com.kms.katalon.core.webui.keyword.builtin.ClickKeyword.execute(ClickKeyword.groovy:42)
	at com.kms.katalon.core.keyword.internal.KeywordExecutor.executeKeywordForPlatform(KeywordExecutor.groovy:73)
	at com.kms.katalon.core.webui.keyword.WebUiBuiltInKeywords.click(WebUiBuiltInKeywords.groovy:619)
	at com.kms.katalon.core.webui.keyword.WebUiBuiltInKeywords$click$3.call(Unknown Source)
	at tA_Saving tA Article.run(tA_Saving tA Article:38)
	at com.kms.katalon.core.main.ScriptEngine.run(ScriptEngine.java:194)
	at com.kms.katalon.core.main.ScriptEngine.runScriptAsRawText(ScriptEngine.java:119)
	at com.kms.katalon.core.main.TestCaseExecutor.runScript(TestCaseExecutor.java:398)
	at com.kms.katalon.core.main.TestCaseExecutor.doExecute(TestCaseExecutor.java:389)
	at com.kms.katalon.core.main.TestCaseExecutor.processExecutionPhase(TestCaseExecutor.java:368)
	at com.kms.katalon.core.main.TestCaseExecutor.accessMainPhase(TestCaseExecutor.java:360)
	at com.kms.katalon.core.main.TestCaseExecutor.execute(TestCaseExecutor.java:255)
	at com.kms.katalon.core.main.TestSuiteExecutor.accessTestCaseMainPhase(TestSuiteExecutor.java:203)
	at com.kms.katalon.core.main.TestSuiteExecutor.accessTestSuiteMainPhase(TestSuiteExecutor.java:152)
	at com.kms.katalon.core.main.TestSuiteExecutor.execute(TestSuiteExecutor.java:95)
	at com.kms.katalon.core.main.TestCaseMain.startTestSuite(TestCaseMain.java:157)
	at com.kms.katalon.core.main.TestCaseMain$startTestSuite$0.call(Unknown Source)
	at TempTestSuite1620046103825.run(TempTestSuite1620046103825.groovy:39)
Caused by: com.kms.katalon.core.webui.exception.WebElementNotFoundException: Web element with id: 'Object Repository/Page_tC Create/div_A FARMER represents God, and the VINEYA_8b10d9' located by '//*[@class = 'MuiExpansionPanelSummary-content' and (text() = 'A FARMER represents God, and the VINEYARD represents his chosen people' or . = 'A FARMER represents God, and the VINEYARD represents his chosen people')]' not found
	at com.kms.katalon.core.webui.common.WebUiCommonHelper.findWebElement(WebUiCommonHelper.java:1368)
	at com.kms.katalon.core.webui.keyword.internal.WebUIAbstractKeyword.findWebElement(WebUIAbstractKeyword.groovy:27)
	at com.kms.katalon.core.webui.keyword.internal.WebUIAbstractKeyword.findWebElement(WebUIAbstractKeyword.groovy:26)
	at com.kms.katalon.core.webui.keyword.builtin.ClickKeyword$_click_closure1.doCall(ClickKeyword.groovy:66)
	at com.kms.katalon.core.webui.keyword.builtin.ClickKeyword$_click_closure1.call(ClickKeyword.groovy)
	at com.kms.katalon.core.webui.keyword.internal.WebUIKeywordMain.runKeyword(WebUIKeywordMain.groovy:20)
	at com.kms.katalon.core.webui.keyword.builtin.ClickKeyword.click(ClickKeyword.groovy:75)
	at com.kms.katalon.core.webui.keyword.builtin.ClickKeyword.execute(ClickKeyword.groovy:42)
	at com.kms.katalon.core.keyword.internal.KeywordExecutor.executeKeywordForPlatform(KeywordExecutor.groovy:73)
	at com.kms.katalon.core.webui.keyword.WebUiBuiltInKeywords.click(WebUiBuiltInKeywords.groovy:619)
	at com.kms.katalon.core.webui.keyword.WebUiBuiltInKeywords$click$3.call(Unknown Source)
	at Script1609168958432.run(Script1609168958432.groovy:38)
	... 13 more
)
	at com.kms.katalon.core.keyword.internal.KeywordMain.stepFailed(KeywordMain.groovy:39)
	at com.kms.katalon.core.webui.keyword.internal.WebUIKeywordMain.stepFailed(WebUIKeywordMain.groovy:64)
	at com.kms.katalon.core.webui.keyword.internal.WebUIKeywordMain.runKeyword(WebUIKeywordMain.groovy:26)
	at com.kms.katalon.core.webui.keyword.builtin.ClickKeyword.click(ClickKeyword.groovy:75)
	at com.kms.katalon.core.webui.keyword.builtin.ClickKeyword.execute(ClickKeyword.groovy:42)
	at com.kms.katalon.core.keyword.internal.KeywordExecutor.executeKeywordForPlatform(KeywordExecutor.groovy:73)
	at com.kms.katalon.core.webui.keyword.WebUiBuiltInKeywords.click(WebUiBuiltInKeywords.groovy:619)
	at com.kms.katalon.core.webui.keyword.WebUiBuiltInKeywords$click$3.call(Unknown Source)
	at tA_Saving tA Article.run(tA_Saving tA Article:38)
	at com.kms.katalon.core.main.ScriptEngine.run(ScriptEngine.java:194)
	at com.kms.katalon.core.main.ScriptEngine.runScriptAsRawText(ScriptEngine.java:119)
	at com.kms.katalon.core.main.TestCaseExecutor.runScript(TestCaseExecutor.java:398)
	at com.kms.katalon.core.main.TestCaseExecutor.doExecute(TestCaseExecutor.java:389)
	at com.kms.katalon.core.main.TestCaseExecutor.processExecutionPhase(TestCaseExecutor.java:368)
	at com.kms.katalon.core.main.TestCaseExecutor.accessMainPhase(TestCaseExecutor.java:360)
	at com.kms.katalon.core.main.TestCaseExecutor.execute(TestCaseExecutor.java:255)
	at com.kms.katalon.core.main.TestSuiteExecutor.accessTestCaseMainPhase(TestSuiteExecutor.java:203)
	at com.kms.katalon.core.main.TestSuiteExecutor.accessTestSuiteMainPhase(TestSuiteExecutor.java:152)
	at com.kms.katalon.core.main.TestSuiteExecutor.execute(TestSuiteExecutor.java:95)
	at com.kms.katalon.core.main.TestCaseMain.startTestSuite(TestCaseMain.java:157)
	at com.kms.katalon.core.main.TestCaseMain$startTestSuite$0.call(Unknown Source)
	at TempTestSuite1620046103825.run(TempTestSuite1620046103825.groovy:39)
Caused by: com.kms.katalon.core.exception.StepFailedException: Unable to click on object 'Object Repository/Page_tC Create/div_A FARMER represents God, and the VINEYA_8b10d9'
	... 21 more
Caused by: com.kms.katalon.core.webui.exception.WebElementNotFoundException: Web element with id: 'Object Repository/Page_tC Create/div_A FARMER represents God, and the VINEYA_8b10d9' located by '//*[@class = 'MuiExpansionPanelSummary-content' and (text() = 'A FARMER represents God, and the VINEYARD represents his chosen people' or . = 'A FARMER represents God, and the VINEYARD represents his chosen people')]' not found
	at com.kms.katalon.core.webui.common.WebUiCommonHelper.findWebElement(WebUiCommonHelper.java:1368)
	at com.kms.katalon.core.webui.keyword.internal.WebUIAbstractKeyword.findWebElement(WebUIAbstractKeyword.groovy:27)
	at com.kms.katalon.core.webui.keyword.internal.WebUIAbstractKeyword.findWebElement(WebUIAbstractKeyword.groovy:26)
	at com.kms.katalon.core.webui.keyword.builtin.ClickKeyword$_click_closure1.doCall(ClickKeyword.groovy:66)
	at com.kms.katalon.core.webui.keyword.builtin.ClickKeyword$_click_closure1.call(ClickKeyword.groovy)
	at com.kms.katalon.core.webui.keyword.internal.WebUIKeywordMain.runKeyword(WebUIKeywordMain.groovy:20)
	... 19 more


2021-05-03 08:59:26 - [TEST_STEP][PASSED] - com.tccreate.keywords.WriteToFile.writeTofilename("tA-Save"): com.tccreate.keywords.WriteToFile.writeTofilename is PASSED

2021-05-03 08:59:26 - [MESSAGE][PASSED] - com.tccreate.keywords.WriteToFile.writeTofilename is PASSED

2021-05-03 08:59:26 - [TEST_STEP][PASSED] - com.helper.login.TimeDate.getTimeDate(): com.helper.login.TimeDate.getTimeDate is PASSED

2021-05-03 08:59:26 - [MESSAGE][INFO] - Time at which the test run:2021-05-03 08:59:26.379

2021-05-03 08:59:26 - [MESSAGE][PASSED] - com.helper.login.TimeDate.getTimeDate is PASSED

2021-05-03 08:59:26 - [TEST_STEP][PASSED] - com.helper.login.loginhelper.logintoapp(): com.helper.login.loginhelper.logintoapp is PASSED

2021-05-03 08:59:26 - [MESSAGE][WARNING] - A browser is already opened. Closing browser and opening a new one

2021-05-03 08:59:26 - [MESSAGE][INFO] - Starting 'Chrome' driver

2021-05-03 08:59:26 - [MESSAGE][INFO] - Action delay is set to 1,000 milliseconds

2021-05-03 08:59:27 - [MESSAGE][WARNING] - FFmpeg was not installed! Browser Recording will be disabled. Please follow this document to install FFmpeg first: https://docs.katalon.com/katalon-studio/docs/screenshots-videos.html#browser-based-recorder

2021-05-03 08:59:29 - [MESSAGE][PASSED] - Browser is opened with url: 'https://develop--tc-create-app.netlify.app/'

2021-05-03 08:59:30 - [MESSAGE][PASSED] - Wait for page load successfully

2021-05-03 08:59:30 - [MESSAGE][PASSED] - Current window maximized

2021-05-03 08:59:31 - [MESSAGE][PASSED] - Keys 'elsylambert' sent to object: 'Object Repository/Page_tC Create/input__username'

2021-05-03 08:59:33 - [MESSAGE][PASSED] - Keys 'fatak43' sent to object: 'Object Repository/Page_tC Create/input__password'

2021-05-03 08:59:34 - [MESSAGE][PASSED] - Object: 'Object Repository/Page_tC Create/button_Login' is clicked on

2021-05-03 08:59:35 - [MESSAGE][PASSED] - Delayed 1 second(s)

2021-05-03 08:59:37 - [MESSAGE][PASSED] - Text of object 'Object Repository/Page_tC Create/tcc-version number' is: 'translationCore Create - v1.2.0 build 41-eb23e86'

2021-05-03 08:59:37 - [MESSAGE][INFO] - : The current version and build number is translationCore Create - v1.2.0 build 41-eb23e86

2021-05-03 08:59:37 - [MESSAGE][PASSED] - com.helper.login.loginhelper.logintoapp is PASSED

2021-05-03 08:59:37 - [TEST_STEP][PASSED] - com.tccreate.keywords.selectOrg.organization(""): com.tccreate.keywords.selectOrg.organization is PASSED

2021-05-03 08:59:38 - [MESSAGE][PASSED] - Object: 'Object Repository/Page_tC Create/listOption_organisation_Parmed' is clicked on

2021-05-03 08:59:40 - [MESSAGE][WARNING] - No alert found after 2 second(s).

2021-05-03 08:59:40 - [MESSAGE][PASSED] - com.tccreate.keywords.selectOrg.organization is PASSED

2021-05-03 08:59:40 - [TEST_STEP][PASSED] - com.tccreate.keywords.selectOrg.resource("unfoldingWordÂ® Translation Academy"): com.tccreate.keywords.selectOrg.resource is PASSED

2021-05-03 08:59:41 - [MESSAGE][PASSED] - Object: 'Object Repository/Page_tC Create/resource_Parmed' is clicked on

2021-05-03 08:59:41 - [MESSAGE][PASSED] - com.tccreate.keywords.selectOrg.resource is PASSED

2021-05-03 08:59:41 - [TEST_STEP][PASSED] - com.tccreate.keywords.selectOrg.language(""): com.tccreate.keywords.selectOrg.language is PASSED

2021-05-03 08:59:43 - [MESSAGE][PASSED] - Object: 'Object Repository/Page_tC Create/combo_Select Language' is clicked on

2021-05-03 08:59:45 - [MESSAGE][PASSED] - Object: 'Object Repository/Page_tC Create/listOption_Language_Parmed' is clicked on

2021-05-03 08:59:45 - [MESSAGE][PASSED] - com.tccreate.keywords.selectOrg.language is PASSED

2021-05-03 08:59:45 - [TEST_STEP][PASSED] - click(findTestObject("Page_tC Create/span_translate")): Object: 'Object Repository/Page_tC Create/span_translate' is clicked on

2021-05-03 08:59:47 - [MESSAGE][PASSED] - Object: 'Object Repository/Page_tC Create/span_translate' is clicked on

2021-05-03 08:59:47 - [TEST_STEP][PASSED] - click(findTestObject("Object Repository/Page_tC Create/span_bita-farming")): Object: 'Object Repository/Page_tC Create/span_bita-farming' is clicked on

2021-05-03 08:59:49 - [MESSAGE][PASSED] - Object: 'Object Repository/Page_tC Create/span_bita-farming' is clicked on

2021-05-03 08:59:49 - [TEST_STEP][PASSED] - click(findTestObject("Object Repository/Page_tC Create/span_01.md")): Object: 'Object Repository/Page_tC Create/span_01.md' is clicked on

2021-05-03 08:59:51 - [MESSAGE][PASSED] - Object: 'Object Repository/Page_tC Create/span_01.md' is clicked on

2021-05-03 08:59:51 - [TEST_STEP][FAILED] - click(findTestObject("Object Repository/Page_tC Create/div_A FARMER represents God, and the VINEYA_8b10d9")): Unable to click on object 'Object Repository/Page_tC Create/div_A FARMER represents God, and the VINEYA_8b10d9' (Root cause: com.kms.katalon.core.exception.StepFailedException: Unable to click on object 'Object Repository/Page_tC Create/div_A FARMER represents God, and the VINEYA_8b10d9'
	at com.kms.katalon.core.webui.keyword.internal.WebUIKeywordMain.stepFailed(WebUIKeywordMain.groovy:64)
	at com.kms.katalon.core.webui.keyword.internal.WebUIKeywordMain.runKeyword(WebUIKeywordMain.groovy:26)
	at com.kms.katalon.core.webui.keyword.builtin.ClickKeyword.click(ClickKeyword.groovy:75)
	at com.kms.katalon.core.webui.keyword.builtin.ClickKeyword.execute(ClickKeyword.groovy:42)
	at com.kms.katalon.core.keyword.internal.KeywordExecutor.executeKeywordForPlatform(KeywordExecutor.groovy:73)
	at com.kms.katalon.core.webui.keyword.WebUiBuiltInKeywords.click(WebUiBuiltInKeywords.groovy:619)
	at com.kms.katalon.core.webui.keyword.WebUiBuiltInKeywords$click$3.call(Unknown Source)
	at tA_Saving tA Article.run(tA_Saving tA Article:38)
	at com.kms.katalon.core.main.ScriptEngine.run(ScriptEngine.java:194)
	at com.kms.katalon.core.main.ScriptEngine.runScriptAsRawText(ScriptEngine.java:119)
	at com.kms.katalon.core.main.TestCaseExecutor.runScript(TestCaseExecutor.java:398)
	at com.kms.katalon.core.main.TestCaseExecutor.doExecute(TestCaseExecutor.java:389)
	at com.kms.katalon.core.main.TestCaseExecutor.processExecutionPhase(TestCaseExecutor.java:368)
	at com.kms.katalon.core.main.TestCaseExecutor.accessMainPhase(TestCaseExecutor.java:360)
	at com.kms.katalon.core.main.TestCaseExecutor.execute(TestCaseExecutor.java:255)
	at com.kms.katalon.core.main.TestSuiteExecutor.accessTestCaseMainPhase(TestSuiteExecutor.java:203)
	at com.kms.katalon.core.main.TestSuiteExecutor.accessTestSuiteMainPhase(TestSuiteExecutor.java:152)
	at com.kms.katalon.core.main.TestSuiteExecutor.execute(TestSuiteExecutor.java:95)
	at com.kms.katalon.core.main.TestCaseMain.startTestSuite(TestCaseMain.java:157)
	at com.kms.katalon.core.main.TestCaseMain$startTestSuite$0.call(Unknown Source)
	at TempTestSuite1620046103825.run(TempTestSuite1620046103825.groovy:39)
Caused by: com.kms.katalon.core.webui.exception.WebElementNotFoundException: Web element with id: 'Object Repository/Page_tC Create/div_A FARMER represents God, and the VINEYA_8b10d9' located by '//*[@class = 'MuiExpansionPanelSummary-content' and (text() = 'A FARMER represents God, and the VINEYARD represents his chosen people' or . = 'A FARMER represents God, and the VINEYARD represents his chosen people')]' not found
	at com.kms.katalon.core.webui.common.WebUiCommonHelper.findWebElement(WebUiCommonHelper.java:1368)
	at com.kms.katalon.core.webui.keyword.internal.WebUIAbstractKeyword.findWebElement(WebUIAbstractKeyword.groovy:27)
	at com.kms.katalon.core.webui.keyword.internal.WebUIAbstractKeyword.findWebElement(WebUIAbstractKeyword.groovy:26)
	at com.kms.katalon.core.webui.keyword.builtin.ClickKeyword$_click_closure1.doCall(ClickKeyword.groovy:66)
	at com.kms.katalon.core.webui.keyword.builtin.ClickKeyword$_click_closure1.call(ClickKeyword.groovy)
	at com.kms.katalon.core.webui.keyword.internal.WebUIKeywordMain.runKeyword(WebUIKeywordMain.groovy:20)
	at com.kms.katalon.core.webui.keyword.builtin.ClickKeyword.click(ClickKeyword.groovy:75)
	at com.kms.katalon.core.webui.keyword.builtin.ClickKeyword.execute(ClickKeyword.groovy:42)
	at com.kms.katalon.core.keyword.internal.KeywordExecutor.executeKeywordForPlatform(KeywordExecutor.groovy:73)
	at com.kms.katalon.core.webui.keyword.WebUiBuiltInKeywords.click(WebUiBuiltInKeywords.groovy:619)
	at com.kms.katalon.core.webui.keyword.WebUiBuiltInKeywords$click$3.call(Unknown Source)
	at Script1609168958432.run(Script1609168958432.groovy:38)
	... 13 more
)

2021-05-03 09:00:22 - [MESSAGE][INFO] - Unable to find the element located by 'By.xpath: //*[@class = 'MuiExpansionPanelSummary-content' and (text() = 'A FARMER represents God, and the VINEYARD represents his chosen people' or . = 'A FARMER represents God, and the VINEYARD represents his chosen people')]'. Please recheck the objects properties to make sure the desired element is located. 

2021-05-03 09:00:23 - [MESSAGE][FAILED] - Unable to click on object 'Object Repository/Page_tC Create/div_A FARMER represents God, and the VINEYA_8b10d9' (Root cause: com.kms.katalon.core.exception.StepFailedException: Unable to click on object 'Object Repository/Page_tC Create/div_A FARMER represents God, and the VINEYA_8b10d9'
	at com.kms.katalon.core.webui.keyword.internal.WebUIKeywordMain.stepFailed(WebUIKeywordMain.groovy:64)
	at com.kms.katalon.core.webui.keyword.internal.WebUIKeywordMain.runKeyword(WebUIKeywordMain.groovy:26)
	at com.kms.katalon.core.webui.keyword.builtin.ClickKeyword.click(ClickKeyword.groovy:75)
	at com.kms.katalon.core.webui.keyword.builtin.ClickKeyword.execute(ClickKeyword.groovy:42)
	at com.kms.katalon.core.keyword.internal.KeywordExecutor.executeKeywordForPlatform(KeywordExecutor.groovy:73)
	at com.kms.katalon.core.webui.keyword.WebUiBuiltInKeywords.click(WebUiBuiltInKeywords.groovy:619)
	at com.kms.katalon.core.webui.keyword.WebUiBuiltInKeywords$click$3.call(Unknown Source)
	at tA_Saving tA Article.run(tA_Saving tA Article:38)
	at com.kms.katalon.core.main.ScriptEngine.run(ScriptEngine.java:194)
	at com.kms.katalon.core.main.ScriptEngine.runScriptAsRawText(ScriptEngine.java:119)
	at com.kms.katalon.core.main.TestCaseExecutor.runScript(TestCaseExecutor.java:398)
	at com.kms.katalon.core.main.TestCaseExecutor.doExecute(TestCaseExecutor.java:389)
	at com.kms.katalon.core.main.TestCaseExecutor.processExecutionPhase(TestCaseExecutor.java:368)
	at com.kms.katalon.core.main.TestCaseExecutor.accessMainPhase(TestCaseExecutor.java:360)
	at com.kms.katalon.core.main.TestCaseExecutor.execute(TestCaseExecutor.java:255)
	at com.kms.katalon.core.main.TestSuiteExecutor.accessTestCaseMainPhase(TestSuiteExecutor.java:203)
	at com.kms.katalon.core.main.TestSuiteExecutor.accessTestSuiteMainPhase(TestSuiteExecutor.java:152)
	at com.kms.katalon.core.main.TestSuiteExecutor.execute(TestSuiteExecutor.java:95)
	at com.kms.katalon.core.main.TestCaseMain.startTestSuite(TestCaseMain.java:157)
	at com.kms.katalon.core.main.TestCaseMain$startTestSuite$0.call(Unknown Source)
	at TempTestSuite1620046103825.run(TempTestSuite1620046103825.groovy:39)
Caused by: com.kms.katalon.core.webui.exception.WebElementNotFoundException: Web element with id: 'Object Repository/Page_tC Create/div_A FARMER represents God, and the VINEYA_8b10d9' located by '//*[@class = 'MuiExpansionPanelSummary-content' and (text() = 'A FARMER represents God, and the VINEYARD represents his chosen people' or . = 'A FARMER represents God, and the VINEYARD represents his chosen people')]' not found
	at com.kms.katalon.core.webui.common.WebUiCommonHelper.findWebElement(WebUiCommonHelper.java:1368)
	at com.kms.katalon.core.webui.keyword.internal.WebUIAbstractKeyword.findWebElement(WebUIAbstractKeyword.groovy:27)
	at com.kms.katalon.core.webui.keyword.internal.WebUIAbstractKeyword.findWebElement(WebUIAbstractKeyword.groovy:26)
	at com.kms.katalon.core.webui.keyword.builtin.ClickKeyword$_click_closure1.doCall(ClickKeyword.groovy:66)
	at com.kms.katalon.core.webui.keyword.builtin.ClickKeyword$_click_closure1.call(ClickKeyword.groovy)
	at com.kms.katalon.core.webui.keyword.internal.WebUIKeywordMain.runKeyword(WebUIKeywordMain.groovy:20)
	at com.kms.katalon.core.webui.keyword.builtin.ClickKeyword.click(ClickKeyword.groovy:75)
	at com.kms.katalon.core.webui.keyword.builtin.ClickKeyword.execute(ClickKeyword.groovy:42)
	at com.kms.katalon.core.keyword.internal.KeywordExecutor.executeKeywordForPlatform(KeywordExecutor.groovy:73)
	at com.kms.katalon.core.webui.keyword.WebUiBuiltInKeywords.click(WebUiBuiltInKeywords.groovy:619)
	at com.kms.katalon.core.webui.keyword.WebUiBuiltInKeywords$click$3.call(Unknown Source)
	at Script1609168958432.run(Script1609168958432.groovy:38)
	... 13 more
)
[[ATTACHMENT|/Users/elsylitsonlambert/git/tcCreateQA/Reports/20210503_084823/Test Suite1- Regression/20210503_084823/1620046822603.png]]

2021-05-03 09:00:23 - [TEST_STEP][FAILED] - sendKeys(findTestObject("Object Repository/tA/div_A FARMER represents God,edit box"), " test edit by the test script"): Unable to send keys ' test edit by the test script' to object 'Object Repository/tA/div_A FARMER represents God,edit box' (Root cause: com.kms.katalon.core.exception.StepFailedException: Unable to send keys ' test edit by the test script' to object 'Object Repository/tA/div_A FARMER represents God,edit box'
	at com.kms.katalon.core.webui.keyword.internal.WebUIKeywordMain.stepFailed(WebUIKeywordMain.groovy:64)
	at com.kms.katalon.core.webui.keyword.internal.WebUIKeywordMain.runKeyword(WebUIKeywordMain.groovy:26)
	at com.kms.katalon.core.webui.keyword.builtin.SendKeysKeyword.sendKeys(SendKeysKeyword.groovy:60)
	at com.kms.katalon.core.webui.keyword.builtin.SendKeysKeyword.execute(SendKeysKeyword.groovy:38)
	at com.kms.katalon.core.keyword.internal.KeywordExecutor.executeKeywordForPlatform(KeywordExecutor.groovy:73)
	at com.kms.katalon.core.webui.keyword.WebUiBuiltInKeywords.sendKeys(WebUiBuiltInKeywords.groovy:863)
	at com.kms.katalon.core.webui.keyword.WebUiBuiltInKeywords$sendKeys$2.call(Unknown Source)
	at tA_Saving tA Article.run(tA_Saving tA Article:40)
	at com.kms.katalon.core.main.ScriptEngine.run(ScriptEngine.java:194)
	at com.kms.katalon.core.main.ScriptEngine.runScriptAsRawText(ScriptEngine.java:119)
	at com.kms.katalon.core.main.TestCaseExecutor.runScript(TestCaseExecutor.java:398)
	at com.kms.katalon.core.main.TestCaseExecutor.doExecute(TestCaseExecutor.java:389)
	at com.kms.katalon.core.main.TestCaseExecutor.processExecutionPhase(TestCaseExecutor.java:368)
	at com.kms.katalon.core.main.TestCaseExecutor.accessMainPhase(TestCaseExecutor.java:360)
	at com.kms.katalon.core.main.TestCaseExecutor.execute(TestCaseExecutor.java:255)
	at com.kms.katalon.core.main.TestSuiteExecutor.accessTestCaseMainPhase(TestSuiteExecutor.java:203)
	at com.kms.katalon.core.main.TestSuiteExecutor.accessTestSuiteMainPhase(TestSuiteExecutor.java:152)
	at com.kms.katalon.core.main.TestSuiteExecutor.execute(TestSuiteExecutor.java:95)
	at com.kms.katalon.core.main.TestCaseMain.startTestSuite(TestCaseMain.java:157)
	at com.kms.katalon.core.main.TestCaseMain$startTestSuite$0.call(Unknown Source)
	at TempTestSuite1620046103825.run(TempTestSuite1620046103825.groovy:39)
Caused by: com.kms.katalon.core.webui.exception.WebElementNotFoundException: Web element with id: 'Object Repository/tA/div_A FARMER represents God,edit box' located by '' not found
	at com.kms.katalon.core.webui.common.WebUiCommonHelper.findWebElement(WebUiCommonHelper.java:1368)
	at com.kms.katalon.core.webui.keyword.internal.WebUIAbstractKeyword.findWebElement(WebUIAbstractKeyword.groovy:27)
	at com.kms.katalon.core.webui.keyword.internal.WebUIAbstractKeyword.findWebElement(WebUIAbstractKeyword.groovy:26)
	at com.kms.katalon.core.webui.keyword.builtin.SendKeysKeyword$_sendKeys_closure1.doCall(SendKeysKeyword.groovy:52)
	at com.kms.katalon.core.webui.keyword.builtin.SendKeysKeyword$_sendKeys_closure1.call(SendKeysKeyword.groovy)
	at com.kms.katalon.core.webui.keyword.internal.WebUIKeywordMain.runKeyword(WebUIKeywordMain.groovy:20)
	at com.kms.katalon.core.webui.keyword.builtin.SendKeysKeyword.sendKeys(SendKeysKeyword.groovy:60)
	at com.kms.katalon.core.webui.keyword.builtin.SendKeysKeyword.execute(SendKeysKeyword.groovy:38)
	at com.kms.katalon.core.keyword.internal.KeywordExecutor.executeKeywordForPlatform(KeywordExecutor.groovy:73)
	at com.kms.katalon.core.webui.keyword.WebUiBuiltInKeywords.sendKeys(WebUiBuiltInKeywords.groovy:863)
	at com.kms.katalon.core.webui.keyword.WebUiBuiltInKeywords$sendKeys$2.call(Unknown Source)
	at Script1609168958432.run(Script1609168958432.groovy:40)
	... 13 more
)

2021-05-03 09:00:54 - [MESSAGE][INFO] - Unable to find the element located by 'By.xpath: '. Please recheck the objects properties to make sure the desired element is located. 

2021-05-03 09:00:54 - [MESSAGE][FAILED] - Unable to send keys ' test edit by the test script' to object 'Object Repository/tA/div_A FARMER represents God,edit box' (Root cause: com.kms.katalon.core.exception.StepFailedException: Unable to send keys ' test edit by the test script' to object 'Object Repository/tA/div_A FARMER represents God,edit box'
	at com.kms.katalon.core.webui.keyword.internal.WebUIKeywordMain.stepFailed(WebUIKeywordMain.groovy:64)
	at com.kms.katalon.core.webui.keyword.internal.WebUIKeywordMain.runKeyword(WebUIKeywordMain.groovy:26)
	at com.kms.katalon.core.webui.keyword.builtin.SendKeysKeyword.sendKeys(SendKeysKeyword.groovy:60)
	at com.kms.katalon.core.webui.keyword.builtin.SendKeysKeyword.execute(SendKeysKeyword.groovy:38)
	at com.kms.katalon.core.keyword.internal.KeywordExecutor.executeKeywordForPlatform(KeywordExecutor.groovy:73)
	at com.kms.katalon.core.webui.keyword.WebUiBuiltInKeywords.sendKeys(WebUiBuiltInKeywords.groovy:863)
	at com.kms.katalon.core.webui.keyword.WebUiBuiltInKeywords$sendKeys$2.call(Unknown Source)
	at tA_Saving tA Article.run(tA_Saving tA Article:40)
	at com.kms.katalon.core.main.ScriptEngine.run(ScriptEngine.java:194)
	at com.kms.katalon.core.main.ScriptEngine.runScriptAsRawText(ScriptEngine.java:119)
	at com.kms.katalon.core.main.TestCaseExecutor.runScript(TestCaseExecutor.java:398)
	at com.kms.katalon.core.main.TestCaseExecutor.doExecute(TestCaseExecutor.java:389)
	at com.kms.katalon.core.main.TestCaseExecutor.processExecutionPhase(TestCaseExecutor.java:368)
	at com.kms.katalon.core.main.TestCaseExecutor.accessMainPhase(TestCaseExecutor.java:360)
	at com.kms.katalon.core.main.TestCaseExecutor.execute(TestCaseExecutor.java:255)
	at com.kms.katalon.core.main.TestSuiteExecutor.accessTestCaseMainPhase(TestSuiteExecutor.java:203)
	at com.kms.katalon.core.main.TestSuiteExecutor.accessTestSuiteMainPhase(TestSuiteExecutor.java:152)
	at com.kms.katalon.core.main.TestSuiteExecutor.execute(TestSuiteExecutor.java:95)
	at com.kms.katalon.core.main.TestCaseMain.startTestSuite(TestCaseMain.java:157)
	at com.kms.katalon.core.main.TestCaseMain$startTestSuite$0.call(Unknown Source)
	at TempTestSuite1620046103825.run(TempTestSuite1620046103825.groovy:39)
Caused by: com.kms.katalon.core.webui.exception.WebElementNotFoundException: Web element with id: 'Object Repository/tA/div_A FARMER represents God,edit box' located by '' not found
	at com.kms.katalon.core.webui.common.WebUiCommonHelper.findWebElement(WebUiCommonHelper.java:1368)
	at com.kms.katalon.core.webui.keyword.internal.WebUIAbstractKeyword.findWebElement(WebUIAbstractKeyword.groovy:27)
	at com.kms.katalon.core.webui.keyword.internal.WebUIAbstractKeyword.findWebElement(WebUIAbstractKeyword.groovy:26)
	at com.kms.katalon.core.webui.keyword.builtin.SendKeysKeyword$_sendKeys_closure1.doCall(SendKeysKeyword.groovy:52)
	at com.kms.katalon.core.webui.keyword.builtin.SendKeysKeyword$_sendKeys_closure1.call(SendKeysKeyword.groovy)
	at com.kms.katalon.core.webui.keyword.internal.WebUIKeywordMain.runKeyword(WebUIKeywordMain.groovy:20)
	at com.kms.katalon.core.webui.keyword.builtin.SendKeysKeyword.sendKeys(SendKeysKeyword.groovy:60)
	at com.kms.katalon.core.webui.keyword.builtin.SendKeysKeyword.execute(SendKeysKeyword.groovy:38)
	at com.kms.katalon.core.keyword.internal.KeywordExecutor.executeKeywordForPlatform(KeywordExecutor.groovy:73)
	at com.kms.katalon.core.webui.keyword.WebUiBuiltInKeywords.sendKeys(WebUiBuiltInKeywords.groovy:863)
	at com.kms.katalon.core.webui.keyword.WebUiBuiltInKeywords$sendKeys$2.call(Unknown Source)
	at Script1609168958432.run(Script1609168958432.groovy:40)
	... 13 more
)
[[ATTACHMENT|/Users/elsylitsonlambert/git/tcCreateQA/Reports/20210503_084823/Test Suite1- Regression/20210503_084823/1620046854108.png]]

2021-05-03 09:00:54 - [TEST_STEP][FAILED] - click(findTestObject("Page_tC Create/button_Save")): Unable to click on object 'Object Repository/Page_tC Create/button_Save' (Root cause: com.kms.katalon.core.exception.StepFailedException: Unable to click on object 'Object Repository/Page_tC Create/button_Save'
	at com.kms.katalon.core.webui.keyword.internal.WebUIKeywordMain.stepFailed(WebUIKeywordMain.groovy:64)
	at com.kms.katalon.core.webui.keyword.internal.WebUIKeywordMain.runKeyword(WebUIKeywordMain.groovy:26)
	at com.kms.katalon.core.webui.keyword.builtin.ClickKeyword.click(ClickKeyword.groovy:75)
	at com.kms.katalon.core.webui.keyword.builtin.ClickKeyword.execute(ClickKeyword.groovy:42)
	at com.kms.katalon.core.keyword.internal.KeywordExecutor.executeKeywordForPlatform(KeywordExecutor.groovy:73)
	at com.kms.katalon.core.webui.keyword.WebUiBuiltInKeywords.click(WebUiBuiltInKeywords.groovy:619)
	at com.kms.katalon.core.webui.keyword.WebUiBuiltInKeywords$click$3.call(Unknown Source)
	at tA_Saving tA Article.run(tA_Saving tA Article:42)
	at com.kms.katalon.core.main.ScriptEngine.run(ScriptEngine.java:194)
	at com.kms.katalon.core.main.ScriptEngine.runScriptAsRawText(ScriptEngine.java:119)
	at com.kms.katalon.core.main.TestCaseExecutor.runScript(TestCaseExecutor.java:398)
	at com.kms.katalon.core.main.TestCaseExecutor.doExecute(TestCaseExecutor.java:389)
	at com.kms.katalon.core.main.TestCaseExecutor.processExecutionPhase(TestCaseExecutor.java:368)
	at com.kms.katalon.core.main.TestCaseExecutor.accessMainPhase(TestCaseExecutor.java:360)
	at com.kms.katalon.core.main.TestCaseExecutor.execute(TestCaseExecutor.java:255)
	at com.kms.katalon.core.main.TestSuiteExecutor.accessTestCaseMainPhase(TestSuiteExecutor.java:203)
	at com.kms.katalon.core.main.TestSuiteExecutor.accessTestSuiteMainPhase(TestSuiteExecutor.java:152)
	at com.kms.katalon.core.main.TestSuiteExecutor.execute(TestSuiteExecutor.java:95)
	at com.kms.katalon.core.main.TestCaseMain.startTestSuite(TestCaseMain.java:157)
	at com.kms.katalon.core.main.TestCaseMain$startTestSuite$0.call(Unknown Source)
	at TempTestSuite1620046103825.run(TempTestSuite1620046103825.groovy:39)
Caused by: org.openqa.selenium.ElementClickInterceptedException: element click intercepted: Element <button class="MuiButtonBase-root MuiIconButton-root jss57 Mui-disabled Mui-disabled" tabindex="-1" type="button" disabled="" aria-label="Save" title="Save">...</button> is not clickable at point (1740, 148). Other element would receive the click: <div class="jss56">...</div>
  (Session info: chrome=90.0.4430.93)
Build info: version: '3.141.59', revision: 'e82be7d358', time: '2018-11-14T08:25:53'
System info: host: 'ELSYs-MBP.phub.net.cable.rogers.com', ip: '2607:fea8:2cc1:800:0:0:0:3c2a%en0', os.name: 'Mac OS X', os.arch: 'x86_64', os.version: '10.16', java.version: '1.8.0_275'
Driver info: com.kms.katalon.selenium.driver.CChromeDriver
Capabilities {acceptInsecureCerts: false, browserName: chrome, browserVersion: 90.0.4430.93, chrome: {chromedriverVersion: 90.0.4430.24 (4c6d850f087da..., userDataDir: /var/folders/sf/msc8p_nx3x3...}, goog:chromeOptions: {debuggerAddress: localhost:50524}, javascriptEnabled: true, networkConnectionEnabled: false, pageLoadStrategy: normal, platform: MAC, platformName: MAC, proxy: Proxy(), setWindowRect: true, strictFileInteractability: false, timeouts: {implicit: 0, pageLoad: 300000, script: 30000}, unhandledPromptBehavior: dismiss and notify, webauthn:extension:largeBlob: true, webauthn:virtualAuthenticators: true}
Session ID: e09e4ab94a5ea0702382a4604a222f11
	at org.openqa.selenium.remote.http.W3CHttpResponseCodec.createException(W3CHttpResponseCodec.java:187)
	at org.openqa.selenium.remote.http.W3CHttpResponseCodec.decode(W3CHttpResponseCodec.java:122)
	at org.openqa.selenium.remote.http.W3CHttpResponseCodec.decode(W3CHttpResponseCodec.java:49)
	at org.openqa.selenium.remote.HttpCommandExecutor.execute(HttpCommandExecutor.java:158)
	at org.openqa.selenium.remote.service.DriverCommandExecutor.execute(DriverCommandExecutor.java:83)
	at org.openqa.selenium.remote.RemoteWebDriver.execute(RemoteWebDriver.java:552)
	at com.kms.katalon.selenium.driver.CChromeDriver.execute(CChromeDriver.java:19)
	at org.openqa.selenium.remote.RemoteWebElement.execute(RemoteWebElement.java:285)
	at org.openqa.selenium.remote.RemoteWebElement.click(RemoteWebElement.java:84)
	at org.openqa.selenium.support.events.EventFiringWebDriver$EventFiringWebElement.lambda$new$0(EventFiringWebDriver.java:404)
	at com.sun.proxy.$Proxy11.click(Unknown Source)
	at org.openqa.selenium.support.events.EventFiringWebDriver$EventFiringWebElement.click(EventFiringWebDriver.java:417)
	at com.kms.katalon.core.webui.keyword.builtin.ClickKeyword$_click_closure1.doCall(ClickKeyword.groovy:68)
	at com.kms.katalon.core.webui.keyword.builtin.ClickKeyword$_click_closure1.call(ClickKeyword.groovy)
	at com.kms.katalon.core.webui.keyword.internal.WebUIKeywordMain.runKeyword(WebUIKeywordMain.groovy:20)
	at com.kms.katalon.core.webui.keyword.builtin.ClickKeyword.click(ClickKeyword.groovy:75)
	at com.kms.katalon.core.webui.keyword.builtin.ClickKeyword.execute(ClickKeyword.groovy:42)
	at com.kms.katalon.core.keyword.internal.KeywordExecutor.executeKeywordForPlatform(KeywordExecutor.groovy:73)
	at com.kms.katalon.core.webui.keyword.WebUiBuiltInKeywords.click(WebUiBuiltInKeywords.groovy:619)
	at com.kms.katalon.core.webui.keyword.WebUiBuiltInKeywords$click$3.call(Unknown Source)
	at Script1609168958432.run(Script1609168958432.groovy:42)
	... 13 more
)

2021-05-03 09:00:57 - [MESSAGE][FAILED] - Unable to click on object 'Object Repository/Page_tC Create/button_Save' (Root cause: com.kms.katalon.core.exception.StepFailedException: Unable to click on object 'Object Repository/Page_tC Create/button_Save'
	at com.kms.katalon.core.webui.keyword.internal.WebUIKeywordMain.stepFailed(WebUIKeywordMain.groovy:64)
	at com.kms.katalon.core.webui.keyword.internal.WebUIKeywordMain.runKeyword(WebUIKeywordMain.groovy:26)
	at com.kms.katalon.core.webui.keyword.builtin.ClickKeyword.click(ClickKeyword.groovy:75)
	at com.kms.katalon.core.webui.keyword.builtin.ClickKeyword.execute(ClickKeyword.groovy:42)
	at com.kms.katalon.core.keyword.internal.KeywordExecutor.executeKeywordForPlatform(KeywordExecutor.groovy:73)
	at com.kms.katalon.core.webui.keyword.WebUiBuiltInKeywords.click(WebUiBuiltInKeywords.groovy:619)
	at com.kms.katalon.core.webui.keyword.WebUiBuiltInKeywords$click$3.call(Unknown Source)
	at tA_Saving tA Article.run(tA_Saving tA Article:42)
	at com.kms.katalon.core.main.ScriptEngine.run(ScriptEngine.java:194)
	at com.kms.katalon.core.main.ScriptEngine.runScriptAsRawText(ScriptEngine.java:119)
	at com.kms.katalon.core.main.TestCaseExecutor.runScript(TestCaseExecutor.java:398)
	at com.kms.katalon.core.main.TestCaseExecutor.doExecute(TestCaseExecutor.java:389)
	at com.kms.katalon.core.main.TestCaseExecutor.processExecutionPhase(TestCaseExecutor.java:368)
	at com.kms.katalon.core.main.TestCaseExecutor.accessMainPhase(TestCaseExecutor.java:360)
	at com.kms.katalon.core.main.TestCaseExecutor.execute(TestCaseExecutor.java:255)
	at com.kms.katalon.core.main.TestSuiteExecutor.accessTestCaseMainPhase(TestSuiteExecutor.java:203)
	at com.kms.katalon.core.main.TestSuiteExecutor.accessTestSuiteMainPhase(TestSuiteExecutor.java:152)
	at com.kms.katalon.core.main.TestSuiteExecutor.execute(TestSuiteExecutor.java:95)
	at com.kms.katalon.core.main.TestCaseMain.startTestSuite(TestCaseMain.java:157)
	at com.kms.katalon.core.main.TestCaseMain$startTestSuite$0.call(Unknown Source)
	at TempTestSuite1620046103825.run(TempTestSuite1620046103825.groovy:39)
Caused by: org.openqa.selenium.ElementClickInterceptedException: element click intercepted: Element <button class="MuiButtonBase-root MuiIconButton-root jss57 Mui-disabled Mui-disabled" tabindex="-1" type="button" disabled="" aria-label="Save" title="Save">...</button> is not clickable at point (1740, 148). Other element would receive the click: <div class="jss56">...</div>
  (Session info: chrome=90.0.4430.93)
Build info: version: '3.141.59', revision: 'e82be7d358', time: '2018-11-14T08:25:53'
System info: host: 'ELSYs-MBP.phub.net.cable.rogers.com', ip: '2607:fea8:2cc1:800:0:0:0:3c2a%en0', os.name: 'Mac OS X', os.arch: 'x86_64', os.version: '10.16', java.version: '1.8.0_275'
Driver info: com.kms.katalon.selenium.driver.CChromeDriver
Capabilities {acceptInsecureCerts: false, browserName: chrome, browserVersion: 90.0.4430.93, chrome: {chromedriverVersion: 90.0.4430.24 (4c6d850f087da..., userDataDir: /var/folders/sf/msc8p_nx3x3...}, goog:chromeOptions: {debuggerAddress: localhost:50524}, javascriptEnabled: true, networkConnectionEnabled: false, pageLoadStrategy: normal, platform: MAC, platformName: MAC, proxy: Proxy(), setWindowRect: true, strictFileInteractability: false, timeouts: {implicit: 0, pageLoad: 300000, script: 30000}, unhandledPromptBehavior: dismiss and notify, webauthn:extension:largeBlob: true, webauthn:virtualAuthenticators: true}
Session ID: e09e4ab94a5ea0702382a4604a222f11
	at org.openqa.selenium.remote.http.W3CHttpResponseCodec.createException(W3CHttpResponseCodec.java:187)
	at org.openqa.selenium.remote.http.W3CHttpResponseCodec.decode(W3CHttpResponseCodec.java:122)
	at org.openqa.selenium.remote.http.W3CHttpResponseCodec.decode(W3CHttpResponseCodec.java:49)
	at org.openqa.selenium.remote.HttpCommandExecutor.execute(HttpCommandExecutor.java:158)
	at org.openqa.selenium.remote.service.DriverCommandExecutor.execute(DriverCommandExecutor.java:83)
	at org.openqa.selenium.remote.RemoteWebDriver.execute(RemoteWebDriver.java:552)
	at com.kms.katalon.selenium.driver.CChromeDriver.execute(CChromeDriver.java:19)
	at org.openqa.selenium.remote.RemoteWebElement.execute(RemoteWebElement.java:285)
	at org.openqa.selenium.remote.RemoteWebElement.click(RemoteWebElement.java:84)
	at org.openqa.selenium.support.events.EventFiringWebDriver$EventFiringWebElement.lambda$new$0(EventFiringWebDriver.java:404)
	at com.sun.proxy.$Proxy11.click(Unknown Source)
	at org.openqa.selenium.support.events.EventFiringWebDriver$EventFiringWebElement.click(EventFiringWebDriver.java:417)
	at com.kms.katalon.core.webui.keyword.builtin.ClickKeyword$_click_closure1.doCall(ClickKeyword.groovy:68)
	at com.kms.katalon.core.webui.keyword.builtin.ClickKeyword$_click_closure1.call(ClickKeyword.groovy)
	at com.kms.katalon.core.webui.keyword.internal.WebUIKeywordMain.runKeyword(WebUIKeywordMain.groovy:20)
	at com.kms.katalon.core.webui.keyword.builtin.ClickKeyword.click(ClickKeyword.groovy:75)
	at com.kms.katalon.core.webui.keyword.builtin.ClickKeyword.execute(ClickKeyword.groovy:42)
	at com.kms.katalon.core.keyword.internal.KeywordExecutor.executeKeywordForPlatform(KeywordExecutor.groovy:73)
	at com.kms.katalon.core.webui.keyword.WebUiBuiltInKeywords.click(WebUiBuiltInKeywords.groovy:619)
	at com.kms.katalon.core.webui.keyword.WebUiBuiltInKeywords$click$3.call(Unknown Source)
	at Script1609168958432.run(Script1609168958432.groovy:42)
	... 13 more
)
[[ATTACHMENT|/Users/elsylitsonlambert/git/tcCreateQA/Reports/20210503_084823/Test Suite1- Regression/20210503_084823/1620046856920.png]]

2021-05-03 09:00:57 - [TEST_STEP][PASSED] - delay(2): Delayed 2 second(s)

2021-05-03 09:00:59 - [MESSAGE][PASSED] - Delayed 2 second(s)

2021-05-03 09:00:59 - [TEST_STEP][PASSED] - if (verifyElementNotClickable(findTestObject("Page_tC Create/button_Save"), CONTINUE_ON_FAILURE)): null

2021-05-03 09:00:59 - [MESSAGE][PASSED] - Object 'Object Repository/Page_tC Create/button_Save' is NOT clickable

2021-05-03 09:00:59 - [TEST_STEP][PASSED] - logInfo(" 
 Save button is greyed out as expected"):  
 Save button is greyed out as expected

2021-05-03 09:00:59 - [MESSAGE][INFO] -  
 Save button is greyed out as expected

2021-05-03 09:00:59 - [TEST_STEP][PASSED] - click(findTestObject("Object Repository/tA/Chip_English - unfoldingWorden_taElsyLambert-tc-create-1")): Object: 'Object Repository/tA/Chip_English - unfoldingWorden_taElsyLambert-tc-create-1' is clicked on

2021-05-03 09:01:01 - [MESSAGE][PASSED] - Object: 'Object Repository/tA/Chip_English - unfoldingWorden_taElsyLambert-tc-create-1' is clicked on

2021-05-03 09:01:01 - [TEST_STEP][PASSED] - delay(2): Delayed 2 second(s)

2021-05-03 09:01:03 - [MESSAGE][PASSED] - Delayed 2 second(s)

2021-05-03 09:01:03 - [TEST_STEP][PASSED] - switchToWindowIndex(1): Switched to window with index: '1'

2021-05-03 09:01:03 - [MESSAGE][PASSED] - Switched to window with index: '1'

2021-05-03 09:01:03 - [TEST_STEP][PASSED] - if (getText(findTestObject("Object Repository/tA/h4_dcs article")).contains("test edit by the test script")): null

2021-05-03 09:01:03 - [MESSAGE][PASSED] - Text of object 'Object Repository/tA/h4_dcs article' is: 'A FARMER represents God, and the VINEYARD represents his chosen people test edit by the test script'

2021-05-03 09:01:03 - [TEST_STEP][PASSED] - logInfo("
 The edits are saved on the DCS Repo File"): 
 The edits are saved on the DCS Repo File

2021-05-03 09:01:03 - [MESSAGE][INFO] - 
 The edits are saved on the DCS Repo File

2021-05-03 09:01:03 - [TEST_STEP][PASSED] - switchToWindowIndex(0): Switched to window with index: '0'

2021-05-03 09:01:03 - [MESSAGE][PASSED] - Switched to window with index: '0'

2021-05-03 09:01:03 - [TEST_STEP][PASSED] - logInfo("
 TEST PASSED:Edits are saved successfully in tA articles"): 
 TEST PASSED:Edits are saved successfully in tA articles

2021-05-03 09:01:03 - [MESSAGE][INFO] - 
 TEST PASSED:Edits are saved successfully in tA articles

2021-05-03 09:01:03 - [TEST_STEP][PASSED] - closeBrowser(): Browser is closed

2021-05-03 09:01:03 - [MESSAGE][PASSED] - Browser is closed]]></system-out>
         <system-err><![CDATA[2021-05-03 08:59:26 - [TEST_CASE][FAILED] - Test Cases/tCC Test Cases/tA_Saving tA Article: Test Cases/tCC Test Cases/tA_Saving tA Article FAILED.
Reason:
com.kms.katalon.core.exception.StepFailedException: Unable to click on object 'Object Repository/Page_tC Create/div_A FARMER represents God, and the VINEYA_8b10d9' (Root cause: com.kms.katalon.core.exception.StepFailedException: Unable to click on object 'Object Repository/Page_tC Create/div_A FARMER represents God, and the VINEYA_8b10d9'
	at com.kms.katalon.core.webui.keyword.internal.WebUIKeywordMain.stepFailed(WebUIKeywordMain.groovy:64)
	at com.kms.katalon.core.webui.keyword.internal.WebUIKeywordMain.runKeyword(WebUIKeywordMain.groovy:26)
	at com.kms.katalon.core.webui.keyword.builtin.ClickKeyword.click(ClickKeyword.groovy:75)
	at com.kms.katalon.core.webui.keyword.builtin.ClickKeyword.execute(ClickKeyword.groovy:42)
	at com.kms.katalon.core.keyword.internal.KeywordExecutor.executeKeywordForPlatform(KeywordExecutor.groovy:73)
	at com.kms.katalon.core.webui.keyword.WebUiBuiltInKeywords.click(WebUiBuiltInKeywords.groovy:619)
	at com.kms.katalon.core.webui.keyword.WebUiBuiltInKeywords$click$3.call(Unknown Source)
	at tA_Saving tA Article.run(tA_Saving tA Article:38)
	at com.kms.katalon.core.main.ScriptEngine.run(ScriptEngine.java:194)
	at com.kms.katalon.core.main.ScriptEngine.runScriptAsRawText(ScriptEngine.java:119)
	at com.kms.katalon.core.main.TestCaseExecutor.runScript(TestCaseExecutor.java:398)
	at com.kms.katalon.core.main.TestCaseExecutor.doExecute(TestCaseExecutor.java:389)
	at com.kms.katalon.core.main.TestCaseExecutor.processExecutionPhase(TestCaseExecutor.java:368)
	at com.kms.katalon.core.main.TestCaseExecutor.accessMainPhase(TestCaseExecutor.java:360)
	at com.kms.katalon.core.main.TestCaseExecutor.execute(TestCaseExecutor.java:255)
	at com.kms.katalon.core.main.TestSuiteExecutor.accessTestCaseMainPhase(TestSuiteExecutor.java:203)
	at com.kms.katalon.core.main.TestSuiteExecutor.accessTestSuiteMainPhase(TestSuiteExecutor.java:152)
	at com.kms.katalon.core.main.TestSuiteExecutor.execute(TestSuiteExecutor.java:95)
	at com.kms.katalon.core.main.TestCaseMain.startTestSuite(TestCaseMain.java:157)
	at com.kms.katalon.core.main.TestCaseMain$startTestSuite$0.call(Unknown Source)
	at TempTestSuite1620046103825.run(TempTestSuite1620046103825.groovy:39)
Caused by: com.kms.katalon.core.webui.exception.WebElementNotFoundException: Web element with id: 'Object Repository/Page_tC Create/div_A FARMER represents God, and the VINEYA_8b10d9' located by '//*[@class = 'MuiExpansionPanelSummary-content' and (text() = 'A FARMER represents God, and the VINEYARD represents his chosen people' or . = 'A FARMER represents God, and the VINEYARD represents his chosen people')]' not found
	at com.kms.katalon.core.webui.common.WebUiCommonHelper.findWebElement(WebUiCommonHelper.java:1368)
	at com.kms.katalon.core.webui.keyword.internal.WebUIAbstractKeyword.findWebElement(WebUIAbstractKeyword.groovy:27)
	at com.kms.katalon.core.webui.keyword.internal.WebUIAbstractKeyword.findWebElement(WebUIAbstractKeyword.groovy:26)
	at com.kms.katalon.core.webui.keyword.builtin.ClickKeyword$_click_closure1.doCall(ClickKeyword.groovy:66)
	at com.kms.katalon.core.webui.keyword.builtin.ClickKeyword$_click_closure1.call(ClickKeyword.groovy)
	at com.kms.katalon.core.webui.keyword.internal.WebUIKeywordMain.runKeyword(WebUIKeywordMain.groovy:20)
	at com.kms.katalon.core.webui.keyword.builtin.ClickKeyword.click(ClickKeyword.groovy:75)
	at com.kms.katalon.core.webui.keyword.builtin.ClickKeyword.execute(ClickKeyword.groovy:42)
	at com.kms.katalon.core.keyword.internal.KeywordExecutor.executeKeywordForPlatform(KeywordExecutor.groovy:73)
	at com.kms.katalon.core.webui.keyword.WebUiBuiltInKeywords.click(WebUiBuiltInKeywords.groovy:619)
	at com.kms.katalon.core.webui.keyword.WebUiBuiltInKeywords$click$3.call(Unknown Source)
	at Script1609168958432.run(Script1609168958432.groovy:38)
	... 13 more
)
	at com.kms.katalon.core.keyword.internal.KeywordMain.stepFailed(KeywordMain.groovy:39)
	at com.kms.katalon.core.webui.keyword.internal.WebUIKeywordMain.stepFailed(WebUIKeywordMain.groovy:64)
	at com.kms.katalon.core.webui.keyword.internal.WebUIKeywordMain.runKeyword(WebUIKeywordMain.groovy:26)
	at com.kms.katalon.core.webui.keyword.builtin.ClickKeyword.click(ClickKeyword.groovy:75)
	at com.kms.katalon.core.webui.keyword.builtin.ClickKeyword.execute(ClickKeyword.groovy:42)
	at com.kms.katalon.core.keyword.internal.KeywordExecutor.executeKeywordForPlatform(KeywordExecutor.groovy:73)
	at com.kms.katalon.core.webui.keyword.WebUiBuiltInKeywords.click(WebUiBuiltInKeywords.groovy:619)
	at com.kms.katalon.core.webui.keyword.WebUiBuiltInKeywords$click$3.call(Unknown Source)
	at tA_Saving tA Article.run(tA_Saving tA Article:38)
	at com.kms.katalon.core.main.ScriptEngine.run(ScriptEngine.java:194)
	at com.kms.katalon.core.main.ScriptEngine.runScriptAsRawText(ScriptEngine.java:119)
	at com.kms.katalon.core.main.TestCaseExecutor.runScript(TestCaseExecutor.java:398)
	at com.kms.katalon.core.main.TestCaseExecutor.doExecute(TestCaseExecutor.java:389)
	at com.kms.katalon.core.main.TestCaseExecutor.processExecutionPhase(TestCaseExecutor.java:368)
	at com.kms.katalon.core.main.TestCaseExecutor.accessMainPhase(TestCaseExecutor.java:360)
	at com.kms.katalon.core.main.TestCaseExecutor.execute(TestCaseExecutor.java:255)
	at com.kms.katalon.core.main.TestSuiteExecutor.accessTestCaseMainPhase(TestSuiteExecutor.java:203)
	at com.kms.katalon.core.main.TestSuiteExecutor.accessTestSuiteMainPhase(TestSuiteExecutor.java:152)
	at com.kms.katalon.core.main.TestSuiteExecutor.execute(TestSuiteExecutor.java:95)
	at com.kms.katalon.core.main.TestCaseMain.startTestSuite(TestCaseMain.java:157)
	at com.kms.katalon.core.main.TestCaseMain$startTestSuite$0.call(Unknown Source)
	at TempTestSuite1620046103825.run(TempTestSuite1620046103825.groovy:39)
Caused by: com.kms.katalon.core.exception.StepFailedException: Unable to click on object 'Object Repository/Page_tC Create/div_A FARMER represents God, and the VINEYA_8b10d9'
	... 21 more
Caused by: com.kms.katalon.core.webui.exception.WebElementNotFoundException: Web element with id: 'Object Repository/Page_tC Create/div_A FARMER represents God, and the VINEYA_8b10d9' located by '//*[@class = 'MuiExpansionPanelSummary-content' and (text() = 'A FARMER represents God, and the VINEYARD represents his chosen people' or . = 'A FARMER represents God, and the VINEYARD represents his chosen people')]' not found
	at com.kms.katalon.core.webui.common.WebUiCommonHelper.findWebElement(WebUiCommonHelper.java:1368)
	at com.kms.katalon.core.webui.keyword.internal.WebUIAbstractKeyword.findWebElement(WebUIAbstractKeyword.groovy:27)
	at com.kms.katalon.core.webui.keyword.internal.WebUIAbstractKeyword.findWebElement(WebUIAbstractKeyword.groovy:26)
	at com.kms.katalon.core.webui.keyword.builtin.ClickKeyword$_click_closure1.doCall(ClickKeyword.groovy:66)
	at com.kms.katalon.core.webui.keyword.builtin.ClickKeyword$_click_closure1.call(ClickKeyword.groovy)
	at com.kms.katalon.core.webui.keyword.internal.WebUIKeywordMain.runKeyword(WebUIKeywordMain.groovy:20)
	... 19 more]]></system-err>
      </testcase>
      <testcase name="Test Cases/tCC Test Cases/tN_Add New Resource" time="486.704" classname="Test Cases/tCC Test Cases/tN_Add New Resource" status="FAILED">
         <failure type="FAILED" message="Test Cases/tCC Test Cases/tN_Add New Resource FAILED.
Reason:
com.kms.katalon.core.exception.StepFailedException: Unable to click on object 'Object Repository/Page_tC Create/Add new resource objects/span_en_tn_57-TIT.tsv' (Root cause: com.kms.katalon.core.exception.StepFailedException: Unable to click on object 'Object Repository/Page_tC Create/Add new resource objects/span_en_tn_57-TIT.tsv'
	at com.kms.katalon.core.webui.keyword.internal.WebUIKeywordMain.stepFailed(WebUIKeywordMain.groovy:64)
	at com.kms.katalon.core.webui.keyword.internal.WebUIKeywordMain.runKeyword(WebUIKeywordMain.groovy:26)
	at com.kms.katalon.core.webui.keyword.builtin.ClickKeyword.click(ClickKeyword.groovy:75)
	at com.kms.katalon.core.webui.keyword.builtin.ClickKeyword.execute(ClickKeyword.groovy:42)
	at com.kms.katalon.core.keyword.internal.KeywordExecutor.executeKeywordForPlatform(KeywordExecutor.groovy:73)
	at com.kms.katalon.core.webui.keyword.WebUiBuiltInKeywords.click(WebUiBuiltInKeywords.groovy:619)
	at com.kms.katalon.core.webui.keyword.WebUiBuiltInKeywords$click$3.call(Unknown Source)
	at tN_Add New Resource.run(tN_Add New Resource:40)
	at com.kms.katalon.core.main.ScriptEngine.run(ScriptEngine.java:194)
	at com.kms.katalon.core.main.ScriptEngine.runScriptAsRawText(ScriptEngine.java:119)
	at com.kms.katalon.core.main.TestCaseExecutor.runScript(TestCaseExecutor.java:398)
	at com.kms.katalon.core.main.TestCaseExecutor.doExecute(TestCaseExecutor.java:389)
	at com.kms.katalon.core.main.TestCaseExecutor.processExecutionPhase(TestCaseExecutor.java:368)
	at com.kms.katalon.core.main.TestCaseExecutor.accessMainPhase(TestCaseExecutor.java:360)
	at com.kms.katalon.core.main.TestCaseExecutor.execute(TestCaseExecutor.java:255)
	at com.kms.katalon.core.main.TestSuiteExecutor.accessTestCaseMainPhase(TestSuiteExecutor.java:203)
	at com.kms.katalon.core.main.TestSuiteExecutor.accessTestSuiteMainPhase(TestSuiteExecutor.java:152)
	at com.kms.katalon.core.main.TestSuiteExecutor.execute(TestSuiteExecutor.java:95)
	at com.kms.katalon.core.main.TestCaseMain.startTestSuite(TestCaseMain.java:157)
	at com.kms.katalon.core.main.TestCaseMain$startTestSuite$0.call(Unknown Source)
	at TempTestSuite1620046103825.run(TempTestSuite1620046103825.groovy:39)
Caused by: com.kms.katalon.core.webui.exception.WebElementNotFoundException: Web element with id: 'Object Repository/Page_tC Create/Add new resource objects/span_en_tn_57-TIT.tsv' located by '//*[(text() = 'en_tn_57-TIT.tsv' or . = 'en_tn_57-TIT.tsv')]' not found
	at com.kms.katalon.core.webui.common.WebUiCommonHelper.findWebElement(WebUiCommonHelper.java:1368)
	at com.kms.katalon.core.webui.keyword.internal.WebUIAbstractKeyword.findWebElement(WebUIAbstractKeyword.groovy:27)
	at com.kms.katalon.core.webui.keyword.internal.WebUIAbstractKeyword.findWebElement(WebUIAbstractKeyword.groovy:26)
	at com.kms.katalon.core.webui.keyword.builtin.ClickKeyword$_click_closure1.doCall(ClickKeyword.groovy:66)
	at com.kms.katalon.core.webui.keyword.builtin.ClickKeyword$_click_closure1.call(ClickKeyword.groovy)
	at com.kms.katalon.core.webui.keyword.internal.WebUIKeywordMain.runKeyword(WebUIKeywordMain.groovy:20)
	at com.kms.katalon.core.webui.keyword.builtin.ClickKeyword.click(ClickKeyword.groovy:75)
	at com.kms.katalon.core.webui.keyword.builtin.ClickKeyword.execute(ClickKeyword.groovy:42)
	at com.kms.katalon.core.keyword.internal.KeywordExecutor.executeKeywordForPlatform(KeywordExecutor.groovy:73)
	at com.kms.katalon.core.webui.keyword.WebUiBuiltInKeywords.click(WebUiBuiltInKeywords.groovy:619)
	at com.kms.katalon.core.webui.keyword.WebUiBuiltInKeywords$click$3.call(Unknown Source)
	at Script1609194777899.run(Script1609194777899.groovy:40)
	... 13 more
)
	at com.kms.katalon.core.keyword.internal.KeywordMain.stepFailed(KeywordMain.groovy:39)
	at com.kms.katalon.core.webui.keyword.internal.WebUIKeywordMain.stepFailed(WebUIKeywordMain.groovy:64)
	at com.kms.katalon.core.webui.keyword.internal.WebUIKeywordMain.runKeyword(WebUIKeywordMain.groovy:26)
	at com.kms.katalon.core.webui.keyword.builtin.ClickKeyword.click(ClickKeyword.groovy:75)
	at com.kms.katalon.core.webui.keyword.builtin.ClickKeyword.execute(ClickKeyword.groovy:42)
	at com.kms.katalon.core.keyword.internal.KeywordExecutor.executeKeywordForPlatform(KeywordExecutor.groovy:73)
	at com.kms.katalon.core.webui.keyword.WebUiBuiltInKeywords.click(WebUiBuiltInKeywords.groovy:619)
	at com.kms.katalon.core.webui.keyword.WebUiBuiltInKeywords$click$3.call(Unknown Source)
	at tN_Add New Resource.run(tN_Add New Resource:40)
	at com.kms.katalon.core.main.ScriptEngine.run(ScriptEngine.java:194)
	at com.kms.katalon.core.main.ScriptEngine.runScriptAsRawText(ScriptEngine.java:119)
	at com.kms.katalon.core.main.TestCaseExecutor.runScript(TestCaseExecutor.java:398)
	at com.kms.katalon.core.main.TestCaseExecutor.doExecute(TestCaseExecutor.java:389)
	at com.kms.katalon.core.main.TestCaseExecutor.processExecutionPhase(TestCaseExecutor.java:368)
	at com.kms.katalon.core.main.TestCaseExecutor.accessMainPhase(TestCaseExecutor.java:360)
	at com.kms.katalon.core.main.TestCaseExecutor.execute(TestCaseExecutor.java:255)
	at com.kms.katalon.core.main.TestSuiteExecutor.accessTestCaseMainPhase(TestSuiteExecutor.java:203)
	at com.kms.katalon.core.main.TestSuiteExecutor.accessTestSuiteMainPhase(TestSuiteExecutor.java:152)
	at com.kms.katalon.core.main.TestSuiteExecutor.execute(TestSuiteExecutor.java:95)
	at com.kms.katalon.core.main.TestCaseMain.startTestSuite(TestCaseMain.java:157)
	at com.kms.katalon.core.main.TestCaseMain$startTestSuite$0.call(Unknown Source)
	at TempTestSuite1620046103825.run(TempTestSuite1620046103825.groovy:39)
Caused by: com.kms.katalon.core.exception.StepFailedException: Unable to click on object 'Object Repository/Page_tC Create/Add new resource objects/span_en_tn_57-TIT.tsv'
	... 21 more
Caused by: com.kms.katalon.core.webui.exception.WebElementNotFoundException: Web element with id: 'Object Repository/Page_tC Create/Add new resource objects/span_en_tn_57-TIT.tsv' located by '//*[(text() = 'en_tn_57-TIT.tsv' or . = 'en_tn_57-TIT.tsv')]' not found
	at com.kms.katalon.core.webui.common.WebUiCommonHelper.findWebElement(WebUiCommonHelper.java:1368)
	at com.kms.katalon.core.webui.keyword.internal.WebUIAbstractKeyword.findWebElement(WebUIAbstractKeyword.groovy:27)
	at com.kms.katalon.core.webui.keyword.internal.WebUIAbstractKeyword.findWebElement(WebUIAbstractKeyword.groovy:26)
	at com.kms.katalon.core.webui.keyword.builtin.ClickKeyword$_click_closure1.doCall(ClickKeyword.groovy:66)
	at com.kms.katalon.core.webui.keyword.builtin.ClickKeyword$_click_closure1.call(ClickKeyword.groovy)
	at com.kms.katalon.core.webui.keyword.internal.WebUIKeywordMain.runKeyword(WebUIKeywordMain.groovy:20)
	... 19 more
"/>
         <system-out><![CDATA[2021-05-03 09:01:03 - [TEST_CASE][FAILED] - Test Cases/tCC Test Cases/tN_Add New Resource: Test Cases/tCC Test Cases/tN_Add New Resource FAILED.
Reason:
com.kms.katalon.core.exception.StepFailedException: Unable to click on object 'Object Repository/Page_tC Create/Add new resource objects/span_en_tn_57-TIT.tsv' (Root cause: com.kms.katalon.core.exception.StepFailedException: Unable to click on object 'Object Repository/Page_tC Create/Add new resource objects/span_en_tn_57-TIT.tsv'
	at com.kms.katalon.core.webui.keyword.internal.WebUIKeywordMain.stepFailed(WebUIKeywordMain.groovy:64)
	at com.kms.katalon.core.webui.keyword.internal.WebUIKeywordMain.runKeyword(WebUIKeywordMain.groovy:26)
	at com.kms.katalon.core.webui.keyword.builtin.ClickKeyword.click(ClickKeyword.groovy:75)
	at com.kms.katalon.core.webui.keyword.builtin.ClickKeyword.execute(ClickKeyword.groovy:42)
	at com.kms.katalon.core.keyword.internal.KeywordExecutor.executeKeywordForPlatform(KeywordExecutor.groovy:73)
	at com.kms.katalon.core.webui.keyword.WebUiBuiltInKeywords.click(WebUiBuiltInKeywords.groovy:619)
	at com.kms.katalon.core.webui.keyword.WebUiBuiltInKeywords$click$3.call(Unknown Source)
	at tN_Add New Resource.run(tN_Add New Resource:40)
	at com.kms.katalon.core.main.ScriptEngine.run(ScriptEngine.java:194)
	at com.kms.katalon.core.main.ScriptEngine.runScriptAsRawText(ScriptEngine.java:119)
	at com.kms.katalon.core.main.TestCaseExecutor.runScript(TestCaseExecutor.java:398)
	at com.kms.katalon.core.main.TestCaseExecutor.doExecute(TestCaseExecutor.java:389)
	at com.kms.katalon.core.main.TestCaseExecutor.processExecutionPhase(TestCaseExecutor.java:368)
	at com.kms.katalon.core.main.TestCaseExecutor.accessMainPhase(TestCaseExecutor.java:360)
	at com.kms.katalon.core.main.TestCaseExecutor.execute(TestCaseExecutor.java:255)
	at com.kms.katalon.core.main.TestSuiteExecutor.accessTestCaseMainPhase(TestSuiteExecutor.java:203)
	at com.kms.katalon.core.main.TestSuiteExecutor.accessTestSuiteMainPhase(TestSuiteExecutor.java:152)
	at com.kms.katalon.core.main.TestSuiteExecutor.execute(TestSuiteExecutor.java:95)
	at com.kms.katalon.core.main.TestCaseMain.startTestSuite(TestCaseMain.java:157)
	at com.kms.katalon.core.main.TestCaseMain$startTestSuite$0.call(Unknown Source)
	at TempTestSuite1620046103825.run(TempTestSuite1620046103825.groovy:39)
Caused by: com.kms.katalon.core.webui.exception.WebElementNotFoundException: Web element with id: 'Object Repository/Page_tC Create/Add new resource objects/span_en_tn_57-TIT.tsv' located by '//*[(text() = 'en_tn_57-TIT.tsv' or . = 'en_tn_57-TIT.tsv')]' not found
	at com.kms.katalon.core.webui.common.WebUiCommonHelper.findWebElement(WebUiCommonHelper.java:1368)
	at com.kms.katalon.core.webui.keyword.internal.WebUIAbstractKeyword.findWebElement(WebUIAbstractKeyword.groovy:27)
	at com.kms.katalon.core.webui.keyword.internal.WebUIAbstractKeyword.findWebElement(WebUIAbstractKeyword.groovy:26)
	at com.kms.katalon.core.webui.keyword.builtin.ClickKeyword$_click_closure1.doCall(ClickKeyword.groovy:66)
	at com.kms.katalon.core.webui.keyword.builtin.ClickKeyword$_click_closure1.call(ClickKeyword.groovy)
	at com.kms.katalon.core.webui.keyword.internal.WebUIKeywordMain.runKeyword(WebUIKeywordMain.groovy:20)
	at com.kms.katalon.core.webui.keyword.builtin.ClickKeyword.click(ClickKeyword.groovy:75)
	at com.kms.katalon.core.webui.keyword.builtin.ClickKeyword.execute(ClickKeyword.groovy:42)
	at com.kms.katalon.core.keyword.internal.KeywordExecutor.executeKeywordForPlatform(KeywordExecutor.groovy:73)
	at com.kms.katalon.core.webui.keyword.WebUiBuiltInKeywords.click(WebUiBuiltInKeywords.groovy:619)
	at com.kms.katalon.core.webui.keyword.WebUiBuiltInKeywords$click$3.call(Unknown Source)
	at Script1609194777899.run(Script1609194777899.groovy:40)
	... 13 more
)
	at com.kms.katalon.core.keyword.internal.KeywordMain.stepFailed(KeywordMain.groovy:39)
	at com.kms.katalon.core.webui.keyword.internal.WebUIKeywordMain.stepFailed(WebUIKeywordMain.groovy:64)
	at com.kms.katalon.core.webui.keyword.internal.WebUIKeywordMain.runKeyword(WebUIKeywordMain.groovy:26)
	at com.kms.katalon.core.webui.keyword.builtin.ClickKeyword.click(ClickKeyword.groovy:75)
	at com.kms.katalon.core.webui.keyword.builtin.ClickKeyword.execute(ClickKeyword.groovy:42)
	at com.kms.katalon.core.keyword.internal.KeywordExecutor.executeKeywordForPlatform(KeywordExecutor.groovy:73)
	at com.kms.katalon.core.webui.keyword.WebUiBuiltInKeywords.click(WebUiBuiltInKeywords.groovy:619)
	at com.kms.katalon.core.webui.keyword.WebUiBuiltInKeywords$click$3.call(Unknown Source)
	at tN_Add New Resource.run(tN_Add New Resource:40)
	at com.kms.katalon.core.main.ScriptEngine.run(ScriptEngine.java:194)
	at com.kms.katalon.core.main.ScriptEngine.runScriptAsRawText(ScriptEngine.java:119)
	at com.kms.katalon.core.main.TestCaseExecutor.runScript(TestCaseExecutor.java:398)
	at com.kms.katalon.core.main.TestCaseExecutor.doExecute(TestCaseExecutor.java:389)
	at com.kms.katalon.core.main.TestCaseExecutor.processExecutionPhase(TestCaseExecutor.java:368)
	at com.kms.katalon.core.main.TestCaseExecutor.accessMainPhase(TestCaseExecutor.java:360)
	at com.kms.katalon.core.main.TestCaseExecutor.execute(TestCaseExecutor.java:255)
	at com.kms.katalon.core.main.TestSuiteExecutor.accessTestCaseMainPhase(TestSuiteExecutor.java:203)
	at com.kms.katalon.core.main.TestSuiteExecutor.accessTestSuiteMainPhase(TestSuiteExecutor.java:152)
	at com.kms.katalon.core.main.TestSuiteExecutor.execute(TestSuiteExecutor.java:95)
	at com.kms.katalon.core.main.TestCaseMain.startTestSuite(TestCaseMain.java:157)
	at com.kms.katalon.core.main.TestCaseMain$startTestSuite$0.call(Unknown Source)
	at TempTestSuite1620046103825.run(TempTestSuite1620046103825.groovy:39)
Caused by: com.kms.katalon.core.exception.StepFailedException: Unable to click on object 'Object Repository/Page_tC Create/Add new resource objects/span_en_tn_57-TIT.tsv'
	... 21 more
Caused by: com.kms.katalon.core.webui.exception.WebElementNotFoundException: Web element with id: 'Object Repository/Page_tC Create/Add new resource objects/span_en_tn_57-TIT.tsv' located by '//*[(text() = 'en_tn_57-TIT.tsv' or . = 'en_tn_57-TIT.tsv')]' not found
	at com.kms.katalon.core.webui.common.WebUiCommonHelper.findWebElement(WebUiCommonHelper.java:1368)
	at com.kms.katalon.core.webui.keyword.internal.WebUIAbstractKeyword.findWebElement(WebUIAbstractKeyword.groovy:27)
	at com.kms.katalon.core.webui.keyword.internal.WebUIAbstractKeyword.findWebElement(WebUIAbstractKeyword.groovy:26)
	at com.kms.katalon.core.webui.keyword.builtin.ClickKeyword$_click_closure1.doCall(ClickKeyword.groovy:66)
	at com.kms.katalon.core.webui.keyword.builtin.ClickKeyword$_click_closure1.call(ClickKeyword.groovy)
	at com.kms.katalon.core.webui.keyword.internal.WebUIKeywordMain.runKeyword(WebUIKeywordMain.groovy:20)
	... 19 more


2021-05-03 09:01:03 - [TEST_STEP][PASSED] - com.tccreate.keywords.WriteToFile.writeTofilename("tN-Add new resource"): com.tccreate.keywords.WriteToFile.writeTofilename is PASSED

2021-05-03 09:01:03 - [MESSAGE][PASSED] - com.tccreate.keywords.WriteToFile.writeTofilename is PASSED

2021-05-03 09:01:03 - [TEST_STEP][PASSED] - com.helper.login.TimeDate.getTimeDate(): com.helper.login.TimeDate.getTimeDate is PASSED

2021-05-03 09:01:03 - [MESSAGE][INFO] - Time at which the test run:2021-05-03 09:01:03.98

2021-05-03 09:01:03 - [MESSAGE][PASSED] - com.helper.login.TimeDate.getTimeDate is PASSED

2021-05-03 09:01:03 - [TEST_STEP][PASSED] - com.helper.login.loginhelper.logintoapp(): com.helper.login.loginhelper.logintoapp is PASSED

2021-05-03 09:01:03 - [MESSAGE][INFO] - Starting 'Chrome' driver

2021-05-03 09:01:03 - [MESSAGE][INFO] - Action delay is set to 1,000 milliseconds

2021-05-03 09:01:05 - [MESSAGE][WARNING] - FFmpeg was not installed! Browser Recording will be disabled. Please follow this document to install FFmpeg first: https://docs.katalon.com/katalon-studio/docs/screenshots-videos.html#browser-based-recorder

2021-05-03 09:01:11 - [MESSAGE][PASSED] - Browser is opened with url: 'https://develop--tc-create-app.netlify.app/'

2021-05-03 09:01:11 - [MESSAGE][PASSED] - Wait for page load successfully

2021-05-03 09:01:11 - [MESSAGE][PASSED] - Current window maximized

2021-05-03 09:01:13 - [MESSAGE][PASSED] - Keys 'elsylambert' sent to object: 'Object Repository/Page_tC Create/input__username'

2021-05-03 09:01:14 - [MESSAGE][PASSED] - Keys 'fatak43' sent to object: 'Object Repository/Page_tC Create/input__password'

2021-05-03 09:01:16 - [MESSAGE][PASSED] - Object: 'Object Repository/Page_tC Create/button_Login' is clicked on

2021-05-03 09:01:17 - [MESSAGE][PASSED] - Delayed 1 second(s)

2021-05-03 09:01:18 - [MESSAGE][PASSED] - Text of object 'Object Repository/Page_tC Create/tcc-version number' is: 'translationCore Create - v1.2.0 build 41-eb23e86'

2021-05-03 09:01:18 - [MESSAGE][INFO] - : The current version and build number is translationCore Create - v1.2.0 build 41-eb23e86

2021-05-03 09:01:18 - [MESSAGE][PASSED] - com.helper.login.loginhelper.logintoapp is PASSED

2021-05-03 09:01:18 - [TEST_STEP][PASSED] - click(findTestObject("Page_tC Create/Add new resource objects/span_unfoldingWord")): Object: 'Object Repository/Page_tC Create/Add new resource objects/span_unfoldingWord' is clicked on

2021-05-03 09:01:20 - [MESSAGE][PASSED] - Object: 'Object Repository/Page_tC Create/Add new resource objects/span_unfoldingWord' is clicked on

2021-05-03 09:01:20 - [TEST_STEP][PASSED] - click(findTestObject("Page_tC Create/Add new resource objects/span_unfoldingWord Translation Notes")): Object: 'Object Repository/Page_tC Create/Add new resource objects/span_unfoldingWord Translation Notes' is clicked on

2021-05-03 09:01:22 - [MESSAGE][PASSED] - Object: 'Object Repository/Page_tC Create/Add new resource objects/span_unfoldingWord Translation Notes' is clicked on

2021-05-03 09:01:22 - [TEST_STEP][PASSED] - click(findTestObject("Page_tC Create/Add new resource objects/div_Select Language")): Object: 'Object Repository/Page_tC Create/Add new resource objects/div_Select Language' is clicked on

2021-05-03 09:01:24 - [MESSAGE][PASSED] - Object: 'Object Repository/Page_tC Create/Add new resource objects/div_Select Language' is clicked on

2021-05-03 09:01:24 - [TEST_STEP][PASSED] - setText(findTestObject("Object Repository/Page_tC Create/Add new resource objects/input_Step4Select Your Language_react-selec_aae5da"), "en"): Text 'en' is set on object 'Object Repository/Page_tC Create/Add new resource objects/input_Step4Select Your Language_react-selec_aae5da'

2021-05-03 09:01:27 - [MESSAGE][PASSED] - Text 'en' is set on object 'Object Repository/Page_tC Create/Add new resource objects/input_Step4Select Your Language_react-selec_aae5da'

2021-05-03 09:01:27 - [TEST_STEP][PASSED] - click(findTestObject("Page_tC Create/Add new resource objects/div_en - English - English (Europe Gateway)")): Object: 'Object Repository/Page_tC Create/Add new resource objects/div_en - English - English (Europe Gateway)' is clicked on

2021-05-03 09:01:28 - [MESSAGE][PASSED] - Object: 'Object Repository/Page_tC Create/Add new resource objects/div_en - English - English (Europe Gateway)' is clicked on

2021-05-03 09:01:28 - [TEST_STEP][FAILED] - click(findTestObject("Page_tC Create/Add new resource objects/span_en_tn_57-TIT.tsv")): Unable to click on object 'Object Repository/Page_tC Create/Add new resource objects/span_en_tn_57-TIT.tsv' (Root cause: com.kms.katalon.core.exception.StepFailedException: Unable to click on object 'Object Repository/Page_tC Create/Add new resource objects/span_en_tn_57-TIT.tsv'
	at com.kms.katalon.core.webui.keyword.internal.WebUIKeywordMain.stepFailed(WebUIKeywordMain.groovy:64)
	at com.kms.katalon.core.webui.keyword.internal.WebUIKeywordMain.runKeyword(WebUIKeywordMain.groovy:26)
	at com.kms.katalon.core.webui.keyword.builtin.ClickKeyword.click(ClickKeyword.groovy:75)
	at com.kms.katalon.core.webui.keyword.builtin.ClickKeyword.execute(ClickKeyword.groovy:42)
	at com.kms.katalon.core.keyword.internal.KeywordExecutor.executeKeywordForPlatform(KeywordExecutor.groovy:73)
	at com.kms.katalon.core.webui.keyword.WebUiBuiltInKeywords.click(WebUiBuiltInKeywords.groovy:619)
	at com.kms.katalon.core.webui.keyword.WebUiBuiltInKeywords$click$3.call(Unknown Source)
	at tN_Add New Resource.run(tN_Add New Resource:40)
	at com.kms.katalon.core.main.ScriptEngine.run(ScriptEngine.java:194)
	at com.kms.katalon.core.main.ScriptEngine.runScriptAsRawText(ScriptEngine.java:119)
	at com.kms.katalon.core.main.TestCaseExecutor.runScript(TestCaseExecutor.java:398)
	at com.kms.katalon.core.main.TestCaseExecutor.doExecute(TestCaseExecutor.java:389)
	at com.kms.katalon.core.main.TestCaseExecutor.processExecutionPhase(TestCaseExecutor.java:368)
	at com.kms.katalon.core.main.TestCaseExecutor.accessMainPhase(TestCaseExecutor.java:360)
	at com.kms.katalon.core.main.TestCaseExecutor.execute(TestCaseExecutor.java:255)
	at com.kms.katalon.core.main.TestSuiteExecutor.accessTestCaseMainPhase(TestSuiteExecutor.java:203)
	at com.kms.katalon.core.main.TestSuiteExecutor.accessTestSuiteMainPhase(TestSuiteExecutor.java:152)
	at com.kms.katalon.core.main.TestSuiteExecutor.execute(TestSuiteExecutor.java:95)
	at com.kms.katalon.core.main.TestCaseMain.startTestSuite(TestCaseMain.java:157)
	at com.kms.katalon.core.main.TestCaseMain$startTestSuite$0.call(Unknown Source)
	at TempTestSuite1620046103825.run(TempTestSuite1620046103825.groovy:39)
Caused by: com.kms.katalon.core.webui.exception.WebElementNotFoundException: Web element with id: 'Object Repository/Page_tC Create/Add new resource objects/span_en_tn_57-TIT.tsv' located by '//*[(text() = 'en_tn_57-TIT.tsv' or . = 'en_tn_57-TIT.tsv')]' not found
	at com.kms.katalon.core.webui.common.WebUiCommonHelper.findWebElement(WebUiCommonHelper.java:1368)
	at com.kms.katalon.core.webui.keyword.internal.WebUIAbstractKeyword.findWebElement(WebUIAbstractKeyword.groovy:27)
	at com.kms.katalon.core.webui.keyword.internal.WebUIAbstractKeyword.findWebElement(WebUIAbstractKeyword.groovy:26)
	at com.kms.katalon.core.webui.keyword.builtin.ClickKeyword$_click_closure1.doCall(ClickKeyword.groovy:66)
	at com.kms.katalon.core.webui.keyword.builtin.ClickKeyword$_click_closure1.call(ClickKeyword.groovy)
	at com.kms.katalon.core.webui.keyword.internal.WebUIKeywordMain.runKeyword(WebUIKeywordMain.groovy:20)
	at com.kms.katalon.core.webui.keyword.builtin.ClickKeyword.click(ClickKeyword.groovy:75)
	at com.kms.katalon.core.webui.keyword.builtin.ClickKeyword.execute(ClickKeyword.groovy:42)
	at com.kms.katalon.core.keyword.internal.KeywordExecutor.executeKeywordForPlatform(KeywordExecutor.groovy:73)
	at com.kms.katalon.core.webui.keyword.WebUiBuiltInKeywords.click(WebUiBuiltInKeywords.groovy:619)
	at com.kms.katalon.core.webui.keyword.WebUiBuiltInKeywords$click$3.call(Unknown Source)
	at Script1609194777899.run(Script1609194777899.groovy:40)
	... 13 more
)

2021-05-03 09:02:00 - [MESSAGE][INFO] - Unable to find the element located by 'By.xpath: //*[(text() = 'en_tn_57-TIT.tsv' or . = 'en_tn_57-TIT.tsv')]'. Please recheck the objects properties to make sure the desired element is located. 

2021-05-03 09:02:00 - [MESSAGE][FAILED] - Unable to click on object 'Object Repository/Page_tC Create/Add new resource objects/span_en_tn_57-TIT.tsv' (Root cause: com.kms.katalon.core.exception.StepFailedException: Unable to click on object 'Object Repository/Page_tC Create/Add new resource objects/span_en_tn_57-TIT.tsv'
	at com.kms.katalon.core.webui.keyword.internal.WebUIKeywordMain.stepFailed(WebUIKeywordMain.groovy:64)
	at com.kms.katalon.core.webui.keyword.internal.WebUIKeywordMain.runKeyword(WebUIKeywordMain.groovy:26)
	at com.kms.katalon.core.webui.keyword.builtin.ClickKeyword.click(ClickKeyword.groovy:75)
	at com.kms.katalon.core.webui.keyword.builtin.ClickKeyword.execute(ClickKeyword.groovy:42)
	at com.kms.katalon.core.keyword.internal.KeywordExecutor.executeKeywordForPlatform(KeywordExecutor.groovy:73)
	at com.kms.katalon.core.webui.keyword.WebUiBuiltInKeywords.click(WebUiBuiltInKeywords.groovy:619)
	at com.kms.katalon.core.webui.keyword.WebUiBuiltInKeywords$click$3.call(Unknown Source)
	at tN_Add New Resource.run(tN_Add New Resource:40)
	at com.kms.katalon.core.main.ScriptEngine.run(ScriptEngine.java:194)
	at com.kms.katalon.core.main.ScriptEngine.runScriptAsRawText(ScriptEngine.java:119)
	at com.kms.katalon.core.main.TestCaseExecutor.runScript(TestCaseExecutor.java:398)
	at com.kms.katalon.core.main.TestCaseExecutor.doExecute(TestCaseExecutor.java:389)
	at com.kms.katalon.core.main.TestCaseExecutor.processExecutionPhase(TestCaseExecutor.java:368)
	at com.kms.katalon.core.main.TestCaseExecutor.accessMainPhase(TestCaseExecutor.java:360)
	at com.kms.katalon.core.main.TestCaseExecutor.execute(TestCaseExecutor.java:255)
	at com.kms.katalon.core.main.TestSuiteExecutor.accessTestCaseMainPhase(TestSuiteExecutor.java:203)
	at com.kms.katalon.core.main.TestSuiteExecutor.accessTestSuiteMainPhase(TestSuiteExecutor.java:152)
	at com.kms.katalon.core.main.TestSuiteExecutor.execute(TestSuiteExecutor.java:95)
	at com.kms.katalon.core.main.TestCaseMain.startTestSuite(TestCaseMain.java:157)
	at com.kms.katalon.core.main.TestCaseMain$startTestSuite$0.call(Unknown Source)
	at TempTestSuite1620046103825.run(TempTestSuite1620046103825.groovy:39)
Caused by: com.kms.katalon.core.webui.exception.WebElementNotFoundException: Web element with id: 'Object Repository/Page_tC Create/Add new resource objects/span_en_tn_57-TIT.tsv' located by '//*[(text() = 'en_tn_57-TIT.tsv' or . = 'en_tn_57-TIT.tsv')]' not found
	at com.kms.katalon.core.webui.common.WebUiCommonHelper.findWebElement(WebUiCommonHelper.java:1368)
	at com.kms.katalon.core.webui.keyword.internal.WebUIAbstractKeyword.findWebElement(WebUIAbstractKeyword.groovy:27)
	at com.kms.katalon.core.webui.keyword.internal.WebUIAbstractKeyword.findWebElement(WebUIAbstractKeyword.groovy:26)
	at com.kms.katalon.core.webui.keyword.builtin.ClickKeyword$_click_closure1.doCall(ClickKeyword.groovy:66)
	at com.kms.katalon.core.webui.keyword.builtin.ClickKeyword$_click_closure1.call(ClickKeyword.groovy)
	at com.kms.katalon.core.webui.keyword.internal.WebUIKeywordMain.runKeyword(WebUIKeywordMain.groovy:20)
	at com.kms.katalon.core.webui.keyword.builtin.ClickKeyword.click(ClickKeyword.groovy:75)
	at com.kms.katalon.core.webui.keyword.builtin.ClickKeyword.execute(ClickKeyword.groovy:42)
	at com.kms.katalon.core.keyword.internal.KeywordExecutor.executeKeywordForPlatform(KeywordExecutor.groovy:73)
	at com.kms.katalon.core.webui.keyword.WebUiBuiltInKeywords.click(WebUiBuiltInKeywords.groovy:619)
	at com.kms.katalon.core.webui.keyword.WebUiBuiltInKeywords$click$3.call(Unknown Source)
	at Script1609194777899.run(Script1609194777899.groovy:40)
	... 13 more
)
[[ATTACHMENT|/Users/elsylitsonlambert/git/tcCreateQA/Reports/20210503_084823/Test Suite1- Regression/20210503_084823/1620046920018.png]]

2021-05-03 09:02:00 - [TEST_STEP][PASSED] - buttonstate = com.tccreate.keywords.ExpandAllScriptureToggle.toggleAllScripture("test"): com.tccreate.keywords.ExpandAllScriptureToggle.toggleAllScripture is PASSED

2021-05-03 09:02:03 - [MESSAGE][INFO] - Unable to find the element located by 'By.xpath: //*[@type = 'button' and @data-test = 'drawer-menu-close-button']'. Please recheck the objects properties to make sure the desired element is located. 

2021-05-03 09:02:03 - [MESSAGE][WARNING] - Object 'Object Repository/Page_tC Create/button_DrawerClose' is not present after 2 second(s)

2021-05-03 09:02:04 - [MESSAGE][PASSED] - Object: 'Object Repository/Page_tC Create/Hamburger Menu Button' is clicked on

2021-05-03 09:02:05 - [MESSAGE][PASSED] - Delayed 1 second(s)

2021-05-03 09:02:06 - [MESSAGE][PASSED] - Object 'Object Repository/Page_tC Create/input_Expand all Scripture_default' is checked

2021-05-03 09:02:07 - [MESSAGE][PASSED] - Object: 'Object Repository/Page_tC Create/button_DrawerClose' is clicked on

2021-05-03 09:02:08 - [MESSAGE][PASSED] - Object 'Object Repository/Page_tC Create/Hamburger Menu Button' is visible

2021-05-03 09:02:08 - [MESSAGE][PASSED] - com.tccreate.keywords.ExpandAllScriptureToggle.toggleAllScripture is PASSED

2021-05-03 09:02:08 - [TEST_STEP][PASSED] - out.println(" the state of the button is" + buttonstate): null

2021-05-03 09:02:08 - [TEST_STEP][PASSED] - delay(1): Delayed 1 second(s)

2021-05-03 09:02:09 - [MESSAGE][PASSED] - Delayed 1 second(s)

2021-05-03 09:02:09 - [TEST_STEP][PASSED] - if (buttonstate == "off"): null

2021-05-03 09:02:09 - [TEST_STEP][PASSED] - else: Parallel scripture viewer is ON

2021-05-03 09:02:09 - [TEST_STEP][PASSED] - logInfo("Parallel scripture viewer is ON"): Parallel scripture viewer is ON

2021-05-03 09:02:09 - [MESSAGE][INFO] - Parallel scripture viewer is ON

2021-05-03 09:02:09 - [TEST_STEP][FAILED] - scrollToElement(findTestObject("Page_tC Create/Add new resource objects/h6_TIT 1intro"), 2, CONTINUE_ON_FAILURE): Unable to scroll to object 'Object Repository/Page_tC Create/Add new resource objects/h6_TIT 1intro' (Root cause: com.kms.katalon.core.exception.StepFailedException: Unable to scroll to object 'Object Repository/Page_tC Create/Add new resource objects/h6_TIT 1intro'
	at com.kms.katalon.core.webui.keyword.internal.WebUIKeywordMain.stepFailed(WebUIKeywordMain.groovy:64)
	at com.kms.katalon.core.webui.keyword.internal.WebUIKeywordMain.runKeyword(WebUIKeywordMain.groovy:26)
	at com.kms.katalon.core.webui.keyword.builtin.ScrollToElementKeyword.scrollToElement(ScrollToElementKeyword.groovy:88)
	at com.kms.katalon.core.webui.keyword.builtin.ScrollToElementKeyword.execute(ScrollToElementKeyword.groovy:68)
	at com.kms.katalon.core.keyword.internal.KeywordExecutor.executeKeywordForPlatform(KeywordExecutor.groovy:73)
	at com.kms.katalon.core.webui.keyword.WebUiBuiltInKeywords.scrollToElement(WebUiBuiltInKeywords.groovy:3988)
	at com.kms.katalon.core.webui.keyword.WebUiBuiltInKeywords$scrollToElement$18.call(Unknown Source)
	at tN_Add New Resource.run(tN_Add New Resource:56)
	at com.kms.katalon.core.main.ScriptEngine.run(ScriptEngine.java:194)
	at com.kms.katalon.core.main.ScriptEngine.runScriptAsRawText(ScriptEngine.java:119)
	at com.kms.katalon.core.main.TestCaseExecutor.runScript(TestCaseExecutor.java:398)
	at com.kms.katalon.core.main.TestCaseExecutor.doExecute(TestCaseExecutor.java:389)
	at com.kms.katalon.core.main.TestCaseExecutor.processExecutionPhase(TestCaseExecutor.java:368)
	at com.kms.katalon.core.main.TestCaseExecutor.accessMainPhase(TestCaseExecutor.java:360)
	at com.kms.katalon.core.main.TestCaseExecutor.execute(TestCaseExecutor.java:255)
	at com.kms.katalon.core.main.TestSuiteExecutor.accessTestCaseMainPhase(TestSuiteExecutor.java:203)
	at com.kms.katalon.core.main.TestSuiteExecutor.accessTestSuiteMainPhase(TestSuiteExecutor.java:152)
	at com.kms.katalon.core.main.TestSuiteExecutor.execute(TestSuiteExecutor.java:95)
	at com.kms.katalon.core.main.TestCaseMain.startTestSuite(TestCaseMain.java:157)
	at com.kms.katalon.core.main.TestCaseMain$startTestSuite$0.call(Unknown Source)
	at TempTestSuite1620046103825.run(TempTestSuite1620046103825.groovy:39)
Caused by: com.kms.katalon.core.webui.exception.WebElementNotFoundException: Web element with id: 'Object Repository/Page_tC Create/Add new resource objects/h6_TIT 1intro' located by '//*[(text() = 'TIT 1:intro' or . = 'TIT 1:intro')]' not found
	at com.kms.katalon.core.webui.common.WebUiCommonHelper.findWebElement(WebUiCommonHelper.java:1368)
	at com.kms.katalon.core.webui.keyword.internal.WebUIAbstractKeyword.findWebElement(WebUIAbstractKeyword.groovy:27)
	at com.kms.katalon.core.webui.keyword.internal.WebUIAbstractKeyword.findWebElement(WebUIAbstractKeyword.groovy:26)
	at com.kms.katalon.core.webui.keyword.builtin.ScrollToElementKeyword$_scrollToElement_closure1.doCall(ScrollToElementKeyword.groovy:79)
	at com.kms.katalon.core.webui.keyword.builtin.ScrollToElementKeyword$_scrollToElement_closure1.call(ScrollToElementKeyword.groovy)
	at com.kms.katalon.core.webui.keyword.internal.WebUIKeywordMain.runKeyword(WebUIKeywordMain.groovy:20)
	at com.kms.katalon.core.webui.keyword.builtin.ScrollToElementKeyword.scrollToElement(ScrollToElementKeyword.groovy:88)
	at com.kms.katalon.core.webui.keyword.builtin.ScrollToElementKeyword.execute(ScrollToElementKeyword.groovy:68)
	at com.kms.katalon.core.keyword.internal.KeywordExecutor.executeKeywordForPlatform(KeywordExecutor.groovy:73)
	at com.kms.katalon.core.webui.keyword.WebUiBuiltInKeywords.scrollToElement(WebUiBuiltInKeywords.groovy:3988)
	at com.kms.katalon.core.webui.keyword.WebUiBuiltInKeywords$scrollToElement$18.call(Unknown Source)
	at Script1609194777899.run(Script1609194777899.groovy:56)
	... 13 more
)

2021-05-03 09:02:40 - [MESSAGE][INFO] - Unable to find the element located by 'By.xpath: //*[(text() = 'TIT 1:intro' or . = 'TIT 1:intro')]'. Please recheck the objects properties to make sure the desired element is located. 

2021-05-03 09:02:40 - [MESSAGE][FAILED] - Unable to scroll to object 'Object Repository/Page_tC Create/Add new resource objects/h6_TIT 1intro' (Root cause: com.kms.katalon.core.exception.StepFailedException: Unable to scroll to object 'Object Repository/Page_tC Create/Add new resource objects/h6_TIT 1intro'
	at com.kms.katalon.core.webui.keyword.internal.WebUIKeywordMain.stepFailed(WebUIKeywordMain.groovy:64)
	at com.kms.katalon.core.webui.keyword.internal.WebUIKeywordMain.runKeyword(WebUIKeywordMain.groovy:26)
	at com.kms.katalon.core.webui.keyword.builtin.ScrollToElementKeyword.scrollToElement(ScrollToElementKeyword.groovy:88)
	at com.kms.katalon.core.webui.keyword.builtin.ScrollToElementKeyword.execute(ScrollToElementKeyword.groovy:68)
	at com.kms.katalon.core.keyword.internal.KeywordExecutor.executeKeywordForPlatform(KeywordExecutor.groovy:73)
	at com.kms.katalon.core.webui.keyword.WebUiBuiltInKeywords.scrollToElement(WebUiBuiltInKeywords.groovy:3988)
	at com.kms.katalon.core.webui.keyword.WebUiBuiltInKeywords$scrollToElement$18.call(Unknown Source)
	at tN_Add New Resource.run(tN_Add New Resource:56)
	at com.kms.katalon.core.main.ScriptEngine.run(ScriptEngine.java:194)
	at com.kms.katalon.core.main.ScriptEngine.runScriptAsRawText(ScriptEngine.java:119)
	at com.kms.katalon.core.main.TestCaseExecutor.runScript(TestCaseExecutor.java:398)
	at com.kms.katalon.core.main.TestCaseExecutor.doExecute(TestCaseExecutor.java:389)
	at com.kms.katalon.core.main.TestCaseExecutor.processExecutionPhase(TestCaseExecutor.java:368)
	at com.kms.katalon.core.main.TestCaseExecutor.accessMainPhase(TestCaseExecutor.java:360)
	at com.kms.katalon.core.main.TestCaseExecutor.execute(TestCaseExecutor.java:255)
	at com.kms.katalon.core.main.TestSuiteExecutor.accessTestCaseMainPhase(TestSuiteExecutor.java:203)
	at com.kms.katalon.core.main.TestSuiteExecutor.accessTestSuiteMainPhase(TestSuiteExecutor.java:152)
	at com.kms.katalon.core.main.TestSuiteExecutor.execute(TestSuiteExecutor.java:95)
	at com.kms.katalon.core.main.TestCaseMain.startTestSuite(TestCaseMain.java:157)
	at com.kms.katalon.core.main.TestCaseMain$startTestSuite$0.call(Unknown Source)
	at TempTestSuite1620046103825.run(TempTestSuite1620046103825.groovy:39)
Caused by: com.kms.katalon.core.webui.exception.WebElementNotFoundException: Web element with id: 'Object Repository/Page_tC Create/Add new resource objects/h6_TIT 1intro' located by '//*[(text() = 'TIT 1:intro' or . = 'TIT 1:intro')]' not found
	at com.kms.katalon.core.webui.common.WebUiCommonHelper.findWebElement(WebUiCommonHelper.java:1368)
	at com.kms.katalon.core.webui.keyword.internal.WebUIAbstractKeyword.findWebElement(WebUIAbstractKeyword.groovy:27)
	at com.kms.katalon.core.webui.keyword.internal.WebUIAbstractKeyword.findWebElement(WebUIAbstractKeyword.groovy:26)
	at com.kms.katalon.core.webui.keyword.builtin.ScrollToElementKeyword$_scrollToElement_closure1.doCall(ScrollToElementKeyword.groovy:79)
	at com.kms.katalon.core.webui.keyword.builtin.ScrollToElementKeyword$_scrollToElement_closure1.call(ScrollToElementKeyword.groovy)
	at com.kms.katalon.core.webui.keyword.internal.WebUIKeywordMain.runKeyword(WebUIKeywordMain.groovy:20)
	at com.kms.katalon.core.webui.keyword.builtin.ScrollToElementKeyword.scrollToElement(ScrollToElementKeyword.groovy:88)
	at com.kms.katalon.core.webui.keyword.builtin.ScrollToElementKeyword.execute(ScrollToElementKeyword.groovy:68)
	at com.kms.katalon.core.keyword.internal.KeywordExecutor.executeKeywordForPlatform(KeywordExecutor.groovy:73)
	at com.kms.katalon.core.webui.keyword.WebUiBuiltInKeywords.scrollToElement(WebUiBuiltInKeywords.groovy:3988)
	at com.kms.katalon.core.webui.keyword.WebUiBuiltInKeywords$scrollToElement$18.call(Unknown Source)
	at Script1609194777899.run(Script1609194777899.groovy:56)
	... 13 more
)
[[ATTACHMENT|/Users/elsylitsonlambert/git/tcCreateQA/Reports/20210503_084823/Test Suite1- Regression/20210503_084823/1620046960301.png]]

2021-05-03 09:02:40 - [TEST_STEP][FAILED] - click(findTestObject("Page_tC Create/Add new resource objects/h6_Titus 11")): Unable to click on object 'Object Repository/Page_tC Create/Add new resource objects/h6_Titus 11' (Root cause: com.kms.katalon.core.exception.StepFailedException: Unable to click on object 'Object Repository/Page_tC Create/Add new resource objects/h6_Titus 11'
	at com.kms.katalon.core.webui.keyword.internal.WebUIKeywordMain.stepFailed(WebUIKeywordMain.groovy:64)
	at com.kms.katalon.core.webui.keyword.internal.WebUIKeywordMain.runKeyword(WebUIKeywordMain.groovy:26)
	at com.kms.katalon.core.webui.keyword.builtin.ClickKeyword.click(ClickKeyword.groovy:75)
	at com.kms.katalon.core.webui.keyword.builtin.ClickKeyword.execute(ClickKeyword.groovy:42)
	at com.kms.katalon.core.keyword.internal.KeywordExecutor.executeKeywordForPlatform(KeywordExecutor.groovy:73)
	at com.kms.katalon.core.webui.keyword.WebUiBuiltInKeywords.click(WebUiBuiltInKeywords.groovy:619)
	at com.kms.katalon.core.webui.keyword.WebUiBuiltInKeywords$click$3.call(Unknown Source)
	at tN_Add New Resource.run(tN_Add New Resource:58)
	at com.kms.katalon.core.main.ScriptEngine.run(ScriptEngine.java:194)
	at com.kms.katalon.core.main.ScriptEngine.runScriptAsRawText(ScriptEngine.java:119)
	at com.kms.katalon.core.main.TestCaseExecutor.runScript(TestCaseExecutor.java:398)
	at com.kms.katalon.core.main.TestCaseExecutor.doExecute(TestCaseExecutor.java:389)
	at com.kms.katalon.core.main.TestCaseExecutor.processExecutionPhase(TestCaseExecutor.java:368)
	at com.kms.katalon.core.main.TestCaseExecutor.accessMainPhase(TestCaseExecutor.java:360)
	at com.kms.katalon.core.main.TestCaseExecutor.execute(TestCaseExecutor.java:255)
	at com.kms.katalon.core.main.TestSuiteExecutor.accessTestCaseMainPhase(TestSuiteExecutor.java:203)
	at com.kms.katalon.core.main.TestSuiteExecutor.accessTestSuiteMainPhase(TestSuiteExecutor.java:152)
	at com.kms.katalon.core.main.TestSuiteExecutor.execute(TestSuiteExecutor.java:95)
	at com.kms.katalon.core.main.TestCaseMain.startTestSuite(TestCaseMain.java:157)
	at com.kms.katalon.core.main.TestCaseMain$startTestSuite$0.call(Unknown Source)
	at TempTestSuite1620046103825.run(TempTestSuite1620046103825.groovy:39)
Caused by: com.kms.katalon.core.webui.exception.WebElementNotFoundException: Web element with id: 'Object Repository/Page_tC Create/Add new resource objects/h6_Titus 11' located by '//div[@id='header-1-1-rtc9']/div/div/div/div/h6' not found
	at com.kms.katalon.core.webui.common.WebUiCommonHelper.findWebElement(WebUiCommonHelper.java:1368)
	at com.kms.katalon.core.webui.keyword.internal.WebUIAbstractKeyword.findWebElement(WebUIAbstractKeyword.groovy:27)
	at com.kms.katalon.core.webui.keyword.internal.WebUIAbstractKeyword.findWebElement(WebUIAbstractKeyword.groovy:26)
	at com.kms.katalon.core.webui.keyword.builtin.ClickKeyword$_click_closure1.doCall(ClickKeyword.groovy:66)
	at com.kms.katalon.core.webui.keyword.builtin.ClickKeyword$_click_closure1.call(ClickKeyword.groovy)
	at com.kms.katalon.core.webui.keyword.internal.WebUIKeywordMain.runKeyword(WebUIKeywordMain.groovy:20)
	at com.kms.katalon.core.webui.keyword.builtin.ClickKeyword.click(ClickKeyword.groovy:75)
	at com.kms.katalon.core.webui.keyword.builtin.ClickKeyword.execute(ClickKeyword.groovy:42)
	at com.kms.katalon.core.keyword.internal.KeywordExecutor.executeKeywordForPlatform(KeywordExecutor.groovy:73)
	at com.kms.katalon.core.webui.keyword.WebUiBuiltInKeywords.click(WebUiBuiltInKeywords.groovy:619)
	at com.kms.katalon.core.webui.keyword.WebUiBuiltInKeywords$click$3.call(Unknown Source)
	at Script1609194777899.run(Script1609194777899.groovy:58)
	... 13 more
)

2021-05-03 09:03:11 - [MESSAGE][INFO] - Unable to find the element located by 'By.xpath: //div[@id='header-1-1-rtc9']/div/div/div/div/h6'. Please recheck the objects properties to make sure the desired element is located. 

2021-05-03 09:03:12 - [MESSAGE][FAILED] - Unable to click on object 'Object Repository/Page_tC Create/Add new resource objects/h6_Titus 11' (Root cause: com.kms.katalon.core.exception.StepFailedException: Unable to click on object 'Object Repository/Page_tC Create/Add new resource objects/h6_Titus 11'
	at com.kms.katalon.core.webui.keyword.internal.WebUIKeywordMain.stepFailed(WebUIKeywordMain.groovy:64)
	at com.kms.katalon.core.webui.keyword.internal.WebUIKeywordMain.runKeyword(WebUIKeywordMain.groovy:26)
	at com.kms.katalon.core.webui.keyword.builtin.ClickKeyword.click(ClickKeyword.groovy:75)
	at com.kms.katalon.core.webui.keyword.builtin.ClickKeyword.execute(ClickKeyword.groovy:42)
	at com.kms.katalon.core.keyword.internal.KeywordExecutor.executeKeywordForPlatform(KeywordExecutor.groovy:73)
	at com.kms.katalon.core.webui.keyword.WebUiBuiltInKeywords.click(WebUiBuiltInKeywords.groovy:619)
	at com.kms.katalon.core.webui.keyword.WebUiBuiltInKeywords$click$3.call(Unknown Source)
	at tN_Add New Resource.run(tN_Add New Resource:58)
	at com.kms.katalon.core.main.ScriptEngine.run(ScriptEngine.java:194)
	at com.kms.katalon.core.main.ScriptEngine.runScriptAsRawText(ScriptEngine.java:119)
	at com.kms.katalon.core.main.TestCaseExecutor.runScript(TestCaseExecutor.java:398)
	at com.kms.katalon.core.main.TestCaseExecutor.doExecute(TestCaseExecutor.java:389)
	at com.kms.katalon.core.main.TestCaseExecutor.processExecutionPhase(TestCaseExecutor.java:368)
	at com.kms.katalon.core.main.TestCaseExecutor.accessMainPhase(TestCaseExecutor.java:360)
	at com.kms.katalon.core.main.TestCaseExecutor.execute(TestCaseExecutor.java:255)
	at com.kms.katalon.core.main.TestSuiteExecutor.accessTestCaseMainPhase(TestSuiteExecutor.java:203)
	at com.kms.katalon.core.main.TestSuiteExecutor.accessTestSuiteMainPhase(TestSuiteExecutor.java:152)
	at com.kms.katalon.core.main.TestSuiteExecutor.execute(TestSuiteExecutor.java:95)
	at com.kms.katalon.core.main.TestCaseMain.startTestSuite(TestCaseMain.java:157)
	at com.kms.katalon.core.main.TestCaseMain$startTestSuite$0.call(Unknown Source)
	at TempTestSuite1620046103825.run(TempTestSuite1620046103825.groovy:39)
Caused by: com.kms.katalon.core.webui.exception.WebElementNotFoundException: Web element with id: 'Object Repository/Page_tC Create/Add new resource objects/h6_Titus 11' located by '//div[@id='header-1-1-rtc9']/div/div/div/div/h6' not found
	at com.kms.katalon.core.webui.common.WebUiCommonHelper.findWebElement(WebUiCommonHelper.java:1368)
	at com.kms.katalon.core.webui.keyword.internal.WebUIAbstractKeyword.findWebElement(WebUIAbstractKeyword.groovy:27)
	at com.kms.katalon.core.webui.keyword.internal.WebUIAbstractKeyword.findWebElement(WebUIAbstractKeyword.groovy:26)
	at com.kms.katalon.core.webui.keyword.builtin.ClickKeyword$_click_closure1.doCall(ClickKeyword.groovy:66)
	at com.kms.katalon.core.webui.keyword.builtin.ClickKeyword$_click_closure1.call(ClickKeyword.groovy)
	at com.kms.katalon.core.webui.keyword.internal.WebUIKeywordMain.runKeyword(WebUIKeywordMain.groovy:20)
	at com.kms.katalon.core.webui.keyword.builtin.ClickKeyword.click(ClickKeyword.groovy:75)
	at com.kms.katalon.core.webui.keyword.builtin.ClickKeyword.execute(ClickKeyword.groovy:42)
	at com.kms.katalon.core.keyword.internal.KeywordExecutor.executeKeywordForPlatform(KeywordExecutor.groovy:73)
	at com.kms.katalon.core.webui.keyword.WebUiBuiltInKeywords.click(WebUiBuiltInKeywords.groovy:619)
	at com.kms.katalon.core.webui.keyword.WebUiBuiltInKeywords$click$3.call(Unknown Source)
	at Script1609194777899.run(Script1609194777899.groovy:58)
	... 13 more
)
[[ATTACHMENT|/Users/elsylitsonlambert/git/tcCreateQA/Reports/20210503_084823/Test Suite1- Regression/20210503_084823/1620046991711.png]]

2021-05-03 09:03:12 - [TEST_STEP][FAILED] - verifyElementVisible(findTestObject("Page_tC Create/Add new resource objects/h6_Titus 11"), CONTINUE_ON_FAILURE): Web element with id: 'Object Repository/Page_tC Create/Add new resource objects/h6_Titus 11' located by '//div[@id='header-1-1-rtc9']/div/div/div/div/h6' not found (Root cause: com.kms.katalon.core.exception.StepFailedException: Web element with id: 'Object Repository/Page_tC Create/Add new resource objects/h6_Titus 11' located by '//div[@id='header-1-1-rtc9']/div/div/div/div/h6' not found
	at com.kms.katalon.core.webui.keyword.internal.WebUIKeywordMain.stepFailed(WebUIKeywordMain.groovy:64)
	at com.kms.katalon.core.webui.keyword.builtin.VerifyElementVisibleKeyword$_verifyElementVisible_closure1.doCall(VerifyElementVisibleKeyword.groovy:89)
	at com.kms.katalon.core.webui.keyword.builtin.VerifyElementVisibleKeyword$_verifyElementVisible_closure1.call(VerifyElementVisibleKeyword.groovy)
	at com.kms.katalon.core.webui.keyword.internal.WebUIKeywordMain.runKeyword(WebUIKeywordMain.groovy:20)
	at com.kms.katalon.core.webui.keyword.builtin.VerifyElementVisibleKeyword.verifyElementVisible(VerifyElementVisibleKeyword.groovy:97)
	at com.kms.katalon.core.webui.keyword.builtin.VerifyElementVisibleKeyword.execute(VerifyElementVisibleKeyword.groovy:67)
	at com.kms.katalon.core.keyword.internal.KeywordExecutor.executeKeywordForPlatform(KeywordExecutor.groovy:73)
	at com.kms.katalon.core.webui.keyword.WebUiBuiltInKeywords.verifyElementVisible(WebUiBuiltInKeywords.groovy:361)
	at com.kms.katalon.core.webui.keyword.WebUiBuiltInKeywords$verifyElementVisible$15.call(Unknown Source)
	at tN_Add New Resource.run(tN_Add New Resource:60)
	at com.kms.katalon.core.main.ScriptEngine.run(ScriptEngine.java:194)
	at com.kms.katalon.core.main.ScriptEngine.runScriptAsRawText(ScriptEngine.java:119)
	at com.kms.katalon.core.main.TestCaseExecutor.runScript(TestCaseExecutor.java:398)
	at com.kms.katalon.core.main.TestCaseExecutor.doExecute(TestCaseExecutor.java:389)
	at com.kms.katalon.core.main.TestCaseExecutor.processExecutionPhase(TestCaseExecutor.java:368)
	at com.kms.katalon.core.main.TestCaseExecutor.accessMainPhase(TestCaseExecutor.java:360)
	at com.kms.katalon.core.main.TestCaseExecutor.execute(TestCaseExecutor.java:255)
	at com.kms.katalon.core.main.TestSuiteExecutor.accessTestCaseMainPhase(TestSuiteExecutor.java:203)
	at com.kms.katalon.core.main.TestSuiteExecutor.accessTestSuiteMainPhase(TestSuiteExecutor.java:152)
	at com.kms.katalon.core.main.TestSuiteExecutor.execute(TestSuiteExecutor.java:95)
	at com.kms.katalon.core.main.TestCaseMain.startTestSuite(TestCaseMain.java:157)
	at com.kms.katalon.core.main.TestCaseMain$startTestSuite$0.call(Unknown Source)
	at TempTestSuite1620046103825.run(TempTestSuite1620046103825.groovy:39)
)

2021-05-03 09:03:43 - [MESSAGE][INFO] - Unable to find the element located by 'By.xpath: //div[@id='header-1-1-rtc9']/div/div/div/div/h6'. Please recheck the objects properties to make sure the desired element is located. 

2021-05-03 09:03:43 - [MESSAGE][FAILED] - Web element with id: 'Object Repository/Page_tC Create/Add new resource objects/h6_Titus 11' located by '//div[@id='header-1-1-rtc9']/div/div/div/div/h6' not found (Root cause: com.kms.katalon.core.exception.StepFailedException: Web element with id: 'Object Repository/Page_tC Create/Add new resource objects/h6_Titus 11' located by '//div[@id='header-1-1-rtc9']/div/div/div/div/h6' not found
	at com.kms.katalon.core.webui.keyword.internal.WebUIKeywordMain.stepFailed(WebUIKeywordMain.groovy:64)
	at com.kms.katalon.core.webui.keyword.builtin.VerifyElementVisibleKeyword$_verifyElementVisible_closure1.doCall(VerifyElementVisibleKeyword.groovy:89)
	at com.kms.katalon.core.webui.keyword.builtin.VerifyElementVisibleKeyword$_verifyElementVisible_closure1.call(VerifyElementVisibleKeyword.groovy)
	at com.kms.katalon.core.webui.keyword.internal.WebUIKeywordMain.runKeyword(WebUIKeywordMain.groovy:20)
	at com.kms.katalon.core.webui.keyword.builtin.VerifyElementVisibleKeyword.verifyElementVisible(VerifyElementVisibleKeyword.groovy:97)
	at com.kms.katalon.core.webui.keyword.builtin.VerifyElementVisibleKeyword.execute(VerifyElementVisibleKeyword.groovy:67)
	at com.kms.katalon.core.keyword.internal.KeywordExecutor.executeKeywordForPlatform(KeywordExecutor.groovy:73)
	at com.kms.katalon.core.webui.keyword.WebUiBuiltInKeywords.verifyElementVisible(WebUiBuiltInKeywords.groovy:361)
	at com.kms.katalon.core.webui.keyword.WebUiBuiltInKeywords$verifyElementVisible$15.call(Unknown Source)
	at tN_Add New Resource.run(tN_Add New Resource:60)
	at com.kms.katalon.core.main.ScriptEngine.run(ScriptEngine.java:194)
	at com.kms.katalon.core.main.ScriptEngine.runScriptAsRawText(ScriptEngine.java:119)
	at com.kms.katalon.core.main.TestCaseExecutor.runScript(TestCaseExecutor.java:398)
	at com.kms.katalon.core.main.TestCaseExecutor.doExecute(TestCaseExecutor.java:389)
	at com.kms.katalon.core.main.TestCaseExecutor.processExecutionPhase(TestCaseExecutor.java:368)
	at com.kms.katalon.core.main.TestCaseExecutor.accessMainPhase(TestCaseExecutor.java:360)
	at com.kms.katalon.core.main.TestCaseExecutor.execute(TestCaseExecutor.java:255)
	at com.kms.katalon.core.main.TestSuiteExecutor.accessTestCaseMainPhase(TestSuiteExecutor.java:203)
	at com.kms.katalon.core.main.TestSuiteExecutor.accessTestSuiteMainPhase(TestSuiteExecutor.java:152)
	at com.kms.katalon.core.main.TestSuiteExecutor.execute(TestSuiteExecutor.java:95)
	at com.kms.katalon.core.main.TestCaseMain.startTestSuite(TestCaseMain.java:157)
	at com.kms.katalon.core.main.TestCaseMain$startTestSuite$0.call(Unknown Source)
	at TempTestSuite1620046103825.run(TempTestSuite1620046103825.groovy:39)
)
[[ATTACHMENT|/Users/elsylitsonlambert/git/tcCreateQA/Reports/20210503_084823/Test Suite1- Regression/20210503_084823/1620047023431.png]]

2021-05-03 09:03:43 - [TEST_STEP][FAILED] - click(findTestObject("Object Repository/Page_tC Create/Add new resource objects/button_Manage Versions")): Unable to click on object 'Object Repository/Page_tC Create/Add new resource objects/button_Manage Versions' (Root cause: com.kms.katalon.core.exception.StepFailedException: Unable to click on object 'Object Repository/Page_tC Create/Add new resource objects/button_Manage Versions'
	at com.kms.katalon.core.webui.keyword.internal.WebUIKeywordMain.stepFailed(WebUIKeywordMain.groovy:64)
	at com.kms.katalon.core.webui.keyword.internal.WebUIKeywordMain.runKeyword(WebUIKeywordMain.groovy:26)
	at com.kms.katalon.core.webui.keyword.builtin.ClickKeyword.click(ClickKeyword.groovy:75)
	at com.kms.katalon.core.webui.keyword.builtin.ClickKeyword.execute(ClickKeyword.groovy:42)
	at com.kms.katalon.core.keyword.internal.KeywordExecutor.executeKeywordForPlatform(KeywordExecutor.groovy:73)
	at com.kms.katalon.core.webui.keyword.WebUiBuiltInKeywords.click(WebUiBuiltInKeywords.groovy:619)
	at com.kms.katalon.core.webui.keyword.WebUiBuiltInKeywords$click$3.call(Unknown Source)
	at tN_Add New Resource.run(tN_Add New Resource:62)
	at com.kms.katalon.core.main.ScriptEngine.run(ScriptEngine.java:194)
	at com.kms.katalon.core.main.ScriptEngine.runScriptAsRawText(ScriptEngine.java:119)
	at com.kms.katalon.core.main.TestCaseExecutor.runScript(TestCaseExecutor.java:398)
	at com.kms.katalon.core.main.TestCaseExecutor.doExecute(TestCaseExecutor.java:389)
	at com.kms.katalon.core.main.TestCaseExecutor.processExecutionPhase(TestCaseExecutor.java:368)
	at com.kms.katalon.core.main.TestCaseExecutor.accessMainPhase(TestCaseExecutor.java:360)
	at com.kms.katalon.core.main.TestCaseExecutor.execute(TestCaseExecutor.java:255)
	at com.kms.katalon.core.main.TestSuiteExecutor.accessTestCaseMainPhase(TestSuiteExecutor.java:203)
	at com.kms.katalon.core.main.TestSuiteExecutor.accessTestSuiteMainPhase(TestSuiteExecutor.java:152)
	at com.kms.katalon.core.main.TestSuiteExecutor.execute(TestSuiteExecutor.java:95)
	at com.kms.katalon.core.main.TestCaseMain.startTestSuite(TestCaseMain.java:157)
	at com.kms.katalon.core.main.TestCaseMain$startTestSuite$0.call(Unknown Source)
	at TempTestSuite1620046103825.run(TempTestSuite1620046103825.groovy:39)
Caused by: com.kms.katalon.core.webui.exception.WebElementNotFoundException: Web element with id: 'Object Repository/Page_tC Create/Add new resource objects/button_Manage Versions' located by '//*[@type = 'button' and @aria-label = 'Manage Versions']' not found
	at com.kms.katalon.core.webui.common.WebUiCommonHelper.findWebElement(WebUiCommonHelper.java:1368)
	at com.kms.katalon.core.webui.keyword.internal.WebUIAbstractKeyword.findWebElement(WebUIAbstractKeyword.groovy:27)
	at com.kms.katalon.core.webui.keyword.internal.WebUIAbstractKeyword.findWebElement(WebUIAbstractKeyword.groovy:26)
	at com.kms.katalon.core.webui.keyword.builtin.ClickKeyword$_click_closure1.doCall(ClickKeyword.groovy:66)
	at com.kms.katalon.core.webui.keyword.builtin.ClickKeyword$_click_closure1.call(ClickKeyword.groovy)
	at com.kms.katalon.core.webui.keyword.internal.WebUIKeywordMain.runKeyword(WebUIKeywordMain.groovy:20)
	at com.kms.katalon.core.webui.keyword.builtin.ClickKeyword.click(ClickKeyword.groovy:75)
	at com.kms.katalon.core.webui.keyword.builtin.ClickKeyword.execute(ClickKeyword.groovy:42)
	at com.kms.katalon.core.keyword.internal.KeywordExecutor.executeKeywordForPlatform(KeywordExecutor.groovy:73)
	at com.kms.katalon.core.webui.keyword.WebUiBuiltInKeywords.click(WebUiBuiltInKeywords.groovy:619)
	at com.kms.katalon.core.webui.keyword.WebUiBuiltInKeywords$click$3.call(Unknown Source)
	at Script1609194777899.run(Script1609194777899.groovy:62)
	... 13 more
)

2021-05-03 09:04:15 - [MESSAGE][INFO] - Unable to find the element located by 'By.xpath: //*[@type = 'button' and @aria-label = 'Manage Versions']'. Please recheck the objects properties to make sure the desired element is located. 

2021-05-03 09:04:15 - [MESSAGE][FAILED] - Unable to click on object 'Object Repository/Page_tC Create/Add new resource objects/button_Manage Versions' (Root cause: com.kms.katalon.core.exception.StepFailedException: Unable to click on object 'Object Repository/Page_tC Create/Add new resource objects/button_Manage Versions'
	at com.kms.katalon.core.webui.keyword.internal.WebUIKeywordMain.stepFailed(WebUIKeywordMain.groovy:64)
	at com.kms.katalon.core.webui.keyword.internal.WebUIKeywordMain.runKeyword(WebUIKeywordMain.groovy:26)
	at com.kms.katalon.core.webui.keyword.builtin.ClickKeyword.click(ClickKeyword.groovy:75)
	at com.kms.katalon.core.webui.keyword.builtin.ClickKeyword.execute(ClickKeyword.groovy:42)
	at com.kms.katalon.core.keyword.internal.KeywordExecutor.executeKeywordForPlatform(KeywordExecutor.groovy:73)
	at com.kms.katalon.core.webui.keyword.WebUiBuiltInKeywords.click(WebUiBuiltInKeywords.groovy:619)
	at com.kms.katalon.core.webui.keyword.WebUiBuiltInKeywords$click$3.call(Unknown Source)
	at tN_Add New Resource.run(tN_Add New Resource:62)
	at com.kms.katalon.core.main.ScriptEngine.run(ScriptEngine.java:194)
	at com.kms.katalon.core.main.ScriptEngine.runScriptAsRawText(ScriptEngine.java:119)
	at com.kms.katalon.core.main.TestCaseExecutor.runScript(TestCaseExecutor.java:398)
	at com.kms.katalon.core.main.TestCaseExecutor.doExecute(TestCaseExecutor.java:389)
	at com.kms.katalon.core.main.TestCaseExecutor.processExecutionPhase(TestCaseExecutor.java:368)
	at com.kms.katalon.core.main.TestCaseExecutor.accessMainPhase(TestCaseExecutor.java:360)
	at com.kms.katalon.core.main.TestCaseExecutor.execute(TestCaseExecutor.java:255)
	at com.kms.katalon.core.main.TestSuiteExecutor.accessTestCaseMainPhase(TestSuiteExecutor.java:203)
	at com.kms.katalon.core.main.TestSuiteExecutor.accessTestSuiteMainPhase(TestSuiteExecutor.java:152)
	at com.kms.katalon.core.main.TestSuiteExecutor.execute(TestSuiteExecutor.java:95)
	at com.kms.katalon.core.main.TestCaseMain.startTestSuite(TestCaseMain.java:157)
	at com.kms.katalon.core.main.TestCaseMain$startTestSuite$0.call(Unknown Source)
	at TempTestSuite1620046103825.run(TempTestSuite1620046103825.groovy:39)
Caused by: com.kms.katalon.core.webui.exception.WebElementNotFoundException: Web element with id: 'Object Repository/Page_tC Create/Add new resource objects/button_Manage Versions' located by '//*[@type = 'button' and @aria-label = 'Manage Versions']' not found
	at com.kms.katalon.core.webui.common.WebUiCommonHelper.findWebElement(WebUiCommonHelper.java:1368)
	at com.kms.katalon.core.webui.keyword.internal.WebUIAbstractKeyword.findWebElement(WebUIAbstractKeyword.groovy:27)
	at com.kms.katalon.core.webui.keyword.internal.WebUIAbstractKeyword.findWebElement(WebUIAbstractKeyword.groovy:26)
	at com.kms.katalon.core.webui.keyword.builtin.ClickKeyword$_click_closure1.doCall(ClickKeyword.groovy:66)
	at com.kms.katalon.core.webui.keyword.builtin.ClickKeyword$_click_closure1.call(ClickKeyword.groovy)
	at com.kms.katalon.core.webui.keyword.internal.WebUIKeywordMain.runKeyword(WebUIKeywordMain.groovy:20)
	at com.kms.katalon.core.webui.keyword.builtin.ClickKeyword.click(ClickKeyword.groovy:75)
	at com.kms.katalon.core.webui.keyword.builtin.ClickKeyword.execute(ClickKeyword.groovy:42)
	at com.kms.katalon.core.keyword.internal.KeywordExecutor.executeKeywordForPlatform(KeywordExecutor.groovy:73)
	at com.kms.katalon.core.webui.keyword.WebUiBuiltInKeywords.click(WebUiBuiltInKeywords.groovy:619)
	at com.kms.katalon.core.webui.keyword.WebUiBuiltInKeywords$click$3.call(Unknown Source)
	at Script1609194777899.run(Script1609194777899.groovy:62)
	... 13 more
)
[[ATTACHMENT|/Users/elsylitsonlambert/git/tcCreateQA/Reports/20210503_084823/Test Suite1- Regression/20210503_084823/1620047055009.png]]

2021-05-03 09:04:15 - [TEST_STEP][FAILED] - click(findTestObject("Page_tC Create/Add new resource objects/input_Resource Path_resourceUrl")): Unable to click on object 'Object Repository/Page_tC Create/Add new resource objects/input_Resource Path_resourceUrl' (Root cause: com.kms.katalon.core.exception.StepFailedException: Unable to click on object 'Object Repository/Page_tC Create/Add new resource objects/input_Resource Path_resourceUrl'
	at com.kms.katalon.core.webui.keyword.internal.WebUIKeywordMain.stepFailed(WebUIKeywordMain.groovy:64)
	at com.kms.katalon.core.webui.keyword.internal.WebUIKeywordMain.runKeyword(WebUIKeywordMain.groovy:26)
	at com.kms.katalon.core.webui.keyword.builtin.ClickKeyword.click(ClickKeyword.groovy:75)
	at com.kms.katalon.core.webui.keyword.builtin.ClickKeyword.execute(ClickKeyword.groovy:42)
	at com.kms.katalon.core.keyword.internal.KeywordExecutor.executeKeywordForPlatform(KeywordExecutor.groovy:73)
	at com.kms.katalon.core.webui.keyword.WebUiBuiltInKeywords.click(WebUiBuiltInKeywords.groovy:619)
	at com.kms.katalon.core.webui.keyword.WebUiBuiltInKeywords$click$3.call(Unknown Source)
	at tN_Add New Resource.run(tN_Add New Resource:64)
	at com.kms.katalon.core.main.ScriptEngine.run(ScriptEngine.java:194)
	at com.kms.katalon.core.main.ScriptEngine.runScriptAsRawText(ScriptEngine.java:119)
	at com.kms.katalon.core.main.TestCaseExecutor.runScript(TestCaseExecutor.java:398)
	at com.kms.katalon.core.main.TestCaseExecutor.doExecute(TestCaseExecutor.java:389)
	at com.kms.katalon.core.main.TestCaseExecutor.processExecutionPhase(TestCaseExecutor.java:368)
	at com.kms.katalon.core.main.TestCaseExecutor.accessMainPhase(TestCaseExecutor.java:360)
	at com.kms.katalon.core.main.TestCaseExecutor.execute(TestCaseExecutor.java:255)
	at com.kms.katalon.core.main.TestSuiteExecutor.accessTestCaseMainPhase(TestSuiteExecutor.java:203)
	at com.kms.katalon.core.main.TestSuiteExecutor.accessTestSuiteMainPhase(TestSuiteExecutor.java:152)
	at com.kms.katalon.core.main.TestSuiteExecutor.execute(TestSuiteExecutor.java:95)
	at com.kms.katalon.core.main.TestCaseMain.startTestSuite(TestCaseMain.java:157)
	at com.kms.katalon.core.main.TestCaseMain$startTestSuite$0.call(Unknown Source)
	at TempTestSuite1620046103825.run(TempTestSuite1620046103825.groovy:39)
Caused by: com.kms.katalon.core.webui.exception.WebElementNotFoundException: Web element with id: 'Object Repository/Page_tC Create/Add new resource objects/input_Resource Path_resourceUrl' located by '//*[@id = 'resourceUrl' and @type = 'text']' not found
	at com.kms.katalon.core.webui.common.WebUiCommonHelper.findWebElement(WebUiCommonHelper.java:1368)
	at com.kms.katalon.core.webui.keyword.internal.WebUIAbstractKeyword.findWebElement(WebUIAbstractKeyword.groovy:27)
	at com.kms.katalon.core.webui.keyword.internal.WebUIAbstractKeyword.findWebElement(WebUIAbstractKeyword.groovy:26)
	at com.kms.katalon.core.webui.keyword.builtin.ClickKeyword$_click_closure1.doCall(ClickKeyword.groovy:66)
	at com.kms.katalon.core.webui.keyword.builtin.ClickKeyword$_click_closure1.call(ClickKeyword.groovy)
	at com.kms.katalon.core.webui.keyword.internal.WebUIKeywordMain.runKeyword(WebUIKeywordMain.groovy:20)
	at com.kms.katalon.core.webui.keyword.builtin.ClickKeyword.click(ClickKeyword.groovy:75)
	at com.kms.katalon.core.webui.keyword.builtin.ClickKeyword.execute(ClickKeyword.groovy:42)
	at com.kms.katalon.core.keyword.internal.KeywordExecutor.executeKeywordForPlatform(KeywordExecutor.groovy:73)
	at com.kms.katalon.core.webui.keyword.WebUiBuiltInKeywords.click(WebUiBuiltInKeywords.groovy:619)
	at com.kms.katalon.core.webui.keyword.WebUiBuiltInKeywords$click$3.call(Unknown Source)
	at Script1609194777899.run(Script1609194777899.groovy:64)
	... 13 more
)

2021-05-03 09:04:46 - [MESSAGE][INFO] - Unable to find the element located by 'By.xpath: //*[@id = 'resourceUrl' and @type = 'text']'. Please recheck the objects properties to make sure the desired element is located. 

2021-05-03 09:04:46 - [MESSAGE][FAILED] - Unable to click on object 'Object Repository/Page_tC Create/Add new resource objects/input_Resource Path_resourceUrl' (Root cause: com.kms.katalon.core.exception.StepFailedException: Unable to click on object 'Object Repository/Page_tC Create/Add new resource objects/input_Resource Path_resourceUrl'
	at com.kms.katalon.core.webui.keyword.internal.WebUIKeywordMain.stepFailed(WebUIKeywordMain.groovy:64)
	at com.kms.katalon.core.webui.keyword.internal.WebUIKeywordMain.runKeyword(WebUIKeywordMain.groovy:26)
	at com.kms.katalon.core.webui.keyword.builtin.ClickKeyword.click(ClickKeyword.groovy:75)
	at com.kms.katalon.core.webui.keyword.builtin.ClickKeyword.execute(ClickKeyword.groovy:42)
	at com.kms.katalon.core.keyword.internal.KeywordExecutor.executeKeywordForPlatform(KeywordExecutor.groovy:73)
	at com.kms.katalon.core.webui.keyword.WebUiBuiltInKeywords.click(WebUiBuiltInKeywords.groovy:619)
	at com.kms.katalon.core.webui.keyword.WebUiBuiltInKeywords$click$3.call(Unknown Source)
	at tN_Add New Resource.run(tN_Add New Resource:64)
	at com.kms.katalon.core.main.ScriptEngine.run(ScriptEngine.java:194)
	at com.kms.katalon.core.main.ScriptEngine.runScriptAsRawText(ScriptEngine.java:119)
	at com.kms.katalon.core.main.TestCaseExecutor.runScript(TestCaseExecutor.java:398)
	at com.kms.katalon.core.main.TestCaseExecutor.doExecute(TestCaseExecutor.java:389)
	at com.kms.katalon.core.main.TestCaseExecutor.processExecutionPhase(TestCaseExecutor.java:368)
	at com.kms.katalon.core.main.TestCaseExecutor.accessMainPhase(TestCaseExecutor.java:360)
	at com.kms.katalon.core.main.TestCaseExecutor.execute(TestCaseExecutor.java:255)
	at com.kms.katalon.core.main.TestSuiteExecutor.accessTestCaseMainPhase(TestSuiteExecutor.java:203)
	at com.kms.katalon.core.main.TestSuiteExecutor.accessTestSuiteMainPhase(TestSuiteExecutor.java:152)
	at com.kms.katalon.core.main.TestSuiteExecutor.execute(TestSuiteExecutor.java:95)
	at com.kms.katalon.core.main.TestCaseMain.startTestSuite(TestCaseMain.java:157)
	at com.kms.katalon.core.main.TestCaseMain$startTestSuite$0.call(Unknown Source)
	at TempTestSuite1620046103825.run(TempTestSuite1620046103825.groovy:39)
Caused by: com.kms.katalon.core.webui.exception.WebElementNotFoundException: Web element with id: 'Object Repository/Page_tC Create/Add new resource objects/input_Resource Path_resourceUrl' located by '//*[@id = 'resourceUrl' and @type = 'text']' not found
	at com.kms.katalon.core.webui.common.WebUiCommonHelper.findWebElement(WebUiCommonHelper.java:1368)
	at com.kms.katalon.core.webui.keyword.internal.WebUIAbstractKeyword.findWebElement(WebUIAbstractKeyword.groovy:27)
	at com.kms.katalon.core.webui.keyword.internal.WebUIAbstractKeyword.findWebElement(WebUIAbstractKeyword.groovy:26)
	at com.kms.katalon.core.webui.keyword.builtin.ClickKeyword$_click_closure1.doCall(ClickKeyword.groovy:66)
	at com.kms.katalon.core.webui.keyword.builtin.ClickKeyword$_click_closure1.call(ClickKeyword.groovy)
	at com.kms.katalon.core.webui.keyword.internal.WebUIKeywordMain.runKeyword(WebUIKeywordMain.groovy:20)
	at com.kms.katalon.core.webui.keyword.builtin.ClickKeyword.click(ClickKeyword.groovy:75)
	at com.kms.katalon.core.webui.keyword.builtin.ClickKeyword.execute(ClickKeyword.groovy:42)
	at com.kms.katalon.core.keyword.internal.KeywordExecutor.executeKeywordForPlatform(KeywordExecutor.groovy:73)
	at com.kms.katalon.core.webui.keyword.WebUiBuiltInKeywords.click(WebUiBuiltInKeywords.groovy:619)
	at com.kms.katalon.core.webui.keyword.WebUiBuiltInKeywords$click$3.call(Unknown Source)
	at Script1609194777899.run(Script1609194777899.groovy:64)
	... 13 more
)
[[ATTACHMENT|/Users/elsylitsonlambert/git/tcCreateQA/Reports/20210503_084823/Test Suite1- Regression/20210503_084823/1620047086399.png]]

2021-05-03 09:04:46 - [TEST_STEP][FAILED] - setText(findTestObject("Page_tC Create/Add new resource objects/input_Resource Path_resourceUrl"), "Door43-Catalog/hi/ulb/master/"): Unable to set text 'Door43-Catalog/hi/ulb/master/' of object 'Object Repository/Page_tC Create/Add new resource objects/input_Resource Path_resourceUrl' (Root cause: com.kms.katalon.core.exception.StepFailedException: Unable to set text 'Door43-Catalog/hi/ulb/master/' of object 'Object Repository/Page_tC Create/Add new resource objects/input_Resource Path_resourceUrl'
	at com.kms.katalon.core.webui.keyword.internal.WebUIKeywordMain.stepFailed(WebUIKeywordMain.groovy:64)
	at com.kms.katalon.core.webui.keyword.internal.WebUIKeywordMain.runKeyword(WebUIKeywordMain.groovy:26)
	at com.kms.katalon.core.webui.keyword.builtin.SetTextKeyword.setText(SetTextKeyword.groovy:66)
	at com.kms.katalon.core.webui.keyword.builtin.SetTextKeyword.execute(SetTextKeyword.groovy:37)
	at com.kms.katalon.core.keyword.internal.KeywordExecutor.executeKeywordForPlatform(KeywordExecutor.groovy:73)
	at com.kms.katalon.core.webui.keyword.WebUiBuiltInKeywords.setText(WebUiBuiltInKeywords.groovy:979)
	at com.kms.katalon.core.webui.keyword.WebUiBuiltInKeywords$setText$22.call(Unknown Source)
	at tN_Add New Resource.run(tN_Add New Resource:66)
	at com.kms.katalon.core.main.ScriptEngine.run(ScriptEngine.java:194)
	at com.kms.katalon.core.main.ScriptEngine.runScriptAsRawText(ScriptEngine.java:119)
	at com.kms.katalon.core.main.TestCaseExecutor.runScript(TestCaseExecutor.java:398)
	at com.kms.katalon.core.main.TestCaseExecutor.doExecute(TestCaseExecutor.java:389)
	at com.kms.katalon.core.main.TestCaseExecutor.processExecutionPhase(TestCaseExecutor.java:368)
	at com.kms.katalon.core.main.TestCaseExecutor.accessMainPhase(TestCaseExecutor.java:360)
	at com.kms.katalon.core.main.TestCaseExecutor.execute(TestCaseExecutor.java:255)
	at com.kms.katalon.core.main.TestSuiteExecutor.accessTestCaseMainPhase(TestSuiteExecutor.java:203)
	at com.kms.katalon.core.main.TestSuiteExecutor.accessTestSuiteMainPhase(TestSuiteExecutor.java:152)
	at com.kms.katalon.core.main.TestSuiteExecutor.execute(TestSuiteExecutor.java:95)
	at com.kms.katalon.core.main.TestCaseMain.startTestSuite(TestCaseMain.java:157)
	at com.kms.katalon.core.main.TestCaseMain$startTestSuite$0.call(Unknown Source)
	at TempTestSuite1620046103825.run(TempTestSuite1620046103825.groovy:39)
Caused by: com.kms.katalon.core.webui.exception.WebElementNotFoundException: Web element with id: 'Object Repository/Page_tC Create/Add new resource objects/input_Resource Path_resourceUrl' located by '//*[@id = 'resourceUrl' and @type = 'text']' not found
	at com.kms.katalon.core.webui.common.WebUiCommonHelper.findWebElement(WebUiCommonHelper.java:1368)
	at com.kms.katalon.core.webui.keyword.internal.WebUIAbstractKeyword.findWebElement(WebUIAbstractKeyword.groovy:27)
	at com.kms.katalon.core.webui.keyword.internal.WebUIAbstractKeyword.findWebElement(WebUIAbstractKeyword.groovy:26)
	at com.kms.katalon.core.webui.keyword.builtin.SetTextKeyword$_setText_closure1.doCall(SetTextKeyword.groovy:51)
	at com.kms.katalon.core.webui.keyword.builtin.SetTextKeyword$_setText_closure1.call(SetTextKeyword.groovy)
	at com.kms.katalon.core.webui.keyword.internal.WebUIKeywordMain.runKeyword(WebUIKeywordMain.groovy:20)
	at com.kms.katalon.core.webui.keyword.builtin.SetTextKeyword.setText(SetTextKeyword.groovy:66)
	at com.kms.katalon.core.webui.keyword.builtin.SetTextKeyword.execute(SetTextKeyword.groovy:37)
	at com.kms.katalon.core.keyword.internal.KeywordExecutor.executeKeywordForPlatform(KeywordExecutor.groovy:73)
	at com.kms.katalon.core.webui.keyword.WebUiBuiltInKeywords.setText(WebUiBuiltInKeywords.groovy:979)
	at com.kms.katalon.core.webui.keyword.WebUiBuiltInKeywords$setText$22.call(Unknown Source)
	at Script1609194777899.run(Script1609194777899.groovy:66)
	... 13 more
)

2021-05-03 09:05:17 - [MESSAGE][INFO] - Unable to find the element located by 'By.xpath: //*[@id = 'resourceUrl' and @type = 'text']'. Please recheck the objects properties to make sure the desired element is located. 

2021-05-03 09:05:18 - [MESSAGE][FAILED] - Unable to set text 'Door43-Catalog/hi/ulb/master/' of object 'Object Repository/Page_tC Create/Add new resource objects/input_Resource Path_resourceUrl' (Root cause: com.kms.katalon.core.exception.StepFailedException: Unable to set text 'Door43-Catalog/hi/ulb/master/' of object 'Object Repository/Page_tC Create/Add new resource objects/input_Resource Path_resourceUrl'
	at com.kms.katalon.core.webui.keyword.internal.WebUIKeywordMain.stepFailed(WebUIKeywordMain.groovy:64)
	at com.kms.katalon.core.webui.keyword.internal.WebUIKeywordMain.runKeyword(WebUIKeywordMain.groovy:26)
	at com.kms.katalon.core.webui.keyword.builtin.SetTextKeyword.setText(SetTextKeyword.groovy:66)
	at com.kms.katalon.core.webui.keyword.builtin.SetTextKeyword.execute(SetTextKeyword.groovy:37)
	at com.kms.katalon.core.keyword.internal.KeywordExecutor.executeKeywordForPlatform(KeywordExecutor.groovy:73)
	at com.kms.katalon.core.webui.keyword.WebUiBuiltInKeywords.setText(WebUiBuiltInKeywords.groovy:979)
	at com.kms.katalon.core.webui.keyword.WebUiBuiltInKeywords$setText$22.call(Unknown Source)
	at tN_Add New Resource.run(tN_Add New Resource:66)
	at com.kms.katalon.core.main.ScriptEngine.run(ScriptEngine.java:194)
	at com.kms.katalon.core.main.ScriptEngine.runScriptAsRawText(ScriptEngine.java:119)
	at com.kms.katalon.core.main.TestCaseExecutor.runScript(TestCaseExecutor.java:398)
	at com.kms.katalon.core.main.TestCaseExecutor.doExecute(TestCaseExecutor.java:389)
	at com.kms.katalon.core.main.TestCaseExecutor.processExecutionPhase(TestCaseExecutor.java:368)
	at com.kms.katalon.core.main.TestCaseExecutor.accessMainPhase(TestCaseExecutor.java:360)
	at com.kms.katalon.core.main.TestCaseExecutor.execute(TestCaseExecutor.java:255)
	at com.kms.katalon.core.main.TestSuiteExecutor.accessTestCaseMainPhase(TestSuiteExecutor.java:203)
	at com.kms.katalon.core.main.TestSuiteExecutor.accessTestSuiteMainPhase(TestSuiteExecutor.java:152)
	at com.kms.katalon.core.main.TestSuiteExecutor.execute(TestSuiteExecutor.java:95)
	at com.kms.katalon.core.main.TestCaseMain.startTestSuite(TestCaseMain.java:157)
	at com.kms.katalon.core.main.TestCaseMain$startTestSuite$0.call(Unknown Source)
	at TempTestSuite1620046103825.run(TempTestSuite1620046103825.groovy:39)
Caused by: com.kms.katalon.core.webui.exception.WebElementNotFoundException: Web element with id: 'Object Repository/Page_tC Create/Add new resource objects/input_Resource Path_resourceUrl' located by '//*[@id = 'resourceUrl' and @type = 'text']' not found
	at com.kms.katalon.core.webui.common.WebUiCommonHelper.findWebElement(WebUiCommonHelper.java:1368)
	at com.kms.katalon.core.webui.keyword.internal.WebUIAbstractKeyword.findWebElement(WebUIAbstractKeyword.groovy:27)
	at com.kms.katalon.core.webui.keyword.internal.WebUIAbstractKeyword.findWebElement(WebUIAbstractKeyword.groovy:26)
	at com.kms.katalon.core.webui.keyword.builtin.SetTextKeyword$_setText_closure1.doCall(SetTextKeyword.groovy:51)
	at com.kms.katalon.core.webui.keyword.builtin.SetTextKeyword$_setText_closure1.call(SetTextKeyword.groovy)
	at com.kms.katalon.core.webui.keyword.internal.WebUIKeywordMain.runKeyword(WebUIKeywordMain.groovy:20)
	at com.kms.katalon.core.webui.keyword.builtin.SetTextKeyword.setText(SetTextKeyword.groovy:66)
	at com.kms.katalon.core.webui.keyword.builtin.SetTextKeyword.execute(SetTextKeyword.groovy:37)
	at com.kms.katalon.core.keyword.internal.KeywordExecutor.executeKeywordForPlatform(KeywordExecutor.groovy:73)
	at com.kms.katalon.core.webui.keyword.WebUiBuiltInKeywords.setText(WebUiBuiltInKeywords.groovy:979)
	at com.kms.katalon.core.webui.keyword.WebUiBuiltInKeywords$setText$22.call(Unknown Source)
	at Script1609194777899.run(Script1609194777899.groovy:66)
	... 13 more
)
[[ATTACHMENT|/Users/elsylitsonlambert/git/tcCreateQA/Reports/20210503_084823/Test Suite1- Regression/20210503_084823/1620047117757.png]]

2021-05-03 09:05:18 - [TEST_STEP][FAILED] - click(findTestObject("Object Repository/Page_tC Create/Add new resource objects/button_Add_Resource Path")): Unable to click on object 'Object Repository/Page_tC Create/Add new resource objects/button_Add_Resource Path' (Root cause: com.kms.katalon.core.exception.StepFailedException: Unable to click on object 'Object Repository/Page_tC Create/Add new resource objects/button_Add_Resource Path'
	at com.kms.katalon.core.webui.keyword.internal.WebUIKeywordMain.stepFailed(WebUIKeywordMain.groovy:64)
	at com.kms.katalon.core.webui.keyword.internal.WebUIKeywordMain.runKeyword(WebUIKeywordMain.groovy:26)
	at com.kms.katalon.core.webui.keyword.builtin.ClickKeyword.click(ClickKeyword.groovy:75)
	at com.kms.katalon.core.webui.keyword.builtin.ClickKeyword.execute(ClickKeyword.groovy:42)
	at com.kms.katalon.core.keyword.internal.KeywordExecutor.executeKeywordForPlatform(KeywordExecutor.groovy:73)
	at com.kms.katalon.core.webui.keyword.WebUiBuiltInKeywords.click(WebUiBuiltInKeywords.groovy:619)
	at com.kms.katalon.core.webui.keyword.WebUiBuiltInKeywords$click$3.call(Unknown Source)
	at tN_Add New Resource.run(tN_Add New Resource:70)
	at com.kms.katalon.core.main.ScriptEngine.run(ScriptEngine.java:194)
	at com.kms.katalon.core.main.ScriptEngine.runScriptAsRawText(ScriptEngine.java:119)
	at com.kms.katalon.core.main.TestCaseExecutor.runScript(TestCaseExecutor.java:398)
	at com.kms.katalon.core.main.TestCaseExecutor.doExecute(TestCaseExecutor.java:389)
	at com.kms.katalon.core.main.TestCaseExecutor.processExecutionPhase(TestCaseExecutor.java:368)
	at com.kms.katalon.core.main.TestCaseExecutor.accessMainPhase(TestCaseExecutor.java:360)
	at com.kms.katalon.core.main.TestCaseExecutor.execute(TestCaseExecutor.java:255)
	at com.kms.katalon.core.main.TestSuiteExecutor.accessTestCaseMainPhase(TestSuiteExecutor.java:203)
	at com.kms.katalon.core.main.TestSuiteExecutor.accessTestSuiteMainPhase(TestSuiteExecutor.java:152)
	at com.kms.katalon.core.main.TestSuiteExecutor.execute(TestSuiteExecutor.java:95)
	at com.kms.katalon.core.main.TestCaseMain.startTestSuite(TestCaseMain.java:157)
	at com.kms.katalon.core.main.TestCaseMain$startTestSuite$0.call(Unknown Source)
	at TempTestSuite1620046103825.run(TempTestSuite1620046103825.groovy:39)
Caused by: com.kms.katalon.core.webui.exception.WebElementNotFoundException: Web element with id: 'Object Repository/Page_tC Create/Add new resource objects/button_Add_Resource Path' located by '//*[@type = 'button' and @aria-label = 'Add Resource']' not found
	at com.kms.katalon.core.webui.common.WebUiCommonHelper.findWebElement(WebUiCommonHelper.java:1368)
	at com.kms.katalon.core.webui.keyword.internal.WebUIAbstractKeyword.findWebElement(WebUIAbstractKeyword.groovy:27)
	at com.kms.katalon.core.webui.keyword.internal.WebUIAbstractKeyword.findWebElement(WebUIAbstractKeyword.groovy:26)
	at com.kms.katalon.core.webui.keyword.builtin.ClickKeyword$_click_closure1.doCall(ClickKeyword.groovy:66)
	at com.kms.katalon.core.webui.keyword.builtin.ClickKeyword$_click_closure1.call(ClickKeyword.groovy)
	at com.kms.katalon.core.webui.keyword.internal.WebUIKeywordMain.runKeyword(WebUIKeywordMain.groovy:20)
	at com.kms.katalon.core.webui.keyword.builtin.ClickKeyword.click(ClickKeyword.groovy:75)
	at com.kms.katalon.core.webui.keyword.builtin.ClickKeyword.execute(ClickKeyword.groovy:42)
	at com.kms.katalon.core.keyword.internal.KeywordExecutor.executeKeywordForPlatform(KeywordExecutor.groovy:73)
	at com.kms.katalon.core.webui.keyword.WebUiBuiltInKeywords.click(WebUiBuiltInKeywords.groovy:619)
	at com.kms.katalon.core.webui.keyword.WebUiBuiltInKeywords$click$3.call(Unknown Source)
	at Script1609194777899.run(Script1609194777899.groovy:70)
	... 13 more
)

2021-05-03 09:05:49 - [MESSAGE][INFO] - Unable to find the element located by 'By.xpath: //*[@type = 'button' and @aria-label = 'Add Resource']'. Please recheck the objects properties to make sure the desired element is located. 

2021-05-03 09:05:49 - [MESSAGE][FAILED] - Unable to click on object 'Object Repository/Page_tC Create/Add new resource objects/button_Add_Resource Path' (Root cause: com.kms.katalon.core.exception.StepFailedException: Unable to click on object 'Object Repository/Page_tC Create/Add new resource objects/button_Add_Resource Path'
	at com.kms.katalon.core.webui.keyword.internal.WebUIKeywordMain.stepFailed(WebUIKeywordMain.groovy:64)
	at com.kms.katalon.core.webui.keyword.internal.WebUIKeywordMain.runKeyword(WebUIKeywordMain.groovy:26)
	at com.kms.katalon.core.webui.keyword.builtin.ClickKeyword.click(ClickKeyword.groovy:75)
	at com.kms.katalon.core.webui.keyword.builtin.ClickKeyword.execute(ClickKeyword.groovy:42)
	at com.kms.katalon.core.keyword.internal.KeywordExecutor.executeKeywordForPlatform(KeywordExecutor.groovy:73)
	at com.kms.katalon.core.webui.keyword.WebUiBuiltInKeywords.click(WebUiBuiltInKeywords.groovy:619)
	at com.kms.katalon.core.webui.keyword.WebUiBuiltInKeywords$click$3.call(Unknown Source)
	at tN_Add New Resource.run(tN_Add New Resource:70)
	at com.kms.katalon.core.main.ScriptEngine.run(ScriptEngine.java:194)
	at com.kms.katalon.core.main.ScriptEngine.runScriptAsRawText(ScriptEngine.java:119)
	at com.kms.katalon.core.main.TestCaseExecutor.runScript(TestCaseExecutor.java:398)
	at com.kms.katalon.core.main.TestCaseExecutor.doExecute(TestCaseExecutor.java:389)
	at com.kms.katalon.core.main.TestCaseExecutor.processExecutionPhase(TestCaseExecutor.java:368)
	at com.kms.katalon.core.main.TestCaseExecutor.accessMainPhase(TestCaseExecutor.java:360)
	at com.kms.katalon.core.main.TestCaseExecutor.execute(TestCaseExecutor.java:255)
	at com.kms.katalon.core.main.TestSuiteExecutor.accessTestCaseMainPhase(TestSuiteExecutor.java:203)
	at com.kms.katalon.core.main.TestSuiteExecutor.accessTestSuiteMainPhase(TestSuiteExecutor.java:152)
	at com.kms.katalon.core.main.TestSuiteExecutor.execute(TestSuiteExecutor.java:95)
	at com.kms.katalon.core.main.TestCaseMain.startTestSuite(TestCaseMain.java:157)
	at com.kms.katalon.core.main.TestCaseMain$startTestSuite$0.call(Unknown Source)
	at TempTestSuite1620046103825.run(TempTestSuite1620046103825.groovy:39)
Caused by: com.kms.katalon.core.webui.exception.WebElementNotFoundException: Web element with id: 'Object Repository/Page_tC Create/Add new resource objects/button_Add_Resource Path' located by '//*[@type = 'button' and @aria-label = 'Add Resource']' not found
	at com.kms.katalon.core.webui.common.WebUiCommonHelper.findWebElement(WebUiCommonHelper.java:1368)
	at com.kms.katalon.core.webui.keyword.internal.WebUIAbstractKeyword.findWebElement(WebUIAbstractKeyword.groovy:27)
	at com.kms.katalon.core.webui.keyword.internal.WebUIAbstractKeyword.findWebElement(WebUIAbstractKeyword.groovy:26)
	at com.kms.katalon.core.webui.keyword.builtin.ClickKeyword$_click_closure1.doCall(ClickKeyword.groovy:66)
	at com.kms.katalon.core.webui.keyword.builtin.ClickKeyword$_click_closure1.call(ClickKeyword.groovy)
	at com.kms.katalon.core.webui.keyword.internal.WebUIKeywordMain.runKeyword(WebUIKeywordMain.groovy:20)
	at com.kms.katalon.core.webui.keyword.builtin.ClickKeyword.click(ClickKeyword.groovy:75)
	at com.kms.katalon.core.webui.keyword.builtin.ClickKeyword.execute(ClickKeyword.groovy:42)
	at com.kms.katalon.core.keyword.internal.KeywordExecutor.executeKeywordForPlatform(KeywordExecutor.groovy:73)
	at com.kms.katalon.core.webui.keyword.WebUiBuiltInKeywords.click(WebUiBuiltInKeywords.groovy:619)
	at com.kms.katalon.core.webui.keyword.WebUiBuiltInKeywords$click$3.call(Unknown Source)
	at Script1609194777899.run(Script1609194777899.groovy:70)
	... 13 more
)
[[ATTACHMENT|/Users/elsylitsonlambert/git/tcCreateQA/Reports/20210503_084823/Test Suite1- Regression/20210503_084823/1620047149333.png]]

2021-05-03 09:05:49 - [TEST_STEP][FAILED] - if (verifyElementChecked(findTestObject("Object Repository/Page_tC Create/Add new resource objects/input_unfoldingWord Simplified Textv14_jss5689"), 1)): Unable to verify object 'Object Repository/Page_tC Create/Add new resource objects/input_unfoldingWord Simplified Textv14_jss5689' is checked (Root cause: com.kms.katalon.core.exception.StepFailedException: Unable to verify object 'Object Repository/Page_tC Create/Add new resource objects/input_unfoldingWord Simplified Textv14_jss5689' is checked
	at com.kms.katalon.core.webui.keyword.internal.WebUIKeywordMain.stepFailed(WebUIKeywordMain.groovy:64)
	at com.kms.katalon.core.webui.keyword.internal.WebUIKeywordMain.runKeyword(WebUIKeywordMain.groovy:26)
	at com.kms.katalon.core.webui.keyword.builtin.VerifyElementCheckedKeyword.verifyElementChecked(VerifyElementCheckedKeyword.groovy:92)
	at com.kms.katalon.core.webui.keyword.builtin.VerifyElementCheckedKeyword.execute(VerifyElementCheckedKeyword.groovy:68)
	at com.kms.katalon.core.keyword.internal.KeywordExecutor.executeKeywordForPlatform(KeywordExecutor.groovy:73)
	at com.kms.katalon.core.webui.keyword.WebUiBuiltInKeywords.verifyElementChecked(WebUiBuiltInKeywords.groovy:1396)
	at com.kms.katalon.core.webui.keyword.WebUiBuiltInKeywords$verifyElementChecked$25.call(Unknown Source)
	at tN_Add New Resource.run(tN_Add New Resource:73)
	at com.kms.katalon.core.main.ScriptEngine.run(ScriptEngine.java:194)
	at com.kms.katalon.core.main.ScriptEngine.runScriptAsRawText(ScriptEngine.java:119)
	at com.kms.katalon.core.main.TestCaseExecutor.runScript(TestCaseExecutor.java:398)
	at com.kms.katalon.core.main.TestCaseExecutor.doExecute(TestCaseExecutor.java:389)
	at com.kms.katalon.core.main.TestCaseExecutor.processExecutionPhase(TestCaseExecutor.java:368)
	at com.kms.katalon.core.main.TestCaseExecutor.accessMainPhase(TestCaseExecutor.java:360)
	at com.kms.katalon.core.main.TestCaseExecutor.execute(TestCaseExecutor.java:255)
	at com.kms.katalon.core.main.TestSuiteExecutor.accessTestCaseMainPhase(TestSuiteExecutor.java:203)
	at com.kms.katalon.core.main.TestSuiteExecutor.accessTestSuiteMainPhase(TestSuiteExecutor.java:152)
	at com.kms.katalon.core.main.TestSuiteExecutor.execute(TestSuiteExecutor.java:95)
	at com.kms.katalon.core.main.TestCaseMain.startTestSuite(TestCaseMain.java:157)
	at com.kms.katalon.core.main.TestCaseMain$startTestSuite$0.call(Unknown Source)
	at TempTestSuite1620046103825.run(TempTestSuite1620046103825.groovy:39)
Caused by: com.kms.katalon.core.webui.exception.WebElementNotFoundException: Web element with id: 'Object Repository/Page_tC Create/Add new resource objects/input_unfoldingWord Simplified Textv14_jss5689' located by '(//input[@value=''])[4]' not found
	at com.kms.katalon.core.webui.common.WebUiCommonHelper.findWebElement(WebUiCommonHelper.java:1368)
	at com.kms.katalon.core.webui.keyword.internal.WebUIAbstractKeyword.findWebElement(WebUIAbstractKeyword.groovy:27)
	at com.kms.katalon.core.webui.keyword.builtin.VerifyElementCheckedKeyword$_verifyElementChecked_closure1.doCall(VerifyElementCheckedKeyword.groovy:78)
	at com.kms.katalon.core.webui.keyword.builtin.VerifyElementCheckedKeyword$_verifyElementChecked_closure1.call(VerifyElementCheckedKeyword.groovy)
	at com.kms.katalon.core.webui.keyword.internal.WebUIKeywordMain.runKeyword(WebUIKeywordMain.groovy:20)
	at com.kms.katalon.core.webui.keyword.builtin.VerifyElementCheckedKeyword.verifyElementChecked(VerifyElementCheckedKeyword.groovy:92)
	at com.kms.katalon.core.webui.keyword.builtin.VerifyElementCheckedKeyword.execute(VerifyElementCheckedKeyword.groovy:68)
	at com.kms.katalon.core.keyword.internal.KeywordExecutor.executeKeywordForPlatform(KeywordExecutor.groovy:73)
	at com.kms.katalon.core.webui.keyword.WebUiBuiltInKeywords.verifyElementChecked(WebUiBuiltInKeywords.groovy:1396)
	at com.kms.katalon.core.webui.keyword.WebUiBuiltInKeywords$verifyElementChecked$25.call(Unknown Source)
	at Script1609194777899.run(Script1609194777899.groovy:73)
	... 13 more
)

2021-05-03 09:05:51 - [MESSAGE][INFO] - Unable to find the element located by 'By.xpath: (//input[@value=''])[4]'. Please recheck the objects properties to make sure the desired element is located. 

2021-05-03 09:05:52 - [MESSAGE][FAILED] - Unable to verify object 'Object Repository/Page_tC Create/Add new resource objects/input_unfoldingWord Simplified Textv14_jss5689' is checked (Root cause: com.kms.katalon.core.exception.StepFailedException: Unable to verify object 'Object Repository/Page_tC Create/Add new resource objects/input_unfoldingWord Simplified Textv14_jss5689' is checked
	at com.kms.katalon.core.webui.keyword.internal.WebUIKeywordMain.stepFailed(WebUIKeywordMain.groovy:64)
	at com.kms.katalon.core.webui.keyword.internal.WebUIKeywordMain.runKeyword(WebUIKeywordMain.groovy:26)
	at com.kms.katalon.core.webui.keyword.builtin.VerifyElementCheckedKeyword.verifyElementChecked(VerifyElementCheckedKeyword.groovy:92)
	at com.kms.katalon.core.webui.keyword.builtin.VerifyElementCheckedKeyword.execute(VerifyElementCheckedKeyword.groovy:68)
	at com.kms.katalon.core.keyword.internal.KeywordExecutor.executeKeywordForPlatform(KeywordExecutor.groovy:73)
	at com.kms.katalon.core.webui.keyword.WebUiBuiltInKeywords.verifyElementChecked(WebUiBuiltInKeywords.groovy:1396)
	at com.kms.katalon.core.webui.keyword.WebUiBuiltInKeywords$verifyElementChecked$25.call(Unknown Source)
	at tN_Add New Resource.run(tN_Add New Resource:73)
	at com.kms.katalon.core.main.ScriptEngine.run(ScriptEngine.java:194)
	at com.kms.katalon.core.main.ScriptEngine.runScriptAsRawText(ScriptEngine.java:119)
	at com.kms.katalon.core.main.TestCaseExecutor.runScript(TestCaseExecutor.java:398)
	at com.kms.katalon.core.main.TestCaseExecutor.doExecute(TestCaseExecutor.java:389)
	at com.kms.katalon.core.main.TestCaseExecutor.processExecutionPhase(TestCaseExecutor.java:368)
	at com.kms.katalon.core.main.TestCaseExecutor.accessMainPhase(TestCaseExecutor.java:360)
	at com.kms.katalon.core.main.TestCaseExecutor.execute(TestCaseExecutor.java:255)
	at com.kms.katalon.core.main.TestSuiteExecutor.accessTestCaseMainPhase(TestSuiteExecutor.java:203)
	at com.kms.katalon.core.main.TestSuiteExecutor.accessTestSuiteMainPhase(TestSuiteExecutor.java:152)
	at com.kms.katalon.core.main.TestSuiteExecutor.execute(TestSuiteExecutor.java:95)
	at com.kms.katalon.core.main.TestCaseMain.startTestSuite(TestCaseMain.java:157)
	at com.kms.katalon.core.main.TestCaseMain$startTestSuite$0.call(Unknown Source)
	at TempTestSuite1620046103825.run(TempTestSuite1620046103825.groovy:39)
Caused by: com.kms.katalon.core.webui.exception.WebElementNotFoundException: Web element with id: 'Object Repository/Page_tC Create/Add new resource objects/input_unfoldingWord Simplified Textv14_jss5689' located by '(//input[@value=''])[4]' not found
	at com.kms.katalon.core.webui.common.WebUiCommonHelper.findWebElement(WebUiCommonHelper.java:1368)
	at com.kms.katalon.core.webui.keyword.internal.WebUIAbstractKeyword.findWebElement(WebUIAbstractKeyword.groovy:27)
	at com.kms.katalon.core.webui.keyword.builtin.VerifyElementCheckedKeyword$_verifyElementChecked_closure1.doCall(VerifyElementCheckedKeyword.groovy:78)
	at com.kms.katalon.core.webui.keyword.builtin.VerifyElementCheckedKeyword$_verifyElementChecked_closure1.call(VerifyElementCheckedKeyword.groovy)
	at com.kms.katalon.core.webui.keyword.internal.WebUIKeywordMain.runKeyword(WebUIKeywordMain.groovy:20)
	at com.kms.katalon.core.webui.keyword.builtin.VerifyElementCheckedKeyword.verifyElementChecked(VerifyElementCheckedKeyword.groovy:92)
	at com.kms.katalon.core.webui.keyword.builtin.VerifyElementCheckedKeyword.execute(VerifyElementCheckedKeyword.groovy:68)
	at com.kms.katalon.core.keyword.internal.KeywordExecutor.executeKeywordForPlatform(KeywordExecutor.groovy:73)
	at com.kms.katalon.core.webui.keyword.WebUiBuiltInKeywords.verifyElementChecked(WebUiBuiltInKeywords.groovy:1396)
	at com.kms.katalon.core.webui.keyword.WebUiBuiltInKeywords$verifyElementChecked$25.call(Unknown Source)
	at Script1609194777899.run(Script1609194777899.groovy:73)
	... 13 more
)
[[ATTACHMENT|/Users/elsylitsonlambert/git/tcCreateQA/Reports/20210503_084823/Test Suite1- Regression/20210503_084823/1620047151742.png]]

2021-05-03 09:05:52 - [TEST_STEP][PASSED] - else: Resource unchecked

2021-05-03 09:05:52 - [TEST_STEP][PASSED] - logInfo("Resource unchecked"): Resource unchecked

2021-05-03 09:05:52 - [MESSAGE][INFO] - Resource unchecked

2021-05-03 09:05:52 - [TEST_STEP][FAILED] - click(findTestObject("Object Repository/Page_tC Create/Add new resource objects/button_Manage Versions")): Unable to click on object 'Object Repository/Page_tC Create/Add new resource objects/button_Manage Versions' (Root cause: com.kms.katalon.core.exception.StepFailedException: Unable to click on object 'Object Repository/Page_tC Create/Add new resource objects/button_Manage Versions'
	at com.kms.katalon.core.webui.keyword.internal.WebUIKeywordMain.stepFailed(WebUIKeywordMain.groovy:64)
	at com.kms.katalon.core.webui.keyword.internal.WebUIKeywordMain.runKeyword(WebUIKeywordMain.groovy:26)
	at com.kms.katalon.core.webui.keyword.builtin.ClickKeyword.click(ClickKeyword.groovy:75)
	at com.kms.katalon.core.webui.keyword.builtin.ClickKeyword.execute(ClickKeyword.groovy:42)
	at com.kms.katalon.core.keyword.internal.KeywordExecutor.executeKeywordForPlatform(KeywordExecutor.groovy:73)
	at com.kms.katalon.core.webui.keyword.WebUiBuiltInKeywords.click(WebUiBuiltInKeywords.groovy:619)
	at com.kms.katalon.core.webui.keyword.WebUiBuiltInKeywords$click$3.call(Unknown Source)
	at tN_Add New Resource.run(tN_Add New Resource:103)
	at com.kms.katalon.core.main.ScriptEngine.run(ScriptEngine.java:194)
	at com.kms.katalon.core.main.ScriptEngine.runScriptAsRawText(ScriptEngine.java:119)
	at com.kms.katalon.core.main.TestCaseExecutor.runScript(TestCaseExecutor.java:398)
	at com.kms.katalon.core.main.TestCaseExecutor.doExecute(TestCaseExecutor.java:389)
	at com.kms.katalon.core.main.TestCaseExecutor.processExecutionPhase(TestCaseExecutor.java:368)
	at com.kms.katalon.core.main.TestCaseExecutor.accessMainPhase(TestCaseExecutor.java:360)
	at com.kms.katalon.core.main.TestCaseExecutor.execute(TestCaseExecutor.java:255)
	at com.kms.katalon.core.main.TestSuiteExecutor.accessTestCaseMainPhase(TestSuiteExecutor.java:203)
	at com.kms.katalon.core.main.TestSuiteExecutor.accessTestSuiteMainPhase(TestSuiteExecutor.java:152)
	at com.kms.katalon.core.main.TestSuiteExecutor.execute(TestSuiteExecutor.java:95)
	at com.kms.katalon.core.main.TestCaseMain.startTestSuite(TestCaseMain.java:157)
	at com.kms.katalon.core.main.TestCaseMain$startTestSuite$0.call(Unknown Source)
	at TempTestSuite1620046103825.run(TempTestSuite1620046103825.groovy:39)
Caused by: com.kms.katalon.core.webui.exception.WebElementNotFoundException: Web element with id: 'Object Repository/Page_tC Create/Add new resource objects/button_Manage Versions' located by '//*[@type = 'button' and @aria-label = 'Manage Versions']' not found
	at com.kms.katalon.core.webui.common.WebUiCommonHelper.findWebElement(WebUiCommonHelper.java:1368)
	at com.kms.katalon.core.webui.keyword.internal.WebUIAbstractKeyword.findWebElement(WebUIAbstractKeyword.groovy:27)
	at com.kms.katalon.core.webui.keyword.internal.WebUIAbstractKeyword.findWebElement(WebUIAbstractKeyword.groovy:26)
	at com.kms.katalon.core.webui.keyword.builtin.ClickKeyword$_click_closure1.doCall(ClickKeyword.groovy:66)
	at com.kms.katalon.core.webui.keyword.builtin.ClickKeyword$_click_closure1.call(ClickKeyword.groovy)
	at com.kms.katalon.core.webui.keyword.internal.WebUIKeywordMain.runKeyword(WebUIKeywordMain.groovy:20)
	at com.kms.katalon.core.webui.keyword.builtin.ClickKeyword.click(ClickKeyword.groovy:75)
	at com.kms.katalon.core.webui.keyword.builtin.ClickKeyword.execute(ClickKeyword.groovy:42)
	at com.kms.katalon.core.keyword.internal.KeywordExecutor.executeKeywordForPlatform(KeywordExecutor.groovy:73)
	at com.kms.katalon.core.webui.keyword.WebUiBuiltInKeywords.click(WebUiBuiltInKeywords.groovy:619)
	at com.kms.katalon.core.webui.keyword.WebUiBuiltInKeywords$click$3.call(Unknown Source)
	at Script1609194777899.run(Script1609194777899.groovy:103)
	... 13 more
)

2021-05-03 09:06:23 - [MESSAGE][INFO] - Unable to find the element located by 'By.xpath: //*[@type = 'button' and @aria-label = 'Manage Versions']'. Please recheck the objects properties to make sure the desired element is located. 

2021-05-03 09:06:23 - [MESSAGE][FAILED] - Unable to click on object 'Object Repository/Page_tC Create/Add new resource objects/button_Manage Versions' (Root cause: com.kms.katalon.core.exception.StepFailedException: Unable to click on object 'Object Repository/Page_tC Create/Add new resource objects/button_Manage Versions'
	at com.kms.katalon.core.webui.keyword.internal.WebUIKeywordMain.stepFailed(WebUIKeywordMain.groovy:64)
	at com.kms.katalon.core.webui.keyword.internal.WebUIKeywordMain.runKeyword(WebUIKeywordMain.groovy:26)
	at com.kms.katalon.core.webui.keyword.builtin.ClickKeyword.click(ClickKeyword.groovy:75)
	at com.kms.katalon.core.webui.keyword.builtin.ClickKeyword.execute(ClickKeyword.groovy:42)
	at com.kms.katalon.core.keyword.internal.KeywordExecutor.executeKeywordForPlatform(KeywordExecutor.groovy:73)
	at com.kms.katalon.core.webui.keyword.WebUiBuiltInKeywords.click(WebUiBuiltInKeywords.groovy:619)
	at com.kms.katalon.core.webui.keyword.WebUiBuiltInKeywords$click$3.call(Unknown Source)
	at tN_Add New Resource.run(tN_Add New Resource:103)
	at com.kms.katalon.core.main.ScriptEngine.run(ScriptEngine.java:194)
	at com.kms.katalon.core.main.ScriptEngine.runScriptAsRawText(ScriptEngine.java:119)
	at com.kms.katalon.core.main.TestCaseExecutor.runScript(TestCaseExecutor.java:398)
	at com.kms.katalon.core.main.TestCaseExecutor.doExecute(TestCaseExecutor.java:389)
	at com.kms.katalon.core.main.TestCaseExecutor.processExecutionPhase(TestCaseExecutor.java:368)
	at com.kms.katalon.core.main.TestCaseExecutor.accessMainPhase(TestCaseExecutor.java:360)
	at com.kms.katalon.core.main.TestCaseExecutor.execute(TestCaseExecutor.java:255)
	at com.kms.katalon.core.main.TestSuiteExecutor.accessTestCaseMainPhase(TestSuiteExecutor.java:203)
	at com.kms.katalon.core.main.TestSuiteExecutor.accessTestSuiteMainPhase(TestSuiteExecutor.java:152)
	at com.kms.katalon.core.main.TestSuiteExecutor.execute(TestSuiteExecutor.java:95)
	at com.kms.katalon.core.main.TestCaseMain.startTestSuite(TestCaseMain.java:157)
	at com.kms.katalon.core.main.TestCaseMain$startTestSuite$0.call(Unknown Source)
	at TempTestSuite1620046103825.run(TempTestSuite1620046103825.groovy:39)
Caused by: com.kms.katalon.core.webui.exception.WebElementNotFoundException: Web element with id: 'Object Repository/Page_tC Create/Add new resource objects/button_Manage Versions' located by '//*[@type = 'button' and @aria-label = 'Manage Versions']' not found
	at com.kms.katalon.core.webui.common.WebUiCommonHelper.findWebElement(WebUiCommonHelper.java:1368)
	at com.kms.katalon.core.webui.keyword.internal.WebUIAbstractKeyword.findWebElement(WebUIAbstractKeyword.groovy:27)
	at com.kms.katalon.core.webui.keyword.internal.WebUIAbstractKeyword.findWebElement(WebUIAbstractKeyword.groovy:26)
	at com.kms.katalon.core.webui.keyword.builtin.ClickKeyword$_click_closure1.doCall(ClickKeyword.groovy:66)
	at com.kms.katalon.core.webui.keyword.builtin.ClickKeyword$_click_closure1.call(ClickKeyword.groovy)
	at com.kms.katalon.core.webui.keyword.internal.WebUIKeywordMain.runKeyword(WebUIKeywordMain.groovy:20)
	at com.kms.katalon.core.webui.keyword.builtin.ClickKeyword.click(ClickKeyword.groovy:75)
	at com.kms.katalon.core.webui.keyword.builtin.ClickKeyword.execute(ClickKeyword.groovy:42)
	at com.kms.katalon.core.keyword.internal.KeywordExecutor.executeKeywordForPlatform(KeywordExecutor.groovy:73)
	at com.kms.katalon.core.webui.keyword.WebUiBuiltInKeywords.click(WebUiBuiltInKeywords.groovy:619)
	at com.kms.katalon.core.webui.keyword.WebUiBuiltInKeywords$click$3.call(Unknown Source)
	at Script1609194777899.run(Script1609194777899.groovy:103)
	... 13 more
)
[[ATTACHMENT|/Users/elsylitsonlambert/git/tcCreateQA/Reports/20210503_084823/Test Suite1- Regression/20210503_084823/1620047183206.png]]

2021-05-03 09:06:23 - [TEST_STEP][FAILED] - click(findTestObject("Page_tC Create/Add new resource objects/input_Resource Path_resourceUrl")): Unable to click on object 'Object Repository/Page_tC Create/Add new resource objects/input_Resource Path_resourceUrl' (Root cause: com.kms.katalon.core.exception.StepFailedException: Unable to click on object 'Object Repository/Page_tC Create/Add new resource objects/input_Resource Path_resourceUrl'
	at com.kms.katalon.core.webui.keyword.internal.WebUIKeywordMain.stepFailed(WebUIKeywordMain.groovy:64)
	at com.kms.katalon.core.webui.keyword.internal.WebUIKeywordMain.runKeyword(WebUIKeywordMain.groovy:26)
	at com.kms.katalon.core.webui.keyword.builtin.ClickKeyword.click(ClickKeyword.groovy:75)
	at com.kms.katalon.core.webui.keyword.builtin.ClickKeyword.execute(ClickKeyword.groovy:42)
	at com.kms.katalon.core.keyword.internal.KeywordExecutor.executeKeywordForPlatform(KeywordExecutor.groovy:73)
	at com.kms.katalon.core.webui.keyword.WebUiBuiltInKeywords.click(WebUiBuiltInKeywords.groovy:619)
	at com.kms.katalon.core.webui.keyword.WebUiBuiltInKeywords$click$3.call(Unknown Source)
	at tN_Add New Resource.run(tN_Add New Resource:105)
	at com.kms.katalon.core.main.ScriptEngine.run(ScriptEngine.java:194)
	at com.kms.katalon.core.main.ScriptEngine.runScriptAsRawText(ScriptEngine.java:119)
	at com.kms.katalon.core.main.TestCaseExecutor.runScript(TestCaseExecutor.java:398)
	at com.kms.katalon.core.main.TestCaseExecutor.doExecute(TestCaseExecutor.java:389)
	at com.kms.katalon.core.main.TestCaseExecutor.processExecutionPhase(TestCaseExecutor.java:368)
	at com.kms.katalon.core.main.TestCaseExecutor.accessMainPhase(TestCaseExecutor.java:360)
	at com.kms.katalon.core.main.TestCaseExecutor.execute(TestCaseExecutor.java:255)
	at com.kms.katalon.core.main.TestSuiteExecutor.accessTestCaseMainPhase(TestSuiteExecutor.java:203)
	at com.kms.katalon.core.main.TestSuiteExecutor.accessTestSuiteMainPhase(TestSuiteExecutor.java:152)
	at com.kms.katalon.core.main.TestSuiteExecutor.execute(TestSuiteExecutor.java:95)
	at com.kms.katalon.core.main.TestCaseMain.startTestSuite(TestCaseMain.java:157)
	at com.kms.katalon.core.main.TestCaseMain$startTestSuite$0.call(Unknown Source)
	at TempTestSuite1620046103825.run(TempTestSuite1620046103825.groovy:39)
Caused by: com.kms.katalon.core.webui.exception.WebElementNotFoundException: Web element with id: 'Object Repository/Page_tC Create/Add new resource objects/input_Resource Path_resourceUrl' located by '//*[@id = 'resourceUrl' and @type = 'text']' not found
	at com.kms.katalon.core.webui.common.WebUiCommonHelper.findWebElement(WebUiCommonHelper.java:1368)
	at com.kms.katalon.core.webui.keyword.internal.WebUIAbstractKeyword.findWebElement(WebUIAbstractKeyword.groovy:27)
	at com.kms.katalon.core.webui.keyword.internal.WebUIAbstractKeyword.findWebElement(WebUIAbstractKeyword.groovy:26)
	at com.kms.katalon.core.webui.keyword.builtin.ClickKeyword$_click_closure1.doCall(ClickKeyword.groovy:66)
	at com.kms.katalon.core.webui.keyword.builtin.ClickKeyword$_click_closure1.call(ClickKeyword.groovy)
	at com.kms.katalon.core.webui.keyword.internal.WebUIKeywordMain.runKeyword(WebUIKeywordMain.groovy:20)
	at com.kms.katalon.core.webui.keyword.builtin.ClickKeyword.click(ClickKeyword.groovy:75)
	at com.kms.katalon.core.webui.keyword.builtin.ClickKeyword.execute(ClickKeyword.groovy:42)
	at com.kms.katalon.core.keyword.internal.KeywordExecutor.executeKeywordForPlatform(KeywordExecutor.groovy:73)
	at com.kms.katalon.core.webui.keyword.WebUiBuiltInKeywords.click(WebUiBuiltInKeywords.groovy:619)
	at com.kms.katalon.core.webui.keyword.WebUiBuiltInKeywords$click$3.call(Unknown Source)
	at Script1609194777899.run(Script1609194777899.groovy:105)
	... 13 more
)

2021-05-03 09:06:54 - [MESSAGE][INFO] - Unable to find the element located by 'By.xpath: //*[@id = 'resourceUrl' and @type = 'text']'. Please recheck the objects properties to make sure the desired element is located. 

2021-05-03 09:06:55 - [MESSAGE][FAILED] - Unable to click on object 'Object Repository/Page_tC Create/Add new resource objects/input_Resource Path_resourceUrl' (Root cause: com.kms.katalon.core.exception.StepFailedException: Unable to click on object 'Object Repository/Page_tC Create/Add new resource objects/input_Resource Path_resourceUrl'
	at com.kms.katalon.core.webui.keyword.internal.WebUIKeywordMain.stepFailed(WebUIKeywordMain.groovy:64)
	at com.kms.katalon.core.webui.keyword.internal.WebUIKeywordMain.runKeyword(WebUIKeywordMain.groovy:26)
	at com.kms.katalon.core.webui.keyword.builtin.ClickKeyword.click(ClickKeyword.groovy:75)
	at com.kms.katalon.core.webui.keyword.builtin.ClickKeyword.execute(ClickKeyword.groovy:42)
	at com.kms.katalon.core.keyword.internal.KeywordExecutor.executeKeywordForPlatform(KeywordExecutor.groovy:73)
	at com.kms.katalon.core.webui.keyword.WebUiBuiltInKeywords.click(WebUiBuiltInKeywords.groovy:619)
	at com.kms.katalon.core.webui.keyword.WebUiBuiltInKeywords$click$3.call(Unknown Source)
	at tN_Add New Resource.run(tN_Add New Resource:105)
	at com.kms.katalon.core.main.ScriptEngine.run(ScriptEngine.java:194)
	at com.kms.katalon.core.main.ScriptEngine.runScriptAsRawText(ScriptEngine.java:119)
	at com.kms.katalon.core.main.TestCaseExecutor.runScript(TestCaseExecutor.java:398)
	at com.kms.katalon.core.main.TestCaseExecutor.doExecute(TestCaseExecutor.java:389)
	at com.kms.katalon.core.main.TestCaseExecutor.processExecutionPhase(TestCaseExecutor.java:368)
	at com.kms.katalon.core.main.TestCaseExecutor.accessMainPhase(TestCaseExecutor.java:360)
	at com.kms.katalon.core.main.TestCaseExecutor.execute(TestCaseExecutor.java:255)
	at com.kms.katalon.core.main.TestSuiteExecutor.accessTestCaseMainPhase(TestSuiteExecutor.java:203)
	at com.kms.katalon.core.main.TestSuiteExecutor.accessTestSuiteMainPhase(TestSuiteExecutor.java:152)
	at com.kms.katalon.core.main.TestSuiteExecutor.execute(TestSuiteExecutor.java:95)
	at com.kms.katalon.core.main.TestCaseMain.startTestSuite(TestCaseMain.java:157)
	at com.kms.katalon.core.main.TestCaseMain$startTestSuite$0.call(Unknown Source)
	at TempTestSuite1620046103825.run(TempTestSuite1620046103825.groovy:39)
Caused by: com.kms.katalon.core.webui.exception.WebElementNotFoundException: Web element with id: 'Object Repository/Page_tC Create/Add new resource objects/input_Resource Path_resourceUrl' located by '//*[@id = 'resourceUrl' and @type = 'text']' not found
	at com.kms.katalon.core.webui.common.WebUiCommonHelper.findWebElement(WebUiCommonHelper.java:1368)
	at com.kms.katalon.core.webui.keyword.internal.WebUIAbstractKeyword.findWebElement(WebUIAbstractKeyword.groovy:27)
	at com.kms.katalon.core.webui.keyword.internal.WebUIAbstractKeyword.findWebElement(WebUIAbstractKeyword.groovy:26)
	at com.kms.katalon.core.webui.keyword.builtin.ClickKeyword$_click_closure1.doCall(ClickKeyword.groovy:66)
	at com.kms.katalon.core.webui.keyword.builtin.ClickKeyword$_click_closure1.call(ClickKeyword.groovy)
	at com.kms.katalon.core.webui.keyword.internal.WebUIKeywordMain.runKeyword(WebUIKeywordMain.groovy:20)
	at com.kms.katalon.core.webui.keyword.builtin.ClickKeyword.click(ClickKeyword.groovy:75)
	at com.kms.katalon.core.webui.keyword.builtin.ClickKeyword.execute(ClickKeyword.groovy:42)
	at com.kms.katalon.core.keyword.internal.KeywordExecutor.executeKeywordForPlatform(KeywordExecutor.groovy:73)
	at com.kms.katalon.core.webui.keyword.WebUiBuiltInKeywords.click(WebUiBuiltInKeywords.groovy:619)
	at com.kms.katalon.core.webui.keyword.WebUiBuiltInKeywords$click$3.call(Unknown Source)
	at Script1609194777899.run(Script1609194777899.groovy:105)
	... 13 more
)
[[ATTACHMENT|/Users/elsylitsonlambert/git/tcCreateQA/Reports/20210503_084823/Test Suite1- Regression/20210503_084823/1620047214709.png]]

2021-05-03 09:06:55 - [TEST_STEP][FAILED] - setText(findTestObject("Page_tC Create/Add new resource objects/input_Resource Path_resourceUrl"), "https://git.door43.org/ru_gl/ru_rlob"): Unable to set text 'https://git.door43.org/ru_gl/ru_rlob' of object 'Object Repository/Page_tC Create/Add new resource objects/input_Resource Path_resourceUrl' (Root cause: com.kms.katalon.core.exception.StepFailedException: Unable to set text 'https://git.door43.org/ru_gl/ru_rlob' of object 'Object Repository/Page_tC Create/Add new resource objects/input_Resource Path_resourceUrl'
	at com.kms.katalon.core.webui.keyword.internal.WebUIKeywordMain.stepFailed(WebUIKeywordMain.groovy:64)
	at com.kms.katalon.core.webui.keyword.internal.WebUIKeywordMain.runKeyword(WebUIKeywordMain.groovy:26)
	at com.kms.katalon.core.webui.keyword.builtin.SetTextKeyword.setText(SetTextKeyword.groovy:66)
	at com.kms.katalon.core.webui.keyword.builtin.SetTextKeyword.execute(SetTextKeyword.groovy:37)
	at com.kms.katalon.core.keyword.internal.KeywordExecutor.executeKeywordForPlatform(KeywordExecutor.groovy:73)
	at com.kms.katalon.core.webui.keyword.WebUiBuiltInKeywords.setText(WebUiBuiltInKeywords.groovy:979)
	at com.kms.katalon.core.webui.keyword.WebUiBuiltInKeywords$setText$22.call(Unknown Source)
	at tN_Add New Resource.run(tN_Add New Resource:107)
	at com.kms.katalon.core.main.ScriptEngine.run(ScriptEngine.java:194)
	at com.kms.katalon.core.main.ScriptEngine.runScriptAsRawText(ScriptEngine.java:119)
	at com.kms.katalon.core.main.TestCaseExecutor.runScript(TestCaseExecutor.java:398)
	at com.kms.katalon.core.main.TestCaseExecutor.doExecute(TestCaseExecutor.java:389)
	at com.kms.katalon.core.main.TestCaseExecutor.processExecutionPhase(TestCaseExecutor.java:368)
	at com.kms.katalon.core.main.TestCaseExecutor.accessMainPhase(TestCaseExecutor.java:360)
	at com.kms.katalon.core.main.TestCaseExecutor.execute(TestCaseExecutor.java:255)
	at com.kms.katalon.core.main.TestSuiteExecutor.accessTestCaseMainPhase(TestSuiteExecutor.java:203)
	at com.kms.katalon.core.main.TestSuiteExecutor.accessTestSuiteMainPhase(TestSuiteExecutor.java:152)
	at com.kms.katalon.core.main.TestSuiteExecutor.execute(TestSuiteExecutor.java:95)
	at com.kms.katalon.core.main.TestCaseMain.startTestSuite(TestCaseMain.java:157)
	at com.kms.katalon.core.main.TestCaseMain$startTestSuite$0.call(Unknown Source)
	at TempTestSuite1620046103825.run(TempTestSuite1620046103825.groovy:39)
Caused by: com.kms.katalon.core.webui.exception.WebElementNotFoundException: Web element with id: 'Object Repository/Page_tC Create/Add new resource objects/input_Resource Path_resourceUrl' located by '//*[@id = 'resourceUrl' and @type = 'text']' not found
	at com.kms.katalon.core.webui.common.WebUiCommonHelper.findWebElement(WebUiCommonHelper.java:1368)
	at com.kms.katalon.core.webui.keyword.internal.WebUIAbstractKeyword.findWebElement(WebUIAbstractKeyword.groovy:27)
	at com.kms.katalon.core.webui.keyword.internal.WebUIAbstractKeyword.findWebElement(WebUIAbstractKeyword.groovy:26)
	at com.kms.katalon.core.webui.keyword.builtin.SetTextKeyword$_setText_closure1.doCall(SetTextKeyword.groovy:51)
	at com.kms.katalon.core.webui.keyword.builtin.SetTextKeyword$_setText_closure1.call(SetTextKeyword.groovy)
	at com.kms.katalon.core.webui.keyword.internal.WebUIKeywordMain.runKeyword(WebUIKeywordMain.groovy:20)
	at com.kms.katalon.core.webui.keyword.builtin.SetTextKeyword.setText(SetTextKeyword.groovy:66)
	at com.kms.katalon.core.webui.keyword.builtin.SetTextKeyword.execute(SetTextKeyword.groovy:37)
	at com.kms.katalon.core.keyword.internal.KeywordExecutor.executeKeywordForPlatform(KeywordExecutor.groovy:73)
	at com.kms.katalon.core.webui.keyword.WebUiBuiltInKeywords.setText(WebUiBuiltInKeywords.groovy:979)
	at com.kms.katalon.core.webui.keyword.WebUiBuiltInKeywords$setText$22.call(Unknown Source)
	at Script1609194777899.run(Script1609194777899.groovy:107)
	... 13 more
)

2021-05-03 09:07:26 - [MESSAGE][INFO] - Unable to find the element located by 'By.xpath: //*[@id = 'resourceUrl' and @type = 'text']'. Please recheck the objects properties to make sure the desired element is located. 

2021-05-03 09:07:26 - [MESSAGE][FAILED] - Unable to set text 'https://git.door43.org/ru_gl/ru_rlob' of object 'Object Repository/Page_tC Create/Add new resource objects/input_Resource Path_resourceUrl' (Root cause: com.kms.katalon.core.exception.StepFailedException: Unable to set text 'https://git.door43.org/ru_gl/ru_rlob' of object 'Object Repository/Page_tC Create/Add new resource objects/input_Resource Path_resourceUrl'
	at com.kms.katalon.core.webui.keyword.internal.WebUIKeywordMain.stepFailed(WebUIKeywordMain.groovy:64)
	at com.kms.katalon.core.webui.keyword.internal.WebUIKeywordMain.runKeyword(WebUIKeywordMain.groovy:26)
	at com.kms.katalon.core.webui.keyword.builtin.SetTextKeyword.setText(SetTextKeyword.groovy:66)
	at com.kms.katalon.core.webui.keyword.builtin.SetTextKeyword.execute(SetTextKeyword.groovy:37)
	at com.kms.katalon.core.keyword.internal.KeywordExecutor.executeKeywordForPlatform(KeywordExecutor.groovy:73)
	at com.kms.katalon.core.webui.keyword.WebUiBuiltInKeywords.setText(WebUiBuiltInKeywords.groovy:979)
	at com.kms.katalon.core.webui.keyword.WebUiBuiltInKeywords$setText$22.call(Unknown Source)
	at tN_Add New Resource.run(tN_Add New Resource:107)
	at com.kms.katalon.core.main.ScriptEngine.run(ScriptEngine.java:194)
	at com.kms.katalon.core.main.ScriptEngine.runScriptAsRawText(ScriptEngine.java:119)
	at com.kms.katalon.core.main.TestCaseExecutor.runScript(TestCaseExecutor.java:398)
	at com.kms.katalon.core.main.TestCaseExecutor.doExecute(TestCaseExecutor.java:389)
	at com.kms.katalon.core.main.TestCaseExecutor.processExecutionPhase(TestCaseExecutor.java:368)
	at com.kms.katalon.core.main.TestCaseExecutor.accessMainPhase(TestCaseExecutor.java:360)
	at com.kms.katalon.core.main.TestCaseExecutor.execute(TestCaseExecutor.java:255)
	at com.kms.katalon.core.main.TestSuiteExecutor.accessTestCaseMainPhase(TestSuiteExecutor.java:203)
	at com.kms.katalon.core.main.TestSuiteExecutor.accessTestSuiteMainPhase(TestSuiteExecutor.java:152)
	at com.kms.katalon.core.main.TestSuiteExecutor.execute(TestSuiteExecutor.java:95)
	at com.kms.katalon.core.main.TestCaseMain.startTestSuite(TestCaseMain.java:157)
	at com.kms.katalon.core.main.TestCaseMain$startTestSuite$0.call(Unknown Source)
	at TempTestSuite1620046103825.run(TempTestSuite1620046103825.groovy:39)
Caused by: com.kms.katalon.core.webui.exception.WebElementNotFoundException: Web element with id: 'Object Repository/Page_tC Create/Add new resource objects/input_Resource Path_resourceUrl' located by '//*[@id = 'resourceUrl' and @type = 'text']' not found
	at com.kms.katalon.core.webui.common.WebUiCommonHelper.findWebElement(WebUiCommonHelper.java:1368)
	at com.kms.katalon.core.webui.keyword.internal.WebUIAbstractKeyword.findWebElement(WebUIAbstractKeyword.groovy:27)
	at com.kms.katalon.core.webui.keyword.internal.WebUIAbstractKeyword.findWebElement(WebUIAbstractKeyword.groovy:26)
	at com.kms.katalon.core.webui.keyword.builtin.SetTextKeyword$_setText_closure1.doCall(SetTextKeyword.groovy:51)
	at com.kms.katalon.core.webui.keyword.builtin.SetTextKeyword$_setText_closure1.call(SetTextKeyword.groovy)
	at com.kms.katalon.core.webui.keyword.internal.WebUIKeywordMain.runKeyword(WebUIKeywordMain.groovy:20)
	at com.kms.katalon.core.webui.keyword.builtin.SetTextKeyword.setText(SetTextKeyword.groovy:66)
	at com.kms.katalon.core.webui.keyword.builtin.SetTextKeyword.execute(SetTextKeyword.groovy:37)
	at com.kms.katalon.core.keyword.internal.KeywordExecutor.executeKeywordForPlatform(KeywordExecutor.groovy:73)
	at com.kms.katalon.core.webui.keyword.WebUiBuiltInKeywords.setText(WebUiBuiltInKeywords.groovy:979)
	at com.kms.katalon.core.webui.keyword.WebUiBuiltInKeywords$setText$22.call(Unknown Source)
	at Script1609194777899.run(Script1609194777899.groovy:107)
	... 13 more
)
[[ATTACHMENT|/Users/elsylitsonlambert/git/tcCreateQA/Reports/20210503_084823/Test Suite1- Regression/20210503_084823/1620047246340.png]]

2021-05-03 09:07:26 - [TEST_STEP][FAILED] - click(findTestObject("Object Repository/Page_tC Create/Add new resource objects/button_Add_Resource Path")): Unable to click on object 'Object Repository/Page_tC Create/Add new resource objects/button_Add_Resource Path' (Root cause: com.kms.katalon.core.exception.StepFailedException: Unable to click on object 'Object Repository/Page_tC Create/Add new resource objects/button_Add_Resource Path'
	at com.kms.katalon.core.webui.keyword.internal.WebUIKeywordMain.stepFailed(WebUIKeywordMain.groovy:64)
	at com.kms.katalon.core.webui.keyword.internal.WebUIKeywordMain.runKeyword(WebUIKeywordMain.groovy:26)
	at com.kms.katalon.core.webui.keyword.builtin.ClickKeyword.click(ClickKeyword.groovy:75)
	at com.kms.katalon.core.webui.keyword.builtin.ClickKeyword.execute(ClickKeyword.groovy:42)
	at com.kms.katalon.core.keyword.internal.KeywordExecutor.executeKeywordForPlatform(KeywordExecutor.groovy:73)
	at com.kms.katalon.core.webui.keyword.WebUiBuiltInKeywords.click(WebUiBuiltInKeywords.groovy:619)
	at com.kms.katalon.core.webui.keyword.WebUiBuiltInKeywords$click$3.call(Unknown Source)
	at tN_Add New Resource.run(tN_Add New Resource:111)
	at com.kms.katalon.core.main.ScriptEngine.run(ScriptEngine.java:194)
	at com.kms.katalon.core.main.ScriptEngine.runScriptAsRawText(ScriptEngine.java:119)
	at com.kms.katalon.core.main.TestCaseExecutor.runScript(TestCaseExecutor.java:398)
	at com.kms.katalon.core.main.TestCaseExecutor.doExecute(TestCaseExecutor.java:389)
	at com.kms.katalon.core.main.TestCaseExecutor.processExecutionPhase(TestCaseExecutor.java:368)
	at com.kms.katalon.core.main.TestCaseExecutor.accessMainPhase(TestCaseExecutor.java:360)
	at com.kms.katalon.core.main.TestCaseExecutor.execute(TestCaseExecutor.java:255)
	at com.kms.katalon.core.main.TestSuiteExecutor.accessTestCaseMainPhase(TestSuiteExecutor.java:203)
	at com.kms.katalon.core.main.TestSuiteExecutor.accessTestSuiteMainPhase(TestSuiteExecutor.java:152)
	at com.kms.katalon.core.main.TestSuiteExecutor.execute(TestSuiteExecutor.java:95)
	at com.kms.katalon.core.main.TestCaseMain.startTestSuite(TestCaseMain.java:157)
	at com.kms.katalon.core.main.TestCaseMain$startTestSuite$0.call(Unknown Source)
	at TempTestSuite1620046103825.run(TempTestSuite1620046103825.groovy:39)
Caused by: com.kms.katalon.core.webui.exception.WebElementNotFoundException: Web element with id: 'Object Repository/Page_tC Create/Add new resource objects/button_Add_Resource Path' located by '//*[@type = 'button' and @aria-label = 'Add Resource']' not found
	at com.kms.katalon.core.webui.common.WebUiCommonHelper.findWebElement(WebUiCommonHelper.java:1368)
	at com.kms.katalon.core.webui.keyword.internal.WebUIAbstractKeyword.findWebElement(WebUIAbstractKeyword.groovy:27)
	at com.kms.katalon.core.webui.keyword.internal.WebUIAbstractKeyword.findWebElement(WebUIAbstractKeyword.groovy:26)
	at com.kms.katalon.core.webui.keyword.builtin.ClickKeyword$_click_closure1.doCall(ClickKeyword.groovy:66)
	at com.kms.katalon.core.webui.keyword.builtin.ClickKeyword$_click_closure1.call(ClickKeyword.groovy)
	at com.kms.katalon.core.webui.keyword.internal.WebUIKeywordMain.runKeyword(WebUIKeywordMain.groovy:20)
	at com.kms.katalon.core.webui.keyword.builtin.ClickKeyword.click(ClickKeyword.groovy:75)
	at com.kms.katalon.core.webui.keyword.builtin.ClickKeyword.execute(ClickKeyword.groovy:42)
	at com.kms.katalon.core.keyword.internal.KeywordExecutor.executeKeywordForPlatform(KeywordExecutor.groovy:73)
	at com.kms.katalon.core.webui.keyword.WebUiBuiltInKeywords.click(WebUiBuiltInKeywords.groovy:619)
	at com.kms.katalon.core.webui.keyword.WebUiBuiltInKeywords$click$3.call(Unknown Source)
	at Script1609194777899.run(Script1609194777899.groovy:111)
	... 13 more
)

2021-05-03 09:07:58 - [MESSAGE][INFO] - Unable to find the element located by 'By.xpath: //*[@type = 'button' and @aria-label = 'Add Resource']'. Please recheck the objects properties to make sure the desired element is located. 

2021-05-03 09:07:58 - [MESSAGE][FAILED] - Unable to click on object 'Object Repository/Page_tC Create/Add new resource objects/button_Add_Resource Path' (Root cause: com.kms.katalon.core.exception.StepFailedException: Unable to click on object 'Object Repository/Page_tC Create/Add new resource objects/button_Add_Resource Path'
	at com.kms.katalon.core.webui.keyword.internal.WebUIKeywordMain.stepFailed(WebUIKeywordMain.groovy:64)
	at com.kms.katalon.core.webui.keyword.internal.WebUIKeywordMain.runKeyword(WebUIKeywordMain.groovy:26)
	at com.kms.katalon.core.webui.keyword.builtin.ClickKeyword.click(ClickKeyword.groovy:75)
	at com.kms.katalon.core.webui.keyword.builtin.ClickKeyword.execute(ClickKeyword.groovy:42)
	at com.kms.katalon.core.keyword.internal.KeywordExecutor.executeKeywordForPlatform(KeywordExecutor.groovy:73)
	at com.kms.katalon.core.webui.keyword.WebUiBuiltInKeywords.click(WebUiBuiltInKeywords.groovy:619)
	at com.kms.katalon.core.webui.keyword.WebUiBuiltInKeywords$click$3.call(Unknown Source)
	at tN_Add New Resource.run(tN_Add New Resource:111)
	at com.kms.katalon.core.main.ScriptEngine.run(ScriptEngine.java:194)
	at com.kms.katalon.core.main.ScriptEngine.runScriptAsRawText(ScriptEngine.java:119)
	at com.kms.katalon.core.main.TestCaseExecutor.runScript(TestCaseExecutor.java:398)
	at com.kms.katalon.core.main.TestCaseExecutor.doExecute(TestCaseExecutor.java:389)
	at com.kms.katalon.core.main.TestCaseExecutor.processExecutionPhase(TestCaseExecutor.java:368)
	at com.kms.katalon.core.main.TestCaseExecutor.accessMainPhase(TestCaseExecutor.java:360)
	at com.kms.katalon.core.main.TestCaseExecutor.execute(TestCaseExecutor.java:255)
	at com.kms.katalon.core.main.TestSuiteExecutor.accessTestCaseMainPhase(TestSuiteExecutor.java:203)
	at com.kms.katalon.core.main.TestSuiteExecutor.accessTestSuiteMainPhase(TestSuiteExecutor.java:152)
	at com.kms.katalon.core.main.TestSuiteExecutor.execute(TestSuiteExecutor.java:95)
	at com.kms.katalon.core.main.TestCaseMain.startTestSuite(TestCaseMain.java:157)
	at com.kms.katalon.core.main.TestCaseMain$startTestSuite$0.call(Unknown Source)
	at TempTestSuite1620046103825.run(TempTestSuite1620046103825.groovy:39)
Caused by: com.kms.katalon.core.webui.exception.WebElementNotFoundException: Web element with id: 'Object Repository/Page_tC Create/Add new resource objects/button_Add_Resource Path' located by '//*[@type = 'button' and @aria-label = 'Add Resource']' not found
	at com.kms.katalon.core.webui.common.WebUiCommonHelper.findWebElement(WebUiCommonHelper.java:1368)
	at com.kms.katalon.core.webui.keyword.internal.WebUIAbstractKeyword.findWebElement(WebUIAbstractKeyword.groovy:27)
	at com.kms.katalon.core.webui.keyword.internal.WebUIAbstractKeyword.findWebElement(WebUIAbstractKeyword.groovy:26)
	at com.kms.katalon.core.webui.keyword.builtin.ClickKeyword$_click_closure1.doCall(ClickKeyword.groovy:66)
	at com.kms.katalon.core.webui.keyword.builtin.ClickKeyword$_click_closure1.call(ClickKeyword.groovy)
	at com.kms.katalon.core.webui.keyword.internal.WebUIKeywordMain.runKeyword(WebUIKeywordMain.groovy:20)
	at com.kms.katalon.core.webui.keyword.builtin.ClickKeyword.click(ClickKeyword.groovy:75)
	at com.kms.katalon.core.webui.keyword.builtin.ClickKeyword.execute(ClickKeyword.groovy:42)
	at com.kms.katalon.core.keyword.internal.KeywordExecutor.executeKeywordForPlatform(KeywordExecutor.groovy:73)
	at com.kms.katalon.core.webui.keyword.WebUiBuiltInKeywords.click(WebUiBuiltInKeywords.groovy:619)
	at com.kms.katalon.core.webui.keyword.WebUiBuiltInKeywords$click$3.call(Unknown Source)
	at Script1609194777899.run(Script1609194777899.groovy:111)
	... 13 more
)
[[ATTACHMENT|/Users/elsylitsonlambert/git/tcCreateQA/Reports/20210503_084823/Test Suite1- Regression/20210503_084823/1620047278024.png]]

2021-05-03 09:07:58 - [TEST_STEP][FAILED] - if (verifyElementChecked(findTestObject("Object Repository/Page_tC Create/Add new resource objects/input_unfoldingWord Simplified Text-Russian check box"), 1)): Unable to verify object 'Object Repository/Page_tC Create/Add new resource objects/input_unfoldingWord Simplified Text-Russian check box' is checked (Root cause: com.kms.katalon.core.exception.StepFailedException: Unable to verify object 'Object Repository/Page_tC Create/Add new resource objects/input_unfoldingWord Simplified Text-Russian check box' is checked
	at com.kms.katalon.core.webui.keyword.internal.WebUIKeywordMain.stepFailed(WebUIKeywordMain.groovy:64)
	at com.kms.katalon.core.webui.keyword.internal.WebUIKeywordMain.runKeyword(WebUIKeywordMain.groovy:26)
	at com.kms.katalon.core.webui.keyword.builtin.VerifyElementCheckedKeyword.verifyElementChecked(VerifyElementCheckedKeyword.groovy:92)
	at com.kms.katalon.core.webui.keyword.builtin.VerifyElementCheckedKeyword.execute(VerifyElementCheckedKeyword.groovy:68)
	at com.kms.katalon.core.keyword.internal.KeywordExecutor.executeKeywordForPlatform(KeywordExecutor.groovy:73)
	at com.kms.katalon.core.webui.keyword.WebUiBuiltInKeywords.verifyElementChecked(WebUiBuiltInKeywords.groovy:1396)
	at com.kms.katalon.core.webui.keyword.WebUiBuiltInKeywords$verifyElementChecked$25.call(Unknown Source)
	at tN_Add New Resource.run(tN_Add New Resource:114)
	at com.kms.katalon.core.main.ScriptEngine.run(ScriptEngine.java:194)
	at com.kms.katalon.core.main.ScriptEngine.runScriptAsRawText(ScriptEngine.java:119)
	at com.kms.katalon.core.main.TestCaseExecutor.runScript(TestCaseExecutor.java:398)
	at com.kms.katalon.core.main.TestCaseExecutor.doExecute(TestCaseExecutor.java:389)
	at com.kms.katalon.core.main.TestCaseExecutor.processExecutionPhase(TestCaseExecutor.java:368)
	at com.kms.katalon.core.main.TestCaseExecutor.accessMainPhase(TestCaseExecutor.java:360)
	at com.kms.katalon.core.main.TestCaseExecutor.execute(TestCaseExecutor.java:255)
	at com.kms.katalon.core.main.TestSuiteExecutor.accessTestCaseMainPhase(TestSuiteExecutor.java:203)
	at com.kms.katalon.core.main.TestSuiteExecutor.accessTestSuiteMainPhase(TestSuiteExecutor.java:152)
	at com.kms.katalon.core.main.TestSuiteExecutor.execute(TestSuiteExecutor.java:95)
	at com.kms.katalon.core.main.TestCaseMain.startTestSuite(TestCaseMain.java:157)
	at com.kms.katalon.core.main.TestCaseMain$startTestSuite$0.call(Unknown Source)
	at TempTestSuite1620046103825.run(TempTestSuite1620046103825.groovy:39)
Caused by: com.kms.katalon.core.webui.exception.WebElementNotFoundException: Web element with id: 'Object Repository/Page_tC Create/Add new resource objects/input_unfoldingWord Simplified Text-Russian check box' located by '(//input[@value=''])[5]' not found
	at com.kms.katalon.core.webui.common.WebUiCommonHelper.findWebElement(WebUiCommonHelper.java:1368)
	at com.kms.katalon.core.webui.keyword.internal.WebUIAbstractKeyword.findWebElement(WebUIAbstractKeyword.groovy:27)
	at com.kms.katalon.core.webui.keyword.builtin.VerifyElementCheckedKeyword$_verifyElementChecked_closure1.doCall(VerifyElementCheckedKeyword.groovy:78)
	at com.kms.katalon.core.webui.keyword.builtin.VerifyElementCheckedKeyword$_verifyElementChecked_closure1.call(VerifyElementCheckedKeyword.groovy)
	at com.kms.katalon.core.webui.keyword.internal.WebUIKeywordMain.runKeyword(WebUIKeywordMain.groovy:20)
	at com.kms.katalon.core.webui.keyword.builtin.VerifyElementCheckedKeyword.verifyElementChecked(VerifyElementCheckedKeyword.groovy:92)
	at com.kms.katalon.core.webui.keyword.builtin.VerifyElementCheckedKeyword.execute(VerifyElementCheckedKeyword.groovy:68)
	at com.kms.katalon.core.keyword.internal.KeywordExecutor.executeKeywordForPlatform(KeywordExecutor.groovy:73)
	at com.kms.katalon.core.webui.keyword.WebUiBuiltInKeywords.verifyElementChecked(WebUiBuiltInKeywords.groovy:1396)
	at com.kms.katalon.core.webui.keyword.WebUiBuiltInKeywords$verifyElementChecked$25.call(Unknown Source)
	at Script1609194777899.run(Script1609194777899.groovy:114)
	... 13 more
)

2021-05-03 09:08:00 - [MESSAGE][INFO] - Unable to find the element located by 'By.xpath: (//input[@value=''])[5]'. Please recheck the objects properties to make sure the desired element is located. 

2021-05-03 09:08:01 - [MESSAGE][FAILED] - Unable to verify object 'Object Repository/Page_tC Create/Add new resource objects/input_unfoldingWord Simplified Text-Russian check box' is checked (Root cause: com.kms.katalon.core.exception.StepFailedException: Unable to verify object 'Object Repository/Page_tC Create/Add new resource objects/input_unfoldingWord Simplified Text-Russian check box' is checked
	at com.kms.katalon.core.webui.keyword.internal.WebUIKeywordMain.stepFailed(WebUIKeywordMain.groovy:64)
	at com.kms.katalon.core.webui.keyword.internal.WebUIKeywordMain.runKeyword(WebUIKeywordMain.groovy:26)
	at com.kms.katalon.core.webui.keyword.builtin.VerifyElementCheckedKeyword.verifyElementChecked(VerifyElementCheckedKeyword.groovy:92)
	at com.kms.katalon.core.webui.keyword.builtin.VerifyElementCheckedKeyword.execute(VerifyElementCheckedKeyword.groovy:68)
	at com.kms.katalon.core.keyword.internal.KeywordExecutor.executeKeywordForPlatform(KeywordExecutor.groovy:73)
	at com.kms.katalon.core.webui.keyword.WebUiBuiltInKeywords.verifyElementChecked(WebUiBuiltInKeywords.groovy:1396)
	at com.kms.katalon.core.webui.keyword.WebUiBuiltInKeywords$verifyElementChecked$25.call(Unknown Source)
	at tN_Add New Resource.run(tN_Add New Resource:114)
	at com.kms.katalon.core.main.ScriptEngine.run(ScriptEngine.java:194)
	at com.kms.katalon.core.main.ScriptEngine.runScriptAsRawText(ScriptEngine.java:119)
	at com.kms.katalon.core.main.TestCaseExecutor.runScript(TestCaseExecutor.java:398)
	at com.kms.katalon.core.main.TestCaseExecutor.doExecute(TestCaseExecutor.java:389)
	at com.kms.katalon.core.main.TestCaseExecutor.processExecutionPhase(TestCaseExecutor.java:368)
	at com.kms.katalon.core.main.TestCaseExecutor.accessMainPhase(TestCaseExecutor.java:360)
	at com.kms.katalon.core.main.TestCaseExecutor.execute(TestCaseExecutor.java:255)
	at com.kms.katalon.core.main.TestSuiteExecutor.accessTestCaseMainPhase(TestSuiteExecutor.java:203)
	at com.kms.katalon.core.main.TestSuiteExecutor.accessTestSuiteMainPhase(TestSuiteExecutor.java:152)
	at com.kms.katalon.core.main.TestSuiteExecutor.execute(TestSuiteExecutor.java:95)
	at com.kms.katalon.core.main.TestCaseMain.startTestSuite(TestCaseMain.java:157)
	at com.kms.katalon.core.main.TestCaseMain$startTestSuite$0.call(Unknown Source)
	at TempTestSuite1620046103825.run(TempTestSuite1620046103825.groovy:39)
Caused by: com.kms.katalon.core.webui.exception.WebElementNotFoundException: Web element with id: 'Object Repository/Page_tC Create/Add new resource objects/input_unfoldingWord Simplified Text-Russian check box' located by '(//input[@value=''])[5]' not found
	at com.kms.katalon.core.webui.common.WebUiCommonHelper.findWebElement(WebUiCommonHelper.java:1368)
	at com.kms.katalon.core.webui.keyword.internal.WebUIAbstractKeyword.findWebElement(WebUIAbstractKeyword.groovy:27)
	at com.kms.katalon.core.webui.keyword.builtin.VerifyElementCheckedKeyword$_verifyElementChecked_closure1.doCall(VerifyElementCheckedKeyword.groovy:78)
	at com.kms.katalon.core.webui.keyword.builtin.VerifyElementCheckedKeyword$_verifyElementChecked_closure1.call(VerifyElementCheckedKeyword.groovy)
	at com.kms.katalon.core.webui.keyword.internal.WebUIKeywordMain.runKeyword(WebUIKeywordMain.groovy:20)
	at com.kms.katalon.core.webui.keyword.builtin.VerifyElementCheckedKeyword.verifyElementChecked(VerifyElementCheckedKeyword.groovy:92)
	at com.kms.katalon.core.webui.keyword.builtin.VerifyElementCheckedKeyword.execute(VerifyElementCheckedKeyword.groovy:68)
	at com.kms.katalon.core.keyword.internal.KeywordExecutor.executeKeywordForPlatform(KeywordExecutor.groovy:73)
	at com.kms.katalon.core.webui.keyword.WebUiBuiltInKeywords.verifyElementChecked(WebUiBuiltInKeywords.groovy:1396)
	at com.kms.katalon.core.webui.keyword.WebUiBuiltInKeywords$verifyElementChecked$25.call(Unknown Source)
	at Script1609194777899.run(Script1609194777899.groovy:114)
	... 13 more
)
[[ATTACHMENT|/Users/elsylitsonlambert/git/tcCreateQA/Reports/20210503_084823/Test Suite1- Regression/20210503_084823/1620047280838.png]]

2021-05-03 09:08:01 - [TEST_STEP][PASSED] - else: Resource unchecked

2021-05-03 09:08:01 - [TEST_STEP][PASSED] - logInfo("Resource unchecked"): Resource unchecked

2021-05-03 09:08:01 - [MESSAGE][INFO] - Resource unchecked

2021-05-03 09:08:01 - [TEST_STEP][PASSED] - delay(2): Delayed 2 second(s)

2021-05-03 09:08:03 - [MESSAGE][PASSED] - Delayed 2 second(s)

2021-05-03 09:08:03 - [TEST_STEP][PASSED] - try: Object: 'Object Repository/Page_tC Create/Hamburger Menu Button' is clicked on

2021-05-03 09:08:03 - [TEST_STEP][PASSED] - click(findTestObject("Object Repository/Page_tC Create/Hamburger Menu Button"), STOP_ON_FAILURE): Object: 'Object Repository/Page_tC Create/Hamburger Menu Button' is clicked on

2021-05-03 09:08:04 - [MESSAGE][PASSED] - Object: 'Object Repository/Page_tC Create/Hamburger Menu Button' is clicked on

2021-05-03 09:08:04 - [TEST_STEP][FAILED] - click(findTestObject("Object Repository/Page_tC Create/Add new resource objects/span_en_tn_01-GEN.tsv")): Unable to click on object 'Object Repository/Page_tC Create/Add new resource objects/span_en_tn_01-GEN.tsv' (Root cause: com.kms.katalon.core.exception.StepFailedException: Unable to click on object 'Object Repository/Page_tC Create/Add new resource objects/span_en_tn_01-GEN.tsv'
	at com.kms.katalon.core.webui.keyword.internal.WebUIKeywordMain.stepFailed(WebUIKeywordMain.groovy:64)
	at com.kms.katalon.core.webui.keyword.internal.WebUIKeywordMain.runKeyword(WebUIKeywordMain.groovy:26)
	at com.kms.katalon.core.webui.keyword.builtin.ClickKeyword.click(ClickKeyword.groovy:75)
	at com.kms.katalon.core.webui.keyword.builtin.ClickKeyword.execute(ClickKeyword.groovy:42)
	at com.kms.katalon.core.keyword.internal.KeywordExecutor.executeKeywordForPlatform(KeywordExecutor.groovy:73)
	at com.kms.katalon.core.webui.keyword.WebUiBuiltInKeywords.click(WebUiBuiltInKeywords.groovy:619)
	at com.kms.katalon.core.webui.keyword.WebUiBuiltInKeywords$click$3.call(Unknown Source)
	at tN_Add New Resource.run(tN_Add New Resource:153)
	at com.kms.katalon.core.main.ScriptEngine.run(ScriptEngine.java:194)
	at com.kms.katalon.core.main.ScriptEngine.runScriptAsRawText(ScriptEngine.java:119)
	at com.kms.katalon.core.main.TestCaseExecutor.runScript(TestCaseExecutor.java:398)
	at com.kms.katalon.core.main.TestCaseExecutor.doExecute(TestCaseExecutor.java:389)
	at com.kms.katalon.core.main.TestCaseExecutor.processExecutionPhase(TestCaseExecutor.java:368)
	at com.kms.katalon.core.main.TestCaseExecutor.accessMainPhase(TestCaseExecutor.java:360)
	at com.kms.katalon.core.main.TestCaseExecutor.execute(TestCaseExecutor.java:255)
	at com.kms.katalon.core.main.TestSuiteExecutor.accessTestCaseMainPhase(TestSuiteExecutor.java:203)
	at com.kms.katalon.core.main.TestSuiteExecutor.accessTestSuiteMainPhase(TestSuiteExecutor.java:152)
	at com.kms.katalon.core.main.TestSuiteExecutor.execute(TestSuiteExecutor.java:95)
	at com.kms.katalon.core.main.TestCaseMain.startTestSuite(TestCaseMain.java:157)
	at com.kms.katalon.core.main.TestCaseMain$startTestSuite$0.call(Unknown Source)
	at TempTestSuite1620046103825.run(TempTestSuite1620046103825.groovy:39)
Caused by: com.kms.katalon.core.webui.exception.WebElementNotFoundException: Web element with id: 'Object Repository/Page_tC Create/Add new resource objects/span_en_tn_01-GEN.tsv' located by '//*[(text() = 'en_tn_01-GEN.tsv' or . = 'en_tn_01-GEN.tsv')]' not found
	at com.kms.katalon.core.webui.common.WebUiCommonHelper.findWebElement(WebUiCommonHelper.java:1368)
	at com.kms.katalon.core.webui.keyword.internal.WebUIAbstractKeyword.findWebElement(WebUIAbstractKeyword.groovy:27)
	at com.kms.katalon.core.webui.keyword.internal.WebUIAbstractKeyword.findWebElement(WebUIAbstractKeyword.groovy:26)
	at com.kms.katalon.core.webui.keyword.builtin.ClickKeyword$_click_closure1.doCall(ClickKeyword.groovy:66)
	at com.kms.katalon.core.webui.keyword.builtin.ClickKeyword$_click_closure1.call(ClickKeyword.groovy)
	at com.kms.katalon.core.webui.keyword.internal.WebUIKeywordMain.runKeyword(WebUIKeywordMain.groovy:20)
	at com.kms.katalon.core.webui.keyword.builtin.ClickKeyword.click(ClickKeyword.groovy:75)
	at com.kms.katalon.core.webui.keyword.builtin.ClickKeyword.execute(ClickKeyword.groovy:42)
	at com.kms.katalon.core.keyword.internal.KeywordExecutor.executeKeywordForPlatform(KeywordExecutor.groovy:73)
	at com.kms.katalon.core.webui.keyword.WebUiBuiltInKeywords.click(WebUiBuiltInKeywords.groovy:619)
	at com.kms.katalon.core.webui.keyword.WebUiBuiltInKeywords$click$3.call(Unknown Source)
	at Script1609194777899.run(Script1609194777899.groovy:153)
	... 13 more
)

2021-05-03 09:08:35 - [MESSAGE][INFO] - Unable to find the element located by 'By.xpath: //*[(text() = 'en_tn_01-GEN.tsv' or . = 'en_tn_01-GEN.tsv')]'. Please recheck the objects properties to make sure the desired element is located. 

2021-05-03 09:08:36 - [MESSAGE][FAILED] - Unable to click on object 'Object Repository/Page_tC Create/Add new resource objects/span_en_tn_01-GEN.tsv' (Root cause: com.kms.katalon.core.exception.StepFailedException: Unable to click on object 'Object Repository/Page_tC Create/Add new resource objects/span_en_tn_01-GEN.tsv'
	at com.kms.katalon.core.webui.keyword.internal.WebUIKeywordMain.stepFailed(WebUIKeywordMain.groovy:64)
	at com.kms.katalon.core.webui.keyword.internal.WebUIKeywordMain.runKeyword(WebUIKeywordMain.groovy:26)
	at com.kms.katalon.core.webui.keyword.builtin.ClickKeyword.click(ClickKeyword.groovy:75)
	at com.kms.katalon.core.webui.keyword.builtin.ClickKeyword.execute(ClickKeyword.groovy:42)
	at com.kms.katalon.core.keyword.internal.KeywordExecutor.executeKeywordForPlatform(KeywordExecutor.groovy:73)
	at com.kms.katalon.core.webui.keyword.WebUiBuiltInKeywords.click(WebUiBuiltInKeywords.groovy:619)
	at com.kms.katalon.core.webui.keyword.WebUiBuiltInKeywords$click$3.call(Unknown Source)
	at tN_Add New Resource.run(tN_Add New Resource:153)
	at com.kms.katalon.core.main.ScriptEngine.run(ScriptEngine.java:194)
	at com.kms.katalon.core.main.ScriptEngine.runScriptAsRawText(ScriptEngine.java:119)
	at com.kms.katalon.core.main.TestCaseExecutor.runScript(TestCaseExecutor.java:398)
	at com.kms.katalon.core.main.TestCaseExecutor.doExecute(TestCaseExecutor.java:389)
	at com.kms.katalon.core.main.TestCaseExecutor.processExecutionPhase(TestCaseExecutor.java:368)
	at com.kms.katalon.core.main.TestCaseExecutor.accessMainPhase(TestCaseExecutor.java:360)
	at com.kms.katalon.core.main.TestCaseExecutor.execute(TestCaseExecutor.java:255)
	at com.kms.katalon.core.main.TestSuiteExecutor.accessTestCaseMainPhase(TestSuiteExecutor.java:203)
	at com.kms.katalon.core.main.TestSuiteExecutor.accessTestSuiteMainPhase(TestSuiteExecutor.java:152)
	at com.kms.katalon.core.main.TestSuiteExecutor.execute(TestSuiteExecutor.java:95)
	at com.kms.katalon.core.main.TestCaseMain.startTestSuite(TestCaseMain.java:157)
	at com.kms.katalon.core.main.TestCaseMain$startTestSuite$0.call(Unknown Source)
	at TempTestSuite1620046103825.run(TempTestSuite1620046103825.groovy:39)
Caused by: com.kms.katalon.core.webui.exception.WebElementNotFoundException: Web element with id: 'Object Repository/Page_tC Create/Add new resource objects/span_en_tn_01-GEN.tsv' located by '//*[(text() = 'en_tn_01-GEN.tsv' or . = 'en_tn_01-GEN.tsv')]' not found
	at com.kms.katalon.core.webui.common.WebUiCommonHelper.findWebElement(WebUiCommonHelper.java:1368)
	at com.kms.katalon.core.webui.keyword.internal.WebUIAbstractKeyword.findWebElement(WebUIAbstractKeyword.groovy:27)
	at com.kms.katalon.core.webui.keyword.internal.WebUIAbstractKeyword.findWebElement(WebUIAbstractKeyword.groovy:26)
	at com.kms.katalon.core.webui.keyword.builtin.ClickKeyword$_click_closure1.doCall(ClickKeyword.groovy:66)
	at com.kms.katalon.core.webui.keyword.builtin.ClickKeyword$_click_closure1.call(ClickKeyword.groovy)
	at com.kms.katalon.core.webui.keyword.internal.WebUIKeywordMain.runKeyword(WebUIKeywordMain.groovy:20)
	at com.kms.katalon.core.webui.keyword.builtin.ClickKeyword.click(ClickKeyword.groovy:75)
	at com.kms.katalon.core.webui.keyword.builtin.ClickKeyword.execute(ClickKeyword.groovy:42)
	at com.kms.katalon.core.keyword.internal.KeywordExecutor.executeKeywordForPlatform(KeywordExecutor.groovy:73)
	at com.kms.katalon.core.webui.keyword.WebUiBuiltInKeywords.click(WebUiBuiltInKeywords.groovy:619)
	at com.kms.katalon.core.webui.keyword.WebUiBuiltInKeywords$click$3.call(Unknown Source)
	at Script1609194777899.run(Script1609194777899.groovy:153)
	... 13 more
)
[[ATTACHMENT|/Users/elsylitsonlambert/git/tcCreateQA/Reports/20210503_084823/Test Suite1- Regression/20210503_084823/1620047315860.png]]

2021-05-03 09:08:36 - [TEST_STEP][PASSED] - click(findTestObject("Object Repository/Page_tC Create/button_DrawerClose")): Object: 'Object Repository/Page_tC Create/button_DrawerClose' is clicked on

2021-05-03 09:08:37 - [MESSAGE][PASSED] - Object: 'Object Repository/Page_tC Create/button_DrawerClose' is clicked on

2021-05-03 09:08:37 - [TEST_STEP][PASSED] - delay(1): Delayed 1 second(s)

2021-05-03 09:08:38 - [MESSAGE][PASSED] - Delayed 1 second(s)

2021-05-03 09:08:38 - [TEST_STEP][FAILED] - if (verifyElementVisible(findTestObject("Object Repository/Page_tC Create/Add new resource objects/h6_GEN frontintro"), CONTINUE_ON_FAILURE)): Web element with id: 'Object Repository/Page_tC Create/Add new resource objects/h6_GEN frontintro' located by '//h6[(text() = 'GEN front:intro' or . = 'GEN front:intro')]' not found (Root cause: com.kms.katalon.core.exception.StepFailedException: Web element with id: 'Object Repository/Page_tC Create/Add new resource objects/h6_GEN frontintro' located by '//h6[(text() = 'GEN front:intro' or . = 'GEN front:intro')]' not found
	at com.kms.katalon.core.webui.keyword.internal.WebUIKeywordMain.stepFailed(WebUIKeywordMain.groovy:64)
	at com.kms.katalon.core.webui.keyword.builtin.VerifyElementVisibleKeyword$_verifyElementVisible_closure1.doCall(VerifyElementVisibleKeyword.groovy:89)
	at com.kms.katalon.core.webui.keyword.builtin.VerifyElementVisibleKeyword$_verifyElementVisible_closure1.call(VerifyElementVisibleKeyword.groovy)
	at com.kms.katalon.core.webui.keyword.internal.WebUIKeywordMain.runKeyword(WebUIKeywordMain.groovy:20)
	at com.kms.katalon.core.webui.keyword.builtin.VerifyElementVisibleKeyword.verifyElementVisible(VerifyElementVisibleKeyword.groovy:97)
	at com.kms.katalon.core.webui.keyword.builtin.VerifyElementVisibleKeyword.execute(VerifyElementVisibleKeyword.groovy:67)
	at com.kms.katalon.core.keyword.internal.KeywordExecutor.executeKeywordForPlatform(KeywordExecutor.groovy:73)
	at com.kms.katalon.core.webui.keyword.WebUiBuiltInKeywords.verifyElementVisible(WebUiBuiltInKeywords.groovy:361)
	at com.kms.katalon.core.webui.keyword.WebUiBuiltInKeywords$verifyElementVisible$15.call(Unknown Source)
	at tN_Add New Resource.run(tN_Add New Resource:157)
	at com.kms.katalon.core.main.ScriptEngine.run(ScriptEngine.java:194)
	at com.kms.katalon.core.main.ScriptEngine.runScriptAsRawText(ScriptEngine.java:119)
	at com.kms.katalon.core.main.TestCaseExecutor.runScript(TestCaseExecutor.java:398)
	at com.kms.katalon.core.main.TestCaseExecutor.doExecute(TestCaseExecutor.java:389)
	at com.kms.katalon.core.main.TestCaseExecutor.processExecutionPhase(TestCaseExecutor.java:368)
	at com.kms.katalon.core.main.TestCaseExecutor.accessMainPhase(TestCaseExecutor.java:360)
	at com.kms.katalon.core.main.TestCaseExecutor.execute(TestCaseExecutor.java:255)
	at com.kms.katalon.core.main.TestSuiteExecutor.accessTestCaseMainPhase(TestSuiteExecutor.java:203)
	at com.kms.katalon.core.main.TestSuiteExecutor.accessTestSuiteMainPhase(TestSuiteExecutor.java:152)
	at com.kms.katalon.core.main.TestSuiteExecutor.execute(TestSuiteExecutor.java:95)
	at com.kms.katalon.core.main.TestCaseMain.startTestSuite(TestCaseMain.java:157)
	at com.kms.katalon.core.main.TestCaseMain$startTestSuite$0.call(Unknown Source)
	at TempTestSuite1620046103825.run(TempTestSuite1620046103825.groovy:39)
)

2021-05-03 09:09:10 - [MESSAGE][INFO] - Unable to find the element located by 'By.xpath: //h6[(text() = 'GEN front:intro' or . = 'GEN front:intro')]'. Please recheck the objects properties to make sure the desired element is located. 

2021-05-03 09:09:10 - [MESSAGE][FAILED] - Web element with id: 'Object Repository/Page_tC Create/Add new resource objects/h6_GEN frontintro' located by '//h6[(text() = 'GEN front:intro' or . = 'GEN front:intro')]' not found (Root cause: com.kms.katalon.core.exception.StepFailedException: Web element with id: 'Object Repository/Page_tC Create/Add new resource objects/h6_GEN frontintro' located by '//h6[(text() = 'GEN front:intro' or . = 'GEN front:intro')]' not found
	at com.kms.katalon.core.webui.keyword.internal.WebUIKeywordMain.stepFailed(WebUIKeywordMain.groovy:64)
	at com.kms.katalon.core.webui.keyword.builtin.VerifyElementVisibleKeyword$_verifyElementVisible_closure1.doCall(VerifyElementVisibleKeyword.groovy:89)
	at com.kms.katalon.core.webui.keyword.builtin.VerifyElementVisibleKeyword$_verifyElementVisible_closure1.call(VerifyElementVisibleKeyword.groovy)
	at com.kms.katalon.core.webui.keyword.internal.WebUIKeywordMain.runKeyword(WebUIKeywordMain.groovy:20)
	at com.kms.katalon.core.webui.keyword.builtin.VerifyElementVisibleKeyword.verifyElementVisible(VerifyElementVisibleKeyword.groovy:97)
	at com.kms.katalon.core.webui.keyword.builtin.VerifyElementVisibleKeyword.execute(VerifyElementVisibleKeyword.groovy:67)
	at com.kms.katalon.core.keyword.internal.KeywordExecutor.executeKeywordForPlatform(KeywordExecutor.groovy:73)
	at com.kms.katalon.core.webui.keyword.WebUiBuiltInKeywords.verifyElementVisible(WebUiBuiltInKeywords.groovy:361)
	at com.kms.katalon.core.webui.keyword.WebUiBuiltInKeywords$verifyElementVisible$15.call(Unknown Source)
	at tN_Add New Resource.run(tN_Add New Resource:157)
	at com.kms.katalon.core.main.ScriptEngine.run(ScriptEngine.java:194)
	at com.kms.katalon.core.main.ScriptEngine.runScriptAsRawText(ScriptEngine.java:119)
	at com.kms.katalon.core.main.TestCaseExecutor.runScript(TestCaseExecutor.java:398)
	at com.kms.katalon.core.main.TestCaseExecutor.doExecute(TestCaseExecutor.java:389)
	at com.kms.katalon.core.main.TestCaseExecutor.processExecutionPhase(TestCaseExecutor.java:368)
	at com.kms.katalon.core.main.TestCaseExecutor.accessMainPhase(TestCaseExecutor.java:360)
	at com.kms.katalon.core.main.TestCaseExecutor.execute(TestCaseExecutor.java:255)
	at com.kms.katalon.core.main.TestSuiteExecutor.accessTestCaseMainPhase(TestSuiteExecutor.java:203)
	at com.kms.katalon.core.main.TestSuiteExecutor.accessTestSuiteMainPhase(TestSuiteExecutor.java:152)
	at com.kms.katalon.core.main.TestSuiteExecutor.execute(TestSuiteExecutor.java:95)
	at com.kms.katalon.core.main.TestCaseMain.startTestSuite(TestCaseMain.java:157)
	at com.kms.katalon.core.main.TestCaseMain$startTestSuite$0.call(Unknown Source)
	at TempTestSuite1620046103825.run(TempTestSuite1620046103825.groovy:39)
)
[[ATTACHMENT|/Users/elsylitsonlambert/git/tcCreateQA/Reports/20210503_084823/Test Suite1- Regression/20210503_084823/1620047350011.png]]

2021-05-03 09:09:10 - [TEST_STEP][PASSED] - else: Other Books which do not have the added resource crashed 

2021-05-03 09:09:10 - [TEST_STEP][PASSED] - logInfo("Other Books which do not have the added resource crashed "): Other Books which do not have the added resource crashed 

2021-05-03 09:09:10 - [MESSAGE][INFO] - Other Books which do not have the added resource crashed 

2021-05-03 09:09:10 - [TEST_STEP][PASSED] - closeBrowser(): Browser is closed

2021-05-03 09:09:10 - [MESSAGE][PASSED] - Browser is closed]]></system-out>
         <system-err><![CDATA[2021-05-03 09:01:03 - [TEST_CASE][FAILED] - Test Cases/tCC Test Cases/tN_Add New Resource: Test Cases/tCC Test Cases/tN_Add New Resource FAILED.
Reason:
com.kms.katalon.core.exception.StepFailedException: Unable to click on object 'Object Repository/Page_tC Create/Add new resource objects/span_en_tn_57-TIT.tsv' (Root cause: com.kms.katalon.core.exception.StepFailedException: Unable to click on object 'Object Repository/Page_tC Create/Add new resource objects/span_en_tn_57-TIT.tsv'
	at com.kms.katalon.core.webui.keyword.internal.WebUIKeywordMain.stepFailed(WebUIKeywordMain.groovy:64)
	at com.kms.katalon.core.webui.keyword.internal.WebUIKeywordMain.runKeyword(WebUIKeywordMain.groovy:26)
	at com.kms.katalon.core.webui.keyword.builtin.ClickKeyword.click(ClickKeyword.groovy:75)
	at com.kms.katalon.core.webui.keyword.builtin.ClickKeyword.execute(ClickKeyword.groovy:42)
	at com.kms.katalon.core.keyword.internal.KeywordExecutor.executeKeywordForPlatform(KeywordExecutor.groovy:73)
	at com.kms.katalon.core.webui.keyword.WebUiBuiltInKeywords.click(WebUiBuiltInKeywords.groovy:619)
	at com.kms.katalon.core.webui.keyword.WebUiBuiltInKeywords$click$3.call(Unknown Source)
	at tN_Add New Resource.run(tN_Add New Resource:40)
	at com.kms.katalon.core.main.ScriptEngine.run(ScriptEngine.java:194)
	at com.kms.katalon.core.main.ScriptEngine.runScriptAsRawText(ScriptEngine.java:119)
	at com.kms.katalon.core.main.TestCaseExecutor.runScript(TestCaseExecutor.java:398)
	at com.kms.katalon.core.main.TestCaseExecutor.doExecute(TestCaseExecutor.java:389)
	at com.kms.katalon.core.main.TestCaseExecutor.processExecutionPhase(TestCaseExecutor.java:368)
	at com.kms.katalon.core.main.TestCaseExecutor.accessMainPhase(TestCaseExecutor.java:360)
	at com.kms.katalon.core.main.TestCaseExecutor.execute(TestCaseExecutor.java:255)
	at com.kms.katalon.core.main.TestSuiteExecutor.accessTestCaseMainPhase(TestSuiteExecutor.java:203)
	at com.kms.katalon.core.main.TestSuiteExecutor.accessTestSuiteMainPhase(TestSuiteExecutor.java:152)
	at com.kms.katalon.core.main.TestSuiteExecutor.execute(TestSuiteExecutor.java:95)
	at com.kms.katalon.core.main.TestCaseMain.startTestSuite(TestCaseMain.java:157)
	at com.kms.katalon.core.main.TestCaseMain$startTestSuite$0.call(Unknown Source)
	at TempTestSuite1620046103825.run(TempTestSuite1620046103825.groovy:39)
Caused by: com.kms.katalon.core.webui.exception.WebElementNotFoundException: Web element with id: 'Object Repository/Page_tC Create/Add new resource objects/span_en_tn_57-TIT.tsv' located by '//*[(text() = 'en_tn_57-TIT.tsv' or . = 'en_tn_57-TIT.tsv')]' not found
	at com.kms.katalon.core.webui.common.WebUiCommonHelper.findWebElement(WebUiCommonHelper.java:1368)
	at com.kms.katalon.core.webui.keyword.internal.WebUIAbstractKeyword.findWebElement(WebUIAbstractKeyword.groovy:27)
	at com.kms.katalon.core.webui.keyword.internal.WebUIAbstractKeyword.findWebElement(WebUIAbstractKeyword.groovy:26)
	at com.kms.katalon.core.webui.keyword.builtin.ClickKeyword$_click_closure1.doCall(ClickKeyword.groovy:66)
	at com.kms.katalon.core.webui.keyword.builtin.ClickKeyword$_click_closure1.call(ClickKeyword.groovy)
	at com.kms.katalon.core.webui.keyword.internal.WebUIKeywordMain.runKeyword(WebUIKeywordMain.groovy:20)
	at com.kms.katalon.core.webui.keyword.builtin.ClickKeyword.click(ClickKeyword.groovy:75)
	at com.kms.katalon.core.webui.keyword.builtin.ClickKeyword.execute(ClickKeyword.groovy:42)
	at com.kms.katalon.core.keyword.internal.KeywordExecutor.executeKeywordForPlatform(KeywordExecutor.groovy:73)
	at com.kms.katalon.core.webui.keyword.WebUiBuiltInKeywords.click(WebUiBuiltInKeywords.groovy:619)
	at com.kms.katalon.core.webui.keyword.WebUiBuiltInKeywords$click$3.call(Unknown Source)
	at Script1609194777899.run(Script1609194777899.groovy:40)
	... 13 more
)
	at com.kms.katalon.core.keyword.internal.KeywordMain.stepFailed(KeywordMain.groovy:39)
	at com.kms.katalon.core.webui.keyword.internal.WebUIKeywordMain.stepFailed(WebUIKeywordMain.groovy:64)
	at com.kms.katalon.core.webui.keyword.internal.WebUIKeywordMain.runKeyword(WebUIKeywordMain.groovy:26)
	at com.kms.katalon.core.webui.keyword.builtin.ClickKeyword.click(ClickKeyword.groovy:75)
	at com.kms.katalon.core.webui.keyword.builtin.ClickKeyword.execute(ClickKeyword.groovy:42)
	at com.kms.katalon.core.keyword.internal.KeywordExecutor.executeKeywordForPlatform(KeywordExecutor.groovy:73)
	at com.kms.katalon.core.webui.keyword.WebUiBuiltInKeywords.click(WebUiBuiltInKeywords.groovy:619)
	at com.kms.katalon.core.webui.keyword.WebUiBuiltInKeywords$click$3.call(Unknown Source)
	at tN_Add New Resource.run(tN_Add New Resource:40)
	at com.kms.katalon.core.main.ScriptEngine.run(ScriptEngine.java:194)
	at com.kms.katalon.core.main.ScriptEngine.runScriptAsRawText(ScriptEngine.java:119)
	at com.kms.katalon.core.main.TestCaseExecutor.runScript(TestCaseExecutor.java:398)
	at com.kms.katalon.core.main.TestCaseExecutor.doExecute(TestCaseExecutor.java:389)
	at com.kms.katalon.core.main.TestCaseExecutor.processExecutionPhase(TestCaseExecutor.java:368)
	at com.kms.katalon.core.main.TestCaseExecutor.accessMainPhase(TestCaseExecutor.java:360)
	at com.kms.katalon.core.main.TestCaseExecutor.execute(TestCaseExecutor.java:255)
	at com.kms.katalon.core.main.TestSuiteExecutor.accessTestCaseMainPhase(TestSuiteExecutor.java:203)
	at com.kms.katalon.core.main.TestSuiteExecutor.accessTestSuiteMainPhase(TestSuiteExecutor.java:152)
	at com.kms.katalon.core.main.TestSuiteExecutor.execute(TestSuiteExecutor.java:95)
	at com.kms.katalon.core.main.TestCaseMain.startTestSuite(TestCaseMain.java:157)
	at com.kms.katalon.core.main.TestCaseMain$startTestSuite$0.call(Unknown Source)
	at TempTestSuite1620046103825.run(TempTestSuite1620046103825.groovy:39)
Caused by: com.kms.katalon.core.exception.StepFailedException: Unable to click on object 'Object Repository/Page_tC Create/Add new resource objects/span_en_tn_57-TIT.tsv'
	... 21 more
Caused by: com.kms.katalon.core.webui.exception.WebElementNotFoundException: Web element with id: 'Object Repository/Page_tC Create/Add new resource objects/span_en_tn_57-TIT.tsv' located by '//*[(text() = 'en_tn_57-TIT.tsv' or . = 'en_tn_57-TIT.tsv')]' not found
	at com.kms.katalon.core.webui.common.WebUiCommonHelper.findWebElement(WebUiCommonHelper.java:1368)
	at com.kms.katalon.core.webui.keyword.internal.WebUIAbstractKeyword.findWebElement(WebUIAbstractKeyword.groovy:27)
	at com.kms.katalon.core.webui.keyword.internal.WebUIAbstractKeyword.findWebElement(WebUIAbstractKeyword.groovy:26)
	at com.kms.katalon.core.webui.keyword.builtin.ClickKeyword$_click_closure1.doCall(ClickKeyword.groovy:66)
	at com.kms.katalon.core.webui.keyword.builtin.ClickKeyword$_click_closure1.call(ClickKeyword.groovy)
	at com.kms.katalon.core.webui.keyword.internal.WebUIKeywordMain.runKeyword(WebUIKeywordMain.groovy:20)
	... 19 more]]></system-err>
      </testcase>
      <testcase name="Test Cases/tCC Test Cases/tN_Tool Tips" time="34.68" classname="Test Cases/tCC Test Cases/tN_Tool Tips" status="PASSED">
         <system-out><![CDATA[2021-05-03 09:09:10 - [TEST_CASE][PASSED] - Test Cases/tCC Test Cases/tN_Tool Tips: Test Cases/tCC Test Cases/tN_Tool Tips

2021-05-03 09:09:10 - [TEST_STEP][PASSED] - com.tccreate.keywords.WriteToFile.writeTofilename("tN-ToolTips"): com.tccreate.keywords.WriteToFile.writeTofilename is PASSED

2021-05-03 09:09:10 - [MESSAGE][PASSED] - com.tccreate.keywords.WriteToFile.writeTofilename is PASSED

2021-05-03 09:09:10 - [TEST_STEP][PASSED] - com.helper.login.TimeDate.getTimeDate(): com.helper.login.TimeDate.getTimeDate is PASSED

2021-05-03 09:09:10 - [MESSAGE][INFO] - Time at which the test run:2021-05-03 09:09:10.634

2021-05-03 09:09:10 - [MESSAGE][PASSED] - com.helper.login.TimeDate.getTimeDate is PASSED

2021-05-03 09:09:10 - [TEST_STEP][PASSED] - com.helper.login.loginhelper.logintoapp(): com.helper.login.loginhelper.logintoapp is PASSED

2021-05-03 09:09:10 - [MESSAGE][INFO] - Starting 'Chrome' driver

2021-05-03 09:09:10 - [MESSAGE][INFO] - Action delay is set to 1,000 milliseconds

2021-05-03 09:09:11 - [MESSAGE][WARNING] - FFmpeg was not installed! Browser Recording will be disabled. Please follow this document to install FFmpeg first: https://docs.katalon.com/katalon-studio/docs/screenshots-videos.html#browser-based-recorder

2021-05-03 09:09:14 - [MESSAGE][PASSED] - Browser is opened with url: 'https://develop--tc-create-app.netlify.app/'

2021-05-03 09:09:14 - [MESSAGE][PASSED] - Wait for page load successfully

2021-05-03 09:09:14 - [MESSAGE][PASSED] - Current window maximized

2021-05-03 09:09:15 - [MESSAGE][PASSED] - Keys 'elsylambert' sent to object: 'Object Repository/Page_tC Create/input__username'

2021-05-03 09:09:17 - [MESSAGE][PASSED] - Keys 'fatak43' sent to object: 'Object Repository/Page_tC Create/input__password'

2021-05-03 09:09:18 - [MESSAGE][PASSED] - Object: 'Object Repository/Page_tC Create/button_Login' is clicked on

2021-05-03 09:09:19 - [MESSAGE][PASSED] - Delayed 1 second(s)

2021-05-03 09:09:21 - [MESSAGE][PASSED] - Text of object 'Object Repository/Page_tC Create/tcc-version number' is: 'translationCore Create - v1.2.0 build 41-eb23e86'

2021-05-03 09:09:21 - [MESSAGE][INFO] - : The current version and build number is translationCore Create - v1.2.0 build 41-eb23e86

2021-05-03 09:09:21 - [MESSAGE][PASSED] - com.helper.login.loginhelper.logintoapp is PASSED

2021-05-03 09:09:21 - [TEST_STEP][PASSED] - com.tccreate.keywords.selectOrg.organization(""): com.tccreate.keywords.selectOrg.organization is PASSED

2021-05-03 09:09:22 - [MESSAGE][PASSED] - Object: 'Object Repository/Page_tC Create/listOption_organisation_Parmed' is clicked on

2021-05-03 09:09:24 - [MESSAGE][WARNING] - No alert found after 2 second(s).

2021-05-03 09:09:24 - [MESSAGE][PASSED] - com.tccreate.keywords.selectOrg.organization is PASSED

2021-05-03 09:09:24 - [TEST_STEP][PASSED] - com.tccreate.keywords.selectOrg.resource("unfoldingWordÂ® Translation Notes"): com.tccreate.keywords.selectOrg.resource is PASSED

2021-05-03 09:09:26 - [MESSAGE][PASSED] - Object: 'Object Repository/Page_tC Create/resource_Parmed' is clicked on

2021-05-03 09:09:26 - [MESSAGE][PASSED] - com.tccreate.keywords.selectOrg.resource is PASSED

2021-05-03 09:09:26 - [TEST_STEP][PASSED] - com.tccreate.keywords.selectOrg.language(""): com.tccreate.keywords.selectOrg.language is PASSED

2021-05-03 09:09:27 - [MESSAGE][PASSED] - Object: 'Object Repository/Page_tC Create/combo_Select Language' is clicked on

2021-05-03 09:09:29 - [MESSAGE][PASSED] - Object: 'Object Repository/Page_tC Create/listOption_Language_Parmed' is clicked on

2021-05-03 09:09:29 - [MESSAGE][PASSED] - com.tccreate.keywords.selectOrg.language is PASSED

2021-05-03 09:09:29 - [TEST_STEP][PASSED] - click(findTestObject("Page_tC Create/Add new resource objects/span_en_tn_57-TIT.tsv")): Object: 'Object Repository/Page_tC Create/Add new resource objects/span_en_tn_57-TIT.tsv' is clicked on

2021-05-03 09:09:31 - [MESSAGE][PASSED] - Object: 'Object Repository/Page_tC Create/Add new resource objects/span_en_tn_57-TIT.tsv' is clicked on

2021-05-03 09:09:31 - [TEST_STEP][PASSED] - testToolTip("Object Repository/Tool tips/button_Search", "Search"): null

2021-05-03 09:09:31 - [TEST_STEP][PASSED] - actualTooltip = getAttribute(findTestObject(button), "title"): Attribute 'title' of object 'Object Repository/Tool tips/button_Search' is: 'Search'

2021-05-03 09:09:34 - [MESSAGE][PASSED] - Attribute 'title' of object 'Object Repository/Tool tips/button_Search' is: 'Search'

2021-05-03 09:09:34 - [TEST_STEP][PASSED] - out.println("Actual Title of Tool Tip for button " + toolTip + " is " + actualTooltip): null

2021-05-03 09:09:34 - [TEST_STEP][PASSED] - expectedTooltip = toolTip: null

2021-05-03 09:09:34 - [TEST_STEP][PASSED] - if (actualTooltip.equals(expectedTooltip)): null

2021-05-03 09:09:34 - [TEST_STEP][PASSED] - out.println("Test Case Passed for " + toolTip): null

2021-05-03 09:09:34 - [TEST_STEP][PASSED] - testToolTip("Object Repository/Tool tips/button_Filter table", "Filter Table"): null

2021-05-03 09:09:34 - [TEST_STEP][PASSED] - actualTooltip = getAttribute(findTestObject(button), "title"): Attribute 'title' of object 'Object Repository/Tool tips/button_Filter table' is: 'Filter Table'

2021-05-03 09:09:35 - [MESSAGE][PASSED] - Attribute 'title' of object 'Object Repository/Tool tips/button_Filter table' is: 'Filter Table'

2021-05-03 09:09:35 - [TEST_STEP][PASSED] - out.println("Actual Title of Tool Tip for button " + toolTip + " is " + actualTooltip): null

2021-05-03 09:09:35 - [TEST_STEP][PASSED] - expectedTooltip = toolTip: null

2021-05-03 09:09:35 - [TEST_STEP][PASSED] - if (actualTooltip.equals(expectedTooltip)): null

2021-05-03 09:09:35 - [TEST_STEP][PASSED] - out.println("Test Case Passed for " + toolTip): null

2021-05-03 09:09:35 - [TEST_STEP][PASSED] - testToolTip("Object Repository/Tool tips/button_view columns", "View Columns"): null

2021-05-03 09:09:35 - [TEST_STEP][PASSED] - actualTooltip = getAttribute(findTestObject(button), "title"): Attribute 'title' of object 'Object Repository/Tool tips/button_view columns' is: 'View Columns'

2021-05-03 09:09:35 - [MESSAGE][PASSED] - Attribute 'title' of object 'Object Repository/Tool tips/button_view columns' is: 'View Columns'

2021-05-03 09:09:35 - [TEST_STEP][PASSED] - out.println("Actual Title of Tool Tip for button " + toolTip + " is " + actualTooltip): null

2021-05-03 09:09:35 - [TEST_STEP][PASSED] - expectedTooltip = toolTip: null

2021-05-03 09:09:35 - [TEST_STEP][PASSED] - if (actualTooltip.equals(expectedTooltip)): null

2021-05-03 09:09:35 - [TEST_STEP][PASSED] - out.println("Test Case Passed for " + toolTip): null

2021-05-03 09:09:35 - [TEST_STEP][PASSED] - testToolTip("Object Repository/Tool tips/button_Validate", "Validate"): null

2021-05-03 09:09:35 - [TEST_STEP][PASSED] - actualTooltip = getAttribute(findTestObject(button), "title"): Attribute 'title' of object 'Object Repository/Tool tips/button_Validate' is: 'Validate'

2021-05-03 09:09:36 - [MESSAGE][PASSED] - Attribute 'title' of object 'Object Repository/Tool tips/button_Validate' is: 'Validate'

2021-05-03 09:09:36 - [TEST_STEP][PASSED] - out.println("Actual Title of Tool Tip for button " + toolTip + " is " + actualTooltip): null

2021-05-03 09:09:36 - [TEST_STEP][PASSED] - expectedTooltip = toolTip: null

2021-05-03 09:09:36 - [TEST_STEP][PASSED] - if (actualTooltip.equals(expectedTooltip)): null

2021-05-03 09:09:36 - [TEST_STEP][PASSED] - out.println("Test Case Passed for " + toolTip): null

2021-05-03 09:09:36 - [TEST_STEP][PASSED] - testToolTip("Object Repository/Tool tips/button_Preview", "Preview"): null

2021-05-03 09:09:36 - [TEST_STEP][PASSED] - actualTooltip = getAttribute(findTestObject(button), "title"): Attribute 'title' of object 'Object Repository/Tool tips/button_Preview' is: 'Preview'

2021-05-03 09:09:36 - [MESSAGE][PASSED] - Attribute 'title' of object 'Object Repository/Tool tips/button_Preview' is: 'Preview'

2021-05-03 09:09:36 - [TEST_STEP][PASSED] - out.println("Actual Title of Tool Tip for button " + toolTip + " is " + actualTooltip): null

2021-05-03 09:09:36 - [TEST_STEP][PASSED] - expectedTooltip = toolTip: null

2021-05-03 09:09:36 - [TEST_STEP][PASSED] - if (actualTooltip.equals(expectedTooltip)): null

2021-05-03 09:09:36 - [TEST_STEP][PASSED] - out.println("Test Case Passed for " + toolTip): null

2021-05-03 09:09:36 - [TEST_STEP][PASSED] - testToolTip("Object Repository/Tool tips/button_add a new row", "Add a Row"): null

2021-05-03 09:09:36 - [TEST_STEP][PASSED] - actualTooltip = getAttribute(findTestObject(button), "title"): Attribute 'title' of object 'Object Repository/Tool tips/button_add a new row' is: 'Add a Row'

2021-05-03 09:09:36 - [MESSAGE][PASSED] - Attribute 'title' of object 'Object Repository/Tool tips/button_add a new row' is: 'Add a Row'

2021-05-03 09:09:36 - [TEST_STEP][PASSED] - out.println("Actual Title of Tool Tip for button " + toolTip + " is " + actualTooltip): null

2021-05-03 09:09:36 - [TEST_STEP][PASSED] - expectedTooltip = toolTip: null

2021-05-03 09:09:36 - [TEST_STEP][PASSED] - if (actualTooltip.equals(expectedTooltip)): null

2021-05-03 09:09:36 - [TEST_STEP][PASSED] - out.println("Test Case Passed for " + toolTip): null

2021-05-03 09:09:36 - [TEST_STEP][PASSED] - testToolTip("Object Repository/Tool tips/button_Delete new row", "Delete a Row"): null

2021-05-03 09:09:36 - [TEST_STEP][PASSED] - actualTooltip = getAttribute(findTestObject(button), "title"): Attribute 'title' of object 'Object Repository/Tool tips/button_Delete new row' is: 'Delete a Row'

2021-05-03 09:09:37 - [MESSAGE][PASSED] - Attribute 'title' of object 'Object Repository/Tool tips/button_Delete new row' is: 'Delete a Row'

2021-05-03 09:09:37 - [TEST_STEP][PASSED] - out.println("Actual Title of Tool Tip for button " + toolTip + " is " + actualTooltip): null

2021-05-03 09:09:37 - [TEST_STEP][PASSED] - expectedTooltip = toolTip: null

2021-05-03 09:09:37 - [TEST_STEP][PASSED] - if (actualTooltip.equals(expectedTooltip)): null

2021-05-03 09:09:37 - [TEST_STEP][PASSED] - out.println("Test Case Passed for " + toolTip): null

2021-05-03 09:09:37 - [TEST_STEP][PASSED] - testToolTip("Object Repository/Tool tips/button_Move Row Down", "Move Row Down"): null

2021-05-03 09:09:37 - [TEST_STEP][PASSED] - actualTooltip = getAttribute(findTestObject(button), "title"): Attribute 'title' of object 'Object Repository/Tool tips/button_Move Row Down' is: 'Move Row Down'

2021-05-03 09:09:37 - [MESSAGE][PASSED] - Attribute 'title' of object 'Object Repository/Tool tips/button_Move Row Down' is: 'Move Row Down'

2021-05-03 09:09:37 - [TEST_STEP][PASSED] - out.println("Actual Title of Tool Tip for button " + toolTip + " is " + actualTooltip): null

2021-05-03 09:09:37 - [TEST_STEP][PASSED] - expectedTooltip = toolTip: null

2021-05-03 09:09:37 - [TEST_STEP][PASSED] - if (actualTooltip.equals(expectedTooltip)): null

2021-05-03 09:09:37 - [TEST_STEP][PASSED] - out.println("Test Case Passed for " + toolTip): null

2021-05-03 09:09:37 - [TEST_STEP][PASSED] - testToolTip("Object Repository/Tool tips/button_Move row up", "Move Row Up"): null

2021-05-03 09:09:37 - [TEST_STEP][PASSED] - actualTooltip = getAttribute(findTestObject(button), "title"): Attribute 'title' of object 'Object Repository/Tool tips/button_Move row up' is: 'Move Row Up'

2021-05-03 09:09:37 - [MESSAGE][PASSED] - Attribute 'title' of object 'Object Repository/Tool tips/button_Move row up' is: 'Move Row Up'

2021-05-03 09:09:37 - [TEST_STEP][PASSED] - out.println("Actual Title of Tool Tip for button " + toolTip + " is " + actualTooltip): null

2021-05-03 09:09:37 - [TEST_STEP][PASSED] - expectedTooltip = toolTip: null

2021-05-03 09:09:37 - [TEST_STEP][PASSED] - if (actualTooltip.equals(expectedTooltip)): null

2021-05-03 09:09:37 - [TEST_STEP][PASSED] - out.println("Test Case Passed for " + toolTip): null

2021-05-03 09:09:37 - [TEST_STEP][PASSED] - testToolTip("Object Repository/Tool tips/button_Manage Versions", "Manage Versions"): null

2021-05-03 09:09:37 - [TEST_STEP][PASSED] - actualTooltip = getAttribute(findTestObject(button), "title"): Attribute 'title' of object 'Object Repository/Tool tips/button_Manage Versions' is: 'Manage Versions'

2021-05-03 09:09:38 - [MESSAGE][PASSED] - Attribute 'title' of object 'Object Repository/Tool tips/button_Manage Versions' is: 'Manage Versions'

2021-05-03 09:09:38 - [TEST_STEP][PASSED] - out.println("Actual Title of Tool Tip for button " + toolTip + " is " + actualTooltip): null

2021-05-03 09:09:38 - [TEST_STEP][PASSED] - expectedTooltip = toolTip: null

2021-05-03 09:09:38 - [TEST_STEP][PASSED] - if (actualTooltip.equals(expectedTooltip)): null

2021-05-03 09:09:38 - [TEST_STEP][PASSED] - out.println("Test Case Passed for " + toolTip): null

2021-05-03 09:09:38 - [TEST_STEP][PASSED] - scrollToElement(findTestObject("Object Repository/Tool tips/button_Expand chapter"), 2): Scroll to object 'Object Repository/Tool tips/button_Expand chapter' successfully

2021-05-03 09:09:38 - [MESSAGE][PASSED] - Scroll to object 'Object Repository/Tool tips/button_Expand chapter' successfully

2021-05-03 09:09:38 - [TEST_STEP][PASSED] - testToggleTip("Object Repository/Tool tips/button_Expand chapter", "Expand Chapter", "Object Repository/Tool tips/button_collapse-chapter", "Collapse Chapter"): null

2021-05-03 09:09:38 - [TEST_STEP][PASSED] - actualTooltip = getAttribute(findTestObject(button1), "title"): Attribute 'title' of object 'Object Repository/Tool tips/button_Expand chapter' is: 'Expand Chapter'

2021-05-03 09:09:39 - [MESSAGE][PASSED] - Attribute 'title' of object 'Object Repository/Tool tips/button_Expand chapter' is: 'Expand Chapter'

2021-05-03 09:09:39 - [TEST_STEP][PASSED] - out.println("Actual Title of Tool Tip for button " + toolTip + " is " + actualTooltip): null

2021-05-03 09:09:39 - [TEST_STEP][PASSED] - expectedTooltip = toolTip: null

2021-05-03 09:09:39 - [TEST_STEP][PASSED] - if (actualTooltip.equals(expectedTooltip)): null

2021-05-03 09:09:39 - [TEST_STEP][PASSED] - out.println("Test Case Passed for " + toolTip): null

2021-05-03 09:09:39 - [TEST_STEP][PASSED] - delay(2): Delayed 2 second(s)

2021-05-03 09:09:41 - [MESSAGE][PASSED] - Delayed 2 second(s)

2021-05-03 09:09:41 - [TEST_STEP][PASSED] - click(findTestObject(button1)): Object: 'Object Repository/Tool tips/button_Expand chapter' is clicked on

2021-05-03 09:09:42 - [MESSAGE][PASSED] - Object: 'Object Repository/Tool tips/button_Expand chapter' is clicked on

2021-05-03 09:09:42 - [TEST_STEP][PASSED] - button = toggleButton: null

2021-05-03 09:09:42 - [TEST_STEP][PASSED] - toggleTipTest = toggleTip: null

2021-05-03 09:09:42 - [TEST_STEP][PASSED] - out.println("Togglebutton" + button): null

2021-05-03 09:09:42 - [TEST_STEP][PASSED] - out.println("ToggleTip" + toggleTipTest): null

2021-05-03 09:09:42 - [TEST_STEP][PASSED] - delay(2): Delayed 2 second(s)

2021-05-03 09:09:44 - [MESSAGE][PASSED] - Delayed 2 second(s)

2021-05-03 09:09:44 - [TEST_STEP][PASSED] - testToolTip(button, toggleTipTest): null

2021-05-03 09:09:44 - [TEST_STEP][PASSED] - actualTooltip = getAttribute(findTestObject(button), "title"): Attribute 'title' of object 'Object Repository/Tool tips/button_collapse-chapter' is: ''

2021-05-03 09:09:45 - [MESSAGE][PASSED] - Attribute 'title' of object 'Object Repository/Tool tips/button_collapse-chapter' is: ''

2021-05-03 09:09:45 - [TEST_STEP][PASSED] - out.println("Actual Title of Tool Tip for button " + toolTip + " is " + actualTooltip): null

2021-05-03 09:09:45 - [TEST_STEP][PASSED] - expectedTooltip = toolTip: null

2021-05-03 09:09:45 - [TEST_STEP][PASSED] - if (actualTooltip.equals(expectedTooltip)): null

2021-05-03 09:09:45 - [TEST_STEP][PASSED] - else: null

2021-05-03 09:09:45 - [TEST_STEP][PASSED] - out.println("Test Case failed- Tool tips are different"): null

2021-05-03 09:09:45 - [TEST_STEP][PASSED] - closeBrowser(): Browser is closed

2021-05-03 09:09:45 - [MESSAGE][PASSED] - Browser is closed]]></system-out>
         <system-err><![CDATA[]]></system-err>
      </testcase>
      <testcase name="Test Cases/tCC Test Cases/tA buttons funtions" time="36.193" classname="Test Cases/tCC Test Cases/tA buttons funtions" status="PASSED">
         <system-out><![CDATA[2021-05-03 09:09:45 - [TEST_CASE][PASSED] - Test Cases/tCC Test Cases/tA buttons funtions: Test Cases/tCC Test Cases/tA buttons funtions

2021-05-03 09:09:45 - [TEST_STEP][PASSED] - com.tccreate.keywords.WriteToFile.writeTofilename("tA-buttons"): com.tccreate.keywords.WriteToFile.writeTofilename is PASSED

2021-05-03 09:09:45 - [MESSAGE][PASSED] - com.tccreate.keywords.WriteToFile.writeTofilename is PASSED

2021-05-03 09:09:45 - [TEST_STEP][PASSED] - com.helper.login.TimeDate.getTimeDate(): com.helper.login.TimeDate.getTimeDate is PASSED

2021-05-03 09:09:45 - [MESSAGE][INFO] - Time at which the test run:2021-05-03 09:09:45.322

2021-05-03 09:09:45 - [MESSAGE][PASSED] - com.helper.login.TimeDate.getTimeDate is PASSED

2021-05-03 09:09:45 - [TEST_STEP][PASSED] - com.helper.login.loginhelper.logintoapp(): com.helper.login.loginhelper.logintoapp is PASSED

2021-05-03 09:09:45 - [MESSAGE][INFO] - Starting 'Chrome' driver

2021-05-03 09:09:45 - [MESSAGE][INFO] - Action delay is set to 1,000 milliseconds

2021-05-03 09:09:46 - [MESSAGE][WARNING] - FFmpeg was not installed! Browser Recording will be disabled. Please follow this document to install FFmpeg first: https://docs.katalon.com/katalon-studio/docs/screenshots-videos.html#browser-based-recorder

2021-05-03 09:09:51 - [MESSAGE][PASSED] - Browser is opened with url: 'https://develop--tc-create-app.netlify.app/'

2021-05-03 09:09:52 - [MESSAGE][PASSED] - Wait for page load successfully

2021-05-03 09:09:52 - [MESSAGE][PASSED] - Current window maximized

2021-05-03 09:09:53 - [MESSAGE][PASSED] - Keys 'elsylambert' sent to object: 'Object Repository/Page_tC Create/input__username'

2021-05-03 09:09:55 - [MESSAGE][PASSED] - Keys 'fatak43' sent to object: 'Object Repository/Page_tC Create/input__password'

2021-05-03 09:09:56 - [MESSAGE][PASSED] - Object: 'Object Repository/Page_tC Create/button_Login' is clicked on

2021-05-03 09:09:57 - [MESSAGE][PASSED] - Delayed 1 second(s)

2021-05-03 09:09:58 - [MESSAGE][PASSED] - Text of object 'Object Repository/Page_tC Create/tcc-version number' is: 'translationCore Create - v1.2.0 build 41-eb23e86'

2021-05-03 09:09:58 - [MESSAGE][INFO] - : The current version and build number is translationCore Create - v1.2.0 build 41-eb23e86

2021-05-03 09:09:58 - [MESSAGE][PASSED] - com.helper.login.loginhelper.logintoapp is PASSED

2021-05-03 09:09:58 - [TEST_STEP][PASSED] - com.tccreate.keywords.selectOrg.organization(""): com.tccreate.keywords.selectOrg.organization is PASSED

2021-05-03 09:10:00 - [MESSAGE][PASSED] - Object: 'Object Repository/Page_tC Create/listOption_organisation_Parmed' is clicked on

2021-05-03 09:10:02 - [MESSAGE][WARNING] - No alert found after 2 second(s).

2021-05-03 09:10:02 - [MESSAGE][PASSED] - com.tccreate.keywords.selectOrg.organization is PASSED

2021-05-03 09:10:02 - [TEST_STEP][PASSED] - com.tccreate.keywords.selectOrg.resource("unfoldingWordÂ® Translation Academy"): com.tccreate.keywords.selectOrg.resource is PASSED

2021-05-03 09:10:03 - [MESSAGE][PASSED] - Object: 'Object Repository/Page_tC Create/resource_Parmed' is clicked on

2021-05-03 09:10:03 - [MESSAGE][PASSED] - com.tccreate.keywords.selectOrg.resource is PASSED

2021-05-03 09:10:03 - [TEST_STEP][PASSED] - com.tccreate.keywords.selectOrg.language(""): com.tccreate.keywords.selectOrg.language is PASSED

2021-05-03 09:10:05 - [MESSAGE][PASSED] - Object: 'Object Repository/Page_tC Create/combo_Select Language' is clicked on

2021-05-03 09:10:07 - [MESSAGE][PASSED] - Object: 'Object Repository/Page_tC Create/listOption_Language_Parmed' is clicked on

2021-05-03 09:10:07 - [MESSAGE][PASSED] - com.tccreate.keywords.selectOrg.language is PASSED

2021-05-03 09:10:07 - [TEST_STEP][PASSED] - click(findTestObject("Page_tC Create/span_translate")): Object: 'Object Repository/Page_tC Create/span_translate' is clicked on

2021-05-03 09:10:08 - [MESSAGE][PASSED] - Object: 'Object Repository/Page_tC Create/span_translate' is clicked on

2021-05-03 09:10:08 - [TEST_STEP][PASSED] - click(findTestObject("Object Repository/Page_tC Create/span_bita-farming")): Object: 'Object Repository/Page_tC Create/span_bita-farming' is clicked on

2021-05-03 09:10:11 - [MESSAGE][PASSED] - Object: 'Object Repository/Page_tC Create/span_bita-farming' is clicked on

2021-05-03 09:10:11 - [TEST_STEP][PASSED] - click(findTestObject("Object Repository/Page_tC Create/span_01.md")): Object: 'Object Repository/Page_tC Create/span_01.md' is clicked on

2021-05-03 09:10:13 - [MESSAGE][PASSED] - Object: 'Object Repository/Page_tC Create/span_01.md' is clicked on

2021-05-03 09:10:13 - [TEST_STEP][PASSED] - click(findTestObject("Object Repository/tA/button_Sections")): Object: 'Object Repository/tA/button_Sections' is clicked on

2021-05-03 09:10:15 - [MESSAGE][PASSED] - Object: 'Object Repository/tA/button_Sections' is clicked on

2021-05-03 09:10:15 - [TEST_STEP][PASSED] - if (verifyElementNotPresent(findTestObject("Object Repository/tA/div_A FARMER represents God, collapse tab"), 2, CONTINUE_ON_FAILURE)): null

2021-05-03 09:10:16 - [MESSAGE][PASSED] - Web element with id: 'Object Repository/tA/div_A FARMER represents God, collapse tab' located by 'By.xpath: //div[@id='root']/div/div/div/div[2]/div[2]/div[2]/div/div[2]' is not present after '2' second(s)

2021-05-03 09:10:16 - [TEST_STEP][PASSED] - logInfo("Collapsable Sections are not visible and is expanded as expected 
"): Collapsable Sections are not visible and is expanded as expected 


2021-05-03 09:10:16 - [MESSAGE][INFO] - Collapsable Sections are not visible and is expanded as expected 


2021-05-03 09:10:16 - [TEST_STEP][PASSED] - if (getText(findTestObject("Object Repository/tA/p_My well section")).contains("My well beloved had a vineyard")): null

2021-05-03 09:10:16 - [MESSAGE][PASSED] - Text of object 'Object Repository/tA/p_My well section' is: 'My well beloved had a vineyard on a very fertile hill.
He spaded it, removed the stones, and planted it with an excellent kind of vine.
He built a tower in the middle of it, and also built a winepress.
He waited for it to produce grapes, but it only produced wild grapes. (Isaiah 5:1-2)'

2021-05-03 09:10:16 - [TEST_STEP][PASSED] - logInfo("Section is expanded as expected and text is visible 
"): Section is expanded as expected and text is visible 


2021-05-03 09:10:16 - [MESSAGE][INFO] - Section is expanded as expected and text is visible 


2021-05-03 09:10:16 - [TEST_STEP][PASSED] - click(findTestObject("Object Repository/tA/button_Blocks")): Object: 'Object Repository/tA/button_Blocks' is clicked on

2021-05-03 09:10:18 - [MESSAGE][PASSED] - Object: 'Object Repository/tA/button_Blocks' is clicked on

2021-05-03 09:10:18 - [TEST_STEP][PASSED] - click(findTestObject("Object Repository/tA/button_Preview")): Object: 'Object Repository/tA/button_Preview' is clicked on

2021-05-03 09:10:20 - [MESSAGE][PASSED] - Object: 'Object Repository/tA/button_Preview' is clicked on

2021-05-03 09:10:20 - [TEST_STEP][PASSED] - if (getText(findTestObject("Object Repository/tA/block in preview mode")).contains(">")): null

2021-05-03 09:10:21 - [MESSAGE][PASSED] - Text of object 'Object Repository/tA/block in preview mode' is: 'Some common [metonymies](../figs-metonymy/01.md) and [metaphors](../figs-metaphor/01.md) from the Bible relating to farming are listed below in alphabetical order. The word in all capital letters identifies an Image that represents an Idea. The specific word of the Image may not appear in every verse that uses the Image, but the text will communicate somehow the concept of the Image.

#### A FARMER represents God, and the VINEYARD represents his chosen people test edit by the test script

> My well beloved had a **vineyard** on a very fertile hill.
> He spaded it, removed the stones, and planted it with an excellent kind of vine.
> He built a tower in the middle of it, and also built a winepress.
> He waited for it to produce grapes, but it only produced wild grapes. (Isaiah 5:1-2)
>
> For the kingdom of heaven is like a landowner who went out early in the morning to hire workers for his **vineyard**. (Matthew 20:1 ULT)
>
> There was a man, a landowner. He planted a **vineyard**, set a hedge about it, dug a winepress in it, built a watchtower, and rented it out to vine growers. Then he went into another country. (Matthew 21:33 ULT)

#### The GROUND represents peopleâs hearts (inner being)

> For Yahweh says this to each person in Judah and Jerusalem: âPlow your own **ground**, and do not sow among thorns. (Jeremiah 4:3 ULT)
>
> When anyone hears the word of the kingdom but does not understand it â¦ This is the seed that was sown **beside the road**. That which was sown on **rocky ground** is the person who hears the word and immediately receives it with joy â¦ That which was sown **among the thorn plants**, this is the person who hears the word, but the cares of the world and the deceitfulness of riches choke the wordâ¦ That which was sown on the **good soil**, this is the person who hears the word and understands it. (Matthew 13:19-23 ULT)
>
> Break up your **unplowed ground**,
> for it is time to seek Yahweh. (Hosea 10:12 ULT)

#### SOWING represents actions or attitudes, and REAPING represents judgment or reward

> According to what I have seen, those who plow iniquity and **sow** trouble **reap** it. (Job 4:8 ULT)
>
> Do not be deceived. God is not mocked, for whatever a man **plants**, that he will also **gather** in. For he who **plants** seed to his own sinful nature, from the sinful nature **will gathe**r in destruction. But the one who **plants** seed to the Spirit, from the Spirit **will gather** in eternal life. (Galatians 6:7-8 ULT)

#### THRESHING and WINNOWING represent the separation of evil people from good people

After farmers harvest wheat and other types of grain, they bring them to a **threshing floor**, a flat place with hard ground, and have oxen pull heavy wheeled carts or sleds without wheels over the grain to **thresh** it, to separate the usable grains from the useless chaff. Then they take large forks and **winnow** the threshed grain by throwing it up in the air so the wind can carry off the chaff (waste) while the grains fall back to the threshing floor, where they can be gathered and used for food. (See âthreshâ and âwinnowâ pages in [unfoldingWordÂ® Translation Words](http://ufw.io/tw/) for help translating thresh and winnow.)

> So I will **winnow** them with a pitchfork at the gates of the land. I will bereave them. I will destroy my people since they will not turn from their ways. (Jeremiah 15:7 ULT)
>
> His **winnowing fork** is in his hand to thoroughly clear off his **threshing floor** and to gather the wheat into his storehouse. But he will burn up the chaff with unquenchable fire. (Luke 3:17 ULT)

#### GRAFTING represents Godâs allowing the Gentiles to become his people

> For if you were cut out of what is by nature a wild olive tree, and contrary to nature were **grafted** into a good olive tree, how much more will these Jews, who are the natural branches, be **grafted** back into their own olive tree? For I do not want you to be unaware, brothers, of this mystery, in order that you will not be wise in your own thinking. This mystery is that a partial hardening has occurred in Israel, until the completion of the Gentiles come in. (Romans 11:24-25 ULT)

#### RAIN represents Godâs gifts to his people

> â¦ he comes and **rains** righteousness on you. (Hosea 10:12b ULT)
>
> For the land that drinks in the **rain** that often comes on it, and that produces plants useful to those for whom the land was also cultivated, receives a blessing from God. But land that bears thorns and thistles is worthless and is about to be cursed. Its end is to be burned. (Hebrews 6:7-8 ULT)
>
> So be patient, brothers, until the Lordâs coming. See, the farmer awaits the valuable harvest from the ground. He is patiently waiting for it, until it receives the early and late **rains**. (James 5:7 ULT)'

2021-05-03 09:10:21 - [TEST_STEP][PASSED] - logInfo("Preview mode is ON as expected 
"): Preview mode is ON as expected 


2021-05-03 09:10:21 - [MESSAGE][INFO] - Preview mode is ON as expected 


2021-05-03 09:10:21 - [TEST_STEP][PASSED] - closeBrowser(): Browser is closed

2021-05-03 09:10:21 - [MESSAGE][PASSED] - Browser is closed]]></system-out>
         <system-err><![CDATA[]]></system-err>
      </testcase>
      <testcase name="Test Cases/tCC Test Cases/tCC Test OBS-tQ" time="71.988" classname="Test Cases/tCC Test Cases/tCC Test OBS-tQ" status="FAILED">
         <failure type="FAILED" message="Test Cases/tCC Test Cases/tCC Test OBS-tQ FAILED.
Reason:
com.kms.katalon.core.exception.StepFailedException: Unable to get text of object 'Object Repository/obs-tq/h1_DCS Repo question' (Root cause: com.kms.katalon.core.exception.StepFailedException: Unable to get text of object 'Object Repository/obs-tq/h1_DCS Repo question'
	at com.kms.katalon.core.webui.keyword.internal.WebUIKeywordMain.stepFailed(WebUIKeywordMain.groovy:64)
	at com.kms.katalon.core.webui.keyword.internal.WebUIKeywordMain.runKeyword(WebUIKeywordMain.groovy:26)
	at com.kms.katalon.core.webui.keyword.builtin.GetTextKeyword.getText(GetTextKeyword.groovy:88)
	at com.kms.katalon.core.webui.keyword.builtin.GetTextKeyword.execute(GetTextKeyword.groovy:67)
	at com.kms.katalon.core.keyword.internal.KeywordExecutor.executeKeywordForPlatform(KeywordExecutor.groovy:73)
	at com.kms.katalon.core.webui.keyword.WebUiBuiltInKeywords.getText(WebUiBuiltInKeywords.groovy:917)
	at com.kms.katalon.core.webui.keyword.WebUiBuiltInKeywords$getText$4.call(Unknown Source)
	at tCC Test OBS-tQ.run(tCC Test OBS-tQ:59)
	at com.kms.katalon.core.main.ScriptEngine.run(ScriptEngine.java:194)
	at com.kms.katalon.core.main.ScriptEngine.runScriptAsRawText(ScriptEngine.java:119)
	at com.kms.katalon.core.main.TestCaseExecutor.runScript(TestCaseExecutor.java:398)
	at com.kms.katalon.core.main.TestCaseExecutor.doExecute(TestCaseExecutor.java:389)
	at com.kms.katalon.core.main.TestCaseExecutor.processExecutionPhase(TestCaseExecutor.java:368)
	at com.kms.katalon.core.main.TestCaseExecutor.accessMainPhase(TestCaseExecutor.java:360)
	at com.kms.katalon.core.main.TestCaseExecutor.execute(TestCaseExecutor.java:255)
	at com.kms.katalon.core.main.TestSuiteExecutor.accessTestCaseMainPhase(TestSuiteExecutor.java:203)
	at com.kms.katalon.core.main.TestSuiteExecutor.accessTestSuiteMainPhase(TestSuiteExecutor.java:152)
	at com.kms.katalon.core.main.TestSuiteExecutor.execute(TestSuiteExecutor.java:95)
	at com.kms.katalon.core.main.TestCaseMain.startTestSuite(TestCaseMain.java:157)
	at com.kms.katalon.core.main.TestCaseMain$startTestSuite$0.call(Unknown Source)
	at TempTestSuite1620046103825.run(TempTestSuite1620046103825.groovy:39)
Caused by: com.kms.katalon.core.webui.exception.WebElementNotFoundException: Web element with id: 'Object Repository/obs-tq/h1_DCS Repo question' located by '//*[(contains(text(), 'Why were Adam and Eve not ashamed that they were naked?') or contains(., 'Why were Adam and Eve not ashamed that they were naked?'))]' not found
	at com.kms.katalon.core.webui.common.WebUiCommonHelper.findWebElement(WebUiCommonHelper.java:1368)
	at com.kms.katalon.core.webui.keyword.internal.WebUIAbstractKeyword.findWebElement(WebUIAbstractKeyword.groovy:27)
	at com.kms.katalon.core.webui.keyword.internal.WebUIAbstractKeyword.findWebElement(WebUIAbstractKeyword.groovy:26)
	at com.kms.katalon.core.webui.keyword.builtin.GetTextKeyword$_getText_closure1.doCall(GetTextKeyword.groovy:78)
	at com.kms.katalon.core.webui.keyword.builtin.GetTextKeyword$_getText_closure1.call(GetTextKeyword.groovy)
	at com.kms.katalon.core.webui.keyword.internal.WebUIKeywordMain.runKeyword(WebUIKeywordMain.groovy:20)
	at com.kms.katalon.core.webui.keyword.builtin.GetTextKeyword.getText(GetTextKeyword.groovy:88)
	at com.kms.katalon.core.webui.keyword.builtin.GetTextKeyword.execute(GetTextKeyword.groovy:67)
	at com.kms.katalon.core.keyword.internal.KeywordExecutor.executeKeywordForPlatform(KeywordExecutor.groovy:73)
	at com.kms.katalon.core.webui.keyword.WebUiBuiltInKeywords.getText(WebUiBuiltInKeywords.groovy:917)
	at com.kms.katalon.core.webui.keyword.WebUiBuiltInKeywords$getText$4.call(Unknown Source)
	at Script1613756838194.run(Script1613756838194.groovy:59)
	... 13 more
)
	at com.kms.katalon.core.keyword.internal.KeywordMain.stepFailed(KeywordMain.groovy:39)
	at com.kms.katalon.core.webui.keyword.internal.WebUIKeywordMain.stepFailed(WebUIKeywordMain.groovy:64)
	at com.kms.katalon.core.webui.keyword.internal.WebUIKeywordMain.runKeyword(WebUIKeywordMain.groovy:26)
	at com.kms.katalon.core.webui.keyword.builtin.GetTextKeyword.getText(GetTextKeyword.groovy:88)
	at com.kms.katalon.core.webui.keyword.builtin.GetTextKeyword.execute(GetTextKeyword.groovy:67)
	at com.kms.katalon.core.keyword.internal.KeywordExecutor.executeKeywordForPlatform(KeywordExecutor.groovy:73)
	at com.kms.katalon.core.webui.keyword.WebUiBuiltInKeywords.getText(WebUiBuiltInKeywords.groovy:917)
	at com.kms.katalon.core.webui.keyword.WebUiBuiltInKeywords$getText$4.call(Unknown Source)
	at tCC Test OBS-tQ.run(tCC Test OBS-tQ:59)
	at com.kms.katalon.core.main.ScriptEngine.run(ScriptEngine.java:194)
	at com.kms.katalon.core.main.ScriptEngine.runScriptAsRawText(ScriptEngine.java:119)
	at com.kms.katalon.core.main.TestCaseExecutor.runScript(TestCaseExecutor.java:398)
	at com.kms.katalon.core.main.TestCaseExecutor.doExecute(TestCaseExecutor.java:389)
	at com.kms.katalon.core.main.TestCaseExecutor.processExecutionPhase(TestCaseExecutor.java:368)
	at com.kms.katalon.core.main.TestCaseExecutor.accessMainPhase(TestCaseExecutor.java:360)
	at com.kms.katalon.core.main.TestCaseExecutor.execute(TestCaseExecutor.java:255)
	at com.kms.katalon.core.main.TestSuiteExecutor.accessTestCaseMainPhase(TestSuiteExecutor.java:203)
	at com.kms.katalon.core.main.TestSuiteExecutor.accessTestSuiteMainPhase(TestSuiteExecutor.java:152)
	at com.kms.katalon.core.main.TestSuiteExecutor.execute(TestSuiteExecutor.java:95)
	at com.kms.katalon.core.main.TestCaseMain.startTestSuite(TestCaseMain.java:157)
	at com.kms.katalon.core.main.TestCaseMain$startTestSuite$0.call(Unknown Source)
	at TempTestSuite1620046103825.run(TempTestSuite1620046103825.groovy:39)
Caused by: com.kms.katalon.core.exception.StepFailedException: Unable to get text of object 'Object Repository/obs-tq/h1_DCS Repo question'
	... 21 more
Caused by: com.kms.katalon.core.webui.exception.WebElementNotFoundException: Web element with id: 'Object Repository/obs-tq/h1_DCS Repo question' located by '//*[(contains(text(), 'Why were Adam and Eve not ashamed that they were naked?') or contains(., 'Why were Adam and Eve not ashamed that they were naked?'))]' not found
	at com.kms.katalon.core.webui.common.WebUiCommonHelper.findWebElement(WebUiCommonHelper.java:1368)
	at com.kms.katalon.core.webui.keyword.internal.WebUIAbstractKeyword.findWebElement(WebUIAbstractKeyword.groovy:27)
	at com.kms.katalon.core.webui.keyword.internal.WebUIAbstractKeyword.findWebElement(WebUIAbstractKeyword.groovy:26)
	at com.kms.katalon.core.webui.keyword.builtin.GetTextKeyword$_getText_closure1.doCall(GetTextKeyword.groovy:78)
	at com.kms.katalon.core.webui.keyword.builtin.GetTextKeyword$_getText_closure1.call(GetTextKeyword.groovy)
	at com.kms.katalon.core.webui.keyword.internal.WebUIKeywordMain.runKeyword(WebUIKeywordMain.groovy:20)
	... 19 more
"/>
         <system-out><![CDATA[2021-05-03 09:10:21 - [TEST_CASE][FAILED] - Test Cases/tCC Test Cases/tCC Test OBS-tQ: Test Cases/tCC Test Cases/tCC Test OBS-tQ FAILED.
Reason:
com.kms.katalon.core.exception.StepFailedException: Unable to get text of object 'Object Repository/obs-tq/h1_DCS Repo question' (Root cause: com.kms.katalon.core.exception.StepFailedException: Unable to get text of object 'Object Repository/obs-tq/h1_DCS Repo question'
	at com.kms.katalon.core.webui.keyword.internal.WebUIKeywordMain.stepFailed(WebUIKeywordMain.groovy:64)
	at com.kms.katalon.core.webui.keyword.internal.WebUIKeywordMain.runKeyword(WebUIKeywordMain.groovy:26)
	at com.kms.katalon.core.webui.keyword.builtin.GetTextKeyword.getText(GetTextKeyword.groovy:88)
	at com.kms.katalon.core.webui.keyword.builtin.GetTextKeyword.execute(GetTextKeyword.groovy:67)
	at com.kms.katalon.core.keyword.internal.KeywordExecutor.executeKeywordForPlatform(KeywordExecutor.groovy:73)
	at com.kms.katalon.core.webui.keyword.WebUiBuiltInKeywords.getText(WebUiBuiltInKeywords.groovy:917)
	at com.kms.katalon.core.webui.keyword.WebUiBuiltInKeywords$getText$4.call(Unknown Source)
	at tCC Test OBS-tQ.run(tCC Test OBS-tQ:59)
	at com.kms.katalon.core.main.ScriptEngine.run(ScriptEngine.java:194)
	at com.kms.katalon.core.main.ScriptEngine.runScriptAsRawText(ScriptEngine.java:119)
	at com.kms.katalon.core.main.TestCaseExecutor.runScript(TestCaseExecutor.java:398)
	at com.kms.katalon.core.main.TestCaseExecutor.doExecute(TestCaseExecutor.java:389)
	at com.kms.katalon.core.main.TestCaseExecutor.processExecutionPhase(TestCaseExecutor.java:368)
	at com.kms.katalon.core.main.TestCaseExecutor.accessMainPhase(TestCaseExecutor.java:360)
	at com.kms.katalon.core.main.TestCaseExecutor.execute(TestCaseExecutor.java:255)
	at com.kms.katalon.core.main.TestSuiteExecutor.accessTestCaseMainPhase(TestSuiteExecutor.java:203)
	at com.kms.katalon.core.main.TestSuiteExecutor.accessTestSuiteMainPhase(TestSuiteExecutor.java:152)
	at com.kms.katalon.core.main.TestSuiteExecutor.execute(TestSuiteExecutor.java:95)
	at com.kms.katalon.core.main.TestCaseMain.startTestSuite(TestCaseMain.java:157)
	at com.kms.katalon.core.main.TestCaseMain$startTestSuite$0.call(Unknown Source)
	at TempTestSuite1620046103825.run(TempTestSuite1620046103825.groovy:39)
Caused by: com.kms.katalon.core.webui.exception.WebElementNotFoundException: Web element with id: 'Object Repository/obs-tq/h1_DCS Repo question' located by '//*[(contains(text(), 'Why were Adam and Eve not ashamed that they were naked?') or contains(., 'Why were Adam and Eve not ashamed that they were naked?'))]' not found
	at com.kms.katalon.core.webui.common.WebUiCommonHelper.findWebElement(WebUiCommonHelper.java:1368)
	at com.kms.katalon.core.webui.keyword.internal.WebUIAbstractKeyword.findWebElement(WebUIAbstractKeyword.groovy:27)
	at com.kms.katalon.core.webui.keyword.internal.WebUIAbstractKeyword.findWebElement(WebUIAbstractKeyword.groovy:26)
	at com.kms.katalon.core.webui.keyword.builtin.GetTextKeyword$_getText_closure1.doCall(GetTextKeyword.groovy:78)
	at com.kms.katalon.core.webui.keyword.builtin.GetTextKeyword$_getText_closure1.call(GetTextKeyword.groovy)
	at com.kms.katalon.core.webui.keyword.internal.WebUIKeywordMain.runKeyword(WebUIKeywordMain.groovy:20)
	at com.kms.katalon.core.webui.keyword.builtin.GetTextKeyword.getText(GetTextKeyword.groovy:88)
	at com.kms.katalon.core.webui.keyword.builtin.GetTextKeyword.execute(GetTextKeyword.groovy:67)
	at com.kms.katalon.core.keyword.internal.KeywordExecutor.executeKeywordForPlatform(KeywordExecutor.groovy:73)
	at com.kms.katalon.core.webui.keyword.WebUiBuiltInKeywords.getText(WebUiBuiltInKeywords.groovy:917)
	at com.kms.katalon.core.webui.keyword.WebUiBuiltInKeywords$getText$4.call(Unknown Source)
	at Script1613756838194.run(Script1613756838194.groovy:59)
	... 13 more
)
	at com.kms.katalon.core.keyword.internal.KeywordMain.stepFailed(KeywordMain.groovy:39)
	at com.kms.katalon.core.webui.keyword.internal.WebUIKeywordMain.stepFailed(WebUIKeywordMain.groovy:64)
	at com.kms.katalon.core.webui.keyword.internal.WebUIKeywordMain.runKeyword(WebUIKeywordMain.groovy:26)
	at com.kms.katalon.core.webui.keyword.builtin.GetTextKeyword.getText(GetTextKeyword.groovy:88)
	at com.kms.katalon.core.webui.keyword.builtin.GetTextKeyword.execute(GetTextKeyword.groovy:67)
	at com.kms.katalon.core.keyword.internal.KeywordExecutor.executeKeywordForPlatform(KeywordExecutor.groovy:73)
	at com.kms.katalon.core.webui.keyword.WebUiBuiltInKeywords.getText(WebUiBuiltInKeywords.groovy:917)
	at com.kms.katalon.core.webui.keyword.WebUiBuiltInKeywords$getText$4.call(Unknown Source)
	at tCC Test OBS-tQ.run(tCC Test OBS-tQ:59)
	at com.kms.katalon.core.main.ScriptEngine.run(ScriptEngine.java:194)
	at com.kms.katalon.core.main.ScriptEngine.runScriptAsRawText(ScriptEngine.java:119)
	at com.kms.katalon.core.main.TestCaseExecutor.runScript(TestCaseExecutor.java:398)
	at com.kms.katalon.core.main.TestCaseExecutor.doExecute(TestCaseExecutor.java:389)
	at com.kms.katalon.core.main.TestCaseExecutor.processExecutionPhase(TestCaseExecutor.java:368)
	at com.kms.katalon.core.main.TestCaseExecutor.accessMainPhase(TestCaseExecutor.java:360)
	at com.kms.katalon.core.main.TestCaseExecutor.execute(TestCaseExecutor.java:255)
	at com.kms.katalon.core.main.TestSuiteExecutor.accessTestCaseMainPhase(TestSuiteExecutor.java:203)
	at com.kms.katalon.core.main.TestSuiteExecutor.accessTestSuiteMainPhase(TestSuiteExecutor.java:152)
	at com.kms.katalon.core.main.TestSuiteExecutor.execute(TestSuiteExecutor.java:95)
	at com.kms.katalon.core.main.TestCaseMain.startTestSuite(TestCaseMain.java:157)
	at com.kms.katalon.core.main.TestCaseMain$startTestSuite$0.call(Unknown Source)
	at TempTestSuite1620046103825.run(TempTestSuite1620046103825.groovy:39)
Caused by: com.kms.katalon.core.exception.StepFailedException: Unable to get text of object 'Object Repository/obs-tq/h1_DCS Repo question'
	... 21 more
Caused by: com.kms.katalon.core.webui.exception.WebElementNotFoundException: Web element with id: 'Object Repository/obs-tq/h1_DCS Repo question' located by '//*[(contains(text(), 'Why were Adam and Eve not ashamed that they were naked?') or contains(., 'Why were Adam and Eve not ashamed that they were naked?'))]' not found
	at com.kms.katalon.core.webui.common.WebUiCommonHelper.findWebElement(WebUiCommonHelper.java:1368)
	at com.kms.katalon.core.webui.keyword.internal.WebUIAbstractKeyword.findWebElement(WebUIAbstractKeyword.groovy:27)
	at com.kms.katalon.core.webui.keyword.internal.WebUIAbstractKeyword.findWebElement(WebUIAbstractKeyword.groovy:26)
	at com.kms.katalon.core.webui.keyword.builtin.GetTextKeyword$_getText_closure1.doCall(GetTextKeyword.groovy:78)
	at com.kms.katalon.core.webui.keyword.builtin.GetTextKeyword$_getText_closure1.call(GetTextKeyword.groovy)
	at com.kms.katalon.core.webui.keyword.internal.WebUIKeywordMain.runKeyword(WebUIKeywordMain.groovy:20)
	... 19 more


2021-05-03 09:10:21 - [TEST_STEP][PASSED] - com.tccreate.keywords.WriteToFile.writeTofilename("OBS-tQ-Save"): com.tccreate.keywords.WriteToFile.writeTofilename is PASSED

2021-05-03 09:10:21 - [MESSAGE][PASSED] - com.tccreate.keywords.WriteToFile.writeTofilename is PASSED

2021-05-03 09:10:21 - [TEST_STEP][PASSED] - com.helper.login.TimeDate.getTimeDate(): com.helper.login.TimeDate.getTimeDate is PASSED

2021-05-03 09:10:21 - [MESSAGE][INFO] - Time at which the test run:2021-05-03 09:10:21.521

2021-05-03 09:10:21 - [MESSAGE][PASSED] - com.helper.login.TimeDate.getTimeDate is PASSED

2021-05-03 09:10:21 - [TEST_STEP][PASSED] - com.helper.login.loginhelper.logintoapp(): com.helper.login.loginhelper.logintoapp is PASSED

2021-05-03 09:10:21 - [MESSAGE][INFO] - Starting 'Chrome' driver

2021-05-03 09:10:21 - [MESSAGE][INFO] - Action delay is set to 1,000 milliseconds

2021-05-03 09:10:22 - [MESSAGE][WARNING] - FFmpeg was not installed! Browser Recording will be disabled. Please follow this document to install FFmpeg first: https://docs.katalon.com/katalon-studio/docs/screenshots-videos.html#browser-based-recorder

2021-05-03 09:10:28 - [MESSAGE][PASSED] - Browser is opened with url: 'https://develop--tc-create-app.netlify.app/'

2021-05-03 09:10:28 - [MESSAGE][PASSED] - Wait for page load successfully

2021-05-03 09:10:28 - [MESSAGE][PASSED] - Current window maximized

2021-05-03 09:10:30 - [MESSAGE][PASSED] - Keys 'elsylambert' sent to object: 'Object Repository/Page_tC Create/input__username'

2021-05-03 09:10:31 - [MESSAGE][PASSED] - Keys 'fatak43' sent to object: 'Object Repository/Page_tC Create/input__password'

2021-05-03 09:10:32 - [MESSAGE][PASSED] - Object: 'Object Repository/Page_tC Create/button_Login' is clicked on

2021-05-03 09:10:33 - [MESSAGE][PASSED] - Delayed 1 second(s)

2021-05-03 09:10:35 - [MESSAGE][PASSED] - Text of object 'Object Repository/Page_tC Create/tcc-version number' is: 'translationCore Create - v1.2.0 build 41-eb23e86'

2021-05-03 09:10:35 - [MESSAGE][INFO] - : The current version and build number is translationCore Create - v1.2.0 build 41-eb23e86

2021-05-03 09:10:35 - [MESSAGE][PASSED] - com.helper.login.loginhelper.logintoapp is PASSED

2021-05-03 09:10:35 - [TEST_STEP][PASSED] - com.tccreate.keywords.selectOrg.organization(""): com.tccreate.keywords.selectOrg.organization is PASSED

2021-05-03 09:10:36 - [MESSAGE][PASSED] - Object: 'Object Repository/Page_tC Create/listOption_organisation_Parmed' is clicked on

2021-05-03 09:10:38 - [MESSAGE][WARNING] - No alert found after 2 second(s).

2021-05-03 09:10:38 - [MESSAGE][PASSED] - com.tccreate.keywords.selectOrg.organization is PASSED

2021-05-03 09:10:38 - [TEST_STEP][PASSED] - com.tccreate.keywords.selectOrg.resource("unfoldingWordÂ® Open Bible Stories Translation Questions"): com.tccreate.keywords.selectOrg.resource is PASSED

2021-05-03 09:10:40 - [MESSAGE][PASSED] - Object: 'Object Repository/Page_tC Create/resource_Parmed' is clicked on

2021-05-03 09:10:40 - [MESSAGE][PASSED] - com.tccreate.keywords.selectOrg.resource is PASSED

2021-05-03 09:10:40 - [TEST_STEP][PASSED] - com.tccreate.keywords.selectOrg.language(""): com.tccreate.keywords.selectOrg.language is PASSED

2021-05-03 09:10:41 - [MESSAGE][PASSED] - Object: 'Object Repository/Page_tC Create/combo_Select Language' is clicked on

2021-05-03 09:10:43 - [MESSAGE][PASSED] - Object: 'Object Repository/Page_tC Create/listOption_Language_Parmed' is clicked on

2021-05-03 09:10:43 - [MESSAGE][PASSED] - com.tccreate.keywords.selectOrg.language is PASSED

2021-05-03 09:10:43 - [TEST_STEP][PASSED] - click(findTestObject("Object Repository/OBS-tn/div_content")): Object: 'Object Repository/OBS-tn/div_content' is clicked on

2021-05-03 09:10:45 - [MESSAGE][PASSED] - Object: 'Object Repository/OBS-tn/div_content' is clicked on

2021-05-03 09:10:45 - [TEST_STEP][PASSED] - click(findTestObject("Object Repository/OBS-tn/span_02")): Object: 'Object Repository/OBS-tn/span_02' is clicked on

2021-05-03 09:10:47 - [MESSAGE][PASSED] - Object: 'Object Repository/OBS-tn/span_02' is clicked on

2021-05-03 09:10:47 - [TEST_STEP][PASSED] - click(findTestObject("Object Repository/OBS-tn/span_01.md")): Object: 'Object Repository/OBS-tn/span_01.md' is clicked on

2021-05-03 09:10:49 - [MESSAGE][PASSED] - Object: 'Object Repository/OBS-tn/span_01.md' is clicked on

2021-05-03 09:10:49 - [TEST_STEP][PASSED] - click(findTestObject("Object Repository/obs-tq/div_question edit box")): Object: 'Object Repository/obs-tq/div_question edit box' is clicked on

2021-05-03 09:10:52 - [MESSAGE][PASSED] - Object: 'Object Repository/obs-tq/div_question edit box' is clicked on

2021-05-03 09:10:52 - [TEST_STEP][PASSED] - sendKeys(findTestObject("Object Repository/obs-tq/div_question edit box"), "  edits by a test script"): Keys '  edits by a test script' sent to object: 'Object Repository/obs-tq/div_question edit box'

2021-05-03 09:10:54 - [MESSAGE][PASSED] - Keys '  edits by a test script' sent to object: 'Object Repository/obs-tq/div_question edit box'

2021-05-03 09:10:54 - [TEST_STEP][PASSED] - click(findTestObject("Object Repository/Page_tC Create/button_Save")): Object: 'Object Repository/Page_tC Create/button_Save' is clicked on

2021-05-03 09:10:55 - [MESSAGE][PASSED] - Object: 'Object Repository/Page_tC Create/button_Save' is clicked on

2021-05-03 09:10:55 - [TEST_STEP][PASSED] - delay(2): Delayed 2 second(s)

2021-05-03 09:10:57 - [MESSAGE][PASSED] - Delayed 2 second(s)

2021-05-03 09:10:57 - [TEST_STEP][PASSED] - if (verifyElementNotClickable(findTestObject("Page_tC Create/button_Save"), CONTINUE_ON_FAILURE)): null

2021-05-03 09:10:58 - [MESSAGE][PASSED] - Object 'Object Repository/Page_tC Create/button_Save' is NOT clickable

2021-05-03 09:10:58 - [TEST_STEP][PASSED] - logInfo(" Save button is greyed out as expected"):  Save button is greyed out as expected

2021-05-03 09:10:58 - [MESSAGE][INFO] -  Save button is greyed out as expected

2021-05-03 09:10:58 - [TEST_STEP][PASSED] - click(findTestObject("Object Repository/obs-tq/span_English - unfoldingWorden_obs-tqElsyLambert-tc-create-1")): Object: 'Object Repository/obs-tq/span_English - unfoldingWorden_obs-tqElsyLambert-tc-create-1' is clicked on

2021-05-03 09:10:59 - [MESSAGE][PASSED] - Object: 'Object Repository/obs-tq/span_English - unfoldingWorden_obs-tqElsyLambert-tc-create-1' is clicked on

2021-05-03 09:10:59 - [TEST_STEP][PASSED] - delay(2): Delayed 2 second(s)

2021-05-03 09:11:01 - [MESSAGE][PASSED] - Delayed 2 second(s)

2021-05-03 09:11:01 - [TEST_STEP][PASSED] - switchToWindowIndex(1): Switched to window with index: '1'

2021-05-03 09:11:01 - [MESSAGE][PASSED] - Switched to window with index: '1'

2021-05-03 09:11:01 - [TEST_STEP][FAILED] - if (getText(findTestObject("Object Repository/obs-tq/h1_DCS Repo question")).contains("edits by a test script")): Unable to get text of object 'Object Repository/obs-tq/h1_DCS Repo question' (Root cause: com.kms.katalon.core.exception.StepFailedException: Unable to get text of object 'Object Repository/obs-tq/h1_DCS Repo question'
	at com.kms.katalon.core.webui.keyword.internal.WebUIKeywordMain.stepFailed(WebUIKeywordMain.groovy:64)
	at com.kms.katalon.core.webui.keyword.internal.WebUIKeywordMain.runKeyword(WebUIKeywordMain.groovy:26)
	at com.kms.katalon.core.webui.keyword.builtin.GetTextKeyword.getText(GetTextKeyword.groovy:88)
	at com.kms.katalon.core.webui.keyword.builtin.GetTextKeyword.execute(GetTextKeyword.groovy:67)
	at com.kms.katalon.core.keyword.internal.KeywordExecutor.executeKeywordForPlatform(KeywordExecutor.groovy:73)
	at com.kms.katalon.core.webui.keyword.WebUiBuiltInKeywords.getText(WebUiBuiltInKeywords.groovy:917)
	at com.kms.katalon.core.webui.keyword.WebUiBuiltInKeywords$getText$4.call(Unknown Source)
	at tCC Test OBS-tQ.run(tCC Test OBS-tQ:59)
	at com.kms.katalon.core.main.ScriptEngine.run(ScriptEngine.java:194)
	at com.kms.katalon.core.main.ScriptEngine.runScriptAsRawText(ScriptEngine.java:119)
	at com.kms.katalon.core.main.TestCaseExecutor.runScript(TestCaseExecutor.java:398)
	at com.kms.katalon.core.main.TestCaseExecutor.doExecute(TestCaseExecutor.java:389)
	at com.kms.katalon.core.main.TestCaseExecutor.processExecutionPhase(TestCaseExecutor.java:368)
	at com.kms.katalon.core.main.TestCaseExecutor.accessMainPhase(TestCaseExecutor.java:360)
	at com.kms.katalon.core.main.TestCaseExecutor.execute(TestCaseExecutor.java:255)
	at com.kms.katalon.core.main.TestSuiteExecutor.accessTestCaseMainPhase(TestSuiteExecutor.java:203)
	at com.kms.katalon.core.main.TestSuiteExecutor.accessTestSuiteMainPhase(TestSuiteExecutor.java:152)
	at com.kms.katalon.core.main.TestSuiteExecutor.execute(TestSuiteExecutor.java:95)
	at com.kms.katalon.core.main.TestCaseMain.startTestSuite(TestCaseMain.java:157)
	at com.kms.katalon.core.main.TestCaseMain$startTestSuite$0.call(Unknown Source)
	at TempTestSuite1620046103825.run(TempTestSuite1620046103825.groovy:39)
Caused by: com.kms.katalon.core.webui.exception.WebElementNotFoundException: Web element with id: 'Object Repository/obs-tq/h1_DCS Repo question' located by '//*[(contains(text(), 'Why were Adam and Eve not ashamed that they were naked?') or contains(., 'Why were Adam and Eve not ashamed that they were naked?'))]' not found
	at com.kms.katalon.core.webui.common.WebUiCommonHelper.findWebElement(WebUiCommonHelper.java:1368)
	at com.kms.katalon.core.webui.keyword.internal.WebUIAbstractKeyword.findWebElement(WebUIAbstractKeyword.groovy:27)
	at com.kms.katalon.core.webui.keyword.internal.WebUIAbstractKeyword.findWebElement(WebUIAbstractKeyword.groovy:26)
	at com.kms.katalon.core.webui.keyword.builtin.GetTextKeyword$_getText_closure1.doCall(GetTextKeyword.groovy:78)
	at com.kms.katalon.core.webui.keyword.builtin.GetTextKeyword$_getText_closure1.call(GetTextKeyword.groovy)
	at com.kms.katalon.core.webui.keyword.internal.WebUIKeywordMain.runKeyword(WebUIKeywordMain.groovy:20)
	at com.kms.katalon.core.webui.keyword.builtin.GetTextKeyword.getText(GetTextKeyword.groovy:88)
	at com.kms.katalon.core.webui.keyword.builtin.GetTextKeyword.execute(GetTextKeyword.groovy:67)
	at com.kms.katalon.core.keyword.internal.KeywordExecutor.executeKeywordForPlatform(KeywordExecutor.groovy:73)
	at com.kms.katalon.core.webui.keyword.WebUiBuiltInKeywords.getText(WebUiBuiltInKeywords.groovy:917)
	at com.kms.katalon.core.webui.keyword.WebUiBuiltInKeywords$getText$4.call(Unknown Source)
	at Script1613756838194.run(Script1613756838194.groovy:59)
	... 13 more
)

2021-05-03 09:11:32 - [MESSAGE][INFO] - Unable to find the element located by 'By.xpath: //*[(contains(text(), 'Why were Adam and Eve not ashamed that they were naked?') or contains(., 'Why were Adam and Eve not ashamed that they were naked?'))]'. Please recheck the objects properties to make sure the desired element is located. 

2021-05-03 09:11:33 - [MESSAGE][FAILED] - Unable to get text of object 'Object Repository/obs-tq/h1_DCS Repo question' (Root cause: com.kms.katalon.core.exception.StepFailedException: Unable to get text of object 'Object Repository/obs-tq/h1_DCS Repo question'
	at com.kms.katalon.core.webui.keyword.internal.WebUIKeywordMain.stepFailed(WebUIKeywordMain.groovy:64)
	at com.kms.katalon.core.webui.keyword.internal.WebUIKeywordMain.runKeyword(WebUIKeywordMain.groovy:26)
	at com.kms.katalon.core.webui.keyword.builtin.GetTextKeyword.getText(GetTextKeyword.groovy:88)
	at com.kms.katalon.core.webui.keyword.builtin.GetTextKeyword.execute(GetTextKeyword.groovy:67)
	at com.kms.katalon.core.keyword.internal.KeywordExecutor.executeKeywordForPlatform(KeywordExecutor.groovy:73)
	at com.kms.katalon.core.webui.keyword.WebUiBuiltInKeywords.getText(WebUiBuiltInKeywords.groovy:917)
	at com.kms.katalon.core.webui.keyword.WebUiBuiltInKeywords$getText$4.call(Unknown Source)
	at tCC Test OBS-tQ.run(tCC Test OBS-tQ:59)
	at com.kms.katalon.core.main.ScriptEngine.run(ScriptEngine.java:194)
	at com.kms.katalon.core.main.ScriptEngine.runScriptAsRawText(ScriptEngine.java:119)
	at com.kms.katalon.core.main.TestCaseExecutor.runScript(TestCaseExecutor.java:398)
	at com.kms.katalon.core.main.TestCaseExecutor.doExecute(TestCaseExecutor.java:389)
	at com.kms.katalon.core.main.TestCaseExecutor.processExecutionPhase(TestCaseExecutor.java:368)
	at com.kms.katalon.core.main.TestCaseExecutor.accessMainPhase(TestCaseExecutor.java:360)
	at com.kms.katalon.core.main.TestCaseExecutor.execute(TestCaseExecutor.java:255)
	at com.kms.katalon.core.main.TestSuiteExecutor.accessTestCaseMainPhase(TestSuiteExecutor.java:203)
	at com.kms.katalon.core.main.TestSuiteExecutor.accessTestSuiteMainPhase(TestSuiteExecutor.java:152)
	at com.kms.katalon.core.main.TestSuiteExecutor.execute(TestSuiteExecutor.java:95)
	at com.kms.katalon.core.main.TestCaseMain.startTestSuite(TestCaseMain.java:157)
	at com.kms.katalon.core.main.TestCaseMain$startTestSuite$0.call(Unknown Source)
	at TempTestSuite1620046103825.run(TempTestSuite1620046103825.groovy:39)
Caused by: com.kms.katalon.core.webui.exception.WebElementNotFoundException: Web element with id: 'Object Repository/obs-tq/h1_DCS Repo question' located by '//*[(contains(text(), 'Why were Adam and Eve not ashamed that they were naked?') or contains(., 'Why were Adam and Eve not ashamed that they were naked?'))]' not found
	at com.kms.katalon.core.webui.common.WebUiCommonHelper.findWebElement(WebUiCommonHelper.java:1368)
	at com.kms.katalon.core.webui.keyword.internal.WebUIAbstractKeyword.findWebElement(WebUIAbstractKeyword.groovy:27)
	at com.kms.katalon.core.webui.keyword.internal.WebUIAbstractKeyword.findWebElement(WebUIAbstractKeyword.groovy:26)
	at com.kms.katalon.core.webui.keyword.builtin.GetTextKeyword$_getText_closure1.doCall(GetTextKeyword.groovy:78)
	at com.kms.katalon.core.webui.keyword.builtin.GetTextKeyword$_getText_closure1.call(GetTextKeyword.groovy)
	at com.kms.katalon.core.webui.keyword.internal.WebUIKeywordMain.runKeyword(WebUIKeywordMain.groovy:20)
	at com.kms.katalon.core.webui.keyword.builtin.GetTextKeyword.getText(GetTextKeyword.groovy:88)
	at com.kms.katalon.core.webui.keyword.builtin.GetTextKeyword.execute(GetTextKeyword.groovy:67)
	at com.kms.katalon.core.keyword.internal.KeywordExecutor.executeKeywordForPlatform(KeywordExecutor.groovy:73)
	at com.kms.katalon.core.webui.keyword.WebUiBuiltInKeywords.getText(WebUiBuiltInKeywords.groovy:917)
	at com.kms.katalon.core.webui.keyword.WebUiBuiltInKeywords$getText$4.call(Unknown Source)
	at Script1613756838194.run(Script1613756838194.groovy:59)
	... 13 more
)
[[ATTACHMENT|/Users/elsylitsonlambert/git/tcCreateQA/Reports/20210503_084823/Test Suite1- Regression/20210503_084823/1620047492977.png]]]]></system-out>
         <system-err><![CDATA[2021-05-03 09:10:21 - [TEST_CASE][FAILED] - Test Cases/tCC Test Cases/tCC Test OBS-tQ: Test Cases/tCC Test Cases/tCC Test OBS-tQ FAILED.
Reason:
com.kms.katalon.core.exception.StepFailedException: Unable to get text of object 'Object Repository/obs-tq/h1_DCS Repo question' (Root cause: com.kms.katalon.core.exception.StepFailedException: Unable to get text of object 'Object Repository/obs-tq/h1_DCS Repo question'
	at com.kms.katalon.core.webui.keyword.internal.WebUIKeywordMain.stepFailed(WebUIKeywordMain.groovy:64)
	at com.kms.katalon.core.webui.keyword.internal.WebUIKeywordMain.runKeyword(WebUIKeywordMain.groovy:26)
	at com.kms.katalon.core.webui.keyword.builtin.GetTextKeyword.getText(GetTextKeyword.groovy:88)
	at com.kms.katalon.core.webui.keyword.builtin.GetTextKeyword.execute(GetTextKeyword.groovy:67)
	at com.kms.katalon.core.keyword.internal.KeywordExecutor.executeKeywordForPlatform(KeywordExecutor.groovy:73)
	at com.kms.katalon.core.webui.keyword.WebUiBuiltInKeywords.getText(WebUiBuiltInKeywords.groovy:917)
	at com.kms.katalon.core.webui.keyword.WebUiBuiltInKeywords$getText$4.call(Unknown Source)
	at tCC Test OBS-tQ.run(tCC Test OBS-tQ:59)
	at com.kms.katalon.core.main.ScriptEngine.run(ScriptEngine.java:194)
	at com.kms.katalon.core.main.ScriptEngine.runScriptAsRawText(ScriptEngine.java:119)
	at com.kms.katalon.core.main.TestCaseExecutor.runScript(TestCaseExecutor.java:398)
	at com.kms.katalon.core.main.TestCaseExecutor.doExecute(TestCaseExecutor.java:389)
	at com.kms.katalon.core.main.TestCaseExecutor.processExecutionPhase(TestCaseExecutor.java:368)
	at com.kms.katalon.core.main.TestCaseExecutor.accessMainPhase(TestCaseExecutor.java:360)
	at com.kms.katalon.core.main.TestCaseExecutor.execute(TestCaseExecutor.java:255)
	at com.kms.katalon.core.main.TestSuiteExecutor.accessTestCaseMainPhase(TestSuiteExecutor.java:203)
	at com.kms.katalon.core.main.TestSuiteExecutor.accessTestSuiteMainPhase(TestSuiteExecutor.java:152)
	at com.kms.katalon.core.main.TestSuiteExecutor.execute(TestSuiteExecutor.java:95)
	at com.kms.katalon.core.main.TestCaseMain.startTestSuite(TestCaseMain.java:157)
	at com.kms.katalon.core.main.TestCaseMain$startTestSuite$0.call(Unknown Source)
	at TempTestSuite1620046103825.run(TempTestSuite1620046103825.groovy:39)
Caused by: com.kms.katalon.core.webui.exception.WebElementNotFoundException: Web element with id: 'Object Repository/obs-tq/h1_DCS Repo question' located by '//*[(contains(text(), 'Why were Adam and Eve not ashamed that they were naked?') or contains(., 'Why were Adam and Eve not ashamed that they were naked?'))]' not found
	at com.kms.katalon.core.webui.common.WebUiCommonHelper.findWebElement(WebUiCommonHelper.java:1368)
	at com.kms.katalon.core.webui.keyword.internal.WebUIAbstractKeyword.findWebElement(WebUIAbstractKeyword.groovy:27)
	at com.kms.katalon.core.webui.keyword.internal.WebUIAbstractKeyword.findWebElement(WebUIAbstractKeyword.groovy:26)
	at com.kms.katalon.core.webui.keyword.builtin.GetTextKeyword$_getText_closure1.doCall(GetTextKeyword.groovy:78)
	at com.kms.katalon.core.webui.keyword.builtin.GetTextKeyword$_getText_closure1.call(GetTextKeyword.groovy)
	at com.kms.katalon.core.webui.keyword.internal.WebUIKeywordMain.runKeyword(WebUIKeywordMain.groovy:20)
	at com.kms.katalon.core.webui.keyword.builtin.GetTextKeyword.getText(GetTextKeyword.groovy:88)
	at com.kms.katalon.core.webui.keyword.builtin.GetTextKeyword.execute(GetTextKeyword.groovy:67)
	at com.kms.katalon.core.keyword.internal.KeywordExecutor.executeKeywordForPlatform(KeywordExecutor.groovy:73)
	at com.kms.katalon.core.webui.keyword.WebUiBuiltInKeywords.getText(WebUiBuiltInKeywords.groovy:917)
	at com.kms.katalon.core.webui.keyword.WebUiBuiltInKeywords$getText$4.call(Unknown Source)
	at Script1613756838194.run(Script1613756838194.groovy:59)
	... 13 more
)
	at com.kms.katalon.core.keyword.internal.KeywordMain.stepFailed(KeywordMain.groovy:39)
	at com.kms.katalon.core.webui.keyword.internal.WebUIKeywordMain.stepFailed(WebUIKeywordMain.groovy:64)
	at com.kms.katalon.core.webui.keyword.internal.WebUIKeywordMain.runKeyword(WebUIKeywordMain.groovy:26)
	at com.kms.katalon.core.webui.keyword.builtin.GetTextKeyword.getText(GetTextKeyword.groovy:88)
	at com.kms.katalon.core.webui.keyword.builtin.GetTextKeyword.execute(GetTextKeyword.groovy:67)
	at com.kms.katalon.core.keyword.internal.KeywordExecutor.executeKeywordForPlatform(KeywordExecutor.groovy:73)
	at com.kms.katalon.core.webui.keyword.WebUiBuiltInKeywords.getText(WebUiBuiltInKeywords.groovy:917)
	at com.kms.katalon.core.webui.keyword.WebUiBuiltInKeywords$getText$4.call(Unknown Source)
	at tCC Test OBS-tQ.run(tCC Test OBS-tQ:59)
	at com.kms.katalon.core.main.ScriptEngine.run(ScriptEngine.java:194)
	at com.kms.katalon.core.main.ScriptEngine.runScriptAsRawText(ScriptEngine.java:119)
	at com.kms.katalon.core.main.TestCaseExecutor.runScript(TestCaseExecutor.java:398)
	at com.kms.katalon.core.main.TestCaseExecutor.doExecute(TestCaseExecutor.java:389)
	at com.kms.katalon.core.main.TestCaseExecutor.processExecutionPhase(TestCaseExecutor.java:368)
	at com.kms.katalon.core.main.TestCaseExecutor.accessMainPhase(TestCaseExecutor.java:360)
	at com.kms.katalon.core.main.TestCaseExecutor.execute(TestCaseExecutor.java:255)
	at com.kms.katalon.core.main.TestSuiteExecutor.accessTestCaseMainPhase(TestSuiteExecutor.java:203)
	at com.kms.katalon.core.main.TestSuiteExecutor.accessTestSuiteMainPhase(TestSuiteExecutor.java:152)
	at com.kms.katalon.core.main.TestSuiteExecutor.execute(TestSuiteExecutor.java:95)
	at com.kms.katalon.core.main.TestCaseMain.startTestSuite(TestCaseMain.java:157)
	at com.kms.katalon.core.main.TestCaseMain$startTestSuite$0.call(Unknown Source)
	at TempTestSuite1620046103825.run(TempTestSuite1620046103825.groovy:39)
Caused by: com.kms.katalon.core.exception.StepFailedException: Unable to get text of object 'Object Repository/obs-tq/h1_DCS Repo question'
	... 21 more
Caused by: com.kms.katalon.core.webui.exception.WebElementNotFoundException: Web element with id: 'Object Repository/obs-tq/h1_DCS Repo question' located by '//*[(contains(text(), 'Why were Adam and Eve not ashamed that they were naked?') or contains(., 'Why were Adam and Eve not ashamed that they were naked?'))]' not found
	at com.kms.katalon.core.webui.common.WebUiCommonHelper.findWebElement(WebUiCommonHelper.java:1368)
	at com.kms.katalon.core.webui.keyword.internal.WebUIAbstractKeyword.findWebElement(WebUIAbstractKeyword.groovy:27)
	at com.kms.katalon.core.webui.keyword.internal.WebUIAbstractKeyword.findWebElement(WebUIAbstractKeyword.groovy:26)
	at com.kms.katalon.core.webui.keyword.builtin.GetTextKeyword$_getText_closure1.doCall(GetTextKeyword.groovy:78)
	at com.kms.katalon.core.webui.keyword.builtin.GetTextKeyword$_getText_closure1.call(GetTextKeyword.groovy)
	at com.kms.katalon.core.webui.keyword.internal.WebUIKeywordMain.runKeyword(WebUIKeywordMain.groovy:20)
	... 19 more]]></system-err>
      </testcase>
      <testcase name="Test Cases/tCC Test Cases/tCC-Test OBS-tn" time="36.848" classname="Test Cases/tCC Test Cases/tCC-Test OBS-tn" status="PASSED">
         <system-out><![CDATA[2021-05-03 09:11:33 - [TEST_CASE][PASSED] - Test Cases/tCC Test Cases/tCC-Test OBS-tn: Test Cases/tCC Test Cases/tCC-Test OBS-tn

2021-05-03 09:11:33 - [TEST_STEP][PASSED] - com.tccreate.keywords.WriteToFile.writeTofilename("OBS-tN-Save"): com.tccreate.keywords.WriteToFile.writeTofilename is PASSED

2021-05-03 09:11:33 - [MESSAGE][PASSED] - com.tccreate.keywords.WriteToFile.writeTofilename is PASSED

2021-05-03 09:11:33 - [TEST_STEP][PASSED] - com.helper.login.TimeDate.getTimeDate(): com.helper.login.TimeDate.getTimeDate is PASSED

2021-05-03 09:11:33 - [MESSAGE][INFO] - Time at which the test run:2021-05-03 09:11:33.493

2021-05-03 09:11:33 - [MESSAGE][PASSED] - com.helper.login.TimeDate.getTimeDate is PASSED

2021-05-03 09:11:33 - [TEST_STEP][PASSED] - com.helper.login.loginhelper.logintoapp(): com.helper.login.loginhelper.logintoapp is PASSED

2021-05-03 09:11:33 - [MESSAGE][WARNING] - A browser is already opened. Closing browser and opening a new one

2021-05-03 09:11:33 - [MESSAGE][INFO] - Starting 'Chrome' driver

2021-05-03 09:11:33 - [MESSAGE][INFO] - Action delay is set to 1,000 milliseconds

2021-05-03 09:11:34 - [MESSAGE][WARNING] - FFmpeg was not installed! Browser Recording will be disabled. Please follow this document to install FFmpeg first: https://docs.katalon.com/katalon-studio/docs/screenshots-videos.html#browser-based-recorder

2021-05-03 09:11:37 - [MESSAGE][PASSED] - Browser is opened with url: 'https://develop--tc-create-app.netlify.app/'

2021-05-03 09:11:37 - [MESSAGE][PASSED] - Wait for page load successfully

2021-05-03 09:11:37 - [MESSAGE][PASSED] - Current window maximized

2021-05-03 09:11:38 - [MESSAGE][PASSED] - Keys 'elsylambert' sent to object: 'Object Repository/Page_tC Create/input__username'

2021-05-03 09:11:40 - [MESSAGE][PASSED] - Keys 'fatak43' sent to object: 'Object Repository/Page_tC Create/input__password'

2021-05-03 09:11:41 - [MESSAGE][PASSED] - Object: 'Object Repository/Page_tC Create/button_Login' is clicked on

2021-05-03 09:11:42 - [MESSAGE][PASSED] - Delayed 1 second(s)

2021-05-03 09:11:44 - [MESSAGE][PASSED] - Text of object 'Object Repository/Page_tC Create/tcc-version number' is: 'translationCore Create - v1.2.0 build 41-eb23e86'

2021-05-03 09:11:44 - [MESSAGE][INFO] - : The current version and build number is translationCore Create - v1.2.0 build 41-eb23e86

2021-05-03 09:11:44 - [MESSAGE][PASSED] - com.helper.login.loginhelper.logintoapp is PASSED

2021-05-03 09:11:44 - [TEST_STEP][PASSED] - com.tccreate.keywords.selectOrg.organization(""): com.tccreate.keywords.selectOrg.organization is PASSED

2021-05-03 09:11:45 - [MESSAGE][PASSED] - Object: 'Object Repository/Page_tC Create/listOption_organisation_Parmed' is clicked on

2021-05-03 09:11:47 - [MESSAGE][WARNING] - No alert found after 2 second(s).

2021-05-03 09:11:47 - [MESSAGE][PASSED] - com.tccreate.keywords.selectOrg.organization is PASSED

2021-05-03 09:11:47 - [TEST_STEP][PASSED] - com.tccreate.keywords.selectOrg.resource("unfoldingWordÂ® Open Bible Stories Translation Notes"): com.tccreate.keywords.selectOrg.resource is PASSED

2021-05-03 09:11:49 - [MESSAGE][PASSED] - Object: 'Object Repository/Page_tC Create/resource_Parmed' is clicked on

2021-05-03 09:11:49 - [MESSAGE][PASSED] - com.tccreate.keywords.selectOrg.resource is PASSED

2021-05-03 09:11:49 - [TEST_STEP][PASSED] - com.tccreate.keywords.selectOrg.language(""): com.tccreate.keywords.selectOrg.language is PASSED

2021-05-03 09:11:50 - [MESSAGE][PASSED] - Object: 'Object Repository/Page_tC Create/combo_Select Language' is clicked on

2021-05-03 09:11:52 - [MESSAGE][PASSED] - Object: 'Object Repository/Page_tC Create/listOption_Language_Parmed' is clicked on

2021-05-03 09:11:52 - [MESSAGE][PASSED] - com.tccreate.keywords.selectOrg.language is PASSED

2021-05-03 09:11:52 - [TEST_STEP][PASSED] - click(findTestObject("Object Repository/OBS-tn/div_content")): Object: 'Object Repository/OBS-tn/div_content' is clicked on

2021-05-03 09:11:54 - [MESSAGE][PASSED] - Object: 'Object Repository/OBS-tn/div_content' is clicked on

2021-05-03 09:11:54 - [TEST_STEP][PASSED] - click(findTestObject("Object Repository/OBS-tn/span_02")): Object: 'Object Repository/OBS-tn/span_02' is clicked on

2021-05-03 09:11:56 - [MESSAGE][PASSED] - Object: 'Object Repository/OBS-tn/span_02' is clicked on

2021-05-03 09:11:56 - [TEST_STEP][PASSED] - click(findTestObject("Object Repository/OBS-tn/span_01.md")): Object: 'Object Repository/OBS-tn/span_01.md' is clicked on

2021-05-03 09:11:58 - [MESSAGE][PASSED] - Object: 'Object Repository/OBS-tn/span_01.md' is clicked on

2021-05-03 09:11:58 - [TEST_STEP][PASSED] - click(findTestObject("Object Repository/OBS-tn/div_the beautiful garden edits box")): Object: 'Object Repository/OBS-tn/div_the beautiful garden edits box' is clicked on

2021-05-03 09:12:00 - [MESSAGE][PASSED] - Object: 'Object Repository/OBS-tn/div_the beautiful garden edits box' is clicked on

2021-05-03 09:12:00 - [TEST_STEP][PASSED] - sendKeys(findTestObject("Object Repository/OBS-tn/div_the beautiful garden edits box"), "  edits by a test script"): Keys '  edits by a test script' sent to object: 'Object Repository/OBS-tn/div_the beautiful garden edits box'

2021-05-03 09:12:02 - [MESSAGE][PASSED] - Keys '  edits by a test script' sent to object: 'Object Repository/OBS-tn/div_the beautiful garden edits box'

2021-05-03 09:12:02 - [TEST_STEP][PASSED] - click(findTestObject("Object Repository/Page_tC Create/button_Save")): Object: 'Object Repository/Page_tC Create/button_Save' is clicked on

2021-05-03 09:12:03 - [MESSAGE][PASSED] - Object: 'Object Repository/Page_tC Create/button_Save' is clicked on

2021-05-03 09:12:03 - [TEST_STEP][PASSED] - delay(2): Delayed 2 second(s)

2021-05-03 09:12:05 - [MESSAGE][PASSED] - Delayed 2 second(s)

2021-05-03 09:12:05 - [TEST_STEP][PASSED] - if (verifyElementNotClickable(findTestObject("Page_tC Create/button_Save"), CONTINUE_ON_FAILURE)): null

2021-05-03 09:12:06 - [MESSAGE][PASSED] - Object 'Object Repository/Page_tC Create/button_Save' is NOT clickable

2021-05-03 09:12:06 - [TEST_STEP][PASSED] - logInfo(" Save button is greyed out as expected"):  Save button is greyed out as expected

2021-05-03 09:12:06 - [MESSAGE][INFO] -  Save button is greyed out as expected

2021-05-03 09:12:06 - [TEST_STEP][PASSED] - click(findTestObject("Object Repository/OBS-tn/div_English - unfoldingWorden_obs-tnElsyLambert-tc-create-1")): Object: 'Object Repository/OBS-tn/div_English - unfoldingWorden_obs-tnElsyLambert-tc-create-1' is clicked on

2021-05-03 09:12:07 - [MESSAGE][PASSED] - Object: 'Object Repository/OBS-tn/div_English - unfoldingWorden_obs-tnElsyLambert-tc-create-1' is clicked on

2021-05-03 09:12:07 - [TEST_STEP][PASSED] - delay(2): Delayed 2 second(s)

2021-05-03 09:12:09 - [MESSAGE][PASSED] - Delayed 2 second(s)

2021-05-03 09:12:09 - [TEST_STEP][PASSED] - switchToWindowIndex(1): Switched to window with index: '1'

2021-05-03 09:12:09 - [MESSAGE][PASSED] - Switched to window with index: '1'

2021-05-03 09:12:09 - [TEST_STEP][PASSED] - if (getText(findTestObject("Object Repository/OBS-tn/h1_the beautiful garden on DCS")).contains("edits by a test script")): null

2021-05-03 09:12:10 - [MESSAGE][PASSED] - Text of object 'Object Repository/OBS-tn/h1_the beautiful garden on DCS' is: 'Home
Catalog
About DCS
Help
Register
Sign In
unfoldingWord / en_obs-tn v9
Catalog
v9
Watch
3
Star
1
Fork
9
Files
Issues
0
Pull Requests
1
Releases
6
Activity
Preview
unfoldingWordÂ® Open Bible Stories Translation Notes https://www.openbiblestories.org/
235 Commits
8 Branches
14 MiB
English (en)
  Branch: ElsyLambert-tc-create-1
en_obs-tn/content/02/01.md
609 B
Raw
Permalink
Blame
History
the beautiful garden  edits by a test script
This refers to a special collection of trees and plants that God prepared for Adam and Eve to enjoy and from which to eat. This should be the same word that was used in 01:11. See how you translated it there.
shame
the feeling that comes with knowing we have sinned or that we fall short in some way
talked with God
The word for talk should be the same as would be used to refer to talking to a human being. God may have taken a physical form to talk to the man and the woman since the text indicates that they talked to him face-to-face.
Except where otherwise noted, content on DCS is licensed under a CC BY-SA 4.0 License Version: 1.13.7+dcs Page: 123ms Template: 106ms
Version: 1.13.7+dcs Page: 123ms Template: 106ms
GitHub
English
Licenses API unfoldingWord Go1.15.11'

2021-05-03 09:12:10 - [TEST_STEP][PASSED] - logInfo("The edits are saved on the DCS Repo File"): The edits are saved on the DCS Repo File

2021-05-03 09:12:10 - [MESSAGE][INFO] - The edits are saved on the DCS Repo File

2021-05-03 09:12:10 - [TEST_STEP][PASSED] - switchToWindowIndex(0): Switched to window with index: '0'

2021-05-03 09:12:10 - [MESSAGE][PASSED] - Switched to window with index: '0'

2021-05-03 09:12:10 - [TEST_STEP][PASSED] - closeBrowser(): Browser is closed

2021-05-03 09:12:10 - [MESSAGE][PASSED] - Browser is closed

2021-05-03 09:12:10 - [TEST_STEP][PASSED] - closeBrowser(): Browser is closed

2021-05-03 09:12:10 - [MESSAGE][PASSED] - Browser is closed]]></system-out>
         <system-err><![CDATA[]]></system-err>
      </testcase>
      <testcase name="Test Cases/tCC Test Cases/tCC Test OBS Study Notes" time="37.748" classname="Test Cases/tCC Test Cases/tCC Test OBS Study Notes" status="PASSED">
         <system-out><![CDATA[2021-05-03 09:12:10 - [TEST_CASE][PASSED] - Test Cases/tCC Test Cases/tCC Test OBS Study Notes: Test Cases/tCC Test Cases/tCC Test OBS Study Notes

2021-05-03 09:12:10 - [TEST_STEP][PASSED] - com.tccreate.keywords.WriteToFile.writeTofilename("OBS-sn-Save"): com.tccreate.keywords.WriteToFile.writeTofilename is PASSED

2021-05-03 09:12:10 - [MESSAGE][PASSED] - com.tccreate.keywords.WriteToFile.writeTofilename is PASSED

2021-05-03 09:12:10 - [TEST_STEP][PASSED] - com.helper.login.TimeDate.getTimeDate(): com.helper.login.TimeDate.getTimeDate is PASSED

2021-05-03 09:12:10 - [MESSAGE][INFO] - Time at which the test run:2021-05-03 09:12:10.36

2021-05-03 09:12:10 - [MESSAGE][PASSED] - com.helper.login.TimeDate.getTimeDate is PASSED

2021-05-03 09:12:10 - [TEST_STEP][PASSED] - com.helper.login.loginhelper.logintoapp(): com.helper.login.loginhelper.logintoapp is PASSED

2021-05-03 09:12:10 - [MESSAGE][INFO] - Starting 'Chrome' driver

2021-05-03 09:12:10 - [MESSAGE][INFO] - Action delay is set to 1,000 milliseconds

2021-05-03 09:12:11 - [MESSAGE][WARNING] - FFmpeg was not installed! Browser Recording will be disabled. Please follow this document to install FFmpeg first: https://docs.katalon.com/katalon-studio/docs/screenshots-videos.html#browser-based-recorder

2021-05-03 09:12:13 - [MESSAGE][PASSED] - Browser is opened with url: 'https://develop--tc-create-app.netlify.app/'

2021-05-03 09:12:13 - [MESSAGE][PASSED] - Wait for page load successfully

2021-05-03 09:12:14 - [MESSAGE][PASSED] - Current window maximized

2021-05-03 09:12:15 - [MESSAGE][PASSED] - Keys 'elsylambert' sent to object: 'Object Repository/Page_tC Create/input__username'

2021-05-03 09:12:17 - [MESSAGE][PASSED] - Keys 'fatak43' sent to object: 'Object Repository/Page_tC Create/input__password'

2021-05-03 09:12:18 - [MESSAGE][PASSED] - Object: 'Object Repository/Page_tC Create/button_Login' is clicked on

2021-05-03 09:12:19 - [MESSAGE][PASSED] - Delayed 1 second(s)

2021-05-03 09:12:20 - [MESSAGE][PASSED] - Text of object 'Object Repository/Page_tC Create/tcc-version number' is: 'translationCore Create - v1.2.0 build 41-eb23e86'

2021-05-03 09:12:20 - [MESSAGE][INFO] - : The current version and build number is translationCore Create - v1.2.0 build 41-eb23e86

2021-05-03 09:12:20 - [MESSAGE][PASSED] - com.helper.login.loginhelper.logintoapp is PASSED

2021-05-03 09:12:20 - [TEST_STEP][PASSED] - com.tccreate.keywords.selectOrg.organization(""): com.tccreate.keywords.selectOrg.organization is PASSED

2021-05-03 09:12:22 - [MESSAGE][PASSED] - Object: 'Object Repository/Page_tC Create/listOption_organisation_Parmed' is clicked on

2021-05-03 09:12:24 - [MESSAGE][WARNING] - No alert found after 2 second(s).

2021-05-03 09:12:24 - [MESSAGE][PASSED] - com.tccreate.keywords.selectOrg.organization is PASSED

2021-05-03 09:12:24 - [TEST_STEP][PASSED] - com.tccreate.keywords.selectOrg.resource("unfoldingWordÂ® Open Bible Stories Study Notes"): com.tccreate.keywords.selectOrg.resource is PASSED

2021-05-03 09:12:25 - [MESSAGE][PASSED] - Object: 'Object Repository/Page_tC Create/resource_Parmed' is clicked on

2021-05-03 09:12:25 - [MESSAGE][PASSED] - com.tccreate.keywords.selectOrg.resource is PASSED

2021-05-03 09:12:25 - [TEST_STEP][PASSED] - com.tccreate.keywords.selectOrg.language(""): com.tccreate.keywords.selectOrg.language is PASSED

2021-05-03 09:12:27 - [MESSAGE][PASSED] - Object: 'Object Repository/Page_tC Create/combo_Select Language' is clicked on

2021-05-03 09:12:28 - [MESSAGE][PASSED] - Object: 'Object Repository/Page_tC Create/listOption_Language_Parmed' is clicked on

2021-05-03 09:12:28 - [MESSAGE][PASSED] - com.tccreate.keywords.selectOrg.language is PASSED

2021-05-03 09:12:28 - [TEST_STEP][PASSED] - click(findTestObject("Object Repository/OBS-tn/div_content")): Object: 'Object Repository/OBS-tn/div_content' is clicked on

2021-05-03 09:12:30 - [MESSAGE][PASSED] - Object: 'Object Repository/OBS-tn/div_content' is clicked on

2021-05-03 09:12:30 - [TEST_STEP][PASSED] - click(findTestObject("Object Repository/OBS-tn/span_02")): Object: 'Object Repository/OBS-tn/span_02' is clicked on

2021-05-03 09:12:32 - [MESSAGE][PASSED] - Object: 'Object Repository/OBS-tn/span_02' is clicked on

2021-05-03 09:12:32 - [TEST_STEP][PASSED] - click(findTestObject("Object Repository/OBS-tn/span_02.md")): Object: 'Object Repository/OBS-tn/span_02.md' is clicked on

2021-05-03 09:12:34 - [MESSAGE][PASSED] - Object: 'Object Repository/OBS-tn/span_02.md' is clicked on

2021-05-03 09:12:34 - [TEST_STEP][PASSED] - click(findTestObject("Object Repository/obs-sn/div_a snake edit box")): Object: 'Object Repository/obs-sn/div_a snake edit box' is clicked on

2021-05-03 09:12:38 - [MESSAGE][PASSED] - Object: 'Object Repository/obs-sn/div_a snake edit box' is clicked on

2021-05-03 09:12:38 - [TEST_STEP][PASSED] - sendKeys(findTestObject("Object Repository/obs-sn/div_a snake edit box"), "  edits by a test script"): Keys '  edits by a test script' sent to object: 'Object Repository/obs-sn/div_a snake edit box'

2021-05-03 09:12:39 - [MESSAGE][PASSED] - Keys '  edits by a test script' sent to object: 'Object Repository/obs-sn/div_a snake edit box'

2021-05-03 09:12:39 - [TEST_STEP][PASSED] - click(findTestObject("Object Repository/Page_tC Create/button_Save")): Object: 'Object Repository/Page_tC Create/button_Save' is clicked on

2021-05-03 09:12:41 - [MESSAGE][PASSED] - Object: 'Object Repository/Page_tC Create/button_Save' is clicked on

2021-05-03 09:12:41 - [TEST_STEP][PASSED] - delay(2): Delayed 2 second(s)

2021-05-03 09:12:43 - [MESSAGE][PASSED] - Delayed 2 second(s)

2021-05-03 09:12:43 - [TEST_STEP][PASSED] - if (verifyElementNotClickable(findTestObject("Page_tC Create/button_Save"), CONTINUE_ON_FAILURE)): null

2021-05-03 09:12:43 - [MESSAGE][PASSED] - Object 'Object Repository/Page_tC Create/button_Save' is NOT clickable

2021-05-03 09:12:43 - [TEST_STEP][PASSED] - logInfo(" Save button is greyed out as expected"):  Save button is greyed out as expected

2021-05-03 09:12:43 - [MESSAGE][INFO] -  Save button is greyed out as expected

2021-05-03 09:12:43 - [TEST_STEP][PASSED] - click(findTestObject("Object Repository/obs-sn/div_English - unfoldingWorden_obs-snElsyLambert-tc-create-1")): Object: 'Object Repository/obs-sn/div_English - unfoldingWorden_obs-snElsyLambert-tc-create-1' is clicked on

2021-05-03 09:12:45 - [MESSAGE][PASSED] - Object: 'Object Repository/obs-sn/div_English - unfoldingWorden_obs-snElsyLambert-tc-create-1' is clicked on

2021-05-03 09:12:45 - [TEST_STEP][PASSED] - delay(2): Delayed 2 second(s)

2021-05-03 09:12:47 - [MESSAGE][PASSED] - Delayed 2 second(s)

2021-05-03 09:12:47 - [TEST_STEP][PASSED] - switchToWindowIndex(1): Switched to window with index: '1'

2021-05-03 09:12:47 - [MESSAGE][PASSED] - Switched to window with index: '1'

2021-05-03 09:12:47 - [TEST_STEP][PASSED] - if (getText(findTestObject("Object Repository/obs-sn/h1_a snake DCS page")).contains("edits by a test script")): null

2021-05-03 09:12:47 - [MESSAGE][PASSED] - Text of object 'Object Repository/obs-sn/h1_a snake DCS page' is: 'Home
Catalog
About DCS
Help
Register
Sign In
unfoldingWord / en_obs-sn v4
Catalog
v4
Watch
9
Star
1
Fork
3
Files
Issues
0
Pull Requests
1
Releases
4
Activity
Preview
unfoldingWordÂ® Open Bible Stories Study Notes
184 Commits
3 Branches
2.1 MiB
English (en)
  Branch: ElsyLambert-tc-create-1
en_obs-sn/content/02/02.md
422 B
Raw
Permalink
Blame
History
a snake  edits by a test script
Some scholars think the snake represents Satan. Other scholars think the snake was a real snake, and that Satan was the one who was speaking through it.
Did God really tell you not to eat the fruit from any of the trees in the garden?
The snake asked this question to cause the woman to think about the things that God told her not to do, instead of the things he said she could do.
Except where otherwise noted, content on DCS is licensed under a CC BY-SA 4.0 License Version: 1.13.7+dcs Page: 93ms Template: 85ms
Version: 1.13.7+dcs Page: 93ms Template: 85ms
GitHub
English
Licenses API unfoldingWord Go1.15.11'

2021-05-03 09:12:47 - [TEST_STEP][PASSED] - logInfo("The edits are saved on the DCS Repo File"): The edits are saved on the DCS Repo File

2021-05-03 09:12:47 - [MESSAGE][INFO] - The edits are saved on the DCS Repo File

2021-05-03 09:12:47 - [TEST_STEP][PASSED] - switchToWindowIndex(0): Switched to window with index: '0'

2021-05-03 09:12:47 - [MESSAGE][PASSED] - Switched to window with index: '0'

2021-05-03 09:12:47 - [TEST_STEP][PASSED] - closeBrowser(): Browser is closed

2021-05-03 09:12:47 - [MESSAGE][PASSED] - Browser is closed

2021-05-03 09:12:47 - [TEST_STEP][PASSED] - closeBrowser(): Browser is closed

2021-05-03 09:12:47 - [MESSAGE][PASSED] - Browser is closed]]></system-out>
         <system-err><![CDATA[]]></system-err>
      </testcase>
      <testcase name="Test Cases/tCC Test Cases/Tool Tips - tA" time="2205.48" classname="Test Cases/tCC Test Cases/Tool Tips - tA" status="FAILED">
         <failure type="FAILED" message="Test Cases/tCC Test Cases/Tool Tips - tA FAILED.
Reason:
com.kms.katalon.core.exception.StepFailedException: Unable to get attribute 'title' of object 'Object Repository/Tool tips/button_No Sections' (Root cause: com.kms.katalon.core.exception.StepFailedException: Unable to get attribute 'title' of object 'Object Repository/Tool tips/button_No Sections'
	at com.kms.katalon.core.webui.keyword.internal.WebUIKeywordMain.stepFailed(WebUIKeywordMain.groovy:64)
	at com.kms.katalon.core.webui.keyword.internal.WebUIKeywordMain.runKeyword(WebUIKeywordMain.groovy:26)
	at com.kms.katalon.core.webui.keyword.builtin.GetAttributeKeyword.getAttribute(GetAttributeKeyword.groovy:93)
	at com.kms.katalon.core.webui.keyword.builtin.GetAttributeKeyword.execute(GetAttributeKeyword.groovy:68)
	at com.kms.katalon.core.keyword.internal.KeywordExecutor.executeKeywordForPlatform(KeywordExecutor.groovy:73)
	at com.kms.katalon.core.webui.keyword.WebUiBuiltInKeywords.getAttribute(WebUiBuiltInKeywords.groovy:950)
	at com.kms.katalon.core.webui.keyword.WebUiBuiltInKeywords$getAttribute$13.call(Unknown Source)
	at Tool Tips - tA.testToolTip(Tool Tips - tA:41)
	at Tool Tips - tA.testToggleTip(Tool Tips - tA:95)
	at Tool Tips - tA.run(Tool Tips - tA:31)
	at com.kms.katalon.core.main.ScriptEngine.run(ScriptEngine.java:194)
	at com.kms.katalon.core.main.ScriptEngine.runScriptAsRawText(ScriptEngine.java:119)
	at com.kms.katalon.core.main.TestCaseExecutor.runScript(TestCaseExecutor.java:398)
	at com.kms.katalon.core.main.TestCaseExecutor.doExecute(TestCaseExecutor.java:389)
	at com.kms.katalon.core.main.TestCaseExecutor.processExecutionPhase(TestCaseExecutor.java:368)
	at com.kms.katalon.core.main.TestCaseExecutor.accessMainPhase(TestCaseExecutor.java:360)
	at com.kms.katalon.core.main.TestCaseExecutor.execute(TestCaseExecutor.java:255)
	at com.kms.katalon.core.main.TestSuiteExecutor.accessTestCaseMainPhase(TestSuiteExecutor.java:203)
	at com.kms.katalon.core.main.TestSuiteExecutor.accessTestSuiteMainPhase(TestSuiteExecutor.java:152)
	at com.kms.katalon.core.main.TestSuiteExecutor.execute(TestSuiteExecutor.java:95)
	at com.kms.katalon.core.main.TestCaseMain.startTestSuite(TestCaseMain.java:157)
	at com.kms.katalon.core.main.TestCaseMain$startTestSuite$0.call(Unknown Source)
	at TempTestSuite1620046103825.run(TempTestSuite1620046103825.groovy:39)
Caused by: com.kms.katalon.core.webui.exception.WebElementNotFoundException: Web element with id: 'Object Repository/Tool tips/button_No Sections' located by '//*[@type = 'button' and @title = 'No Sections']' not found
	at com.kms.katalon.core.webui.common.WebUiCommonHelper.findWebElement(WebUiCommonHelper.java:1368)
	at com.kms.katalon.core.webui.keyword.internal.WebUIAbstractKeyword.findWebElement(WebUIAbstractKeyword.groovy:27)
	at com.kms.katalon.core.webui.keyword.internal.WebUIAbstractKeyword.findWebElement(WebUIAbstractKeyword.groovy:26)
	at com.kms.katalon.core.webui.keyword.builtin.GetAttributeKeyword$_getAttribute_closure1.doCall(GetAttributeKeyword.groovy:83)
	at com.kms.katalon.core.webui.keyword.builtin.GetAttributeKeyword$_getAttribute_closure1.call(GetAttributeKeyword.groovy)
	at com.kms.katalon.core.webui.keyword.internal.WebUIKeywordMain.runKeyword(WebUIKeywordMain.groovy:20)
	at com.kms.katalon.core.webui.keyword.builtin.GetAttributeKeyword.getAttribute(GetAttributeKeyword.groovy:93)
	at com.kms.katalon.core.webui.keyword.builtin.GetAttributeKeyword.execute(GetAttributeKeyword.groovy:68)
	at com.kms.katalon.core.keyword.internal.KeywordExecutor.executeKeywordForPlatform(KeywordExecutor.groovy:73)
	at com.kms.katalon.core.webui.keyword.WebUiBuiltInKeywords.getAttribute(WebUiBuiltInKeywords.groovy:950)
	at com.kms.katalon.core.webui.keyword.WebUiBuiltInKeywords$getAttribute$13.call(Unknown Source)
	at Script1613662810777.testToolTip(Script1613662810777.groovy:41)
	at Script1613662810777.testToggleTip(Script1613662810777.groovy:95)
	at Script1613662810777.run(Script1613662810777.groovy:31)
	... 13 more
)
	at com.kms.katalon.core.keyword.internal.KeywordMain.stepFailed(KeywordMain.groovy:39)
	at com.kms.katalon.core.webui.keyword.internal.WebUIKeywordMain.stepFailed(WebUIKeywordMain.groovy:64)
	at com.kms.katalon.core.webui.keyword.internal.WebUIKeywordMain.runKeyword(WebUIKeywordMain.groovy:26)
	at com.kms.katalon.core.webui.keyword.builtin.GetAttributeKeyword.getAttribute(GetAttributeKeyword.groovy:93)
	at com.kms.katalon.core.webui.keyword.builtin.GetAttributeKeyword.execute(GetAttributeKeyword.groovy:68)
	at com.kms.katalon.core.keyword.internal.KeywordExecutor.executeKeywordForPlatform(KeywordExecutor.groovy:73)
	at com.kms.katalon.core.webui.keyword.WebUiBuiltInKeywords.getAttribute(WebUiBuiltInKeywords.groovy:950)
	at com.kms.katalon.core.webui.keyword.WebUiBuiltInKeywords$getAttribute$13.call(Unknown Source)
	at Tool Tips - tA.testToolTip(Tool Tips - tA:41)
	at Tool Tips - tA.testToggleTip(Tool Tips - tA:95)
	at Tool Tips - tA.run(Tool Tips - tA:31)
	at com.kms.katalon.core.main.ScriptEngine.run(ScriptEngine.java:194)
	at com.kms.katalon.core.main.ScriptEngine.runScriptAsRawText(ScriptEngine.java:119)
	at com.kms.katalon.core.main.TestCaseExecutor.runScript(TestCaseExecutor.java:398)
	at com.kms.katalon.core.main.TestCaseExecutor.doExecute(TestCaseExecutor.java:389)
	at com.kms.katalon.core.main.TestCaseExecutor.processExecutionPhase(TestCaseExecutor.java:368)
	at com.kms.katalon.core.main.TestCaseExecutor.accessMainPhase(TestCaseExecutor.java:360)
	at com.kms.katalon.core.main.TestCaseExecutor.execute(TestCaseExecutor.java:255)
	at com.kms.katalon.core.main.TestSuiteExecutor.accessTestCaseMainPhase(TestSuiteExecutor.java:203)
	at com.kms.katalon.core.main.TestSuiteExecutor.accessTestSuiteMainPhase(TestSuiteExecutor.java:152)
	at com.kms.katalon.core.main.TestSuiteExecutor.execute(TestSuiteExecutor.java:95)
	at com.kms.katalon.core.main.TestCaseMain.startTestSuite(TestCaseMain.java:157)
	at com.kms.katalon.core.main.TestCaseMain$startTestSuite$0.call(Unknown Source)
	at TempTestSuite1620046103825.run(TempTestSuite1620046103825.groovy:39)
Caused by: com.kms.katalon.core.exception.StepFailedException: Unable to get attribute 'title' of object 'Object Repository/Tool tips/button_No Sections'
	... 23 more
Caused by: com.kms.katalon.core.webui.exception.WebElementNotFoundException: Web element with id: 'Object Repository/Tool tips/button_No Sections' located by '//*[@type = 'button' and @title = 'No Sections']' not found
	at com.kms.katalon.core.webui.common.WebUiCommonHelper.findWebElement(WebUiCommonHelper.java:1368)
	at com.kms.katalon.core.webui.keyword.internal.WebUIAbstractKeyword.findWebElement(WebUIAbstractKeyword.groovy:27)
	at com.kms.katalon.core.webui.keyword.internal.WebUIAbstractKeyword.findWebElement(WebUIAbstractKeyword.groovy:26)
	at com.kms.katalon.core.webui.keyword.builtin.GetAttributeKeyword$_getAttribute_closure1.doCall(GetAttributeKeyword.groovy:83)
	at com.kms.katalon.core.webui.keyword.builtin.GetAttributeKeyword$_getAttribute_closure1.call(GetAttributeKeyword.groovy)
	at com.kms.katalon.core.webui.keyword.internal.WebUIKeywordMain.runKeyword(WebUIKeywordMain.groovy:20)
	... 21 more
"/>
         <system-out><![CDATA[2021-05-03 09:12:47 - [TEST_CASE][FAILED] - Test Cases/tCC Test Cases/Tool Tips - tA: Test Cases/tCC Test Cases/Tool Tips - tA FAILED.
Reason:
com.kms.katalon.core.exception.StepFailedException: Unable to get attribute 'title' of object 'Object Repository/Tool tips/button_No Sections' (Root cause: com.kms.katalon.core.exception.StepFailedException: Unable to get attribute 'title' of object 'Object Repository/Tool tips/button_No Sections'
	at com.kms.katalon.core.webui.keyword.internal.WebUIKeywordMain.stepFailed(WebUIKeywordMain.groovy:64)
	at com.kms.katalon.core.webui.keyword.internal.WebUIKeywordMain.runKeyword(WebUIKeywordMain.groovy:26)
	at com.kms.katalon.core.webui.keyword.builtin.GetAttributeKeyword.getAttribute(GetAttributeKeyword.groovy:93)
	at com.kms.katalon.core.webui.keyword.builtin.GetAttributeKeyword.execute(GetAttributeKeyword.groovy:68)
	at com.kms.katalon.core.keyword.internal.KeywordExecutor.executeKeywordForPlatform(KeywordExecutor.groovy:73)
	at com.kms.katalon.core.webui.keyword.WebUiBuiltInKeywords.getAttribute(WebUiBuiltInKeywords.groovy:950)
	at com.kms.katalon.core.webui.keyword.WebUiBuiltInKeywords$getAttribute$13.call(Unknown Source)
	at Tool Tips - tA.testToolTip(Tool Tips - tA:41)
	at Tool Tips - tA.testToggleTip(Tool Tips - tA:95)
	at Tool Tips - tA.run(Tool Tips - tA:31)
	at com.kms.katalon.core.main.ScriptEngine.run(ScriptEngine.java:194)
	at com.kms.katalon.core.main.ScriptEngine.runScriptAsRawText(ScriptEngine.java:119)
	at com.kms.katalon.core.main.TestCaseExecutor.runScript(TestCaseExecutor.java:398)
	at com.kms.katalon.core.main.TestCaseExecutor.doExecute(TestCaseExecutor.java:389)
	at com.kms.katalon.core.main.TestCaseExecutor.processExecutionPhase(TestCaseExecutor.java:368)
	at com.kms.katalon.core.main.TestCaseExecutor.accessMainPhase(TestCaseExecutor.java:360)
	at com.kms.katalon.core.main.TestCaseExecutor.execute(TestCaseExecutor.java:255)
	at com.kms.katalon.core.main.TestSuiteExecutor.accessTestCaseMainPhase(TestSuiteExecutor.java:203)
	at com.kms.katalon.core.main.TestSuiteExecutor.accessTestSuiteMainPhase(TestSuiteExecutor.java:152)
	at com.kms.katalon.core.main.TestSuiteExecutor.execute(TestSuiteExecutor.java:95)
	at com.kms.katalon.core.main.TestCaseMain.startTestSuite(TestCaseMain.java:157)
	at com.kms.katalon.core.main.TestCaseMain$startTestSuite$0.call(Unknown Source)
	at TempTestSuite1620046103825.run(TempTestSuite1620046103825.groovy:39)
Caused by: com.kms.katalon.core.webui.exception.WebElementNotFoundException: Web element with id: 'Object Repository/Tool tips/button_No Sections' located by '//*[@type = 'button' and @title = 'No Sections']' not found
	at com.kms.katalon.core.webui.common.WebUiCommonHelper.findWebElement(WebUiCommonHelper.java:1368)
	at com.kms.katalon.core.webui.keyword.internal.WebUIAbstractKeyword.findWebElement(WebUIAbstractKeyword.groovy:27)
	at com.kms.katalon.core.webui.keyword.internal.WebUIAbstractKeyword.findWebElement(WebUIAbstractKeyword.groovy:26)
	at com.kms.katalon.core.webui.keyword.builtin.GetAttributeKeyword$_getAttribute_closure1.doCall(GetAttributeKeyword.groovy:83)
	at com.kms.katalon.core.webui.keyword.builtin.GetAttributeKeyword$_getAttribute_closure1.call(GetAttributeKeyword.groovy)
	at com.kms.katalon.core.webui.keyword.internal.WebUIKeywordMain.runKeyword(WebUIKeywordMain.groovy:20)
	at com.kms.katalon.core.webui.keyword.builtin.GetAttributeKeyword.getAttribute(GetAttributeKeyword.groovy:93)
	at com.kms.katalon.core.webui.keyword.builtin.GetAttributeKeyword.execute(GetAttributeKeyword.groovy:68)
	at com.kms.katalon.core.keyword.internal.KeywordExecutor.executeKeywordForPlatform(KeywordExecutor.groovy:73)
	at com.kms.katalon.core.webui.keyword.WebUiBuiltInKeywords.getAttribute(WebUiBuiltInKeywords.groovy:950)
	at com.kms.katalon.core.webui.keyword.WebUiBuiltInKeywords$getAttribute$13.call(Unknown Source)
	at Script1613662810777.testToolTip(Script1613662810777.groovy:41)
	at Script1613662810777.testToggleTip(Script1613662810777.groovy:95)
	at Script1613662810777.run(Script1613662810777.groovy:31)
	... 13 more
)
	at com.kms.katalon.core.keyword.internal.KeywordMain.stepFailed(KeywordMain.groovy:39)
	at com.kms.katalon.core.webui.keyword.internal.WebUIKeywordMain.stepFailed(WebUIKeywordMain.groovy:64)
	at com.kms.katalon.core.webui.keyword.internal.WebUIKeywordMain.runKeyword(WebUIKeywordMain.groovy:26)
	at com.kms.katalon.core.webui.keyword.builtin.GetAttributeKeyword.getAttribute(GetAttributeKeyword.groovy:93)
	at com.kms.katalon.core.webui.keyword.builtin.GetAttributeKeyword.execute(GetAttributeKeyword.groovy:68)
	at com.kms.katalon.core.keyword.internal.KeywordExecutor.executeKeywordForPlatform(KeywordExecutor.groovy:73)
	at com.kms.katalon.core.webui.keyword.WebUiBuiltInKeywords.getAttribute(WebUiBuiltInKeywords.groovy:950)
	at com.kms.katalon.core.webui.keyword.WebUiBuiltInKeywords$getAttribute$13.call(Unknown Source)
	at Tool Tips - tA.testToolTip(Tool Tips - tA:41)
	at Tool Tips - tA.testToggleTip(Tool Tips - tA:95)
	at Tool Tips - tA.run(Tool Tips - tA:31)
	at com.kms.katalon.core.main.ScriptEngine.run(ScriptEngine.java:194)
	at com.kms.katalon.core.main.ScriptEngine.runScriptAsRawText(ScriptEngine.java:119)
	at com.kms.katalon.core.main.TestCaseExecutor.runScript(TestCaseExecutor.java:398)
	at com.kms.katalon.core.main.TestCaseExecutor.doExecute(TestCaseExecutor.java:389)
	at com.kms.katalon.core.main.TestCaseExecutor.processExecutionPhase(TestCaseExecutor.java:368)
	at com.kms.katalon.core.main.TestCaseExecutor.accessMainPhase(TestCaseExecutor.java:360)
	at com.kms.katalon.core.main.TestCaseExecutor.execute(TestCaseExecutor.java:255)
	at com.kms.katalon.core.main.TestSuiteExecutor.accessTestCaseMainPhase(TestSuiteExecutor.java:203)
	at com.kms.katalon.core.main.TestSuiteExecutor.accessTestSuiteMainPhase(TestSuiteExecutor.java:152)
	at com.kms.katalon.core.main.TestSuiteExecutor.execute(TestSuiteExecutor.java:95)
	at com.kms.katalon.core.main.TestCaseMain.startTestSuite(TestCaseMain.java:157)
	at com.kms.katalon.core.main.TestCaseMain$startTestSuite$0.call(Unknown Source)
	at TempTestSuite1620046103825.run(TempTestSuite1620046103825.groovy:39)
Caused by: com.kms.katalon.core.exception.StepFailedException: Unable to get attribute 'title' of object 'Object Repository/Tool tips/button_No Sections'
	... 23 more
Caused by: com.kms.katalon.core.webui.exception.WebElementNotFoundException: Web element with id: 'Object Repository/Tool tips/button_No Sections' located by '//*[@type = 'button' and @title = 'No Sections']' not found
	at com.kms.katalon.core.webui.common.WebUiCommonHelper.findWebElement(WebUiCommonHelper.java:1368)
	at com.kms.katalon.core.webui.keyword.internal.WebUIAbstractKeyword.findWebElement(WebUIAbstractKeyword.groovy:27)
	at com.kms.katalon.core.webui.keyword.internal.WebUIAbstractKeyword.findWebElement(WebUIAbstractKeyword.groovy:26)
	at com.kms.katalon.core.webui.keyword.builtin.GetAttributeKeyword$_getAttribute_closure1.doCall(GetAttributeKeyword.groovy:83)
	at com.kms.katalon.core.webui.keyword.builtin.GetAttributeKeyword$_getAttribute_closure1.call(GetAttributeKeyword.groovy)
	at com.kms.katalon.core.webui.keyword.internal.WebUIKeywordMain.runKeyword(WebUIKeywordMain.groovy:20)
	... 21 more


2021-05-03 09:12:48 - [TEST_STEP][PASSED] - com.helper.login.loginhelper.logintoapp(): com.helper.login.loginhelper.logintoapp is PASSED

2021-05-03 09:12:48 - [MESSAGE][INFO] - Starting 'Chrome' driver

2021-05-03 09:12:48 - [MESSAGE][INFO] - Action delay is set to 1,000 milliseconds

2021-05-03 09:12:49 - [MESSAGE][WARNING] - FFmpeg was not installed! Browser Recording will be disabled. Please follow this document to install FFmpeg first: https://docs.katalon.com/katalon-studio/docs/screenshots-videos.html#browser-based-recorder

2021-05-03 09:12:51 - [MESSAGE][PASSED] - Browser is opened with url: 'https://develop--tc-create-app.netlify.app/'

2021-05-03 09:12:51 - [MESSAGE][PASSED] - Wait for page load successfully

2021-05-03 09:12:51 - [MESSAGE][PASSED] - Current window maximized

2021-05-03 09:12:53 - [MESSAGE][PASSED] - Keys 'elsylambert' sent to object: 'Object Repository/Page_tC Create/input__username'

2021-05-03 09:12:54 - [MESSAGE][PASSED] - Keys 'fatak43' sent to object: 'Object Repository/Page_tC Create/input__password'

2021-05-03 09:12:55 - [MESSAGE][PASSED] - Object: 'Object Repository/Page_tC Create/button_Login' is clicked on

2021-05-03 09:12:56 - [MESSAGE][PASSED] - Delayed 1 second(s)

2021-05-03 09:12:57 - [MESSAGE][PASSED] - Text of object 'Object Repository/Page_tC Create/tcc-version number' is: 'translationCore Create - v1.2.0 build 41-eb23e86'

2021-05-03 09:12:57 - [MESSAGE][INFO] - : The current version and build number is translationCore Create - v1.2.0 build 41-eb23e86

2021-05-03 09:12:57 - [MESSAGE][PASSED] - com.helper.login.loginhelper.logintoapp is PASSED

2021-05-03 09:12:57 - [TEST_STEP][PASSED] - com.tccreate.keywords.selectOrg.organization(""): com.tccreate.keywords.selectOrg.organization is PASSED

2021-05-03 09:12:59 - [MESSAGE][PASSED] - Object: 'Object Repository/Page_tC Create/listOption_organisation_Parmed' is clicked on

2021-05-03 09:13:01 - [MESSAGE][WARNING] - No alert found after 2 second(s).

2021-05-03 09:13:01 - [MESSAGE][PASSED] - com.tccreate.keywords.selectOrg.organization is PASSED

2021-05-03 09:13:01 - [TEST_STEP][PASSED] - com.tccreate.keywords.selectOrg.resource("unfoldingWordÂ® Translation Academy"): com.tccreate.keywords.selectOrg.resource is PASSED

2021-05-03 09:13:02 - [MESSAGE][PASSED] - Object: 'Object Repository/Page_tC Create/resource_Parmed' is clicked on

2021-05-03 09:13:02 - [MESSAGE][PASSED] - com.tccreate.keywords.selectOrg.resource is PASSED

2021-05-03 09:13:02 - [TEST_STEP][PASSED] - com.tccreate.keywords.selectOrg.language(""): com.tccreate.keywords.selectOrg.language is PASSED

2021-05-03 09:47:59 - [MESSAGE][PASSED] - Object: 'Object Repository/Page_tC Create/combo_Select Language' is clicked on

2021-05-03 09:48:01 - [MESSAGE][PASSED] - Object: 'Object Repository/Page_tC Create/listOption_Language_Parmed' is clicked on

2021-05-03 09:48:01 - [MESSAGE][PASSED] - com.tccreate.keywords.selectOrg.language is PASSED

2021-05-03 09:48:01 - [TEST_STEP][PASSED] - click(findTestObject("Page_tC Create/span_translate")): Object: 'Object Repository/Page_tC Create/span_translate' is clicked on

2021-05-03 09:48:03 - [MESSAGE][PASSED] - Object: 'Object Repository/Page_tC Create/span_translate' is clicked on

2021-05-03 09:48:03 - [TEST_STEP][PASSED] - click(findTestObject("Object Repository/Page_tC Create/span_bita-farming")): Object: 'Object Repository/Page_tC Create/span_bita-farming' is clicked on

2021-05-03 09:48:05 - [MESSAGE][PASSED] - Object: 'Object Repository/Page_tC Create/span_bita-farming' is clicked on

2021-05-03 09:48:05 - [TEST_STEP][PASSED] - click(findTestObject("Object Repository/Page_tC Create/span_01.md")): Object: 'Object Repository/Page_tC Create/span_01.md' is clicked on

2021-05-03 09:48:08 - [MESSAGE][PASSED] - Object: 'Object Repository/Page_tC Create/span_01.md' is clicked on

2021-05-03 09:48:08 - [TEST_STEP][PASSED] - testToggleTip("Object Repository/Tool tips/button_Sections", "Sections", "Object Repository/Tool tips/button_No Sections", "No Sections"): null

2021-05-03 09:48:08 - [TEST_STEP][PASSED] - actualTooltip = getAttribute(findTestObject(button1), "title"): Attribute 'title' of object 'Object Repository/Tool tips/button_Sections' is: 'Sections'

2021-05-03 09:48:09 - [MESSAGE][PASSED] - Attribute 'title' of object 'Object Repository/Tool tips/button_Sections' is: 'Sections'

2021-05-03 09:48:09 - [TEST_STEP][PASSED] - out.println("Actual Title of Tool Tip for button " + toolTip + " is " + actualTooltip): null

2021-05-03 09:48:09 - [TEST_STEP][PASSED] - expectedTooltip = toolTip: null

2021-05-03 09:48:09 - [TEST_STEP][PASSED] - if (actualTooltip.equals(expectedTooltip)): null

2021-05-03 09:48:09 - [TEST_STEP][PASSED] - out.println("Test Case Passed for " + toolTip): null

2021-05-03 09:48:09 - [TEST_STEP][PASSED] - delay(2): Delayed 2 second(s)

2021-05-03 09:48:11 - [MESSAGE][PASSED] - Delayed 2 second(s)

2021-05-03 09:48:11 - [TEST_STEP][PASSED] - click(findTestObject(button1)): Object: 'Object Repository/Tool tips/button_Sections' is clicked on

2021-05-03 09:48:13 - [MESSAGE][PASSED] - Object: 'Object Repository/Tool tips/button_Sections' is clicked on

2021-05-03 09:48:13 - [TEST_STEP][PASSED] - button = toggleButton: null

2021-05-03 09:48:13 - [TEST_STEP][PASSED] - toggleTipTest = toggleTip: null

2021-05-03 09:48:13 - [TEST_STEP][PASSED] - out.println("Togglebutton" + button): null

2021-05-03 09:48:13 - [TEST_STEP][PASSED] - out.println("ToggleTip" + toggleTipTest): null

2021-05-03 09:48:13 - [TEST_STEP][PASSED] - delay(2): Delayed 2 second(s)

2021-05-03 09:48:15 - [MESSAGE][PASSED] - Delayed 2 second(s)

2021-05-03 09:48:15 - [TEST_STEP][PASSED] - testToolTip(button, toggleTipTest): null

2021-05-03 09:48:15 - [TEST_STEP][FAILED] - actualTooltip = getAttribute(findTestObject(button), "title"): Unable to get attribute 'title' of object 'Object Repository/Tool tips/button_No Sections' (Root cause: com.kms.katalon.core.exception.StepFailedException: Unable to get attribute 'title' of object 'Object Repository/Tool tips/button_No Sections'
	at com.kms.katalon.core.webui.keyword.internal.WebUIKeywordMain.stepFailed(WebUIKeywordMain.groovy:64)
	at com.kms.katalon.core.webui.keyword.internal.WebUIKeywordMain.runKeyword(WebUIKeywordMain.groovy:26)
	at com.kms.katalon.core.webui.keyword.builtin.GetAttributeKeyword.getAttribute(GetAttributeKeyword.groovy:93)
	at com.kms.katalon.core.webui.keyword.builtin.GetAttributeKeyword.execute(GetAttributeKeyword.groovy:68)
	at com.kms.katalon.core.keyword.internal.KeywordExecutor.executeKeywordForPlatform(KeywordExecutor.groovy:73)
	at com.kms.katalon.core.webui.keyword.WebUiBuiltInKeywords.getAttribute(WebUiBuiltInKeywords.groovy:950)
	at com.kms.katalon.core.webui.keyword.WebUiBuiltInKeywords$getAttribute$13.call(Unknown Source)
	at Tool Tips - tA.testToolTip(Tool Tips - tA:41)
	at Tool Tips - tA.testToggleTip(Tool Tips - tA:95)
	at Tool Tips - tA.run(Tool Tips - tA:31)
	at com.kms.katalon.core.main.ScriptEngine.run(ScriptEngine.java:194)
	at com.kms.katalon.core.main.ScriptEngine.runScriptAsRawText(ScriptEngine.java:119)
	at com.kms.katalon.core.main.TestCaseExecutor.runScript(TestCaseExecutor.java:398)
	at com.kms.katalon.core.main.TestCaseExecutor.doExecute(TestCaseExecutor.java:389)
	at com.kms.katalon.core.main.TestCaseExecutor.processExecutionPhase(TestCaseExecutor.java:368)
	at com.kms.katalon.core.main.TestCaseExecutor.accessMainPhase(TestCaseExecutor.java:360)
	at com.kms.katalon.core.main.TestCaseExecutor.execute(TestCaseExecutor.java:255)
	at com.kms.katalon.core.main.TestSuiteExecutor.accessTestCaseMainPhase(TestSuiteExecutor.java:203)
	at com.kms.katalon.core.main.TestSuiteExecutor.accessTestSuiteMainPhase(TestSuiteExecutor.java:152)
	at com.kms.katalon.core.main.TestSuiteExecutor.execute(TestSuiteExecutor.java:95)
	at com.kms.katalon.core.main.TestCaseMain.startTestSuite(TestCaseMain.java:157)
	at com.kms.katalon.core.main.TestCaseMain$startTestSuite$0.call(Unknown Source)
	at TempTestSuite1620046103825.run(TempTestSuite1620046103825.groovy:39)
Caused by: com.kms.katalon.core.webui.exception.WebElementNotFoundException: Web element with id: 'Object Repository/Tool tips/button_No Sections' located by '//*[@type = 'button' and @title = 'No Sections']' not found
	at com.kms.katalon.core.webui.common.WebUiCommonHelper.findWebElement(WebUiCommonHelper.java:1368)
	at com.kms.katalon.core.webui.keyword.internal.WebUIAbstractKeyword.findWebElement(WebUIAbstractKeyword.groovy:27)
	at com.kms.katalon.core.webui.keyword.internal.WebUIAbstractKeyword.findWebElement(WebUIAbstractKeyword.groovy:26)
	at com.kms.katalon.core.webui.keyword.builtin.GetAttributeKeyword$_getAttribute_closure1.doCall(GetAttributeKeyword.groovy:83)
	at com.kms.katalon.core.webui.keyword.builtin.GetAttributeKeyword$_getAttribute_closure1.call(GetAttributeKeyword.groovy)
	at com.kms.katalon.core.webui.keyword.internal.WebUIKeywordMain.runKeyword(WebUIKeywordMain.groovy:20)
	at com.kms.katalon.core.webui.keyword.builtin.GetAttributeKeyword.getAttribute(GetAttributeKeyword.groovy:93)
	at com.kms.katalon.core.webui.keyword.builtin.GetAttributeKeyword.execute(GetAttributeKeyword.groovy:68)
	at com.kms.katalon.core.keyword.internal.KeywordExecutor.executeKeywordForPlatform(KeywordExecutor.groovy:73)
	at com.kms.katalon.core.webui.keyword.WebUiBuiltInKeywords.getAttribute(WebUiBuiltInKeywords.groovy:950)
	at com.kms.katalon.core.webui.keyword.WebUiBuiltInKeywords$getAttribute$13.call(Unknown Source)
	at Script1613662810777.testToolTip(Script1613662810777.groovy:41)
	at Script1613662810777.testToggleTip(Script1613662810777.groovy:95)
	at Script1613662810777.run(Script1613662810777.groovy:31)
	... 13 more
)

2021-05-03 09:49:23 - [MESSAGE][INFO] - Unable to find the element located by 'By.xpath: //*[@type = 'button' and @title = 'No Sections']'. Please recheck the objects properties to make sure the desired element is located. 

2021-05-03 09:49:25 - [MESSAGE][FAILED] - Unable to get attribute 'title' of object 'Object Repository/Tool tips/button_No Sections' (Root cause: com.kms.katalon.core.exception.StepFailedException: Unable to get attribute 'title' of object 'Object Repository/Tool tips/button_No Sections'
	at com.kms.katalon.core.webui.keyword.internal.WebUIKeywordMain.stepFailed(WebUIKeywordMain.groovy:64)
	at com.kms.katalon.core.webui.keyword.internal.WebUIKeywordMain.runKeyword(WebUIKeywordMain.groovy:26)
	at com.kms.katalon.core.webui.keyword.builtin.GetAttributeKeyword.getAttribute(GetAttributeKeyword.groovy:93)
	at com.kms.katalon.core.webui.keyword.builtin.GetAttributeKeyword.execute(GetAttributeKeyword.groovy:68)
	at com.kms.katalon.core.keyword.internal.KeywordExecutor.executeKeywordForPlatform(KeywordExecutor.groovy:73)
	at com.kms.katalon.core.webui.keyword.WebUiBuiltInKeywords.getAttribute(WebUiBuiltInKeywords.groovy:950)
	at com.kms.katalon.core.webui.keyword.WebUiBuiltInKeywords$getAttribute$13.call(Unknown Source)
	at Tool Tips - tA.testToolTip(Tool Tips - tA:41)
	at Tool Tips - tA.testToggleTip(Tool Tips - tA:95)
	at Tool Tips - tA.run(Tool Tips - tA:31)
	at com.kms.katalon.core.main.ScriptEngine.run(ScriptEngine.java:194)
	at com.kms.katalon.core.main.ScriptEngine.runScriptAsRawText(ScriptEngine.java:119)
	at com.kms.katalon.core.main.TestCaseExecutor.runScript(TestCaseExecutor.java:398)
	at com.kms.katalon.core.main.TestCaseExecutor.doExecute(TestCaseExecutor.java:389)
	at com.kms.katalon.core.main.TestCaseExecutor.processExecutionPhase(TestCaseExecutor.java:368)
	at com.kms.katalon.core.main.TestCaseExecutor.accessMainPhase(TestCaseExecutor.java:360)
	at com.kms.katalon.core.main.TestCaseExecutor.execute(TestCaseExecutor.java:255)
	at com.kms.katalon.core.main.TestSuiteExecutor.accessTestCaseMainPhase(TestSuiteExecutor.java:203)
	at com.kms.katalon.core.main.TestSuiteExecutor.accessTestSuiteMainPhase(TestSuiteExecutor.java:152)
	at com.kms.katalon.core.main.TestSuiteExecutor.execute(TestSuiteExecutor.java:95)
	at com.kms.katalon.core.main.TestCaseMain.startTestSuite(TestCaseMain.java:157)
	at com.kms.katalon.core.main.TestCaseMain$startTestSuite$0.call(Unknown Source)
	at TempTestSuite1620046103825.run(TempTestSuite1620046103825.groovy:39)
Caused by: com.kms.katalon.core.webui.exception.WebElementNotFoundException: Web element with id: 'Object Repository/Tool tips/button_No Sections' located by '//*[@type = 'button' and @title = 'No Sections']' not found
	at com.kms.katalon.core.webui.common.WebUiCommonHelper.findWebElement(WebUiCommonHelper.java:1368)
	at com.kms.katalon.core.webui.keyword.internal.WebUIAbstractKeyword.findWebElement(WebUIAbstractKeyword.groovy:27)
	at com.kms.katalon.core.webui.keyword.internal.WebUIAbstractKeyword.findWebElement(WebUIAbstractKeyword.groovy:26)
	at com.kms.katalon.core.webui.keyword.builtin.GetAttributeKeyword$_getAttribute_closure1.doCall(GetAttributeKeyword.groovy:83)
	at com.kms.katalon.core.webui.keyword.builtin.GetAttributeKeyword$_getAttribute_closure1.call(GetAttributeKeyword.groovy)
	at com.kms.katalon.core.webui.keyword.internal.WebUIKeywordMain.runKeyword(WebUIKeywordMain.groovy:20)
	at com.kms.katalon.core.webui.keyword.builtin.GetAttributeKeyword.getAttribute(GetAttributeKeyword.groovy:93)
	at com.kms.katalon.core.webui.keyword.builtin.GetAttributeKeyword.execute(GetAttributeKeyword.groovy:68)
	at com.kms.katalon.core.keyword.internal.KeywordExecutor.executeKeywordForPlatform(KeywordExecutor.groovy:73)
	at com.kms.katalon.core.webui.keyword.WebUiBuiltInKeywords.getAttribute(WebUiBuiltInKeywords.groovy:950)
	at com.kms.katalon.core.webui.keyword.WebUiBuiltInKeywords$getAttribute$13.call(Unknown Source)
	at Script1613662810777.testToolTip(Script1613662810777.groovy:41)
	at Script1613662810777.testToggleTip(Script1613662810777.groovy:95)
	at Script1613662810777.run(Script1613662810777.groovy:31)
	... 13 more
)
[[ATTACHMENT|/Users/elsylitsonlambert/git/tcCreateQA/Reports/20210503_084823/Test Suite1- Regression/20210503_084823/1620049763518.png]]

2021-05-03 09:49:25 - [TEST_STEP][PASSED] - out.println("Actual Title of Tool Tip for button " + toolTip + " is " + actualTooltip): null

2021-05-03 09:49:25 - [TEST_STEP][PASSED] - expectedTooltip = toolTip: null

2021-05-03 09:49:25 - [TEST_STEP][PASSED] - if (actualTooltip.equals(expectedTooltip)): null

2021-05-03 09:49:25 - [TEST_STEP][PASSED] - else: null

2021-05-03 09:49:25 - [TEST_STEP][PASSED] - out.println("Test Case failed- Tool tips are different"): null

2021-05-03 09:49:25 - [TEST_STEP][PASSED] - testToggleTip("Object Repository/Tool tips/button_Blocks", "Blocks", "Object Repository/Tool tips/button_No Blocks", "NoBlocks"): null

2021-05-03 09:49:25 - [TEST_STEP][PASSED] - actualTooltip = getAttribute(findTestObject(button1), "title"): Attribute 'title' of object 'Object Repository/Tool tips/button_Blocks' is: 'Blocks'

2021-05-03 09:49:25 - [MESSAGE][PASSED] - Attribute 'title' of object 'Object Repository/Tool tips/button_Blocks' is: 'Blocks'

2021-05-03 09:49:25 - [TEST_STEP][PASSED] - out.println("Actual Title of Tool Tip for button " + toolTip + " is " + actualTooltip): null

2021-05-03 09:49:25 - [TEST_STEP][PASSED] - expectedTooltip = toolTip: null

2021-05-03 09:49:25 - [TEST_STEP][PASSED] - if (actualTooltip.equals(expectedTooltip)): null

2021-05-03 09:49:25 - [TEST_STEP][PASSED] - out.println("Test Case Passed for " + toolTip): null

2021-05-03 09:49:25 - [TEST_STEP][PASSED] - delay(2): Delayed 2 second(s)

2021-05-03 09:49:27 - [MESSAGE][PASSED] - Delayed 2 second(s)

2021-05-03 09:49:27 - [TEST_STEP][PASSED] - click(findTestObject(button1)): Object: 'Object Repository/Tool tips/button_Blocks' is clicked on

2021-05-03 09:49:29 - [MESSAGE][PASSED] - Object: 'Object Repository/Tool tips/button_Blocks' is clicked on

2021-05-03 09:49:29 - [TEST_STEP][PASSED] - button = toggleButton: null

2021-05-03 09:49:29 - [TEST_STEP][PASSED] - toggleTipTest = toggleTip: null

2021-05-03 09:49:29 - [TEST_STEP][PASSED] - out.println("Togglebutton" + button): null

2021-05-03 09:49:29 - [TEST_STEP][PASSED] - out.println("ToggleTip" + toggleTipTest): null

2021-05-03 09:49:29 - [TEST_STEP][PASSED] - delay(2): Delayed 2 second(s)

2021-05-03 09:49:31 - [MESSAGE][PASSED] - Delayed 2 second(s)

2021-05-03 09:49:31 - [TEST_STEP][PASSED] - testToolTip(button, toggleTipTest): null

2021-05-03 09:49:31 - [TEST_STEP][PASSED] - actualTooltip = getAttribute(findTestObject(button), "title"): Attribute 'title' of object 'Object Repository/Tool tips/button_No Blocks' is: 'NoBlocks'

2021-05-03 09:49:32 - [MESSAGE][PASSED] - Attribute 'title' of object 'Object Repository/Tool tips/button_No Blocks' is: 'NoBlocks'

2021-05-03 09:49:32 - [TEST_STEP][PASSED] - out.println("Actual Title of Tool Tip for button " + toolTip + " is " + actualTooltip): null

2021-05-03 09:49:32 - [TEST_STEP][PASSED] - expectedTooltip = toolTip: null

2021-05-03 09:49:32 - [TEST_STEP][PASSED] - if (actualTooltip.equals(expectedTooltip)): null

2021-05-03 09:49:32 - [TEST_STEP][PASSED] - out.println("Test Case Passed for " + toolTip): null

2021-05-03 09:49:32 - [TEST_STEP][PASSED] - testToolTip("Object Repository/Tool tips/button_Preview", "Preview"): null

2021-05-03 09:49:32 - [TEST_STEP][PASSED] - actualTooltip = getAttribute(findTestObject(button), "title"): Attribute 'title' of object 'Object Repository/Tool tips/button_Preview' is: 'Preview'

2021-05-03 09:49:33 - [MESSAGE][PASSED] - Attribute 'title' of object 'Object Repository/Tool tips/button_Preview' is: 'Preview'

2021-05-03 09:49:33 - [TEST_STEP][PASSED] - out.println("Actual Title of Tool Tip for button " + toolTip + " is " + actualTooltip): null

2021-05-03 09:49:33 - [TEST_STEP][PASSED] - expectedTooltip = toolTip: null

2021-05-03 09:49:33 - [TEST_STEP][PASSED] - if (actualTooltip.equals(expectedTooltip)): null

2021-05-03 09:49:33 - [TEST_STEP][PASSED] - out.println("Test Case Passed for " + toolTip): null

2021-05-03 09:49:33 - [TEST_STEP][PASSED] - closeBrowser(): Browser is closed

2021-05-03 09:49:33 - [MESSAGE][PASSED] - Browser is closed]]></system-out>
         <system-err><![CDATA[2021-05-03 09:12:47 - [TEST_CASE][FAILED] - Test Cases/tCC Test Cases/Tool Tips - tA: Test Cases/tCC Test Cases/Tool Tips - tA FAILED.
Reason:
com.kms.katalon.core.exception.StepFailedException: Unable to get attribute 'title' of object 'Object Repository/Tool tips/button_No Sections' (Root cause: com.kms.katalon.core.exception.StepFailedException: Unable to get attribute 'title' of object 'Object Repository/Tool tips/button_No Sections'
	at com.kms.katalon.core.webui.keyword.internal.WebUIKeywordMain.stepFailed(WebUIKeywordMain.groovy:64)
	at com.kms.katalon.core.webui.keyword.internal.WebUIKeywordMain.runKeyword(WebUIKeywordMain.groovy:26)
	at com.kms.katalon.core.webui.keyword.builtin.GetAttributeKeyword.getAttribute(GetAttributeKeyword.groovy:93)
	at com.kms.katalon.core.webui.keyword.builtin.GetAttributeKeyword.execute(GetAttributeKeyword.groovy:68)
	at com.kms.katalon.core.keyword.internal.KeywordExecutor.executeKeywordForPlatform(KeywordExecutor.groovy:73)
	at com.kms.katalon.core.webui.keyword.WebUiBuiltInKeywords.getAttribute(WebUiBuiltInKeywords.groovy:950)
	at com.kms.katalon.core.webui.keyword.WebUiBuiltInKeywords$getAttribute$13.call(Unknown Source)
	at Tool Tips - tA.testToolTip(Tool Tips - tA:41)
	at Tool Tips - tA.testToggleTip(Tool Tips - tA:95)
	at Tool Tips - tA.run(Tool Tips - tA:31)
	at com.kms.katalon.core.main.ScriptEngine.run(ScriptEngine.java:194)
	at com.kms.katalon.core.main.ScriptEngine.runScriptAsRawText(ScriptEngine.java:119)
	at com.kms.katalon.core.main.TestCaseExecutor.runScript(TestCaseExecutor.java:398)
	at com.kms.katalon.core.main.TestCaseExecutor.doExecute(TestCaseExecutor.java:389)
	at com.kms.katalon.core.main.TestCaseExecutor.processExecutionPhase(TestCaseExecutor.java:368)
	at com.kms.katalon.core.main.TestCaseExecutor.accessMainPhase(TestCaseExecutor.java:360)
	at com.kms.katalon.core.main.TestCaseExecutor.execute(TestCaseExecutor.java:255)
	at com.kms.katalon.core.main.TestSuiteExecutor.accessTestCaseMainPhase(TestSuiteExecutor.java:203)
	at com.kms.katalon.core.main.TestSuiteExecutor.accessTestSuiteMainPhase(TestSuiteExecutor.java:152)
	at com.kms.katalon.core.main.TestSuiteExecutor.execute(TestSuiteExecutor.java:95)
	at com.kms.katalon.core.main.TestCaseMain.startTestSuite(TestCaseMain.java:157)
	at com.kms.katalon.core.main.TestCaseMain$startTestSuite$0.call(Unknown Source)
	at TempTestSuite1620046103825.run(TempTestSuite1620046103825.groovy:39)
Caused by: com.kms.katalon.core.webui.exception.WebElementNotFoundException: Web element with id: 'Object Repository/Tool tips/button_No Sections' located by '//*[@type = 'button' and @title = 'No Sections']' not found
	at com.kms.katalon.core.webui.common.WebUiCommonHelper.findWebElement(WebUiCommonHelper.java:1368)
	at com.kms.katalon.core.webui.keyword.internal.WebUIAbstractKeyword.findWebElement(WebUIAbstractKeyword.groovy:27)
	at com.kms.katalon.core.webui.keyword.internal.WebUIAbstractKeyword.findWebElement(WebUIAbstractKeyword.groovy:26)
	at com.kms.katalon.core.webui.keyword.builtin.GetAttributeKeyword$_getAttribute_closure1.doCall(GetAttributeKeyword.groovy:83)
	at com.kms.katalon.core.webui.keyword.builtin.GetAttributeKeyword$_getAttribute_closure1.call(GetAttributeKeyword.groovy)
	at com.kms.katalon.core.webui.keyword.internal.WebUIKeywordMain.runKeyword(WebUIKeywordMain.groovy:20)
	at com.kms.katalon.core.webui.keyword.builtin.GetAttributeKeyword.getAttribute(GetAttributeKeyword.groovy:93)
	at com.kms.katalon.core.webui.keyword.builtin.GetAttributeKeyword.execute(GetAttributeKeyword.groovy:68)
	at com.kms.katalon.core.keyword.internal.KeywordExecutor.executeKeywordForPlatform(KeywordExecutor.groovy:73)
	at com.kms.katalon.core.webui.keyword.WebUiBuiltInKeywords.getAttribute(WebUiBuiltInKeywords.groovy:950)
	at com.kms.katalon.core.webui.keyword.WebUiBuiltInKeywords$getAttribute$13.call(Unknown Source)
	at Script1613662810777.testToolTip(Script1613662810777.groovy:41)
	at Script1613662810777.testToggleTip(Script1613662810777.groovy:95)
	at Script1613662810777.run(Script1613662810777.groovy:31)
	... 13 more
)
	at com.kms.katalon.core.keyword.internal.KeywordMain.stepFailed(KeywordMain.groovy:39)
	at com.kms.katalon.core.webui.keyword.internal.WebUIKeywordMain.stepFailed(WebUIKeywordMain.groovy:64)
	at com.kms.katalon.core.webui.keyword.internal.WebUIKeywordMain.runKeyword(WebUIKeywordMain.groovy:26)
	at com.kms.katalon.core.webui.keyword.builtin.GetAttributeKeyword.getAttribute(GetAttributeKeyword.groovy:93)
	at com.kms.katalon.core.webui.keyword.builtin.GetAttributeKeyword.execute(GetAttributeKeyword.groovy:68)
	at com.kms.katalon.core.keyword.internal.KeywordExecutor.executeKeywordForPlatform(KeywordExecutor.groovy:73)
	at com.kms.katalon.core.webui.keyword.WebUiBuiltInKeywords.getAttribute(WebUiBuiltInKeywords.groovy:950)
	at com.kms.katalon.core.webui.keyword.WebUiBuiltInKeywords$getAttribute$13.call(Unknown Source)
	at Tool Tips - tA.testToolTip(Tool Tips - tA:41)
	at Tool Tips - tA.testToggleTip(Tool Tips - tA:95)
	at Tool Tips - tA.run(Tool Tips - tA:31)
	at com.kms.katalon.core.main.ScriptEngine.run(ScriptEngine.java:194)
	at com.kms.katalon.core.main.ScriptEngine.runScriptAsRawText(ScriptEngine.java:119)
	at com.kms.katalon.core.main.TestCaseExecutor.runScript(TestCaseExecutor.java:398)
	at com.kms.katalon.core.main.TestCaseExecutor.doExecute(TestCaseExecutor.java:389)
	at com.kms.katalon.core.main.TestCaseExecutor.processExecutionPhase(TestCaseExecutor.java:368)
	at com.kms.katalon.core.main.TestCaseExecutor.accessMainPhase(TestCaseExecutor.java:360)
	at com.kms.katalon.core.main.TestCaseExecutor.execute(TestCaseExecutor.java:255)
	at com.kms.katalon.core.main.TestSuiteExecutor.accessTestCaseMainPhase(TestSuiteExecutor.java:203)
	at com.kms.katalon.core.main.TestSuiteExecutor.accessTestSuiteMainPhase(TestSuiteExecutor.java:152)
	at com.kms.katalon.core.main.TestSuiteExecutor.execute(TestSuiteExecutor.java:95)
	at com.kms.katalon.core.main.TestCaseMain.startTestSuite(TestCaseMain.java:157)
	at com.kms.katalon.core.main.TestCaseMain$startTestSuite$0.call(Unknown Source)
	at TempTestSuite1620046103825.run(TempTestSuite1620046103825.groovy:39)
Caused by: com.kms.katalon.core.exception.StepFailedException: Unable to get attribute 'title' of object 'Object Repository/Tool tips/button_No Sections'
	... 23 more
Caused by: com.kms.katalon.core.webui.exception.WebElementNotFoundException: Web element with id: 'Object Repository/Tool tips/button_No Sections' located by '//*[@type = 'button' and @title = 'No Sections']' not found
	at com.kms.katalon.core.webui.common.WebUiCommonHelper.findWebElement(WebUiCommonHelper.java:1368)
	at com.kms.katalon.core.webui.keyword.internal.WebUIAbstractKeyword.findWebElement(WebUIAbstractKeyword.groovy:27)
	at com.kms.katalon.core.webui.keyword.internal.WebUIAbstractKeyword.findWebElement(WebUIAbstractKeyword.groovy:26)
	at com.kms.katalon.core.webui.keyword.builtin.GetAttributeKeyword$_getAttribute_closure1.doCall(GetAttributeKeyword.groovy:83)
	at com.kms.katalon.core.webui.keyword.builtin.GetAttributeKeyword$_getAttribute_closure1.call(GetAttributeKeyword.groovy)
	at com.kms.katalon.core.webui.keyword.internal.WebUIKeywordMain.runKeyword(WebUIKeywordMain.groovy:20)
	... 21 more]]></system-err>
      </testcase>
      <system-out><![CDATA[2021-05-03 08:48:25 - [TEST_SUITE][FAILED] - Test Suite1- Regression: Test Cases/tCC Test Cases/tN_Highlighting by Occurrence Number FAILED.
Reason:
com.kms.katalon.core.exception.StepFailedException: Unable to scroll to object 'Object Repository/tN objects/div_Titus 11' (Root cause: com.kms.katalon.core.exception.StepFailedException: Unable to scroll to object 'Object Repository/tN objects/div_Titus 11'
	at com.kms.katalon.core.webui.keyword.internal.WebUIKeywordMain.stepFailed(WebUIKeywordMain.groovy:64)
	at com.kms.katalon.core.webui.keyword.internal.WebUIKeywordMain.runKeyword(WebUIKeywordMain.groovy:26)
	at com.kms.katalon.core.webui.keyword.builtin.ScrollToElementKeyword.scrollToElement(ScrollToElementKeyword.groovy:88)
	at com.kms.katalon.core.webui.keyword.builtin.ScrollToElementKeyword.execute(ScrollToElementKeyword.groovy:68)
	at com.kms.katalon.core.keyword.internal.KeywordExecutor.executeKeywordForPlatform(KeywordExecutor.groovy:73)
	at com.kms.katalon.core.webui.keyword.WebUiBuiltInKeywords.scrollToElement(WebUiBuiltInKeywords.groovy:4002)
	at com.kms.katalon.core.webui.keyword.WebUiBuiltInKeywords$scrollToElement$16.call(Unknown Source)
	at tN_Highlighting by Occurrence Number.run(tN_Highlighting by Occurrence Number:55)
	at com.kms.katalon.core.main.ScriptEngine.run(ScriptEngine.java:194)
	at com.kms.katalon.core.main.ScriptEngine.runScriptAsRawText(ScriptEngine.java:119)
	at com.kms.katalon.core.main.TestCaseExecutor.runScript(TestCaseExecutor.java:398)
	at com.kms.katalon.core.main.TestCaseExecutor.doExecute(TestCaseExecutor.java:389)
	at com.kms.katalon.core.main.TestCaseExecutor.processExecutionPhase(TestCaseExecutor.java:368)
	at com.kms.katalon.core.main.TestCaseExecutor.accessMainPhase(TestCaseExecutor.java:360)
	at com.kms.katalon.core.main.TestCaseExecutor.execute(TestCaseExecutor.java:255)
	at com.kms.katalon.core.main.TestSuiteExecutor.accessTestCaseMainPhase(TestSuiteExecutor.java:203)
	at com.kms.katalon.core.main.TestSuiteExecutor.accessTestSuiteMainPhase(TestSuiteExecutor.java:152)
	at com.kms.katalon.core.main.TestSuiteExecutor.execute(TestSuiteExecutor.java:95)
	at com.kms.katalon.core.main.TestCaseMain.startTestSuite(TestCaseMain.java:157)
	at com.kms.katalon.core.main.TestCaseMain$startTestSuite$0.call(Unknown Source)
	at TempTestSuite1620046103825.run(TempTestSuite1620046103825.groovy:39)
Caused by: com.kms.katalon.core.webui.exception.WebElementNotFoundException: Web element with id: 'Object Repository/tN objects/div_Titus 11' located by '//div[@id='header-1-1-rtc9']/div/div/div' not found
	at com.kms.katalon.core.webui.common.WebUiCommonHelper.findWebElement(WebUiCommonHelper.java:1368)
	at com.kms.katalon.core.webui.keyword.internal.WebUIAbstractKeyword.findWebElement(WebUIAbstractKeyword.groovy:27)
	at com.kms.katalon.core.webui.keyword.internal.WebUIAbstractKeyword.findWebElement(WebUIAbstractKeyword.groovy:26)
	at com.kms.katalon.core.webui.keyword.builtin.ScrollToElementKeyword$_scrollToElement_closure1.doCall(ScrollToElementKeyword.groovy:79)
	at com.kms.katalon.core.webui.keyword.builtin.ScrollToElementKeyword$_scrollToElement_closure1.call(ScrollToElementKeyword.groovy)
	at com.kms.katalon.core.webui.keyword.internal.WebUIKeywordMain.runKeyword(WebUIKeywordMain.groovy:20)
	at com.kms.katalon.core.webui.keyword.builtin.ScrollToElementKeyword.scrollToElement(ScrollToElementKeyword.groovy:88)
	at com.kms.katalon.core.webui.keyword.builtin.ScrollToElementKeyword.execute(ScrollToElementKeyword.groovy:68)
	at com.kms.katalon.core.keyword.internal.KeywordExecutor.executeKeywordForPlatform(KeywordExecutor.groovy:73)
	at com.kms.katalon.core.webui.keyword.WebUiBuiltInKeywords.scrollToElement(WebUiBuiltInKeywords.groovy:4002)
	at com.kms.katalon.core.webui.keyword.WebUiBuiltInKeywords$scrollToElement$16.call(Unknown Source)
	at Script1607640140574.run(Script1607640140574.groovy:55)
	... 13 more
)
	at com.kms.katalon.core.keyword.internal.KeywordMain.stepFailed(KeywordMain.groovy:39)
	at com.kms.katalon.core.webui.keyword.internal.WebUIKeywordMain.stepFailed(WebUIKeywordMain.groovy:64)
	at com.kms.katalon.core.webui.keyword.internal.WebUIKeywordMain.runKeyword(WebUIKeywordMain.groovy:26)
	at com.kms.katalon.core.webui.keyword.builtin.ScrollToElementKeyword.scrollToElement(ScrollToElementKeyword.groovy:88)
	at com.kms.katalon.core.webui.keyword.builtin.ScrollToElementKeyword.execute(ScrollToElementKeyword.groovy:68)
	at com.kms.katalon.core.keyword.internal.KeywordExecutor.executeKeywordForPlatform(KeywordExecutor.groovy:73)
	at com.kms.katalon.core.webui.keyword.WebUiBuiltInKeywords.scrollToElement(WebUiBuiltInKeywords.groovy:4002)
	at com.kms.katalon.core.webui.keyword.WebUiBuiltInKeywords$scrollToElement$16.call(Unknown Source)
	at tN_Highlighting by Occurrence Number.run(tN_Highlighting by Occurrence Number:55)
	at com.kms.katalon.core.main.ScriptEngine.run(ScriptEngine.java:194)
	at com.kms.katalon.core.main.ScriptEngine.runScriptAsRawText(ScriptEngine.java:119)
	at com.kms.katalon.core.main.TestCaseExecutor.runScript(TestCaseExecutor.java:398)
	at com.kms.katalon.core.main.TestCaseExecutor.doExecute(TestCaseExecutor.java:389)
	at com.kms.katalon.core.main.TestCaseExecutor.processExecutionPhase(TestCaseExecutor.java:368)
	at com.kms.katalon.core.main.TestCaseExecutor.accessMainPhase(TestCaseExecutor.java:360)
	at com.kms.katalon.core.main.TestCaseExecutor.execute(TestCaseExecutor.java:255)
	at com.kms.katalon.core.main.TestSuiteExecutor.accessTestCaseMainPhase(TestSuiteExecutor.java:203)
	at com.kms.katalon.core.main.TestSuiteExecutor.accessTestSuiteMainPhase(TestSuiteExecutor.java:152)
	at com.kms.katalon.core.main.TestSuiteExecutor.execute(TestSuiteExecutor.java:95)
	at com.kms.katalon.core.main.TestCaseMain.startTestSuite(TestCaseMain.java:157)
	at com.kms.katalon.core.main.TestCaseMain$startTestSuite$0.call(Unknown Source)
	at TempTestSuite1620046103825.run(TempTestSuite1620046103825.groovy:39)
Caused by: com.kms.katalon.core.exception.StepFailedException: Unable to scroll to object 'Object Repository/tN objects/div_Titus 11'
	... 21 more
Caused by: com.kms.katalon.core.webui.exception.WebElementNotFoundException: Web element with id: 'Object Repository/tN objects/div_Titus 11' located by '//div[@id='header-1-1-rtc9']/div/div/div' not found
	at com.kms.katalon.core.webui.common.WebUiCommonHelper.findWebElement(WebUiCommonHelper.java:1368)
	at com.kms.katalon.core.webui.keyword.internal.WebUIAbstractKeyword.findWebElement(WebUIAbstractKeyword.groovy:27)
	at com.kms.katalon.core.webui.keyword.internal.WebUIAbstractKeyword.findWebElement(WebUIAbstractKeyword.groovy:26)
	at com.kms.katalon.core.webui.keyword.builtin.ScrollToElementKeyword$_scrollToElement_closure1.doCall(ScrollToElementKeyword.groovy:79)
	at com.kms.katalon.core.webui.keyword.builtin.ScrollToElementKeyword$_scrollToElement_closure1.call(ScrollToElementKeyword.groovy)
	at com.kms.katalon.core.webui.keyword.internal.WebUIKeywordMain.runKeyword(WebUIKeywordMain.groovy:20)
	... 19 more]]></system-out>
      <system-err><![CDATA[2021-05-03 08:48:25 - [TEST_SUITE][FAILED] - Test Suite1- Regression: Test Cases/tCC Test Cases/tN_Highlighting by Occurrence Number FAILED.
Reason:
com.kms.katalon.core.exception.StepFailedException: Unable to scroll to object 'Object Repository/tN objects/div_Titus 11' (Root cause: com.kms.katalon.core.exception.StepFailedException: Unable to scroll to object 'Object Repository/tN objects/div_Titus 11'
	at com.kms.katalon.core.webui.keyword.internal.WebUIKeywordMain.stepFailed(WebUIKeywordMain.groovy:64)
	at com.kms.katalon.core.webui.keyword.internal.WebUIKeywordMain.runKeyword(WebUIKeywordMain.groovy:26)
	at com.kms.katalon.core.webui.keyword.builtin.ScrollToElementKeyword.scrollToElement(ScrollToElementKeyword.groovy:88)
	at com.kms.katalon.core.webui.keyword.builtin.ScrollToElementKeyword.execute(ScrollToElementKeyword.groovy:68)
	at com.kms.katalon.core.keyword.internal.KeywordExecutor.executeKeywordForPlatform(KeywordExecutor.groovy:73)
	at com.kms.katalon.core.webui.keyword.WebUiBuiltInKeywords.scrollToElement(WebUiBuiltInKeywords.groovy:4002)
	at com.kms.katalon.core.webui.keyword.WebUiBuiltInKeywords$scrollToElement$16.call(Unknown Source)
	at tN_Highlighting by Occurrence Number.run(tN_Highlighting by Occurrence Number:55)
	at com.kms.katalon.core.main.ScriptEngine.run(ScriptEngine.java:194)
	at com.kms.katalon.core.main.ScriptEngine.runScriptAsRawText(ScriptEngine.java:119)
	at com.kms.katalon.core.main.TestCaseExecutor.runScript(TestCaseExecutor.java:398)
	at com.kms.katalon.core.main.TestCaseExecutor.doExecute(TestCaseExecutor.java:389)
	at com.kms.katalon.core.main.TestCaseExecutor.processExecutionPhase(TestCaseExecutor.java:368)
	at com.kms.katalon.core.main.TestCaseExecutor.accessMainPhase(TestCaseExecutor.java:360)
	at com.kms.katalon.core.main.TestCaseExecutor.execute(TestCaseExecutor.java:255)
	at com.kms.katalon.core.main.TestSuiteExecutor.accessTestCaseMainPhase(TestSuiteExecutor.java:203)
	at com.kms.katalon.core.main.TestSuiteExecutor.accessTestSuiteMainPhase(TestSuiteExecutor.java:152)
	at com.kms.katalon.core.main.TestSuiteExecutor.execute(TestSuiteExecutor.java:95)
	at com.kms.katalon.core.main.TestCaseMain.startTestSuite(TestCaseMain.java:157)
	at com.kms.katalon.core.main.TestCaseMain$startTestSuite$0.call(Unknown Source)
	at TempTestSuite1620046103825.run(TempTestSuite1620046103825.groovy:39)
Caused by: com.kms.katalon.core.webui.exception.WebElementNotFoundException: Web element with id: 'Object Repository/tN objects/div_Titus 11' located by '//div[@id='header-1-1-rtc9']/div/div/div' not found
	at com.kms.katalon.core.webui.common.WebUiCommonHelper.findWebElement(WebUiCommonHelper.java:1368)
	at com.kms.katalon.core.webui.keyword.internal.WebUIAbstractKeyword.findWebElement(WebUIAbstractKeyword.groovy:27)
	at com.kms.katalon.core.webui.keyword.internal.WebUIAbstractKeyword.findWebElement(WebUIAbstractKeyword.groovy:26)
	at com.kms.katalon.core.webui.keyword.builtin.ScrollToElementKeyword$_scrollToElement_closure1.doCall(ScrollToElementKeyword.groovy:79)
	at com.kms.katalon.core.webui.keyword.builtin.ScrollToElementKeyword$_scrollToElement_closure1.call(ScrollToElementKeyword.groovy)
	at com.kms.katalon.core.webui.keyword.internal.WebUIKeywordMain.runKeyword(WebUIKeywordMain.groovy:20)
	at com.kms.katalon.core.webui.keyword.builtin.ScrollToElementKeyword.scrollToElement(ScrollToElementKeyword.groovy:88)
	at com.kms.katalon.core.webui.keyword.builtin.ScrollToElementKeyword.execute(ScrollToElementKeyword.groovy:68)
	at com.kms.katalon.core.keyword.internal.KeywordExecutor.executeKeywordForPlatform(KeywordExecutor.groovy:73)
	at com.kms.katalon.core.webui.keyword.WebUiBuiltInKeywords.scrollToElement(WebUiBuiltInKeywords.groovy:4002)
	at com.kms.katalon.core.webui.keyword.WebUiBuiltInKeywords$scrollToElement$16.call(Unknown Source)
	at Script1607640140574.run(Script1607640140574.groovy:55)
	... 13 more
)
	at com.kms.katalon.core.keyword.internal.KeywordMain.stepFailed(KeywordMain.groovy:39)
	at com.kms.katalon.core.webui.keyword.internal.WebUIKeywordMain.stepFailed(WebUIKeywordMain.groovy:64)
	at com.kms.katalon.core.webui.keyword.internal.WebUIKeywordMain.runKeyword(WebUIKeywordMain.groovy:26)
	at com.kms.katalon.core.webui.keyword.builtin.ScrollToElementKeyword.scrollToElement(ScrollToElementKeyword.groovy:88)
	at com.kms.katalon.core.webui.keyword.builtin.ScrollToElementKeyword.execute(ScrollToElementKeyword.groovy:68)
	at com.kms.katalon.core.keyword.internal.KeywordExecutor.executeKeywordForPlatform(KeywordExecutor.groovy:73)
	at com.kms.katalon.core.webui.keyword.WebUiBuiltInKeywords.scrollToElement(WebUiBuiltInKeywords.groovy:4002)
	at com.kms.katalon.core.webui.keyword.WebUiBuiltInKeywords$scrollToElement$16.call(Unknown Source)
	at tN_Highlighting by Occurrence Number.run(tN_Highlighting by Occurrence Number:55)
	at com.kms.katalon.core.main.ScriptEngine.run(ScriptEngine.java:194)
	at com.kms.katalon.core.main.ScriptEngine.runScriptAsRawText(ScriptEngine.java:119)
	at com.kms.katalon.core.main.TestCaseExecutor.runScript(TestCaseExecutor.java:398)
	at com.kms.katalon.core.main.TestCaseExecutor.doExecute(TestCaseExecutor.java:389)
	at com.kms.katalon.core.main.TestCaseExecutor.processExecutionPhase(TestCaseExecutor.java:368)
	at com.kms.katalon.core.main.TestCaseExecutor.accessMainPhase(TestCaseExecutor.java:360)
	at com.kms.katalon.core.main.TestCaseExecutor.execute(TestCaseExecutor.java:255)
	at com.kms.katalon.core.main.TestSuiteExecutor.accessTestCaseMainPhase(TestSuiteExecutor.java:203)
	at com.kms.katalon.core.main.TestSuiteExecutor.accessTestSuiteMainPhase(TestSuiteExecutor.java:152)
	at com.kms.katalon.core.main.TestSuiteExecutor.execute(TestSuiteExecutor.java:95)
	at com.kms.katalon.core.main.TestCaseMain.startTestSuite(TestCaseMain.java:157)
	at com.kms.katalon.core.main.TestCaseMain$startTestSuite$0.call(Unknown Source)
	at TempTestSuite1620046103825.run(TempTestSuite1620046103825.groovy:39)
Caused by: com.kms.katalon.core.exception.StepFailedException: Unable to scroll to object 'Object Repository/tN objects/div_Titus 11'
	... 21 more
Caused by: com.kms.katalon.core.webui.exception.WebElementNotFoundException: Web element with id: 'Object Repository/tN objects/div_Titus 11' located by '//div[@id='header-1-1-rtc9']/div/div/div' not found
	at com.kms.katalon.core.webui.common.WebUiCommonHelper.findWebElement(WebUiCommonHelper.java:1368)
	at com.kms.katalon.core.webui.keyword.internal.WebUIAbstractKeyword.findWebElement(WebUIAbstractKeyword.groovy:27)
	at com.kms.katalon.core.webui.keyword.internal.WebUIAbstractKeyword.findWebElement(WebUIAbstractKeyword.groovy:26)
	at com.kms.katalon.core.webui.keyword.builtin.ScrollToElementKeyword$_scrollToElement_closure1.doCall(ScrollToElementKeyword.groovy:79)
	at com.kms.katalon.core.webui.keyword.builtin.ScrollToElementKeyword$_scrollToElement_closure1.call(ScrollToElementKeyword.groovy)
	at com.kms.katalon.core.webui.keyword.internal.WebUIKeywordMain.runKeyword(WebUIKeywordMain.groovy:20)
	... 19 more]]></system-err>
   </testsuite>
</testsuites>
