<?xml version="1.0" encoding="UTF-8"?>
<testsuites name="Test Suite1- Regression" time="4366.602" tests="11" failures="4" errors="0">
   <testsuite name="Test Suite1- Regression" tests="11" failures="4" errors="0" time="4366.602" skipped="0" timestamp="2022-01-09 23:28:13" hostname="elsylitsonlambert - localhost" id="Test Suites/Test Suite1- Regression">
      <properties>
         <property name="deviceName" value=""/>
         <property name="devicePlatform" value=""/>
         <property name="logFolder" value="/Users/elsylitsonlambert/git/tcCreateQA/Reports/20220109_232810/Test Suite1- Regression/20220109_232811"/>
         <property name="logFiles" value="/Users/elsylitsonlambert/git/tcCreateQA/Reports/20220109_232810/Test Suite1- Regression/20220109_232811/execution0.log"/>
         <property name="attachments" value="/Users/elsylitsonlambert/git/tcCreateQA/Reports/20220109_232810/Test Suite1- Regression/20220109_232811/1641788934345.png, /Users/elsylitsonlambert/git/tcCreateQA/Reports/20220109_232810/Test Suite1- Regression/20220109_232811/1641788997535.png, /Users/elsylitsonlambert/git/tcCreateQA/Reports/20220109_232810/Test Suite1- Regression/20220109_232811/1641788999520.png, /Users/elsylitsonlambert/git/tcCreateQA/Reports/20220109_232810/Test Suite1- Regression/20220109_232811/1641789195790.png, /Users/elsylitsonlambert/git/tcCreateQA/Reports/20220109_232810/Test Suite1- Regression/20220109_232811/1641789227609.png, /Users/elsylitsonlambert/git/tcCreateQA/Reports/20220109_232810/Test Suite1- Regression/20220109_232811/1641789260030.png, /Users/elsylitsonlambert/git/tcCreateQA/Reports/20220109_232810/Test Suite1- Regression/20220109_232811/1641789291557.png, /Users/elsylitsonlambert/git/tcCreateQA/Reports/20220109_232810/Test Suite1- Regression/20220109_232811/1641789323152.png, /Users/elsylitsonlambert/git/tcCreateQA/Reports/20220109_232810/Test Suite1- Regression/20220109_232811/1641789354908.png, /Users/elsylitsonlambert/git/tcCreateQA/Reports/20220109_232810/Test Suite1- Regression/20220109_232811/1641789386601.png, /Users/elsylitsonlambert/git/tcCreateQA/Reports/20220109_232810/Test Suite1- Regression/20220109_232811/1641793214304.png"/>
         <property name="hostName" value="elsylitsonlambert - localhost"/>
         <property name="os" value="Mac OS X 64bit"/>
         <property name="katalonVersion" value="8.1.0.208"/>
         <property name="browser" value="Chrome 97.0.4692.71"/>
         <property name="hostAddress" value="127.0.0.1"/>
         <property name="sessionId" value="5b3bc9866e8eb27613136fbf179adb12"/>
         <property name="seleniumVersion" value="3.141.59"/>
         <property name="proxyInformation" value="ProxyInformation { proxyOption=NO_PROXY, proxyServerType=HTTP, username=, password=********, proxyServerAddress=, proxyServerPort=0, executionList=&quot;&quot;, isApplyToDesiredCapabilities=true }"/>
         <property name="platform" value="Mac OS X"/>
      </properties>
      <testcase name="Test Cases/tCC Test Cases/tN_Parallel Scripture viewer" time="58.266" classname="Test Cases/tCC Test Cases/tN_Parallel Scripture viewer" status="PASSED">
         <system-out><![CDATA[2022-01-09 23:28:13 - [TEST_CASE][PASSED] - Test Cases/tCC Test Cases/tN_Parallel Scripture viewer: Test Cases/tCC Test Cases/tN_Parallel Scripture viewer

2022-01-09 23:28:13 - [TEST_STEP][PASSED] - com.tccreate.keywords.WriteToFile.writeTofilename("tN-Parallel Scripture Viewer"): com.tccreate.keywords.WriteToFile.writeTofilename is PASSED

2022-01-09 23:28:13 - [MESSAGE][PASSED] - com.tccreate.keywords.WriteToFile.writeTofilename is PASSED

2022-01-09 23:28:13 - [TEST_STEP][PASSED] - com.helper.login.TimeDate.getTimeDate(): com.helper.login.TimeDate.getTimeDate is PASSED

2022-01-09 23:28:13 - [MESSAGE][INFO] - Time at which the test run:2022-01-09 23:28:13.653

2022-01-09 23:28:13 - [MESSAGE][PASSED] - com.helper.login.TimeDate.getTimeDate is PASSED

2022-01-09 23:28:13 - [TEST_STEP][PASSED] - com.helper.login.loginhelper.logintoapp(): com.helper.login.loginhelper.logintoapp is PASSED

2022-01-09 23:28:14 - [MESSAGE][INFO] - Starting 'Chrome' driver

2022-01-09 23:28:14 - [MESSAGE][INFO] - Action delay is set to 1,000 milliseconds

2022-01-09 23:28:15 - [MESSAGE][WARNING] - FFmpeg was not installed! Browser Recording will be disabled. Please follow this document to install FFmpeg first: https://docs.katalon.com/katalon-studio/docs/screenshots-videos.html#browser-based-recorder

2022-01-09 23:28:19 - [MESSAGE][PASSED] - Browser is opened with url: 'https://stage--tc-create-app.netlify.app/'

2022-01-09 23:28:19 - [MESSAGE][PASSED] - Wait for page load successfully

2022-01-09 23:28:20 - [MESSAGE][PASSED] - Current window maximized

2022-01-09 23:28:21 - [MESSAGE][PASSED] - Keys 'elsylambert' sent to object: 'Object Repository/Page_tC Create/input__username'

2022-01-09 23:28:23 - [MESSAGE][PASSED] - Keys 'fatak43' sent to object: 'Object Repository/Page_tC Create/input__password'

2022-01-09 23:28:24 - [MESSAGE][PASSED] - Object: 'Object Repository/Page_tC Create/button_Login' is clicked on

2022-01-09 23:28:25 - [MESSAGE][PASSED] - Delayed 1 second(s)

2022-01-09 23:28:26 - [MESSAGE][PASSED] - Text of object 'Object Repository/Page_tC Create/tcc-version number' is: 'translationCore Create - v1.4.0 build 113-e01d8f1'

2022-01-09 23:28:26 - [MESSAGE][INFO] - : The current version and build number is translationCore Create - v1.4.0 build 113-e01d8f1

2022-01-09 23:28:26 - [MESSAGE][PASSED] - com.helper.login.loginhelper.logintoapp is PASSED

2022-01-09 23:28:26 - [TEST_STEP][PASSED] - com.tccreate.keywords.selectOrg.organization(""): com.tccreate.keywords.selectOrg.organization is PASSED

2022-01-09 23:28:28 - [MESSAGE][PASSED] - Object: 'Object Repository/Page_tC Create/listOption_organisation_Parmed' is clicked on

2022-01-09 23:28:30 - [MESSAGE][WARNING] - No alert found after 2 second(s).

2022-01-09 23:28:30 - [MESSAGE][PASSED] - com.tccreate.keywords.selectOrg.organization is PASSED

2022-01-09 23:28:30 - [TEST_STEP][PASSED] - com.tccreate.keywords.selectOrg.resource("unfoldingWordÂ® Translation Notes"): com.tccreate.keywords.selectOrg.resource is PASSED

2022-01-09 23:28:31 - [MESSAGE][PASSED] - Object: 'Object Repository/Page_tC Create/resource_Parmed' is clicked on

2022-01-09 23:28:31 - [MESSAGE][PASSED] - com.tccreate.keywords.selectOrg.resource is PASSED

2022-01-09 23:28:31 - [TEST_STEP][PASSED] - com.tccreate.keywords.selectOrg.language(""): com.tccreate.keywords.selectOrg.language is PASSED

2022-01-09 23:28:33 - [MESSAGE][PASSED] - Object: 'Object Repository/Page_tC Create/combo_Select Language' is clicked on

2022-01-09 23:28:35 - [MESSAGE][PASSED] - Object: 'Object Repository/Page_tC Create/listOption_Language_Parmed' is clicked on

2022-01-09 23:28:35 - [MESSAGE][PASSED] - com.tccreate.keywords.selectOrg.language is PASSED

2022-01-09 23:28:35 - [TEST_STEP][PASSED] - click(findTestObject("Object Repository/Page_tC Create/span_en_tn_57-TIT.tsv")): Object: 'Object Repository/Page_tC Create/span_en_tn_57-TIT.tsv' is clicked on

2022-01-09 23:28:37 - [MESSAGE][PASSED] - Object: 'Object Repository/Page_tC Create/span_en_tn_57-TIT.tsv' is clicked on

2022-01-09 23:28:37 - [TEST_STEP][PASSED] - com.tccreate.keywords.ExpandAllScriptureToggle.toggleAllScripture(""test""): com.tccreate.keywords.ExpandAllScriptureToggle.toggleAllScripture is PASSED

2022-01-09 23:28:40 - [MESSAGE][INFO] - Unable to find the element located by 'By.xpath: //*[@type = 'button' and @data-test = 'drawer-menu-close-button']'. Please recheck the objects properties to make sure the desired element is located. 

2022-01-09 23:28:40 - [MESSAGE][WARNING] - Object 'Object Repository/Page_tC Create/button_DrawerClose' is not present after 2 second(s)

2022-01-09 23:28:42 - [MESSAGE][PASSED] - Object: 'Object Repository/Page_tC Create/Hamburger Menu Button' is clicked on

2022-01-09 23:28:43 - [MESSAGE][PASSED] - Delayed 1 second(s)

2022-01-09 23:28:43 - [MESSAGE][PASSED] - Object 'Object Repository/Page_tC Create/input_Expand all Scripture_default' is checked

2022-01-09 23:28:45 - [MESSAGE][PASSED] - Object: 'Object Repository/Page_tC Create/input_Expand all Scripture_default' is clicked on

2022-01-09 23:28:46 - [MESSAGE][PASSED] - Delayed 1 second(s)

2022-01-09 23:28:47 - [MESSAGE][PASSED] - Object: 'Object Repository/Page_tC Create/button_DrawerClose' is clicked on

2022-01-09 23:28:48 - [MESSAGE][PASSED] - Object 'Object Repository/Page_tC Create/Hamburger Menu Button' is visible

2022-01-09 23:28:48 - [MESSAGE][PASSED] - com.tccreate.keywords.ExpandAllScriptureToggle.toggleAllScripture is PASSED

2022-01-09 23:28:48 - [TEST_STEP][PASSED] - com.tccreate.keywords.ExpandAllScriptureToggle.toggleAllScripture(""on""): com.tccreate.keywords.ExpandAllScriptureToggle.toggleAllScripture is PASSED

2022-01-09 23:28:51 - [MESSAGE][INFO] - Unable to find the element located by 'By.xpath: //*[@type = 'button' and @data-test = 'drawer-menu-close-button']'. Please recheck the objects properties to make sure the desired element is located. 

2022-01-09 23:28:51 - [MESSAGE][WARNING] - Object 'Object Repository/Page_tC Create/button_DrawerClose' is not present after 2 second(s)

2022-01-09 23:28:53 - [MESSAGE][PASSED] - Object: 'Object Repository/Page_tC Create/Hamburger Menu Button' is clicked on

2022-01-09 23:28:54 - [MESSAGE][PASSED] - Delayed 1 second(s)

2022-01-09 23:28:54 - [MESSAGE][WARNING] - Object 'Object Repository/Page_tC Create/input_Expand all Scripture_default' is not checked (Root cause: com.kms.katalon.core.exception.StepFailedException: Object 'Object Repository/Page_tC Create/input_Expand all Scripture_default' is not checked
	at com.kms.katalon.core.webui.keyword.internal.WebUIKeywordMain.stepFailed(WebUIKeywordMain.groovy:64)
	at com.kms.katalon.core.webui.keyword.builtin.VerifyElementCheckedKeyword$_verifyElementChecked_closure1.doCall(VerifyElementCheckedKeyword.groovy:81)
	at com.kms.katalon.core.webui.keyword.builtin.VerifyElementCheckedKeyword$_verifyElementChecked_closure1.call(VerifyElementCheckedKeyword.groovy)
	at com.kms.katalon.core.webui.keyword.internal.WebUIKeywordMain.runKeyword(WebUIKeywordMain.groovy:20)
	at com.kms.katalon.core.webui.keyword.builtin.VerifyElementCheckedKeyword.verifyElementChecked(VerifyElementCheckedKeyword.groovy:92)
	at com.kms.katalon.core.webui.keyword.builtin.VerifyElementCheckedKeyword.execute(VerifyElementCheckedKeyword.groovy:68)
	at com.kms.katalon.core.keyword.internal.KeywordExecutor.executeKeywordForPlatform(KeywordExecutor.groovy:74)
	at com.kms.katalon.core.webui.keyword.WebUiBuiltInKeywords.verifyElementChecked(WebUiBuiltInKeywords.groovy:1382)
	at com.kms.katalon.core.webui.keyword.WebUiBuiltInKeywords$verifyElementChecked$8.call(Unknown Source)
	at com.tccreate.keywords.ExpandAllScriptureToggle.toggleAllScripture(ExpandAllScriptureToggle.groovy:43)
	at com.tccreate.keywords.ExpandAllScriptureToggle.invokeMethod(ExpandAllScriptureToggle.groovy)
	at com.kms.katalon.core.main.CustomKeywordDelegatingMetaClass.invokeStaticMethod(CustomKeywordDelegatingMetaClass.java:50)
	at tN_Parallel Scripture viewer.run(tN_Parallel Scripture viewer:39)
	at com.kms.katalon.core.main.ScriptEngine.run(ScriptEngine.java:194)
	at com.kms.katalon.core.main.ScriptEngine.runScriptAsRawText(ScriptEngine.java:119)
	at com.kms.katalon.core.main.TestCaseExecutor.runScript(TestCaseExecutor.java:430)
	at com.kms.katalon.core.main.TestCaseExecutor.doExecute(TestCaseExecutor.java:421)
	at com.kms.katalon.core.main.TestCaseExecutor.processExecutionPhase(TestCaseExecutor.java:400)
	at com.kms.katalon.core.main.TestCaseExecutor.accessMainPhase(TestCaseExecutor.java:392)
	at com.kms.katalon.core.main.TestCaseExecutor.execute(TestCaseExecutor.java:273)
	at com.kms.katalon.core.main.TestSuiteExecutor.accessTestCaseMainPhase(TestSuiteExecutor.java:202)
	at com.kms.katalon.core.main.TestSuiteExecutor.accessTestSuiteMainPhase(TestSuiteExecutor.java:164)
	at com.kms.katalon.core.main.TestSuiteExecutor.execute(TestSuiteExecutor.java:105)
	at com.kms.katalon.core.main.TestCaseMain.startTestSuite(TestCaseMain.java:185)
	at com.kms.katalon.core.main.TestCaseMain$startTestSuite$0.call(Unknown Source)
	at TempTestSuite1641788891534.run(TempTestSuite1641788891534.groovy:36)
)
[[ATTACHMENT|/Users/elsylitsonlambert/git/tcCreateQA/Reports/20220109_232810/Test Suite1- Regression/20220109_232811/1641788934345.png]]

2022-01-09 23:28:56 - [MESSAGE][PASSED] - Object: 'Object Repository/Page_tC Create/input_Expand all Scripture_default' is clicked on

2022-01-09 23:28:57 - [MESSAGE][PASSED] - Delayed 1 second(s)

2022-01-09 23:28:58 - [MESSAGE][PASSED] - Object: 'Object Repository/Page_tC Create/button_DrawerClose' is clicked on

2022-01-09 23:28:59 - [MESSAGE][PASSED] - Object 'Object Repository/Page_tC Create/Hamburger Menu Button' is visible

2022-01-09 23:28:59 - [MESSAGE][PASSED] - com.tccreate.keywords.ExpandAllScriptureToggle.toggleAllScripture is PASSED

2022-01-09 23:28:59 - [TEST_STEP][PASSED] - if (verifyElementPresent(findTestObject("Page_tC Create/span_unfoldingWord Literal Text v14"), 5)): null

2022-01-09 23:29:00 - [MESSAGE][PASSED] - Object 'Object Repository/Page_tC Create/span_unfoldingWord Literal Text v14' is present

2022-01-09 23:29:00 - [TEST_STEP][PASSED] - logInfo("ULT is visible 1"): ULT is visible 1

2022-01-09 23:29:00 - [MESSAGE][INFO] - ULT is visible 1

2022-01-09 23:29:00 - [TEST_STEP][PASSED] - if (verifyElementPresent(findTestObject("Page_tC Create/span_unfoldingWord Simplified Text v14"), 5)): null

2022-01-09 23:29:00 - [MESSAGE][PASSED] - Object 'Object Repository/Page_tC Create/span_unfoldingWord Simplified Text v14' is present

2022-01-09 23:29:00 - [TEST_STEP][PASSED] - logInfo("UST is visible"): UST is visible

2022-01-09 23:29:00 - [MESSAGE][INFO] - UST is visible

2022-01-09 23:29:00 - [TEST_STEP][PASSED] - logInfo("ParallelScripture is present"): ParallelScripture is present

2022-01-09 23:29:00 - [MESSAGE][INFO] - ParallelScripture is present

2022-01-09 23:29:00 - [TEST_STEP][PASSED] - com.tccreate.keywords.ExpandAllScriptureToggle.toggleAllScripture(""off""): com.tccreate.keywords.ExpandAllScriptureToggle.toggleAllScripture is PASSED

2022-01-09 23:29:03 - [MESSAGE][INFO] - Unable to find the element located by 'By.xpath: //*[@type = 'button' and @data-test = 'drawer-menu-close-button']'. Please recheck the objects properties to make sure the desired element is located. 

2022-01-09 23:29:03 - [MESSAGE][WARNING] - Object 'Object Repository/Page_tC Create/button_DrawerClose' is not present after 2 second(s)

2022-01-09 23:29:05 - [MESSAGE][PASSED] - Object: 'Object Repository/Page_tC Create/Hamburger Menu Button' is clicked on

2022-01-09 23:29:06 - [MESSAGE][PASSED] - Delayed 1 second(s)

2022-01-09 23:29:06 - [MESSAGE][PASSED] - Object 'Object Repository/Page_tC Create/input_Expand all Scripture_default' is checked

2022-01-09 23:29:07 - [MESSAGE][PASSED] - Object: 'Object Repository/Page_tC Create/input_Expand all Scripture_default' is clicked on

2022-01-09 23:29:08 - [MESSAGE][PASSED] - Delayed 1 second(s)

2022-01-09 23:29:10 - [MESSAGE][PASSED] - Object: 'Object Repository/Page_tC Create/button_DrawerClose' is clicked on

2022-01-09 23:29:11 - [MESSAGE][PASSED] - Object 'Object Repository/Page_tC Create/Hamburger Menu Button' is visible

2022-01-09 23:29:11 - [MESSAGE][PASSED] - com.tccreate.keywords.ExpandAllScriptureToggle.toggleAllScripture is PASSED

2022-01-09 23:29:11 - [TEST_STEP][PASSED] - logInfo("button is toggled"): button is toggled

2022-01-09 23:29:11 - [MESSAGE][INFO] - button is toggled

2022-01-09 23:29:11 - [TEST_STEP][PASSED] - if (verifyElementNotPresent(findTestObject("Page_tC Create/span_unfoldingWord Literal Text v14"), 3)): null

2022-01-09 23:29:11 - [MESSAGE][PASSED] - Web element with id: 'Object Repository/Page_tC Create/span_unfoldingWord Literal Text v14' located by 'By.xpath: //div[@id='wrapY']/table/thead/tr/th[2]/span' is not present after '3' second(s)

2022-01-09 23:29:11 - [TEST_STEP][PASSED] - logInfo("ULT is not visible as expected"): ULT is not visible as expected

2022-01-09 23:29:11 - [MESSAGE][INFO] - ULT is not visible as expected

2022-01-09 23:29:11 - [TEST_STEP][PASSED] - closeBrowser(): Browser is closed

2022-01-09 23:29:11 - [MESSAGE][PASSED] - Browser is closed]]></system-out>
         <system-err><![CDATA[]]></system-err>
      </testcase>
      <testcase name="Test Cases/tCC Test Cases/tCC_Link to Organization page" time="16.622" classname="Test Cases/tCC Test Cases/tCC_Link to Organization page" status="PASSED">
         <system-out><![CDATA[2022-01-09 23:29:11 - [TEST_CASE][PASSED] - Test Cases/tCC Test Cases/tCC_Link to Organization page: Test Cases/tCC Test Cases/tCC_Link to Organization page

2022-01-09 23:29:11 - [TEST_STEP][PASSED] - com.tccreate.keywords.WriteToFile.writeTofilename("Links to Org page"): com.tccreate.keywords.WriteToFile.writeTofilename is PASSED

2022-01-09 23:29:11 - [MESSAGE][PASSED] - com.tccreate.keywords.WriteToFile.writeTofilename is PASSED

2022-01-09 23:29:11 - [TEST_STEP][PASSED] - com.helper.login.TimeDate.getTimeDate(): com.helper.login.TimeDate.getTimeDate is PASSED

2022-01-09 23:29:11 - [MESSAGE][INFO] - Time at which the test run:2022-01-09 23:29:11.804

2022-01-09 23:29:11 - [MESSAGE][PASSED] - com.helper.login.TimeDate.getTimeDate is PASSED

2022-01-09 23:29:11 - [TEST_STEP][PASSED] - com.helper.login.loginhelper.logintoapp(): com.helper.login.loginhelper.logintoapp is PASSED

2022-01-09 23:29:11 - [MESSAGE][INFO] - Starting 'Chrome' driver

2022-01-09 23:29:11 - [MESSAGE][INFO] - Action delay is set to 1,000 milliseconds

2022-01-09 23:29:12 - [MESSAGE][WARNING] - FFmpeg was not installed! Browser Recording will be disabled. Please follow this document to install FFmpeg first: https://docs.katalon.com/katalon-studio/docs/screenshots-videos.html#browser-based-recorder

2022-01-09 23:29:17 - [MESSAGE][PASSED] - Browser is opened with url: 'https://stage--tc-create-app.netlify.app/'

2022-01-09 23:29:17 - [MESSAGE][PASSED] - Wait for page load successfully

2022-01-09 23:29:17 - [MESSAGE][PASSED] - Current window maximized

2022-01-09 23:29:19 - [MESSAGE][PASSED] - Keys 'elsylambert' sent to object: 'Object Repository/Page_tC Create/input__username'

2022-01-09 23:29:20 - [MESSAGE][PASSED] - Keys 'fatak43' sent to object: 'Object Repository/Page_tC Create/input__password'

2022-01-09 23:29:21 - [MESSAGE][PASSED] - Object: 'Object Repository/Page_tC Create/button_Login' is clicked on

2022-01-09 23:29:22 - [MESSAGE][PASSED] - Delayed 1 second(s)

2022-01-09 23:29:23 - [MESSAGE][PASSED] - Text of object 'Object Repository/Page_tC Create/tcc-version number' is: 'translationCore Create - v1.4.0 build 113-e01d8f1'

2022-01-09 23:29:23 - [MESSAGE][INFO] - : The current version and build number is translationCore Create - v1.4.0 build 113-e01d8f1

2022-01-09 23:29:23 - [MESSAGE][PASSED] - com.helper.login.loginhelper.logintoapp is PASSED

2022-01-09 23:29:23 - [TEST_STEP][PASSED] - verifyElementPresent(findTestObject("Object Repository/Organization Link/span_unfoldingWord"), 1): Object 'Object Repository/Organization Link/span_unfoldingWord' is present

2022-01-09 23:29:24 - [MESSAGE][PASSED] - Object 'Object Repository/Organization Link/span_unfoldingWord' is present

2022-01-09 23:29:24 - [TEST_STEP][PASSED] - expectedTooltip = "Go to Organization": null

2022-01-09 23:29:24 - [TEST_STEP][PASSED] - actualTooltip = getAttribute(findTestObject("Object Repository/Organization Link/button_unfoldingWord_MuiButtonBase-root MuiIconButton-root"), "title"): Attribute 'title' of object 'Object Repository/Organization Link/button_unfoldingWord_MuiButtonBase-root MuiIconButton-root' is: 'Go to Organization'

2022-01-09 23:29:24 - [MESSAGE][PASSED] - Attribute 'title' of object 'Object Repository/Organization Link/button_unfoldingWord_MuiButtonBase-root MuiIconButton-root' is: 'Go to Organization'

2022-01-09 23:29:24 - [TEST_STEP][PASSED] - out.println("Actual Title of Tool Tip" + actualTooltip): null

2022-01-09 23:29:25 - [TEST_STEP][PASSED] - if (actualTooltip.equals(expectedTooltip)): null

2022-01-09 23:29:25 - [TEST_STEP][PASSED] - out.println("Test Case Passed"): null

2022-01-09 23:29:25 - [TEST_STEP][PASSED] - click(findTestObject("Object Repository/Organization Link/button_unfoldingWord_MuiButtonBase-root MuiIconButton-root")): Object: 'Object Repository/Organization Link/button_unfoldingWord_MuiButtonBase-root MuiIconButton-root' is clicked on

2022-01-09 23:29:26 - [MESSAGE][PASSED] - Object: 'Object Repository/Organization Link/button_unfoldingWord_MuiButtonBase-root MuiIconButton-root' is clicked on

2022-01-09 23:29:26 - [TEST_STEP][PASSED] - switchToWindowIndex(1): Switched to window with index: '1'

2022-01-09 23:29:26 - [MESSAGE][PASSED] - Switched to window with index: '1'

2022-01-09 23:29:26 - [TEST_STEP][PASSED] - if (verifyElementVisible(findTestObject("Object Repository/Organization Link/div_unfoldingWord"), CONTINUE_ON_FAILURE)): null

2022-01-09 23:29:28 - [MESSAGE][PASSED] - Object 'Object Repository/Organization Link/div_unfoldingWord' is visible

2022-01-09 23:29:28 - [TEST_STEP][PASSED] - out.println("Organization page is opening"): null

2022-01-09 23:29:28 - [TEST_STEP][PASSED] - switchToWindowIndex(0): Switched to window with index: '0'

2022-01-09 23:29:28 - [MESSAGE][PASSED] - Switched to window with index: '0'

2022-01-09 23:29:28 - [TEST_STEP][PASSED] - closeBrowser(): Browser is closed

2022-01-09 23:29:28 - [MESSAGE][PASSED] - Browser is closed]]></system-out>
         <system-err><![CDATA[]]></system-err>
      </testcase>
      <testcase name="Test Cases/tCC Test Cases/tN_undo text in tN Editor" time="31.839" classname="Test Cases/tCC Test Cases/tN_undo text in tN Editor" status="FAILED">
         <failure type="FAILED" message="Test Cases/tCC Test Cases/tN_undo text in tN Editor FAILED.
Reason:
com.kms.katalon.core.exception.StepFailedException: Unable to send keys 'edit again ' to object 'Object Repository/Page_tC Create/div_Introduction to TitusPart 1' (Root cause: com.kms.katalon.core.exception.StepFailedException: Unable to send keys 'edit again ' to object 'Object Repository/Page_tC Create/div_Introduction to TitusPart 1'
	at com.kms.katalon.core.webui.keyword.internal.WebUIKeywordMain.stepFailed(WebUIKeywordMain.groovy:64)
	at com.kms.katalon.core.webui.keyword.internal.WebUIKeywordMain.runKeyword(WebUIKeywordMain.groovy:26)
	at com.kms.katalon.core.webui.keyword.builtin.SendKeysKeyword.sendKeys(SendKeysKeyword.groovy:60)
	at com.kms.katalon.core.webui.keyword.builtin.SendKeysKeyword.execute(SendKeysKeyword.groovy:38)
	at com.kms.katalon.core.keyword.internal.KeywordExecutor.executeKeywordForPlatform(KeywordExecutor.groovy:74)
	at com.kms.katalon.core.webui.keyword.WebUiBuiltInKeywords.sendKeys(WebUiBuiltInKeywords.groovy:864)
	at com.kms.katalon.core.webui.keyword.WebUiBuiltInKeywords$sendKeys$2.call(Unknown Source)
	at tN_undo text in tN Editor.run(tN_undo text in tN Editor:43)
	at com.kms.katalon.core.main.ScriptEngine.run(ScriptEngine.java:194)
	at com.kms.katalon.core.main.ScriptEngine.runScriptAsRawText(ScriptEngine.java:119)
	at com.kms.katalon.core.main.TestCaseExecutor.runScript(TestCaseExecutor.java:430)
	at com.kms.katalon.core.main.TestCaseExecutor.doExecute(TestCaseExecutor.java:421)
	at com.kms.katalon.core.main.TestCaseExecutor.processExecutionPhase(TestCaseExecutor.java:400)
	at com.kms.katalon.core.main.TestCaseExecutor.accessMainPhase(TestCaseExecutor.java:392)
	at com.kms.katalon.core.main.TestCaseExecutor.execute(TestCaseExecutor.java:273)
	at com.kms.katalon.core.main.TestSuiteExecutor.accessTestCaseMainPhase(TestSuiteExecutor.java:202)
	at com.kms.katalon.core.main.TestSuiteExecutor.accessTestSuiteMainPhase(TestSuiteExecutor.java:164)
	at com.kms.katalon.core.main.TestSuiteExecutor.execute(TestSuiteExecutor.java:105)
	at com.kms.katalon.core.main.TestCaseMain.startTestSuite(TestCaseMain.java:185)
	at com.kms.katalon.core.main.TestCaseMain$startTestSuite$0.call(Unknown Source)
	at TempTestSuite1641788891534.run(TempTestSuite1641788891534.groovy:36)
Caused by: org.openqa.selenium.ElementNotInteractableException: element not interactable
  (Session info: chrome=97.0.4692.71)
Build info: version: '3.141.59', revision: 'e82be7d358', time: '2018-11-14T08:25:53'
System info: host: 'ELSYs-MacBook-Pro.local', ip: '2607:fea8:2cde:d500:0:0:0:4118%en0', os.name: 'Mac OS X', os.arch: 'x86_64', os.version: '10.16', java.version: '1.8.0_275'
Driver info: com.kms.katalon.selenium.driver.CChromeDriver
Capabilities {acceptInsecureCerts: false, browserName: chrome, browserVersion: 97.0.4692.71, chrome: {chromedriverVersion: 97.0.4692.71 (adefa7837d02a..., userDataDir: /var/folders/sf/msc8p_nx3x3...}, goog:chromeOptions: {debuggerAddress: localhost:49753}, javascriptEnabled: true, networkConnectionEnabled: false, pageLoadStrategy: normal, platform: MAC, platformName: MAC, proxy: Proxy(), setWindowRect: true, strictFileInteractability: false, timeouts: {implicit: 0, pageLoad: 300000, script: 30000}, unhandledPromptBehavior: dismiss and notify, webauthn:extension:credBlob: true, webauthn:extension:largeBlob: true, webauthn:virtualAuthenticators: true}
Session ID: 4cbb91b2dfee32bc70aa3be05e4da968
	at org.openqa.selenium.remote.http.W3CHttpResponseCodec.createException(W3CHttpResponseCodec.java:187)
	at org.openqa.selenium.remote.http.W3CHttpResponseCodec.decode(W3CHttpResponseCodec.java:122)
	at org.openqa.selenium.remote.http.W3CHttpResponseCodec.decode(W3CHttpResponseCodec.java:49)
	at org.openqa.selenium.remote.HttpCommandExecutor.execute(HttpCommandExecutor.java:158)
	at org.openqa.selenium.remote.service.DriverCommandExecutor.execute(DriverCommandExecutor.java:83)
	at org.openqa.selenium.remote.RemoteWebDriver.execute(RemoteWebDriver.java:552)
	at com.kms.katalon.selenium.driver.CChromeDriver.execute(CChromeDriver.java:19)
	at org.openqa.selenium.remote.RemoteWebElement.execute(RemoteWebElement.java:285)
	at org.openqa.selenium.remote.RemoteWebElement.sendKeys(RemoteWebElement.java:106)
	at org.openqa.selenium.support.events.EventFiringWebDriver$EventFiringWebElement.lambda$new$0(EventFiringWebDriver.java:404)
	at com.sun.proxy.$Proxy11.sendKeys(Unknown Source)
	at org.openqa.selenium.support.events.EventFiringWebDriver$EventFiringWebElement.sendKeys(EventFiringWebDriver.java:429)
	at com.kms.katalon.core.webui.keyword.builtin.SendKeysKeyword$_sendKeys_closure1.doCall(SendKeysKeyword.groovy:53)
	at com.kms.katalon.core.webui.keyword.builtin.SendKeysKeyword$_sendKeys_closure1.call(SendKeysKeyword.groovy)
	at com.kms.katalon.core.webui.keyword.internal.WebUIKeywordMain.runKeyword(WebUIKeywordMain.groovy:20)
	at com.kms.katalon.core.webui.keyword.builtin.SendKeysKeyword.sendKeys(SendKeysKeyword.groovy:60)
	at com.kms.katalon.core.webui.keyword.builtin.SendKeysKeyword.execute(SendKeysKeyword.groovy:38)
	at com.kms.katalon.core.keyword.internal.KeywordExecutor.executeKeywordForPlatform(KeywordExecutor.groovy:74)
	at com.kms.katalon.core.webui.keyword.WebUiBuiltInKeywords.sendKeys(WebUiBuiltInKeywords.groovy:864)
	at com.kms.katalon.core.webui.keyword.WebUiBuiltInKeywords$sendKeys$2.call(Unknown Source)
	at Script1613080385392.run(Script1613080385392.groovy:43)
	... 13 more
)
	at com.kms.katalon.core.keyword.internal.KeywordMain.stepFailed(KeywordMain.groovy:39)
	at com.kms.katalon.core.webui.keyword.internal.WebUIKeywordMain.stepFailed(WebUIKeywordMain.groovy:64)
	at com.kms.katalon.core.webui.keyword.internal.WebUIKeywordMain.runKeyword(WebUIKeywordMain.groovy:26)
	at com.kms.katalon.core.webui.keyword.builtin.SendKeysKeyword.sendKeys(SendKeysKeyword.groovy:60)
	at com.kms.katalon.core.webui.keyword.builtin.SendKeysKeyword.execute(SendKeysKeyword.groovy:38)
	at com.kms.katalon.core.keyword.internal.KeywordExecutor.executeKeywordForPlatform(KeywordExecutor.groovy:74)
	at com.kms.katalon.core.webui.keyword.WebUiBuiltInKeywords.sendKeys(WebUiBuiltInKeywords.groovy:864)
	at com.kms.katalon.core.webui.keyword.WebUiBuiltInKeywords$sendKeys$2.call(Unknown Source)
	at tN_undo text in tN Editor.run(tN_undo text in tN Editor:43)
	at com.kms.katalon.core.main.ScriptEngine.run(ScriptEngine.java:194)
	at com.kms.katalon.core.main.ScriptEngine.runScriptAsRawText(ScriptEngine.java:119)
	at com.kms.katalon.core.main.TestCaseExecutor.runScript(TestCaseExecutor.java:430)
	at com.kms.katalon.core.main.TestCaseExecutor.doExecute(TestCaseExecutor.java:421)
	at com.kms.katalon.core.main.TestCaseExecutor.processExecutionPhase(TestCaseExecutor.java:400)
	at com.kms.katalon.core.main.TestCaseExecutor.accessMainPhase(TestCaseExecutor.java:392)
	at com.kms.katalon.core.main.TestCaseExecutor.execute(TestCaseExecutor.java:273)
	at com.kms.katalon.core.main.TestSuiteExecutor.accessTestCaseMainPhase(TestSuiteExecutor.java:202)
	at com.kms.katalon.core.main.TestSuiteExecutor.accessTestSuiteMainPhase(TestSuiteExecutor.java:164)
	at com.kms.katalon.core.main.TestSuiteExecutor.execute(TestSuiteExecutor.java:105)
	at com.kms.katalon.core.main.TestCaseMain.startTestSuite(TestCaseMain.java:185)
	at com.kms.katalon.core.main.TestCaseMain$startTestSuite$0.call(Unknown Source)
	at TempTestSuite1641788891534.run(TempTestSuite1641788891534.groovy:36)
Caused by: com.kms.katalon.core.exception.StepFailedException: Unable to send keys 'edit again ' to object 'Object Repository/Page_tC Create/div_Introduction to TitusPart 1'
	... 21 more
Caused by: org.openqa.selenium.ElementNotInteractableException: element not interactable
  (Session info: chrome=97.0.4692.71)
Build info: version: '3.141.59', revision: 'e82be7d358', time: '2018-11-14T08:25:53'
System info: host: 'ELSYs-MacBook-Pro.local', ip: '2607:fea8:2cde:d500:0:0:0:4118%en0', os.name: 'Mac OS X', os.arch: 'x86_64', os.version: '10.16', java.version: '1.8.0_275'
Driver info: com.kms.katalon.selenium.driver.CChromeDriver
Capabilities {acceptInsecureCerts: false, browserName: chrome, browserVersion: 97.0.4692.71, chrome: {chromedriverVersion: 97.0.4692.71 (adefa7837d02a..., userDataDir: /var/folders/sf/msc8p_nx3x3...}, goog:chromeOptions: {debuggerAddress: localhost:49753}, javascriptEnabled: true, networkConnectionEnabled: false, pageLoadStrategy: normal, platform: MAC, platformName: MAC, proxy: Proxy(), setWindowRect: true, strictFileInteractability: false, timeouts: {implicit: 0, pageLoad: 300000, script: 30000}, unhandledPromptBehavior: dismiss and notify, webauthn:extension:credBlob: true, webauthn:extension:largeBlob: true, webauthn:virtualAuthenticators: true}
Session ID: 4cbb91b2dfee32bc70aa3be05e4da968
	at org.openqa.selenium.remote.http.W3CHttpResponseCodec.createException(W3CHttpResponseCodec.java:187)
	at org.openqa.selenium.remote.http.W3CHttpResponseCodec.decode(W3CHttpResponseCodec.java:122)
	at org.openqa.selenium.remote.http.W3CHttpResponseCodec.decode(W3CHttpResponseCodec.java:49)
	at org.openqa.selenium.remote.HttpCommandExecutor.execute(HttpCommandExecutor.java:158)
	at org.openqa.selenium.remote.service.DriverCommandExecutor.execute(DriverCommandExecutor.java:83)
	at org.openqa.selenium.remote.RemoteWebDriver.execute(RemoteWebDriver.java:552)
	at com.kms.katalon.selenium.driver.CChromeDriver.execute(CChromeDriver.java:19)
	at org.openqa.selenium.remote.RemoteWebElement.execute(RemoteWebElement.java:285)
	at org.openqa.selenium.remote.RemoteWebElement.sendKeys(RemoteWebElement.java:106)
	at org.openqa.selenium.support.events.EventFiringWebDriver$EventFiringWebElement.lambda$new$0(EventFiringWebDriver.java:404)
	at com.sun.proxy.$Proxy11.sendKeys(Unknown Source)
	at org.openqa.selenium.support.events.EventFiringWebDriver$EventFiringWebElement.sendKeys(EventFiringWebDriver.java:429)
	at com.kms.katalon.core.webui.keyword.builtin.SendKeysKeyword$_sendKeys_closure1.doCall(SendKeysKeyword.groovy:53)
	at com.kms.katalon.core.webui.keyword.builtin.SendKeysKeyword$_sendKeys_closure1.call(SendKeysKeyword.groovy)
	at com.kms.katalon.core.webui.keyword.internal.WebUIKeywordMain.runKeyword(WebUIKeywordMain.groovy:20)
	... 19 more
"/>
         <system-out><![CDATA[2022-01-09 23:29:28 - [TEST_CASE][FAILED] - Test Cases/tCC Test Cases/tN_undo text in tN Editor: Test Cases/tCC Test Cases/tN_undo text in tN Editor FAILED.
Reason:
com.kms.katalon.core.exception.StepFailedException: Unable to send keys 'edit again ' to object 'Object Repository/Page_tC Create/div_Introduction to TitusPart 1' (Root cause: com.kms.katalon.core.exception.StepFailedException: Unable to send keys 'edit again ' to object 'Object Repository/Page_tC Create/div_Introduction to TitusPart 1'
	at com.kms.katalon.core.webui.keyword.internal.WebUIKeywordMain.stepFailed(WebUIKeywordMain.groovy:64)
	at com.kms.katalon.core.webui.keyword.internal.WebUIKeywordMain.runKeyword(WebUIKeywordMain.groovy:26)
	at com.kms.katalon.core.webui.keyword.builtin.SendKeysKeyword.sendKeys(SendKeysKeyword.groovy:60)
	at com.kms.katalon.core.webui.keyword.builtin.SendKeysKeyword.execute(SendKeysKeyword.groovy:38)
	at com.kms.katalon.core.keyword.internal.KeywordExecutor.executeKeywordForPlatform(KeywordExecutor.groovy:74)
	at com.kms.katalon.core.webui.keyword.WebUiBuiltInKeywords.sendKeys(WebUiBuiltInKeywords.groovy:864)
	at com.kms.katalon.core.webui.keyword.WebUiBuiltInKeywords$sendKeys$2.call(Unknown Source)
	at tN_undo text in tN Editor.run(tN_undo text in tN Editor:43)
	at com.kms.katalon.core.main.ScriptEngine.run(ScriptEngine.java:194)
	at com.kms.katalon.core.main.ScriptEngine.runScriptAsRawText(ScriptEngine.java:119)
	at com.kms.katalon.core.main.TestCaseExecutor.runScript(TestCaseExecutor.java:430)
	at com.kms.katalon.core.main.TestCaseExecutor.doExecute(TestCaseExecutor.java:421)
	at com.kms.katalon.core.main.TestCaseExecutor.processExecutionPhase(TestCaseExecutor.java:400)
	at com.kms.katalon.core.main.TestCaseExecutor.accessMainPhase(TestCaseExecutor.java:392)
	at com.kms.katalon.core.main.TestCaseExecutor.execute(TestCaseExecutor.java:273)
	at com.kms.katalon.core.main.TestSuiteExecutor.accessTestCaseMainPhase(TestSuiteExecutor.java:202)
	at com.kms.katalon.core.main.TestSuiteExecutor.accessTestSuiteMainPhase(TestSuiteExecutor.java:164)
	at com.kms.katalon.core.main.TestSuiteExecutor.execute(TestSuiteExecutor.java:105)
	at com.kms.katalon.core.main.TestCaseMain.startTestSuite(TestCaseMain.java:185)
	at com.kms.katalon.core.main.TestCaseMain$startTestSuite$0.call(Unknown Source)
	at TempTestSuite1641788891534.run(TempTestSuite1641788891534.groovy:36)
Caused by: org.openqa.selenium.ElementNotInteractableException: element not interactable
  (Session info: chrome=97.0.4692.71)
Build info: version: '3.141.59', revision: 'e82be7d358', time: '2018-11-14T08:25:53'
System info: host: 'ELSYs-MacBook-Pro.local', ip: '2607:fea8:2cde:d500:0:0:0:4118%en0', os.name: 'Mac OS X', os.arch: 'x86_64', os.version: '10.16', java.version: '1.8.0_275'
Driver info: com.kms.katalon.selenium.driver.CChromeDriver
Capabilities {acceptInsecureCerts: false, browserName: chrome, browserVersion: 97.0.4692.71, chrome: {chromedriverVersion: 97.0.4692.71 (adefa7837d02a..., userDataDir: /var/folders/sf/msc8p_nx3x3...}, goog:chromeOptions: {debuggerAddress: localhost:49753}, javascriptEnabled: true, networkConnectionEnabled: false, pageLoadStrategy: normal, platform: MAC, platformName: MAC, proxy: Proxy(), setWindowRect: true, strictFileInteractability: false, timeouts: {implicit: 0, pageLoad: 300000, script: 30000}, unhandledPromptBehavior: dismiss and notify, webauthn:extension:credBlob: true, webauthn:extension:largeBlob: true, webauthn:virtualAuthenticators: true}
Session ID: 4cbb91b2dfee32bc70aa3be05e4da968
	at org.openqa.selenium.remote.http.W3CHttpResponseCodec.createException(W3CHttpResponseCodec.java:187)
	at org.openqa.selenium.remote.http.W3CHttpResponseCodec.decode(W3CHttpResponseCodec.java:122)
	at org.openqa.selenium.remote.http.W3CHttpResponseCodec.decode(W3CHttpResponseCodec.java:49)
	at org.openqa.selenium.remote.HttpCommandExecutor.execute(HttpCommandExecutor.java:158)
	at org.openqa.selenium.remote.service.DriverCommandExecutor.execute(DriverCommandExecutor.java:83)
	at org.openqa.selenium.remote.RemoteWebDriver.execute(RemoteWebDriver.java:552)
	at com.kms.katalon.selenium.driver.CChromeDriver.execute(CChromeDriver.java:19)
	at org.openqa.selenium.remote.RemoteWebElement.execute(RemoteWebElement.java:285)
	at org.openqa.selenium.remote.RemoteWebElement.sendKeys(RemoteWebElement.java:106)
	at org.openqa.selenium.support.events.EventFiringWebDriver$EventFiringWebElement.lambda$new$0(EventFiringWebDriver.java:404)
	at com.sun.proxy.$Proxy11.sendKeys(Unknown Source)
	at org.openqa.selenium.support.events.EventFiringWebDriver$EventFiringWebElement.sendKeys(EventFiringWebDriver.java:429)
	at com.kms.katalon.core.webui.keyword.builtin.SendKeysKeyword$_sendKeys_closure1.doCall(SendKeysKeyword.groovy:53)
	at com.kms.katalon.core.webui.keyword.builtin.SendKeysKeyword$_sendKeys_closure1.call(SendKeysKeyword.groovy)
	at com.kms.katalon.core.webui.keyword.internal.WebUIKeywordMain.runKeyword(WebUIKeywordMain.groovy:20)
	at com.kms.katalon.core.webui.keyword.builtin.SendKeysKeyword.sendKeys(SendKeysKeyword.groovy:60)
	at com.kms.katalon.core.webui.keyword.builtin.SendKeysKeyword.execute(SendKeysKeyword.groovy:38)
	at com.kms.katalon.core.keyword.internal.KeywordExecutor.executeKeywordForPlatform(KeywordExecutor.groovy:74)
	at com.kms.katalon.core.webui.keyword.WebUiBuiltInKeywords.sendKeys(WebUiBuiltInKeywords.groovy:864)
	at com.kms.katalon.core.webui.keyword.WebUiBuiltInKeywords$sendKeys$2.call(Unknown Source)
	at Script1613080385392.run(Script1613080385392.groovy:43)
	... 13 more
)
	at com.kms.katalon.core.keyword.internal.KeywordMain.stepFailed(KeywordMain.groovy:39)
	at com.kms.katalon.core.webui.keyword.internal.WebUIKeywordMain.stepFailed(WebUIKeywordMain.groovy:64)
	at com.kms.katalon.core.webui.keyword.internal.WebUIKeywordMain.runKeyword(WebUIKeywordMain.groovy:26)
	at com.kms.katalon.core.webui.keyword.builtin.SendKeysKeyword.sendKeys(SendKeysKeyword.groovy:60)
	at com.kms.katalon.core.webui.keyword.builtin.SendKeysKeyword.execute(SendKeysKeyword.groovy:38)
	at com.kms.katalon.core.keyword.internal.KeywordExecutor.executeKeywordForPlatform(KeywordExecutor.groovy:74)
	at com.kms.katalon.core.webui.keyword.WebUiBuiltInKeywords.sendKeys(WebUiBuiltInKeywords.groovy:864)
	at com.kms.katalon.core.webui.keyword.WebUiBuiltInKeywords$sendKeys$2.call(Unknown Source)
	at tN_undo text in tN Editor.run(tN_undo text in tN Editor:43)
	at com.kms.katalon.core.main.ScriptEngine.run(ScriptEngine.java:194)
	at com.kms.katalon.core.main.ScriptEngine.runScriptAsRawText(ScriptEngine.java:119)
	at com.kms.katalon.core.main.TestCaseExecutor.runScript(TestCaseExecutor.java:430)
	at com.kms.katalon.core.main.TestCaseExecutor.doExecute(TestCaseExecutor.java:421)
	at com.kms.katalon.core.main.TestCaseExecutor.processExecutionPhase(TestCaseExecutor.java:400)
	at com.kms.katalon.core.main.TestCaseExecutor.accessMainPhase(TestCaseExecutor.java:392)
	at com.kms.katalon.core.main.TestCaseExecutor.execute(TestCaseExecutor.java:273)
	at com.kms.katalon.core.main.TestSuiteExecutor.accessTestCaseMainPhase(TestSuiteExecutor.java:202)
	at com.kms.katalon.core.main.TestSuiteExecutor.accessTestSuiteMainPhase(TestSuiteExecutor.java:164)
	at com.kms.katalon.core.main.TestSuiteExecutor.execute(TestSuiteExecutor.java:105)
	at com.kms.katalon.core.main.TestCaseMain.startTestSuite(TestCaseMain.java:185)
	at com.kms.katalon.core.main.TestCaseMain$startTestSuite$0.call(Unknown Source)
	at TempTestSuite1641788891534.run(TempTestSuite1641788891534.groovy:36)
Caused by: com.kms.katalon.core.exception.StepFailedException: Unable to send keys 'edit again ' to object 'Object Repository/Page_tC Create/div_Introduction to TitusPart 1'
	... 21 more
Caused by: org.openqa.selenium.ElementNotInteractableException: element not interactable
  (Session info: chrome=97.0.4692.71)
Build info: version: '3.141.59', revision: 'e82be7d358', time: '2018-11-14T08:25:53'
System info: host: 'ELSYs-MacBook-Pro.local', ip: '2607:fea8:2cde:d500:0:0:0:4118%en0', os.name: 'Mac OS X', os.arch: 'x86_64', os.version: '10.16', java.version: '1.8.0_275'
Driver info: com.kms.katalon.selenium.driver.CChromeDriver
Capabilities {acceptInsecureCerts: false, browserName: chrome, browserVersion: 97.0.4692.71, chrome: {chromedriverVersion: 97.0.4692.71 (adefa7837d02a..., userDataDir: /var/folders/sf/msc8p_nx3x3...}, goog:chromeOptions: {debuggerAddress: localhost:49753}, javascriptEnabled: true, networkConnectionEnabled: false, pageLoadStrategy: normal, platform: MAC, platformName: MAC, proxy: Proxy(), setWindowRect: true, strictFileInteractability: false, timeouts: {implicit: 0, pageLoad: 300000, script: 30000}, unhandledPromptBehavior: dismiss and notify, webauthn:extension:credBlob: true, webauthn:extension:largeBlob: true, webauthn:virtualAuthenticators: true}
Session ID: 4cbb91b2dfee32bc70aa3be05e4da968
	at org.openqa.selenium.remote.http.W3CHttpResponseCodec.createException(W3CHttpResponseCodec.java:187)
	at org.openqa.selenium.remote.http.W3CHttpResponseCodec.decode(W3CHttpResponseCodec.java:122)
	at org.openqa.selenium.remote.http.W3CHttpResponseCodec.decode(W3CHttpResponseCodec.java:49)
	at org.openqa.selenium.remote.HttpCommandExecutor.execute(HttpCommandExecutor.java:158)
	at org.openqa.selenium.remote.service.DriverCommandExecutor.execute(DriverCommandExecutor.java:83)
	at org.openqa.selenium.remote.RemoteWebDriver.execute(RemoteWebDriver.java:552)
	at com.kms.katalon.selenium.driver.CChromeDriver.execute(CChromeDriver.java:19)
	at org.openqa.selenium.remote.RemoteWebElement.execute(RemoteWebElement.java:285)
	at org.openqa.selenium.remote.RemoteWebElement.sendKeys(RemoteWebElement.java:106)
	at org.openqa.selenium.support.events.EventFiringWebDriver$EventFiringWebElement.lambda$new$0(EventFiringWebDriver.java:404)
	at com.sun.proxy.$Proxy11.sendKeys(Unknown Source)
	at org.openqa.selenium.support.events.EventFiringWebDriver$EventFiringWebElement.sendKeys(EventFiringWebDriver.java:429)
	at com.kms.katalon.core.webui.keyword.builtin.SendKeysKeyword$_sendKeys_closure1.doCall(SendKeysKeyword.groovy:53)
	at com.kms.katalon.core.webui.keyword.builtin.SendKeysKeyword$_sendKeys_closure1.call(SendKeysKeyword.groovy)
	at com.kms.katalon.core.webui.keyword.internal.WebUIKeywordMain.runKeyword(WebUIKeywordMain.groovy:20)
	... 19 more


2022-01-09 23:29:28 - [TEST_STEP][PASSED] - com.tccreate.keywords.WriteToFile.writeTofilename("tN-undo editing"): com.tccreate.keywords.WriteToFile.writeTofilename is PASSED

2022-01-09 23:29:28 - [MESSAGE][PASSED] - com.tccreate.keywords.WriteToFile.writeTofilename is PASSED

2022-01-09 23:29:28 - [TEST_STEP][PASSED] - com.helper.login.TimeDate.getTimeDate(): com.helper.login.TimeDate.getTimeDate is PASSED

2022-01-09 23:29:28 - [MESSAGE][INFO] - Time at which the test run:2022-01-09 23:29:28.463

2022-01-09 23:29:28 - [MESSAGE][PASSED] - com.helper.login.TimeDate.getTimeDate is PASSED

2022-01-09 23:29:28 - [TEST_STEP][PASSED] - com.helper.login.loginhelper.logintoapp(): com.helper.login.loginhelper.logintoapp is PASSED

2022-01-09 23:29:28 - [MESSAGE][INFO] - Starting 'Chrome' driver

2022-01-09 23:29:28 - [MESSAGE][INFO] - Action delay is set to 1,000 milliseconds

2022-01-09 23:29:29 - [MESSAGE][WARNING] - FFmpeg was not installed! Browser Recording will be disabled. Please follow this document to install FFmpeg first: https://docs.katalon.com/katalon-studio/docs/screenshots-videos.html#browser-based-recorder

2022-01-09 23:29:33 - [MESSAGE][PASSED] - Browser is opened with url: 'https://stage--tc-create-app.netlify.app/'

2022-01-09 23:29:33 - [MESSAGE][PASSED] - Wait for page load successfully

2022-01-09 23:29:34 - [MESSAGE][PASSED] - Current window maximized

2022-01-09 23:29:35 - [MESSAGE][PASSED] - Keys 'elsylambert' sent to object: 'Object Repository/Page_tC Create/input__username'

2022-01-09 23:29:37 - [MESSAGE][PASSED] - Keys 'fatak43' sent to object: 'Object Repository/Page_tC Create/input__password'

2022-01-09 23:29:38 - [MESSAGE][PASSED] - Object: 'Object Repository/Page_tC Create/button_Login' is clicked on

2022-01-09 23:29:39 - [MESSAGE][PASSED] - Delayed 1 second(s)

2022-01-09 23:29:40 - [MESSAGE][PASSED] - Text of object 'Object Repository/Page_tC Create/tcc-version number' is: 'translationCore Create - v1.4.0 build 113-e01d8f1'

2022-01-09 23:29:40 - [MESSAGE][INFO] - : The current version and build number is translationCore Create - v1.4.0 build 113-e01d8f1

2022-01-09 23:29:40 - [MESSAGE][PASSED] - com.helper.login.loginhelper.logintoapp is PASSED

2022-01-09 23:29:40 - [TEST_STEP][PASSED] - com.tccreate.keywords.selectOrg.organization(""): com.tccreate.keywords.selectOrg.organization is PASSED

2022-01-09 23:29:42 - [MESSAGE][PASSED] - Object: 'Object Repository/Page_tC Create/listOption_organisation_Parmed' is clicked on

2022-01-09 23:29:44 - [MESSAGE][WARNING] - No alert found after 2 second(s).

2022-01-09 23:29:44 - [MESSAGE][PASSED] - com.tccreate.keywords.selectOrg.organization is PASSED

2022-01-09 23:29:44 - [TEST_STEP][PASSED] - com.tccreate.keywords.selectOrg.resource("unfoldingWordÂ® Translation Notes"): com.tccreate.keywords.selectOrg.resource is PASSED

2022-01-09 23:29:45 - [MESSAGE][PASSED] - Object: 'Object Repository/Page_tC Create/resource_Parmed' is clicked on

2022-01-09 23:29:45 - [MESSAGE][PASSED] - com.tccreate.keywords.selectOrg.resource is PASSED

2022-01-09 23:29:45 - [TEST_STEP][PASSED] - com.tccreate.keywords.selectOrg.language(""): com.tccreate.keywords.selectOrg.language is PASSED

2022-01-09 23:29:47 - [MESSAGE][PASSED] - Object: 'Object Repository/Page_tC Create/combo_Select Language' is clicked on

2022-01-09 23:29:48 - [MESSAGE][PASSED] - Object: 'Object Repository/Page_tC Create/listOption_Language_Parmed' is clicked on

2022-01-09 23:29:48 - [MESSAGE][PASSED] - com.tccreate.keywords.selectOrg.language is PASSED

2022-01-09 23:29:48 - [TEST_STEP][PASSED] - click(findTestObject("Object Repository/Page_tC Create/span_en_tn_57-TIT.tsv")): Object: 'Object Repository/Page_tC Create/span_en_tn_57-TIT.tsv' is clicked on

2022-01-09 23:29:51 - [MESSAGE][PASSED] - Object: 'Object Repository/Page_tC Create/span_en_tn_57-TIT.tsv' is clicked on

2022-01-09 23:29:51 - [TEST_STEP][PASSED] - click(findTestObject("Object Repository/Page_tC Create/div_Introduction to TitusPart 1")): Object: 'Object Repository/Page_tC Create/div_Introduction to TitusPart 1' is clicked on

2022-01-09 23:29:56 - [MESSAGE][PASSED] - Object: 'Object Repository/Page_tC Create/div_Introduction to TitusPart 1' is clicked on

2022-01-09 23:29:56 - [TEST_STEP][FAILED] - sendKeys(findTestObject("Object Repository/Page_tC Create/div_Introduction to TitusPart 1"), "edit again "): Unable to send keys 'edit again ' to object 'Object Repository/Page_tC Create/div_Introduction to TitusPart 1' (Root cause: com.kms.katalon.core.exception.StepFailedException: Unable to send keys 'edit again ' to object 'Object Repository/Page_tC Create/div_Introduction to TitusPart 1'
	at com.kms.katalon.core.webui.keyword.internal.WebUIKeywordMain.stepFailed(WebUIKeywordMain.groovy:64)
	at com.kms.katalon.core.webui.keyword.internal.WebUIKeywordMain.runKeyword(WebUIKeywordMain.groovy:26)
	at com.kms.katalon.core.webui.keyword.builtin.SendKeysKeyword.sendKeys(SendKeysKeyword.groovy:60)
	at com.kms.katalon.core.webui.keyword.builtin.SendKeysKeyword.execute(SendKeysKeyword.groovy:38)
	at com.kms.katalon.core.keyword.internal.KeywordExecutor.executeKeywordForPlatform(KeywordExecutor.groovy:74)
	at com.kms.katalon.core.webui.keyword.WebUiBuiltInKeywords.sendKeys(WebUiBuiltInKeywords.groovy:864)
	at com.kms.katalon.core.webui.keyword.WebUiBuiltInKeywords$sendKeys$2.call(Unknown Source)
	at tN_undo text in tN Editor.run(tN_undo text in tN Editor:43)
	at com.kms.katalon.core.main.ScriptEngine.run(ScriptEngine.java:194)
	at com.kms.katalon.core.main.ScriptEngine.runScriptAsRawText(ScriptEngine.java:119)
	at com.kms.katalon.core.main.TestCaseExecutor.runScript(TestCaseExecutor.java:430)
	at com.kms.katalon.core.main.TestCaseExecutor.doExecute(TestCaseExecutor.java:421)
	at com.kms.katalon.core.main.TestCaseExecutor.processExecutionPhase(TestCaseExecutor.java:400)
	at com.kms.katalon.core.main.TestCaseExecutor.accessMainPhase(TestCaseExecutor.java:392)
	at com.kms.katalon.core.main.TestCaseExecutor.execute(TestCaseExecutor.java:273)
	at com.kms.katalon.core.main.TestSuiteExecutor.accessTestCaseMainPhase(TestSuiteExecutor.java:202)
	at com.kms.katalon.core.main.TestSuiteExecutor.accessTestSuiteMainPhase(TestSuiteExecutor.java:164)
	at com.kms.katalon.core.main.TestSuiteExecutor.execute(TestSuiteExecutor.java:105)
	at com.kms.katalon.core.main.TestCaseMain.startTestSuite(TestCaseMain.java:185)
	at com.kms.katalon.core.main.TestCaseMain$startTestSuite$0.call(Unknown Source)
	at TempTestSuite1641788891534.run(TempTestSuite1641788891534.groovy:36)
Caused by: org.openqa.selenium.ElementNotInteractableException: element not interactable
  (Session info: chrome=97.0.4692.71)
Build info: version: '3.141.59', revision: 'e82be7d358', time: '2018-11-14T08:25:53'
System info: host: 'ELSYs-MacBook-Pro.local', ip: '2607:fea8:2cde:d500:0:0:0:4118%en0', os.name: 'Mac OS X', os.arch: 'x86_64', os.version: '10.16', java.version: '1.8.0_275'
Driver info: com.kms.katalon.selenium.driver.CChromeDriver
Capabilities {acceptInsecureCerts: false, browserName: chrome, browserVersion: 97.0.4692.71, chrome: {chromedriverVersion: 97.0.4692.71 (adefa7837d02a..., userDataDir: /var/folders/sf/msc8p_nx3x3...}, goog:chromeOptions: {debuggerAddress: localhost:49753}, javascriptEnabled: true, networkConnectionEnabled: false, pageLoadStrategy: normal, platform: MAC, platformName: MAC, proxy: Proxy(), setWindowRect: true, strictFileInteractability: false, timeouts: {implicit: 0, pageLoad: 300000, script: 30000}, unhandledPromptBehavior: dismiss and notify, webauthn:extension:credBlob: true, webauthn:extension:largeBlob: true, webauthn:virtualAuthenticators: true}
Session ID: 4cbb91b2dfee32bc70aa3be05e4da968
	at org.openqa.selenium.remote.http.W3CHttpResponseCodec.createException(W3CHttpResponseCodec.java:187)
	at org.openqa.selenium.remote.http.W3CHttpResponseCodec.decode(W3CHttpResponseCodec.java:122)
	at org.openqa.selenium.remote.http.W3CHttpResponseCodec.decode(W3CHttpResponseCodec.java:49)
	at org.openqa.selenium.remote.HttpCommandExecutor.execute(HttpCommandExecutor.java:158)
	at org.openqa.selenium.remote.service.DriverCommandExecutor.execute(DriverCommandExecutor.java:83)
	at org.openqa.selenium.remote.RemoteWebDriver.execute(RemoteWebDriver.java:552)
	at com.kms.katalon.selenium.driver.CChromeDriver.execute(CChromeDriver.java:19)
	at org.openqa.selenium.remote.RemoteWebElement.execute(RemoteWebElement.java:285)
	at org.openqa.selenium.remote.RemoteWebElement.sendKeys(RemoteWebElement.java:106)
	at org.openqa.selenium.support.events.EventFiringWebDriver$EventFiringWebElement.lambda$new$0(EventFiringWebDriver.java:404)
	at com.sun.proxy.$Proxy11.sendKeys(Unknown Source)
	at org.openqa.selenium.support.events.EventFiringWebDriver$EventFiringWebElement.sendKeys(EventFiringWebDriver.java:429)
	at com.kms.katalon.core.webui.keyword.builtin.SendKeysKeyword$_sendKeys_closure1.doCall(SendKeysKeyword.groovy:53)
	at com.kms.katalon.core.webui.keyword.builtin.SendKeysKeyword$_sendKeys_closure1.call(SendKeysKeyword.groovy)
	at com.kms.katalon.core.webui.keyword.internal.WebUIKeywordMain.runKeyword(WebUIKeywordMain.groovy:20)
	at com.kms.katalon.core.webui.keyword.builtin.SendKeysKeyword.sendKeys(SendKeysKeyword.groovy:60)
	at com.kms.katalon.core.webui.keyword.builtin.SendKeysKeyword.execute(SendKeysKeyword.groovy:38)
	at com.kms.katalon.core.keyword.internal.KeywordExecutor.executeKeywordForPlatform(KeywordExecutor.groovy:74)
	at com.kms.katalon.core.webui.keyword.WebUiBuiltInKeywords.sendKeys(WebUiBuiltInKeywords.groovy:864)
	at com.kms.katalon.core.webui.keyword.WebUiBuiltInKeywords$sendKeys$2.call(Unknown Source)
	at Script1613080385392.run(Script1613080385392.groovy:43)
	... 13 more
)

2022-01-09 23:29:57 - [MESSAGE][FAILED] - Unable to send keys 'edit again ' to object 'Object Repository/Page_tC Create/div_Introduction to TitusPart 1' (Root cause: com.kms.katalon.core.exception.StepFailedException: Unable to send keys 'edit again ' to object 'Object Repository/Page_tC Create/div_Introduction to TitusPart 1'
	at com.kms.katalon.core.webui.keyword.internal.WebUIKeywordMain.stepFailed(WebUIKeywordMain.groovy:64)
	at com.kms.katalon.core.webui.keyword.internal.WebUIKeywordMain.runKeyword(WebUIKeywordMain.groovy:26)
	at com.kms.katalon.core.webui.keyword.builtin.SendKeysKeyword.sendKeys(SendKeysKeyword.groovy:60)
	at com.kms.katalon.core.webui.keyword.builtin.SendKeysKeyword.execute(SendKeysKeyword.groovy:38)
	at com.kms.katalon.core.keyword.internal.KeywordExecutor.executeKeywordForPlatform(KeywordExecutor.groovy:74)
	at com.kms.katalon.core.webui.keyword.WebUiBuiltInKeywords.sendKeys(WebUiBuiltInKeywords.groovy:864)
	at com.kms.katalon.core.webui.keyword.WebUiBuiltInKeywords$sendKeys$2.call(Unknown Source)
	at tN_undo text in tN Editor.run(tN_undo text in tN Editor:43)
	at com.kms.katalon.core.main.ScriptEngine.run(ScriptEngine.java:194)
	at com.kms.katalon.core.main.ScriptEngine.runScriptAsRawText(ScriptEngine.java:119)
	at com.kms.katalon.core.main.TestCaseExecutor.runScript(TestCaseExecutor.java:430)
	at com.kms.katalon.core.main.TestCaseExecutor.doExecute(TestCaseExecutor.java:421)
	at com.kms.katalon.core.main.TestCaseExecutor.processExecutionPhase(TestCaseExecutor.java:400)
	at com.kms.katalon.core.main.TestCaseExecutor.accessMainPhase(TestCaseExecutor.java:392)
	at com.kms.katalon.core.main.TestCaseExecutor.execute(TestCaseExecutor.java:273)
	at com.kms.katalon.core.main.TestSuiteExecutor.accessTestCaseMainPhase(TestSuiteExecutor.java:202)
	at com.kms.katalon.core.main.TestSuiteExecutor.accessTestSuiteMainPhase(TestSuiteExecutor.java:164)
	at com.kms.katalon.core.main.TestSuiteExecutor.execute(TestSuiteExecutor.java:105)
	at com.kms.katalon.core.main.TestCaseMain.startTestSuite(TestCaseMain.java:185)
	at com.kms.katalon.core.main.TestCaseMain$startTestSuite$0.call(Unknown Source)
	at TempTestSuite1641788891534.run(TempTestSuite1641788891534.groovy:36)
Caused by: org.openqa.selenium.ElementNotInteractableException: element not interactable
  (Session info: chrome=97.0.4692.71)
Build info: version: '3.141.59', revision: 'e82be7d358', time: '2018-11-14T08:25:53'
System info: host: 'ELSYs-MacBook-Pro.local', ip: '2607:fea8:2cde:d500:0:0:0:4118%en0', os.name: 'Mac OS X', os.arch: 'x86_64', os.version: '10.16', java.version: '1.8.0_275'
Driver info: com.kms.katalon.selenium.driver.CChromeDriver
Capabilities {acceptInsecureCerts: false, browserName: chrome, browserVersion: 97.0.4692.71, chrome: {chromedriverVersion: 97.0.4692.71 (adefa7837d02a..., userDataDir: /var/folders/sf/msc8p_nx3x3...}, goog:chromeOptions: {debuggerAddress: localhost:49753}, javascriptEnabled: true, networkConnectionEnabled: false, pageLoadStrategy: normal, platform: MAC, platformName: MAC, proxy: Proxy(), setWindowRect: true, strictFileInteractability: false, timeouts: {implicit: 0, pageLoad: 300000, script: 30000}, unhandledPromptBehavior: dismiss and notify, webauthn:extension:credBlob: true, webauthn:extension:largeBlob: true, webauthn:virtualAuthenticators: true}
Session ID: 4cbb91b2dfee32bc70aa3be05e4da968
	at org.openqa.selenium.remote.http.W3CHttpResponseCodec.createException(W3CHttpResponseCodec.java:187)
	at org.openqa.selenium.remote.http.W3CHttpResponseCodec.decode(W3CHttpResponseCodec.java:122)
	at org.openqa.selenium.remote.http.W3CHttpResponseCodec.decode(W3CHttpResponseCodec.java:49)
	at org.openqa.selenium.remote.HttpCommandExecutor.execute(HttpCommandExecutor.java:158)
	at org.openqa.selenium.remote.service.DriverCommandExecutor.execute(DriverCommandExecutor.java:83)
	at org.openqa.selenium.remote.RemoteWebDriver.execute(RemoteWebDriver.java:552)
	at com.kms.katalon.selenium.driver.CChromeDriver.execute(CChromeDriver.java:19)
	at org.openqa.selenium.remote.RemoteWebElement.execute(RemoteWebElement.java:285)
	at org.openqa.selenium.remote.RemoteWebElement.sendKeys(RemoteWebElement.java:106)
	at org.openqa.selenium.support.events.EventFiringWebDriver$EventFiringWebElement.lambda$new$0(EventFiringWebDriver.java:404)
	at com.sun.proxy.$Proxy11.sendKeys(Unknown Source)
	at org.openqa.selenium.support.events.EventFiringWebDriver$EventFiringWebElement.sendKeys(EventFiringWebDriver.java:429)
	at com.kms.katalon.core.webui.keyword.builtin.SendKeysKeyword$_sendKeys_closure1.doCall(SendKeysKeyword.groovy:53)
	at com.kms.katalon.core.webui.keyword.builtin.SendKeysKeyword$_sendKeys_closure1.call(SendKeysKeyword.groovy)
	at com.kms.katalon.core.webui.keyword.internal.WebUIKeywordMain.runKeyword(WebUIKeywordMain.groovy:20)
	at com.kms.katalon.core.webui.keyword.builtin.SendKeysKeyword.sendKeys(SendKeysKeyword.groovy:60)
	at com.kms.katalon.core.webui.keyword.builtin.SendKeysKeyword.execute(SendKeysKeyword.groovy:38)
	at com.kms.katalon.core.keyword.internal.KeywordExecutor.executeKeywordForPlatform(KeywordExecutor.groovy:74)
	at com.kms.katalon.core.webui.keyword.WebUiBuiltInKeywords.sendKeys(WebUiBuiltInKeywords.groovy:864)
	at com.kms.katalon.core.webui.keyword.WebUiBuiltInKeywords$sendKeys$2.call(Unknown Source)
	at Script1613080385392.run(Script1613080385392.groovy:43)
	... 13 more
)
[[ATTACHMENT|/Users/elsylitsonlambert/git/tcCreateQA/Reports/20220109_232810/Test Suite1- Regression/20220109_232811/1641788997535.png]]

2022-01-09 23:29:57 - [TEST_STEP][PASSED] - driver = getWebDriver(): null

2022-01-09 23:29:57 - [TEST_STEP][PASSED] - action = new org.openqa.selenium.interactions.Actions(driver): null

2022-01-09 23:29:57 - [TEST_STEP][PASSED] - keyUp(COMMAND).perform(): null

2022-01-09 23:29:58 - [TEST_STEP][FAILED] - sendKeys(findTestObject("Object Repository/Page_tC Create/div_Introduction to TitusPart 1"), Keys.chord(COMMAND, "z")): Unable to send keys 'î½zî' to object 'Object Repository/Page_tC Create/div_Introduction to TitusPart 1' (Root cause: com.kms.katalon.core.exception.StepFailedException: Unable to send keys 'î½zî' to object 'Object Repository/Page_tC Create/div_Introduction to TitusPart 1'
	at com.kms.katalon.core.webui.keyword.internal.WebUIKeywordMain.stepFailed(WebUIKeywordMain.groovy:64)
	at com.kms.katalon.core.webui.keyword.internal.WebUIKeywordMain.runKeyword(WebUIKeywordMain.groovy:26)
	at com.kms.katalon.core.webui.keyword.builtin.SendKeysKeyword.sendKeys(SendKeysKeyword.groovy:60)
	at com.kms.katalon.core.webui.keyword.builtin.SendKeysKeyword.execute(SendKeysKeyword.groovy:38)
	at com.kms.katalon.core.keyword.internal.KeywordExecutor.executeKeywordForPlatform(KeywordExecutor.groovy:74)
	at com.kms.katalon.core.webui.keyword.WebUiBuiltInKeywords.sendKeys(WebUiBuiltInKeywords.groovy:864)
	at com.kms.katalon.core.webui.keyword.WebUiBuiltInKeywords$sendKeys$2.call(Unknown Source)
	at tN_undo text in tN Editor.run(tN_undo text in tN Editor:53)
	at com.kms.katalon.core.main.ScriptEngine.run(ScriptEngine.java:194)
	at com.kms.katalon.core.main.ScriptEngine.runScriptAsRawText(ScriptEngine.java:119)
	at com.kms.katalon.core.main.TestCaseExecutor.runScript(TestCaseExecutor.java:430)
	at com.kms.katalon.core.main.TestCaseExecutor.doExecute(TestCaseExecutor.java:421)
	at com.kms.katalon.core.main.TestCaseExecutor.processExecutionPhase(TestCaseExecutor.java:400)
	at com.kms.katalon.core.main.TestCaseExecutor.accessMainPhase(TestCaseExecutor.java:392)
	at com.kms.katalon.core.main.TestCaseExecutor.execute(TestCaseExecutor.java:273)
	at com.kms.katalon.core.main.TestSuiteExecutor.accessTestCaseMainPhase(TestSuiteExecutor.java:202)
	at com.kms.katalon.core.main.TestSuiteExecutor.accessTestSuiteMainPhase(TestSuiteExecutor.java:164)
	at com.kms.katalon.core.main.TestSuiteExecutor.execute(TestSuiteExecutor.java:105)
	at com.kms.katalon.core.main.TestCaseMain.startTestSuite(TestCaseMain.java:185)
	at com.kms.katalon.core.main.TestCaseMain$startTestSuite$0.call(Unknown Source)
	at TempTestSuite1641788891534.run(TempTestSuite1641788891534.groovy:36)
Caused by: org.openqa.selenium.ElementNotInteractableException: element not interactable
  (Session info: chrome=97.0.4692.71)
Build info: version: '3.141.59', revision: 'e82be7d358', time: '2018-11-14T08:25:53'
System info: host: 'ELSYs-MacBook-Pro.local', ip: '2607:fea8:2cde:d500:0:0:0:4118%en0', os.name: 'Mac OS X', os.arch: 'x86_64', os.version: '10.16', java.version: '1.8.0_275'
Driver info: com.kms.katalon.selenium.driver.CChromeDriver
Capabilities {acceptInsecureCerts: false, browserName: chrome, browserVersion: 97.0.4692.71, chrome: {chromedriverVersion: 97.0.4692.71 (adefa7837d02a..., userDataDir: /var/folders/sf/msc8p_nx3x3...}, goog:chromeOptions: {debuggerAddress: localhost:49753}, javascriptEnabled: true, networkConnectionEnabled: false, pageLoadStrategy: normal, platform: MAC, platformName: MAC, proxy: Proxy(), setWindowRect: true, strictFileInteractability: false, timeouts: {implicit: 0, pageLoad: 300000, script: 30000}, unhandledPromptBehavior: dismiss and notify, webauthn:extension:credBlob: true, webauthn:extension:largeBlob: true, webauthn:virtualAuthenticators: true}
Session ID: 4cbb91b2dfee32bc70aa3be05e4da968
	at org.openqa.selenium.remote.http.W3CHttpResponseCodec.createException(W3CHttpResponseCodec.java:187)
	at org.openqa.selenium.remote.http.W3CHttpResponseCodec.decode(W3CHttpResponseCodec.java:122)
	at org.openqa.selenium.remote.http.W3CHttpResponseCodec.decode(W3CHttpResponseCodec.java:49)
	at org.openqa.selenium.remote.HttpCommandExecutor.execute(HttpCommandExecutor.java:158)
	at org.openqa.selenium.remote.service.DriverCommandExecutor.execute(DriverCommandExecutor.java:83)
	at org.openqa.selenium.remote.RemoteWebDriver.execute(RemoteWebDriver.java:552)
	at com.kms.katalon.selenium.driver.CChromeDriver.execute(CChromeDriver.java:19)
	at org.openqa.selenium.remote.RemoteWebElement.execute(RemoteWebElement.java:285)
	at org.openqa.selenium.remote.RemoteWebElement.sendKeys(RemoteWebElement.java:106)
	at org.openqa.selenium.support.events.EventFiringWebDriver$EventFiringWebElement.lambda$new$0(EventFiringWebDriver.java:404)
	at com.sun.proxy.$Proxy11.sendKeys(Unknown Source)
	at org.openqa.selenium.support.events.EventFiringWebDriver$EventFiringWebElement.sendKeys(EventFiringWebDriver.java:429)
	at com.kms.katalon.core.webui.keyword.builtin.SendKeysKeyword$_sendKeys_closure1.doCall(SendKeysKeyword.groovy:53)
	at com.kms.katalon.core.webui.keyword.builtin.SendKeysKeyword$_sendKeys_closure1.call(SendKeysKeyword.groovy)
	at com.kms.katalon.core.webui.keyword.internal.WebUIKeywordMain.runKeyword(WebUIKeywordMain.groovy:20)
	at com.kms.katalon.core.webui.keyword.builtin.SendKeysKeyword.sendKeys(SendKeysKeyword.groovy:60)
	at com.kms.katalon.core.webui.keyword.builtin.SendKeysKeyword.execute(SendKeysKeyword.groovy:38)
	at com.kms.katalon.core.keyword.internal.KeywordExecutor.executeKeywordForPlatform(KeywordExecutor.groovy:74)
	at com.kms.katalon.core.webui.keyword.WebUiBuiltInKeywords.sendKeys(WebUiBuiltInKeywords.groovy:864)
	at com.kms.katalon.core.webui.keyword.WebUiBuiltInKeywords$sendKeys$2.call(Unknown Source)
	at Script1613080385392.run(Script1613080385392.groovy:53)
	... 13 more
)

2022-01-09 23:30:00 - [MESSAGE][FAILED] - Unable to send keys 'î½zî' to object 'Object Repository/Page_tC Create/div_Introduction to TitusPart 1' (Root cause: com.kms.katalon.core.exception.StepFailedException: Unable to send keys 'î½zî' to object 'Object Repository/Page_tC Create/div_Introduction to TitusPart 1'
	at com.kms.katalon.core.webui.keyword.internal.WebUIKeywordMain.stepFailed(WebUIKeywordMain.groovy:64)
	at com.kms.katalon.core.webui.keyword.internal.WebUIKeywordMain.runKeyword(WebUIKeywordMain.groovy:26)
	at com.kms.katalon.core.webui.keyword.builtin.SendKeysKeyword.sendKeys(SendKeysKeyword.groovy:60)
	at com.kms.katalon.core.webui.keyword.builtin.SendKeysKeyword.execute(SendKeysKeyword.groovy:38)
	at com.kms.katalon.core.keyword.internal.KeywordExecutor.executeKeywordForPlatform(KeywordExecutor.groovy:74)
	at com.kms.katalon.core.webui.keyword.WebUiBuiltInKeywords.sendKeys(WebUiBuiltInKeywords.groovy:864)
	at com.kms.katalon.core.webui.keyword.WebUiBuiltInKeywords$sendKeys$2.call(Unknown Source)
	at tN_undo text in tN Editor.run(tN_undo text in tN Editor:53)
	at com.kms.katalon.core.main.ScriptEngine.run(ScriptEngine.java:194)
	at com.kms.katalon.core.main.ScriptEngine.runScriptAsRawText(ScriptEngine.java:119)
	at com.kms.katalon.core.main.TestCaseExecutor.runScript(TestCaseExecutor.java:430)
	at com.kms.katalon.core.main.TestCaseExecutor.doExecute(TestCaseExecutor.java:421)
	at com.kms.katalon.core.main.TestCaseExecutor.processExecutionPhase(TestCaseExecutor.java:400)
	at com.kms.katalon.core.main.TestCaseExecutor.accessMainPhase(TestCaseExecutor.java:392)
	at com.kms.katalon.core.main.TestCaseExecutor.execute(TestCaseExecutor.java:273)
	at com.kms.katalon.core.main.TestSuiteExecutor.accessTestCaseMainPhase(TestSuiteExecutor.java:202)
	at com.kms.katalon.core.main.TestSuiteExecutor.accessTestSuiteMainPhase(TestSuiteExecutor.java:164)
	at com.kms.katalon.core.main.TestSuiteExecutor.execute(TestSuiteExecutor.java:105)
	at com.kms.katalon.core.main.TestCaseMain.startTestSuite(TestCaseMain.java:185)
	at com.kms.katalon.core.main.TestCaseMain$startTestSuite$0.call(Unknown Source)
	at TempTestSuite1641788891534.run(TempTestSuite1641788891534.groovy:36)
Caused by: org.openqa.selenium.ElementNotInteractableException: element not interactable
  (Session info: chrome=97.0.4692.71)
Build info: version: '3.141.59', revision: 'e82be7d358', time: '2018-11-14T08:25:53'
System info: host: 'ELSYs-MacBook-Pro.local', ip: '2607:fea8:2cde:d500:0:0:0:4118%en0', os.name: 'Mac OS X', os.arch: 'x86_64', os.version: '10.16', java.version: '1.8.0_275'
Driver info: com.kms.katalon.selenium.driver.CChromeDriver
Capabilities {acceptInsecureCerts: false, browserName: chrome, browserVersion: 97.0.4692.71, chrome: {chromedriverVersion: 97.0.4692.71 (adefa7837d02a..., userDataDir: /var/folders/sf/msc8p_nx3x3...}, goog:chromeOptions: {debuggerAddress: localhost:49753}, javascriptEnabled: true, networkConnectionEnabled: false, pageLoadStrategy: normal, platform: MAC, platformName: MAC, proxy: Proxy(), setWindowRect: true, strictFileInteractability: false, timeouts: {implicit: 0, pageLoad: 300000, script: 30000}, unhandledPromptBehavior: dismiss and notify, webauthn:extension:credBlob: true, webauthn:extension:largeBlob: true, webauthn:virtualAuthenticators: true}
Session ID: 4cbb91b2dfee32bc70aa3be05e4da968
	at org.openqa.selenium.remote.http.W3CHttpResponseCodec.createException(W3CHttpResponseCodec.java:187)
	at org.openqa.selenium.remote.http.W3CHttpResponseCodec.decode(W3CHttpResponseCodec.java:122)
	at org.openqa.selenium.remote.http.W3CHttpResponseCodec.decode(W3CHttpResponseCodec.java:49)
	at org.openqa.selenium.remote.HttpCommandExecutor.execute(HttpCommandExecutor.java:158)
	at org.openqa.selenium.remote.service.DriverCommandExecutor.execute(DriverCommandExecutor.java:83)
	at org.openqa.selenium.remote.RemoteWebDriver.execute(RemoteWebDriver.java:552)
	at com.kms.katalon.selenium.driver.CChromeDriver.execute(CChromeDriver.java:19)
	at org.openqa.selenium.remote.RemoteWebElement.execute(RemoteWebElement.java:285)
	at org.openqa.selenium.remote.RemoteWebElement.sendKeys(RemoteWebElement.java:106)
	at org.openqa.selenium.support.events.EventFiringWebDriver$EventFiringWebElement.lambda$new$0(EventFiringWebDriver.java:404)
	at com.sun.proxy.$Proxy11.sendKeys(Unknown Source)
	at org.openqa.selenium.support.events.EventFiringWebDriver$EventFiringWebElement.sendKeys(EventFiringWebDriver.java:429)
	at com.kms.katalon.core.webui.keyword.builtin.SendKeysKeyword$_sendKeys_closure1.doCall(SendKeysKeyword.groovy:53)
	at com.kms.katalon.core.webui.keyword.builtin.SendKeysKeyword$_sendKeys_closure1.call(SendKeysKeyword.groovy)
	at com.kms.katalon.core.webui.keyword.internal.WebUIKeywordMain.runKeyword(WebUIKeywordMain.groovy:20)
	at com.kms.katalon.core.webui.keyword.builtin.SendKeysKeyword.sendKeys(SendKeysKeyword.groovy:60)
	at com.kms.katalon.core.webui.keyword.builtin.SendKeysKeyword.execute(SendKeysKeyword.groovy:38)
	at com.kms.katalon.core.keyword.internal.KeywordExecutor.executeKeywordForPlatform(KeywordExecutor.groovy:74)
	at com.kms.katalon.core.webui.keyword.WebUiBuiltInKeywords.sendKeys(WebUiBuiltInKeywords.groovy:864)
	at com.kms.katalon.core.webui.keyword.WebUiBuiltInKeywords$sendKeys$2.call(Unknown Source)
	at Script1613080385392.run(Script1613080385392.groovy:53)
	... 13 more
)
[[ATTACHMENT|/Users/elsylitsonlambert/git/tcCreateQA/Reports/20220109_232810/Test Suite1- Regression/20220109_232811/1641788999520.png]]

2022-01-09 23:30:00 - [TEST_STEP][PASSED] - logInfo("Text is cleared successfully by undo action"): Text is cleared successfully by undo action

2022-01-09 23:30:00 - [MESSAGE][INFO] - Text is cleared successfully by undo action

2022-01-09 23:30:00 - [TEST_STEP][PASSED] - closeBrowser(): Browser is closed

2022-01-09 23:30:00 - [MESSAGE][PASSED] - Browser is closed]]></system-out>
         <system-err><![CDATA[2022-01-09 23:29:28 - [TEST_CASE][FAILED] - Test Cases/tCC Test Cases/tN_undo text in tN Editor: Test Cases/tCC Test Cases/tN_undo text in tN Editor FAILED.
Reason:
com.kms.katalon.core.exception.StepFailedException: Unable to send keys 'edit again ' to object 'Object Repository/Page_tC Create/div_Introduction to TitusPart 1' (Root cause: com.kms.katalon.core.exception.StepFailedException: Unable to send keys 'edit again ' to object 'Object Repository/Page_tC Create/div_Introduction to TitusPart 1'
	at com.kms.katalon.core.webui.keyword.internal.WebUIKeywordMain.stepFailed(WebUIKeywordMain.groovy:64)
	at com.kms.katalon.core.webui.keyword.internal.WebUIKeywordMain.runKeyword(WebUIKeywordMain.groovy:26)
	at com.kms.katalon.core.webui.keyword.builtin.SendKeysKeyword.sendKeys(SendKeysKeyword.groovy:60)
	at com.kms.katalon.core.webui.keyword.builtin.SendKeysKeyword.execute(SendKeysKeyword.groovy:38)
	at com.kms.katalon.core.keyword.internal.KeywordExecutor.executeKeywordForPlatform(KeywordExecutor.groovy:74)
	at com.kms.katalon.core.webui.keyword.WebUiBuiltInKeywords.sendKeys(WebUiBuiltInKeywords.groovy:864)
	at com.kms.katalon.core.webui.keyword.WebUiBuiltInKeywords$sendKeys$2.call(Unknown Source)
	at tN_undo text in tN Editor.run(tN_undo text in tN Editor:43)
	at com.kms.katalon.core.main.ScriptEngine.run(ScriptEngine.java:194)
	at com.kms.katalon.core.main.ScriptEngine.runScriptAsRawText(ScriptEngine.java:119)
	at com.kms.katalon.core.main.TestCaseExecutor.runScript(TestCaseExecutor.java:430)
	at com.kms.katalon.core.main.TestCaseExecutor.doExecute(TestCaseExecutor.java:421)
	at com.kms.katalon.core.main.TestCaseExecutor.processExecutionPhase(TestCaseExecutor.java:400)
	at com.kms.katalon.core.main.TestCaseExecutor.accessMainPhase(TestCaseExecutor.java:392)
	at com.kms.katalon.core.main.TestCaseExecutor.execute(TestCaseExecutor.java:273)
	at com.kms.katalon.core.main.TestSuiteExecutor.accessTestCaseMainPhase(TestSuiteExecutor.java:202)
	at com.kms.katalon.core.main.TestSuiteExecutor.accessTestSuiteMainPhase(TestSuiteExecutor.java:164)
	at com.kms.katalon.core.main.TestSuiteExecutor.execute(TestSuiteExecutor.java:105)
	at com.kms.katalon.core.main.TestCaseMain.startTestSuite(TestCaseMain.java:185)
	at com.kms.katalon.core.main.TestCaseMain$startTestSuite$0.call(Unknown Source)
	at TempTestSuite1641788891534.run(TempTestSuite1641788891534.groovy:36)
Caused by: org.openqa.selenium.ElementNotInteractableException: element not interactable
  (Session info: chrome=97.0.4692.71)
Build info: version: '3.141.59', revision: 'e82be7d358', time: '2018-11-14T08:25:53'
System info: host: 'ELSYs-MacBook-Pro.local', ip: '2607:fea8:2cde:d500:0:0:0:4118%en0', os.name: 'Mac OS X', os.arch: 'x86_64', os.version: '10.16', java.version: '1.8.0_275'
Driver info: com.kms.katalon.selenium.driver.CChromeDriver
Capabilities {acceptInsecureCerts: false, browserName: chrome, browserVersion: 97.0.4692.71, chrome: {chromedriverVersion: 97.0.4692.71 (adefa7837d02a..., userDataDir: /var/folders/sf/msc8p_nx3x3...}, goog:chromeOptions: {debuggerAddress: localhost:49753}, javascriptEnabled: true, networkConnectionEnabled: false, pageLoadStrategy: normal, platform: MAC, platformName: MAC, proxy: Proxy(), setWindowRect: true, strictFileInteractability: false, timeouts: {implicit: 0, pageLoad: 300000, script: 30000}, unhandledPromptBehavior: dismiss and notify, webauthn:extension:credBlob: true, webauthn:extension:largeBlob: true, webauthn:virtualAuthenticators: true}
Session ID: 4cbb91b2dfee32bc70aa3be05e4da968
	at org.openqa.selenium.remote.http.W3CHttpResponseCodec.createException(W3CHttpResponseCodec.java:187)
	at org.openqa.selenium.remote.http.W3CHttpResponseCodec.decode(W3CHttpResponseCodec.java:122)
	at org.openqa.selenium.remote.http.W3CHttpResponseCodec.decode(W3CHttpResponseCodec.java:49)
	at org.openqa.selenium.remote.HttpCommandExecutor.execute(HttpCommandExecutor.java:158)
	at org.openqa.selenium.remote.service.DriverCommandExecutor.execute(DriverCommandExecutor.java:83)
	at org.openqa.selenium.remote.RemoteWebDriver.execute(RemoteWebDriver.java:552)
	at com.kms.katalon.selenium.driver.CChromeDriver.execute(CChromeDriver.java:19)
	at org.openqa.selenium.remote.RemoteWebElement.execute(RemoteWebElement.java:285)
	at org.openqa.selenium.remote.RemoteWebElement.sendKeys(RemoteWebElement.java:106)
	at org.openqa.selenium.support.events.EventFiringWebDriver$EventFiringWebElement.lambda$new$0(EventFiringWebDriver.java:404)
	at com.sun.proxy.$Proxy11.sendKeys(Unknown Source)
	at org.openqa.selenium.support.events.EventFiringWebDriver$EventFiringWebElement.sendKeys(EventFiringWebDriver.java:429)
	at com.kms.katalon.core.webui.keyword.builtin.SendKeysKeyword$_sendKeys_closure1.doCall(SendKeysKeyword.groovy:53)
	at com.kms.katalon.core.webui.keyword.builtin.SendKeysKeyword$_sendKeys_closure1.call(SendKeysKeyword.groovy)
	at com.kms.katalon.core.webui.keyword.internal.WebUIKeywordMain.runKeyword(WebUIKeywordMain.groovy:20)
	at com.kms.katalon.core.webui.keyword.builtin.SendKeysKeyword.sendKeys(SendKeysKeyword.groovy:60)
	at com.kms.katalon.core.webui.keyword.builtin.SendKeysKeyword.execute(SendKeysKeyword.groovy:38)
	at com.kms.katalon.core.keyword.internal.KeywordExecutor.executeKeywordForPlatform(KeywordExecutor.groovy:74)
	at com.kms.katalon.core.webui.keyword.WebUiBuiltInKeywords.sendKeys(WebUiBuiltInKeywords.groovy:864)
	at com.kms.katalon.core.webui.keyword.WebUiBuiltInKeywords$sendKeys$2.call(Unknown Source)
	at Script1613080385392.run(Script1613080385392.groovy:43)
	... 13 more
)
	at com.kms.katalon.core.keyword.internal.KeywordMain.stepFailed(KeywordMain.groovy:39)
	at com.kms.katalon.core.webui.keyword.internal.WebUIKeywordMain.stepFailed(WebUIKeywordMain.groovy:64)
	at com.kms.katalon.core.webui.keyword.internal.WebUIKeywordMain.runKeyword(WebUIKeywordMain.groovy:26)
	at com.kms.katalon.core.webui.keyword.builtin.SendKeysKeyword.sendKeys(SendKeysKeyword.groovy:60)
	at com.kms.katalon.core.webui.keyword.builtin.SendKeysKeyword.execute(SendKeysKeyword.groovy:38)
	at com.kms.katalon.core.keyword.internal.KeywordExecutor.executeKeywordForPlatform(KeywordExecutor.groovy:74)
	at com.kms.katalon.core.webui.keyword.WebUiBuiltInKeywords.sendKeys(WebUiBuiltInKeywords.groovy:864)
	at com.kms.katalon.core.webui.keyword.WebUiBuiltInKeywords$sendKeys$2.call(Unknown Source)
	at tN_undo text in tN Editor.run(tN_undo text in tN Editor:43)
	at com.kms.katalon.core.main.ScriptEngine.run(ScriptEngine.java:194)
	at com.kms.katalon.core.main.ScriptEngine.runScriptAsRawText(ScriptEngine.java:119)
	at com.kms.katalon.core.main.TestCaseExecutor.runScript(TestCaseExecutor.java:430)
	at com.kms.katalon.core.main.TestCaseExecutor.doExecute(TestCaseExecutor.java:421)
	at com.kms.katalon.core.main.TestCaseExecutor.processExecutionPhase(TestCaseExecutor.java:400)
	at com.kms.katalon.core.main.TestCaseExecutor.accessMainPhase(TestCaseExecutor.java:392)
	at com.kms.katalon.core.main.TestCaseExecutor.execute(TestCaseExecutor.java:273)
	at com.kms.katalon.core.main.TestSuiteExecutor.accessTestCaseMainPhase(TestSuiteExecutor.java:202)
	at com.kms.katalon.core.main.TestSuiteExecutor.accessTestSuiteMainPhase(TestSuiteExecutor.java:164)
	at com.kms.katalon.core.main.TestSuiteExecutor.execute(TestSuiteExecutor.java:105)
	at com.kms.katalon.core.main.TestCaseMain.startTestSuite(TestCaseMain.java:185)
	at com.kms.katalon.core.main.TestCaseMain$startTestSuite$0.call(Unknown Source)
	at TempTestSuite1641788891534.run(TempTestSuite1641788891534.groovy:36)
Caused by: com.kms.katalon.core.exception.StepFailedException: Unable to send keys 'edit again ' to object 'Object Repository/Page_tC Create/div_Introduction to TitusPart 1'
	... 21 more
Caused by: org.openqa.selenium.ElementNotInteractableException: element not interactable
  (Session info: chrome=97.0.4692.71)
Build info: version: '3.141.59', revision: 'e82be7d358', time: '2018-11-14T08:25:53'
System info: host: 'ELSYs-MacBook-Pro.local', ip: '2607:fea8:2cde:d500:0:0:0:4118%en0', os.name: 'Mac OS X', os.arch: 'x86_64', os.version: '10.16', java.version: '1.8.0_275'
Driver info: com.kms.katalon.selenium.driver.CChromeDriver
Capabilities {acceptInsecureCerts: false, browserName: chrome, browserVersion: 97.0.4692.71, chrome: {chromedriverVersion: 97.0.4692.71 (adefa7837d02a..., userDataDir: /var/folders/sf/msc8p_nx3x3...}, goog:chromeOptions: {debuggerAddress: localhost:49753}, javascriptEnabled: true, networkConnectionEnabled: false, pageLoadStrategy: normal, platform: MAC, platformName: MAC, proxy: Proxy(), setWindowRect: true, strictFileInteractability: false, timeouts: {implicit: 0, pageLoad: 300000, script: 30000}, unhandledPromptBehavior: dismiss and notify, webauthn:extension:credBlob: true, webauthn:extension:largeBlob: true, webauthn:virtualAuthenticators: true}
Session ID: 4cbb91b2dfee32bc70aa3be05e4da968
	at org.openqa.selenium.remote.http.W3CHttpResponseCodec.createException(W3CHttpResponseCodec.java:187)
	at org.openqa.selenium.remote.http.W3CHttpResponseCodec.decode(W3CHttpResponseCodec.java:122)
	at org.openqa.selenium.remote.http.W3CHttpResponseCodec.decode(W3CHttpResponseCodec.java:49)
	at org.openqa.selenium.remote.HttpCommandExecutor.execute(HttpCommandExecutor.java:158)
	at org.openqa.selenium.remote.service.DriverCommandExecutor.execute(DriverCommandExecutor.java:83)
	at org.openqa.selenium.remote.RemoteWebDriver.execute(RemoteWebDriver.java:552)
	at com.kms.katalon.selenium.driver.CChromeDriver.execute(CChromeDriver.java:19)
	at org.openqa.selenium.remote.RemoteWebElement.execute(RemoteWebElement.java:285)
	at org.openqa.selenium.remote.RemoteWebElement.sendKeys(RemoteWebElement.java:106)
	at org.openqa.selenium.support.events.EventFiringWebDriver$EventFiringWebElement.lambda$new$0(EventFiringWebDriver.java:404)
	at com.sun.proxy.$Proxy11.sendKeys(Unknown Source)
	at org.openqa.selenium.support.events.EventFiringWebDriver$EventFiringWebElement.sendKeys(EventFiringWebDriver.java:429)
	at com.kms.katalon.core.webui.keyword.builtin.SendKeysKeyword$_sendKeys_closure1.doCall(SendKeysKeyword.groovy:53)
	at com.kms.katalon.core.webui.keyword.builtin.SendKeysKeyword$_sendKeys_closure1.call(SendKeysKeyword.groovy)
	at com.kms.katalon.core.webui.keyword.internal.WebUIKeywordMain.runKeyword(WebUIKeywordMain.groovy:20)
	... 19 more]]></system-err>
      </testcase>
      <testcase name="Test Cases/tCC Test Cases/tN_Add or Delete a Row" time="40.547" classname="Test Cases/tCC Test Cases/tN_Add or Delete a Row" status="PASSED">
         <system-out><![CDATA[2022-01-09 23:30:00 - [TEST_CASE][PASSED] - Test Cases/tCC Test Cases/tN_Add or Delete a Row: Test Cases/tCC Test Cases/tN_Add or Delete a Row

2022-01-09 23:30:00 - [TEST_STEP][PASSED] - com.tccreate.keywords.WriteToFile.writeTofilename("tA-Add or delete row"): com.tccreate.keywords.WriteToFile.writeTofilename is PASSED

2022-01-09 23:30:00 - [MESSAGE][PASSED] - com.tccreate.keywords.WriteToFile.writeTofilename is PASSED

2022-01-09 23:30:00 - [TEST_STEP][PASSED] - com.helper.login.TimeDate.getTimeDate(): com.helper.login.TimeDate.getTimeDate is PASSED

2022-01-09 23:30:00 - [MESSAGE][INFO] - Time at which the test run:2022-01-09 23:30:00.268

2022-01-09 23:30:00 - [MESSAGE][PASSED] - com.helper.login.TimeDate.getTimeDate is PASSED

2022-01-09 23:30:00 - [TEST_STEP][PASSED] - com.helper.login.loginhelper.logintoapp(): com.helper.login.loginhelper.logintoapp is PASSED

2022-01-09 23:30:00 - [MESSAGE][INFO] - Starting 'Chrome' driver

2022-01-09 23:30:00 - [MESSAGE][INFO] - Action delay is set to 1,000 milliseconds

2022-01-09 23:30:01 - [MESSAGE][WARNING] - FFmpeg was not installed! Browser Recording will be disabled. Please follow this document to install FFmpeg first: https://docs.katalon.com/katalon-studio/docs/screenshots-videos.html#browser-based-recorder

2022-01-09 23:30:06 - [MESSAGE][PASSED] - Browser is opened with url: 'https://stage--tc-create-app.netlify.app/'

2022-01-09 23:30:06 - [MESSAGE][PASSED] - Wait for page load successfully

2022-01-09 23:30:06 - [MESSAGE][PASSED] - Current window maximized

2022-01-09 23:30:08 - [MESSAGE][PASSED] - Keys 'elsylambert' sent to object: 'Object Repository/Page_tC Create/input__username'

2022-01-09 23:30:09 - [MESSAGE][PASSED] - Keys 'fatak43' sent to object: 'Object Repository/Page_tC Create/input__password'

2022-01-09 23:30:10 - [MESSAGE][PASSED] - Object: 'Object Repository/Page_tC Create/button_Login' is clicked on

2022-01-09 23:30:11 - [MESSAGE][PASSED] - Delayed 1 second(s)

2022-01-09 23:30:12 - [MESSAGE][PASSED] - Text of object 'Object Repository/Page_tC Create/tcc-version number' is: 'translationCore Create - v1.4.0 build 113-e01d8f1'

2022-01-09 23:30:12 - [MESSAGE][INFO] - : The current version and build number is translationCore Create - v1.4.0 build 113-e01d8f1

2022-01-09 23:30:12 - [MESSAGE][PASSED] - com.helper.login.loginhelper.logintoapp is PASSED

2022-01-09 23:30:12 - [TEST_STEP][PASSED] - com.tccreate.keywords.selectOrg.organization(""): com.tccreate.keywords.selectOrg.organization is PASSED

2022-01-09 23:30:14 - [MESSAGE][PASSED] - Object: 'Object Repository/Page_tC Create/listOption_organisation_Parmed' is clicked on

2022-01-09 23:30:16 - [MESSAGE][WARNING] - No alert found after 2 second(s).

2022-01-09 23:30:16 - [MESSAGE][PASSED] - com.tccreate.keywords.selectOrg.organization is PASSED

2022-01-09 23:30:16 - [TEST_STEP][PASSED] - com.tccreate.keywords.selectOrg.resource("unfoldingWordÂ® Translation Notes"): com.tccreate.keywords.selectOrg.resource is PASSED

2022-01-09 23:30:18 - [MESSAGE][PASSED] - Object: 'Object Repository/Page_tC Create/resource_Parmed' is clicked on

2022-01-09 23:30:18 - [MESSAGE][PASSED] - com.tccreate.keywords.selectOrg.resource is PASSED

2022-01-09 23:30:18 - [TEST_STEP][PASSED] - com.tccreate.keywords.selectOrg.language(""): com.tccreate.keywords.selectOrg.language is PASSED

2022-01-09 23:30:19 - [MESSAGE][PASSED] - Object: 'Object Repository/Page_tC Create/combo_Select Language' is clicked on

2022-01-09 23:30:21 - [MESSAGE][PASSED] - Object: 'Object Repository/Page_tC Create/listOption_Language_Parmed' is clicked on

2022-01-09 23:30:21 - [MESSAGE][PASSED] - com.tccreate.keywords.selectOrg.language is PASSED

2022-01-09 23:30:21 - [TEST_STEP][PASSED] - click(findTestObject("Page_tC Create/Add new resource objects/span_en_tn_57-TIT.tsv")): Object: 'Object Repository/Page_tC Create/Add new resource objects/span_en_tn_57-TIT.tsv' is clicked on

2022-01-09 23:30:23 - [MESSAGE][PASSED] - Object: 'Object Repository/Page_tC Create/Add new resource objects/span_en_tn_57-TIT.tsv' is clicked on

2022-01-09 23:30:23 - [TEST_STEP][PASSED] - click(findTestObject("Object Repository/tN objects/button_view columns")): Object: 'Object Repository/tN objects/button_view columns' is clicked on

2022-01-09 23:30:28 - [MESSAGE][PASSED] - Object: 'Object Repository/tN objects/button_view columns' is clicked on

2022-01-09 23:30:28 - [TEST_STEP][PASSED] - click(findTestObject("Object Repository/tN objects/input_ID")): Object: 'Object Repository/tN objects/input_ID' is clicked on

2022-01-09 23:30:30 - [MESSAGE][PASSED] - Object: 'Object Repository/tN objects/input_ID' is clicked on

2022-01-09 23:30:30 - [TEST_STEP][PASSED] - click(findTestObject("tN objects/button__Close-Columns")): Object: 'Object Repository/tN objects/button__Close-Columns' is clicked on

2022-01-09 23:30:31 - [MESSAGE][PASSED] - Object: 'Object Repository/tN objects/button__Close-Columns' is clicked on

2022-01-09 23:30:31 - [TEST_STEP][PASSED] - scrollToElement(findTestObject("Object Repository/tN objects/div_Titus 11"), 2): Scroll to object 'Object Repository/tN objects/div_Titus 11' successfully

2022-01-09 23:30:32 - [MESSAGE][PASSED] - Scroll to object 'Object Repository/tN objects/div_Titus 11' successfully

2022-01-09 23:30:32 - [TEST_STEP][PASSED] - click(findTestObject("Object Repository/tN objects/button_Titus 11_add a new row")): Object: 'Object Repository/tN objects/button_Titus 11_add a new row' is clicked on

2022-01-09 23:30:34 - [MESSAGE][PASSED] - Object: 'Object Repository/tN objects/button_Titus 11_add a new row' is clicked on

2022-01-09 23:30:34 - [TEST_STEP][PASSED] - click(findTestObject("Object Repository/tN objects/button_Add")): Object: 'Object Repository/tN objects/button_Add' is clicked on

2022-01-09 23:30:36 - [MESSAGE][PASSED] - Object: 'Object Repository/tN objects/button_Add' is clicked on

2022-01-09 23:30:36 - [TEST_STEP][PASSED] - if (verifyElementVisible(findTestObject("Object Repository/tN objects/p_empty"))): null

2022-01-09 23:30:36 - [MESSAGE][PASSED] - Object 'Object Repository/tN objects/p_empty' is visible

2022-01-09 23:30:36 - [TEST_STEP][PASSED] - logInfo(" New row is added successfully"):  New row is added successfully

2022-01-09 23:30:36 - [MESSAGE][INFO] -  New row is added successfully

2022-01-09 23:30:36 - [TEST_STEP][PASSED] - click(findTestObject("Object Repository/tN objects/button_Titus 11_Delete new row")): Object: 'Object Repository/tN objects/button_Titus 11_Delete new row' is clicked on

2022-01-09 23:30:38 - [MESSAGE][PASSED] - Object: 'Object Repository/tN objects/button_Titus 11_Delete new row' is clicked on

2022-01-09 23:30:38 - [TEST_STEP][PASSED] - click(findTestObject("Object Repository/tN objects/span_Delete")): Object: 'Object Repository/tN objects/span_Delete' is clicked on

2022-01-09 23:30:40 - [MESSAGE][PASSED] - Object: 'Object Repository/tN objects/span_Delete' is clicked on

2022-01-09 23:30:40 - [TEST_STEP][PASSED] - if (verifyElementVisible(findTestObject("Object Repository/tN objects/p_empty"))): null

2022-01-09 23:30:40 - [MESSAGE][PASSED] - Object 'Object Repository/tN objects/p_empty' is visible

2022-01-09 23:30:40 - [TEST_STEP][PASSED] - logInfo(" New row is deleted successfully"):  New row is deleted successfully

2022-01-09 23:30:40 - [MESSAGE][INFO] -  New row is deleted successfully

2022-01-09 23:30:40 - [TEST_STEP][PASSED] - closeBrowser(): Browser is closed

2022-01-09 23:30:40 - [MESSAGE][PASSED] - Browser is closed]]></system-out>
         <system-err><![CDATA[]]></system-err>
      </testcase>
      <testcase name="Test Cases/tCC Test Cases/tN_Expand chapter" time="77.487" classname="Test Cases/tCC Test Cases/tN_Expand chapter" status="PASSED">
         <system-out><![CDATA[2022-01-09 23:30:40 - [TEST_CASE][PASSED] - Test Cases/tCC Test Cases/tN_Expand chapter: Test Cases/tCC Test Cases/tN_Expand chapter

2022-01-09 23:30:40 - [TEST_STEP][PASSED] - com.tccreate.keywords.WriteToFile.writeTofilename("tN-Expand chapter"): com.tccreate.keywords.WriteToFile.writeTofilename is PASSED

2022-01-09 23:30:40 - [MESSAGE][PASSED] - com.tccreate.keywords.WriteToFile.writeTofilename is PASSED

2022-01-09 23:30:40 - [TEST_STEP][PASSED] - com.helper.login.TimeDate.getTimeDate(): com.helper.login.TimeDate.getTimeDate is PASSED

2022-01-09 23:30:40 - [MESSAGE][INFO] - Time at which the test run:2022-01-09 23:30:40.887

2022-01-09 23:30:40 - [MESSAGE][PASSED] - com.helper.login.TimeDate.getTimeDate is PASSED

2022-01-09 23:30:40 - [TEST_STEP][PASSED] - com.helper.login.loginhelper.logintoapp(): com.helper.login.loginhelper.logintoapp is PASSED

2022-01-09 23:30:40 - [MESSAGE][INFO] - Starting 'Chrome' driver

2022-01-09 23:30:40 - [MESSAGE][INFO] - Action delay is set to 1,000 milliseconds

2022-01-09 23:30:41 - [MESSAGE][WARNING] - FFmpeg was not installed! Browser Recording will be disabled. Please follow this document to install FFmpeg first: https://docs.katalon.com/katalon-studio/docs/screenshots-videos.html#browser-based-recorder

2022-01-09 23:30:45 - [MESSAGE][PASSED] - Browser is opened with url: 'https://stage--tc-create-app.netlify.app/'

2022-01-09 23:30:46 - [MESSAGE][PASSED] - Wait for page load successfully

2022-01-09 23:30:46 - [MESSAGE][PASSED] - Current window maximized

2022-01-09 23:30:47 - [MESSAGE][PASSED] - Keys 'elsylambert' sent to object: 'Object Repository/Page_tC Create/input__username'

2022-01-09 23:30:49 - [MESSAGE][PASSED] - Keys 'fatak43' sent to object: 'Object Repository/Page_tC Create/input__password'

2022-01-09 23:30:50 - [MESSAGE][PASSED] - Object: 'Object Repository/Page_tC Create/button_Login' is clicked on

2022-01-09 23:30:51 - [MESSAGE][PASSED] - Delayed 1 second(s)

2022-01-09 23:30:52 - [MESSAGE][PASSED] - Text of object 'Object Repository/Page_tC Create/tcc-version number' is: 'translationCore Create - v1.4.0 build 113-e01d8f1'

2022-01-09 23:30:52 - [MESSAGE][INFO] - : The current version and build number is translationCore Create - v1.4.0 build 113-e01d8f1

2022-01-09 23:30:52 - [MESSAGE][PASSED] - com.helper.login.loginhelper.logintoapp is PASSED

2022-01-09 23:30:52 - [TEST_STEP][PASSED] - com.tccreate.keywords.selectOrg.organization(""): com.tccreate.keywords.selectOrg.organization is PASSED

2022-01-09 23:30:54 - [MESSAGE][PASSED] - Object: 'Object Repository/Page_tC Create/listOption_organisation_Parmed' is clicked on

2022-01-09 23:30:56 - [MESSAGE][WARNING] - No alert found after 2 second(s).

2022-01-09 23:30:56 - [MESSAGE][PASSED] - com.tccreate.keywords.selectOrg.organization is PASSED

2022-01-09 23:30:56 - [TEST_STEP][PASSED] - com.tccreate.keywords.selectOrg.resource("unfoldingWordÂ® Translation Notes"): com.tccreate.keywords.selectOrg.resource is PASSED

2022-01-09 23:30:58 - [MESSAGE][PASSED] - Object: 'Object Repository/Page_tC Create/resource_Parmed' is clicked on

2022-01-09 23:30:58 - [MESSAGE][PASSED] - com.tccreate.keywords.selectOrg.resource is PASSED

2022-01-09 23:30:58 - [TEST_STEP][PASSED] - com.tccreate.keywords.selectOrg.language(""): com.tccreate.keywords.selectOrg.language is PASSED

2022-01-09 23:30:59 - [MESSAGE][PASSED] - Object: 'Object Repository/Page_tC Create/combo_Select Language' is clicked on

2022-01-09 23:31:01 - [MESSAGE][PASSED] - Object: 'Object Repository/Page_tC Create/listOption_Language_Parmed' is clicked on

2022-01-09 23:31:01 - [MESSAGE][PASSED] - com.tccreate.keywords.selectOrg.language is PASSED

2022-01-09 23:31:01 - [TEST_STEP][PASSED] - click(findTestObject("Page_tC Create/Add new resource objects/span_en_tn_57-TIT.tsv")): Object: 'Object Repository/Page_tC Create/Add new resource objects/span_en_tn_57-TIT.tsv' is clicked on

2022-01-09 23:31:03 - [MESSAGE][PASSED] - Object: 'Object Repository/Page_tC Create/Add new resource objects/span_en_tn_57-TIT.tsv' is clicked on

2022-01-09 23:31:03 - [TEST_STEP][PASSED] - buttonstate = com.tccreate.keywords.ExpandAllScriptureToggle.toggleAllScripture("test"): com.tccreate.keywords.ExpandAllScriptureToggle.toggleAllScripture is PASSED

2022-01-09 23:31:06 - [MESSAGE][INFO] - Unable to find the element located by 'By.xpath: //*[@type = 'button' and @data-test = 'drawer-menu-close-button']'. Please recheck the objects properties to make sure the desired element is located. 

2022-01-09 23:31:06 - [MESSAGE][WARNING] - Object 'Object Repository/Page_tC Create/button_DrawerClose' is not present after 2 second(s)

2022-01-09 23:31:08 - [MESSAGE][PASSED] - Object: 'Object Repository/Page_tC Create/Hamburger Menu Button' is clicked on

2022-01-09 23:31:09 - [MESSAGE][PASSED] - Delayed 1 second(s)

2022-01-09 23:31:09 - [MESSAGE][PASSED] - Object 'Object Repository/Page_tC Create/input_Expand all Scripture_default' is checked

2022-01-09 23:31:11 - [MESSAGE][PASSED] - Object: 'Object Repository/Page_tC Create/button_DrawerClose' is clicked on

2022-01-09 23:31:12 - [MESSAGE][PASSED] - Object 'Object Repository/Page_tC Create/Hamburger Menu Button' is visible

2022-01-09 23:31:12 - [MESSAGE][PASSED] - com.tccreate.keywords.ExpandAllScriptureToggle.toggleAllScripture is PASSED

2022-01-09 23:31:12 - [TEST_STEP][PASSED] - out.println(" the state of the button is" + buttonstate): null

2022-01-09 23:31:12 - [TEST_STEP][PASSED] - delay(1): Delayed 1 second(s)

2022-01-09 23:31:13 - [MESSAGE][PASSED] - Delayed 1 second(s)

2022-01-09 23:31:13 - [TEST_STEP][PASSED] - if (buttonstate == "off"): null

2022-01-09 23:31:13 - [TEST_STEP][PASSED] - else: Parallel scripture viewer is ON

2022-01-09 23:31:13 - [TEST_STEP][PASSED] - logInfo("Parallel scripture viewer is ON"): Parallel scripture viewer is ON

2022-01-09 23:31:13 - [MESSAGE][INFO] - Parallel scripture viewer is ON

2022-01-09 23:31:13 - [TEST_STEP][PASSED] - scrollToElement(findTestObject("Page_tC Create/Add new resource objects/h6_TIT 1intro"), 2, CONTINUE_ON_FAILURE): Scroll to object 'Object Repository/Page_tC Create/Add new resource objects/h6_TIT 1intro' successfully

2022-01-09 23:31:13 - [MESSAGE][PASSED] - Scroll to object 'Object Repository/Page_tC Create/Add new resource objects/h6_TIT 1intro' successfully

2022-01-09 23:31:13 - [TEST_STEP][PASSED] - click(findTestObject("Object Repository/tN objects/button_Titus 11_Expand chapter button")): Object: 'Object Repository/tN objects/button_Titus 11_Expand chapter button' is clicked on

2022-01-09 23:31:15 - [MESSAGE][PASSED] - Object: 'Object Repository/tN objects/button_Titus 11_Expand chapter button' is clicked on

2022-01-09 23:31:15 - [TEST_STEP][PASSED] - mouseOver(findTestObject("Object Repository/tN objects/td_12")): Object: 'Object Repository/tN objects/td_12' is hovered

2022-01-09 23:31:16 - [MESSAGE][PASSED] - Object: 'Object Repository/tN objects/td_12' is hovered

2022-01-09 23:31:16 - [TEST_STEP][PASSED] - click(findTestObject("Object Repository/tN objects/td_12")): Object: 'Object Repository/tN objects/td_12' is clicked on

2022-01-09 23:31:17 - [MESSAGE][PASSED] - Object: 'Object Repository/tN objects/td_12' is clicked on

2022-01-09 23:31:17 - [TEST_STEP][PASSED] - for (int i : (1..19)): Keys 'PAGE_DOWN + ' sent to object: 'tempBody'

2022-01-09 23:31:17 - [TEST_STEP][PASSED] - sendKeys(findTestObject(null), Keys.chord(PAGE_DOWN)): Keys 'PAGE_DOWN + ' sent to object: 'tempBody'

2022-01-09 23:31:17 - [MESSAGE][WARNING] - Test object id is null

2022-01-09 23:31:17 - [MESSAGE][WARNING] - Test object with id 'Object Repository/' does not exist

2022-01-09 23:31:19 - [MESSAGE][PASSED] - Keys 'PAGE_DOWN + ' sent to object: 'tempBody'

2022-01-09 23:31:19 - [TEST_STEP][PASSED] - sendKeys(findTestObject(null), Keys.chord(PAGE_DOWN)): Keys 'PAGE_DOWN + ' sent to object: 'tempBody'

2022-01-09 23:31:19 - [MESSAGE][WARNING] - Test object id is null

2022-01-09 23:31:19 - [MESSAGE][WARNING] - Test object with id 'Object Repository/' does not exist

2022-01-09 23:31:21 - [MESSAGE][PASSED] - Keys 'PAGE_DOWN + ' sent to object: 'tempBody'

2022-01-09 23:31:21 - [TEST_STEP][PASSED] - sendKeys(findTestObject(null), Keys.chord(PAGE_DOWN)): Keys 'PAGE_DOWN + ' sent to object: 'tempBody'

2022-01-09 23:31:21 - [MESSAGE][WARNING] - Test object id is null

2022-01-09 23:31:21 - [MESSAGE][WARNING] - Test object with id 'Object Repository/' does not exist

2022-01-09 23:31:22 - [MESSAGE][PASSED] - Keys 'PAGE_DOWN + ' sent to object: 'tempBody'

2022-01-09 23:31:22 - [TEST_STEP][PASSED] - sendKeys(findTestObject(null), Keys.chord(PAGE_DOWN)): Keys 'PAGE_DOWN + ' sent to object: 'tempBody'

2022-01-09 23:31:22 - [MESSAGE][WARNING] - Test object id is null

2022-01-09 23:31:22 - [MESSAGE][WARNING] - Test object with id 'Object Repository/' does not exist

2022-01-09 23:31:24 - [MESSAGE][PASSED] - Keys 'PAGE_DOWN + ' sent to object: 'tempBody'

2022-01-09 23:31:24 - [TEST_STEP][PASSED] - sendKeys(findTestObject(null), Keys.chord(PAGE_DOWN)): Keys 'PAGE_DOWN + ' sent to object: 'tempBody'

2022-01-09 23:31:24 - [MESSAGE][WARNING] - Test object id is null

2022-01-09 23:31:24 - [MESSAGE][WARNING] - Test object with id 'Object Repository/' does not exist

2022-01-09 23:31:26 - [MESSAGE][PASSED] - Keys 'PAGE_DOWN + ' sent to object: 'tempBody'

2022-01-09 23:31:26 - [TEST_STEP][PASSED] - sendKeys(findTestObject(null), Keys.chord(PAGE_DOWN)): Keys 'PAGE_DOWN + ' sent to object: 'tempBody'

2022-01-09 23:31:26 - [MESSAGE][WARNING] - Test object id is null

2022-01-09 23:31:26 - [MESSAGE][WARNING] - Test object with id 'Object Repository/' does not exist

2022-01-09 23:31:27 - [MESSAGE][PASSED] - Keys 'PAGE_DOWN + ' sent to object: 'tempBody'

2022-01-09 23:31:27 - [TEST_STEP][PASSED] - sendKeys(findTestObject(null), Keys.chord(PAGE_DOWN)): Keys 'PAGE_DOWN + ' sent to object: 'tempBody'

2022-01-09 23:31:27 - [MESSAGE][WARNING] - Test object id is null

2022-01-09 23:31:27 - [MESSAGE][WARNING] - Test object with id 'Object Repository/' does not exist

2022-01-09 23:31:29 - [MESSAGE][PASSED] - Keys 'PAGE_DOWN + ' sent to object: 'tempBody'

2022-01-09 23:31:29 - [TEST_STEP][PASSED] - sendKeys(findTestObject(null), Keys.chord(PAGE_DOWN)): Keys 'PAGE_DOWN + ' sent to object: 'tempBody'

2022-01-09 23:31:29 - [MESSAGE][WARNING] - Test object id is null

2022-01-09 23:31:29 - [MESSAGE][WARNING] - Test object with id 'Object Repository/' does not exist

2022-01-09 23:31:31 - [MESSAGE][PASSED] - Keys 'PAGE_DOWN + ' sent to object: 'tempBody'

2022-01-09 23:31:31 - [TEST_STEP][PASSED] - sendKeys(findTestObject(null), Keys.chord(PAGE_DOWN)): Keys 'PAGE_DOWN + ' sent to object: 'tempBody'

2022-01-09 23:31:31 - [MESSAGE][WARNING] - Test object id is null

2022-01-09 23:31:31 - [MESSAGE][WARNING] - Test object with id 'Object Repository/' does not exist

2022-01-09 23:31:32 - [MESSAGE][PASSED] - Keys 'PAGE_DOWN + ' sent to object: 'tempBody'

2022-01-09 23:31:32 - [TEST_STEP][PASSED] - sendKeys(findTestObject(null), Keys.chord(PAGE_DOWN)): Keys 'PAGE_DOWN + ' sent to object: 'tempBody'

2022-01-09 23:31:32 - [MESSAGE][WARNING] - Test object id is null

2022-01-09 23:31:32 - [MESSAGE][WARNING] - Test object with id 'Object Repository/' does not exist

2022-01-09 23:31:34 - [MESSAGE][PASSED] - Keys 'PAGE_DOWN + ' sent to object: 'tempBody'

2022-01-09 23:31:34 - [TEST_STEP][PASSED] - sendKeys(findTestObject(null), Keys.chord(PAGE_DOWN)): Keys 'PAGE_DOWN + ' sent to object: 'tempBody'

2022-01-09 23:31:34 - [MESSAGE][WARNING] - Test object id is null

2022-01-09 23:31:34 - [MESSAGE][WARNING] - Test object with id 'Object Repository/' does not exist

2022-01-09 23:31:35 - [MESSAGE][PASSED] - Keys 'PAGE_DOWN + ' sent to object: 'tempBody'

2022-01-09 23:31:35 - [TEST_STEP][PASSED] - sendKeys(findTestObject(null), Keys.chord(PAGE_DOWN)): Keys 'PAGE_DOWN + ' sent to object: 'tempBody'

2022-01-09 23:31:35 - [MESSAGE][WARNING] - Test object id is null

2022-01-09 23:31:35 - [MESSAGE][WARNING] - Test object with id 'Object Repository/' does not exist

2022-01-09 23:31:37 - [MESSAGE][PASSED] - Keys 'PAGE_DOWN + ' sent to object: 'tempBody'

2022-01-09 23:31:37 - [TEST_STEP][PASSED] - sendKeys(findTestObject(null), Keys.chord(PAGE_DOWN)): Keys 'PAGE_DOWN + ' sent to object: 'tempBody'

2022-01-09 23:31:37 - [MESSAGE][WARNING] - Test object id is null

2022-01-09 23:31:37 - [MESSAGE][WARNING] - Test object with id 'Object Repository/' does not exist

2022-01-09 23:31:39 - [MESSAGE][PASSED] - Keys 'PAGE_DOWN + ' sent to object: 'tempBody'

2022-01-09 23:31:39 - [TEST_STEP][PASSED] - sendKeys(findTestObject(null), Keys.chord(PAGE_DOWN)): Keys 'PAGE_DOWN + ' sent to object: 'tempBody'

2022-01-09 23:31:39 - [MESSAGE][WARNING] - Test object id is null

2022-01-09 23:31:39 - [MESSAGE][WARNING] - Test object with id 'Object Repository/' does not exist

2022-01-09 23:31:40 - [MESSAGE][PASSED] - Keys 'PAGE_DOWN + ' sent to object: 'tempBody'

2022-01-09 23:31:40 - [TEST_STEP][PASSED] - sendKeys(findTestObject(null), Keys.chord(PAGE_DOWN)): Keys 'PAGE_DOWN + ' sent to object: 'tempBody'

2022-01-09 23:31:40 - [MESSAGE][WARNING] - Test object id is null

2022-01-09 23:31:40 - [MESSAGE][WARNING] - Test object with id 'Object Repository/' does not exist

2022-01-09 23:31:42 - [MESSAGE][PASSED] - Keys 'PAGE_DOWN + ' sent to object: 'tempBody'

2022-01-09 23:31:42 - [TEST_STEP][PASSED] - sendKeys(findTestObject(null), Keys.chord(PAGE_DOWN)): Keys 'PAGE_DOWN + ' sent to object: 'tempBody'

2022-01-09 23:31:42 - [MESSAGE][WARNING] - Test object id is null

2022-01-09 23:31:42 - [MESSAGE][WARNING] - Test object with id 'Object Repository/' does not exist

2022-01-09 23:31:44 - [MESSAGE][PASSED] - Keys 'PAGE_DOWN + ' sent to object: 'tempBody'

2022-01-09 23:31:44 - [TEST_STEP][PASSED] - sendKeys(findTestObject(null), Keys.chord(PAGE_DOWN)): Keys 'PAGE_DOWN + ' sent to object: 'tempBody'

2022-01-09 23:31:44 - [MESSAGE][WARNING] - Test object id is null

2022-01-09 23:31:44 - [MESSAGE][WARNING] - Test object with id 'Object Repository/' does not exist

2022-01-09 23:31:45 - [MESSAGE][PASSED] - Keys 'PAGE_DOWN + ' sent to object: 'tempBody'

2022-01-09 23:31:45 - [TEST_STEP][PASSED] - sendKeys(findTestObject(null), Keys.chord(PAGE_DOWN)): Keys 'PAGE_DOWN + ' sent to object: 'tempBody'

2022-01-09 23:31:45 - [MESSAGE][WARNING] - Test object id is null

2022-01-09 23:31:45 - [MESSAGE][WARNING] - Test object with id 'Object Repository/' does not exist

2022-01-09 23:31:47 - [MESSAGE][PASSED] - Keys 'PAGE_DOWN + ' sent to object: 'tempBody'

2022-01-09 23:31:47 - [TEST_STEP][PASSED] - sendKeys(findTestObject(null), Keys.chord(PAGE_DOWN)): Keys 'PAGE_DOWN + ' sent to object: 'tempBody'

2022-01-09 23:31:47 - [MESSAGE][WARNING] - Test object id is null

2022-01-09 23:31:47 - [MESSAGE][WARNING] - Test object with id 'Object Repository/' does not exist

2022-01-09 23:31:49 - [MESSAGE][PASSED] - Keys 'PAGE_DOWN + ' sent to object: 'tempBody'

2022-01-09 23:31:49 - [TEST_STEP][PASSED] - if (verifyElementVisible(findTestObject("Object Repository/tN objects/sup_315"))): null

2022-01-09 23:31:49 - [MESSAGE][PASSED] - Object 'Object Repository/tN objects/sup_315' is visible

2022-01-09 23:31:49 - [TEST_STEP][PASSED] - logInfo("Chapter is expanded successfully"): Chapter is expanded successfully

2022-01-09 23:31:49 - [MESSAGE][INFO] - Chapter is expanded successfully

2022-01-09 23:31:49 - [TEST_STEP][PASSED] - delay(3): Delayed 3 second(s)

2022-01-09 23:31:52 - [MESSAGE][PASSED] - Delayed 3 second(s)

2022-01-09 23:31:52 - [TEST_STEP][PASSED] - sendKeys(findTestObject(null), Keys.chord(PAGE_UP)): Keys 'PAGE_UP + ' sent to object: 'tempBody'

2022-01-09 23:31:52 - [MESSAGE][WARNING] - Test object id is null

2022-01-09 23:31:52 - [MESSAGE][WARNING] - Test object with id 'Object Repository/' does not exist

2022-01-09 23:31:54 - [MESSAGE][PASSED] - Keys 'PAGE_UP + ' sent to object: 'tempBody'

2022-01-09 23:31:54 - [TEST_STEP][PASSED] - click(findTestObject("Object Repository/tN objects/button_Titus 11_collapse-chapter")): Object: 'Object Repository/tN objects/button_Titus 11_collapse-chapter' is clicked on

2022-01-09 23:31:55 - [MESSAGE][PASSED] - Object: 'Object Repository/tN objects/button_Titus 11_collapse-chapter' is clicked on

2022-01-09 23:31:55 - [TEST_STEP][PASSED] - delay(2): Delayed 2 second(s)

2022-01-09 23:31:57 - [MESSAGE][PASSED] - Delayed 2 second(s)

2022-01-09 23:31:57 - [TEST_STEP][PASSED] - if (verifyElementNotPresent(findTestObject("Object Repository/tN objects/sup_315"), 2, CONTINUE_ON_FAILURE)): null

2022-01-09 23:31:58 - [MESSAGE][PASSED] - Web element with id: 'Object Repository/tN objects/sup_315' located by 'By.xpath: //tr[@id='3:15']/td[3]/div/sup' is not present after '2' second(s)

2022-01-09 23:31:58 - [TEST_STEP][PASSED] - logInfo("Chapter is collapsed successfully"): Chapter is collapsed successfully

2022-01-09 23:31:58 - [MESSAGE][INFO] - Chapter is collapsed successfully

2022-01-09 23:31:58 - [TEST_STEP][PASSED] - closeBrowser(): Browser is closed

2022-01-09 23:31:58 - [MESSAGE][PASSED] - Browser is closed]]></system-out>
         <system-err><![CDATA[]]></system-err>
      </testcase>
      <testcase name="Test Cases/tCC Test Cases/tN_Highlighting by Occurrence Number" time="271.107" classname="Test Cases/tCC Test Cases/tN_Highlighting by Occurrence Number" status="FAILED">
         <failure type="FAILED" message="Test Cases/tCC Test Cases/tN_Highlighting by Occurrence Number FAILED.
Reason:
com.kms.katalon.core.exception.StepFailedException: Unable to click on object 'Object Repository/tN objects/p_OL_box' (Root cause: com.kms.katalon.core.exception.StepFailedException: Unable to click on object 'Object Repository/tN objects/p_OL_box'
	at com.kms.katalon.core.webui.keyword.internal.WebUIKeywordMain.stepFailed(WebUIKeywordMain.groovy:64)
	at com.kms.katalon.core.webui.keyword.internal.WebUIKeywordMain.runKeyword(WebUIKeywordMain.groovy:26)
	at com.kms.katalon.core.webui.keyword.builtin.ClickKeyword.click(ClickKeyword.groovy:75)
	at com.kms.katalon.core.webui.keyword.builtin.ClickKeyword.execute(ClickKeyword.groovy:42)
	at com.kms.katalon.core.keyword.internal.KeywordExecutor.executeKeywordForPlatform(KeywordExecutor.groovy:74)
	at com.kms.katalon.core.webui.keyword.WebUiBuiltInKeywords.click(WebUiBuiltInKeywords.groovy:620)
	at com.kms.katalon.core.webui.keyword.WebUiBuiltInKeywords$click$3.call(Unknown Source)
	at tN_Highlighting by Occurrence Number.run(tN_Highlighting by Occurrence Number:75)
	at com.kms.katalon.core.main.ScriptEngine.run(ScriptEngine.java:194)
	at com.kms.katalon.core.main.ScriptEngine.runScriptAsRawText(ScriptEngine.java:119)
	at com.kms.katalon.core.main.TestCaseExecutor.runScript(TestCaseExecutor.java:430)
	at com.kms.katalon.core.main.TestCaseExecutor.doExecute(TestCaseExecutor.java:421)
	at com.kms.katalon.core.main.TestCaseExecutor.processExecutionPhase(TestCaseExecutor.java:400)
	at com.kms.katalon.core.main.TestCaseExecutor.accessMainPhase(TestCaseExecutor.java:392)
	at com.kms.katalon.core.main.TestCaseExecutor.execute(TestCaseExecutor.java:273)
	at com.kms.katalon.core.main.TestSuiteExecutor.accessTestCaseMainPhase(TestSuiteExecutor.java:202)
	at com.kms.katalon.core.main.TestSuiteExecutor.accessTestSuiteMainPhase(TestSuiteExecutor.java:164)
	at com.kms.katalon.core.main.TestSuiteExecutor.execute(TestSuiteExecutor.java:105)
	at com.kms.katalon.core.main.TestCaseMain.startTestSuite(TestCaseMain.java:185)
	at com.kms.katalon.core.main.TestCaseMain$startTestSuite$0.call(Unknown Source)
	at TempTestSuite1641788891534.run(TempTestSuite1641788891534.groovy:36)
Caused by: com.kms.katalon.core.webui.exception.WebElementNotFoundException: Web element with id: 'Object Repository/tN objects/p_OL_box' located by '//tr[@id='MUIDataTableBodyRow-3']/td[3]/div/div/div/div[2]/div/div/p' not found
	at com.kms.katalon.core.webui.common.WebUiCommonHelper.findWebElement(WebUiCommonHelper.java:1368)
	at com.kms.katalon.core.webui.keyword.internal.WebUIAbstractKeyword.findWebElement(WebUIAbstractKeyword.groovy:27)
	at com.kms.katalon.core.webui.keyword.internal.WebUIAbstractKeyword.findWebElement(WebUIAbstractKeyword.groovy:26)
	at com.kms.katalon.core.webui.keyword.builtin.ClickKeyword$_click_closure1.doCall(ClickKeyword.groovy:66)
	at com.kms.katalon.core.webui.keyword.builtin.ClickKeyword$_click_closure1.call(ClickKeyword.groovy)
	at com.kms.katalon.core.webui.keyword.internal.WebUIKeywordMain.runKeyword(WebUIKeywordMain.groovy:20)
	at com.kms.katalon.core.webui.keyword.builtin.ClickKeyword.click(ClickKeyword.groovy:75)
	at com.kms.katalon.core.webui.keyword.builtin.ClickKeyword.execute(ClickKeyword.groovy:42)
	at com.kms.katalon.core.keyword.internal.KeywordExecutor.executeKeywordForPlatform(KeywordExecutor.groovy:74)
	at com.kms.katalon.core.webui.keyword.WebUiBuiltInKeywords.click(WebUiBuiltInKeywords.groovy:620)
	at com.kms.katalon.core.webui.keyword.WebUiBuiltInKeywords$click$3.call(Unknown Source)
	at Script1607640140574.run(Script1607640140574.groovy:75)
	... 13 more
)
	at com.kms.katalon.core.keyword.internal.KeywordMain.stepFailed(KeywordMain.groovy:39)
	at com.kms.katalon.core.webui.keyword.internal.WebUIKeywordMain.stepFailed(WebUIKeywordMain.groovy:64)
	at com.kms.katalon.core.webui.keyword.internal.WebUIKeywordMain.runKeyword(WebUIKeywordMain.groovy:26)
	at com.kms.katalon.core.webui.keyword.builtin.ClickKeyword.click(ClickKeyword.groovy:75)
	at com.kms.katalon.core.webui.keyword.builtin.ClickKeyword.execute(ClickKeyword.groovy:42)
	at com.kms.katalon.core.keyword.internal.KeywordExecutor.executeKeywordForPlatform(KeywordExecutor.groovy:74)
	at com.kms.katalon.core.webui.keyword.WebUiBuiltInKeywords.click(WebUiBuiltInKeywords.groovy:620)
	at com.kms.katalon.core.webui.keyword.WebUiBuiltInKeywords$click$3.call(Unknown Source)
	at tN_Highlighting by Occurrence Number.run(tN_Highlighting by Occurrence Number:75)
	at com.kms.katalon.core.main.ScriptEngine.run(ScriptEngine.java:194)
	at com.kms.katalon.core.main.ScriptEngine.runScriptAsRawText(ScriptEngine.java:119)
	at com.kms.katalon.core.main.TestCaseExecutor.runScript(TestCaseExecutor.java:430)
	at com.kms.katalon.core.main.TestCaseExecutor.doExecute(TestCaseExecutor.java:421)
	at com.kms.katalon.core.main.TestCaseExecutor.processExecutionPhase(TestCaseExecutor.java:400)
	at com.kms.katalon.core.main.TestCaseExecutor.accessMainPhase(TestCaseExecutor.java:392)
	at com.kms.katalon.core.main.TestCaseExecutor.execute(TestCaseExecutor.java:273)
	at com.kms.katalon.core.main.TestSuiteExecutor.accessTestCaseMainPhase(TestSuiteExecutor.java:202)
	at com.kms.katalon.core.main.TestSuiteExecutor.accessTestSuiteMainPhase(TestSuiteExecutor.java:164)
	at com.kms.katalon.core.main.TestSuiteExecutor.execute(TestSuiteExecutor.java:105)
	at com.kms.katalon.core.main.TestCaseMain.startTestSuite(TestCaseMain.java:185)
	at com.kms.katalon.core.main.TestCaseMain$startTestSuite$0.call(Unknown Source)
	at TempTestSuite1641788891534.run(TempTestSuite1641788891534.groovy:36)
Caused by: com.kms.katalon.core.exception.StepFailedException: Unable to click on object 'Object Repository/tN objects/p_OL_box'
	... 21 more
Caused by: com.kms.katalon.core.webui.exception.WebElementNotFoundException: Web element with id: 'Object Repository/tN objects/p_OL_box' located by '//tr[@id='MUIDataTableBodyRow-3']/td[3]/div/div/div/div[2]/div/div/p' not found
	at com.kms.katalon.core.webui.common.WebUiCommonHelper.findWebElement(WebUiCommonHelper.java:1368)
	at com.kms.katalon.core.webui.keyword.internal.WebUIAbstractKeyword.findWebElement(WebUIAbstractKeyword.groovy:27)
	at com.kms.katalon.core.webui.keyword.internal.WebUIAbstractKeyword.findWebElement(WebUIAbstractKeyword.groovy:26)
	at com.kms.katalon.core.webui.keyword.builtin.ClickKeyword$_click_closure1.doCall(ClickKeyword.groovy:66)
	at com.kms.katalon.core.webui.keyword.builtin.ClickKeyword$_click_closure1.call(ClickKeyword.groovy)
	at com.kms.katalon.core.webui.keyword.internal.WebUIKeywordMain.runKeyword(WebUIKeywordMain.groovy:20)
	... 19 more
"/>
         <system-out><![CDATA[2022-01-09 23:31:58 - [TEST_CASE][FAILED] - Test Cases/tCC Test Cases/tN_Highlighting by Occurrence Number: Test Cases/tCC Test Cases/tN_Highlighting by Occurrence Number FAILED.
Reason:
com.kms.katalon.core.exception.StepFailedException: Unable to click on object 'Object Repository/tN objects/p_OL_box' (Root cause: com.kms.katalon.core.exception.StepFailedException: Unable to click on object 'Object Repository/tN objects/p_OL_box'
	at com.kms.katalon.core.webui.keyword.internal.WebUIKeywordMain.stepFailed(WebUIKeywordMain.groovy:64)
	at com.kms.katalon.core.webui.keyword.internal.WebUIKeywordMain.runKeyword(WebUIKeywordMain.groovy:26)
	at com.kms.katalon.core.webui.keyword.builtin.ClickKeyword.click(ClickKeyword.groovy:75)
	at com.kms.katalon.core.webui.keyword.builtin.ClickKeyword.execute(ClickKeyword.groovy:42)
	at com.kms.katalon.core.keyword.internal.KeywordExecutor.executeKeywordForPlatform(KeywordExecutor.groovy:74)
	at com.kms.katalon.core.webui.keyword.WebUiBuiltInKeywords.click(WebUiBuiltInKeywords.groovy:620)
	at com.kms.katalon.core.webui.keyword.WebUiBuiltInKeywords$click$3.call(Unknown Source)
	at tN_Highlighting by Occurrence Number.run(tN_Highlighting by Occurrence Number:75)
	at com.kms.katalon.core.main.ScriptEngine.run(ScriptEngine.java:194)
	at com.kms.katalon.core.main.ScriptEngine.runScriptAsRawText(ScriptEngine.java:119)
	at com.kms.katalon.core.main.TestCaseExecutor.runScript(TestCaseExecutor.java:430)
	at com.kms.katalon.core.main.TestCaseExecutor.doExecute(TestCaseExecutor.java:421)
	at com.kms.katalon.core.main.TestCaseExecutor.processExecutionPhase(TestCaseExecutor.java:400)
	at com.kms.katalon.core.main.TestCaseExecutor.accessMainPhase(TestCaseExecutor.java:392)
	at com.kms.katalon.core.main.TestCaseExecutor.execute(TestCaseExecutor.java:273)
	at com.kms.katalon.core.main.TestSuiteExecutor.accessTestCaseMainPhase(TestSuiteExecutor.java:202)
	at com.kms.katalon.core.main.TestSuiteExecutor.accessTestSuiteMainPhase(TestSuiteExecutor.java:164)
	at com.kms.katalon.core.main.TestSuiteExecutor.execute(TestSuiteExecutor.java:105)
	at com.kms.katalon.core.main.TestCaseMain.startTestSuite(TestCaseMain.java:185)
	at com.kms.katalon.core.main.TestCaseMain$startTestSuite$0.call(Unknown Source)
	at TempTestSuite1641788891534.run(TempTestSuite1641788891534.groovy:36)
Caused by: com.kms.katalon.core.webui.exception.WebElementNotFoundException: Web element with id: 'Object Repository/tN objects/p_OL_box' located by '//tr[@id='MUIDataTableBodyRow-3']/td[3]/div/div/div/div[2]/div/div/p' not found
	at com.kms.katalon.core.webui.common.WebUiCommonHelper.findWebElement(WebUiCommonHelper.java:1368)
	at com.kms.katalon.core.webui.keyword.internal.WebUIAbstractKeyword.findWebElement(WebUIAbstractKeyword.groovy:27)
	at com.kms.katalon.core.webui.keyword.internal.WebUIAbstractKeyword.findWebElement(WebUIAbstractKeyword.groovy:26)
	at com.kms.katalon.core.webui.keyword.builtin.ClickKeyword$_click_closure1.doCall(ClickKeyword.groovy:66)
	at com.kms.katalon.core.webui.keyword.builtin.ClickKeyword$_click_closure1.call(ClickKeyword.groovy)
	at com.kms.katalon.core.webui.keyword.internal.WebUIKeywordMain.runKeyword(WebUIKeywordMain.groovy:20)
	at com.kms.katalon.core.webui.keyword.builtin.ClickKeyword.click(ClickKeyword.groovy:75)
	at com.kms.katalon.core.webui.keyword.builtin.ClickKeyword.execute(ClickKeyword.groovy:42)
	at com.kms.katalon.core.keyword.internal.KeywordExecutor.executeKeywordForPlatform(KeywordExecutor.groovy:74)
	at com.kms.katalon.core.webui.keyword.WebUiBuiltInKeywords.click(WebUiBuiltInKeywords.groovy:620)
	at com.kms.katalon.core.webui.keyword.WebUiBuiltInKeywords$click$3.call(Unknown Source)
	at Script1607640140574.run(Script1607640140574.groovy:75)
	... 13 more
)
	at com.kms.katalon.core.keyword.internal.KeywordMain.stepFailed(KeywordMain.groovy:39)
	at com.kms.katalon.core.webui.keyword.internal.WebUIKeywordMain.stepFailed(WebUIKeywordMain.groovy:64)
	at com.kms.katalon.core.webui.keyword.internal.WebUIKeywordMain.runKeyword(WebUIKeywordMain.groovy:26)
	at com.kms.katalon.core.webui.keyword.builtin.ClickKeyword.click(ClickKeyword.groovy:75)
	at com.kms.katalon.core.webui.keyword.builtin.ClickKeyword.execute(ClickKeyword.groovy:42)
	at com.kms.katalon.core.keyword.internal.KeywordExecutor.executeKeywordForPlatform(KeywordExecutor.groovy:74)
	at com.kms.katalon.core.webui.keyword.WebUiBuiltInKeywords.click(WebUiBuiltInKeywords.groovy:620)
	at com.kms.katalon.core.webui.keyword.WebUiBuiltInKeywords$click$3.call(Unknown Source)
	at tN_Highlighting by Occurrence Number.run(tN_Highlighting by Occurrence Number:75)
	at com.kms.katalon.core.main.ScriptEngine.run(ScriptEngine.java:194)
	at com.kms.katalon.core.main.ScriptEngine.runScriptAsRawText(ScriptEngine.java:119)
	at com.kms.katalon.core.main.TestCaseExecutor.runScript(TestCaseExecutor.java:430)
	at com.kms.katalon.core.main.TestCaseExecutor.doExecute(TestCaseExecutor.java:421)
	at com.kms.katalon.core.main.TestCaseExecutor.processExecutionPhase(TestCaseExecutor.java:400)
	at com.kms.katalon.core.main.TestCaseExecutor.accessMainPhase(TestCaseExecutor.java:392)
	at com.kms.katalon.core.main.TestCaseExecutor.execute(TestCaseExecutor.java:273)
	at com.kms.katalon.core.main.TestSuiteExecutor.accessTestCaseMainPhase(TestSuiteExecutor.java:202)
	at com.kms.katalon.core.main.TestSuiteExecutor.accessTestSuiteMainPhase(TestSuiteExecutor.java:164)
	at com.kms.katalon.core.main.TestSuiteExecutor.execute(TestSuiteExecutor.java:105)
	at com.kms.katalon.core.main.TestCaseMain.startTestSuite(TestCaseMain.java:185)
	at com.kms.katalon.core.main.TestCaseMain$startTestSuite$0.call(Unknown Source)
	at TempTestSuite1641788891534.run(TempTestSuite1641788891534.groovy:36)
Caused by: com.kms.katalon.core.exception.StepFailedException: Unable to click on object 'Object Repository/tN objects/p_OL_box'
	... 21 more
Caused by: com.kms.katalon.core.webui.exception.WebElementNotFoundException: Web element with id: 'Object Repository/tN objects/p_OL_box' located by '//tr[@id='MUIDataTableBodyRow-3']/td[3]/div/div/div/div[2]/div/div/p' not found
	at com.kms.katalon.core.webui.common.WebUiCommonHelper.findWebElement(WebUiCommonHelper.java:1368)
	at com.kms.katalon.core.webui.keyword.internal.WebUIAbstractKeyword.findWebElement(WebUIAbstractKeyword.groovy:27)
	at com.kms.katalon.core.webui.keyword.internal.WebUIAbstractKeyword.findWebElement(WebUIAbstractKeyword.groovy:26)
	at com.kms.katalon.core.webui.keyword.builtin.ClickKeyword$_click_closure1.doCall(ClickKeyword.groovy:66)
	at com.kms.katalon.core.webui.keyword.builtin.ClickKeyword$_click_closure1.call(ClickKeyword.groovy)
	at com.kms.katalon.core.webui.keyword.internal.WebUIKeywordMain.runKeyword(WebUIKeywordMain.groovy:20)
	... 19 more


2022-01-09 23:31:58 - [TEST_STEP][PASSED] - com.tccreate.keywords.WriteToFile.writeTofilename("tN-Highlighting by occurrence number"): com.tccreate.keywords.WriteToFile.writeTofilename is PASSED

2022-01-09 23:31:58 - [MESSAGE][PASSED] - com.tccreate.keywords.WriteToFile.writeTofilename is PASSED

2022-01-09 23:31:58 - [TEST_STEP][PASSED] - com.helper.login.TimeDate.getTimeDate(): com.helper.login.TimeDate.getTimeDate is PASSED

2022-01-09 23:31:58 - [MESSAGE][INFO] - Time at which the test run:2022-01-09 23:31:58.353

2022-01-09 23:31:58 - [MESSAGE][PASSED] - com.helper.login.TimeDate.getTimeDate is PASSED

2022-01-09 23:31:58 - [TEST_STEP][PASSED] - com.helper.login.loginhelper.logintoapp(): com.helper.login.loginhelper.logintoapp is PASSED

2022-01-09 23:31:58 - [MESSAGE][INFO] - Starting 'Chrome' driver

2022-01-09 23:31:58 - [MESSAGE][INFO] - Action delay is set to 1,000 milliseconds

2022-01-09 23:31:59 - [MESSAGE][WARNING] - FFmpeg was not installed! Browser Recording will be disabled. Please follow this document to install FFmpeg first: https://docs.katalon.com/katalon-studio/docs/screenshots-videos.html#browser-based-recorder

2022-01-09 23:32:03 - [MESSAGE][PASSED] - Browser is opened with url: 'https://stage--tc-create-app.netlify.app/'

2022-01-09 23:32:03 - [MESSAGE][PASSED] - Wait for page load successfully

2022-01-09 23:32:03 - [MESSAGE][PASSED] - Current window maximized

2022-01-09 23:32:05 - [MESSAGE][PASSED] - Keys 'elsylambert' sent to object: 'Object Repository/Page_tC Create/input__username'

2022-01-09 23:32:06 - [MESSAGE][PASSED] - Keys 'fatak43' sent to object: 'Object Repository/Page_tC Create/input__password'

2022-01-09 23:32:07 - [MESSAGE][PASSED] - Object: 'Object Repository/Page_tC Create/button_Login' is clicked on

2022-01-09 23:32:08 - [MESSAGE][PASSED] - Delayed 1 second(s)

2022-01-09 23:32:10 - [MESSAGE][PASSED] - Text of object 'Object Repository/Page_tC Create/tcc-version number' is: 'translationCore Create - v1.4.0 build 113-e01d8f1'

2022-01-09 23:32:10 - [MESSAGE][INFO] - : The current version and build number is translationCore Create - v1.4.0 build 113-e01d8f1

2022-01-09 23:32:10 - [MESSAGE][PASSED] - com.helper.login.loginhelper.logintoapp is PASSED

2022-01-09 23:32:10 - [TEST_STEP][PASSED] - com.tccreate.keywords.selectOrg.organization(""): com.tccreate.keywords.selectOrg.organization is PASSED

2022-01-09 23:32:11 - [MESSAGE][PASSED] - Object: 'Object Repository/Page_tC Create/listOption_organisation_Parmed' is clicked on

2022-01-09 23:32:13 - [MESSAGE][WARNING] - No alert found after 2 second(s).

2022-01-09 23:32:13 - [MESSAGE][PASSED] - com.tccreate.keywords.selectOrg.organization is PASSED

2022-01-09 23:32:13 - [TEST_STEP][PASSED] - com.tccreate.keywords.selectOrg.resource("unfoldingWordÂ® Translation Notes"): com.tccreate.keywords.selectOrg.resource is PASSED

2022-01-09 23:32:15 - [MESSAGE][PASSED] - Object: 'Object Repository/Page_tC Create/resource_Parmed' is clicked on

2022-01-09 23:32:15 - [MESSAGE][PASSED] - com.tccreate.keywords.selectOrg.resource is PASSED

2022-01-09 23:32:15 - [TEST_STEP][PASSED] - com.tccreate.keywords.selectOrg.language(""): com.tccreate.keywords.selectOrg.language is PASSED

2022-01-09 23:32:16 - [MESSAGE][PASSED] - Object: 'Object Repository/Page_tC Create/combo_Select Language' is clicked on

2022-01-09 23:32:18 - [MESSAGE][PASSED] - Object: 'Object Repository/Page_tC Create/listOption_Language_Parmed' is clicked on

2022-01-09 23:32:18 - [MESSAGE][PASSED] - com.tccreate.keywords.selectOrg.language is PASSED

2022-01-09 23:32:18 - [TEST_STEP][PASSED] - click(findTestObject("Object Repository/Page_tC Create/span_en_tn_57-TIT.tsv")): Object: 'Object Repository/Page_tC Create/span_en_tn_57-TIT.tsv' is clicked on

2022-01-09 23:32:20 - [MESSAGE][PASSED] - Object: 'Object Repository/Page_tC Create/span_en_tn_57-TIT.tsv' is clicked on

2022-01-09 23:32:20 - [TEST_STEP][PASSED] - click(findTestObject("Object Repository/tN objects/button_view columns")): Object: 'Object Repository/tN objects/button_view columns' is clicked on

2022-01-09 23:32:25 - [MESSAGE][PASSED] - Object: 'Object Repository/tN objects/button_view columns' is clicked on

2022-01-09 23:32:25 - [TEST_STEP][PASSED] - click(findTestObject("tN objects/input_OrigQuote_checkbox")): Object: 'Object Repository/tN objects/input_OrigQuote_checkbox' is clicked on

2022-01-09 23:32:27 - [MESSAGE][PASSED] - Object: 'Object Repository/tN objects/input_OrigQuote_checkbox' is clicked on

2022-01-09 23:32:27 - [TEST_STEP][PASSED] - click(findTestObject("Object Repository/tN objects/input_SupportReference")): Object: 'Object Repository/tN objects/input_SupportReference' is clicked on

2022-01-09 23:32:28 - [MESSAGE][PASSED] - Object: 'Object Repository/tN objects/input_SupportReference' is clicked on

2022-01-09 23:32:28 - [TEST_STEP][PASSED] - click(findTestObject("tN objects/button__Close-Columns")): Object: 'Object Repository/tN objects/button__Close-Columns' is clicked on

2022-01-09 23:32:30 - [MESSAGE][PASSED] - Object: 'Object Repository/tN objects/button__Close-Columns' is clicked on

2022-01-09 23:32:30 - [TEST_STEP][PASSED] - buttonstate = com.tccreate.keywords.ExpandAllScriptureToggle.toggleAllScripture("test"): com.tccreate.keywords.ExpandAllScriptureToggle.toggleAllScripture is PASSED

2022-01-09 23:32:33 - [MESSAGE][INFO] - Unable to find the element located by 'By.xpath: //*[@type = 'button' and @data-test = 'drawer-menu-close-button']'. Please recheck the objects properties to make sure the desired element is located. 

2022-01-09 23:32:33 - [MESSAGE][WARNING] - Object 'Object Repository/Page_tC Create/button_DrawerClose' is not present after 2 second(s)

2022-01-09 23:32:35 - [MESSAGE][PASSED] - Object: 'Object Repository/Page_tC Create/Hamburger Menu Button' is clicked on

2022-01-09 23:32:36 - [MESSAGE][PASSED] - Delayed 1 second(s)

2022-01-09 23:32:36 - [MESSAGE][PASSED] - Object 'Object Repository/Page_tC Create/input_Expand all Scripture_default' is checked

2022-01-09 23:32:37 - [MESSAGE][PASSED] - Object: 'Object Repository/Page_tC Create/button_DrawerClose' is clicked on

2022-01-09 23:32:38 - [MESSAGE][PASSED] - Object 'Object Repository/Page_tC Create/Hamburger Menu Button' is visible

2022-01-09 23:32:38 - [MESSAGE][PASSED] - com.tccreate.keywords.ExpandAllScriptureToggle.toggleAllScripture is PASSED

2022-01-09 23:32:38 - [TEST_STEP][PASSED] - out.println(" the state of the button is" + buttonstate): null

2022-01-09 23:32:38 - [TEST_STEP][PASSED] - delay(1): Delayed 1 second(s)

2022-01-09 23:32:39 - [MESSAGE][PASSED] - Delayed 1 second(s)

2022-01-09 23:32:39 - [TEST_STEP][PASSED] - if (buttonstate == "off"): null

2022-01-09 23:32:39 - [TEST_STEP][PASSED] - else: Parallel scripture viewer is ON

2022-01-09 23:32:39 - [TEST_STEP][PASSED] - logInfo("Parallel scripture viewer is ON"): Parallel scripture viewer is ON

2022-01-09 23:32:39 - [MESSAGE][INFO] - Parallel scripture viewer is ON

2022-01-09 23:32:39 - [TEST_STEP][PASSED] - scrollToElement(findTestObject("Object Repository/tN objects/div_Titus 11"), 2): Scroll to object 'Object Repository/tN objects/div_Titus 11' successfully

2022-01-09 23:32:39 - [MESSAGE][PASSED] - Scroll to object 'Object Repository/tN objects/div_Titus 11' successfully

2022-01-09 23:32:39 - [TEST_STEP][PASSED] - click(findTestObject("Object Repository/tN objects/button_Titus 11_add a new row")): Object: 'Object Repository/tN objects/button_Titus 11_add a new row' is clicked on

2022-01-09 23:32:41 - [MESSAGE][PASSED] - Object: 'Object Repository/tN objects/button_Titus 11_add a new row' is clicked on

2022-01-09 23:32:41 - [TEST_STEP][PASSED] - click(findTestObject("Object Repository/tN objects/button_Add")): Object: 'Object Repository/tN objects/button_Add' is clicked on

2022-01-09 23:32:43 - [MESSAGE][PASSED] - Object: 'Object Repository/tN objects/button_Add' is clicked on

2022-01-09 23:32:43 - [TEST_STEP][PASSED] - word1 = getText(findTestObject("tN objects/word1")): Text of object 'Object Repository/tN objects/word1' is: 'ÎÎµÎ¿á¿¦'

2022-01-09 23:32:43 - [MESSAGE][PASSED] - Text of object 'Object Repository/tN objects/word1' is: 'ÎÎµÎ¿á¿¦'

2022-01-09 23:32:43 - [TEST_STEP][PASSED] - logInfo("the word is" + word1): the word isÎÎµÎ¿á¿¦

2022-01-09 23:32:43 - [MESSAGE][INFO] - the word isÎÎµÎ¿á¿¦

2022-01-09 23:32:43 - [TEST_STEP][PASSED] - color_word1 = getCSSValue(findTestObject("tN objects/word1"), "color"): Get CSS 'color' value on 'Object Repository/tN objects/word1' successfully: 'rgba(0, 0, 0, 0.87)'.

2022-01-09 23:32:43 - [MESSAGE][PASSED] - Get CSS 'color' value on 'Object Repository/tN objects/word1' successfully: 'rgba(0, 0, 0, 0.87)'.

2022-01-09 23:32:43 - [TEST_STEP][PASSED] - backcolor_word1 = getCSSValue(findTestObject("tN objects/word1"), "background-color"): Get CSS 'background-color' value on 'Object Repository/tN objects/word1' successfully: 'rgba(0, 0, 0, 0)'.

2022-01-09 23:32:44 - [MESSAGE][PASSED] - Get CSS 'background-color' value on 'Object Repository/tN objects/word1' successfully: 'rgba(0, 0, 0, 0)'.

2022-01-09 23:32:44 - [TEST_STEP][PASSED] - logInfo(color_word1): rgba(0, 0, 0, 0.87)

2022-01-09 23:32:44 - [MESSAGE][INFO] - rgba(0, 0, 0, 0.87)

2022-01-09 23:32:44 - [TEST_STEP][PASSED] - logInfo(backcolor_word1): rgba(0, 0, 0, 0)

2022-01-09 23:32:44 - [MESSAGE][INFO] - rgba(0, 0, 0, 0)

2022-01-09 23:32:44 - [TEST_STEP][FAILED] - click(findTestObject("Object Repository/tN objects/p_OL_box")): Unable to click on object 'Object Repository/tN objects/p_OL_box' (Root cause: com.kms.katalon.core.exception.StepFailedException: Unable to click on object 'Object Repository/tN objects/p_OL_box'
	at com.kms.katalon.core.webui.keyword.internal.WebUIKeywordMain.stepFailed(WebUIKeywordMain.groovy:64)
	at com.kms.katalon.core.webui.keyword.internal.WebUIKeywordMain.runKeyword(WebUIKeywordMain.groovy:26)
	at com.kms.katalon.core.webui.keyword.builtin.ClickKeyword.click(ClickKeyword.groovy:75)
	at com.kms.katalon.core.webui.keyword.builtin.ClickKeyword.execute(ClickKeyword.groovy:42)
	at com.kms.katalon.core.keyword.internal.KeywordExecutor.executeKeywordForPlatform(KeywordExecutor.groovy:74)
	at com.kms.katalon.core.webui.keyword.WebUiBuiltInKeywords.click(WebUiBuiltInKeywords.groovy:620)
	at com.kms.katalon.core.webui.keyword.WebUiBuiltInKeywords$click$3.call(Unknown Source)
	at tN_Highlighting by Occurrence Number.run(tN_Highlighting by Occurrence Number:75)
	at com.kms.katalon.core.main.ScriptEngine.run(ScriptEngine.java:194)
	at com.kms.katalon.core.main.ScriptEngine.runScriptAsRawText(ScriptEngine.java:119)
	at com.kms.katalon.core.main.TestCaseExecutor.runScript(TestCaseExecutor.java:430)
	at com.kms.katalon.core.main.TestCaseExecutor.doExecute(TestCaseExecutor.java:421)
	at com.kms.katalon.core.main.TestCaseExecutor.processExecutionPhase(TestCaseExecutor.java:400)
	at com.kms.katalon.core.main.TestCaseExecutor.accessMainPhase(TestCaseExecutor.java:392)
	at com.kms.katalon.core.main.TestCaseExecutor.execute(TestCaseExecutor.java:273)
	at com.kms.katalon.core.main.TestSuiteExecutor.accessTestCaseMainPhase(TestSuiteExecutor.java:202)
	at com.kms.katalon.core.main.TestSuiteExecutor.accessTestSuiteMainPhase(TestSuiteExecutor.java:164)
	at com.kms.katalon.core.main.TestSuiteExecutor.execute(TestSuiteExecutor.java:105)
	at com.kms.katalon.core.main.TestCaseMain.startTestSuite(TestCaseMain.java:185)
	at com.kms.katalon.core.main.TestCaseMain$startTestSuite$0.call(Unknown Source)
	at TempTestSuite1641788891534.run(TempTestSuite1641788891534.groovy:36)
Caused by: com.kms.katalon.core.webui.exception.WebElementNotFoundException: Web element with id: 'Object Repository/tN objects/p_OL_box' located by '//tr[@id='MUIDataTableBodyRow-3']/td[3]/div/div/div/div[2]/div/div/p' not found
	at com.kms.katalon.core.webui.common.WebUiCommonHelper.findWebElement(WebUiCommonHelper.java:1368)
	at com.kms.katalon.core.webui.keyword.internal.WebUIAbstractKeyword.findWebElement(WebUIAbstractKeyword.groovy:27)
	at com.kms.katalon.core.webui.keyword.internal.WebUIAbstractKeyword.findWebElement(WebUIAbstractKeyword.groovy:26)
	at com.kms.katalon.core.webui.keyword.builtin.ClickKeyword$_click_closure1.doCall(ClickKeyword.groovy:66)
	at com.kms.katalon.core.webui.keyword.builtin.ClickKeyword$_click_closure1.call(ClickKeyword.groovy)
	at com.kms.katalon.core.webui.keyword.internal.WebUIKeywordMain.runKeyword(WebUIKeywordMain.groovy:20)
	at com.kms.katalon.core.webui.keyword.builtin.ClickKeyword.click(ClickKeyword.groovy:75)
	at com.kms.katalon.core.webui.keyword.builtin.ClickKeyword.execute(ClickKeyword.groovy:42)
	at com.kms.katalon.core.keyword.internal.KeywordExecutor.executeKeywordForPlatform(KeywordExecutor.groovy:74)
	at com.kms.katalon.core.webui.keyword.WebUiBuiltInKeywords.click(WebUiBuiltInKeywords.groovy:620)
	at com.kms.katalon.core.webui.keyword.WebUiBuiltInKeywords$click$3.call(Unknown Source)
	at Script1607640140574.run(Script1607640140574.groovy:75)
	... 13 more
)

2022-01-09 23:33:15 - [MESSAGE][INFO] - Unable to find the element located by 'By.xpath: //tr[@id='MUIDataTableBodyRow-3']/td[3]/div/div/div/div[2]/div/div/p'. Please recheck the objects properties to make sure the desired element is located. 

2022-01-09 23:33:16 - [MESSAGE][FAILED] - Unable to click on object 'Object Repository/tN objects/p_OL_box' (Root cause: com.kms.katalon.core.exception.StepFailedException: Unable to click on object 'Object Repository/tN objects/p_OL_box'
	at com.kms.katalon.core.webui.keyword.internal.WebUIKeywordMain.stepFailed(WebUIKeywordMain.groovy:64)
	at com.kms.katalon.core.webui.keyword.internal.WebUIKeywordMain.runKeyword(WebUIKeywordMain.groovy:26)
	at com.kms.katalon.core.webui.keyword.builtin.ClickKeyword.click(ClickKeyword.groovy:75)
	at com.kms.katalon.core.webui.keyword.builtin.ClickKeyword.execute(ClickKeyword.groovy:42)
	at com.kms.katalon.core.keyword.internal.KeywordExecutor.executeKeywordForPlatform(KeywordExecutor.groovy:74)
	at com.kms.katalon.core.webui.keyword.WebUiBuiltInKeywords.click(WebUiBuiltInKeywords.groovy:620)
	at com.kms.katalon.core.webui.keyword.WebUiBuiltInKeywords$click$3.call(Unknown Source)
	at tN_Highlighting by Occurrence Number.run(tN_Highlighting by Occurrence Number:75)
	at com.kms.katalon.core.main.ScriptEngine.run(ScriptEngine.java:194)
	at com.kms.katalon.core.main.ScriptEngine.runScriptAsRawText(ScriptEngine.java:119)
	at com.kms.katalon.core.main.TestCaseExecutor.runScript(TestCaseExecutor.java:430)
	at com.kms.katalon.core.main.TestCaseExecutor.doExecute(TestCaseExecutor.java:421)
	at com.kms.katalon.core.main.TestCaseExecutor.processExecutionPhase(TestCaseExecutor.java:400)
	at com.kms.katalon.core.main.TestCaseExecutor.accessMainPhase(TestCaseExecutor.java:392)
	at com.kms.katalon.core.main.TestCaseExecutor.execute(TestCaseExecutor.java:273)
	at com.kms.katalon.core.main.TestSuiteExecutor.accessTestCaseMainPhase(TestSuiteExecutor.java:202)
	at com.kms.katalon.core.main.TestSuiteExecutor.accessTestSuiteMainPhase(TestSuiteExecutor.java:164)
	at com.kms.katalon.core.main.TestSuiteExecutor.execute(TestSuiteExecutor.java:105)
	at com.kms.katalon.core.main.TestCaseMain.startTestSuite(TestCaseMain.java:185)
	at com.kms.katalon.core.main.TestCaseMain$startTestSuite$0.call(Unknown Source)
	at TempTestSuite1641788891534.run(TempTestSuite1641788891534.groovy:36)
Caused by: com.kms.katalon.core.webui.exception.WebElementNotFoundException: Web element with id: 'Object Repository/tN objects/p_OL_box' located by '//tr[@id='MUIDataTableBodyRow-3']/td[3]/div/div/div/div[2]/div/div/p' not found
	at com.kms.katalon.core.webui.common.WebUiCommonHelper.findWebElement(WebUiCommonHelper.java:1368)
	at com.kms.katalon.core.webui.keyword.internal.WebUIAbstractKeyword.findWebElement(WebUIAbstractKeyword.groovy:27)
	at com.kms.katalon.core.webui.keyword.internal.WebUIAbstractKeyword.findWebElement(WebUIAbstractKeyword.groovy:26)
	at com.kms.katalon.core.webui.keyword.builtin.ClickKeyword$_click_closure1.doCall(ClickKeyword.groovy:66)
	at com.kms.katalon.core.webui.keyword.builtin.ClickKeyword$_click_closure1.call(ClickKeyword.groovy)
	at com.kms.katalon.core.webui.keyword.internal.WebUIKeywordMain.runKeyword(WebUIKeywordMain.groovy:20)
	at com.kms.katalon.core.webui.keyword.builtin.ClickKeyword.click(ClickKeyword.groovy:75)
	at com.kms.katalon.core.webui.keyword.builtin.ClickKeyword.execute(ClickKeyword.groovy:42)
	at com.kms.katalon.core.keyword.internal.KeywordExecutor.executeKeywordForPlatform(KeywordExecutor.groovy:74)
	at com.kms.katalon.core.webui.keyword.WebUiBuiltInKeywords.click(WebUiBuiltInKeywords.groovy:620)
	at com.kms.katalon.core.webui.keyword.WebUiBuiltInKeywords$click$3.call(Unknown Source)
	at Script1607640140574.run(Script1607640140574.groovy:75)
	... 13 more
)
[[ATTACHMENT|/Users/elsylitsonlambert/git/tcCreateQA/Reports/20220109_232810/Test Suite1- Regression/20220109_232811/1641789195790.png]]

2022-01-09 23:33:16 - [TEST_STEP][FAILED] - setText(findTestObject("Object Repository/tN objects/p_OL_box"), "ÎÎµÎ¿á¿¦"): Unable to set text 'ÎÎµÎ¿á¿¦' of object 'Object Repository/tN objects/p_OL_box' (Root cause: com.kms.katalon.core.exception.StepFailedException: Unable to set text 'ÎÎµÎ¿á¿¦' of object 'Object Repository/tN objects/p_OL_box'
	at com.kms.katalon.core.webui.keyword.internal.WebUIKeywordMain.stepFailed(WebUIKeywordMain.groovy:64)
	at com.kms.katalon.core.webui.keyword.internal.WebUIKeywordMain.runKeyword(WebUIKeywordMain.groovy:26)
	at com.kms.katalon.core.webui.keyword.builtin.SetTextKeyword.setText(SetTextKeyword.groovy:66)
	at com.kms.katalon.core.webui.keyword.builtin.SetTextKeyword.execute(SetTextKeyword.groovy:37)
	at com.kms.katalon.core.keyword.internal.KeywordExecutor.executeKeywordForPlatform(KeywordExecutor.groovy:74)
	at com.kms.katalon.core.webui.keyword.WebUiBuiltInKeywords.setText(WebUiBuiltInKeywords.groovy:980)
	at com.kms.katalon.core.webui.keyword.WebUiBuiltInKeywords$setText$22.call(Unknown Source)
	at tN_Highlighting by Occurrence Number.run(tN_Highlighting by Occurrence Number:76)
	at com.kms.katalon.core.main.ScriptEngine.run(ScriptEngine.java:194)
	at com.kms.katalon.core.main.ScriptEngine.runScriptAsRawText(ScriptEngine.java:119)
	at com.kms.katalon.core.main.TestCaseExecutor.runScript(TestCaseExecutor.java:430)
	at com.kms.katalon.core.main.TestCaseExecutor.doExecute(TestCaseExecutor.java:421)
	at com.kms.katalon.core.main.TestCaseExecutor.processExecutionPhase(TestCaseExecutor.java:400)
	at com.kms.katalon.core.main.TestCaseExecutor.accessMainPhase(TestCaseExecutor.java:392)
	at com.kms.katalon.core.main.TestCaseExecutor.execute(TestCaseExecutor.java:273)
	at com.kms.katalon.core.main.TestSuiteExecutor.accessTestCaseMainPhase(TestSuiteExecutor.java:202)
	at com.kms.katalon.core.main.TestSuiteExecutor.accessTestSuiteMainPhase(TestSuiteExecutor.java:164)
	at com.kms.katalon.core.main.TestSuiteExecutor.execute(TestSuiteExecutor.java:105)
	at com.kms.katalon.core.main.TestCaseMain.startTestSuite(TestCaseMain.java:185)
	at com.kms.katalon.core.main.TestCaseMain$startTestSuite$0.call(Unknown Source)
	at TempTestSuite1641788891534.run(TempTestSuite1641788891534.groovy:36)
Caused by: com.kms.katalon.core.webui.exception.WebElementNotFoundException: Web element with id: 'Object Repository/tN objects/p_OL_box' located by '//tr[@id='MUIDataTableBodyRow-3']/td[3]/div/div/div/div[2]/div/div/p' not found
	at com.kms.katalon.core.webui.common.WebUiCommonHelper.findWebElement(WebUiCommonHelper.java:1368)
	at com.kms.katalon.core.webui.keyword.internal.WebUIAbstractKeyword.findWebElement(WebUIAbstractKeyword.groovy:27)
	at com.kms.katalon.core.webui.keyword.internal.WebUIAbstractKeyword.findWebElement(WebUIAbstractKeyword.groovy:26)
	at com.kms.katalon.core.webui.keyword.builtin.SetTextKeyword$_setText_closure1.doCall(SetTextKeyword.groovy:51)
	at com.kms.katalon.core.webui.keyword.builtin.SetTextKeyword$_setText_closure1.call(SetTextKeyword.groovy)
	at com.kms.katalon.core.webui.keyword.internal.WebUIKeywordMain.runKeyword(WebUIKeywordMain.groovy:20)
	at com.kms.katalon.core.webui.keyword.builtin.SetTextKeyword.setText(SetTextKeyword.groovy:66)
	at com.kms.katalon.core.webui.keyword.builtin.SetTextKeyword.execute(SetTextKeyword.groovy:37)
	at com.kms.katalon.core.keyword.internal.KeywordExecutor.executeKeywordForPlatform(KeywordExecutor.groovy:74)
	at com.kms.katalon.core.webui.keyword.WebUiBuiltInKeywords.setText(WebUiBuiltInKeywords.groovy:980)
	at com.kms.katalon.core.webui.keyword.WebUiBuiltInKeywords$setText$22.call(Unknown Source)
	at Script1607640140574.run(Script1607640140574.groovy:76)
	... 13 more
)

2022-01-09 23:33:47 - [MESSAGE][INFO] - Unable to find the element located by 'By.xpath: //tr[@id='MUIDataTableBodyRow-3']/td[3]/div/div/div/div[2]/div/div/p'. Please recheck the objects properties to make sure the desired element is located. 

2022-01-09 23:33:48 - [MESSAGE][FAILED] - Unable to set text 'ÎÎµÎ¿á¿¦' of object 'Object Repository/tN objects/p_OL_box' (Root cause: com.kms.katalon.core.exception.StepFailedException: Unable to set text 'ÎÎµÎ¿á¿¦' of object 'Object Repository/tN objects/p_OL_box'
	at com.kms.katalon.core.webui.keyword.internal.WebUIKeywordMain.stepFailed(WebUIKeywordMain.groovy:64)
	at com.kms.katalon.core.webui.keyword.internal.WebUIKeywordMain.runKeyword(WebUIKeywordMain.groovy:26)
	at com.kms.katalon.core.webui.keyword.builtin.SetTextKeyword.setText(SetTextKeyword.groovy:66)
	at com.kms.katalon.core.webui.keyword.builtin.SetTextKeyword.execute(SetTextKeyword.groovy:37)
	at com.kms.katalon.core.keyword.internal.KeywordExecutor.executeKeywordForPlatform(KeywordExecutor.groovy:74)
	at com.kms.katalon.core.webui.keyword.WebUiBuiltInKeywords.setText(WebUiBuiltInKeywords.groovy:980)
	at com.kms.katalon.core.webui.keyword.WebUiBuiltInKeywords$setText$22.call(Unknown Source)
	at tN_Highlighting by Occurrence Number.run(tN_Highlighting by Occurrence Number:76)
	at com.kms.katalon.core.main.ScriptEngine.run(ScriptEngine.java:194)
	at com.kms.katalon.core.main.ScriptEngine.runScriptAsRawText(ScriptEngine.java:119)
	at com.kms.katalon.core.main.TestCaseExecutor.runScript(TestCaseExecutor.java:430)
	at com.kms.katalon.core.main.TestCaseExecutor.doExecute(TestCaseExecutor.java:421)
	at com.kms.katalon.core.main.TestCaseExecutor.processExecutionPhase(TestCaseExecutor.java:400)
	at com.kms.katalon.core.main.TestCaseExecutor.accessMainPhase(TestCaseExecutor.java:392)
	at com.kms.katalon.core.main.TestCaseExecutor.execute(TestCaseExecutor.java:273)
	at com.kms.katalon.core.main.TestSuiteExecutor.accessTestCaseMainPhase(TestSuiteExecutor.java:202)
	at com.kms.katalon.core.main.TestSuiteExecutor.accessTestSuiteMainPhase(TestSuiteExecutor.java:164)
	at com.kms.katalon.core.main.TestSuiteExecutor.execute(TestSuiteExecutor.java:105)
	at com.kms.katalon.core.main.TestCaseMain.startTestSuite(TestCaseMain.java:185)
	at com.kms.katalon.core.main.TestCaseMain$startTestSuite$0.call(Unknown Source)
	at TempTestSuite1641788891534.run(TempTestSuite1641788891534.groovy:36)
Caused by: com.kms.katalon.core.webui.exception.WebElementNotFoundException: Web element with id: 'Object Repository/tN objects/p_OL_box' located by '//tr[@id='MUIDataTableBodyRow-3']/td[3]/div/div/div/div[2]/div/div/p' not found
	at com.kms.katalon.core.webui.common.WebUiCommonHelper.findWebElement(WebUiCommonHelper.java:1368)
	at com.kms.katalon.core.webui.keyword.internal.WebUIAbstractKeyword.findWebElement(WebUIAbstractKeyword.groovy:27)
	at com.kms.katalon.core.webui.keyword.internal.WebUIAbstractKeyword.findWebElement(WebUIAbstractKeyword.groovy:26)
	at com.kms.katalon.core.webui.keyword.builtin.SetTextKeyword$_setText_closure1.doCall(SetTextKeyword.groovy:51)
	at com.kms.katalon.core.webui.keyword.builtin.SetTextKeyword$_setText_closure1.call(SetTextKeyword.groovy)
	at com.kms.katalon.core.webui.keyword.internal.WebUIKeywordMain.runKeyword(WebUIKeywordMain.groovy:20)
	at com.kms.katalon.core.webui.keyword.builtin.SetTextKeyword.setText(SetTextKeyword.groovy:66)
	at com.kms.katalon.core.webui.keyword.builtin.SetTextKeyword.execute(SetTextKeyword.groovy:37)
	at com.kms.katalon.core.keyword.internal.KeywordExecutor.executeKeywordForPlatform(KeywordExecutor.groovy:74)
	at com.kms.katalon.core.webui.keyword.WebUiBuiltInKeywords.setText(WebUiBuiltInKeywords.groovy:980)
	at com.kms.katalon.core.webui.keyword.WebUiBuiltInKeywords$setText$22.call(Unknown Source)
	at Script1607640140574.run(Script1607640140574.groovy:76)
	... 13 more
)
[[ATTACHMENT|/Users/elsylitsonlambert/git/tcCreateQA/Reports/20220109_232810/Test Suite1- Regression/20220109_232811/1641789227609.png]]

2022-01-09 23:33:48 - [TEST_STEP][PASSED] - driver = getWebDriver(): null

2022-01-09 23:33:48 - [TEST_STEP][PASSED] - action = new org.openqa.selenium.interactions.Actions(driver): null

2022-01-09 23:33:48 - [TEST_STEP][PASSED] - build().perform(): null

2022-01-09 23:33:48 - [TEST_STEP][PASSED] - if (!(color_word1.equals(backcolor_word1))): First Occurrence is highlighted!

2022-01-09 23:33:48 - [TEST_STEP][PASSED] - logInfo("First Occurrence is highlighted!"): First Occurrence is highlighted!

2022-01-09 23:33:48 - [MESSAGE][INFO] - First Occurrence is highlighted!

2022-01-09 23:33:48 - [TEST_STEP][PASSED] - color_word2 = getCSSValue(findTestObject("tN objects/word2"), "color"): Get CSS 'color' value on 'Object Repository/tN objects/word2' successfully: 'rgba(0, 0, 0, 0.87)'.

2022-01-09 23:33:48 - [MESSAGE][PASSED] - Get CSS 'color' value on 'Object Repository/tN objects/word2' successfully: 'rgba(0, 0, 0, 0.87)'.

2022-01-09 23:33:48 - [TEST_STEP][PASSED] - backcolor_word2 = getCSSValue(findTestObject("tN objects/word2"), "background-color"): Get CSS 'background-color' value on 'Object Repository/tN objects/word2' successfully: 'rgba(0, 0, 0, 0)'.

2022-01-09 23:33:48 - [MESSAGE][PASSED] - Get CSS 'background-color' value on 'Object Repository/tN objects/word2' successfully: 'rgba(0, 0, 0, 0)'.

2022-01-09 23:33:48 - [TEST_STEP][FAILED] - click(findTestObject("Object Repository/tN objects/p_occurrence box")): Unable to click on object 'Object Repository/tN objects/p_occurrence box' (Root cause: com.kms.katalon.core.exception.StepFailedException: Unable to click on object 'Object Repository/tN objects/p_occurrence box'
	at com.kms.katalon.core.webui.keyword.internal.WebUIKeywordMain.stepFailed(WebUIKeywordMain.groovy:64)
	at com.kms.katalon.core.webui.keyword.internal.WebUIKeywordMain.runKeyword(WebUIKeywordMain.groovy:26)
	at com.kms.katalon.core.webui.keyword.builtin.ClickKeyword.click(ClickKeyword.groovy:75)
	at com.kms.katalon.core.webui.keyword.builtin.ClickKeyword.execute(ClickKeyword.groovy:42)
	at com.kms.katalon.core.keyword.internal.KeywordExecutor.executeKeywordForPlatform(KeywordExecutor.groovy:74)
	at com.kms.katalon.core.webui.keyword.WebUiBuiltInKeywords.click(WebUiBuiltInKeywords.groovy:620)
	at com.kms.katalon.core.webui.keyword.WebUiBuiltInKeywords$click$3.call(Unknown Source)
	at tN_Highlighting by Occurrence Number.run(tN_Highlighting by Occurrence Number:101)
	at com.kms.katalon.core.main.ScriptEngine.run(ScriptEngine.java:194)
	at com.kms.katalon.core.main.ScriptEngine.runScriptAsRawText(ScriptEngine.java:119)
	at com.kms.katalon.core.main.TestCaseExecutor.runScript(TestCaseExecutor.java:430)
	at com.kms.katalon.core.main.TestCaseExecutor.doExecute(TestCaseExecutor.java:421)
	at com.kms.katalon.core.main.TestCaseExecutor.processExecutionPhase(TestCaseExecutor.java:400)
	at com.kms.katalon.core.main.TestCaseExecutor.accessMainPhase(TestCaseExecutor.java:392)
	at com.kms.katalon.core.main.TestCaseExecutor.execute(TestCaseExecutor.java:273)
	at com.kms.katalon.core.main.TestSuiteExecutor.accessTestCaseMainPhase(TestSuiteExecutor.java:202)
	at com.kms.katalon.core.main.TestSuiteExecutor.accessTestSuiteMainPhase(TestSuiteExecutor.java:164)
	at com.kms.katalon.core.main.TestSuiteExecutor.execute(TestSuiteExecutor.java:105)
	at com.kms.katalon.core.main.TestCaseMain.startTestSuite(TestCaseMain.java:185)
	at com.kms.katalon.core.main.TestCaseMain$startTestSuite$0.call(Unknown Source)
	at TempTestSuite1641788891534.run(TempTestSuite1641788891534.groovy:36)
Caused by: com.kms.katalon.core.webui.exception.WebElementNotFoundException: Web element with id: 'Object Repository/tN objects/p_occurrence box' located by '//tr[@id='MUIDataTableBodyRow-3']/td[4]/div/div/div/div[2]/div/div/p' not found
	at com.kms.katalon.core.webui.common.WebUiCommonHelper.findWebElement(WebUiCommonHelper.java:1368)
	at com.kms.katalon.core.webui.keyword.internal.WebUIAbstractKeyword.findWebElement(WebUIAbstractKeyword.groovy:27)
	at com.kms.katalon.core.webui.keyword.internal.WebUIAbstractKeyword.findWebElement(WebUIAbstractKeyword.groovy:26)
	at com.kms.katalon.core.webui.keyword.builtin.ClickKeyword$_click_closure1.doCall(ClickKeyword.groovy:66)
	at com.kms.katalon.core.webui.keyword.builtin.ClickKeyword$_click_closure1.call(ClickKeyword.groovy)
	at com.kms.katalon.core.webui.keyword.internal.WebUIKeywordMain.runKeyword(WebUIKeywordMain.groovy:20)
	at com.kms.katalon.core.webui.keyword.builtin.ClickKeyword.click(ClickKeyword.groovy:75)
	at com.kms.katalon.core.webui.keyword.builtin.ClickKeyword.execute(ClickKeyword.groovy:42)
	at com.kms.katalon.core.keyword.internal.KeywordExecutor.executeKeywordForPlatform(KeywordExecutor.groovy:74)
	at com.kms.katalon.core.webui.keyword.WebUiBuiltInKeywords.click(WebUiBuiltInKeywords.groovy:620)
	at com.kms.katalon.core.webui.keyword.WebUiBuiltInKeywords$click$3.call(Unknown Source)
	at Script1607640140574.run(Script1607640140574.groovy:101)
	... 13 more
)

2022-01-09 23:34:20 - [MESSAGE][INFO] - Unable to find the element located by 'By.xpath: //tr[@id='MUIDataTableBodyRow-3']/td[4]/div/div/div/div[2]/div/div/p'. Please recheck the objects properties to make sure the desired element is located. 

2022-01-09 23:34:20 - [MESSAGE][FAILED] - Unable to click on object 'Object Repository/tN objects/p_occurrence box' (Root cause: com.kms.katalon.core.exception.StepFailedException: Unable to click on object 'Object Repository/tN objects/p_occurrence box'
	at com.kms.katalon.core.webui.keyword.internal.WebUIKeywordMain.stepFailed(WebUIKeywordMain.groovy:64)
	at com.kms.katalon.core.webui.keyword.internal.WebUIKeywordMain.runKeyword(WebUIKeywordMain.groovy:26)
	at com.kms.katalon.core.webui.keyword.builtin.ClickKeyword.click(ClickKeyword.groovy:75)
	at com.kms.katalon.core.webui.keyword.builtin.ClickKeyword.execute(ClickKeyword.groovy:42)
	at com.kms.katalon.core.keyword.internal.KeywordExecutor.executeKeywordForPlatform(KeywordExecutor.groovy:74)
	at com.kms.katalon.core.webui.keyword.WebUiBuiltInKeywords.click(WebUiBuiltInKeywords.groovy:620)
	at com.kms.katalon.core.webui.keyword.WebUiBuiltInKeywords$click$3.call(Unknown Source)
	at tN_Highlighting by Occurrence Number.run(tN_Highlighting by Occurrence Number:101)
	at com.kms.katalon.core.main.ScriptEngine.run(ScriptEngine.java:194)
	at com.kms.katalon.core.main.ScriptEngine.runScriptAsRawText(ScriptEngine.java:119)
	at com.kms.katalon.core.main.TestCaseExecutor.runScript(TestCaseExecutor.java:430)
	at com.kms.katalon.core.main.TestCaseExecutor.doExecute(TestCaseExecutor.java:421)
	at com.kms.katalon.core.main.TestCaseExecutor.processExecutionPhase(TestCaseExecutor.java:400)
	at com.kms.katalon.core.main.TestCaseExecutor.accessMainPhase(TestCaseExecutor.java:392)
	at com.kms.katalon.core.main.TestCaseExecutor.execute(TestCaseExecutor.java:273)
	at com.kms.katalon.core.main.TestSuiteExecutor.accessTestCaseMainPhase(TestSuiteExecutor.java:202)
	at com.kms.katalon.core.main.TestSuiteExecutor.accessTestSuiteMainPhase(TestSuiteExecutor.java:164)
	at com.kms.katalon.core.main.TestSuiteExecutor.execute(TestSuiteExecutor.java:105)
	at com.kms.katalon.core.main.TestCaseMain.startTestSuite(TestCaseMain.java:185)
	at com.kms.katalon.core.main.TestCaseMain$startTestSuite$0.call(Unknown Source)
	at TempTestSuite1641788891534.run(TempTestSuite1641788891534.groovy:36)
Caused by: com.kms.katalon.core.webui.exception.WebElementNotFoundException: Web element with id: 'Object Repository/tN objects/p_occurrence box' located by '//tr[@id='MUIDataTableBodyRow-3']/td[4]/div/div/div/div[2]/div/div/p' not found
	at com.kms.katalon.core.webui.common.WebUiCommonHelper.findWebElement(WebUiCommonHelper.java:1368)
	at com.kms.katalon.core.webui.keyword.internal.WebUIAbstractKeyword.findWebElement(WebUIAbstractKeyword.groovy:27)
	at com.kms.katalon.core.webui.keyword.internal.WebUIAbstractKeyword.findWebElement(WebUIAbstractKeyword.groovy:26)
	at com.kms.katalon.core.webui.keyword.builtin.ClickKeyword$_click_closure1.doCall(ClickKeyword.groovy:66)
	at com.kms.katalon.core.webui.keyword.builtin.ClickKeyword$_click_closure1.call(ClickKeyword.groovy)
	at com.kms.katalon.core.webui.keyword.internal.WebUIKeywordMain.runKeyword(WebUIKeywordMain.groovy:20)
	at com.kms.katalon.core.webui.keyword.builtin.ClickKeyword.click(ClickKeyword.groovy:75)
	at com.kms.katalon.core.webui.keyword.builtin.ClickKeyword.execute(ClickKeyword.groovy:42)
	at com.kms.katalon.core.keyword.internal.KeywordExecutor.executeKeywordForPlatform(KeywordExecutor.groovy:74)
	at com.kms.katalon.core.webui.keyword.WebUiBuiltInKeywords.click(WebUiBuiltInKeywords.groovy:620)
	at com.kms.katalon.core.webui.keyword.WebUiBuiltInKeywords$click$3.call(Unknown Source)
	at Script1607640140574.run(Script1607640140574.groovy:101)
	... 13 more
)
[[ATTACHMENT|/Users/elsylitsonlambert/git/tcCreateQA/Reports/20220109_232810/Test Suite1- Regression/20220109_232811/1641789260030.png]]

2022-01-09 23:34:20 - [TEST_STEP][FAILED] - clearText(findTestObject("Object Repository/tN objects/p_occurrence box"), CONTINUE_ON_FAILURE): Unable to clear text of object 'Object Repository/tN objects/p_occurrence box' (Root cause: com.kms.katalon.core.exception.StepFailedException: Unable to clear text of object 'Object Repository/tN objects/p_occurrence box'
	at com.kms.katalon.core.webui.keyword.internal.WebUIKeywordMain.stepFailed(WebUIKeywordMain.groovy:64)
	at com.kms.katalon.core.webui.keyword.internal.WebUIKeywordMain.runKeyword(WebUIKeywordMain.groovy:42)
	at com.kms.katalon.core.webui.keyword.builtin.ClearTextKeyword.clearText(ClearTextKeyword.groovy:61)
	at com.kms.katalon.core.webui.keyword.builtin.ClearTextKeyword.execute(ClearTextKeyword.groovy:34)
	at com.kms.katalon.core.keyword.internal.KeywordExecutor.executeKeywordForPlatform(KeywordExecutor.groovy:74)
	at com.kms.katalon.core.webui.keyword.WebUiBuiltInKeywords.clearText(WebUiBuiltInKeywords.groovy:4889)
	at com.kms.katalon.core.webui.keyword.WebUiBuiltInKeywords$clearText$23.call(Unknown Source)
	at tN_Highlighting by Occurrence Number.run(tN_Highlighting by Occurrence Number:102)
	at com.kms.katalon.core.main.ScriptEngine.run(ScriptEngine.java:194)
	at com.kms.katalon.core.main.ScriptEngine.runScriptAsRawText(ScriptEngine.java:119)
	at com.kms.katalon.core.main.TestCaseExecutor.runScript(TestCaseExecutor.java:430)
	at com.kms.katalon.core.main.TestCaseExecutor.doExecute(TestCaseExecutor.java:421)
	at com.kms.katalon.core.main.TestCaseExecutor.processExecutionPhase(TestCaseExecutor.java:400)
	at com.kms.katalon.core.main.TestCaseExecutor.accessMainPhase(TestCaseExecutor.java:392)
	at com.kms.katalon.core.main.TestCaseExecutor.execute(TestCaseExecutor.java:273)
	at com.kms.katalon.core.main.TestSuiteExecutor.accessTestCaseMainPhase(TestSuiteExecutor.java:202)
	at com.kms.katalon.core.main.TestSuiteExecutor.accessTestSuiteMainPhase(TestSuiteExecutor.java:164)
	at com.kms.katalon.core.main.TestSuiteExecutor.execute(TestSuiteExecutor.java:105)
	at com.kms.katalon.core.main.TestCaseMain.startTestSuite(TestCaseMain.java:185)
	at com.kms.katalon.core.main.TestCaseMain$startTestSuite$0.call(Unknown Source)
	at TempTestSuite1641788891534.run(TempTestSuite1641788891534.groovy:36)
Caused by: com.kms.katalon.core.webui.exception.WebElementNotFoundException: Web element with id: 'Object Repository/tN objects/p_occurrence box' located by '//tr[@id='MUIDataTableBodyRow-3']/td[4]/div/div/div/div[2]/div/div/p' not found
	at com.kms.katalon.core.webui.common.WebUiCommonHelper.findWebElement(WebUiCommonHelper.java:1368)
	at com.kms.katalon.core.webui.keyword.internal.WebUIAbstractKeyword.findWebElement(WebUIAbstractKeyword.groovy:27)
	at com.kms.katalon.core.webui.keyword.internal.WebUIAbstractKeyword.findWebElement(WebUIAbstractKeyword.groovy:26)
	at com.kms.katalon.core.webui.keyword.builtin.ClearTextKeyword$_clearText_closure1.doCall(ClearTextKeyword.groovy:44)
	at com.kms.katalon.core.webui.keyword.builtin.ClearTextKeyword$_clearText_closure1.call(ClearTextKeyword.groovy)
	at com.kms.katalon.core.webui.keyword.internal.WebUIKeywordMain.runKeyword(WebUIKeywordMain.groovy:33)
	at com.kms.katalon.core.webui.keyword.builtin.ClearTextKeyword.clearText(ClearTextKeyword.groovy:61)
	at com.kms.katalon.core.webui.keyword.builtin.ClearTextKeyword.execute(ClearTextKeyword.groovy:34)
	at com.kms.katalon.core.keyword.internal.KeywordExecutor.executeKeywordForPlatform(KeywordExecutor.groovy:74)
	at com.kms.katalon.core.webui.keyword.WebUiBuiltInKeywords.clearText(WebUiBuiltInKeywords.groovy:4889)
	at com.kms.katalon.core.webui.keyword.WebUiBuiltInKeywords$clearText$23.call(Unknown Source)
	at Script1607640140574.run(Script1607640140574.groovy:102)
	... 13 more
)

2022-01-09 23:34:51 - [MESSAGE][INFO] - Unable to find the element located by 'By.xpath: //tr[@id='MUIDataTableBodyRow-3']/td[4]/div/div/div/div[2]/div/div/p'. Please recheck the objects properties to make sure the desired element is located. 

2022-01-09 23:34:52 - [MESSAGE][FAILED] - Unable to clear text of object 'Object Repository/tN objects/p_occurrence box' (Root cause: com.kms.katalon.core.exception.StepFailedException: Unable to clear text of object 'Object Repository/tN objects/p_occurrence box'
	at com.kms.katalon.core.webui.keyword.internal.WebUIKeywordMain.stepFailed(WebUIKeywordMain.groovy:64)
	at com.kms.katalon.core.webui.keyword.internal.WebUIKeywordMain.runKeyword(WebUIKeywordMain.groovy:42)
	at com.kms.katalon.core.webui.keyword.builtin.ClearTextKeyword.clearText(ClearTextKeyword.groovy:61)
	at com.kms.katalon.core.webui.keyword.builtin.ClearTextKeyword.execute(ClearTextKeyword.groovy:34)
	at com.kms.katalon.core.keyword.internal.KeywordExecutor.executeKeywordForPlatform(KeywordExecutor.groovy:74)
	at com.kms.katalon.core.webui.keyword.WebUiBuiltInKeywords.clearText(WebUiBuiltInKeywords.groovy:4889)
	at com.kms.katalon.core.webui.keyword.WebUiBuiltInKeywords$clearText$23.call(Unknown Source)
	at tN_Highlighting by Occurrence Number.run(tN_Highlighting by Occurrence Number:102)
	at com.kms.katalon.core.main.ScriptEngine.run(ScriptEngine.java:194)
	at com.kms.katalon.core.main.ScriptEngine.runScriptAsRawText(ScriptEngine.java:119)
	at com.kms.katalon.core.main.TestCaseExecutor.runScript(TestCaseExecutor.java:430)
	at com.kms.katalon.core.main.TestCaseExecutor.doExecute(TestCaseExecutor.java:421)
	at com.kms.katalon.core.main.TestCaseExecutor.processExecutionPhase(TestCaseExecutor.java:400)
	at com.kms.katalon.core.main.TestCaseExecutor.accessMainPhase(TestCaseExecutor.java:392)
	at com.kms.katalon.core.main.TestCaseExecutor.execute(TestCaseExecutor.java:273)
	at com.kms.katalon.core.main.TestSuiteExecutor.accessTestCaseMainPhase(TestSuiteExecutor.java:202)
	at com.kms.katalon.core.main.TestSuiteExecutor.accessTestSuiteMainPhase(TestSuiteExecutor.java:164)
	at com.kms.katalon.core.main.TestSuiteExecutor.execute(TestSuiteExecutor.java:105)
	at com.kms.katalon.core.main.TestCaseMain.startTestSuite(TestCaseMain.java:185)
	at com.kms.katalon.core.main.TestCaseMain$startTestSuite$0.call(Unknown Source)
	at TempTestSuite1641788891534.run(TempTestSuite1641788891534.groovy:36)
Caused by: com.kms.katalon.core.webui.exception.WebElementNotFoundException: Web element with id: 'Object Repository/tN objects/p_occurrence box' located by '//tr[@id='MUIDataTableBodyRow-3']/td[4]/div/div/div/div[2]/div/div/p' not found
	at com.kms.katalon.core.webui.common.WebUiCommonHelper.findWebElement(WebUiCommonHelper.java:1368)
	at com.kms.katalon.core.webui.keyword.internal.WebUIAbstractKeyword.findWebElement(WebUIAbstractKeyword.groovy:27)
	at com.kms.katalon.core.webui.keyword.internal.WebUIAbstractKeyword.findWebElement(WebUIAbstractKeyword.groovy:26)
	at com.kms.katalon.core.webui.keyword.builtin.ClearTextKeyword$_clearText_closure1.doCall(ClearTextKeyword.groovy:44)
	at com.kms.katalon.core.webui.keyword.builtin.ClearTextKeyword$_clearText_closure1.call(ClearTextKeyword.groovy)
	at com.kms.katalon.core.webui.keyword.internal.WebUIKeywordMain.runKeyword(WebUIKeywordMain.groovy:33)
	at com.kms.katalon.core.webui.keyword.builtin.ClearTextKeyword.clearText(ClearTextKeyword.groovy:61)
	at com.kms.katalon.core.webui.keyword.builtin.ClearTextKeyword.execute(ClearTextKeyword.groovy:34)
	at com.kms.katalon.core.keyword.internal.KeywordExecutor.executeKeywordForPlatform(KeywordExecutor.groovy:74)
	at com.kms.katalon.core.webui.keyword.WebUiBuiltInKeywords.clearText(WebUiBuiltInKeywords.groovy:4889)
	at com.kms.katalon.core.webui.keyword.WebUiBuiltInKeywords$clearText$23.call(Unknown Source)
	at Script1607640140574.run(Script1607640140574.groovy:102)
	... 13 more
)
[[ATTACHMENT|/Users/elsylitsonlambert/git/tcCreateQA/Reports/20220109_232810/Test Suite1- Regression/20220109_232811/1641789291557.png]]

2022-01-09 23:34:52 - [TEST_STEP][FAILED] - sendKeys(findTestObject("Object Repository/tN objects/p_occurrence box"), "2"): Unable to send keys '2' to object 'Object Repository/tN objects/p_occurrence box' (Root cause: com.kms.katalon.core.exception.StepFailedException: Unable to send keys '2' to object 'Object Repository/tN objects/p_occurrence box'
	at com.kms.katalon.core.webui.keyword.internal.WebUIKeywordMain.stepFailed(WebUIKeywordMain.groovy:64)
	at com.kms.katalon.core.webui.keyword.internal.WebUIKeywordMain.runKeyword(WebUIKeywordMain.groovy:26)
	at com.kms.katalon.core.webui.keyword.builtin.SendKeysKeyword.sendKeys(SendKeysKeyword.groovy:60)
	at com.kms.katalon.core.webui.keyword.builtin.SendKeysKeyword.execute(SendKeysKeyword.groovy:38)
	at com.kms.katalon.core.keyword.internal.KeywordExecutor.executeKeywordForPlatform(KeywordExecutor.groovy:74)
	at com.kms.katalon.core.webui.keyword.WebUiBuiltInKeywords.sendKeys(WebUiBuiltInKeywords.groovy:864)
	at com.kms.katalon.core.webui.keyword.WebUiBuiltInKeywords$sendKeys$2.call(Unknown Source)
	at tN_Highlighting by Occurrence Number.run(tN_Highlighting by Occurrence Number:103)
	at com.kms.katalon.core.main.ScriptEngine.run(ScriptEngine.java:194)
	at com.kms.katalon.core.main.ScriptEngine.runScriptAsRawText(ScriptEngine.java:119)
	at com.kms.katalon.core.main.TestCaseExecutor.runScript(TestCaseExecutor.java:430)
	at com.kms.katalon.core.main.TestCaseExecutor.doExecute(TestCaseExecutor.java:421)
	at com.kms.katalon.core.main.TestCaseExecutor.processExecutionPhase(TestCaseExecutor.java:400)
	at com.kms.katalon.core.main.TestCaseExecutor.accessMainPhase(TestCaseExecutor.java:392)
	at com.kms.katalon.core.main.TestCaseExecutor.execute(TestCaseExecutor.java:273)
	at com.kms.katalon.core.main.TestSuiteExecutor.accessTestCaseMainPhase(TestSuiteExecutor.java:202)
	at com.kms.katalon.core.main.TestSuiteExecutor.accessTestSuiteMainPhase(TestSuiteExecutor.java:164)
	at com.kms.katalon.core.main.TestSuiteExecutor.execute(TestSuiteExecutor.java:105)
	at com.kms.katalon.core.main.TestCaseMain.startTestSuite(TestCaseMain.java:185)
	at com.kms.katalon.core.main.TestCaseMain$startTestSuite$0.call(Unknown Source)
	at TempTestSuite1641788891534.run(TempTestSuite1641788891534.groovy:36)
Caused by: com.kms.katalon.core.webui.exception.WebElementNotFoundException: Web element with id: 'Object Repository/tN objects/p_occurrence box' located by '//tr[@id='MUIDataTableBodyRow-3']/td[4]/div/div/div/div[2]/div/div/p' not found
	at com.kms.katalon.core.webui.common.WebUiCommonHelper.findWebElement(WebUiCommonHelper.java:1368)
	at com.kms.katalon.core.webui.keyword.internal.WebUIAbstractKeyword.findWebElement(WebUIAbstractKeyword.groovy:27)
	at com.kms.katalon.core.webui.keyword.internal.WebUIAbstractKeyword.findWebElement(WebUIAbstractKeyword.groovy:26)
	at com.kms.katalon.core.webui.keyword.builtin.SendKeysKeyword$_sendKeys_closure1.doCall(SendKeysKeyword.groovy:52)
	at com.kms.katalon.core.webui.keyword.builtin.SendKeysKeyword$_sendKeys_closure1.call(SendKeysKeyword.groovy)
	at com.kms.katalon.core.webui.keyword.internal.WebUIKeywordMain.runKeyword(WebUIKeywordMain.groovy:20)
	at com.kms.katalon.core.webui.keyword.builtin.SendKeysKeyword.sendKeys(SendKeysKeyword.groovy:60)
	at com.kms.katalon.core.webui.keyword.builtin.SendKeysKeyword.execute(SendKeysKeyword.groovy:38)
	at com.kms.katalon.core.keyword.internal.KeywordExecutor.executeKeywordForPlatform(KeywordExecutor.groovy:74)
	at com.kms.katalon.core.webui.keyword.WebUiBuiltInKeywords.sendKeys(WebUiBuiltInKeywords.groovy:864)
	at com.kms.katalon.core.webui.keyword.WebUiBuiltInKeywords$sendKeys$2.call(Unknown Source)
	at Script1607640140574.run(Script1607640140574.groovy:103)
	... 13 more
)

2022-01-09 23:35:23 - [MESSAGE][INFO] - Unable to find the element located by 'By.xpath: //tr[@id='MUIDataTableBodyRow-3']/td[4]/div/div/div/div[2]/div/div/p'. Please recheck the objects properties to make sure the desired element is located. 

2022-01-09 23:35:23 - [MESSAGE][FAILED] - Unable to send keys '2' to object 'Object Repository/tN objects/p_occurrence box' (Root cause: com.kms.katalon.core.exception.StepFailedException: Unable to send keys '2' to object 'Object Repository/tN objects/p_occurrence box'
	at com.kms.katalon.core.webui.keyword.internal.WebUIKeywordMain.stepFailed(WebUIKeywordMain.groovy:64)
	at com.kms.katalon.core.webui.keyword.internal.WebUIKeywordMain.runKeyword(WebUIKeywordMain.groovy:26)
	at com.kms.katalon.core.webui.keyword.builtin.SendKeysKeyword.sendKeys(SendKeysKeyword.groovy:60)
	at com.kms.katalon.core.webui.keyword.builtin.SendKeysKeyword.execute(SendKeysKeyword.groovy:38)
	at com.kms.katalon.core.keyword.internal.KeywordExecutor.executeKeywordForPlatform(KeywordExecutor.groovy:74)
	at com.kms.katalon.core.webui.keyword.WebUiBuiltInKeywords.sendKeys(WebUiBuiltInKeywords.groovy:864)
	at com.kms.katalon.core.webui.keyword.WebUiBuiltInKeywords$sendKeys$2.call(Unknown Source)
	at tN_Highlighting by Occurrence Number.run(tN_Highlighting by Occurrence Number:103)
	at com.kms.katalon.core.main.ScriptEngine.run(ScriptEngine.java:194)
	at com.kms.katalon.core.main.ScriptEngine.runScriptAsRawText(ScriptEngine.java:119)
	at com.kms.katalon.core.main.TestCaseExecutor.runScript(TestCaseExecutor.java:430)
	at com.kms.katalon.core.main.TestCaseExecutor.doExecute(TestCaseExecutor.java:421)
	at com.kms.katalon.core.main.TestCaseExecutor.processExecutionPhase(TestCaseExecutor.java:400)
	at com.kms.katalon.core.main.TestCaseExecutor.accessMainPhase(TestCaseExecutor.java:392)
	at com.kms.katalon.core.main.TestCaseExecutor.execute(TestCaseExecutor.java:273)
	at com.kms.katalon.core.main.TestSuiteExecutor.accessTestCaseMainPhase(TestSuiteExecutor.java:202)
	at com.kms.katalon.core.main.TestSuiteExecutor.accessTestSuiteMainPhase(TestSuiteExecutor.java:164)
	at com.kms.katalon.core.main.TestSuiteExecutor.execute(TestSuiteExecutor.java:105)
	at com.kms.katalon.core.main.TestCaseMain.startTestSuite(TestCaseMain.java:185)
	at com.kms.katalon.core.main.TestCaseMain$startTestSuite$0.call(Unknown Source)
	at TempTestSuite1641788891534.run(TempTestSuite1641788891534.groovy:36)
Caused by: com.kms.katalon.core.webui.exception.WebElementNotFoundException: Web element with id: 'Object Repository/tN objects/p_occurrence box' located by '//tr[@id='MUIDataTableBodyRow-3']/td[4]/div/div/div/div[2]/div/div/p' not found
	at com.kms.katalon.core.webui.common.WebUiCommonHelper.findWebElement(WebUiCommonHelper.java:1368)
	at com.kms.katalon.core.webui.keyword.internal.WebUIAbstractKeyword.findWebElement(WebUIAbstractKeyword.groovy:27)
	at com.kms.katalon.core.webui.keyword.internal.WebUIAbstractKeyword.findWebElement(WebUIAbstractKeyword.groovy:26)
	at com.kms.katalon.core.webui.keyword.builtin.SendKeysKeyword$_sendKeys_closure1.doCall(SendKeysKeyword.groovy:52)
	at com.kms.katalon.core.webui.keyword.builtin.SendKeysKeyword$_sendKeys_closure1.call(SendKeysKeyword.groovy)
	at com.kms.katalon.core.webui.keyword.internal.WebUIKeywordMain.runKeyword(WebUIKeywordMain.groovy:20)
	at com.kms.katalon.core.webui.keyword.builtin.SendKeysKeyword.sendKeys(SendKeysKeyword.groovy:60)
	at com.kms.katalon.core.webui.keyword.builtin.SendKeysKeyword.execute(SendKeysKeyword.groovy:38)
	at com.kms.katalon.core.keyword.internal.KeywordExecutor.executeKeywordForPlatform(KeywordExecutor.groovy:74)
	at com.kms.katalon.core.webui.keyword.WebUiBuiltInKeywords.sendKeys(WebUiBuiltInKeywords.groovy:864)
	at com.kms.katalon.core.webui.keyword.WebUiBuiltInKeywords$sendKeys$2.call(Unknown Source)
	at Script1607640140574.run(Script1607640140574.groovy:103)
	... 13 more
)
[[ATTACHMENT|/Users/elsylitsonlambert/git/tcCreateQA/Reports/20220109_232810/Test Suite1- Regression/20220109_232811/1641789323152.png]]

2022-01-09 23:35:23 - [TEST_STEP][PASSED] - build().perform(): null

2022-01-09 23:35:23 - [TEST_STEP][PASSED] - if (!(color_word2.equals(backcolor_word2))): Second occcurrence is highlighted!

2022-01-09 23:35:23 - [TEST_STEP][PASSED] - logInfo("Second occcurrence is highlighted!"): Second occcurrence is highlighted!

2022-01-09 23:35:23 - [MESSAGE][INFO] - Second occcurrence is highlighted!

2022-01-09 23:35:23 - [TEST_STEP][FAILED] - clearText(findTestObject("Object Repository/tN objects/p_occurrence box"), CONTINUE_ON_FAILURE): Unable to clear text of object 'Object Repository/tN objects/p_occurrence box' (Root cause: com.kms.katalon.core.exception.StepFailedException: Unable to clear text of object 'Object Repository/tN objects/p_occurrence box'
	at com.kms.katalon.core.webui.keyword.internal.WebUIKeywordMain.stepFailed(WebUIKeywordMain.groovy:64)
	at com.kms.katalon.core.webui.keyword.internal.WebUIKeywordMain.runKeyword(WebUIKeywordMain.groovy:42)
	at com.kms.katalon.core.webui.keyword.builtin.ClearTextKeyword.clearText(ClearTextKeyword.groovy:61)
	at com.kms.katalon.core.webui.keyword.builtin.ClearTextKeyword.execute(ClearTextKeyword.groovy:34)
	at com.kms.katalon.core.keyword.internal.KeywordExecutor.executeKeywordForPlatform(KeywordExecutor.groovy:74)
	at com.kms.katalon.core.webui.keyword.WebUiBuiltInKeywords.clearText(WebUiBuiltInKeywords.groovy:4889)
	at com.kms.katalon.core.webui.keyword.WebUiBuiltInKeywords$clearText$23.call(Unknown Source)
	at tN_Highlighting by Occurrence Number.run(tN_Highlighting by Occurrence Number:126)
	at com.kms.katalon.core.main.ScriptEngine.run(ScriptEngine.java:194)
	at com.kms.katalon.core.main.ScriptEngine.runScriptAsRawText(ScriptEngine.java:119)
	at com.kms.katalon.core.main.TestCaseExecutor.runScript(TestCaseExecutor.java:430)
	at com.kms.katalon.core.main.TestCaseExecutor.doExecute(TestCaseExecutor.java:421)
	at com.kms.katalon.core.main.TestCaseExecutor.processExecutionPhase(TestCaseExecutor.java:400)
	at com.kms.katalon.core.main.TestCaseExecutor.accessMainPhase(TestCaseExecutor.java:392)
	at com.kms.katalon.core.main.TestCaseExecutor.execute(TestCaseExecutor.java:273)
	at com.kms.katalon.core.main.TestSuiteExecutor.accessTestCaseMainPhase(TestSuiteExecutor.java:202)
	at com.kms.katalon.core.main.TestSuiteExecutor.accessTestSuiteMainPhase(TestSuiteExecutor.java:164)
	at com.kms.katalon.core.main.TestSuiteExecutor.execute(TestSuiteExecutor.java:105)
	at com.kms.katalon.core.main.TestCaseMain.startTestSuite(TestCaseMain.java:185)
	at com.kms.katalon.core.main.TestCaseMain$startTestSuite$0.call(Unknown Source)
	at TempTestSuite1641788891534.run(TempTestSuite1641788891534.groovy:36)
Caused by: com.kms.katalon.core.webui.exception.WebElementNotFoundException: Web element with id: 'Object Repository/tN objects/p_occurrence box' located by '//tr[@id='MUIDataTableBodyRow-3']/td[4]/div/div/div/div[2]/div/div/p' not found
	at com.kms.katalon.core.webui.common.WebUiCommonHelper.findWebElement(WebUiCommonHelper.java:1368)
	at com.kms.katalon.core.webui.keyword.internal.WebUIAbstractKeyword.findWebElement(WebUIAbstractKeyword.groovy:27)
	at com.kms.katalon.core.webui.keyword.internal.WebUIAbstractKeyword.findWebElement(WebUIAbstractKeyword.groovy:26)
	at com.kms.katalon.core.webui.keyword.builtin.ClearTextKeyword$_clearText_closure1.doCall(ClearTextKeyword.groovy:44)
	at com.kms.katalon.core.webui.keyword.builtin.ClearTextKeyword$_clearText_closure1.call(ClearTextKeyword.groovy)
	at com.kms.katalon.core.webui.keyword.internal.WebUIKeywordMain.runKeyword(WebUIKeywordMain.groovy:33)
	at com.kms.katalon.core.webui.keyword.builtin.ClearTextKeyword.clearText(ClearTextKeyword.groovy:61)
	at com.kms.katalon.core.webui.keyword.builtin.ClearTextKeyword.execute(ClearTextKeyword.groovy:34)
	at com.kms.katalon.core.keyword.internal.KeywordExecutor.executeKeywordForPlatform(KeywordExecutor.groovy:74)
	at com.kms.katalon.core.webui.keyword.WebUiBuiltInKeywords.clearText(WebUiBuiltInKeywords.groovy:4889)
	at com.kms.katalon.core.webui.keyword.WebUiBuiltInKeywords$clearText$23.call(Unknown Source)
	at Script1607640140574.run(Script1607640140574.groovy:126)
	... 13 more
)

2022-01-09 23:35:54 - [MESSAGE][INFO] - Unable to find the element located by 'By.xpath: //tr[@id='MUIDataTableBodyRow-3']/td[4]/div/div/div/div[2]/div/div/p'. Please recheck the objects properties to make sure the desired element is located. 

2022-01-09 23:35:55 - [MESSAGE][FAILED] - Unable to clear text of object 'Object Repository/tN objects/p_occurrence box' (Root cause: com.kms.katalon.core.exception.StepFailedException: Unable to clear text of object 'Object Repository/tN objects/p_occurrence box'
	at com.kms.katalon.core.webui.keyword.internal.WebUIKeywordMain.stepFailed(WebUIKeywordMain.groovy:64)
	at com.kms.katalon.core.webui.keyword.internal.WebUIKeywordMain.runKeyword(WebUIKeywordMain.groovy:42)
	at com.kms.katalon.core.webui.keyword.builtin.ClearTextKeyword.clearText(ClearTextKeyword.groovy:61)
	at com.kms.katalon.core.webui.keyword.builtin.ClearTextKeyword.execute(ClearTextKeyword.groovy:34)
	at com.kms.katalon.core.keyword.internal.KeywordExecutor.executeKeywordForPlatform(KeywordExecutor.groovy:74)
	at com.kms.katalon.core.webui.keyword.WebUiBuiltInKeywords.clearText(WebUiBuiltInKeywords.groovy:4889)
	at com.kms.katalon.core.webui.keyword.WebUiBuiltInKeywords$clearText$23.call(Unknown Source)
	at tN_Highlighting by Occurrence Number.run(tN_Highlighting by Occurrence Number:126)
	at com.kms.katalon.core.main.ScriptEngine.run(ScriptEngine.java:194)
	at com.kms.katalon.core.main.ScriptEngine.runScriptAsRawText(ScriptEngine.java:119)
	at com.kms.katalon.core.main.TestCaseExecutor.runScript(TestCaseExecutor.java:430)
	at com.kms.katalon.core.main.TestCaseExecutor.doExecute(TestCaseExecutor.java:421)
	at com.kms.katalon.core.main.TestCaseExecutor.processExecutionPhase(TestCaseExecutor.java:400)
	at com.kms.katalon.core.main.TestCaseExecutor.accessMainPhase(TestCaseExecutor.java:392)
	at com.kms.katalon.core.main.TestCaseExecutor.execute(TestCaseExecutor.java:273)
	at com.kms.katalon.core.main.TestSuiteExecutor.accessTestCaseMainPhase(TestSuiteExecutor.java:202)
	at com.kms.katalon.core.main.TestSuiteExecutor.accessTestSuiteMainPhase(TestSuiteExecutor.java:164)
	at com.kms.katalon.core.main.TestSuiteExecutor.execute(TestSuiteExecutor.java:105)
	at com.kms.katalon.core.main.TestCaseMain.startTestSuite(TestCaseMain.java:185)
	at com.kms.katalon.core.main.TestCaseMain$startTestSuite$0.call(Unknown Source)
	at TempTestSuite1641788891534.run(TempTestSuite1641788891534.groovy:36)
Caused by: com.kms.katalon.core.webui.exception.WebElementNotFoundException: Web element with id: 'Object Repository/tN objects/p_occurrence box' located by '//tr[@id='MUIDataTableBodyRow-3']/td[4]/div/div/div/div[2]/div/div/p' not found
	at com.kms.katalon.core.webui.common.WebUiCommonHelper.findWebElement(WebUiCommonHelper.java:1368)
	at com.kms.katalon.core.webui.keyword.internal.WebUIAbstractKeyword.findWebElement(WebUIAbstractKeyword.groovy:27)
	at com.kms.katalon.core.webui.keyword.internal.WebUIAbstractKeyword.findWebElement(WebUIAbstractKeyword.groovy:26)
	at com.kms.katalon.core.webui.keyword.builtin.ClearTextKeyword$_clearText_closure1.doCall(ClearTextKeyword.groovy:44)
	at com.kms.katalon.core.webui.keyword.builtin.ClearTextKeyword$_clearText_closure1.call(ClearTextKeyword.groovy)
	at com.kms.katalon.core.webui.keyword.internal.WebUIKeywordMain.runKeyword(WebUIKeywordMain.groovy:33)
	at com.kms.katalon.core.webui.keyword.builtin.ClearTextKeyword.clearText(ClearTextKeyword.groovy:61)
	at com.kms.katalon.core.webui.keyword.builtin.ClearTextKeyword.execute(ClearTextKeyword.groovy:34)
	at com.kms.katalon.core.keyword.internal.KeywordExecutor.executeKeywordForPlatform(KeywordExecutor.groovy:74)
	at com.kms.katalon.core.webui.keyword.WebUiBuiltInKeywords.clearText(WebUiBuiltInKeywords.groovy:4889)
	at com.kms.katalon.core.webui.keyword.WebUiBuiltInKeywords$clearText$23.call(Unknown Source)
	at Script1607640140574.run(Script1607640140574.groovy:126)
	... 13 more
)
[[ATTACHMENT|/Users/elsylitsonlambert/git/tcCreateQA/Reports/20220109_232810/Test Suite1- Regression/20220109_232811/1641789354908.png]]

2022-01-09 23:35:55 - [TEST_STEP][FAILED] - sendKeys(findTestObject("Object Repository/tN objects/p_occurrence box"), "-1"): Unable to send keys '-1' to object 'Object Repository/tN objects/p_occurrence box' (Root cause: com.kms.katalon.core.exception.StepFailedException: Unable to send keys '-1' to object 'Object Repository/tN objects/p_occurrence box'
	at com.kms.katalon.core.webui.keyword.internal.WebUIKeywordMain.stepFailed(WebUIKeywordMain.groovy:64)
	at com.kms.katalon.core.webui.keyword.internal.WebUIKeywordMain.runKeyword(WebUIKeywordMain.groovy:26)
	at com.kms.katalon.core.webui.keyword.builtin.SendKeysKeyword.sendKeys(SendKeysKeyword.groovy:60)
	at com.kms.katalon.core.webui.keyword.builtin.SendKeysKeyword.execute(SendKeysKeyword.groovy:38)
	at com.kms.katalon.core.keyword.internal.KeywordExecutor.executeKeywordForPlatform(KeywordExecutor.groovy:74)
	at com.kms.katalon.core.webui.keyword.WebUiBuiltInKeywords.sendKeys(WebUiBuiltInKeywords.groovy:864)
	at com.kms.katalon.core.webui.keyword.WebUiBuiltInKeywords$sendKeys$2.call(Unknown Source)
	at tN_Highlighting by Occurrence Number.run(tN_Highlighting by Occurrence Number:127)
	at com.kms.katalon.core.main.ScriptEngine.run(ScriptEngine.java:194)
	at com.kms.katalon.core.main.ScriptEngine.runScriptAsRawText(ScriptEngine.java:119)
	at com.kms.katalon.core.main.TestCaseExecutor.runScript(TestCaseExecutor.java:430)
	at com.kms.katalon.core.main.TestCaseExecutor.doExecute(TestCaseExecutor.java:421)
	at com.kms.katalon.core.main.TestCaseExecutor.processExecutionPhase(TestCaseExecutor.java:400)
	at com.kms.katalon.core.main.TestCaseExecutor.accessMainPhase(TestCaseExecutor.java:392)
	at com.kms.katalon.core.main.TestCaseExecutor.execute(TestCaseExecutor.java:273)
	at com.kms.katalon.core.main.TestSuiteExecutor.accessTestCaseMainPhase(TestSuiteExecutor.java:202)
	at com.kms.katalon.core.main.TestSuiteExecutor.accessTestSuiteMainPhase(TestSuiteExecutor.java:164)
	at com.kms.katalon.core.main.TestSuiteExecutor.execute(TestSuiteExecutor.java:105)
	at com.kms.katalon.core.main.TestCaseMain.startTestSuite(TestCaseMain.java:185)
	at com.kms.katalon.core.main.TestCaseMain$startTestSuite$0.call(Unknown Source)
	at TempTestSuite1641788891534.run(TempTestSuite1641788891534.groovy:36)
Caused by: com.kms.katalon.core.webui.exception.WebElementNotFoundException: Web element with id: 'Object Repository/tN objects/p_occurrence box' located by '//tr[@id='MUIDataTableBodyRow-3']/td[4]/div/div/div/div[2]/div/div/p' not found
	at com.kms.katalon.core.webui.common.WebUiCommonHelper.findWebElement(WebUiCommonHelper.java:1368)
	at com.kms.katalon.core.webui.keyword.internal.WebUIAbstractKeyword.findWebElement(WebUIAbstractKeyword.groovy:27)
	at com.kms.katalon.core.webui.keyword.internal.WebUIAbstractKeyword.findWebElement(WebUIAbstractKeyword.groovy:26)
	at com.kms.katalon.core.webui.keyword.builtin.SendKeysKeyword$_sendKeys_closure1.doCall(SendKeysKeyword.groovy:52)
	at com.kms.katalon.core.webui.keyword.builtin.SendKeysKeyword$_sendKeys_closure1.call(SendKeysKeyword.groovy)
	at com.kms.katalon.core.webui.keyword.internal.WebUIKeywordMain.runKeyword(WebUIKeywordMain.groovy:20)
	at com.kms.katalon.core.webui.keyword.builtin.SendKeysKeyword.sendKeys(SendKeysKeyword.groovy:60)
	at com.kms.katalon.core.webui.keyword.builtin.SendKeysKeyword.execute(SendKeysKeyword.groovy:38)
	at com.kms.katalon.core.keyword.internal.KeywordExecutor.executeKeywordForPlatform(KeywordExecutor.groovy:74)
	at com.kms.katalon.core.webui.keyword.WebUiBuiltInKeywords.sendKeys(WebUiBuiltInKeywords.groovy:864)
	at com.kms.katalon.core.webui.keyword.WebUiBuiltInKeywords$sendKeys$2.call(Unknown Source)
	at Script1607640140574.run(Script1607640140574.groovy:127)
	... 13 more
)

2022-01-09 23:36:26 - [MESSAGE][INFO] - Unable to find the element located by 'By.xpath: //tr[@id='MUIDataTableBodyRow-3']/td[4]/div/div/div/div[2]/div/div/p'. Please recheck the objects properties to make sure the desired element is located. 

2022-01-09 23:36:27 - [MESSAGE][FAILED] - Unable to send keys '-1' to object 'Object Repository/tN objects/p_occurrence box' (Root cause: com.kms.katalon.core.exception.StepFailedException: Unable to send keys '-1' to object 'Object Repository/tN objects/p_occurrence box'
	at com.kms.katalon.core.webui.keyword.internal.WebUIKeywordMain.stepFailed(WebUIKeywordMain.groovy:64)
	at com.kms.katalon.core.webui.keyword.internal.WebUIKeywordMain.runKeyword(WebUIKeywordMain.groovy:26)
	at com.kms.katalon.core.webui.keyword.builtin.SendKeysKeyword.sendKeys(SendKeysKeyword.groovy:60)
	at com.kms.katalon.core.webui.keyword.builtin.SendKeysKeyword.execute(SendKeysKeyword.groovy:38)
	at com.kms.katalon.core.keyword.internal.KeywordExecutor.executeKeywordForPlatform(KeywordExecutor.groovy:74)
	at com.kms.katalon.core.webui.keyword.WebUiBuiltInKeywords.sendKeys(WebUiBuiltInKeywords.groovy:864)
	at com.kms.katalon.core.webui.keyword.WebUiBuiltInKeywords$sendKeys$2.call(Unknown Source)
	at tN_Highlighting by Occurrence Number.run(tN_Highlighting by Occurrence Number:127)
	at com.kms.katalon.core.main.ScriptEngine.run(ScriptEngine.java:194)
	at com.kms.katalon.core.main.ScriptEngine.runScriptAsRawText(ScriptEngine.java:119)
	at com.kms.katalon.core.main.TestCaseExecutor.runScript(TestCaseExecutor.java:430)
	at com.kms.katalon.core.main.TestCaseExecutor.doExecute(TestCaseExecutor.java:421)
	at com.kms.katalon.core.main.TestCaseExecutor.processExecutionPhase(TestCaseExecutor.java:400)
	at com.kms.katalon.core.main.TestCaseExecutor.accessMainPhase(TestCaseExecutor.java:392)
	at com.kms.katalon.core.main.TestCaseExecutor.execute(TestCaseExecutor.java:273)
	at com.kms.katalon.core.main.TestSuiteExecutor.accessTestCaseMainPhase(TestSuiteExecutor.java:202)
	at com.kms.katalon.core.main.TestSuiteExecutor.accessTestSuiteMainPhase(TestSuiteExecutor.java:164)
	at com.kms.katalon.core.main.TestSuiteExecutor.execute(TestSuiteExecutor.java:105)
	at com.kms.katalon.core.main.TestCaseMain.startTestSuite(TestCaseMain.java:185)
	at com.kms.katalon.core.main.TestCaseMain$startTestSuite$0.call(Unknown Source)
	at TempTestSuite1641788891534.run(TempTestSuite1641788891534.groovy:36)
Caused by: com.kms.katalon.core.webui.exception.WebElementNotFoundException: Web element with id: 'Object Repository/tN objects/p_occurrence box' located by '//tr[@id='MUIDataTableBodyRow-3']/td[4]/div/div/div/div[2]/div/div/p' not found
	at com.kms.katalon.core.webui.common.WebUiCommonHelper.findWebElement(WebUiCommonHelper.java:1368)
	at com.kms.katalon.core.webui.keyword.internal.WebUIAbstractKeyword.findWebElement(WebUIAbstractKeyword.groovy:27)
	at com.kms.katalon.core.webui.keyword.internal.WebUIAbstractKeyword.findWebElement(WebUIAbstractKeyword.groovy:26)
	at com.kms.katalon.core.webui.keyword.builtin.SendKeysKeyword$_sendKeys_closure1.doCall(SendKeysKeyword.groovy:52)
	at com.kms.katalon.core.webui.keyword.builtin.SendKeysKeyword$_sendKeys_closure1.call(SendKeysKeyword.groovy)
	at com.kms.katalon.core.webui.keyword.internal.WebUIKeywordMain.runKeyword(WebUIKeywordMain.groovy:20)
	at com.kms.katalon.core.webui.keyword.builtin.SendKeysKeyword.sendKeys(SendKeysKeyword.groovy:60)
	at com.kms.katalon.core.webui.keyword.builtin.SendKeysKeyword.execute(SendKeysKeyword.groovy:38)
	at com.kms.katalon.core.keyword.internal.KeywordExecutor.executeKeywordForPlatform(KeywordExecutor.groovy:74)
	at com.kms.katalon.core.webui.keyword.WebUiBuiltInKeywords.sendKeys(WebUiBuiltInKeywords.groovy:864)
	at com.kms.katalon.core.webui.keyword.WebUiBuiltInKeywords$sendKeys$2.call(Unknown Source)
	at Script1607640140574.run(Script1607640140574.groovy:127)
	... 13 more
)
[[ATTACHMENT|/Users/elsylitsonlambert/git/tcCreateQA/Reports/20220109_232810/Test Suite1- Regression/20220109_232811/1641789386601.png]]

2022-01-09 23:36:27 - [TEST_STEP][PASSED] - build().perform(): null

2022-01-09 23:36:27 - [TEST_STEP][PASSED] - if (!(color_word1.equals(backcolor_word1)) && !(color_word2.equals(backcolor_word2))): Both occurrences are highlighted!

2022-01-09 23:36:27 - [TEST_STEP][PASSED] - logInfo("Both occurrences are highlighted!"): Both occurrences are highlighted!

2022-01-09 23:36:27 - [MESSAGE][INFO] - Both occurrences are highlighted!

2022-01-09 23:36:27 - [TEST_STEP][PASSED] - delay(2): Delayed 2 second(s)

2022-01-09 23:36:29 - [MESSAGE][PASSED] - Delayed 2 second(s)

2022-01-09 23:36:29 - [TEST_STEP][PASSED] - closeBrowser(): Browser is closed

2022-01-09 23:36:29 - [MESSAGE][PASSED] - Browser is closed]]></system-out>
         <system-err><![CDATA[2022-01-09 23:31:58 - [TEST_CASE][FAILED] - Test Cases/tCC Test Cases/tN_Highlighting by Occurrence Number: Test Cases/tCC Test Cases/tN_Highlighting by Occurrence Number FAILED.
Reason:
com.kms.katalon.core.exception.StepFailedException: Unable to click on object 'Object Repository/tN objects/p_OL_box' (Root cause: com.kms.katalon.core.exception.StepFailedException: Unable to click on object 'Object Repository/tN objects/p_OL_box'
	at com.kms.katalon.core.webui.keyword.internal.WebUIKeywordMain.stepFailed(WebUIKeywordMain.groovy:64)
	at com.kms.katalon.core.webui.keyword.internal.WebUIKeywordMain.runKeyword(WebUIKeywordMain.groovy:26)
	at com.kms.katalon.core.webui.keyword.builtin.ClickKeyword.click(ClickKeyword.groovy:75)
	at com.kms.katalon.core.webui.keyword.builtin.ClickKeyword.execute(ClickKeyword.groovy:42)
	at com.kms.katalon.core.keyword.internal.KeywordExecutor.executeKeywordForPlatform(KeywordExecutor.groovy:74)
	at com.kms.katalon.core.webui.keyword.WebUiBuiltInKeywords.click(WebUiBuiltInKeywords.groovy:620)
	at com.kms.katalon.core.webui.keyword.WebUiBuiltInKeywords$click$3.call(Unknown Source)
	at tN_Highlighting by Occurrence Number.run(tN_Highlighting by Occurrence Number:75)
	at com.kms.katalon.core.main.ScriptEngine.run(ScriptEngine.java:194)
	at com.kms.katalon.core.main.ScriptEngine.runScriptAsRawText(ScriptEngine.java:119)
	at com.kms.katalon.core.main.TestCaseExecutor.runScript(TestCaseExecutor.java:430)
	at com.kms.katalon.core.main.TestCaseExecutor.doExecute(TestCaseExecutor.java:421)
	at com.kms.katalon.core.main.TestCaseExecutor.processExecutionPhase(TestCaseExecutor.java:400)
	at com.kms.katalon.core.main.TestCaseExecutor.accessMainPhase(TestCaseExecutor.java:392)
	at com.kms.katalon.core.main.TestCaseExecutor.execute(TestCaseExecutor.java:273)
	at com.kms.katalon.core.main.TestSuiteExecutor.accessTestCaseMainPhase(TestSuiteExecutor.java:202)
	at com.kms.katalon.core.main.TestSuiteExecutor.accessTestSuiteMainPhase(TestSuiteExecutor.java:164)
	at com.kms.katalon.core.main.TestSuiteExecutor.execute(TestSuiteExecutor.java:105)
	at com.kms.katalon.core.main.TestCaseMain.startTestSuite(TestCaseMain.java:185)
	at com.kms.katalon.core.main.TestCaseMain$startTestSuite$0.call(Unknown Source)
	at TempTestSuite1641788891534.run(TempTestSuite1641788891534.groovy:36)
Caused by: com.kms.katalon.core.webui.exception.WebElementNotFoundException: Web element with id: 'Object Repository/tN objects/p_OL_box' located by '//tr[@id='MUIDataTableBodyRow-3']/td[3]/div/div/div/div[2]/div/div/p' not found
	at com.kms.katalon.core.webui.common.WebUiCommonHelper.findWebElement(WebUiCommonHelper.java:1368)
	at com.kms.katalon.core.webui.keyword.internal.WebUIAbstractKeyword.findWebElement(WebUIAbstractKeyword.groovy:27)
	at com.kms.katalon.core.webui.keyword.internal.WebUIAbstractKeyword.findWebElement(WebUIAbstractKeyword.groovy:26)
	at com.kms.katalon.core.webui.keyword.builtin.ClickKeyword$_click_closure1.doCall(ClickKeyword.groovy:66)
	at com.kms.katalon.core.webui.keyword.builtin.ClickKeyword$_click_closure1.call(ClickKeyword.groovy)
	at com.kms.katalon.core.webui.keyword.internal.WebUIKeywordMain.runKeyword(WebUIKeywordMain.groovy:20)
	at com.kms.katalon.core.webui.keyword.builtin.ClickKeyword.click(ClickKeyword.groovy:75)
	at com.kms.katalon.core.webui.keyword.builtin.ClickKeyword.execute(ClickKeyword.groovy:42)
	at com.kms.katalon.core.keyword.internal.KeywordExecutor.executeKeywordForPlatform(KeywordExecutor.groovy:74)
	at com.kms.katalon.core.webui.keyword.WebUiBuiltInKeywords.click(WebUiBuiltInKeywords.groovy:620)
	at com.kms.katalon.core.webui.keyword.WebUiBuiltInKeywords$click$3.call(Unknown Source)
	at Script1607640140574.run(Script1607640140574.groovy:75)
	... 13 more
)
	at com.kms.katalon.core.keyword.internal.KeywordMain.stepFailed(KeywordMain.groovy:39)
	at com.kms.katalon.core.webui.keyword.internal.WebUIKeywordMain.stepFailed(WebUIKeywordMain.groovy:64)
	at com.kms.katalon.core.webui.keyword.internal.WebUIKeywordMain.runKeyword(WebUIKeywordMain.groovy:26)
	at com.kms.katalon.core.webui.keyword.builtin.ClickKeyword.click(ClickKeyword.groovy:75)
	at com.kms.katalon.core.webui.keyword.builtin.ClickKeyword.execute(ClickKeyword.groovy:42)
	at com.kms.katalon.core.keyword.internal.KeywordExecutor.executeKeywordForPlatform(KeywordExecutor.groovy:74)
	at com.kms.katalon.core.webui.keyword.WebUiBuiltInKeywords.click(WebUiBuiltInKeywords.groovy:620)
	at com.kms.katalon.core.webui.keyword.WebUiBuiltInKeywords$click$3.call(Unknown Source)
	at tN_Highlighting by Occurrence Number.run(tN_Highlighting by Occurrence Number:75)
	at com.kms.katalon.core.main.ScriptEngine.run(ScriptEngine.java:194)
	at com.kms.katalon.core.main.ScriptEngine.runScriptAsRawText(ScriptEngine.java:119)
	at com.kms.katalon.core.main.TestCaseExecutor.runScript(TestCaseExecutor.java:430)
	at com.kms.katalon.core.main.TestCaseExecutor.doExecute(TestCaseExecutor.java:421)
	at com.kms.katalon.core.main.TestCaseExecutor.processExecutionPhase(TestCaseExecutor.java:400)
	at com.kms.katalon.core.main.TestCaseExecutor.accessMainPhase(TestCaseExecutor.java:392)
	at com.kms.katalon.core.main.TestCaseExecutor.execute(TestCaseExecutor.java:273)
	at com.kms.katalon.core.main.TestSuiteExecutor.accessTestCaseMainPhase(TestSuiteExecutor.java:202)
	at com.kms.katalon.core.main.TestSuiteExecutor.accessTestSuiteMainPhase(TestSuiteExecutor.java:164)
	at com.kms.katalon.core.main.TestSuiteExecutor.execute(TestSuiteExecutor.java:105)
	at com.kms.katalon.core.main.TestCaseMain.startTestSuite(TestCaseMain.java:185)
	at com.kms.katalon.core.main.TestCaseMain$startTestSuite$0.call(Unknown Source)
	at TempTestSuite1641788891534.run(TempTestSuite1641788891534.groovy:36)
Caused by: com.kms.katalon.core.exception.StepFailedException: Unable to click on object 'Object Repository/tN objects/p_OL_box'
	... 21 more
Caused by: com.kms.katalon.core.webui.exception.WebElementNotFoundException: Web element with id: 'Object Repository/tN objects/p_OL_box' located by '//tr[@id='MUIDataTableBodyRow-3']/td[3]/div/div/div/div[2]/div/div/p' not found
	at com.kms.katalon.core.webui.common.WebUiCommonHelper.findWebElement(WebUiCommonHelper.java:1368)
	at com.kms.katalon.core.webui.keyword.internal.WebUIAbstractKeyword.findWebElement(WebUIAbstractKeyword.groovy:27)
	at com.kms.katalon.core.webui.keyword.internal.WebUIAbstractKeyword.findWebElement(WebUIAbstractKeyword.groovy:26)
	at com.kms.katalon.core.webui.keyword.builtin.ClickKeyword$_click_closure1.doCall(ClickKeyword.groovy:66)
	at com.kms.katalon.core.webui.keyword.builtin.ClickKeyword$_click_closure1.call(ClickKeyword.groovy)
	at com.kms.katalon.core.webui.keyword.internal.WebUIKeywordMain.runKeyword(WebUIKeywordMain.groovy:20)
	... 19 more]]></system-err>
      </testcase>
      <testcase name="Test Cases/tCC Test Cases/tW_Saving tW Article" time="39.982" classname="Test Cases/tCC Test Cases/tW_Saving tW Article" status="PASSED">
         <system-out><![CDATA[2022-01-09 23:36:29 - [TEST_CASE][PASSED] - Test Cases/tCC Test Cases/tW_Saving tW Article: Test Cases/tCC Test Cases/tW_Saving tW Article

2022-01-09 23:36:29 - [TEST_STEP][PASSED] - com.tccreate.keywords.WriteToFile.writeTofilename("tW-Save"): com.tccreate.keywords.WriteToFile.writeTofilename is PASSED

2022-01-09 23:36:29 - [MESSAGE][PASSED] - com.tccreate.keywords.WriteToFile.writeTofilename is PASSED

2022-01-09 23:36:29 - [TEST_STEP][PASSED] - com.helper.login.TimeDate.getTimeDate(): com.helper.login.TimeDate.getTimeDate is PASSED

2022-01-09 23:36:29 - [MESSAGE][INFO] - Time at which the test run:2022-01-09 23:36:29.415

2022-01-09 23:36:29 - [MESSAGE][PASSED] - com.helper.login.TimeDate.getTimeDate is PASSED

2022-01-09 23:36:29 - [TEST_STEP][PASSED] - com.helper.login.loginhelper.logintoapp(): com.helper.login.loginhelper.logintoapp is PASSED

2022-01-09 23:36:29 - [MESSAGE][INFO] - Starting 'Chrome' driver

2022-01-09 23:36:29 - [MESSAGE][INFO] - Action delay is set to 1,000 milliseconds

2022-01-09 23:36:30 - [MESSAGE][WARNING] - FFmpeg was not installed! Browser Recording will be disabled. Please follow this document to install FFmpeg first: https://docs.katalon.com/katalon-studio/docs/screenshots-videos.html#browser-based-recorder

2022-01-09 23:36:34 - [MESSAGE][PASSED] - Browser is opened with url: 'https://stage--tc-create-app.netlify.app/'

2022-01-09 23:36:34 - [MESSAGE][PASSED] - Wait for page load successfully

2022-01-09 23:36:34 - [MESSAGE][PASSED] - Current window maximized

2022-01-09 23:36:36 - [MESSAGE][PASSED] - Keys 'elsylambert' sent to object: 'Object Repository/Page_tC Create/input__username'

2022-01-09 23:36:37 - [MESSAGE][PASSED] - Keys 'fatak43' sent to object: 'Object Repository/Page_tC Create/input__password'

2022-01-09 23:36:39 - [MESSAGE][PASSED] - Object: 'Object Repository/Page_tC Create/button_Login' is clicked on

2022-01-09 23:36:40 - [MESSAGE][PASSED] - Delayed 1 second(s)

2022-01-09 23:36:41 - [MESSAGE][PASSED] - Text of object 'Object Repository/Page_tC Create/tcc-version number' is: 'translationCore Create - v1.4.0 build 113-e01d8f1'

2022-01-09 23:36:41 - [MESSAGE][INFO] - : The current version and build number is translationCore Create - v1.4.0 build 113-e01d8f1

2022-01-09 23:36:41 - [MESSAGE][PASSED] - com.helper.login.loginhelper.logintoapp is PASSED

2022-01-09 23:36:41 - [TEST_STEP][PASSED] - com.tccreate.keywords.selectOrg.organization(""): com.tccreate.keywords.selectOrg.organization is PASSED

2022-01-09 23:36:43 - [MESSAGE][PASSED] - Object: 'Object Repository/Page_tC Create/listOption_organisation_Parmed' is clicked on

2022-01-09 23:36:45 - [MESSAGE][WARNING] - No alert found after 2 second(s).

2022-01-09 23:36:45 - [MESSAGE][PASSED] - com.tccreate.keywords.selectOrg.organization is PASSED

2022-01-09 23:36:45 - [TEST_STEP][PASSED] - com.tccreate.keywords.selectOrg.resource("unfoldingWordÂ® Translation Words"): com.tccreate.keywords.selectOrg.resource is PASSED

2022-01-09 23:36:47 - [MESSAGE][PASSED] - Object: 'Object Repository/Page_tC Create/resource_Parmed' is clicked on

2022-01-09 23:36:47 - [MESSAGE][PASSED] - com.tccreate.keywords.selectOrg.resource is PASSED

2022-01-09 23:36:47 - [TEST_STEP][PASSED] - com.tccreate.keywords.selectOrg.language(""): com.tccreate.keywords.selectOrg.language is PASSED

2022-01-09 23:36:48 - [MESSAGE][PASSED] - Object: 'Object Repository/Page_tC Create/combo_Select Language' is clicked on

2022-01-09 23:36:50 - [MESSAGE][PASSED] - Object: 'Object Repository/Page_tC Create/listOption_Language_Parmed' is clicked on

2022-01-09 23:36:50 - [MESSAGE][PASSED] - com.tccreate.keywords.selectOrg.language is PASSED

2022-01-09 23:36:50 - [TEST_STEP][PASSED] - click(findTestObject("tW Objects/span_bible")): Object: 'Object Repository/tW Objects/span_bible' is clicked on

2022-01-09 23:36:52 - [MESSAGE][PASSED] - Object: 'Object Repository/tW Objects/span_bible' is clicked on

2022-01-09 23:36:52 - [TEST_STEP][PASSED] - click(findTestObject("tW Objects/span_kt")): Object: 'Object Repository/tW Objects/span_kt' is clicked on

2022-01-09 23:36:54 - [MESSAGE][PASSED] - Object: 'Object Repository/tW Objects/span_kt' is clicked on

2022-01-09 23:36:54 - [TEST_STEP][PASSED] - click(findTestObject("tW Objects/span_almighty.md")): Object: 'Object Repository/tW Objects/span_almighty.md' is clicked on

2022-01-09 23:36:56 - [MESSAGE][PASSED] - Object: 'Object Repository/tW Objects/span_almighty.md' is clicked on

2022-01-09 23:36:56 - [TEST_STEP][PASSED] - click(findTestObject("tW Objects/h1_Almighty")): Object: 'Object Repository/tW Objects/h1_Almighty' is clicked on

2022-01-09 23:36:59 - [MESSAGE][PASSED] - Object: 'Object Repository/tW Objects/h1_Almighty' is clicked on

2022-01-09 23:36:59 - [TEST_STEP][PASSED] - sendKeys(findTestObject("tW Objects/h1_Almighty"), "  edits by a test script"): Keys '  edits by a test script' sent to object: 'Object Repository/tW Objects/h1_Almighty'

2022-01-09 23:37:01 - [MESSAGE][PASSED] - Keys '  edits by a test script' sent to object: 'Object Repository/tW Objects/h1_Almighty'

2022-01-09 23:37:01 - [TEST_STEP][PASSED] - click(findTestObject("Object Repository/Page_tC Create/button_Save")): Object: 'Object Repository/Page_tC Create/button_Save' is clicked on

2022-01-09 23:37:02 - [MESSAGE][PASSED] - Object: 'Object Repository/Page_tC Create/button_Save' is clicked on

2022-01-09 23:37:02 - [TEST_STEP][PASSED] - delay(2): Delayed 2 second(s)

2022-01-09 23:37:04 - [MESSAGE][PASSED] - Delayed 2 second(s)

2022-01-09 23:37:04 - [TEST_STEP][PASSED] - if (verifyElementNotClickable(findTestObject("Page_tC Create/button_Save"), CONTINUE_ON_FAILURE)): null

2022-01-09 23:37:05 - [MESSAGE][PASSED] - Object 'Object Repository/Page_tC Create/button_Save' is NOT clickable

2022-01-09 23:37:05 - [TEST_STEP][PASSED] - logInfo(" Save button is greyed out as expected"):  Save button is greyed out as expected

2022-01-09 23:37:05 - [MESSAGE][INFO] -  Save button is greyed out as expected

2022-01-09 23:37:05 - [TEST_STEP][PASSED] - click(findTestObject("Object Repository/tW Objects/chip_English - unfoldingWorden_twElsyLambert-tc-create-1")): Object: 'Object Repository/tW Objects/chip_English - unfoldingWorden_twElsyLambert-tc-create-1' is clicked on

2022-01-09 23:37:06 - [MESSAGE][PASSED] - Object: 'Object Repository/tW Objects/chip_English - unfoldingWorden_twElsyLambert-tc-create-1' is clicked on

2022-01-09 23:37:06 - [TEST_STEP][PASSED] - delay(2): Delayed 2 second(s)

2022-01-09 23:37:08 - [MESSAGE][PASSED] - Delayed 2 second(s)

2022-01-09 23:37:08 - [TEST_STEP][PASSED] - switchToWindowIndex(1): Switched to window with index: '1'

2022-01-09 23:37:08 - [MESSAGE][PASSED] - Switched to window with index: '1'

2022-01-09 23:37:08 - [TEST_STEP][PASSED] - if (getText(findTestObject("Object Repository/tW Objects/h1_Almighty article on DCS")).contains("edits by a test script")): null

2022-01-09 23:37:09 - [MESSAGE][PASSED] - Text of object 'Object Repository/tW Objects/h1_Almighty article on DCS' is: 'Almighty  edits by a test scrip  edits by a test script  edits by a test script  edits by a test script  edits by a test scriptt'

2022-01-09 23:37:09 - [TEST_STEP][PASSED] - logInfo("The edits are saved on the DCS Repo File"): The edits are saved on the DCS Repo File

2022-01-09 23:37:09 - [MESSAGE][INFO] - The edits are saved on the DCS Repo File

2022-01-09 23:37:09 - [TEST_STEP][PASSED] - switchToWindowIndex(0): Switched to window with index: '0'

2022-01-09 23:37:09 - [MESSAGE][PASSED] - Switched to window with index: '0'

2022-01-09 23:37:09 - [TEST_STEP][PASSED] - closeBrowser(): Browser is closed

2022-01-09 23:37:09 - [MESSAGE][PASSED] - Browser is closed

2022-01-09 23:37:09 - [TEST_STEP][PASSED] - closeBrowser(): Browser is closed

2022-01-09 23:37:09 - [MESSAGE][PASSED] - Browser is closed]]></system-out>
         <system-err><![CDATA[]]></system-err>
      </testcase>
      <testcase name="Test Cases/tCC Test Cases/tA_Saving tA Article" time="47.698" classname="Test Cases/tCC Test Cases/tA_Saving tA Article" status="PASSED">
         <system-out><![CDATA[2022-01-09 23:37:09 - [TEST_CASE][PASSED] - Test Cases/tCC Test Cases/tA_Saving tA Article: Test Cases/tCC Test Cases/tA_Saving tA Article

2022-01-09 23:37:09 - [TEST_STEP][PASSED] - com.tccreate.keywords.WriteToFile.writeTofilename("tA-Save"): com.tccreate.keywords.WriteToFile.writeTofilename is PASSED

2022-01-09 23:37:09 - [MESSAGE][PASSED] - com.tccreate.keywords.WriteToFile.writeTofilename is PASSED

2022-01-09 23:37:09 - [TEST_STEP][PASSED] - com.helper.login.TimeDate.getTimeDate(): com.helper.login.TimeDate.getTimeDate is PASSED

2022-01-09 23:37:09 - [MESSAGE][INFO] - Time at which the test run:2022-01-09 23:37:09.414

2022-01-09 23:37:09 - [MESSAGE][PASSED] - com.helper.login.TimeDate.getTimeDate is PASSED

2022-01-09 23:37:09 - [TEST_STEP][PASSED] - com.helper.login.loginhelper.logintoapp(): com.helper.login.loginhelper.logintoapp is PASSED

2022-01-09 23:37:09 - [MESSAGE][INFO] - Starting 'Chrome' driver

2022-01-09 23:37:09 - [MESSAGE][INFO] - Action delay is set to 1,000 milliseconds

2022-01-09 23:37:10 - [MESSAGE][WARNING] - FFmpeg was not installed! Browser Recording will be disabled. Please follow this document to install FFmpeg first: https://docs.katalon.com/katalon-studio/docs/screenshots-videos.html#browser-based-recorder

2022-01-09 23:37:14 - [MESSAGE][PASSED] - Browser is opened with url: 'https://stage--tc-create-app.netlify.app/'

2022-01-09 23:37:14 - [MESSAGE][PASSED] - Wait for page load successfully

2022-01-09 23:37:15 - [MESSAGE][PASSED] - Current window maximized

2022-01-09 23:37:16 - [MESSAGE][PASSED] - Keys 'elsylambert' sent to object: 'Object Repository/Page_tC Create/input__username'

2022-01-09 23:37:17 - [MESSAGE][PASSED] - Keys 'fatak43' sent to object: 'Object Repository/Page_tC Create/input__password'

2022-01-09 23:37:19 - [MESSAGE][PASSED] - Object: 'Object Repository/Page_tC Create/button_Login' is clicked on

2022-01-09 23:37:20 - [MESSAGE][PASSED] - Delayed 1 second(s)

2022-01-09 23:37:22 - [MESSAGE][PASSED] - Text of object 'Object Repository/Page_tC Create/tcc-version number' is: 'translationCore Create - v1.4.0 build 113-e01d8f1'

2022-01-09 23:37:22 - [MESSAGE][INFO] - : The current version and build number is translationCore Create - v1.4.0 build 113-e01d8f1

2022-01-09 23:37:22 - [MESSAGE][PASSED] - com.helper.login.loginhelper.logintoapp is PASSED

2022-01-09 23:37:22 - [TEST_STEP][PASSED] - com.tccreate.keywords.selectOrg.organization(""): com.tccreate.keywords.selectOrg.organization is PASSED

2022-01-09 23:37:24 - [MESSAGE][PASSED] - Object: 'Object Repository/Page_tC Create/listOption_organisation_Parmed' is clicked on

2022-01-09 23:37:26 - [MESSAGE][WARNING] - No alert found after 2 second(s).

2022-01-09 23:37:26 - [MESSAGE][PASSED] - com.tccreate.keywords.selectOrg.organization is PASSED

2022-01-09 23:37:26 - [TEST_STEP][PASSED] - com.tccreate.keywords.selectOrg.resource("unfoldingWordÂ® Translation Academy"): com.tccreate.keywords.selectOrg.resource is PASSED

2022-01-09 23:37:28 - [MESSAGE][PASSED] - Object: 'Object Repository/Page_tC Create/resource_Parmed' is clicked on

2022-01-09 23:37:28 - [MESSAGE][PASSED] - com.tccreate.keywords.selectOrg.resource is PASSED

2022-01-09 23:37:28 - [TEST_STEP][PASSED] - com.tccreate.keywords.selectOrg.language(""): com.tccreate.keywords.selectOrg.language is PASSED

2022-01-09 23:37:29 - [MESSAGE][PASSED] - Object: 'Object Repository/Page_tC Create/combo_Select Language' is clicked on

2022-01-09 23:37:31 - [MESSAGE][PASSED] - Object: 'Object Repository/Page_tC Create/listOption_Language_Parmed' is clicked on

2022-01-09 23:37:31 - [MESSAGE][PASSED] - com.tccreate.keywords.selectOrg.language is PASSED

2022-01-09 23:37:31 - [TEST_STEP][PASSED] - click(findTestObject("Page_tC Create/span_translate")): Object: 'Object Repository/Page_tC Create/span_translate' is clicked on

2022-01-09 23:37:33 - [MESSAGE][PASSED] - Object: 'Object Repository/Page_tC Create/span_translate' is clicked on

2022-01-09 23:37:34 - [TEST_STEP][PASSED] - click(findTestObject("Object Repository/Page_tC Create/span_bita-farming")): Object: 'Object Repository/Page_tC Create/span_bita-farming' is clicked on

2022-01-09 23:37:36 - [MESSAGE][PASSED] - Object: 'Object Repository/Page_tC Create/span_bita-farming' is clicked on

2022-01-09 23:37:36 - [TEST_STEP][PASSED] - click(findTestObject("Object Repository/Page_tC Create/span_01.md")): Object: 'Object Repository/Page_tC Create/span_01.md' is clicked on

2022-01-09 23:37:38 - [MESSAGE][PASSED] - Object: 'Object Repository/Page_tC Create/span_01.md' is clicked on

2022-01-09 23:37:38 - [TEST_STEP][PASSED] - click(findTestObject("Object Repository/Page_tC Create/div_A FARMER represents God, and the VINEYA_8b10d9")): Object: 'Object Repository/Page_tC Create/div_A FARMER represents God, and the VINEYA_8b10d9' is clicked on

2022-01-09 23:37:47 - [MESSAGE][PASSED] - Object: 'Object Repository/Page_tC Create/div_A FARMER represents God, and the VINEYA_8b10d9' is clicked on

2022-01-09 23:37:47 - [TEST_STEP][PASSED] - sendKeys(findTestObject("Object Repository/tA/div_A FARMER represents God,edit box"), " test edit by the test script"): Keys ' test edit by the test script' sent to object: 'Object Repository/tA/div_A FARMER represents God,edit box'

2022-01-09 23:37:49 - [MESSAGE][PASSED] - Keys ' test edit by the test script' sent to object: 'Object Repository/tA/div_A FARMER represents God,edit box'

2022-01-09 23:37:49 - [TEST_STEP][PASSED] - click(findTestObject("Page_tC Create/button_Save")): Object: 'Object Repository/Page_tC Create/button_Save' is clicked on

2022-01-09 23:37:50 - [MESSAGE][PASSED] - Object: 'Object Repository/Page_tC Create/button_Save' is clicked on

2022-01-09 23:37:50 - [TEST_STEP][PASSED] - delay(2): Delayed 2 second(s)

2022-01-09 23:37:52 - [MESSAGE][PASSED] - Delayed 2 second(s)

2022-01-09 23:37:52 - [TEST_STEP][PASSED] - if (verifyElementNotClickable(findTestObject("Page_tC Create/button_Save"), CONTINUE_ON_FAILURE)): null

2022-01-09 23:37:52 - [MESSAGE][PASSED] - Object 'Object Repository/Page_tC Create/button_Save' is NOT clickable

2022-01-09 23:37:52 - [TEST_STEP][PASSED] - logInfo(" 
 Save button is greyed out as expected"):  
 Save button is greyed out as expected

2022-01-09 23:37:52 - [MESSAGE][INFO] -  
 Save button is greyed out as expected

2022-01-09 23:37:52 - [TEST_STEP][PASSED] - click(findTestObject("Object Repository/tA/Chip_English - unfoldingWorden_taElsyLambert-tc-create-1")): Object: 'Object Repository/tA/Chip_English - unfoldingWorden_taElsyLambert-tc-create-1' is clicked on

2022-01-09 23:37:54 - [MESSAGE][PASSED] - Object: 'Object Repository/tA/Chip_English - unfoldingWorden_taElsyLambert-tc-create-1' is clicked on

2022-01-09 23:37:54 - [TEST_STEP][PASSED] - delay(2): Delayed 2 second(s)

2022-01-09 23:37:56 - [MESSAGE][PASSED] - Delayed 2 second(s)

2022-01-09 23:37:56 - [TEST_STEP][PASSED] - switchToWindowIndex(1): Switched to window with index: '1'

2022-01-09 23:37:56 - [MESSAGE][PASSED] - Switched to window with index: '1'

2022-01-09 23:37:56 - [TEST_STEP][PASSED] - if (getText(findTestObject("Object Repository/tA/h4_dcs article")).contains("test edit by the test script")): null

2022-01-09 23:37:56 - [MESSAGE][PASSED] - Text of object 'Object Repository/tA/h4_dcs article' is: 'A FARMER represents God, and the VINEYARD represents his chosen people test edit by the test script'

2022-01-09 23:37:56 - [TEST_STEP][PASSED] - logInfo("
 The edits are saved on the DCS Repo File"): 
 The edits are saved on the DCS Repo File

2022-01-09 23:37:56 - [MESSAGE][INFO] - 
 The edits are saved on the DCS Repo File

2022-01-09 23:37:56 - [TEST_STEP][PASSED] - switchToWindowIndex(0): Switched to window with index: '0'

2022-01-09 23:37:56 - [MESSAGE][PASSED] - Switched to window with index: '0'

2022-01-09 23:37:56 - [TEST_STEP][PASSED] - logInfo("
 TEST PASSED:Edits are saved successfully in tA articles"): 
 TEST PASSED:Edits are saved successfully in tA articles

2022-01-09 23:37:56 - [MESSAGE][INFO] - 
 TEST PASSED:Edits are saved successfully in tA articles

2022-01-09 23:37:56 - [TEST_STEP][PASSED] - closeBrowser(): Browser is closed

2022-01-09 23:37:56 - [MESSAGE][PASSED] - Browser is closed]]></system-out>
         <system-err><![CDATA[]]></system-err>
      </testcase>
      <testcase name="Test Cases/tCC Test Cases/tN_Add New Resource" time="424.88" classname="Test Cases/tCC Test Cases/tN_Add New Resource" status="FAILED">
         <failure type="FAILED" message="Test Cases/tCC Test Cases/tN_Add New Resource FAILED.
Reason:
com.kms.katalon.core.exception.StepFailedException: Unable to click on object 'Object Repository/Page_tC Create/button_DrawerOpen'
	at com.kms.katalon.core.webui.keyword.internal.WebUIKeywordMain.stepFailed(WebUIKeywordMain.groovy:64)
	at com.kms.katalon.core.webui.keyword.internal.WebUIKeywordMain.runKeyword(WebUIKeywordMain.groovy:26)
	at com.kms.katalon.core.webui.keyword.builtin.ClickKeyword.click(ClickKeyword.groovy:75)
	at com.kms.katalon.core.webui.keyword.builtin.ClickKeyword.execute(ClickKeyword.groovy:42)
	at com.kms.katalon.core.keyword.internal.KeywordExecutor.executeKeywordForPlatform(KeywordExecutor.groovy:74)
	at com.kms.katalon.core.webui.keyword.WebUiBuiltInKeywords.click(WebUiBuiltInKeywords.groovy:608)
	at com.kms.katalon.core.webui.keyword.WebUiBuiltInKeywords$click$7.call(Unknown Source)
	at tN_Add New Resource.run(tN_Add New Resource:146)
	at com.kms.katalon.core.main.ScriptEngine.run(ScriptEngine.java:194)
	at com.kms.katalon.core.main.ScriptEngine.runScriptAsRawText(ScriptEngine.java:119)
	at com.kms.katalon.core.main.TestCaseExecutor.runScript(TestCaseExecutor.java:430)
	at com.kms.katalon.core.main.TestCaseExecutor.doExecute(TestCaseExecutor.java:421)
	at com.kms.katalon.core.main.TestCaseExecutor.processExecutionPhase(TestCaseExecutor.java:400)
	at com.kms.katalon.core.main.TestCaseExecutor.accessMainPhase(TestCaseExecutor.java:392)
	at com.kms.katalon.core.main.TestCaseExecutor.execute(TestCaseExecutor.java:273)
	at com.kms.katalon.core.main.TestSuiteExecutor.accessTestCaseMainPhase(TestSuiteExecutor.java:202)
	at com.kms.katalon.core.main.TestSuiteExecutor.accessTestSuiteMainPhase(TestSuiteExecutor.java:164)
	at com.kms.katalon.core.main.TestSuiteExecutor.execute(TestSuiteExecutor.java:105)
	at com.kms.katalon.core.main.TestCaseMain.startTestSuite(TestCaseMain.java:185)
	at com.kms.katalon.core.main.TestCaseMain$startTestSuite$0.call(Unknown Source)
	at TempTestSuite1641788891534.run(TempTestSuite1641788891534.groovy:36)
Caused by: org.openqa.selenium.ElementClickInterceptedException: element click intercepted: Element is not clickable at point (36, -32)
  (Session info: chrome=97.0.4692.71)
Build info: version: '3.141.59', revision: 'e82be7d358', time: '2018-11-14T08:25:53'
System info: host: 'ELSYs-MacBook-Pro.local', ip: '2607:fea8:2cde:d500:0:0:0:4118%en0', os.name: 'Mac OS X', os.arch: 'x86_64', os.version: '10.16', java.version: '1.8.0_275'
Driver info: com.kms.katalon.selenium.driver.CChromeDriver
Capabilities {acceptInsecureCerts: false, browserName: chrome, browserVersion: 97.0.4692.71, chrome: {chromedriverVersion: 97.0.4692.71 (adefa7837d02a..., userDataDir: /var/folders/sf/msc8p_nx3x3...}, goog:chromeOptions: {debuggerAddress: localhost:50105}, javascriptEnabled: true, networkConnectionEnabled: false, pageLoadStrategy: normal, platform: MAC, platformName: MAC, proxy: Proxy(), setWindowRect: true, strictFileInteractability: false, timeouts: {implicit: 0, pageLoad: 300000, script: 30000}, unhandledPromptBehavior: dismiss and notify, webauthn:extension:credBlob: true, webauthn:extension:largeBlob: true, webauthn:virtualAuthenticators: true}
Session ID: 6954745bb84298ae9a41d690f513a029
	at org.openqa.selenium.remote.http.W3CHttpResponseCodec.createException(W3CHttpResponseCodec.java:187)
	at org.openqa.selenium.remote.http.W3CHttpResponseCodec.decode(W3CHttpResponseCodec.java:122)
	at org.openqa.selenium.remote.http.W3CHttpResponseCodec.decode(W3CHttpResponseCodec.java:49)
	at org.openqa.selenium.remote.HttpCommandExecutor.execute(HttpCommandExecutor.java:158)
	at org.openqa.selenium.remote.service.DriverCommandExecutor.execute(DriverCommandExecutor.java:83)
	at org.openqa.selenium.remote.RemoteWebDriver.execute(RemoteWebDriver.java:552)
	at com.kms.katalon.selenium.driver.CChromeDriver.execute(CChromeDriver.java:19)
	at org.openqa.selenium.remote.RemoteWebElement.execute(RemoteWebElement.java:285)
	at org.openqa.selenium.remote.RemoteWebElement.click(RemoteWebElement.java:84)
	at org.openqa.selenium.support.events.EventFiringWebDriver$EventFiringWebElement.lambda$new$0(EventFiringWebDriver.java:404)
	at com.sun.proxy.$Proxy11.click(Unknown Source)
	at org.openqa.selenium.support.events.EventFiringWebDriver$EventFiringWebElement.click(EventFiringWebDriver.java:417)
	at com.kms.katalon.core.webui.keyword.builtin.ClickKeyword$_click_closure1.doCall(ClickKeyword.groovy:68)
	at com.kms.katalon.core.webui.keyword.builtin.ClickKeyword$_click_closure1.call(ClickKeyword.groovy)
	at com.kms.katalon.core.webui.keyword.internal.WebUIKeywordMain.runKeyword(WebUIKeywordMain.groovy:20)
	... 19 more
"/>
         <system-out><![CDATA[2022-01-09 23:37:56 - [TEST_CASE][FAILED] - Test Cases/tCC Test Cases/tN_Add New Resource: Test Cases/tCC Test Cases/tN_Add New Resource FAILED.
Reason:
com.kms.katalon.core.exception.StepFailedException: Unable to click on object 'Object Repository/Page_tC Create/button_DrawerOpen'
	at com.kms.katalon.core.webui.keyword.internal.WebUIKeywordMain.stepFailed(WebUIKeywordMain.groovy:64)
	at com.kms.katalon.core.webui.keyword.internal.WebUIKeywordMain.runKeyword(WebUIKeywordMain.groovy:26)
	at com.kms.katalon.core.webui.keyword.builtin.ClickKeyword.click(ClickKeyword.groovy:75)
	at com.kms.katalon.core.webui.keyword.builtin.ClickKeyword.execute(ClickKeyword.groovy:42)
	at com.kms.katalon.core.keyword.internal.KeywordExecutor.executeKeywordForPlatform(KeywordExecutor.groovy:74)
	at com.kms.katalon.core.webui.keyword.WebUiBuiltInKeywords.click(WebUiBuiltInKeywords.groovy:608)
	at com.kms.katalon.core.webui.keyword.WebUiBuiltInKeywords$click$7.call(Unknown Source)
	at tN_Add New Resource.run(tN_Add New Resource:146)
	at com.kms.katalon.core.main.ScriptEngine.run(ScriptEngine.java:194)
	at com.kms.katalon.core.main.ScriptEngine.runScriptAsRawText(ScriptEngine.java:119)
	at com.kms.katalon.core.main.TestCaseExecutor.runScript(TestCaseExecutor.java:430)
	at com.kms.katalon.core.main.TestCaseExecutor.doExecute(TestCaseExecutor.java:421)
	at com.kms.katalon.core.main.TestCaseExecutor.processExecutionPhase(TestCaseExecutor.java:400)
	at com.kms.katalon.core.main.TestCaseExecutor.accessMainPhase(TestCaseExecutor.java:392)
	at com.kms.katalon.core.main.TestCaseExecutor.execute(TestCaseExecutor.java:273)
	at com.kms.katalon.core.main.TestSuiteExecutor.accessTestCaseMainPhase(TestSuiteExecutor.java:202)
	at com.kms.katalon.core.main.TestSuiteExecutor.accessTestSuiteMainPhase(TestSuiteExecutor.java:164)
	at com.kms.katalon.core.main.TestSuiteExecutor.execute(TestSuiteExecutor.java:105)
	at com.kms.katalon.core.main.TestCaseMain.startTestSuite(TestCaseMain.java:185)
	at com.kms.katalon.core.main.TestCaseMain$startTestSuite$0.call(Unknown Source)
	at TempTestSuite1641788891534.run(TempTestSuite1641788891534.groovy:36)
Caused by: org.openqa.selenium.ElementClickInterceptedException: element click intercepted: Element is not clickable at point (36, -32)
  (Session info: chrome=97.0.4692.71)
Build info: version: '3.141.59', revision: 'e82be7d358', time: '2018-11-14T08:25:53'
System info: host: 'ELSYs-MacBook-Pro.local', ip: '2607:fea8:2cde:d500:0:0:0:4118%en0', os.name: 'Mac OS X', os.arch: 'x86_64', os.version: '10.16', java.version: '1.8.0_275'
Driver info: com.kms.katalon.selenium.driver.CChromeDriver
Capabilities {acceptInsecureCerts: false, browserName: chrome, browserVersion: 97.0.4692.71, chrome: {chromedriverVersion: 97.0.4692.71 (adefa7837d02a..., userDataDir: /var/folders/sf/msc8p_nx3x3...}, goog:chromeOptions: {debuggerAddress: localhost:50105}, javascriptEnabled: true, networkConnectionEnabled: false, pageLoadStrategy: normal, platform: MAC, platformName: MAC, proxy: Proxy(), setWindowRect: true, strictFileInteractability: false, timeouts: {implicit: 0, pageLoad: 300000, script: 30000}, unhandledPromptBehavior: dismiss and notify, webauthn:extension:credBlob: true, webauthn:extension:largeBlob: true, webauthn:virtualAuthenticators: true}
Session ID: 6954745bb84298ae9a41d690f513a029
	at org.openqa.selenium.remote.http.W3CHttpResponseCodec.createException(W3CHttpResponseCodec.java:187)
	at org.openqa.selenium.remote.http.W3CHttpResponseCodec.decode(W3CHttpResponseCodec.java:122)
	at org.openqa.selenium.remote.http.W3CHttpResponseCodec.decode(W3CHttpResponseCodec.java:49)
	at org.openqa.selenium.remote.HttpCommandExecutor.execute(HttpCommandExecutor.java:158)
	at org.openqa.selenium.remote.service.DriverCommandExecutor.execute(DriverCommandExecutor.java:83)
	at org.openqa.selenium.remote.RemoteWebDriver.execute(RemoteWebDriver.java:552)
	at com.kms.katalon.selenium.driver.CChromeDriver.execute(CChromeDriver.java:19)
	at org.openqa.selenium.remote.RemoteWebElement.execute(RemoteWebElement.java:285)
	at org.openqa.selenium.remote.RemoteWebElement.click(RemoteWebElement.java:84)
	at org.openqa.selenium.support.events.EventFiringWebDriver$EventFiringWebElement.lambda$new$0(EventFiringWebDriver.java:404)
	at com.sun.proxy.$Proxy11.click(Unknown Source)
	at org.openqa.selenium.support.events.EventFiringWebDriver$EventFiringWebElement.click(EventFiringWebDriver.java:417)
	at com.kms.katalon.core.webui.keyword.builtin.ClickKeyword$_click_closure1.doCall(ClickKeyword.groovy:68)
	at com.kms.katalon.core.webui.keyword.builtin.ClickKeyword$_click_closure1.call(ClickKeyword.groovy)
	at com.kms.katalon.core.webui.keyword.internal.WebUIKeywordMain.runKeyword(WebUIKeywordMain.groovy:20)
	... 19 more


2022-01-09 23:37:57 - [TEST_STEP][PASSED] - com.tccreate.keywords.WriteToFile.writeTofilename("tN-Add new resource"): com.tccreate.keywords.WriteToFile.writeTofilename is PASSED

2022-01-09 23:37:57 - [MESSAGE][PASSED] - com.tccreate.keywords.WriteToFile.writeTofilename is PASSED

2022-01-09 23:37:57 - [TEST_STEP][PASSED] - com.helper.login.TimeDate.getTimeDate(): com.helper.login.TimeDate.getTimeDate is PASSED

2022-01-09 23:37:57 - [MESSAGE][INFO] - Time at which the test run:2022-01-09 23:37:57.143

2022-01-09 23:37:57 - [MESSAGE][PASSED] - com.helper.login.TimeDate.getTimeDate is PASSED

2022-01-09 23:37:57 - [TEST_STEP][PASSED] - com.helper.login.loginhelper.logintoapp(): com.helper.login.loginhelper.logintoapp is PASSED

2022-01-09 23:37:57 - [MESSAGE][INFO] - Starting 'Chrome' driver

2022-01-09 23:37:57 - [MESSAGE][INFO] - Action delay is set to 1,000 milliseconds

2022-01-09 23:37:58 - [MESSAGE][WARNING] - FFmpeg was not installed! Browser Recording will be disabled. Please follow this document to install FFmpeg first: https://docs.katalon.com/katalon-studio/docs/screenshots-videos.html#browser-based-recorder

2022-01-09 23:38:02 - [MESSAGE][PASSED] - Browser is opened with url: 'https://stage--tc-create-app.netlify.app/'

2022-01-09 23:38:02 - [MESSAGE][PASSED] - Wait for page load successfully

2022-01-09 23:38:03 - [MESSAGE][PASSED] - Current window maximized

2022-01-09 23:38:04 - [MESSAGE][PASSED] - Keys 'elsylambert' sent to object: 'Object Repository/Page_tC Create/input__username'

2022-01-09 23:38:06 - [MESSAGE][PASSED] - Keys 'fatak43' sent to object: 'Object Repository/Page_tC Create/input__password'

2022-01-09 23:38:07 - [MESSAGE][PASSED] - Object: 'Object Repository/Page_tC Create/button_Login' is clicked on

2022-01-09 23:38:08 - [MESSAGE][PASSED] - Delayed 1 second(s)

2022-01-09 23:38:09 - [MESSAGE][PASSED] - Text of object 'Object Repository/Page_tC Create/tcc-version number' is: 'translationCore Create - v1.4.0 build 113-e01d8f1'

2022-01-09 23:38:09 - [MESSAGE][INFO] - : The current version and build number is translationCore Create - v1.4.0 build 113-e01d8f1

2022-01-09 23:38:09 - [MESSAGE][PASSED] - com.helper.login.loginhelper.logintoapp is PASSED

2022-01-09 23:38:09 - [TEST_STEP][PASSED] - com.tccreate.keywords.selectOrg.organization(""): com.tccreate.keywords.selectOrg.organization is PASSED

2022-01-09 23:38:12 - [MESSAGE][PASSED] - Object: 'Object Repository/Page_tC Create/listOption_organisation_Parmed' is clicked on

2022-01-09 23:38:14 - [MESSAGE][WARNING] - No alert found after 2 second(s).

2022-01-09 23:38:14 - [MESSAGE][PASSED] - com.tccreate.keywords.selectOrg.organization is PASSED

2022-01-09 23:38:14 - [TEST_STEP][PASSED] - com.tccreate.keywords.selectOrg.resource("unfoldingWordÂ® Translation Notes"): com.tccreate.keywords.selectOrg.resource is PASSED

2022-01-09 23:38:15 - [MESSAGE][PASSED] - Object: 'Object Repository/Page_tC Create/resource_Parmed' is clicked on

2022-01-09 23:38:15 - [MESSAGE][PASSED] - com.tccreate.keywords.selectOrg.resource is PASSED

2022-01-09 23:38:15 - [TEST_STEP][PASSED] - com.tccreate.keywords.selectOrg.language(""): com.tccreate.keywords.selectOrg.language is PASSED

2022-01-09 23:38:17 - [MESSAGE][PASSED] - Object: 'Object Repository/Page_tC Create/combo_Select Language' is clicked on

2022-01-09 23:38:18 - [MESSAGE][PASSED] - Object: 'Object Repository/Page_tC Create/listOption_Language_Parmed' is clicked on

2022-01-09 23:38:18 - [MESSAGE][PASSED] - com.tccreate.keywords.selectOrg.language is PASSED

2022-01-09 23:38:18 - [TEST_STEP][PASSED] - click(findTestObject("Page_tC Create/Add new resource objects/span_en_tn_57-TIT.tsv")): Object: 'Object Repository/Page_tC Create/Add new resource objects/span_en_tn_57-TIT.tsv' is clicked on

2022-01-09 23:38:20 - [MESSAGE][PASSED] - Object: 'Object Repository/Page_tC Create/Add new resource objects/span_en_tn_57-TIT.tsv' is clicked on

2022-01-09 23:38:20 - [TEST_STEP][PASSED] - buttonstate = com.tccreate.keywords.ExpandAllScriptureToggle.toggleAllScripture("test"): com.tccreate.keywords.ExpandAllScriptureToggle.toggleAllScripture is PASSED

2022-01-09 23:38:25 - [MESSAGE][INFO] - Unable to find the element located by 'By.xpath: //*[@type = 'button' and @data-test = 'drawer-menu-close-button']'. Please recheck the objects properties to make sure the desired element is located. 

2022-01-09 23:38:25 - [MESSAGE][WARNING] - Object 'Object Repository/Page_tC Create/button_DrawerClose' is not present after 2 second(s)

2022-01-09 23:38:27 - [MESSAGE][PASSED] - Object: 'Object Repository/Page_tC Create/Hamburger Menu Button' is clicked on

2022-01-09 23:38:28 - [MESSAGE][PASSED] - Delayed 1 second(s)

2022-01-09 23:38:28 - [MESSAGE][PASSED] - Object 'Object Repository/Page_tC Create/input_Expand all Scripture_default' is checked

2022-01-09 23:38:29 - [MESSAGE][PASSED] - Object: 'Object Repository/Page_tC Create/button_DrawerClose' is clicked on

2022-01-09 23:38:30 - [MESSAGE][PASSED] - Object 'Object Repository/Page_tC Create/Hamburger Menu Button' is visible

2022-01-09 23:38:30 - [MESSAGE][PASSED] - com.tccreate.keywords.ExpandAllScriptureToggle.toggleAllScripture is PASSED

2022-01-09 23:38:30 - [TEST_STEP][PASSED] - out.println(" the state of the button is" + buttonstate): null

2022-01-09 23:38:30 - [TEST_STEP][PASSED] - delay(1): Delayed 1 second(s)

2022-01-09 23:38:31 - [MESSAGE][PASSED] - Delayed 1 second(s)

2022-01-09 23:38:31 - [TEST_STEP][PASSED] - if (buttonstate == "off"): null

2022-01-09 23:38:31 - [TEST_STEP][PASSED] - else: Parallel scripture viewer is ON

2022-01-09 23:38:31 - [TEST_STEP][PASSED] - logInfo("Parallel scripture viewer is ON"): Parallel scripture viewer is ON

2022-01-09 23:38:31 - [MESSAGE][INFO] - Parallel scripture viewer is ON

2022-01-09 23:38:31 - [TEST_STEP][PASSED] - scrollToElement(findTestObject("Page_tC Create/Add new resource objects/h6_TIT 1intro"), 2, CONTINUE_ON_FAILURE): Scroll to object 'Object Repository/Page_tC Create/Add new resource objects/h6_TIT 1intro' successfully

2022-01-09 23:38:31 - [MESSAGE][PASSED] - Scroll to object 'Object Repository/Page_tC Create/Add new resource objects/h6_TIT 1intro' successfully

2022-01-09 23:38:31 - [TEST_STEP][PASSED] - click(findTestObject("Page_tC Create/Add new resource objects/h6_Titus 11")): Object: 'Object Repository/Page_tC Create/Add new resource objects/h6_Titus 11' is clicked on

2022-01-09 23:38:33 - [MESSAGE][PASSED] - Object: 'Object Repository/Page_tC Create/Add new resource objects/h6_Titus 11' is clicked on

2022-01-09 23:38:33 - [TEST_STEP][PASSED] - verifyElementVisible(findTestObject("Page_tC Create/Add new resource objects/h6_Titus 11"), CONTINUE_ON_FAILURE): Object 'Object Repository/Page_tC Create/Add new resource objects/h6_Titus 11' is visible

2022-01-09 23:38:33 - [MESSAGE][PASSED] - Object 'Object Repository/Page_tC Create/Add new resource objects/h6_Titus 11' is visible

2022-01-09 23:38:33 - [TEST_STEP][PASSED] - click(findTestObject("Object Repository/Page_tC Create/Add new resource objects/button_Manage Versions")): Object: 'Object Repository/Page_tC Create/Add new resource objects/button_Manage Versions' is clicked on

2022-01-09 23:38:34 - [MESSAGE][PASSED] - Object: 'Object Repository/Page_tC Create/Add new resource objects/button_Manage Versions' is clicked on

2022-01-09 23:38:34 - [TEST_STEP][PASSED] - click(findTestObject("Page_tC Create/Add new resource objects/input_Resource Path_resourceUrl")): Object: 'Object Repository/Page_tC Create/Add new resource objects/input_Resource Path_resourceUrl' is clicked on

2022-01-09 23:38:36 - [MESSAGE][PASSED] - Object: 'Object Repository/Page_tC Create/Add new resource objects/input_Resource Path_resourceUrl' is clicked on

2022-01-09 23:38:36 - [TEST_STEP][PASSED] - setText(findTestObject("Page_tC Create/Add new resource objects/input_Resource Path_resourceUrl"), "Door43-Catalog/hi/ulb/master/"): Text 'Door43-Catalog/hi/ulb/master/' is set on object 'Object Repository/Page_tC Create/Add new resource objects/input_Resource Path_resourceUrl'

2022-01-09 23:38:39 - [MESSAGE][PASSED] - Text 'Door43-Catalog/hi/ulb/master/' is set on object 'Object Repository/Page_tC Create/Add new resource objects/input_Resource Path_resourceUrl'

2022-01-09 23:38:39 - [TEST_STEP][PASSED] - click(findTestObject("Object Repository/Page_tC Create/Add new resource objects/button_Add_Resource Path")): Object: 'Object Repository/Page_tC Create/Add new resource objects/button_Add_Resource Path' is clicked on

2022-01-09 23:38:40 - [MESSAGE][PASSED] - Object: 'Object Repository/Page_tC Create/Add new resource objects/button_Add_Resource Path' is clicked on

2022-01-09 23:38:40 - [TEST_STEP][PASSED] - if (verifyElementChecked(findTestObject("Object Repository/Page_tC Create/Add new resource objects/input_unfoldingWord Simplified Textv14_jss5689"), 1)): null

2022-01-09 23:38:42 - [MESSAGE][PASSED] - Object 'Object Repository/Page_tC Create/Add new resource objects/input_unfoldingWord Simplified Textv14_jss5689' is checked

2022-01-09 23:38:42 - [TEST_STEP][PASSED] - driver = getWebDriver(): null

2022-01-09 23:38:42 - [TEST_STEP][PASSED] - action = new org.openqa.selenium.interactions.Actions(driver): null

2022-01-09 23:38:42 - [TEST_STEP][PASSED] - build().perform(): null

2022-01-09 23:38:42 - [TEST_STEP][PASSED] - delay(2): Delayed 2 second(s)

2022-01-09 23:38:44 - [MESSAGE][PASSED] - Delayed 2 second(s)

2022-01-09 23:38:44 - [TEST_STEP][PASSED] - if (verifyElementVisible(findTestObject("Object Repository/Page_tC Create/Add new resource objects/Header_Unlocked Literal Bible - Hindi v5"), CONTINUE_ON_FAILURE)): null

2022-01-09 23:38:45 - [MESSAGE][PASSED] - Object 'Object Repository/Page_tC Create/Add new resource objects/Header_Unlocked Literal Bible - Hindi v5' is visible

2022-01-09 23:38:45 - [TEST_STEP][PASSED] - out.println("New Resource Header Present in the Scripture Viewer"): null

2022-01-09 23:38:45 - [TEST_STEP][PASSED] - if (verifyElementVisible(findTestObject("Object Repository/Page_tC Create/Add new resource objects/Hindi ULB Text"), CONTINUE_ON_FAILURE)): null

2022-01-09 23:38:45 - [MESSAGE][PASSED] - Object 'Object Repository/Page_tC Create/Add new resource objects/Hindi ULB Text' is visible

2022-01-09 23:38:45 - [TEST_STEP][PASSED] - logInfo(" New Resource Text added by a Relative path is Present in the Scripture Viewer"):  New Resource Text added by a Relative path is Present in the Scripture Viewer

2022-01-09 23:38:45 - [MESSAGE][INFO] -  New Resource Text added by a Relative path is Present in the Scripture Viewer

2022-01-09 23:38:45 - [TEST_STEP][PASSED] - click(findTestObject("Object Repository/Page_tC Create/Add new resource objects/button_Manage Versions")): Object: 'Object Repository/Page_tC Create/Add new resource objects/button_Manage Versions' is clicked on

2022-01-09 23:38:46 - [MESSAGE][PASSED] - Object: 'Object Repository/Page_tC Create/Add new resource objects/button_Manage Versions' is clicked on

2022-01-09 23:38:46 - [TEST_STEP][PASSED] - click(findTestObject("Page_tC Create/Add new resource objects/input_Resource Path_resourceUrl")): Object: 'Object Repository/Page_tC Create/Add new resource objects/input_Resource Path_resourceUrl' is clicked on

2022-01-09 23:38:48 - [MESSAGE][PASSED] - Object: 'Object Repository/Page_tC Create/Add new resource objects/input_Resource Path_resourceUrl' is clicked on

2022-01-09 23:38:48 - [TEST_STEP][PASSED] - setText(findTestObject("Page_tC Create/Add new resource objects/input_Resource Path_resourceUrl"), "https://git.door43.org/ru_gl/ru_rlob"): Text 'https://git.door43.org/ru_gl/ru_rlob' is set on object 'Object Repository/Page_tC Create/Add new resource objects/input_Resource Path_resourceUrl'

2022-01-09 23:38:51 - [MESSAGE][PASSED] - Text 'https://git.door43.org/ru_gl/ru_rlob' is set on object 'Object Repository/Page_tC Create/Add new resource objects/input_Resource Path_resourceUrl'

2022-01-09 23:38:51 - [TEST_STEP][PASSED] - click(findTestObject("Object Repository/Page_tC Create/Add new resource objects/button_Add_Resource Path")): Object: 'Object Repository/Page_tC Create/Add new resource objects/button_Add_Resource Path' is clicked on

2022-01-09 23:38:53 - [MESSAGE][PASSED] - Object: 'Object Repository/Page_tC Create/Add new resource objects/button_Add_Resource Path' is clicked on

2022-01-09 23:38:53 - [TEST_STEP][PASSED] - if (verifyElementChecked(findTestObject("Object Repository/Page_tC Create/Add new resource objects/input_unfoldingWord Simplified Text-Russian check box"), 1)): null

2022-01-09 23:38:55 - [MESSAGE][PASSED] - Object 'Object Repository/Page_tC Create/Add new resource objects/input_unfoldingWord Simplified Text-Russian check box' is checked

2022-01-09 23:38:55 - [TEST_STEP][PASSED] - driver = getWebDriver(): null

2022-01-09 23:38:55 - [TEST_STEP][PASSED] - action = new org.openqa.selenium.interactions.Actions(driver): null

2022-01-09 23:38:55 - [TEST_STEP][PASSED] - build().perform(): null

2022-01-09 23:38:55 - [TEST_STEP][PASSED] - delay(2): Delayed 2 second(s)

2022-01-09 23:38:57 - [MESSAGE][PASSED] - Delayed 2 second(s)

2022-01-09 23:38:57 - [TEST_STEP][PASSED] - if (verifyElementVisible(findTestObject("Object Repository/Page_tC Create/Add new resource objects/span_RLOB v1"), CONTINUE_ON_FAILURE)): null

2022-01-09 23:38:57 - [MESSAGE][PASSED] - Object 'Object Repository/Page_tC Create/Add new resource objects/span_RLOB v1' is visible

2022-01-09 23:38:57 - [TEST_STEP][PASSED] - out.println("New Resource Header Present in the Scripture Viewer"): null

2022-01-09 23:38:57 - [TEST_STEP][PASSED] - if (verifyElementVisible(findTestObject("Object Repository/Page_tC Create/Add new resource objects/div_11-russian text"), CONTINUE_ON_FAILURE)): null

2022-01-09 23:38:57 - [MESSAGE][PASSED] - Object 'Object Repository/Page_tC Create/Add new resource objects/div_11-russian text' is visible

2022-01-09 23:38:57 - [TEST_STEP][PASSED] - logInfo(" New Resource Text added by a URL is Present in the Scripture Viewer"):  New Resource Text added by a URL is Present in the Scripture Viewer

2022-01-09 23:38:57 - [MESSAGE][INFO] -  New Resource Text added by a URL is Present in the Scripture Viewer

2022-01-09 23:38:57 - [TEST_STEP][PASSED] - delay(2): Delayed 2 second(s)

2022-01-09 23:38:59 - [MESSAGE][PASSED] - Delayed 2 second(s)

2022-01-09 23:38:59 - [TEST_STEP][FAILED] - try: Unable to click on object 'Object Repository/Page_tC Create/Hamburger Menu Button' (Root cause: com.kms.katalon.core.exception.StepFailedException: Unable to click on object 'Object Repository/Page_tC Create/Hamburger Menu Button'
	at com.kms.katalon.core.webui.keyword.internal.WebUIKeywordMain.stepFailed(WebUIKeywordMain.groovy:64)
	at com.kms.katalon.core.webui.keyword.internal.WebUIKeywordMain.runKeyword(WebUIKeywordMain.groovy:26)
	at com.kms.katalon.core.webui.keyword.builtin.ClickKeyword.click(ClickKeyword.groovy:75)
	at com.kms.katalon.core.webui.keyword.builtin.ClickKeyword.execute(ClickKeyword.groovy:42)
	at com.kms.katalon.core.keyword.internal.KeywordExecutor.executeKeywordForPlatform(KeywordExecutor.groovy:74)
	at com.kms.katalon.core.webui.keyword.WebUiBuiltInKeywords.click(WebUiBuiltInKeywords.groovy:608)
	at com.kms.katalon.core.webui.keyword.WebUiBuiltInKeywords$click$7.call(Unknown Source)
	at tN_Add New Resource.run(tN_Add New Resource:143)
	at com.kms.katalon.core.main.ScriptEngine.run(ScriptEngine.java:194)
	at com.kms.katalon.core.main.ScriptEngine.runScriptAsRawText(ScriptEngine.java:119)
	at com.kms.katalon.core.main.TestCaseExecutor.runScript(TestCaseExecutor.java:430)
	at com.kms.katalon.core.main.TestCaseExecutor.doExecute(TestCaseExecutor.java:421)
	at com.kms.katalon.core.main.TestCaseExecutor.processExecutionPhase(TestCaseExecutor.java:400)
	at com.kms.katalon.core.main.TestCaseExecutor.accessMainPhase(TestCaseExecutor.java:392)
	at com.kms.katalon.core.main.TestCaseExecutor.execute(TestCaseExecutor.java:273)
	at com.kms.katalon.core.main.TestSuiteExecutor.accessTestCaseMainPhase(TestSuiteExecutor.java:202)
	at com.kms.katalon.core.main.TestSuiteExecutor.accessTestSuiteMainPhase(TestSuiteExecutor.java:164)
	at com.kms.katalon.core.main.TestSuiteExecutor.execute(TestSuiteExecutor.java:105)
	at com.kms.katalon.core.main.TestCaseMain.startTestSuite(TestCaseMain.java:185)
	at com.kms.katalon.core.main.TestCaseMain$startTestSuite$0.call(Unknown Source)
	at TempTestSuite1641788891534.run(TempTestSuite1641788891534.groovy:36)
Caused by: org.openqa.selenium.ElementClickInterceptedException: element click intercepted: Element is not clickable at point (36, -32)
  (Session info: chrome=97.0.4692.71)
Build info: version: '3.141.59', revision: 'e82be7d358', time: '2018-11-14T08:25:53'
System info: host: 'ELSYs-MacBook-Pro.local', ip: '2607:fea8:2cde:d500:0:0:0:4118%en0', os.name: 'Mac OS X', os.arch: 'x86_64', os.version: '10.16', java.version: '1.8.0_275'
Driver info: com.kms.katalon.selenium.driver.CChromeDriver
Capabilities {acceptInsecureCerts: false, browserName: chrome, browserVersion: 97.0.4692.71, chrome: {chromedriverVersion: 97.0.4692.71 (adefa7837d02a..., userDataDir: /var/folders/sf/msc8p_nx3x3...}, goog:chromeOptions: {debuggerAddress: localhost:50105}, javascriptEnabled: true, networkConnectionEnabled: false, pageLoadStrategy: normal, platform: MAC, platformName: MAC, proxy: Proxy(), setWindowRect: true, strictFileInteractability: false, timeouts: {implicit: 0, pageLoad: 300000, script: 30000}, unhandledPromptBehavior: dismiss and notify, webauthn:extension:credBlob: true, webauthn:extension:largeBlob: true, webauthn:virtualAuthenticators: true}
Session ID: 6954745bb84298ae9a41d690f513a029
	at org.openqa.selenium.remote.http.W3CHttpResponseCodec.createException(W3CHttpResponseCodec.java:187)
	at org.openqa.selenium.remote.http.W3CHttpResponseCodec.decode(W3CHttpResponseCodec.java:122)
	at org.openqa.selenium.remote.http.W3CHttpResponseCodec.decode(W3CHttpResponseCodec.java:49)
	at org.openqa.selenium.remote.HttpCommandExecutor.execute(HttpCommandExecutor.java:158)
	at org.openqa.selenium.remote.service.DriverCommandExecutor.execute(DriverCommandExecutor.java:83)
	at org.openqa.selenium.remote.RemoteWebDriver.execute(RemoteWebDriver.java:552)
	at com.kms.katalon.selenium.driver.CChromeDriver.execute(CChromeDriver.java:19)
	at org.openqa.selenium.remote.RemoteWebElement.execute(RemoteWebElement.java:285)
	at org.openqa.selenium.remote.RemoteWebElement.click(RemoteWebElement.java:84)
	at org.openqa.selenium.support.events.EventFiringWebDriver$EventFiringWebElement.lambda$new$0(EventFiringWebDriver.java:404)
	at com.sun.proxy.$Proxy11.click(Unknown Source)
	at org.openqa.selenium.support.events.EventFiringWebDriver$EventFiringWebElement.click(EventFiringWebDriver.java:417)
	at com.kms.katalon.core.webui.keyword.builtin.ClickKeyword$_click_closure1.doCall(ClickKeyword.groovy:68)
	at com.kms.katalon.core.webui.keyword.builtin.ClickKeyword$_click_closure1.call(ClickKeyword.groovy)
	at com.kms.katalon.core.webui.keyword.internal.WebUIKeywordMain.runKeyword(WebUIKeywordMain.groovy:20)
	at com.kms.katalon.core.webui.keyword.builtin.ClickKeyword.click(ClickKeyword.groovy:75)
	at com.kms.katalon.core.webui.keyword.builtin.ClickKeyword.execute(ClickKeyword.groovy:42)
	at com.kms.katalon.core.keyword.internal.KeywordExecutor.executeKeywordForPlatform(KeywordExecutor.groovy:74)
	at com.kms.katalon.core.webui.keyword.WebUiBuiltInKeywords.click(WebUiBuiltInKeywords.groovy:608)
	at com.kms.katalon.core.webui.keyword.WebUiBuiltInKeywords$click$7.call(Unknown Source)
	at Script1609194777899.run(Script1609194777899.groovy:143)
	... 13 more
)

2022-01-09 23:38:59 - [TEST_STEP][FAILED] - click(findTestObject("Object Repository/Page_tC Create/Hamburger Menu Button"), STOP_ON_FAILURE): Unable to click on object 'Object Repository/Page_tC Create/Hamburger Menu Button' (Root cause: com.kms.katalon.core.exception.StepFailedException: Unable to click on object 'Object Repository/Page_tC Create/Hamburger Menu Button'
	at com.kms.katalon.core.webui.keyword.internal.WebUIKeywordMain.stepFailed(WebUIKeywordMain.groovy:64)
	at com.kms.katalon.core.webui.keyword.internal.WebUIKeywordMain.runKeyword(WebUIKeywordMain.groovy:26)
	at com.kms.katalon.core.webui.keyword.builtin.ClickKeyword.click(ClickKeyword.groovy:75)
	at com.kms.katalon.core.webui.keyword.builtin.ClickKeyword.execute(ClickKeyword.groovy:42)
	at com.kms.katalon.core.keyword.internal.KeywordExecutor.executeKeywordForPlatform(KeywordExecutor.groovy:74)
	at com.kms.katalon.core.webui.keyword.WebUiBuiltInKeywords.click(WebUiBuiltInKeywords.groovy:608)
	at com.kms.katalon.core.webui.keyword.WebUiBuiltInKeywords$click$7.call(Unknown Source)
	at tN_Add New Resource.run(tN_Add New Resource:143)
	at com.kms.katalon.core.main.ScriptEngine.run(ScriptEngine.java:194)
	at com.kms.katalon.core.main.ScriptEngine.runScriptAsRawText(ScriptEngine.java:119)
	at com.kms.katalon.core.main.TestCaseExecutor.runScript(TestCaseExecutor.java:430)
	at com.kms.katalon.core.main.TestCaseExecutor.doExecute(TestCaseExecutor.java:421)
	at com.kms.katalon.core.main.TestCaseExecutor.processExecutionPhase(TestCaseExecutor.java:400)
	at com.kms.katalon.core.main.TestCaseExecutor.accessMainPhase(TestCaseExecutor.java:392)
	at com.kms.katalon.core.main.TestCaseExecutor.execute(TestCaseExecutor.java:273)
	at com.kms.katalon.core.main.TestSuiteExecutor.accessTestCaseMainPhase(TestSuiteExecutor.java:202)
	at com.kms.katalon.core.main.TestSuiteExecutor.accessTestSuiteMainPhase(TestSuiteExecutor.java:164)
	at com.kms.katalon.core.main.TestSuiteExecutor.execute(TestSuiteExecutor.java:105)
	at com.kms.katalon.core.main.TestCaseMain.startTestSuite(TestCaseMain.java:185)
	at com.kms.katalon.core.main.TestCaseMain$startTestSuite$0.call(Unknown Source)
	at TempTestSuite1641788891534.run(TempTestSuite1641788891534.groovy:36)
Caused by: org.openqa.selenium.ElementClickInterceptedException: element click intercepted: Element is not clickable at point (36, -32)
  (Session info: chrome=97.0.4692.71)
Build info: version: '3.141.59', revision: 'e82be7d358', time: '2018-11-14T08:25:53'
System info: host: 'ELSYs-MacBook-Pro.local', ip: '2607:fea8:2cde:d500:0:0:0:4118%en0', os.name: 'Mac OS X', os.arch: 'x86_64', os.version: '10.16', java.version: '1.8.0_275'
Driver info: com.kms.katalon.selenium.driver.CChromeDriver
Capabilities {acceptInsecureCerts: false, browserName: chrome, browserVersion: 97.0.4692.71, chrome: {chromedriverVersion: 97.0.4692.71 (adefa7837d02a..., userDataDir: /var/folders/sf/msc8p_nx3x3...}, goog:chromeOptions: {debuggerAddress: localhost:50105}, javascriptEnabled: true, networkConnectionEnabled: false, pageLoadStrategy: normal, platform: MAC, platformName: MAC, proxy: Proxy(), setWindowRect: true, strictFileInteractability: false, timeouts: {implicit: 0, pageLoad: 300000, script: 30000}, unhandledPromptBehavior: dismiss and notify, webauthn:extension:credBlob: true, webauthn:extension:largeBlob: true, webauthn:virtualAuthenticators: true}
Session ID: 6954745bb84298ae9a41d690f513a029
	at org.openqa.selenium.remote.http.W3CHttpResponseCodec.createException(W3CHttpResponseCodec.java:187)
	at org.openqa.selenium.remote.http.W3CHttpResponseCodec.decode(W3CHttpResponseCodec.java:122)
	at org.openqa.selenium.remote.http.W3CHttpResponseCodec.decode(W3CHttpResponseCodec.java:49)
	at org.openqa.selenium.remote.HttpCommandExecutor.execute(HttpCommandExecutor.java:158)
	at org.openqa.selenium.remote.service.DriverCommandExecutor.execute(DriverCommandExecutor.java:83)
	at org.openqa.selenium.remote.RemoteWebDriver.execute(RemoteWebDriver.java:552)
	at com.kms.katalon.selenium.driver.CChromeDriver.execute(CChromeDriver.java:19)
	at org.openqa.selenium.remote.RemoteWebElement.execute(RemoteWebElement.java:285)
	at org.openqa.selenium.remote.RemoteWebElement.click(RemoteWebElement.java:84)
	at org.openqa.selenium.support.events.EventFiringWebDriver$EventFiringWebElement.lambda$new$0(EventFiringWebDriver.java:404)
	at com.sun.proxy.$Proxy11.click(Unknown Source)
	at org.openqa.selenium.support.events.EventFiringWebDriver$EventFiringWebElement.click(EventFiringWebDriver.java:417)
	at com.kms.katalon.core.webui.keyword.builtin.ClickKeyword$_click_closure1.doCall(ClickKeyword.groovy:68)
	at com.kms.katalon.core.webui.keyword.builtin.ClickKeyword$_click_closure1.call(ClickKeyword.groovy)
	at com.kms.katalon.core.webui.keyword.internal.WebUIKeywordMain.runKeyword(WebUIKeywordMain.groovy:20)
	at com.kms.katalon.core.webui.keyword.builtin.ClickKeyword.click(ClickKeyword.groovy:75)
	at com.kms.katalon.core.webui.keyword.builtin.ClickKeyword.execute(ClickKeyword.groovy:42)
	at com.kms.katalon.core.keyword.internal.KeywordExecutor.executeKeywordForPlatform(KeywordExecutor.groovy:74)
	at com.kms.katalon.core.webui.keyword.WebUiBuiltInKeywords.click(WebUiBuiltInKeywords.groovy:608)
	at com.kms.katalon.core.webui.keyword.WebUiBuiltInKeywords$click$7.call(Unknown Source)
	at Script1609194777899.run(Script1609194777899.groovy:143)
	... 13 more
)

2022-01-09 23:43:55 - [MESSAGE][WARNING] - Cannot take screenshot

2022-01-09 23:43:55 - [MESSAGE][FAILED] - Unable to click on object 'Object Repository/Page_tC Create/Hamburger Menu Button' (Root cause: com.kms.katalon.core.exception.StepFailedException: Unable to click on object 'Object Repository/Page_tC Create/Hamburger Menu Button'
	at com.kms.katalon.core.webui.keyword.internal.WebUIKeywordMain.stepFailed(WebUIKeywordMain.groovy:64)
	at com.kms.katalon.core.webui.keyword.internal.WebUIKeywordMain.runKeyword(WebUIKeywordMain.groovy:26)
	at com.kms.katalon.core.webui.keyword.builtin.ClickKeyword.click(ClickKeyword.groovy:75)
	at com.kms.katalon.core.webui.keyword.builtin.ClickKeyword.execute(ClickKeyword.groovy:42)
	at com.kms.katalon.core.keyword.internal.KeywordExecutor.executeKeywordForPlatform(KeywordExecutor.groovy:74)
	at com.kms.katalon.core.webui.keyword.WebUiBuiltInKeywords.click(WebUiBuiltInKeywords.groovy:608)
	at com.kms.katalon.core.webui.keyword.WebUiBuiltInKeywords$click$7.call(Unknown Source)
	at tN_Add New Resource.run(tN_Add New Resource:143)
	at com.kms.katalon.core.main.ScriptEngine.run(ScriptEngine.java:194)
	at com.kms.katalon.core.main.ScriptEngine.runScriptAsRawText(ScriptEngine.java:119)
	at com.kms.katalon.core.main.TestCaseExecutor.runScript(TestCaseExecutor.java:430)
	at com.kms.katalon.core.main.TestCaseExecutor.doExecute(TestCaseExecutor.java:421)
	at com.kms.katalon.core.main.TestCaseExecutor.processExecutionPhase(TestCaseExecutor.java:400)
	at com.kms.katalon.core.main.TestCaseExecutor.accessMainPhase(TestCaseExecutor.java:392)
	at com.kms.katalon.core.main.TestCaseExecutor.execute(TestCaseExecutor.java:273)
	at com.kms.katalon.core.main.TestSuiteExecutor.accessTestCaseMainPhase(TestSuiteExecutor.java:202)
	at com.kms.katalon.core.main.TestSuiteExecutor.accessTestSuiteMainPhase(TestSuiteExecutor.java:164)
	at com.kms.katalon.core.main.TestSuiteExecutor.execute(TestSuiteExecutor.java:105)
	at com.kms.katalon.core.main.TestCaseMain.startTestSuite(TestCaseMain.java:185)
	at com.kms.katalon.core.main.TestCaseMain$startTestSuite$0.call(Unknown Source)
	at TempTestSuite1641788891534.run(TempTestSuite1641788891534.groovy:36)
Caused by: org.openqa.selenium.ElementClickInterceptedException: element click intercepted: Element is not clickable at point (36, -32)
  (Session info: chrome=97.0.4692.71)
Build info: version: '3.141.59', revision: 'e82be7d358', time: '2018-11-14T08:25:53'
System info: host: 'ELSYs-MacBook-Pro.local', ip: '2607:fea8:2cde:d500:0:0:0:4118%en0', os.name: 'Mac OS X', os.arch: 'x86_64', os.version: '10.16', java.version: '1.8.0_275'
Driver info: com.kms.katalon.selenium.driver.CChromeDriver
Capabilities {acceptInsecureCerts: false, browserName: chrome, browserVersion: 97.0.4692.71, chrome: {chromedriverVersion: 97.0.4692.71 (adefa7837d02a..., userDataDir: /var/folders/sf/msc8p_nx3x3...}, goog:chromeOptions: {debuggerAddress: localhost:50105}, javascriptEnabled: true, networkConnectionEnabled: false, pageLoadStrategy: normal, platform: MAC, platformName: MAC, proxy: Proxy(), setWindowRect: true, strictFileInteractability: false, timeouts: {implicit: 0, pageLoad: 300000, script: 30000}, unhandledPromptBehavior: dismiss and notify, webauthn:extension:credBlob: true, webauthn:extension:largeBlob: true, webauthn:virtualAuthenticators: true}
Session ID: 6954745bb84298ae9a41d690f513a029
	at org.openqa.selenium.remote.http.W3CHttpResponseCodec.createException(W3CHttpResponseCodec.java:187)
	at org.openqa.selenium.remote.http.W3CHttpResponseCodec.decode(W3CHttpResponseCodec.java:122)
	at org.openqa.selenium.remote.http.W3CHttpResponseCodec.decode(W3CHttpResponseCodec.java:49)
	at org.openqa.selenium.remote.HttpCommandExecutor.execute(HttpCommandExecutor.java:158)
	at org.openqa.selenium.remote.service.DriverCommandExecutor.execute(DriverCommandExecutor.java:83)
	at org.openqa.selenium.remote.RemoteWebDriver.execute(RemoteWebDriver.java:552)
	at com.kms.katalon.selenium.driver.CChromeDriver.execute(CChromeDriver.java:19)
	at org.openqa.selenium.remote.RemoteWebElement.execute(RemoteWebElement.java:285)
	at org.openqa.selenium.remote.RemoteWebElement.click(RemoteWebElement.java:84)
	at org.openqa.selenium.support.events.EventFiringWebDriver$EventFiringWebElement.lambda$new$0(EventFiringWebDriver.java:404)
	at com.sun.proxy.$Proxy11.click(Unknown Source)
	at org.openqa.selenium.support.events.EventFiringWebDriver$EventFiringWebElement.click(EventFiringWebDriver.java:417)
	at com.kms.katalon.core.webui.keyword.builtin.ClickKeyword$_click_closure1.doCall(ClickKeyword.groovy:68)
	at com.kms.katalon.core.webui.keyword.builtin.ClickKeyword$_click_closure1.call(ClickKeyword.groovy)
	at com.kms.katalon.core.webui.keyword.internal.WebUIKeywordMain.runKeyword(WebUIKeywordMain.groovy:20)
	at com.kms.katalon.core.webui.keyword.builtin.ClickKeyword.click(ClickKeyword.groovy:75)
	at com.kms.katalon.core.webui.keyword.builtin.ClickKeyword.execute(ClickKeyword.groovy:42)
	at com.kms.katalon.core.keyword.internal.KeywordExecutor.executeKeywordForPlatform(KeywordExecutor.groovy:74)
	at com.kms.katalon.core.webui.keyword.WebUiBuiltInKeywords.click(WebUiBuiltInKeywords.groovy:608)
	at com.kms.katalon.core.webui.keyword.WebUiBuiltInKeywords$click$7.call(Unknown Source)
	at Script1609194777899.run(Script1609194777899.groovy:143)
	... 13 more
)

2022-01-09 23:43:55 - [TEST_STEP][FAILED] - catch (Exception e): Unable to click on object 'Object Repository/Page_tC Create/button_DrawerOpen' (Root cause: com.kms.katalon.core.exception.StepFailedException: Unable to click on object 'Object Repository/Page_tC Create/button_DrawerOpen'
	at com.kms.katalon.core.webui.keyword.internal.WebUIKeywordMain.stepFailed(WebUIKeywordMain.groovy:64)
	at com.kms.katalon.core.webui.keyword.internal.WebUIKeywordMain.runKeyword(WebUIKeywordMain.groovy:26)
	at com.kms.katalon.core.webui.keyword.builtin.ClickKeyword.click(ClickKeyword.groovy:75)
	at com.kms.katalon.core.webui.keyword.builtin.ClickKeyword.execute(ClickKeyword.groovy:42)
	at com.kms.katalon.core.keyword.internal.KeywordExecutor.executeKeywordForPlatform(KeywordExecutor.groovy:74)
	at com.kms.katalon.core.webui.keyword.WebUiBuiltInKeywords.click(WebUiBuiltInKeywords.groovy:608)
	at com.kms.katalon.core.webui.keyword.WebUiBuiltInKeywords$click$7.call(Unknown Source)
	at tN_Add New Resource.run(tN_Add New Resource:146)
	at com.kms.katalon.core.main.ScriptEngine.run(ScriptEngine.java:194)
	at com.kms.katalon.core.main.ScriptEngine.runScriptAsRawText(ScriptEngine.java:119)
	at com.kms.katalon.core.main.TestCaseExecutor.runScript(TestCaseExecutor.java:430)
	at com.kms.katalon.core.main.TestCaseExecutor.doExecute(TestCaseExecutor.java:421)
	at com.kms.katalon.core.main.TestCaseExecutor.processExecutionPhase(TestCaseExecutor.java:400)
	at com.kms.katalon.core.main.TestCaseExecutor.accessMainPhase(TestCaseExecutor.java:392)
	at com.kms.katalon.core.main.TestCaseExecutor.execute(TestCaseExecutor.java:273)
	at com.kms.katalon.core.main.TestSuiteExecutor.accessTestCaseMainPhase(TestSuiteExecutor.java:202)
	at com.kms.katalon.core.main.TestSuiteExecutor.accessTestSuiteMainPhase(TestSuiteExecutor.java:164)
	at com.kms.katalon.core.main.TestSuiteExecutor.execute(TestSuiteExecutor.java:105)
	at com.kms.katalon.core.main.TestCaseMain.startTestSuite(TestCaseMain.java:185)
	at com.kms.katalon.core.main.TestCaseMain$startTestSuite$0.call(Unknown Source)
	at TempTestSuite1641788891534.run(TempTestSuite1641788891534.groovy:36)
Caused by: org.openqa.selenium.ElementClickInterceptedException: element click intercepted: Element is not clickable at point (36, -32)
  (Session info: chrome=97.0.4692.71)
Build info: version: '3.141.59', revision: 'e82be7d358', time: '2018-11-14T08:25:53'
System info: host: 'ELSYs-MacBook-Pro.local', ip: '2607:fea8:2cde:d500:0:0:0:4118%en0', os.name: 'Mac OS X', os.arch: 'x86_64', os.version: '10.16', java.version: '1.8.0_275'
Driver info: com.kms.katalon.selenium.driver.CChromeDriver
Capabilities {acceptInsecureCerts: false, browserName: chrome, browserVersion: 97.0.4692.71, chrome: {chromedriverVersion: 97.0.4692.71 (adefa7837d02a..., userDataDir: /var/folders/sf/msc8p_nx3x3...}, goog:chromeOptions: {debuggerAddress: localhost:50105}, javascriptEnabled: true, networkConnectionEnabled: false, pageLoadStrategy: normal, platform: MAC, platformName: MAC, proxy: Proxy(), setWindowRect: true, strictFileInteractability: false, timeouts: {implicit: 0, pageLoad: 300000, script: 30000}, unhandledPromptBehavior: dismiss and notify, webauthn:extension:credBlob: true, webauthn:extension:largeBlob: true, webauthn:virtualAuthenticators: true}
Session ID: 6954745bb84298ae9a41d690f513a029
	at org.openqa.selenium.remote.http.W3CHttpResponseCodec.createException(W3CHttpResponseCodec.java:187)
	at org.openqa.selenium.remote.http.W3CHttpResponseCodec.decode(W3CHttpResponseCodec.java:122)
	at org.openqa.selenium.remote.http.W3CHttpResponseCodec.decode(W3CHttpResponseCodec.java:49)
	at org.openqa.selenium.remote.HttpCommandExecutor.execute(HttpCommandExecutor.java:158)
	at org.openqa.selenium.remote.service.DriverCommandExecutor.execute(DriverCommandExecutor.java:83)
	at org.openqa.selenium.remote.RemoteWebDriver.execute(RemoteWebDriver.java:552)
	at com.kms.katalon.selenium.driver.CChromeDriver.execute(CChromeDriver.java:19)
	at org.openqa.selenium.remote.RemoteWebElement.execute(RemoteWebElement.java:285)
	at org.openqa.selenium.remote.RemoteWebElement.click(RemoteWebElement.java:84)
	at org.openqa.selenium.support.events.EventFiringWebDriver$EventFiringWebElement.lambda$new$0(EventFiringWebDriver.java:404)
	at com.sun.proxy.$Proxy11.click(Unknown Source)
	at org.openqa.selenium.support.events.EventFiringWebDriver$EventFiringWebElement.click(EventFiringWebDriver.java:417)
	at com.kms.katalon.core.webui.keyword.builtin.ClickKeyword$_click_closure1.doCall(ClickKeyword.groovy:68)
	at com.kms.katalon.core.webui.keyword.builtin.ClickKeyword$_click_closure1.call(ClickKeyword.groovy)
	at com.kms.katalon.core.webui.keyword.internal.WebUIKeywordMain.runKeyword(WebUIKeywordMain.groovy:20)
	at com.kms.katalon.core.webui.keyword.builtin.ClickKeyword.click(ClickKeyword.groovy:75)
	at com.kms.katalon.core.webui.keyword.builtin.ClickKeyword.execute(ClickKeyword.groovy:42)
	at com.kms.katalon.core.keyword.internal.KeywordExecutor.executeKeywordForPlatform(KeywordExecutor.groovy:74)
	at com.kms.katalon.core.webui.keyword.WebUiBuiltInKeywords.click(WebUiBuiltInKeywords.groovy:608)
	at com.kms.katalon.core.webui.keyword.WebUiBuiltInKeywords$click$7.call(Unknown Source)
	at Script1609194777899.run(Script1609194777899.groovy:146)
	... 13 more
)

2022-01-09 23:43:55 - [TEST_STEP][PASSED] - scrollToElement(findTestObject("Object Repository/Page_tC Create/chip_Repo"), 2): Scroll to object 'Object Repository/Page_tC Create/chip_Repo' successfully

2022-01-09 23:43:57 - [MESSAGE][PASSED] - Scroll to object 'Object Repository/Page_tC Create/chip_Repo' successfully

2022-01-09 23:43:57 - [TEST_STEP][FAILED] - click(findTestObject("Page_tC Create/button_DrawerOpen"), STOP_ON_FAILURE): Unable to click on object 'Object Repository/Page_tC Create/button_DrawerOpen' (Root cause: com.kms.katalon.core.exception.StepFailedException: Unable to click on object 'Object Repository/Page_tC Create/button_DrawerOpen'
	at com.kms.katalon.core.webui.keyword.internal.WebUIKeywordMain.stepFailed(WebUIKeywordMain.groovy:64)
	at com.kms.katalon.core.webui.keyword.internal.WebUIKeywordMain.runKeyword(WebUIKeywordMain.groovy:26)
	at com.kms.katalon.core.webui.keyword.builtin.ClickKeyword.click(ClickKeyword.groovy:75)
	at com.kms.katalon.core.webui.keyword.builtin.ClickKeyword.execute(ClickKeyword.groovy:42)
	at com.kms.katalon.core.keyword.internal.KeywordExecutor.executeKeywordForPlatform(KeywordExecutor.groovy:74)
	at com.kms.katalon.core.webui.keyword.WebUiBuiltInKeywords.click(WebUiBuiltInKeywords.groovy:608)
	at com.kms.katalon.core.webui.keyword.WebUiBuiltInKeywords$click$7.call(Unknown Source)
	at tN_Add New Resource.run(tN_Add New Resource:146)
	at com.kms.katalon.core.main.ScriptEngine.run(ScriptEngine.java:194)
	at com.kms.katalon.core.main.ScriptEngine.runScriptAsRawText(ScriptEngine.java:119)
	at com.kms.katalon.core.main.TestCaseExecutor.runScript(TestCaseExecutor.java:430)
	at com.kms.katalon.core.main.TestCaseExecutor.doExecute(TestCaseExecutor.java:421)
	at com.kms.katalon.core.main.TestCaseExecutor.processExecutionPhase(TestCaseExecutor.java:400)
	at com.kms.katalon.core.main.TestCaseExecutor.accessMainPhase(TestCaseExecutor.java:392)
	at com.kms.katalon.core.main.TestCaseExecutor.execute(TestCaseExecutor.java:273)
	at com.kms.katalon.core.main.TestSuiteExecutor.accessTestCaseMainPhase(TestSuiteExecutor.java:202)
	at com.kms.katalon.core.main.TestSuiteExecutor.accessTestSuiteMainPhase(TestSuiteExecutor.java:164)
	at com.kms.katalon.core.main.TestSuiteExecutor.execute(TestSuiteExecutor.java:105)
	at com.kms.katalon.core.main.TestCaseMain.startTestSuite(TestCaseMain.java:185)
	at com.kms.katalon.core.main.TestCaseMain$startTestSuite$0.call(Unknown Source)
	at TempTestSuite1641788891534.run(TempTestSuite1641788891534.groovy:36)
Caused by: org.openqa.selenium.ElementClickInterceptedException: element click intercepted: Element is not clickable at point (36, -32)
  (Session info: chrome=97.0.4692.71)
Build info: version: '3.141.59', revision: 'e82be7d358', time: '2018-11-14T08:25:53'
System info: host: 'ELSYs-MacBook-Pro.local', ip: '2607:fea8:2cde:d500:0:0:0:4118%en0', os.name: 'Mac OS X', os.arch: 'x86_64', os.version: '10.16', java.version: '1.8.0_275'
Driver info: com.kms.katalon.selenium.driver.CChromeDriver
Capabilities {acceptInsecureCerts: false, browserName: chrome, browserVersion: 97.0.4692.71, chrome: {chromedriverVersion: 97.0.4692.71 (adefa7837d02a..., userDataDir: /var/folders/sf/msc8p_nx3x3...}, goog:chromeOptions: {debuggerAddress: localhost:50105}, javascriptEnabled: true, networkConnectionEnabled: false, pageLoadStrategy: normal, platform: MAC, platformName: MAC, proxy: Proxy(), setWindowRect: true, strictFileInteractability: false, timeouts: {implicit: 0, pageLoad: 300000, script: 30000}, unhandledPromptBehavior: dismiss and notify, webauthn:extension:credBlob: true, webauthn:extension:largeBlob: true, webauthn:virtualAuthenticators: true}
Session ID: 6954745bb84298ae9a41d690f513a029
	at org.openqa.selenium.remote.http.W3CHttpResponseCodec.createException(W3CHttpResponseCodec.java:187)
	at org.openqa.selenium.remote.http.W3CHttpResponseCodec.decode(W3CHttpResponseCodec.java:122)
	at org.openqa.selenium.remote.http.W3CHttpResponseCodec.decode(W3CHttpResponseCodec.java:49)
	at org.openqa.selenium.remote.HttpCommandExecutor.execute(HttpCommandExecutor.java:158)
	at org.openqa.selenium.remote.service.DriverCommandExecutor.execute(DriverCommandExecutor.java:83)
	at org.openqa.selenium.remote.RemoteWebDriver.execute(RemoteWebDriver.java:552)
	at com.kms.katalon.selenium.driver.CChromeDriver.execute(CChromeDriver.java:19)
	at org.openqa.selenium.remote.RemoteWebElement.execute(RemoteWebElement.java:285)
	at org.openqa.selenium.remote.RemoteWebElement.click(RemoteWebElement.java:84)
	at org.openqa.selenium.support.events.EventFiringWebDriver$EventFiringWebElement.lambda$new$0(EventFiringWebDriver.java:404)
	at com.sun.proxy.$Proxy11.click(Unknown Source)
	at org.openqa.selenium.support.events.EventFiringWebDriver$EventFiringWebElement.click(EventFiringWebDriver.java:417)
	at com.kms.katalon.core.webui.keyword.builtin.ClickKeyword$_click_closure1.doCall(ClickKeyword.groovy:68)
	at com.kms.katalon.core.webui.keyword.builtin.ClickKeyword$_click_closure1.call(ClickKeyword.groovy)
	at com.kms.katalon.core.webui.keyword.internal.WebUIKeywordMain.runKeyword(WebUIKeywordMain.groovy:20)
	at com.kms.katalon.core.webui.keyword.builtin.ClickKeyword.click(ClickKeyword.groovy:75)
	at com.kms.katalon.core.webui.keyword.builtin.ClickKeyword.execute(ClickKeyword.groovy:42)
	at com.kms.katalon.core.keyword.internal.KeywordExecutor.executeKeywordForPlatform(KeywordExecutor.groovy:74)
	at com.kms.katalon.core.webui.keyword.WebUiBuiltInKeywords.click(WebUiBuiltInKeywords.groovy:608)
	at com.kms.katalon.core.webui.keyword.WebUiBuiltInKeywords$click$7.call(Unknown Source)
	at Script1609194777899.run(Script1609194777899.groovy:146)
	... 13 more
)

2022-01-09 23:45:01 - [MESSAGE][WARNING] - Cannot take screenshot

2022-01-09 23:45:01 - [MESSAGE][FAILED] - Unable to click on object 'Object Repository/Page_tC Create/button_DrawerOpen' (Root cause: com.kms.katalon.core.exception.StepFailedException: Unable to click on object 'Object Repository/Page_tC Create/button_DrawerOpen'
	at com.kms.katalon.core.webui.keyword.internal.WebUIKeywordMain.stepFailed(WebUIKeywordMain.groovy:64)
	at com.kms.katalon.core.webui.keyword.internal.WebUIKeywordMain.runKeyword(WebUIKeywordMain.groovy:26)
	at com.kms.katalon.core.webui.keyword.builtin.ClickKeyword.click(ClickKeyword.groovy:75)
	at com.kms.katalon.core.webui.keyword.builtin.ClickKeyword.execute(ClickKeyword.groovy:42)
	at com.kms.katalon.core.keyword.internal.KeywordExecutor.executeKeywordForPlatform(KeywordExecutor.groovy:74)
	at com.kms.katalon.core.webui.keyword.WebUiBuiltInKeywords.click(WebUiBuiltInKeywords.groovy:608)
	at com.kms.katalon.core.webui.keyword.WebUiBuiltInKeywords$click$7.call(Unknown Source)
	at tN_Add New Resource.run(tN_Add New Resource:146)
	at com.kms.katalon.core.main.ScriptEngine.run(ScriptEngine.java:194)
	at com.kms.katalon.core.main.ScriptEngine.runScriptAsRawText(ScriptEngine.java:119)
	at com.kms.katalon.core.main.TestCaseExecutor.runScript(TestCaseExecutor.java:430)
	at com.kms.katalon.core.main.TestCaseExecutor.doExecute(TestCaseExecutor.java:421)
	at com.kms.katalon.core.main.TestCaseExecutor.processExecutionPhase(TestCaseExecutor.java:400)
	at com.kms.katalon.core.main.TestCaseExecutor.accessMainPhase(TestCaseExecutor.java:392)
	at com.kms.katalon.core.main.TestCaseExecutor.execute(TestCaseExecutor.java:273)
	at com.kms.katalon.core.main.TestSuiteExecutor.accessTestCaseMainPhase(TestSuiteExecutor.java:202)
	at com.kms.katalon.core.main.TestSuiteExecutor.accessTestSuiteMainPhase(TestSuiteExecutor.java:164)
	at com.kms.katalon.core.main.TestSuiteExecutor.execute(TestSuiteExecutor.java:105)
	at com.kms.katalon.core.main.TestCaseMain.startTestSuite(TestCaseMain.java:185)
	at com.kms.katalon.core.main.TestCaseMain$startTestSuite$0.call(Unknown Source)
	at TempTestSuite1641788891534.run(TempTestSuite1641788891534.groovy:36)
Caused by: org.openqa.selenium.ElementClickInterceptedException: element click intercepted: Element is not clickable at point (36, -32)
  (Session info: chrome=97.0.4692.71)
Build info: version: '3.141.59', revision: 'e82be7d358', time: '2018-11-14T08:25:53'
System info: host: 'ELSYs-MacBook-Pro.local', ip: '2607:fea8:2cde:d500:0:0:0:4118%en0', os.name: 'Mac OS X', os.arch: 'x86_64', os.version: '10.16', java.version: '1.8.0_275'
Driver info: com.kms.katalon.selenium.driver.CChromeDriver
Capabilities {acceptInsecureCerts: false, browserName: chrome, browserVersion: 97.0.4692.71, chrome: {chromedriverVersion: 97.0.4692.71 (adefa7837d02a..., userDataDir: /var/folders/sf/msc8p_nx3x3...}, goog:chromeOptions: {debuggerAddress: localhost:50105}, javascriptEnabled: true, networkConnectionEnabled: false, pageLoadStrategy: normal, platform: MAC, platformName: MAC, proxy: Proxy(), setWindowRect: true, strictFileInteractability: false, timeouts: {implicit: 0, pageLoad: 300000, script: 30000}, unhandledPromptBehavior: dismiss and notify, webauthn:extension:credBlob: true, webauthn:extension:largeBlob: true, webauthn:virtualAuthenticators: true}
Session ID: 6954745bb84298ae9a41d690f513a029
	at org.openqa.selenium.remote.http.W3CHttpResponseCodec.createException(W3CHttpResponseCodec.java:187)
	at org.openqa.selenium.remote.http.W3CHttpResponseCodec.decode(W3CHttpResponseCodec.java:122)
	at org.openqa.selenium.remote.http.W3CHttpResponseCodec.decode(W3CHttpResponseCodec.java:49)
	at org.openqa.selenium.remote.HttpCommandExecutor.execute(HttpCommandExecutor.java:158)
	at org.openqa.selenium.remote.service.DriverCommandExecutor.execute(DriverCommandExecutor.java:83)
	at org.openqa.selenium.remote.RemoteWebDriver.execute(RemoteWebDriver.java:552)
	at com.kms.katalon.selenium.driver.CChromeDriver.execute(CChromeDriver.java:19)
	at org.openqa.selenium.remote.RemoteWebElement.execute(RemoteWebElement.java:285)
	at org.openqa.selenium.remote.RemoteWebElement.click(RemoteWebElement.java:84)
	at org.openqa.selenium.support.events.EventFiringWebDriver$EventFiringWebElement.lambda$new$0(EventFiringWebDriver.java:404)
	at com.sun.proxy.$Proxy11.click(Unknown Source)
	at org.openqa.selenium.support.events.EventFiringWebDriver$EventFiringWebElement.click(EventFiringWebDriver.java:417)
	at com.kms.katalon.core.webui.keyword.builtin.ClickKeyword$_click_closure1.doCall(ClickKeyword.groovy:68)
	at com.kms.katalon.core.webui.keyword.builtin.ClickKeyword$_click_closure1.call(ClickKeyword.groovy)
	at com.kms.katalon.core.webui.keyword.internal.WebUIKeywordMain.runKeyword(WebUIKeywordMain.groovy:20)
	at com.kms.katalon.core.webui.keyword.builtin.ClickKeyword.click(ClickKeyword.groovy:75)
	at com.kms.katalon.core.webui.keyword.builtin.ClickKeyword.execute(ClickKeyword.groovy:42)
	at com.kms.katalon.core.keyword.internal.KeywordExecutor.executeKeywordForPlatform(KeywordExecutor.groovy:74)
	at com.kms.katalon.core.webui.keyword.WebUiBuiltInKeywords.click(WebUiBuiltInKeywords.groovy:608)
	at com.kms.katalon.core.webui.keyword.WebUiBuiltInKeywords$click$7.call(Unknown Source)
	at Script1609194777899.run(Script1609194777899.groovy:146)
	... 13 more
)]]></system-out>
         <system-err><![CDATA[2022-01-09 23:37:56 - [TEST_CASE][FAILED] - Test Cases/tCC Test Cases/tN_Add New Resource: Test Cases/tCC Test Cases/tN_Add New Resource FAILED.
Reason:
com.kms.katalon.core.exception.StepFailedException: Unable to click on object 'Object Repository/Page_tC Create/button_DrawerOpen'
	at com.kms.katalon.core.webui.keyword.internal.WebUIKeywordMain.stepFailed(WebUIKeywordMain.groovy:64)
	at com.kms.katalon.core.webui.keyword.internal.WebUIKeywordMain.runKeyword(WebUIKeywordMain.groovy:26)
	at com.kms.katalon.core.webui.keyword.builtin.ClickKeyword.click(ClickKeyword.groovy:75)
	at com.kms.katalon.core.webui.keyword.builtin.ClickKeyword.execute(ClickKeyword.groovy:42)
	at com.kms.katalon.core.keyword.internal.KeywordExecutor.executeKeywordForPlatform(KeywordExecutor.groovy:74)
	at com.kms.katalon.core.webui.keyword.WebUiBuiltInKeywords.click(WebUiBuiltInKeywords.groovy:608)
	at com.kms.katalon.core.webui.keyword.WebUiBuiltInKeywords$click$7.call(Unknown Source)
	at tN_Add New Resource.run(tN_Add New Resource:146)
	at com.kms.katalon.core.main.ScriptEngine.run(ScriptEngine.java:194)
	at com.kms.katalon.core.main.ScriptEngine.runScriptAsRawText(ScriptEngine.java:119)
	at com.kms.katalon.core.main.TestCaseExecutor.runScript(TestCaseExecutor.java:430)
	at com.kms.katalon.core.main.TestCaseExecutor.doExecute(TestCaseExecutor.java:421)
	at com.kms.katalon.core.main.TestCaseExecutor.processExecutionPhase(TestCaseExecutor.java:400)
	at com.kms.katalon.core.main.TestCaseExecutor.accessMainPhase(TestCaseExecutor.java:392)
	at com.kms.katalon.core.main.TestCaseExecutor.execute(TestCaseExecutor.java:273)
	at com.kms.katalon.core.main.TestSuiteExecutor.accessTestCaseMainPhase(TestSuiteExecutor.java:202)
	at com.kms.katalon.core.main.TestSuiteExecutor.accessTestSuiteMainPhase(TestSuiteExecutor.java:164)
	at com.kms.katalon.core.main.TestSuiteExecutor.execute(TestSuiteExecutor.java:105)
	at com.kms.katalon.core.main.TestCaseMain.startTestSuite(TestCaseMain.java:185)
	at com.kms.katalon.core.main.TestCaseMain$startTestSuite$0.call(Unknown Source)
	at TempTestSuite1641788891534.run(TempTestSuite1641788891534.groovy:36)
Caused by: org.openqa.selenium.ElementClickInterceptedException: element click intercepted: Element is not clickable at point (36, -32)
  (Session info: chrome=97.0.4692.71)
Build info: version: '3.141.59', revision: 'e82be7d358', time: '2018-11-14T08:25:53'
System info: host: 'ELSYs-MacBook-Pro.local', ip: '2607:fea8:2cde:d500:0:0:0:4118%en0', os.name: 'Mac OS X', os.arch: 'x86_64', os.version: '10.16', java.version: '1.8.0_275'
Driver info: com.kms.katalon.selenium.driver.CChromeDriver
Capabilities {acceptInsecureCerts: false, browserName: chrome, browserVersion: 97.0.4692.71, chrome: {chromedriverVersion: 97.0.4692.71 (adefa7837d02a..., userDataDir: /var/folders/sf/msc8p_nx3x3...}, goog:chromeOptions: {debuggerAddress: localhost:50105}, javascriptEnabled: true, networkConnectionEnabled: false, pageLoadStrategy: normal, platform: MAC, platformName: MAC, proxy: Proxy(), setWindowRect: true, strictFileInteractability: false, timeouts: {implicit: 0, pageLoad: 300000, script: 30000}, unhandledPromptBehavior: dismiss and notify, webauthn:extension:credBlob: true, webauthn:extension:largeBlob: true, webauthn:virtualAuthenticators: true}
Session ID: 6954745bb84298ae9a41d690f513a029
	at org.openqa.selenium.remote.http.W3CHttpResponseCodec.createException(W3CHttpResponseCodec.java:187)
	at org.openqa.selenium.remote.http.W3CHttpResponseCodec.decode(W3CHttpResponseCodec.java:122)
	at org.openqa.selenium.remote.http.W3CHttpResponseCodec.decode(W3CHttpResponseCodec.java:49)
	at org.openqa.selenium.remote.HttpCommandExecutor.execute(HttpCommandExecutor.java:158)
	at org.openqa.selenium.remote.service.DriverCommandExecutor.execute(DriverCommandExecutor.java:83)
	at org.openqa.selenium.remote.RemoteWebDriver.execute(RemoteWebDriver.java:552)
	at com.kms.katalon.selenium.driver.CChromeDriver.execute(CChromeDriver.java:19)
	at org.openqa.selenium.remote.RemoteWebElement.execute(RemoteWebElement.java:285)
	at org.openqa.selenium.remote.RemoteWebElement.click(RemoteWebElement.java:84)
	at org.openqa.selenium.support.events.EventFiringWebDriver$EventFiringWebElement.lambda$new$0(EventFiringWebDriver.java:404)
	at com.sun.proxy.$Proxy11.click(Unknown Source)
	at org.openqa.selenium.support.events.EventFiringWebDriver$EventFiringWebElement.click(EventFiringWebDriver.java:417)
	at com.kms.katalon.core.webui.keyword.builtin.ClickKeyword$_click_closure1.doCall(ClickKeyword.groovy:68)
	at com.kms.katalon.core.webui.keyword.builtin.ClickKeyword$_click_closure1.call(ClickKeyword.groovy)
	at com.kms.katalon.core.webui.keyword.internal.WebUIKeywordMain.runKeyword(WebUIKeywordMain.groovy:20)
	... 19 more]]></system-err>
      </testcase>
      <testcase name="Test Cases/tCC Test Cases/tN_Tool Tips" time="3320.509" classname="Test Cases/tCC Test Cases/tN_Tool Tips" status="FAILED">
         <failure type="FAILED" message="Test Cases/tCC Test Cases/tN_Tool Tips FAILED.
Reason:
com.kms.katalon.core.exception.StepFailedException: Unable to get attribute 'title' of object 'Object Repository/Tool tips/button_Move row up' (Root cause: com.kms.katalon.core.exception.StepFailedException: Unable to get attribute 'title' of object 'Object Repository/Tool tips/button_Move row up'
	at com.kms.katalon.core.webui.keyword.internal.WebUIKeywordMain.stepFailed(WebUIKeywordMain.groovy:64)
	at com.kms.katalon.core.webui.keyword.internal.WebUIKeywordMain.runKeyword(WebUIKeywordMain.groovy:26)
	at com.kms.katalon.core.webui.keyword.builtin.GetAttributeKeyword.getAttribute(GetAttributeKeyword.groovy:93)
	at com.kms.katalon.core.webui.keyword.builtin.GetAttributeKeyword.execute(GetAttributeKeyword.groovy:68)
	at com.kms.katalon.core.keyword.internal.KeywordExecutor.executeKeywordForPlatform(KeywordExecutor.groovy:74)
	at com.kms.katalon.core.webui.keyword.WebUiBuiltInKeywords.getAttribute(WebUiBuiltInKeywords.groovy:951)
	at com.kms.katalon.core.webui.keyword.WebUiBuiltInKeywords$getAttribute$13.call(Unknown Source)
	at tN_Tool Tips.testToolTip(tN_Tool Tips:49)
	at tN_Tool Tips.run(tN_Tool Tips:40)
	at com.kms.katalon.core.main.ScriptEngine.run(ScriptEngine.java:194)
	at com.kms.katalon.core.main.ScriptEngine.runScriptAsRawText(ScriptEngine.java:119)
	at com.kms.katalon.core.main.TestCaseExecutor.runScript(TestCaseExecutor.java:430)
	at com.kms.katalon.core.main.TestCaseExecutor.doExecute(TestCaseExecutor.java:421)
	at com.kms.katalon.core.main.TestCaseExecutor.processExecutionPhase(TestCaseExecutor.java:400)
	at com.kms.katalon.core.main.TestCaseExecutor.accessMainPhase(TestCaseExecutor.java:392)
	at com.kms.katalon.core.main.TestCaseExecutor.execute(TestCaseExecutor.java:273)
	at com.kms.katalon.core.main.TestSuiteExecutor.accessTestCaseMainPhase(TestSuiteExecutor.java:202)
	at com.kms.katalon.core.main.TestSuiteExecutor.accessTestSuiteMainPhase(TestSuiteExecutor.java:164)
	at com.kms.katalon.core.main.TestSuiteExecutor.execute(TestSuiteExecutor.java:105)
	at com.kms.katalon.core.main.TestCaseMain.startTestSuite(TestCaseMain.java:185)
	at com.kms.katalon.core.main.TestCaseMain$startTestSuite$0.call(Unknown Source)
	at TempTestSuite1641788891534.run(TempTestSuite1641788891534.groovy:36)
Caused by: com.kms.katalon.core.webui.exception.WebElementNotFoundException: Web element with id: 'Object Repository/Tool tips/button_Move row up' located by '//*[@type = 'button' and @title = 'Move Row Up']' not found
	at com.kms.katalon.core.webui.common.WebUiCommonHelper.findWebElement(WebUiCommonHelper.java:1368)
	at com.kms.katalon.core.webui.keyword.internal.WebUIAbstractKeyword.findWebElement(WebUIAbstractKeyword.groovy:27)
	at com.kms.katalon.core.webui.keyword.internal.WebUIAbstractKeyword.findWebElement(WebUIAbstractKeyword.groovy:26)
	at com.kms.katalon.core.webui.keyword.builtin.GetAttributeKeyword$_getAttribute_closure1.doCall(GetAttributeKeyword.groovy:83)
	at com.kms.katalon.core.webui.keyword.builtin.GetAttributeKeyword$_getAttribute_closure1.call(GetAttributeKeyword.groovy)
	at com.kms.katalon.core.webui.keyword.internal.WebUIKeywordMain.runKeyword(WebUIKeywordMain.groovy:20)
	at com.kms.katalon.core.webui.keyword.builtin.GetAttributeKeyword.getAttribute(GetAttributeKeyword.groovy:93)
	at com.kms.katalon.core.webui.keyword.builtin.GetAttributeKeyword.execute(GetAttributeKeyword.groovy:68)
	at com.kms.katalon.core.keyword.internal.KeywordExecutor.executeKeywordForPlatform(KeywordExecutor.groovy:74)
	at com.kms.katalon.core.webui.keyword.WebUiBuiltInKeywords.getAttribute(WebUiBuiltInKeywords.groovy:951)
	at com.kms.katalon.core.webui.keyword.WebUiBuiltInKeywords$getAttribute$13.call(Unknown Source)
	at Script1613708726293.testToolTip(Script1613708726293.groovy:49)
	at Script1613708726293.run(Script1613708726293.groovy:40)
	... 13 more
)
	at com.kms.katalon.core.keyword.internal.KeywordMain.stepFailed(KeywordMain.groovy:39)
	at com.kms.katalon.core.webui.keyword.internal.WebUIKeywordMain.stepFailed(WebUIKeywordMain.groovy:64)
	at com.kms.katalon.core.webui.keyword.internal.WebUIKeywordMain.runKeyword(WebUIKeywordMain.groovy:26)
	at com.kms.katalon.core.webui.keyword.builtin.GetAttributeKeyword.getAttribute(GetAttributeKeyword.groovy:93)
	at com.kms.katalon.core.webui.keyword.builtin.GetAttributeKeyword.execute(GetAttributeKeyword.groovy:68)
	at com.kms.katalon.core.keyword.internal.KeywordExecutor.executeKeywordForPlatform(KeywordExecutor.groovy:74)
	at com.kms.katalon.core.webui.keyword.WebUiBuiltInKeywords.getAttribute(WebUiBuiltInKeywords.groovy:951)
	at com.kms.katalon.core.webui.keyword.WebUiBuiltInKeywords$getAttribute$13.call(Unknown Source)
	at tN_Tool Tips.testToolTip(tN_Tool Tips:49)
	at tN_Tool Tips.run(tN_Tool Tips:40)
	at com.kms.katalon.core.main.ScriptEngine.run(ScriptEngine.java:194)
	at com.kms.katalon.core.main.ScriptEngine.runScriptAsRawText(ScriptEngine.java:119)
	at com.kms.katalon.core.main.TestCaseExecutor.runScript(TestCaseExecutor.java:430)
	at com.kms.katalon.core.main.TestCaseExecutor.doExecute(TestCaseExecutor.java:421)
	at com.kms.katalon.core.main.TestCaseExecutor.processExecutionPhase(TestCaseExecutor.java:400)
	at com.kms.katalon.core.main.TestCaseExecutor.accessMainPhase(TestCaseExecutor.java:392)
	at com.kms.katalon.core.main.TestCaseExecutor.execute(TestCaseExecutor.java:273)
	at com.kms.katalon.core.main.TestSuiteExecutor.accessTestCaseMainPhase(TestSuiteExecutor.java:202)
	at com.kms.katalon.core.main.TestSuiteExecutor.accessTestSuiteMainPhase(TestSuiteExecutor.java:164)
	at com.kms.katalon.core.main.TestSuiteExecutor.execute(TestSuiteExecutor.java:105)
	at com.kms.katalon.core.main.TestCaseMain.startTestSuite(TestCaseMain.java:185)
	at com.kms.katalon.core.main.TestCaseMain$startTestSuite$0.call(Unknown Source)
	at TempTestSuite1641788891534.run(TempTestSuite1641788891534.groovy:36)
Caused by: com.kms.katalon.core.exception.StepFailedException: Unable to get attribute 'title' of object 'Object Repository/Tool tips/button_Move row up'
	... 22 more
Caused by: com.kms.katalon.core.webui.exception.WebElementNotFoundException: Web element with id: 'Object Repository/Tool tips/button_Move row up' located by '//*[@type = 'button' and @title = 'Move Row Up']' not found
	at com.kms.katalon.core.webui.common.WebUiCommonHelper.findWebElement(WebUiCommonHelper.java:1368)
	at com.kms.katalon.core.webui.keyword.internal.WebUIAbstractKeyword.findWebElement(WebUIAbstractKeyword.groovy:27)
	at com.kms.katalon.core.webui.keyword.internal.WebUIAbstractKeyword.findWebElement(WebUIAbstractKeyword.groovy:26)
	at com.kms.katalon.core.webui.keyword.builtin.GetAttributeKeyword$_getAttribute_closure1.doCall(GetAttributeKeyword.groovy:83)
	at com.kms.katalon.core.webui.keyword.builtin.GetAttributeKeyword$_getAttribute_closure1.call(GetAttributeKeyword.groovy)
	at com.kms.katalon.core.webui.keyword.internal.WebUIKeywordMain.runKeyword(WebUIKeywordMain.groovy:20)
	... 20 more
"/>
         <system-out><![CDATA[2022-01-09 23:45:01 - [TEST_CASE][FAILED] - Test Cases/tCC Test Cases/tN_Tool Tips: Test Cases/tCC Test Cases/tN_Tool Tips FAILED.
Reason:
com.kms.katalon.core.exception.StepFailedException: Unable to get attribute 'title' of object 'Object Repository/Tool tips/button_Move row up' (Root cause: com.kms.katalon.core.exception.StepFailedException: Unable to get attribute 'title' of object 'Object Repository/Tool tips/button_Move row up'
	at com.kms.katalon.core.webui.keyword.internal.WebUIKeywordMain.stepFailed(WebUIKeywordMain.groovy:64)
	at com.kms.katalon.core.webui.keyword.internal.WebUIKeywordMain.runKeyword(WebUIKeywordMain.groovy:26)
	at com.kms.katalon.core.webui.keyword.builtin.GetAttributeKeyword.getAttribute(GetAttributeKeyword.groovy:93)
	at com.kms.katalon.core.webui.keyword.builtin.GetAttributeKeyword.execute(GetAttributeKeyword.groovy:68)
	at com.kms.katalon.core.keyword.internal.KeywordExecutor.executeKeywordForPlatform(KeywordExecutor.groovy:74)
	at com.kms.katalon.core.webui.keyword.WebUiBuiltInKeywords.getAttribute(WebUiBuiltInKeywords.groovy:951)
	at com.kms.katalon.core.webui.keyword.WebUiBuiltInKeywords$getAttribute$13.call(Unknown Source)
	at tN_Tool Tips.testToolTip(tN_Tool Tips:49)
	at tN_Tool Tips.run(tN_Tool Tips:40)
	at com.kms.katalon.core.main.ScriptEngine.run(ScriptEngine.java:194)
	at com.kms.katalon.core.main.ScriptEngine.runScriptAsRawText(ScriptEngine.java:119)
	at com.kms.katalon.core.main.TestCaseExecutor.runScript(TestCaseExecutor.java:430)
	at com.kms.katalon.core.main.TestCaseExecutor.doExecute(TestCaseExecutor.java:421)
	at com.kms.katalon.core.main.TestCaseExecutor.processExecutionPhase(TestCaseExecutor.java:400)
	at com.kms.katalon.core.main.TestCaseExecutor.accessMainPhase(TestCaseExecutor.java:392)
	at com.kms.katalon.core.main.TestCaseExecutor.execute(TestCaseExecutor.java:273)
	at com.kms.katalon.core.main.TestSuiteExecutor.accessTestCaseMainPhase(TestSuiteExecutor.java:202)
	at com.kms.katalon.core.main.TestSuiteExecutor.accessTestSuiteMainPhase(TestSuiteExecutor.java:164)
	at com.kms.katalon.core.main.TestSuiteExecutor.execute(TestSuiteExecutor.java:105)
	at com.kms.katalon.core.main.TestCaseMain.startTestSuite(TestCaseMain.java:185)
	at com.kms.katalon.core.main.TestCaseMain$startTestSuite$0.call(Unknown Source)
	at TempTestSuite1641788891534.run(TempTestSuite1641788891534.groovy:36)
Caused by: com.kms.katalon.core.webui.exception.WebElementNotFoundException: Web element with id: 'Object Repository/Tool tips/button_Move row up' located by '//*[@type = 'button' and @title = 'Move Row Up']' not found
	at com.kms.katalon.core.webui.common.WebUiCommonHelper.findWebElement(WebUiCommonHelper.java:1368)
	at com.kms.katalon.core.webui.keyword.internal.WebUIAbstractKeyword.findWebElement(WebUIAbstractKeyword.groovy:27)
	at com.kms.katalon.core.webui.keyword.internal.WebUIAbstractKeyword.findWebElement(WebUIAbstractKeyword.groovy:26)
	at com.kms.katalon.core.webui.keyword.builtin.GetAttributeKeyword$_getAttribute_closure1.doCall(GetAttributeKeyword.groovy:83)
	at com.kms.katalon.core.webui.keyword.builtin.GetAttributeKeyword$_getAttribute_closure1.call(GetAttributeKeyword.groovy)
	at com.kms.katalon.core.webui.keyword.internal.WebUIKeywordMain.runKeyword(WebUIKeywordMain.groovy:20)
	at com.kms.katalon.core.webui.keyword.builtin.GetAttributeKeyword.getAttribute(GetAttributeKeyword.groovy:93)
	at com.kms.katalon.core.webui.keyword.builtin.GetAttributeKeyword.execute(GetAttributeKeyword.groovy:68)
	at com.kms.katalon.core.keyword.internal.KeywordExecutor.executeKeywordForPlatform(KeywordExecutor.groovy:74)
	at com.kms.katalon.core.webui.keyword.WebUiBuiltInKeywords.getAttribute(WebUiBuiltInKeywords.groovy:951)
	at com.kms.katalon.core.webui.keyword.WebUiBuiltInKeywords$getAttribute$13.call(Unknown Source)
	at Script1613708726293.testToolTip(Script1613708726293.groovy:49)
	at Script1613708726293.run(Script1613708726293.groovy:40)
	... 13 more
)
	at com.kms.katalon.core.keyword.internal.KeywordMain.stepFailed(KeywordMain.groovy:39)
	at com.kms.katalon.core.webui.keyword.internal.WebUIKeywordMain.stepFailed(WebUIKeywordMain.groovy:64)
	at com.kms.katalon.core.webui.keyword.internal.WebUIKeywordMain.runKeyword(WebUIKeywordMain.groovy:26)
	at com.kms.katalon.core.webui.keyword.builtin.GetAttributeKeyword.getAttribute(GetAttributeKeyword.groovy:93)
	at com.kms.katalon.core.webui.keyword.builtin.GetAttributeKeyword.execute(GetAttributeKeyword.groovy:68)
	at com.kms.katalon.core.keyword.internal.KeywordExecutor.executeKeywordForPlatform(KeywordExecutor.groovy:74)
	at com.kms.katalon.core.webui.keyword.WebUiBuiltInKeywords.getAttribute(WebUiBuiltInKeywords.groovy:951)
	at com.kms.katalon.core.webui.keyword.WebUiBuiltInKeywords$getAttribute$13.call(Unknown Source)
	at tN_Tool Tips.testToolTip(tN_Tool Tips:49)
	at tN_Tool Tips.run(tN_Tool Tips:40)
	at com.kms.katalon.core.main.ScriptEngine.run(ScriptEngine.java:194)
	at com.kms.katalon.core.main.ScriptEngine.runScriptAsRawText(ScriptEngine.java:119)
	at com.kms.katalon.core.main.TestCaseExecutor.runScript(TestCaseExecutor.java:430)
	at com.kms.katalon.core.main.TestCaseExecutor.doExecute(TestCaseExecutor.java:421)
	at com.kms.katalon.core.main.TestCaseExecutor.processExecutionPhase(TestCaseExecutor.java:400)
	at com.kms.katalon.core.main.TestCaseExecutor.accessMainPhase(TestCaseExecutor.java:392)
	at com.kms.katalon.core.main.TestCaseExecutor.execute(TestCaseExecutor.java:273)
	at com.kms.katalon.core.main.TestSuiteExecutor.accessTestCaseMainPhase(TestSuiteExecutor.java:202)
	at com.kms.katalon.core.main.TestSuiteExecutor.accessTestSuiteMainPhase(TestSuiteExecutor.java:164)
	at com.kms.katalon.core.main.TestSuiteExecutor.execute(TestSuiteExecutor.java:105)
	at com.kms.katalon.core.main.TestCaseMain.startTestSuite(TestCaseMain.java:185)
	at com.kms.katalon.core.main.TestCaseMain$startTestSuite$0.call(Unknown Source)
	at TempTestSuite1641788891534.run(TempTestSuite1641788891534.groovy:36)
Caused by: com.kms.katalon.core.exception.StepFailedException: Unable to get attribute 'title' of object 'Object Repository/Tool tips/button_Move row up'
	... 22 more
Caused by: com.kms.katalon.core.webui.exception.WebElementNotFoundException: Web element with id: 'Object Repository/Tool tips/button_Move row up' located by '//*[@type = 'button' and @title = 'Move Row Up']' not found
	at com.kms.katalon.core.webui.common.WebUiCommonHelper.findWebElement(WebUiCommonHelper.java:1368)
	at com.kms.katalon.core.webui.keyword.internal.WebUIAbstractKeyword.findWebElement(WebUIAbstractKeyword.groovy:27)
	at com.kms.katalon.core.webui.keyword.internal.WebUIAbstractKeyword.findWebElement(WebUIAbstractKeyword.groovy:26)
	at com.kms.katalon.core.webui.keyword.builtin.GetAttributeKeyword$_getAttribute_closure1.doCall(GetAttributeKeyword.groovy:83)
	at com.kms.katalon.core.webui.keyword.builtin.GetAttributeKeyword$_getAttribute_closure1.call(GetAttributeKeyword.groovy)
	at com.kms.katalon.core.webui.keyword.internal.WebUIKeywordMain.runKeyword(WebUIKeywordMain.groovy:20)
	... 20 more


2022-01-09 23:45:01 - [TEST_STEP][PASSED] - com.tccreate.keywords.WriteToFile.writeTofilename("tN-ToolTips"): com.tccreate.keywords.WriteToFile.writeTofilename is PASSED

2022-01-09 23:45:01 - [MESSAGE][PASSED] - com.tccreate.keywords.WriteToFile.writeTofilename is PASSED

2022-01-09 23:45:01 - [TEST_STEP][PASSED] - com.helper.login.TimeDate.getTimeDate(): com.helper.login.TimeDate.getTimeDate is PASSED

2022-01-09 23:45:01 - [MESSAGE][INFO] - Time at which the test run:2022-01-09 23:45:01.972

2022-01-09 23:45:01 - [MESSAGE][PASSED] - com.helper.login.TimeDate.getTimeDate is PASSED

2022-01-09 23:45:01 - [TEST_STEP][PASSED] - com.helper.login.loginhelper.logintoapp(): com.helper.login.loginhelper.logintoapp is PASSED

2022-01-09 23:45:01 - [MESSAGE][WARNING] - A browser is already opened. Closing browser and opening a new one

2022-01-09 23:45:02 - [MESSAGE][INFO] - Starting 'Chrome' driver

2022-01-09 23:45:02 - [MESSAGE][INFO] - Action delay is set to 1,000 milliseconds

2022-01-09 23:45:03 - [MESSAGE][WARNING] - FFmpeg was not installed! Browser Recording will be disabled. Please follow this document to install FFmpeg first: https://docs.katalon.com/katalon-studio/docs/screenshots-videos.html#browser-based-recorder

2022-01-09 23:45:06 - [MESSAGE][PASSED] - Browser is opened with url: 'https://stage--tc-create-app.netlify.app/'

2022-01-09 23:45:06 - [MESSAGE][PASSED] - Wait for page load successfully

2022-01-09 23:45:07 - [MESSAGE][PASSED] - Current window maximized

2022-01-09 23:45:08 - [MESSAGE][PASSED] - Keys 'elsylambert' sent to object: 'Object Repository/Page_tC Create/input__username'

2022-01-09 23:45:10 - [MESSAGE][PASSED] - Keys 'fatak43' sent to object: 'Object Repository/Page_tC Create/input__password'

2022-01-09 23:45:11 - [MESSAGE][PASSED] - Object: 'Object Repository/Page_tC Create/button_Login' is clicked on

2022-01-09 23:45:12 - [MESSAGE][PASSED] - Delayed 1 second(s)

2022-01-09 23:45:14 - [MESSAGE][PASSED] - Text of object 'Object Repository/Page_tC Create/tcc-version number' is: 'translationCore Create - v1.4.0 build 113-e01d8f1'

2022-01-09 23:45:14 - [MESSAGE][INFO] - : The current version and build number is translationCore Create - v1.4.0 build 113-e01d8f1

2022-01-09 23:45:14 - [MESSAGE][PASSED] - com.helper.login.loginhelper.logintoapp is PASSED

2022-01-09 23:45:14 - [TEST_STEP][PASSED] - com.tccreate.keywords.selectOrg.organization(""): com.tccreate.keywords.selectOrg.organization is PASSED

2022-01-09 23:45:15 - [MESSAGE][PASSED] - Object: 'Object Repository/Page_tC Create/listOption_organisation_Parmed' is clicked on

2022-01-09 23:45:17 - [MESSAGE][WARNING] - No alert found after 2 second(s).

2022-01-09 23:45:17 - [MESSAGE][PASSED] - com.tccreate.keywords.selectOrg.organization is PASSED

2022-01-09 23:45:17 - [TEST_STEP][PASSED] - com.tccreate.keywords.selectOrg.resource("unfoldingWordÂ® Translation Notes"): com.tccreate.keywords.selectOrg.resource is PASSED

2022-01-09 23:45:19 - [MESSAGE][PASSED] - Object: 'Object Repository/Page_tC Create/resource_Parmed' is clicked on

2022-01-09 23:45:19 - [MESSAGE][PASSED] - com.tccreate.keywords.selectOrg.resource is PASSED

2022-01-09 23:45:19 - [TEST_STEP][PASSED] - com.tccreate.keywords.selectOrg.language(""): com.tccreate.keywords.selectOrg.language is PASSED

2022-01-09 23:45:21 - [MESSAGE][PASSED] - Object: 'Object Repository/Page_tC Create/combo_Select Language' is clicked on

2022-01-09 23:45:22 - [MESSAGE][PASSED] - Object: 'Object Repository/Page_tC Create/listOption_Language_Parmed' is clicked on

2022-01-09 23:45:22 - [MESSAGE][PASSED] - com.tccreate.keywords.selectOrg.language is PASSED

2022-01-09 23:45:22 - [TEST_STEP][PASSED] - click(findTestObject("Page_tC Create/Add new resource objects/span_en_tn_57-TIT.tsv")): Object: 'Object Repository/Page_tC Create/Add new resource objects/span_en_tn_57-TIT.tsv' is clicked on

2022-01-09 23:45:24 - [MESSAGE][PASSED] - Object: 'Object Repository/Page_tC Create/Add new resource objects/span_en_tn_57-TIT.tsv' is clicked on

2022-01-09 23:45:24 - [TEST_STEP][PASSED] - testToolTip("Object Repository/Tool tips/button_Search", "Search"): null

2022-01-09 23:45:24 - [TEST_STEP][PASSED] - actualTooltip = getAttribute(findTestObject(button), "title"): Attribute 'title' of object 'Object Repository/Tool tips/button_Search' is: 'Search'

2022-01-09 23:45:28 - [MESSAGE][PASSED] - Attribute 'title' of object 'Object Repository/Tool tips/button_Search' is: 'Search'

2022-01-09 23:45:28 - [TEST_STEP][PASSED] - out.println("Actual Title of Tool Tip for button " + toolTip + " is " + actualTooltip): null

2022-01-09 23:45:28 - [TEST_STEP][PASSED] - expectedTooltip = toolTip: null

2022-01-09 23:45:28 - [TEST_STEP][PASSED] - if (actualTooltip.equals(expectedTooltip)): null

2022-01-09 23:45:28 - [TEST_STEP][PASSED] - out.println("Test Case Passed for " + toolTip): null

2022-01-09 23:45:28 - [TEST_STEP][PASSED] - testToolTip("Object Repository/Tool tips/button_Filter table", "Filter Table"): null

2022-01-09 23:45:28 - [TEST_STEP][PASSED] - actualTooltip = getAttribute(findTestObject(button), "title"): Attribute 'title' of object 'Object Repository/Tool tips/button_Filter table' is: 'Filter Table'

2022-01-09 23:45:28 - [MESSAGE][PASSED] - Attribute 'title' of object 'Object Repository/Tool tips/button_Filter table' is: 'Filter Table'

2022-01-09 23:45:28 - [TEST_STEP][PASSED] - out.println("Actual Title of Tool Tip for button " + toolTip + " is " + actualTooltip): null

2022-01-09 23:45:28 - [TEST_STEP][PASSED] - expectedTooltip = toolTip: null

2022-01-09 23:45:28 - [TEST_STEP][PASSED] - if (actualTooltip.equals(expectedTooltip)): null

2022-01-09 23:45:28 - [TEST_STEP][PASSED] - out.println("Test Case Passed for " + toolTip): null

2022-01-09 23:45:28 - [TEST_STEP][PASSED] - testToolTip("Object Repository/Tool tips/button_view columns", "View Columns"): null

2022-01-09 23:45:28 - [TEST_STEP][PASSED] - actualTooltip = getAttribute(findTestObject(button), "title"): Attribute 'title' of object 'Object Repository/Tool tips/button_view columns' is: 'View Columns'

2022-01-09 23:45:29 - [MESSAGE][PASSED] - Attribute 'title' of object 'Object Repository/Tool tips/button_view columns' is: 'View Columns'

2022-01-09 23:45:29 - [TEST_STEP][PASSED] - out.println("Actual Title of Tool Tip for button " + toolTip + " is " + actualTooltip): null

2022-01-09 23:45:29 - [TEST_STEP][PASSED] - expectedTooltip = toolTip: null

2022-01-09 23:45:29 - [TEST_STEP][PASSED] - if (actualTooltip.equals(expectedTooltip)): null

2022-01-09 23:45:29 - [TEST_STEP][PASSED] - out.println("Test Case Passed for " + toolTip): null

2022-01-09 23:45:29 - [TEST_STEP][PASSED] - testToolTip("Object Repository/Tool tips/button_Validate", "Validate"): null

2022-01-09 23:45:29 - [TEST_STEP][PASSED] - actualTooltip = getAttribute(findTestObject(button), "title"): Attribute 'title' of object 'Object Repository/Tool tips/button_Validate' is: 'Validate'

2022-01-09 23:45:29 - [MESSAGE][PASSED] - Attribute 'title' of object 'Object Repository/Tool tips/button_Validate' is: 'Validate'

2022-01-09 23:45:29 - [TEST_STEP][PASSED] - out.println("Actual Title of Tool Tip for button " + toolTip + " is " + actualTooltip): null

2022-01-09 23:45:29 - [TEST_STEP][PASSED] - expectedTooltip = toolTip: null

2022-01-09 23:45:29 - [TEST_STEP][PASSED] - if (actualTooltip.equals(expectedTooltip)): null

2022-01-09 23:45:29 - [TEST_STEP][PASSED] - out.println("Test Case Passed for " + toolTip): null

2022-01-09 23:45:29 - [TEST_STEP][PASSED] - testToolTip("Object Repository/Tool tips/button_Preview", "Preview"): null

2022-01-09 23:45:29 - [TEST_STEP][PASSED] - actualTooltip = getAttribute(findTestObject(button), "title"): Attribute 'title' of object 'Object Repository/Tool tips/button_Preview' is: 'Preview'

2022-01-09 23:45:30 - [MESSAGE][PASSED] - Attribute 'title' of object 'Object Repository/Tool tips/button_Preview' is: 'Preview'

2022-01-09 23:45:30 - [TEST_STEP][PASSED] - out.println("Actual Title of Tool Tip for button " + toolTip + " is " + actualTooltip): null

2022-01-09 23:45:30 - [TEST_STEP][PASSED] - expectedTooltip = toolTip: null

2022-01-09 23:45:30 - [TEST_STEP][PASSED] - if (actualTooltip.equals(expectedTooltip)): null

2022-01-09 23:45:30 - [TEST_STEP][PASSED] - out.println("Test Case Passed for " + toolTip): null

2022-01-09 23:45:30 - [TEST_STEP][PASSED] - testToolTip("Object Repository/Tool tips/button_add a new row", "Add a Row"): null

2022-01-09 23:45:30 - [TEST_STEP][PASSED] - actualTooltip = getAttribute(findTestObject(button), "title"): Attribute 'title' of object 'Object Repository/Tool tips/button_add a new row' is: 'Add a Row'

2022-01-09 23:45:30 - [MESSAGE][PASSED] - Attribute 'title' of object 'Object Repository/Tool tips/button_add a new row' is: 'Add a Row'

2022-01-09 23:45:30 - [TEST_STEP][PASSED] - out.println("Actual Title of Tool Tip for button " + toolTip + " is " + actualTooltip): null

2022-01-09 23:45:30 - [TEST_STEP][PASSED] - expectedTooltip = toolTip: null

2022-01-09 23:45:30 - [TEST_STEP][PASSED] - if (actualTooltip.equals(expectedTooltip)): null

2022-01-09 23:45:30 - [TEST_STEP][PASSED] - out.println("Test Case Passed for " + toolTip): null

2022-01-09 23:45:30 - [TEST_STEP][PASSED] - testToolTip("Object Repository/Tool tips/button_Delete new row", "Delete a Row"): null

2022-01-09 23:45:30 - [TEST_STEP][PASSED] - actualTooltip = getAttribute(findTestObject(button), "title"): Attribute 'title' of object 'Object Repository/Tool tips/button_Delete new row' is: 'Delete a Row'

2022-01-09 23:45:31 - [MESSAGE][PASSED] - Attribute 'title' of object 'Object Repository/Tool tips/button_Delete new row' is: 'Delete a Row'

2022-01-09 23:45:31 - [TEST_STEP][PASSED] - out.println("Actual Title of Tool Tip for button " + toolTip + " is " + actualTooltip): null

2022-01-09 23:45:31 - [TEST_STEP][PASSED] - expectedTooltip = toolTip: null

2022-01-09 23:45:31 - [TEST_STEP][PASSED] - if (actualTooltip.equals(expectedTooltip)): null

2022-01-09 23:45:31 - [TEST_STEP][PASSED] - out.println("Test Case Passed for " + toolTip): null

2022-01-09 23:45:31 - [TEST_STEP][PASSED] - testToolTip("Object Repository/Tool tips/button_Move Row Down", "Move Row Down"): null

2022-01-09 23:45:31 - [TEST_STEP][PASSED] - actualTooltip = getAttribute(findTestObject(button), "title"): Attribute 'title' of object 'Object Repository/Tool tips/button_Move Row Down' is: 'Move Row Down'

2022-01-09 23:45:31 - [MESSAGE][PASSED] - Attribute 'title' of object 'Object Repository/Tool tips/button_Move Row Down' is: 'Move Row Down'

2022-01-09 23:45:31 - [TEST_STEP][PASSED] - out.println("Actual Title of Tool Tip for button " + toolTip + " is " + actualTooltip): null

2022-01-09 23:45:31 - [TEST_STEP][PASSED] - expectedTooltip = toolTip: null

2022-01-09 23:45:31 - [TEST_STEP][PASSED] - if (actualTooltip.equals(expectedTooltip)): null

2022-01-09 23:45:31 - [TEST_STEP][PASSED] - out.println("Test Case Passed for " + toolTip): null

2022-01-09 23:45:31 - [TEST_STEP][PASSED] - testToolTip("Object Repository/Tool tips/button_Move row up", "Move Row Up"): null

2022-01-09 23:45:31 - [TEST_STEP][FAILED] - actualTooltip = getAttribute(findTestObject(button), "title"): Unable to get attribute 'title' of object 'Object Repository/Tool tips/button_Move row up' (Root cause: com.kms.katalon.core.exception.StepFailedException: Unable to get attribute 'title' of object 'Object Repository/Tool tips/button_Move row up'
	at com.kms.katalon.core.webui.keyword.internal.WebUIKeywordMain.stepFailed(WebUIKeywordMain.groovy:64)
	at com.kms.katalon.core.webui.keyword.internal.WebUIKeywordMain.runKeyword(WebUIKeywordMain.groovy:26)
	at com.kms.katalon.core.webui.keyword.builtin.GetAttributeKeyword.getAttribute(GetAttributeKeyword.groovy:93)
	at com.kms.katalon.core.webui.keyword.builtin.GetAttributeKeyword.execute(GetAttributeKeyword.groovy:68)
	at com.kms.katalon.core.keyword.internal.KeywordExecutor.executeKeywordForPlatform(KeywordExecutor.groovy:74)
	at com.kms.katalon.core.webui.keyword.WebUiBuiltInKeywords.getAttribute(WebUiBuiltInKeywords.groovy:951)
	at com.kms.katalon.core.webui.keyword.WebUiBuiltInKeywords$getAttribute$13.call(Unknown Source)
	at tN_Tool Tips.testToolTip(tN_Tool Tips:49)
	at tN_Tool Tips.run(tN_Tool Tips:40)
	at com.kms.katalon.core.main.ScriptEngine.run(ScriptEngine.java:194)
	at com.kms.katalon.core.main.ScriptEngine.runScriptAsRawText(ScriptEngine.java:119)
	at com.kms.katalon.core.main.TestCaseExecutor.runScript(TestCaseExecutor.java:430)
	at com.kms.katalon.core.main.TestCaseExecutor.doExecute(TestCaseExecutor.java:421)
	at com.kms.katalon.core.main.TestCaseExecutor.processExecutionPhase(TestCaseExecutor.java:400)
	at com.kms.katalon.core.main.TestCaseExecutor.accessMainPhase(TestCaseExecutor.java:392)
	at com.kms.katalon.core.main.TestCaseExecutor.execute(TestCaseExecutor.java:273)
	at com.kms.katalon.core.main.TestSuiteExecutor.accessTestCaseMainPhase(TestSuiteExecutor.java:202)
	at com.kms.katalon.core.main.TestSuiteExecutor.accessTestSuiteMainPhase(TestSuiteExecutor.java:164)
	at com.kms.katalon.core.main.TestSuiteExecutor.execute(TestSuiteExecutor.java:105)
	at com.kms.katalon.core.main.TestCaseMain.startTestSuite(TestCaseMain.java:185)
	at com.kms.katalon.core.main.TestCaseMain$startTestSuite$0.call(Unknown Source)
	at TempTestSuite1641788891534.run(TempTestSuite1641788891534.groovy:36)
Caused by: com.kms.katalon.core.webui.exception.WebElementNotFoundException: Web element with id: 'Object Repository/Tool tips/button_Move row up' located by '//*[@type = 'button' and @title = 'Move Row Up']' not found
	at com.kms.katalon.core.webui.common.WebUiCommonHelper.findWebElement(WebUiCommonHelper.java:1368)
	at com.kms.katalon.core.webui.keyword.internal.WebUIAbstractKeyword.findWebElement(WebUIAbstractKeyword.groovy:27)
	at com.kms.katalon.core.webui.keyword.internal.WebUIAbstractKeyword.findWebElement(WebUIAbstractKeyword.groovy:26)
	at com.kms.katalon.core.webui.keyword.builtin.GetAttributeKeyword$_getAttribute_closure1.doCall(GetAttributeKeyword.groovy:83)
	at com.kms.katalon.core.webui.keyword.builtin.GetAttributeKeyword$_getAttribute_closure1.call(GetAttributeKeyword.groovy)
	at com.kms.katalon.core.webui.keyword.internal.WebUIKeywordMain.runKeyword(WebUIKeywordMain.groovy:20)
	at com.kms.katalon.core.webui.keyword.builtin.GetAttributeKeyword.getAttribute(GetAttributeKeyword.groovy:93)
	at com.kms.katalon.core.webui.keyword.builtin.GetAttributeKeyword.execute(GetAttributeKeyword.groovy:68)
	at com.kms.katalon.core.keyword.internal.KeywordExecutor.executeKeywordForPlatform(KeywordExecutor.groovy:74)
	at com.kms.katalon.core.webui.keyword.WebUiBuiltInKeywords.getAttribute(WebUiBuiltInKeywords.groovy:951)
	at com.kms.katalon.core.webui.keyword.WebUiBuiltInKeywords$getAttribute$13.call(Unknown Source)
	at Script1613708726293.testToolTip(Script1613708726293.groovy:49)
	at Script1613708726293.run(Script1613708726293.groovy:40)
	... 13 more
)

2022-01-10 00:40:14 - [MESSAGE][INFO] - Unable to find the element located by 'By.xpath: //*[@type = 'button' and @title = 'Move Row Up']'. Please recheck the objects properties to make sure the desired element is located. 

2022-01-10 00:40:14 - [MESSAGE][FAILED] - Unable to get attribute 'title' of object 'Object Repository/Tool tips/button_Move row up' (Root cause: com.kms.katalon.core.exception.StepFailedException: Unable to get attribute 'title' of object 'Object Repository/Tool tips/button_Move row up'
	at com.kms.katalon.core.webui.keyword.internal.WebUIKeywordMain.stepFailed(WebUIKeywordMain.groovy:64)
	at com.kms.katalon.core.webui.keyword.internal.WebUIKeywordMain.runKeyword(WebUIKeywordMain.groovy:26)
	at com.kms.katalon.core.webui.keyword.builtin.GetAttributeKeyword.getAttribute(GetAttributeKeyword.groovy:93)
	at com.kms.katalon.core.webui.keyword.builtin.GetAttributeKeyword.execute(GetAttributeKeyword.groovy:68)
	at com.kms.katalon.core.keyword.internal.KeywordExecutor.executeKeywordForPlatform(KeywordExecutor.groovy:74)
	at com.kms.katalon.core.webui.keyword.WebUiBuiltInKeywords.getAttribute(WebUiBuiltInKeywords.groovy:951)
	at com.kms.katalon.core.webui.keyword.WebUiBuiltInKeywords$getAttribute$13.call(Unknown Source)
	at tN_Tool Tips.testToolTip(tN_Tool Tips:49)
	at tN_Tool Tips.run(tN_Tool Tips:40)
	at com.kms.katalon.core.main.ScriptEngine.run(ScriptEngine.java:194)
	at com.kms.katalon.core.main.ScriptEngine.runScriptAsRawText(ScriptEngine.java:119)
	at com.kms.katalon.core.main.TestCaseExecutor.runScript(TestCaseExecutor.java:430)
	at com.kms.katalon.core.main.TestCaseExecutor.doExecute(TestCaseExecutor.java:421)
	at com.kms.katalon.core.main.TestCaseExecutor.processExecutionPhase(TestCaseExecutor.java:400)
	at com.kms.katalon.core.main.TestCaseExecutor.accessMainPhase(TestCaseExecutor.java:392)
	at com.kms.katalon.core.main.TestCaseExecutor.execute(TestCaseExecutor.java:273)
	at com.kms.katalon.core.main.TestSuiteExecutor.accessTestCaseMainPhase(TestSuiteExecutor.java:202)
	at com.kms.katalon.core.main.TestSuiteExecutor.accessTestSuiteMainPhase(TestSuiteExecutor.java:164)
	at com.kms.katalon.core.main.TestSuiteExecutor.execute(TestSuiteExecutor.java:105)
	at com.kms.katalon.core.main.TestCaseMain.startTestSuite(TestCaseMain.java:185)
	at com.kms.katalon.core.main.TestCaseMain$startTestSuite$0.call(Unknown Source)
	at TempTestSuite1641788891534.run(TempTestSuite1641788891534.groovy:36)
Caused by: com.kms.katalon.core.webui.exception.WebElementNotFoundException: Web element with id: 'Object Repository/Tool tips/button_Move row up' located by '//*[@type = 'button' and @title = 'Move Row Up']' not found
	at com.kms.katalon.core.webui.common.WebUiCommonHelper.findWebElement(WebUiCommonHelper.java:1368)
	at com.kms.katalon.core.webui.keyword.internal.WebUIAbstractKeyword.findWebElement(WebUIAbstractKeyword.groovy:27)
	at com.kms.katalon.core.webui.keyword.internal.WebUIAbstractKeyword.findWebElement(WebUIAbstractKeyword.groovy:26)
	at com.kms.katalon.core.webui.keyword.builtin.GetAttributeKeyword$_getAttribute_closure1.doCall(GetAttributeKeyword.groovy:83)
	at com.kms.katalon.core.webui.keyword.builtin.GetAttributeKeyword$_getAttribute_closure1.call(GetAttributeKeyword.groovy)
	at com.kms.katalon.core.webui.keyword.internal.WebUIKeywordMain.runKeyword(WebUIKeywordMain.groovy:20)
	at com.kms.katalon.core.webui.keyword.builtin.GetAttributeKeyword.getAttribute(GetAttributeKeyword.groovy:93)
	at com.kms.katalon.core.webui.keyword.builtin.GetAttributeKeyword.execute(GetAttributeKeyword.groovy:68)
	at com.kms.katalon.core.keyword.internal.KeywordExecutor.executeKeywordForPlatform(KeywordExecutor.groovy:74)
	at com.kms.katalon.core.webui.keyword.WebUiBuiltInKeywords.getAttribute(WebUiBuiltInKeywords.groovy:951)
	at com.kms.katalon.core.webui.keyword.WebUiBuiltInKeywords$getAttribute$13.call(Unknown Source)
	at Script1613708726293.testToolTip(Script1613708726293.groovy:49)
	at Script1613708726293.run(Script1613708726293.groovy:40)
	... 13 more
)
[[ATTACHMENT|/Users/elsylitsonlambert/git/tcCreateQA/Reports/20220109_232810/Test Suite1- Regression/20220109_232811/1641793214304.png]]

2022-01-10 00:40:14 - [TEST_STEP][PASSED] - out.println("Actual Title of Tool Tip for button " + toolTip + " is " + actualTooltip): null

2022-01-10 00:40:14 - [TEST_STEP][PASSED] - expectedTooltip = toolTip: null

2022-01-10 00:40:14 - [TEST_STEP][PASSED] - if (actualTooltip.equals(expectedTooltip)): null

2022-01-10 00:40:14 - [TEST_STEP][PASSED] - else: null

2022-01-10 00:40:14 - [TEST_STEP][PASSED] - out.println("Test Case failed- Tool tips are different"): null

2022-01-10 00:40:14 - [TEST_STEP][PASSED] - testToolTip("Object Repository/Tool tips/button_Manage Versions", "Manage Versions"): null

2022-01-10 00:40:14 - [TEST_STEP][PASSED] - actualTooltip = getAttribute(findTestObject(button), "title"): Attribute 'title' of object 'Object Repository/Tool tips/button_Manage Versions' is: 'Manage Versions'

2022-01-10 00:40:15 - [MESSAGE][PASSED] - Attribute 'title' of object 'Object Repository/Tool tips/button_Manage Versions' is: 'Manage Versions'

2022-01-10 00:40:15 - [TEST_STEP][PASSED] - out.println("Actual Title of Tool Tip for button " + toolTip + " is " + actualTooltip): null

2022-01-10 00:40:15 - [TEST_STEP][PASSED] - expectedTooltip = toolTip: null

2022-01-10 00:40:15 - [TEST_STEP][PASSED] - if (actualTooltip.equals(expectedTooltip)): null

2022-01-10 00:40:15 - [TEST_STEP][PASSED] - out.println("Test Case Passed for " + toolTip): null

2022-01-10 00:40:15 - [TEST_STEP][PASSED] - scrollToElement(findTestObject("Object Repository/Tool tips/button_Expand chapter"), 2): Scroll to object 'Object Repository/Tool tips/button_Expand chapter' successfully

2022-01-10 00:40:15 - [MESSAGE][PASSED] - Scroll to object 'Object Repository/Tool tips/button_Expand chapter' successfully

2022-01-10 00:40:15 - [TEST_STEP][PASSED] - testToggleTip("Object Repository/Tool tips/button_Expand chapter", "Expand Chapter", "Object Repository/Tool tips/button_collapse-chapter", "Collapse Chapter"): null

2022-01-10 00:40:15 - [TEST_STEP][PASSED] - actualTooltip = getAttribute(findTestObject(button1), "title"): Attribute 'title' of object 'Object Repository/Tool tips/button_Expand chapter' is: 'Expand Chapter'

2022-01-10 00:40:16 - [MESSAGE][PASSED] - Attribute 'title' of object 'Object Repository/Tool tips/button_Expand chapter' is: 'Expand Chapter'

2022-01-10 00:40:16 - [TEST_STEP][PASSED] - out.println("Actual Title of Tool Tip for button " + toolTip + " is " + actualTooltip): null

2022-01-10 00:40:16 - [TEST_STEP][PASSED] - expectedTooltip = toolTip: null

2022-01-10 00:40:16 - [TEST_STEP][PASSED] - if (actualTooltip.equals(expectedTooltip)): null

2022-01-10 00:40:16 - [TEST_STEP][PASSED] - out.println("Test Case Passed for " + toolTip): null

2022-01-10 00:40:16 - [TEST_STEP][PASSED] - delay(2): Delayed 2 second(s)

2022-01-10 00:40:18 - [MESSAGE][PASSED] - Delayed 2 second(s)

2022-01-10 00:40:18 - [TEST_STEP][PASSED] - click(findTestObject(button1)): Object: 'Object Repository/Tool tips/button_Expand chapter' is clicked on

2022-01-10 00:40:19 - [MESSAGE][PASSED] - Object: 'Object Repository/Tool tips/button_Expand chapter' is clicked on

2022-01-10 00:40:19 - [TEST_STEP][PASSED] - button = toggleButton: null

2022-01-10 00:40:19 - [TEST_STEP][PASSED] - toggleTipTest = toggleTip: null

2022-01-10 00:40:19 - [TEST_STEP][PASSED] - out.println("Togglebutton" + button): null

2022-01-10 00:40:19 - [TEST_STEP][PASSED] - out.println("ToggleTip" + toggleTipTest): null

2022-01-10 00:40:19 - [TEST_STEP][PASSED] - delay(2): Delayed 2 second(s)

2022-01-10 00:40:21 - [MESSAGE][PASSED] - Delayed 2 second(s)

2022-01-10 00:40:21 - [TEST_STEP][PASSED] - testToolTip(button, toggleTipTest): null

2022-01-10 00:40:21 - [TEST_STEP][PASSED] - actualTooltip = getAttribute(findTestObject(button), "title"): Attribute 'title' of object 'Object Repository/Tool tips/button_collapse-chapter' is: ''

2022-01-10 00:40:22 - [MESSAGE][PASSED] - Attribute 'title' of object 'Object Repository/Tool tips/button_collapse-chapter' is: ''

2022-01-10 00:40:22 - [TEST_STEP][PASSED] - out.println("Actual Title of Tool Tip for button " + toolTip + " is " + actualTooltip): null

2022-01-10 00:40:22 - [TEST_STEP][PASSED] - expectedTooltip = toolTip: null

2022-01-10 00:40:22 - [TEST_STEP][PASSED] - if (actualTooltip.equals(expectedTooltip)): null

2022-01-10 00:40:22 - [TEST_STEP][PASSED] - else: null

2022-01-10 00:40:22 - [TEST_STEP][PASSED] - out.println("Test Case failed- Tool tips are different"): null

2022-01-10 00:40:22 - [TEST_STEP][PASSED] - closeBrowser(): Browser is closed

2022-01-10 00:40:22 - [MESSAGE][PASSED] - Browser is closed]]></system-out>
         <system-err><![CDATA[2022-01-09 23:45:01 - [TEST_CASE][FAILED] - Test Cases/tCC Test Cases/tN_Tool Tips: Test Cases/tCC Test Cases/tN_Tool Tips FAILED.
Reason:
com.kms.katalon.core.exception.StepFailedException: Unable to get attribute 'title' of object 'Object Repository/Tool tips/button_Move row up' (Root cause: com.kms.katalon.core.exception.StepFailedException: Unable to get attribute 'title' of object 'Object Repository/Tool tips/button_Move row up'
	at com.kms.katalon.core.webui.keyword.internal.WebUIKeywordMain.stepFailed(WebUIKeywordMain.groovy:64)
	at com.kms.katalon.core.webui.keyword.internal.WebUIKeywordMain.runKeyword(WebUIKeywordMain.groovy:26)
	at com.kms.katalon.core.webui.keyword.builtin.GetAttributeKeyword.getAttribute(GetAttributeKeyword.groovy:93)
	at com.kms.katalon.core.webui.keyword.builtin.GetAttributeKeyword.execute(GetAttributeKeyword.groovy:68)
	at com.kms.katalon.core.keyword.internal.KeywordExecutor.executeKeywordForPlatform(KeywordExecutor.groovy:74)
	at com.kms.katalon.core.webui.keyword.WebUiBuiltInKeywords.getAttribute(WebUiBuiltInKeywords.groovy:951)
	at com.kms.katalon.core.webui.keyword.WebUiBuiltInKeywords$getAttribute$13.call(Unknown Source)
	at tN_Tool Tips.testToolTip(tN_Tool Tips:49)
	at tN_Tool Tips.run(tN_Tool Tips:40)
	at com.kms.katalon.core.main.ScriptEngine.run(ScriptEngine.java:194)
	at com.kms.katalon.core.main.ScriptEngine.runScriptAsRawText(ScriptEngine.java:119)
	at com.kms.katalon.core.main.TestCaseExecutor.runScript(TestCaseExecutor.java:430)
	at com.kms.katalon.core.main.TestCaseExecutor.doExecute(TestCaseExecutor.java:421)
	at com.kms.katalon.core.main.TestCaseExecutor.processExecutionPhase(TestCaseExecutor.java:400)
	at com.kms.katalon.core.main.TestCaseExecutor.accessMainPhase(TestCaseExecutor.java:392)
	at com.kms.katalon.core.main.TestCaseExecutor.execute(TestCaseExecutor.java:273)
	at com.kms.katalon.core.main.TestSuiteExecutor.accessTestCaseMainPhase(TestSuiteExecutor.java:202)
	at com.kms.katalon.core.main.TestSuiteExecutor.accessTestSuiteMainPhase(TestSuiteExecutor.java:164)
	at com.kms.katalon.core.main.TestSuiteExecutor.execute(TestSuiteExecutor.java:105)
	at com.kms.katalon.core.main.TestCaseMain.startTestSuite(TestCaseMain.java:185)
	at com.kms.katalon.core.main.TestCaseMain$startTestSuite$0.call(Unknown Source)
	at TempTestSuite1641788891534.run(TempTestSuite1641788891534.groovy:36)
Caused by: com.kms.katalon.core.webui.exception.WebElementNotFoundException: Web element with id: 'Object Repository/Tool tips/button_Move row up' located by '//*[@type = 'button' and @title = 'Move Row Up']' not found
	at com.kms.katalon.core.webui.common.WebUiCommonHelper.findWebElement(WebUiCommonHelper.java:1368)
	at com.kms.katalon.core.webui.keyword.internal.WebUIAbstractKeyword.findWebElement(WebUIAbstractKeyword.groovy:27)
	at com.kms.katalon.core.webui.keyword.internal.WebUIAbstractKeyword.findWebElement(WebUIAbstractKeyword.groovy:26)
	at com.kms.katalon.core.webui.keyword.builtin.GetAttributeKeyword$_getAttribute_closure1.doCall(GetAttributeKeyword.groovy:83)
	at com.kms.katalon.core.webui.keyword.builtin.GetAttributeKeyword$_getAttribute_closure1.call(GetAttributeKeyword.groovy)
	at com.kms.katalon.core.webui.keyword.internal.WebUIKeywordMain.runKeyword(WebUIKeywordMain.groovy:20)
	at com.kms.katalon.core.webui.keyword.builtin.GetAttributeKeyword.getAttribute(GetAttributeKeyword.groovy:93)
	at com.kms.katalon.core.webui.keyword.builtin.GetAttributeKeyword.execute(GetAttributeKeyword.groovy:68)
	at com.kms.katalon.core.keyword.internal.KeywordExecutor.executeKeywordForPlatform(KeywordExecutor.groovy:74)
	at com.kms.katalon.core.webui.keyword.WebUiBuiltInKeywords.getAttribute(WebUiBuiltInKeywords.groovy:951)
	at com.kms.katalon.core.webui.keyword.WebUiBuiltInKeywords$getAttribute$13.call(Unknown Source)
	at Script1613708726293.testToolTip(Script1613708726293.groovy:49)
	at Script1613708726293.run(Script1613708726293.groovy:40)
	... 13 more
)
	at com.kms.katalon.core.keyword.internal.KeywordMain.stepFailed(KeywordMain.groovy:39)
	at com.kms.katalon.core.webui.keyword.internal.WebUIKeywordMain.stepFailed(WebUIKeywordMain.groovy:64)
	at com.kms.katalon.core.webui.keyword.internal.WebUIKeywordMain.runKeyword(WebUIKeywordMain.groovy:26)
	at com.kms.katalon.core.webui.keyword.builtin.GetAttributeKeyword.getAttribute(GetAttributeKeyword.groovy:93)
	at com.kms.katalon.core.webui.keyword.builtin.GetAttributeKeyword.execute(GetAttributeKeyword.groovy:68)
	at com.kms.katalon.core.keyword.internal.KeywordExecutor.executeKeywordForPlatform(KeywordExecutor.groovy:74)
	at com.kms.katalon.core.webui.keyword.WebUiBuiltInKeywords.getAttribute(WebUiBuiltInKeywords.groovy:951)
	at com.kms.katalon.core.webui.keyword.WebUiBuiltInKeywords$getAttribute$13.call(Unknown Source)
	at tN_Tool Tips.testToolTip(tN_Tool Tips:49)
	at tN_Tool Tips.run(tN_Tool Tips:40)
	at com.kms.katalon.core.main.ScriptEngine.run(ScriptEngine.java:194)
	at com.kms.katalon.core.main.ScriptEngine.runScriptAsRawText(ScriptEngine.java:119)
	at com.kms.katalon.core.main.TestCaseExecutor.runScript(TestCaseExecutor.java:430)
	at com.kms.katalon.core.main.TestCaseExecutor.doExecute(TestCaseExecutor.java:421)
	at com.kms.katalon.core.main.TestCaseExecutor.processExecutionPhase(TestCaseExecutor.java:400)
	at com.kms.katalon.core.main.TestCaseExecutor.accessMainPhase(TestCaseExecutor.java:392)
	at com.kms.katalon.core.main.TestCaseExecutor.execute(TestCaseExecutor.java:273)
	at com.kms.katalon.core.main.TestSuiteExecutor.accessTestCaseMainPhase(TestSuiteExecutor.java:202)
	at com.kms.katalon.core.main.TestSuiteExecutor.accessTestSuiteMainPhase(TestSuiteExecutor.java:164)
	at com.kms.katalon.core.main.TestSuiteExecutor.execute(TestSuiteExecutor.java:105)
	at com.kms.katalon.core.main.TestCaseMain.startTestSuite(TestCaseMain.java:185)
	at com.kms.katalon.core.main.TestCaseMain$startTestSuite$0.call(Unknown Source)
	at TempTestSuite1641788891534.run(TempTestSuite1641788891534.groovy:36)
Caused by: com.kms.katalon.core.exception.StepFailedException: Unable to get attribute 'title' of object 'Object Repository/Tool tips/button_Move row up'
	... 22 more
Caused by: com.kms.katalon.core.webui.exception.WebElementNotFoundException: Web element with id: 'Object Repository/Tool tips/button_Move row up' located by '//*[@type = 'button' and @title = 'Move Row Up']' not found
	at com.kms.katalon.core.webui.common.WebUiCommonHelper.findWebElement(WebUiCommonHelper.java:1368)
	at com.kms.katalon.core.webui.keyword.internal.WebUIAbstractKeyword.findWebElement(WebUIAbstractKeyword.groovy:27)
	at com.kms.katalon.core.webui.keyword.internal.WebUIAbstractKeyword.findWebElement(WebUIAbstractKeyword.groovy:26)
	at com.kms.katalon.core.webui.keyword.builtin.GetAttributeKeyword$_getAttribute_closure1.doCall(GetAttributeKeyword.groovy:83)
	at com.kms.katalon.core.webui.keyword.builtin.GetAttributeKeyword$_getAttribute_closure1.call(GetAttributeKeyword.groovy)
	at com.kms.katalon.core.webui.keyword.internal.WebUIKeywordMain.runKeyword(WebUIKeywordMain.groovy:20)
	... 20 more]]></system-err>
      </testcase>
      <testcase name="Test Cases/tCC Test Cases/tA buttons funtions" time="36.914" classname="Test Cases/tCC Test Cases/tA buttons funtions" status="PASSED">
         <system-out><![CDATA[2022-01-10 00:40:22 - [TEST_CASE][PASSED] - Test Cases/tCC Test Cases/tA buttons funtions: Test Cases/tCC Test Cases/tA buttons funtions

2022-01-10 00:40:22 - [TEST_STEP][PASSED] - com.tccreate.keywords.WriteToFile.writeTofilename("tA-buttons"): com.tccreate.keywords.WriteToFile.writeTofilename is PASSED

2022-01-10 00:40:22 - [MESSAGE][PASSED] - com.tccreate.keywords.WriteToFile.writeTofilename is PASSED

2022-01-10 00:40:22 - [TEST_STEP][PASSED] - com.helper.login.TimeDate.getTimeDate(): com.helper.login.TimeDate.getTimeDate is PASSED

2022-01-10 00:40:22 - [MESSAGE][INFO] - Time at which the test run:2022-01-10 00:40:22.483

2022-01-10 00:40:22 - [MESSAGE][PASSED] - com.helper.login.TimeDate.getTimeDate is PASSED

2022-01-10 00:40:22 - [TEST_STEP][PASSED] - com.helper.login.loginhelper.logintoapp(): com.helper.login.loginhelper.logintoapp is PASSED

2022-01-10 00:40:22 - [MESSAGE][INFO] - Starting 'Chrome' driver

2022-01-10 00:40:22 - [MESSAGE][INFO] - Action delay is set to 1,000 milliseconds

2022-01-10 00:40:23 - [MESSAGE][WARNING] - FFmpeg was not installed! Browser Recording will be disabled. Please follow this document to install FFmpeg first: https://docs.katalon.com/katalon-studio/docs/screenshots-videos.html#browser-based-recorder

2022-01-10 00:40:28 - [MESSAGE][PASSED] - Browser is opened with url: 'https://stage--tc-create-app.netlify.app/'

2022-01-10 00:40:28 - [MESSAGE][PASSED] - Wait for page load successfully

2022-01-10 00:40:28 - [MESSAGE][PASSED] - Current window maximized

2022-01-10 00:40:30 - [MESSAGE][PASSED] - Keys 'elsylambert' sent to object: 'Object Repository/Page_tC Create/input__username'

2022-01-10 00:40:31 - [MESSAGE][PASSED] - Keys 'fatak43' sent to object: 'Object Repository/Page_tC Create/input__password'

2022-01-10 00:40:33 - [MESSAGE][PASSED] - Object: 'Object Repository/Page_tC Create/button_Login' is clicked on

2022-01-10 00:40:34 - [MESSAGE][PASSED] - Delayed 1 second(s)

2022-01-10 00:40:36 - [MESSAGE][PASSED] - Text of object 'Object Repository/Page_tC Create/tcc-version number' is: 'translationCore Create - v1.4.0 build 113-e01d8f1'

2022-01-10 00:40:36 - [MESSAGE][INFO] - : The current version and build number is translationCore Create - v1.4.0 build 113-e01d8f1

2022-01-10 00:40:36 - [MESSAGE][PASSED] - com.helper.login.loginhelper.logintoapp is PASSED

2022-01-10 00:40:36 - [TEST_STEP][PASSED] - com.tccreate.keywords.selectOrg.organization(""): com.tccreate.keywords.selectOrg.organization is PASSED

2022-01-10 00:40:37 - [MESSAGE][PASSED] - Object: 'Object Repository/Page_tC Create/listOption_organisation_Parmed' is clicked on

2022-01-10 00:40:39 - [MESSAGE][WARNING] - No alert found after 2 second(s).

2022-01-10 00:40:39 - [MESSAGE][PASSED] - com.tccreate.keywords.selectOrg.organization is PASSED

2022-01-10 00:40:39 - [TEST_STEP][PASSED] - com.tccreate.keywords.selectOrg.resource("unfoldingWordÂ® Translation Academy"): com.tccreate.keywords.selectOrg.resource is PASSED

2022-01-10 00:40:41 - [MESSAGE][PASSED] - Object: 'Object Repository/Page_tC Create/resource_Parmed' is clicked on

2022-01-10 00:40:41 - [MESSAGE][PASSED] - com.tccreate.keywords.selectOrg.resource is PASSED

2022-01-10 00:40:41 - [TEST_STEP][PASSED] - com.tccreate.keywords.selectOrg.language(""): com.tccreate.keywords.selectOrg.language is PASSED

2022-01-10 00:40:42 - [MESSAGE][PASSED] - Object: 'Object Repository/Page_tC Create/combo_Select Language' is clicked on

2022-01-10 00:40:44 - [MESSAGE][PASSED] - Object: 'Object Repository/Page_tC Create/listOption_Language_Parmed' is clicked on

2022-01-10 00:40:44 - [MESSAGE][PASSED] - com.tccreate.keywords.selectOrg.language is PASSED

2022-01-10 00:40:44 - [TEST_STEP][PASSED] - click(findTestObject("Page_tC Create/span_translate")): Object: 'Object Repository/Page_tC Create/span_translate' is clicked on

2022-01-10 00:40:46 - [MESSAGE][PASSED] - Object: 'Object Repository/Page_tC Create/span_translate' is clicked on

2022-01-10 00:40:46 - [TEST_STEP][PASSED] - click(findTestObject("Object Repository/Page_tC Create/span_bita-farming")): Object: 'Object Repository/Page_tC Create/span_bita-farming' is clicked on

2022-01-10 00:40:48 - [MESSAGE][PASSED] - Object: 'Object Repository/Page_tC Create/span_bita-farming' is clicked on

2022-01-10 00:40:48 - [TEST_STEP][PASSED] - click(findTestObject("Object Repository/Page_tC Create/span_01.md")): Object: 'Object Repository/Page_tC Create/span_01.md' is clicked on

2022-01-10 00:40:50 - [MESSAGE][PASSED] - Object: 'Object Repository/Page_tC Create/span_01.md' is clicked on

2022-01-10 00:40:50 - [TEST_STEP][PASSED] - click(findTestObject("Object Repository/tA/button_Sections")): Object: 'Object Repository/tA/button_Sections' is clicked on

2022-01-10 00:40:53 - [MESSAGE][PASSED] - Object: 'Object Repository/tA/button_Sections' is clicked on

2022-01-10 00:40:53 - [TEST_STEP][PASSED] - if (verifyElementNotPresent(findTestObject("Object Repository/tA/div_A FARMER represents God, collapse tab"), 2, CONTINUE_ON_FAILURE)): null

2022-01-10 00:40:54 - [MESSAGE][PASSED] - Web element with id: 'Object Repository/tA/div_A FARMER represents God, collapse tab' located by 'By.xpath: //div[@id='root']/div/div/div/div[2]/div[2]/div[2]/div/div[2]' is not present after '2' second(s)

2022-01-10 00:40:54 - [TEST_STEP][PASSED] - logInfo("Collapsable Sections are not visible and is expanded as expected 
"): Collapsable Sections are not visible and is expanded as expected 


2022-01-10 00:40:54 - [MESSAGE][INFO] - Collapsable Sections are not visible and is expanded as expected 


2022-01-10 00:40:54 - [TEST_STEP][PASSED] - if (getText(findTestObject("Object Repository/tA/p_My well section")).contains("My well beloved had a vineyard")): null

2022-01-10 00:40:54 - [MESSAGE][PASSED] - Text of object 'Object Repository/tA/p_My well section' is: 'My well beloved had a vineyard on a very fertile hill.
He spaded it, removed the stones, and planted it with an excellent kind of vine.
He built a tower in the middle of it, and also built a winepress.
He waited for it to produce grapes, but it only produced wild grapes. (Isaiah 5:1-2)'

2022-01-10 00:40:54 - [TEST_STEP][PASSED] - logInfo("Section is expanded as expected and text is visible 
"): Section is expanded as expected and text is visible 


2022-01-10 00:40:54 - [MESSAGE][INFO] - Section is expanded as expected and text is visible 


2022-01-10 00:40:54 - [TEST_STEP][PASSED] - click(findTestObject("Object Repository/tA/button_Blocks")): Object: 'Object Repository/tA/button_Blocks' is clicked on

2022-01-10 00:40:56 - [MESSAGE][PASSED] - Object: 'Object Repository/tA/button_Blocks' is clicked on

2022-01-10 00:40:56 - [TEST_STEP][PASSED] - click(findTestObject("Object Repository/tA/button_Preview")): Object: 'Object Repository/tA/button_Preview' is clicked on

2022-01-10 00:40:58 - [MESSAGE][PASSED] - Object: 'Object Repository/tA/button_Preview' is clicked on

2022-01-10 00:40:58 - [TEST_STEP][PASSED] - if (getText(findTestObject("Object Repository/tA/block in preview mode")).contains(">")): null

2022-01-10 00:40:59 - [MESSAGE][PASSED] - Text of object 'Object Repository/tA/block in preview mode' is: 'Some common [metonymies](../figs-metonymy/01.md) and [metaphors](../figs-metaphor/01.md) from the Bible relating to farming are listed below in alphabetical order. The word in all capital letters identifies an Image that represents an Idea. The specific word of the Image may not appear in every verse that uses the Image, but the text will communicate somehow the concept of the Image.

#### A FARMER represents God, and the VINEYARD represents his chosen people test edit by the test script

> My well beloved had a **vineyard** on a very fertile hill.
> He spaded it, removed the stones, and planted it with an excellent kind of vine.
> He built a tower in the middle of it, and also built a winepress.
> He waited for it to produce grapes, but it only produced wild grapes. (Isaiah 5:1-2)
>
> For the kingdom of heaven is like a landowner who went out early in the morning to hire workers for his **vineyard**. (Matthew 20:1 ULT)
>
> There was a man, a landowner. He planted a **vineyard**, set a hedge about it, dug a winepress in it, built a watchtower, and rented it out to vine growers. Then he went into another country. (Matthew 21:33 ULT)

#### The GROUND represents peopleâs hearts (inner being)

> For Yahweh says this to each person in Judah and Jerusalem: âPlow your own **ground**, and do not sow among thorns.â (Jeremiah 4:3 ULT)
>
> When anyone hears the word of the kingdom but does not understand it â¦ This is the seed that was sown **beside the road**. That which was sown on **rocky ground** is the person who hears the word and immediately receives it with joy â¦ That which was sown **among the thorn plants**, this is the person who hears the word, but the cares of the world and the deceitfulness of riches choke the wordâ¦ That which was sown on the **good soil**, this is the person who hears the word and understands it. (Matthew 13:19-23 ULT)
>
> Break up your **unplowed ground**,
> for it is time to seek Yahweh. (Hosea 10:12 ULT)

#### SOWING represents actions or attitudes, and REAPING represents judgment or reward

> According to what I have seen, those who plow iniquity and **sow** trouble **reap** it. (Job 4:8 ULT)
>
> Do not be deceived. God is not mocked, for whatever a man **plants**, that he will also **gather** in. For he who **plants** seed to his own sinful nature, from the sinful nature **will gathe**r in destruction. But the one who **plants** seed to the Spirit, from the Spirit **will gather** in eternal life. (Galatians 6:7-8 ULT)

#### THRESHING and WINNOWING represent the separation of evil people from good people

After farmers harvest wheat and other types of grain, they bring them to a **threshing floor**, a flat place with hard ground, and have oxen pull heavy wheeled carts or sleds without wheels over the grain to **thresh** it, to separate the usable grains from the useless chaff. Then they take large forks and **winnow** the threshed grain by throwing it up in the air so the wind can carry off the chaff (waste) while the grains fall back to the threshing floor, where they can be gathered and used for food. (See âthreshâ and âwinnowâ pages in [unfoldingWordÂ® Translation Words](https://ufw.io/tw/) for help translating thresh and winnow.)

> So I will **winnow** them with a pitchfork at the gates of the land. I will bereave them. I will destroy my people since they will not turn from their ways. (Jeremiah 15:7 ULT)
>
> His **winnowing fork** is in his hand to thoroughly clear off his **threshing floor** and to gather the wheat into his storehouse. But he will burn up the chaff with unquenchable fire. (Luke 3:17 ULT)

#### GRAFTING represents Godâs allowing the Gentiles to become his people

> For if you were cut out of what is by nature a wild olive tree, and contrary to nature were **grafted** into a good olive tree, how much more will these Jews, who are the natural branches, be **grafted** back into their own olive tree? For I do not want you to be unaware, brothers, of this mystery, in order that you will not be wise in your own thinking. This mystery is that a partial hardening has occurred in Israel, until the completion of the Gentiles come in. (Romans 11:24-25 ULT)

#### RAIN represents Godâs gifts to his people

> â¦ he comes and **rains** righteousness on you. (Hosea 10:12b ULT)
>
> For the land that drinks in the **rain** that often comes on it, and that produces plants useful to those for whom the land was also cultivated, receives a blessing from God. But land that bears thorns and thistles is worthless and is about to be cursed. Its end is to be burned. (Hebrews 6:7-8 ULT)
>
> So be patient, brothers, until the Lordâs coming. See, the farmer awaits the valuable harvest from the ground. He is patiently waiting for it, until it receives the early and late **rains**. (James 5:7 ULT)'

2022-01-10 00:40:59 - [TEST_STEP][PASSED] - logInfo("Preview mode is ON as expected 
"): Preview mode is ON as expected 


2022-01-10 00:40:59 - [MESSAGE][INFO] - Preview mode is ON as expected 


2022-01-10 00:40:59 - [TEST_STEP][PASSED] - closeBrowser(): Browser is closed

2022-01-10 00:40:59 - [MESSAGE][PASSED] - Browser is closed]]></system-out>
         <system-err><![CDATA[]]></system-err>
      </testcase>
      <system-out><![CDATA[2022-01-09 23:28:13 - [TEST_SUITE][FAILED] - Test Suite1- Regression: Test Cases/tCC Test Cases/tN_undo text in tN Editor FAILED.
Reason:
com.kms.katalon.core.exception.StepFailedException: Unable to send keys 'edit again ' to object 'Object Repository/Page_tC Create/div_Introduction to TitusPart 1' (Root cause: com.kms.katalon.core.exception.StepFailedException: Unable to send keys 'edit again ' to object 'Object Repository/Page_tC Create/div_Introduction to TitusPart 1'
	at com.kms.katalon.core.webui.keyword.internal.WebUIKeywordMain.stepFailed(WebUIKeywordMain.groovy:64)
	at com.kms.katalon.core.webui.keyword.internal.WebUIKeywordMain.runKeyword(WebUIKeywordMain.groovy:26)
	at com.kms.katalon.core.webui.keyword.builtin.SendKeysKeyword.sendKeys(SendKeysKeyword.groovy:60)
	at com.kms.katalon.core.webui.keyword.builtin.SendKeysKeyword.execute(SendKeysKeyword.groovy:38)
	at com.kms.katalon.core.keyword.internal.KeywordExecutor.executeKeywordForPlatform(KeywordExecutor.groovy:74)
	at com.kms.katalon.core.webui.keyword.WebUiBuiltInKeywords.sendKeys(WebUiBuiltInKeywords.groovy:864)
	at com.kms.katalon.core.webui.keyword.WebUiBuiltInKeywords$sendKeys$2.call(Unknown Source)
	at tN_undo text in tN Editor.run(tN_undo text in tN Editor:43)
	at com.kms.katalon.core.main.ScriptEngine.run(ScriptEngine.java:194)
	at com.kms.katalon.core.main.ScriptEngine.runScriptAsRawText(ScriptEngine.java:119)
	at com.kms.katalon.core.main.TestCaseExecutor.runScript(TestCaseExecutor.java:430)
	at com.kms.katalon.core.main.TestCaseExecutor.doExecute(TestCaseExecutor.java:421)
	at com.kms.katalon.core.main.TestCaseExecutor.processExecutionPhase(TestCaseExecutor.java:400)
	at com.kms.katalon.core.main.TestCaseExecutor.accessMainPhase(TestCaseExecutor.java:392)
	at com.kms.katalon.core.main.TestCaseExecutor.execute(TestCaseExecutor.java:273)
	at com.kms.katalon.core.main.TestSuiteExecutor.accessTestCaseMainPhase(TestSuiteExecutor.java:202)
	at com.kms.katalon.core.main.TestSuiteExecutor.accessTestSuiteMainPhase(TestSuiteExecutor.java:164)
	at com.kms.katalon.core.main.TestSuiteExecutor.execute(TestSuiteExecutor.java:105)
	at com.kms.katalon.core.main.TestCaseMain.startTestSuite(TestCaseMain.java:185)
	at com.kms.katalon.core.main.TestCaseMain$startTestSuite$0.call(Unknown Source)
	at TempTestSuite1641788891534.run(TempTestSuite1641788891534.groovy:36)
Caused by: org.openqa.selenium.ElementNotInteractableException: element not interactable
  (Session info: chrome=97.0.4692.71)
Build info: version: '3.141.59', revision: 'e82be7d358', time: '2018-11-14T08:25:53'
System info: host: 'ELSYs-MacBook-Pro.local', ip: '2607:fea8:2cde:d500:0:0:0:4118%en0', os.name: 'Mac OS X', os.arch: 'x86_64', os.version: '10.16', java.version: '1.8.0_275'
Driver info: com.kms.katalon.selenium.driver.CChromeDriver
Capabilities {acceptInsecureCerts: false, browserName: chrome, browserVersion: 97.0.4692.71, chrome: {chromedriverVersion: 97.0.4692.71 (adefa7837d02a..., userDataDir: /var/folders/sf/msc8p_nx3x3...}, goog:chromeOptions: {debuggerAddress: localhost:49753}, javascriptEnabled: true, networkConnectionEnabled: false, pageLoadStrategy: normal, platform: MAC, platformName: MAC, proxy: Proxy(), setWindowRect: true, strictFileInteractability: false, timeouts: {implicit: 0, pageLoad: 300000, script: 30000}, unhandledPromptBehavior: dismiss and notify, webauthn:extension:credBlob: true, webauthn:extension:largeBlob: true, webauthn:virtualAuthenticators: true}
Session ID: 4cbb91b2dfee32bc70aa3be05e4da968
	at org.openqa.selenium.remote.http.W3CHttpResponseCodec.createException(W3CHttpResponseCodec.java:187)
	at org.openqa.selenium.remote.http.W3CHttpResponseCodec.decode(W3CHttpResponseCodec.java:122)
	at org.openqa.selenium.remote.http.W3CHttpResponseCodec.decode(W3CHttpResponseCodec.java:49)
	at org.openqa.selenium.remote.HttpCommandExecutor.execute(HttpCommandExecutor.java:158)
	at org.openqa.selenium.remote.service.DriverCommandExecutor.execute(DriverCommandExecutor.java:83)
	at org.openqa.selenium.remote.RemoteWebDriver.execute(RemoteWebDriver.java:552)
	at com.kms.katalon.selenium.driver.CChromeDriver.execute(CChromeDriver.java:19)
	at org.openqa.selenium.remote.RemoteWebElement.execute(RemoteWebElement.java:285)
	at org.openqa.selenium.remote.RemoteWebElement.sendKeys(RemoteWebElement.java:106)
	at org.openqa.selenium.support.events.EventFiringWebDriver$EventFiringWebElement.lambda$new$0(EventFiringWebDriver.java:404)
	at com.sun.proxy.$Proxy11.sendKeys(Unknown Source)
	at org.openqa.selenium.support.events.EventFiringWebDriver$EventFiringWebElement.sendKeys(EventFiringWebDriver.java:429)
	at com.kms.katalon.core.webui.keyword.builtin.SendKeysKeyword$_sendKeys_closure1.doCall(SendKeysKeyword.groovy:53)
	at com.kms.katalon.core.webui.keyword.builtin.SendKeysKeyword$_sendKeys_closure1.call(SendKeysKeyword.groovy)
	at com.kms.katalon.core.webui.keyword.internal.WebUIKeywordMain.runKeyword(WebUIKeywordMain.groovy:20)
	at com.kms.katalon.core.webui.keyword.builtin.SendKeysKeyword.sendKeys(SendKeysKeyword.groovy:60)
	at com.kms.katalon.core.webui.keyword.builtin.SendKeysKeyword.execute(SendKeysKeyword.groovy:38)
	at com.kms.katalon.core.keyword.internal.KeywordExecutor.executeKeywordForPlatform(KeywordExecutor.groovy:74)
	at com.kms.katalon.core.webui.keyword.WebUiBuiltInKeywords.sendKeys(WebUiBuiltInKeywords.groovy:864)
	at com.kms.katalon.core.webui.keyword.WebUiBuiltInKeywords$sendKeys$2.call(Unknown Source)
	at Script1613080385392.run(Script1613080385392.groovy:43)
	... 13 more
)
	at com.kms.katalon.core.keyword.internal.KeywordMain.stepFailed(KeywordMain.groovy:39)
	at com.kms.katalon.core.webui.keyword.internal.WebUIKeywordMain.stepFailed(WebUIKeywordMain.groovy:64)
	at com.kms.katalon.core.webui.keyword.internal.WebUIKeywordMain.runKeyword(WebUIKeywordMain.groovy:26)
	at com.kms.katalon.core.webui.keyword.builtin.SendKeysKeyword.sendKeys(SendKeysKeyword.groovy:60)
	at com.kms.katalon.core.webui.keyword.builtin.SendKeysKeyword.execute(SendKeysKeyword.groovy:38)
	at com.kms.katalon.core.keyword.internal.KeywordExecutor.executeKeywordForPlatform(KeywordExecutor.groovy:74)
	at com.kms.katalon.core.webui.keyword.WebUiBuiltInKeywords.sendKeys(WebUiBuiltInKeywords.groovy:864)
	at com.kms.katalon.core.webui.keyword.WebUiBuiltInKeywords$sendKeys$2.call(Unknown Source)
	at tN_undo text in tN Editor.run(tN_undo text in tN Editor:43)
	at com.kms.katalon.core.main.ScriptEngine.run(ScriptEngine.java:194)
	at com.kms.katalon.core.main.ScriptEngine.runScriptAsRawText(ScriptEngine.java:119)
	at com.kms.katalon.core.main.TestCaseExecutor.runScript(TestCaseExecutor.java:430)
	at com.kms.katalon.core.main.TestCaseExecutor.doExecute(TestCaseExecutor.java:421)
	at com.kms.katalon.core.main.TestCaseExecutor.processExecutionPhase(TestCaseExecutor.java:400)
	at com.kms.katalon.core.main.TestCaseExecutor.accessMainPhase(TestCaseExecutor.java:392)
	at com.kms.katalon.core.main.TestCaseExecutor.execute(TestCaseExecutor.java:273)
	at com.kms.katalon.core.main.TestSuiteExecutor.accessTestCaseMainPhase(TestSuiteExecutor.java:202)
	at com.kms.katalon.core.main.TestSuiteExecutor.accessTestSuiteMainPhase(TestSuiteExecutor.java:164)
	at com.kms.katalon.core.main.TestSuiteExecutor.execute(TestSuiteExecutor.java:105)
	at com.kms.katalon.core.main.TestCaseMain.startTestSuite(TestCaseMain.java:185)
	at com.kms.katalon.core.main.TestCaseMain$startTestSuite$0.call(Unknown Source)
	at TempTestSuite1641788891534.run(TempTestSuite1641788891534.groovy:36)
Caused by: com.kms.katalon.core.exception.StepFailedException: Unable to send keys 'edit again ' to object 'Object Repository/Page_tC Create/div_Introduction to TitusPart 1'
	... 21 more
Caused by: org.openqa.selenium.ElementNotInteractableException: element not interactable
  (Session info: chrome=97.0.4692.71)
Build info: version: '3.141.59', revision: 'e82be7d358', time: '2018-11-14T08:25:53'
System info: host: 'ELSYs-MacBook-Pro.local', ip: '2607:fea8:2cde:d500:0:0:0:4118%en0', os.name: 'Mac OS X', os.arch: 'x86_64', os.version: '10.16', java.version: '1.8.0_275'
Driver info: com.kms.katalon.selenium.driver.CChromeDriver
Capabilities {acceptInsecureCerts: false, browserName: chrome, browserVersion: 97.0.4692.71, chrome: {chromedriverVersion: 97.0.4692.71 (adefa7837d02a..., userDataDir: /var/folders/sf/msc8p_nx3x3...}, goog:chromeOptions: {debuggerAddress: localhost:49753}, javascriptEnabled: true, networkConnectionEnabled: false, pageLoadStrategy: normal, platform: MAC, platformName: MAC, proxy: Proxy(), setWindowRect: true, strictFileInteractability: false, timeouts: {implicit: 0, pageLoad: 300000, script: 30000}, unhandledPromptBehavior: dismiss and notify, webauthn:extension:credBlob: true, webauthn:extension:largeBlob: true, webauthn:virtualAuthenticators: true}
Session ID: 4cbb91b2dfee32bc70aa3be05e4da968
	at org.openqa.selenium.remote.http.W3CHttpResponseCodec.createException(W3CHttpResponseCodec.java:187)
	at org.openqa.selenium.remote.http.W3CHttpResponseCodec.decode(W3CHttpResponseCodec.java:122)
	at org.openqa.selenium.remote.http.W3CHttpResponseCodec.decode(W3CHttpResponseCodec.java:49)
	at org.openqa.selenium.remote.HttpCommandExecutor.execute(HttpCommandExecutor.java:158)
	at org.openqa.selenium.remote.service.DriverCommandExecutor.execute(DriverCommandExecutor.java:83)
	at org.openqa.selenium.remote.RemoteWebDriver.execute(RemoteWebDriver.java:552)
	at com.kms.katalon.selenium.driver.CChromeDriver.execute(CChromeDriver.java:19)
	at org.openqa.selenium.remote.RemoteWebElement.execute(RemoteWebElement.java:285)
	at org.openqa.selenium.remote.RemoteWebElement.sendKeys(RemoteWebElement.java:106)
	at org.openqa.selenium.support.events.EventFiringWebDriver$EventFiringWebElement.lambda$new$0(EventFiringWebDriver.java:404)
	at com.sun.proxy.$Proxy11.sendKeys(Unknown Source)
	at org.openqa.selenium.support.events.EventFiringWebDriver$EventFiringWebElement.sendKeys(EventFiringWebDriver.java:429)
	at com.kms.katalon.core.webui.keyword.builtin.SendKeysKeyword$_sendKeys_closure1.doCall(SendKeysKeyword.groovy:53)
	at com.kms.katalon.core.webui.keyword.builtin.SendKeysKeyword$_sendKeys_closure1.call(SendKeysKeyword.groovy)
	at com.kms.katalon.core.webui.keyword.internal.WebUIKeywordMain.runKeyword(WebUIKeywordMain.groovy:20)
	... 19 more]]></system-out>
      <system-err><![CDATA[2022-01-09 23:28:13 - [TEST_SUITE][FAILED] - Test Suite1- Regression: Test Cases/tCC Test Cases/tN_undo text in tN Editor FAILED.
Reason:
com.kms.katalon.core.exception.StepFailedException: Unable to send keys 'edit again ' to object 'Object Repository/Page_tC Create/div_Introduction to TitusPart 1' (Root cause: com.kms.katalon.core.exception.StepFailedException: Unable to send keys 'edit again ' to object 'Object Repository/Page_tC Create/div_Introduction to TitusPart 1'
	at com.kms.katalon.core.webui.keyword.internal.WebUIKeywordMain.stepFailed(WebUIKeywordMain.groovy:64)
	at com.kms.katalon.core.webui.keyword.internal.WebUIKeywordMain.runKeyword(WebUIKeywordMain.groovy:26)
	at com.kms.katalon.core.webui.keyword.builtin.SendKeysKeyword.sendKeys(SendKeysKeyword.groovy:60)
	at com.kms.katalon.core.webui.keyword.builtin.SendKeysKeyword.execute(SendKeysKeyword.groovy:38)
	at com.kms.katalon.core.keyword.internal.KeywordExecutor.executeKeywordForPlatform(KeywordExecutor.groovy:74)
	at com.kms.katalon.core.webui.keyword.WebUiBuiltInKeywords.sendKeys(WebUiBuiltInKeywords.groovy:864)
	at com.kms.katalon.core.webui.keyword.WebUiBuiltInKeywords$sendKeys$2.call(Unknown Source)
	at tN_undo text in tN Editor.run(tN_undo text in tN Editor:43)
	at com.kms.katalon.core.main.ScriptEngine.run(ScriptEngine.java:194)
	at com.kms.katalon.core.main.ScriptEngine.runScriptAsRawText(ScriptEngine.java:119)
	at com.kms.katalon.core.main.TestCaseExecutor.runScript(TestCaseExecutor.java:430)
	at com.kms.katalon.core.main.TestCaseExecutor.doExecute(TestCaseExecutor.java:421)
	at com.kms.katalon.core.main.TestCaseExecutor.processExecutionPhase(TestCaseExecutor.java:400)
	at com.kms.katalon.core.main.TestCaseExecutor.accessMainPhase(TestCaseExecutor.java:392)
	at com.kms.katalon.core.main.TestCaseExecutor.execute(TestCaseExecutor.java:273)
	at com.kms.katalon.core.main.TestSuiteExecutor.accessTestCaseMainPhase(TestSuiteExecutor.java:202)
	at com.kms.katalon.core.main.TestSuiteExecutor.accessTestSuiteMainPhase(TestSuiteExecutor.java:164)
	at com.kms.katalon.core.main.TestSuiteExecutor.execute(TestSuiteExecutor.java:105)
	at com.kms.katalon.core.main.TestCaseMain.startTestSuite(TestCaseMain.java:185)
	at com.kms.katalon.core.main.TestCaseMain$startTestSuite$0.call(Unknown Source)
	at TempTestSuite1641788891534.run(TempTestSuite1641788891534.groovy:36)
Caused by: org.openqa.selenium.ElementNotInteractableException: element not interactable
  (Session info: chrome=97.0.4692.71)
Build info: version: '3.141.59', revision: 'e82be7d358', time: '2018-11-14T08:25:53'
System info: host: 'ELSYs-MacBook-Pro.local', ip: '2607:fea8:2cde:d500:0:0:0:4118%en0', os.name: 'Mac OS X', os.arch: 'x86_64', os.version: '10.16', java.version: '1.8.0_275'
Driver info: com.kms.katalon.selenium.driver.CChromeDriver
Capabilities {acceptInsecureCerts: false, browserName: chrome, browserVersion: 97.0.4692.71, chrome: {chromedriverVersion: 97.0.4692.71 (adefa7837d02a..., userDataDir: /var/folders/sf/msc8p_nx3x3...}, goog:chromeOptions: {debuggerAddress: localhost:49753}, javascriptEnabled: true, networkConnectionEnabled: false, pageLoadStrategy: normal, platform: MAC, platformName: MAC, proxy: Proxy(), setWindowRect: true, strictFileInteractability: false, timeouts: {implicit: 0, pageLoad: 300000, script: 30000}, unhandledPromptBehavior: dismiss and notify, webauthn:extension:credBlob: true, webauthn:extension:largeBlob: true, webauthn:virtualAuthenticators: true}
Session ID: 4cbb91b2dfee32bc70aa3be05e4da968
	at org.openqa.selenium.remote.http.W3CHttpResponseCodec.createException(W3CHttpResponseCodec.java:187)
	at org.openqa.selenium.remote.http.W3CHttpResponseCodec.decode(W3CHttpResponseCodec.java:122)
	at org.openqa.selenium.remote.http.W3CHttpResponseCodec.decode(W3CHttpResponseCodec.java:49)
	at org.openqa.selenium.remote.HttpCommandExecutor.execute(HttpCommandExecutor.java:158)
	at org.openqa.selenium.remote.service.DriverCommandExecutor.execute(DriverCommandExecutor.java:83)
	at org.openqa.selenium.remote.RemoteWebDriver.execute(RemoteWebDriver.java:552)
	at com.kms.katalon.selenium.driver.CChromeDriver.execute(CChromeDriver.java:19)
	at org.openqa.selenium.remote.RemoteWebElement.execute(RemoteWebElement.java:285)
	at org.openqa.selenium.remote.RemoteWebElement.sendKeys(RemoteWebElement.java:106)
	at org.openqa.selenium.support.events.EventFiringWebDriver$EventFiringWebElement.lambda$new$0(EventFiringWebDriver.java:404)
	at com.sun.proxy.$Proxy11.sendKeys(Unknown Source)
	at org.openqa.selenium.support.events.EventFiringWebDriver$EventFiringWebElement.sendKeys(EventFiringWebDriver.java:429)
	at com.kms.katalon.core.webui.keyword.builtin.SendKeysKeyword$_sendKeys_closure1.doCall(SendKeysKeyword.groovy:53)
	at com.kms.katalon.core.webui.keyword.builtin.SendKeysKeyword$_sendKeys_closure1.call(SendKeysKeyword.groovy)
	at com.kms.katalon.core.webui.keyword.internal.WebUIKeywordMain.runKeyword(WebUIKeywordMain.groovy:20)
	at com.kms.katalon.core.webui.keyword.builtin.SendKeysKeyword.sendKeys(SendKeysKeyword.groovy:60)
	at com.kms.katalon.core.webui.keyword.builtin.SendKeysKeyword.execute(SendKeysKeyword.groovy:38)
	at com.kms.katalon.core.keyword.internal.KeywordExecutor.executeKeywordForPlatform(KeywordExecutor.groovy:74)
	at com.kms.katalon.core.webui.keyword.WebUiBuiltInKeywords.sendKeys(WebUiBuiltInKeywords.groovy:864)
	at com.kms.katalon.core.webui.keyword.WebUiBuiltInKeywords$sendKeys$2.call(Unknown Source)
	at Script1613080385392.run(Script1613080385392.groovy:43)
	... 13 more
)
	at com.kms.katalon.core.keyword.internal.KeywordMain.stepFailed(KeywordMain.groovy:39)
	at com.kms.katalon.core.webui.keyword.internal.WebUIKeywordMain.stepFailed(WebUIKeywordMain.groovy:64)
	at com.kms.katalon.core.webui.keyword.internal.WebUIKeywordMain.runKeyword(WebUIKeywordMain.groovy:26)
	at com.kms.katalon.core.webui.keyword.builtin.SendKeysKeyword.sendKeys(SendKeysKeyword.groovy:60)
	at com.kms.katalon.core.webui.keyword.builtin.SendKeysKeyword.execute(SendKeysKeyword.groovy:38)
	at com.kms.katalon.core.keyword.internal.KeywordExecutor.executeKeywordForPlatform(KeywordExecutor.groovy:74)
	at com.kms.katalon.core.webui.keyword.WebUiBuiltInKeywords.sendKeys(WebUiBuiltInKeywords.groovy:864)
	at com.kms.katalon.core.webui.keyword.WebUiBuiltInKeywords$sendKeys$2.call(Unknown Source)
	at tN_undo text in tN Editor.run(tN_undo text in tN Editor:43)
	at com.kms.katalon.core.main.ScriptEngine.run(ScriptEngine.java:194)
	at com.kms.katalon.core.main.ScriptEngine.runScriptAsRawText(ScriptEngine.java:119)
	at com.kms.katalon.core.main.TestCaseExecutor.runScript(TestCaseExecutor.java:430)
	at com.kms.katalon.core.main.TestCaseExecutor.doExecute(TestCaseExecutor.java:421)
	at com.kms.katalon.core.main.TestCaseExecutor.processExecutionPhase(TestCaseExecutor.java:400)
	at com.kms.katalon.core.main.TestCaseExecutor.accessMainPhase(TestCaseExecutor.java:392)
	at com.kms.katalon.core.main.TestCaseExecutor.execute(TestCaseExecutor.java:273)
	at com.kms.katalon.core.main.TestSuiteExecutor.accessTestCaseMainPhase(TestSuiteExecutor.java:202)
	at com.kms.katalon.core.main.TestSuiteExecutor.accessTestSuiteMainPhase(TestSuiteExecutor.java:164)
	at com.kms.katalon.core.main.TestSuiteExecutor.execute(TestSuiteExecutor.java:105)
	at com.kms.katalon.core.main.TestCaseMain.startTestSuite(TestCaseMain.java:185)
	at com.kms.katalon.core.main.TestCaseMain$startTestSuite$0.call(Unknown Source)
	at TempTestSuite1641788891534.run(TempTestSuite1641788891534.groovy:36)
Caused by: com.kms.katalon.core.exception.StepFailedException: Unable to send keys 'edit again ' to object 'Object Repository/Page_tC Create/div_Introduction to TitusPart 1'
	... 21 more
Caused by: org.openqa.selenium.ElementNotInteractableException: element not interactable
  (Session info: chrome=97.0.4692.71)
Build info: version: '3.141.59', revision: 'e82be7d358', time: '2018-11-14T08:25:53'
System info: host: 'ELSYs-MacBook-Pro.local', ip: '2607:fea8:2cde:d500:0:0:0:4118%en0', os.name: 'Mac OS X', os.arch: 'x86_64', os.version: '10.16', java.version: '1.8.0_275'
Driver info: com.kms.katalon.selenium.driver.CChromeDriver
Capabilities {acceptInsecureCerts: false, browserName: chrome, browserVersion: 97.0.4692.71, chrome: {chromedriverVersion: 97.0.4692.71 (adefa7837d02a..., userDataDir: /var/folders/sf/msc8p_nx3x3...}, goog:chromeOptions: {debuggerAddress: localhost:49753}, javascriptEnabled: true, networkConnectionEnabled: false, pageLoadStrategy: normal, platform: MAC, platformName: MAC, proxy: Proxy(), setWindowRect: true, strictFileInteractability: false, timeouts: {implicit: 0, pageLoad: 300000, script: 30000}, unhandledPromptBehavior: dismiss and notify, webauthn:extension:credBlob: true, webauthn:extension:largeBlob: true, webauthn:virtualAuthenticators: true}
Session ID: 4cbb91b2dfee32bc70aa3be05e4da968
	at org.openqa.selenium.remote.http.W3CHttpResponseCodec.createException(W3CHttpResponseCodec.java:187)
	at org.openqa.selenium.remote.http.W3CHttpResponseCodec.decode(W3CHttpResponseCodec.java:122)
	at org.openqa.selenium.remote.http.W3CHttpResponseCodec.decode(W3CHttpResponseCodec.java:49)
	at org.openqa.selenium.remote.HttpCommandExecutor.execute(HttpCommandExecutor.java:158)
	at org.openqa.selenium.remote.service.DriverCommandExecutor.execute(DriverCommandExecutor.java:83)
	at org.openqa.selenium.remote.RemoteWebDriver.execute(RemoteWebDriver.java:552)
	at com.kms.katalon.selenium.driver.CChromeDriver.execute(CChromeDriver.java:19)
	at org.openqa.selenium.remote.RemoteWebElement.execute(RemoteWebElement.java:285)
	at org.openqa.selenium.remote.RemoteWebElement.sendKeys(RemoteWebElement.java:106)
	at org.openqa.selenium.support.events.EventFiringWebDriver$EventFiringWebElement.lambda$new$0(EventFiringWebDriver.java:404)
	at com.sun.proxy.$Proxy11.sendKeys(Unknown Source)
	at org.openqa.selenium.support.events.EventFiringWebDriver$EventFiringWebElement.sendKeys(EventFiringWebDriver.java:429)
	at com.kms.katalon.core.webui.keyword.builtin.SendKeysKeyword$_sendKeys_closure1.doCall(SendKeysKeyword.groovy:53)
	at com.kms.katalon.core.webui.keyword.builtin.SendKeysKeyword$_sendKeys_closure1.call(SendKeysKeyword.groovy)
	at com.kms.katalon.core.webui.keyword.internal.WebUIKeywordMain.runKeyword(WebUIKeywordMain.groovy:20)
	... 19 more]]></system-err>
   </testsuite>
</testsuites>
