<?xml version="1.0" encoding="UTF-8"?>
<testsuites name="Test Suite1- Regression" time="1390.807" tests="15" failures="3" errors="0">
   <testsuite name="Test Suite1- Regression" tests="15" failures="3" errors="0" time="1390.807" skipped="0" timestamp="2021-09-28 17:28:14" hostname="elsylitsonlambert - elsys-mbp.phub.net.cable.rogers.com" id="Test Suites/Test Suite1- Regression">
      <properties>
         <property name="deviceName" value=""/>
         <property name="devicePlatform" value=""/>
         <property name="logFolder" value="/Users/elsylitsonlambert/git/tcCreateQA/Reports/20210928_172811/Test Suite1- Regression/20210928_172812"/>
         <property name="logFiles" value="/Users/elsylitsonlambert/git/tcCreateQA/Reports/20210928_172811/Test Suite1- Regression/20210928_172812/execution0.log"/>
         <property name="attachments" value="/Users/elsylitsonlambert/git/tcCreateQA/Reports/20210928_172811/Test Suite1- Regression/20210928_172812/1632864533910.png, /Users/elsylitsonlambert/git/tcCreateQA/Reports/20210928_172811/Test Suite1- Regression/20210928_172812/1632864835305.png, /Users/elsylitsonlambert/git/tcCreateQA/Reports/20210928_172811/Test Suite1- Regression/20210928_172812/1632864841941.png, /Users/elsylitsonlambert/git/tcCreateQA/Reports/20210928_172811/Test Suite1- Regression/20210928_172812/1632864873713.png, /Users/elsylitsonlambert/git/tcCreateQA/Reports/20210928_172811/Test Suite1- Regression/20210928_172812/1632864905174.png, /Users/elsylitsonlambert/git/tcCreateQA/Reports/20210928_172811/Test Suite1- Regression/20210928_172812/1632864938737.png, /Users/elsylitsonlambert/git/tcCreateQA/Reports/20210928_172811/Test Suite1- Regression/20210928_172812/1632864970162.png, /Users/elsylitsonlambert/git/tcCreateQA/Reports/20210928_172811/Test Suite1- Regression/20210928_172812/1632865003279.png, /Users/elsylitsonlambert/git/tcCreateQA/Reports/20210928_172811/Test Suite1- Regression/20210928_172812/1632865035017.png, /Users/elsylitsonlambert/git/tcCreateQA/Reports/20210928_172811/Test Suite1- Regression/20210928_172812/1632865078577.png, /Users/elsylitsonlambert/git/tcCreateQA/Reports/20210928_172811/Test Suite1- Regression/20210928_172812/1632865112057.png, /Users/elsylitsonlambert/git/tcCreateQA/Reports/20210928_172811/Test Suite1- Regression/20210928_172812/1632865143479.png, /Users/elsylitsonlambert/git/tcCreateQA/Reports/20210928_172811/Test Suite1- Regression/20210928_172812/1632865175189.png, /Users/elsylitsonlambert/git/tcCreateQA/Reports/20210928_172811/Test Suite1- Regression/20210928_172812/1632865206635.png, /Users/elsylitsonlambert/git/tcCreateQA/Reports/20210928_172811/Test Suite1- Regression/20210928_172812/1632865247180.png, /Users/elsylitsonlambert/git/tcCreateQA/Reports/20210928_172811/Test Suite1- Regression/20210928_172812/1632865278736.png, /Users/elsylitsonlambert/git/tcCreateQA/Reports/20210928_172811/Test Suite1- Regression/20210928_172812/1632865310378.png, /Users/elsylitsonlambert/git/tcCreateQA/Reports/20210928_172811/Test Suite1- Regression/20210928_172812/1632865341957.png, /Users/elsylitsonlambert/git/tcCreateQA/Reports/20210928_172811/Test Suite1- Regression/20210928_172812/1632865373406.png, /Users/elsylitsonlambert/git/tcCreateQA/Reports/20210928_172811/Test Suite1- Regression/20210928_172812/1632865404912.png, /Users/elsylitsonlambert/git/tcCreateQA/Reports/20210928_172811/Test Suite1- Regression/20210928_172812/1632865436465.png, /Users/elsylitsonlambert/git/tcCreateQA/Reports/20210928_172811/Test Suite1- Regression/20210928_172812/1632865439322.png, /Users/elsylitsonlambert/git/tcCreateQA/Reports/20210928_172811/Test Suite1- Regression/20210928_172812/1632865470785.png, /Users/elsylitsonlambert/git/tcCreateQA/Reports/20210928_172811/Test Suite1- Regression/20210928_172812/1632865502273.png, /Users/elsylitsonlambert/git/tcCreateQA/Reports/20210928_172811/Test Suite1- Regression/20210928_172812/1632865533703.png, /Users/elsylitsonlambert/git/tcCreateQA/Reports/20210928_172811/Test Suite1- Regression/20210928_172812/1632865565248.png, /Users/elsylitsonlambert/git/tcCreateQA/Reports/20210928_172811/Test Suite1- Regression/20210928_172812/1632865567873.png, /Users/elsylitsonlambert/git/tcCreateQA/Reports/20210928_172811/Test Suite1- Regression/20210928_172812/1632865572564.png, /Users/elsylitsonlambert/git/tcCreateQA/Reports/20210928_172811/Test Suite1- Regression/20210928_172812/1632865604021.png, /Users/elsylitsonlambert/git/tcCreateQA/Reports/20210928_172811/Test Suite1- Regression/20210928_172812/1632865606819.png, /Users/elsylitsonlambert/git/tcCreateQA/Reports/20210928_172811/Test Suite1- Regression/20210928_172812/1632865845957.png, /Users/elsylitsonlambert/git/tcCreateQA/Reports/20210928_172811/Test Suite1- Regression/20210928_172812/1632865883609.png"/>
         <property name="hostName" value="elsylitsonlambert - elsys-mbp.phub.net.cable.rogers.com"/>
         <property name="os" value="Mac OS X 64bit"/>
         <property name="katalonVersion" value="8.1.0.208"/>
         <property name="browser" value="Chrome 94.0.4606.61"/>
         <property name="hostAddress" value="10.0.0.166"/>
         <property name="sessionId" value="55bdcfe4ece13c3d2e9b2d339a807167"/>
         <property name="seleniumVersion" value="3.141.59"/>
         <property name="proxyInformation" value="ProxyInformation { proxyOption=NO_PROXY, proxyServerType=HTTP, username=, password=********, proxyServerAddress=, proxyServerPort=0, executionList=&quot;&quot;, isApplyToDesiredCapabilities=true }"/>
         <property name="platform" value="Mac OS X"/>
      </properties>
      <testcase name="Test Cases/tCC Test Cases/tN_Parallel Scripture viewer" time="56.345" classname="Test Cases/tCC Test Cases/tN_Parallel Scripture viewer" status="PASSED">
         <system-out><![CDATA[2021-09-28 17:28:14 - [TEST_CASE][PASSED] - Test Cases/tCC Test Cases/tN_Parallel Scripture viewer: Test Cases/tCC Test Cases/tN_Parallel Scripture viewer

2021-09-28 17:28:14 - [TEST_STEP][PASSED] - com.tccreate.keywords.WriteToFile.writeTofilename("tN-Parallel Scripture Viewer"): com.tccreate.keywords.WriteToFile.writeTofilename is PASSED

2021-09-28 17:28:14 - [MESSAGE][PASSED] - com.tccreate.keywords.WriteToFile.writeTofilename is PASSED

2021-09-28 17:28:14 - [TEST_STEP][PASSED] - com.helper.login.TimeDate.getTimeDate(): com.helper.login.TimeDate.getTimeDate is PASSED

2021-09-28 17:28:14 - [MESSAGE][INFO] - Time at which the test run:2021-09-28 17:28:14.817

2021-09-28 17:28:14 - [MESSAGE][PASSED] - com.helper.login.TimeDate.getTimeDate is PASSED

2021-09-28 17:28:14 - [TEST_STEP][PASSED] - com.helper.login.loginhelper.logintoapp(): com.helper.login.loginhelper.logintoapp is PASSED

2021-09-28 17:28:15 - [MESSAGE][INFO] - Starting 'Chrome' driver

2021-09-28 17:28:15 - [MESSAGE][INFO] - Action delay is set to 1,000 milliseconds

2021-09-28 17:28:16 - [MESSAGE][WARNING] - FFmpeg was not installed! Browser Recording will be disabled. Please follow this document to install FFmpeg first: https://docs.katalon.com/katalon-studio/docs/screenshots-videos.html#browser-based-recorder

2021-09-28 17:28:20 - [MESSAGE][PASSED] - Browser is opened with url: 'https://v1-3-0--tc-create-app.netlify.app/'

2021-09-28 17:28:20 - [MESSAGE][PASSED] - Wait for page load successfully

2021-09-28 17:28:20 - [MESSAGE][PASSED] - Current window maximized

2021-09-28 17:28:22 - [MESSAGE][PASSED] - Keys 'elsylambert' sent to object: 'Object Repository/Page_tC Create/input__username'

2021-09-28 17:28:23 - [MESSAGE][PASSED] - Keys 'fatak43' sent to object: 'Object Repository/Page_tC Create/input__password'

2021-09-28 17:28:24 - [MESSAGE][PASSED] - Object: 'Object Repository/Page_tC Create/button_Login' is clicked on

2021-09-28 17:28:25 - [MESSAGE][PASSED] - Delayed 1 second(s)

2021-09-28 17:28:26 - [MESSAGE][PASSED] - Text of object 'Object Repository/Page_tC Create/tcc-version number' is: 'translationCore Create - v1.3.0 build 73-f59f312'

2021-09-28 17:28:26 - [MESSAGE][INFO] - : The current version and build number is translationCore Create - v1.3.0 build 73-f59f312

2021-09-28 17:28:26 - [MESSAGE][PASSED] - com.helper.login.loginhelper.logintoapp is PASSED

2021-09-28 17:28:26 - [TEST_STEP][PASSED] - com.tccreate.keywords.selectOrg.organization(""): com.tccreate.keywords.selectOrg.organization is PASSED

2021-09-28 17:28:28 - [MESSAGE][PASSED] - Object: 'Object Repository/Page_tC Create/listOption_organisation_Parmed' is clicked on

2021-09-28 17:28:30 - [MESSAGE][WARNING] - No alert found after 2 second(s).

2021-09-28 17:28:30 - [MESSAGE][PASSED] - com.tccreate.keywords.selectOrg.organization is PASSED

2021-09-28 17:28:30 - [TEST_STEP][PASSED] - com.tccreate.keywords.selectOrg.resource("unfoldingWordÂ® Translation Notes"): com.tccreate.keywords.selectOrg.resource is PASSED

2021-09-28 17:28:31 - [MESSAGE][PASSED] - Object: 'Object Repository/Page_tC Create/resource_Parmed' is clicked on

2021-09-28 17:28:31 - [MESSAGE][PASSED] - com.tccreate.keywords.selectOrg.resource is PASSED

2021-09-28 17:28:31 - [TEST_STEP][PASSED] - com.tccreate.keywords.selectOrg.language(""): com.tccreate.keywords.selectOrg.language is PASSED

2021-09-28 17:28:33 - [MESSAGE][PASSED] - Object: 'Object Repository/Page_tC Create/combo_Select Language' is clicked on

2021-09-28 17:28:34 - [MESSAGE][PASSED] - Object: 'Object Repository/Page_tC Create/listOption_Language_Parmed' is clicked on

2021-09-28 17:28:34 - [MESSAGE][PASSED] - com.tccreate.keywords.selectOrg.language is PASSED

2021-09-28 17:28:34 - [TEST_STEP][PASSED] - click(findTestObject("Object Repository/Page_tC Create/span_en_tn_57-TIT.tsv")): Object: 'Object Repository/Page_tC Create/span_en_tn_57-TIT.tsv' is clicked on

2021-09-28 17:28:36 - [MESSAGE][PASSED] - Object: 'Object Repository/Page_tC Create/span_en_tn_57-TIT.tsv' is clicked on

2021-09-28 17:28:36 - [TEST_STEP][PASSED] - com.tccreate.keywords.ExpandAllScriptureToggle.toggleAllScripture(""test""): com.tccreate.keywords.ExpandAllScriptureToggle.toggleAllScripture is PASSED

2021-09-28 17:28:40 - [MESSAGE][INFO] - Unable to find the element located by 'By.xpath: //*[@type = 'button' and @data-test = 'drawer-menu-close-button']'. Please recheck the objects properties to make sure the desired element is located. 

2021-09-28 17:28:40 - [MESSAGE][WARNING] - Object 'Object Repository/Page_tC Create/button_DrawerClose' is not present after 2 second(s)

2021-09-28 17:28:42 - [MESSAGE][PASSED] - Object: 'Object Repository/Page_tC Create/Hamburger Menu Button' is clicked on

2021-09-28 17:28:43 - [MESSAGE][PASSED] - Delayed 1 second(s)

2021-09-28 17:28:43 - [MESSAGE][PASSED] - Object 'Object Repository/Page_tC Create/input_Expand all Scripture_default' is checked

2021-09-28 17:28:45 - [MESSAGE][PASSED] - Object: 'Object Repository/Page_tC Create/input_Expand all Scripture_default' is clicked on

2021-09-28 17:28:46 - [MESSAGE][PASSED] - Delayed 1 second(s)

2021-09-28 17:28:47 - [MESSAGE][PASSED] - Object: 'Object Repository/Page_tC Create/button_DrawerClose' is clicked on

2021-09-28 17:28:48 - [MESSAGE][PASSED] - Object 'Object Repository/Page_tC Create/Hamburger Menu Button' is visible

2021-09-28 17:28:48 - [MESSAGE][PASSED] - com.tccreate.keywords.ExpandAllScriptureToggle.toggleAllScripture is PASSED

2021-09-28 17:28:48 - [TEST_STEP][PASSED] - com.tccreate.keywords.ExpandAllScriptureToggle.toggleAllScripture(""on""): com.tccreate.keywords.ExpandAllScriptureToggle.toggleAllScripture is PASSED

2021-09-28 17:28:51 - [MESSAGE][INFO] - Unable to find the element located by 'By.xpath: //*[@type = 'button' and @data-test = 'drawer-menu-close-button']'. Please recheck the objects properties to make sure the desired element is located. 

2021-09-28 17:28:51 - [MESSAGE][WARNING] - Object 'Object Repository/Page_tC Create/button_DrawerClose' is not present after 2 second(s)

2021-09-28 17:28:52 - [MESSAGE][PASSED] - Object: 'Object Repository/Page_tC Create/Hamburger Menu Button' is clicked on

2021-09-28 17:28:53 - [MESSAGE][PASSED] - Delayed 1 second(s)

2021-09-28 17:28:54 - [MESSAGE][WARNING] - Object 'Object Repository/Page_tC Create/input_Expand all Scripture_default' is not checked (Root cause: com.kms.katalon.core.exception.StepFailedException: Object 'Object Repository/Page_tC Create/input_Expand all Scripture_default' is not checked
	at com.kms.katalon.core.webui.keyword.internal.WebUIKeywordMain.stepFailed(WebUIKeywordMain.groovy:64)
	at com.kms.katalon.core.webui.keyword.builtin.VerifyElementCheckedKeyword$_verifyElementChecked_closure1.doCall(VerifyElementCheckedKeyword.groovy:81)
	at com.kms.katalon.core.webui.keyword.builtin.VerifyElementCheckedKeyword$_verifyElementChecked_closure1.call(VerifyElementCheckedKeyword.groovy)
	at com.kms.katalon.core.webui.keyword.internal.WebUIKeywordMain.runKeyword(WebUIKeywordMain.groovy:20)
	at com.kms.katalon.core.webui.keyword.builtin.VerifyElementCheckedKeyword.verifyElementChecked(VerifyElementCheckedKeyword.groovy:92)
	at com.kms.katalon.core.webui.keyword.builtin.VerifyElementCheckedKeyword.execute(VerifyElementCheckedKeyword.groovy:68)
	at com.kms.katalon.core.keyword.internal.KeywordExecutor.executeKeywordForPlatform(KeywordExecutor.groovy:74)
	at com.kms.katalon.core.webui.keyword.WebUiBuiltInKeywords.verifyElementChecked(WebUiBuiltInKeywords.groovy:1382)
	at com.kms.katalon.core.webui.keyword.WebUiBuiltInKeywords$verifyElementChecked$8.call(Unknown Source)
	at com.tccreate.keywords.ExpandAllScriptureToggle.toggleAllScripture(ExpandAllScriptureToggle.groovy:43)
	at com.tccreate.keywords.ExpandAllScriptureToggle.invokeMethod(ExpandAllScriptureToggle.groovy)
	at com.kms.katalon.core.main.CustomKeywordDelegatingMetaClass.invokeStaticMethod(CustomKeywordDelegatingMetaClass.java:50)
	at tN_Parallel Scripture viewer.run(tN_Parallel Scripture viewer:39)
	at com.kms.katalon.core.main.ScriptEngine.run(ScriptEngine.java:194)
	at com.kms.katalon.core.main.ScriptEngine.runScriptAsRawText(ScriptEngine.java:119)
	at com.kms.katalon.core.main.TestCaseExecutor.runScript(TestCaseExecutor.java:430)
	at com.kms.katalon.core.main.TestCaseExecutor.doExecute(TestCaseExecutor.java:421)
	at com.kms.katalon.core.main.TestCaseExecutor.processExecutionPhase(TestCaseExecutor.java:400)
	at com.kms.katalon.core.main.TestCaseExecutor.accessMainPhase(TestCaseExecutor.java:392)
	at com.kms.katalon.core.main.TestCaseExecutor.execute(TestCaseExecutor.java:273)
	at com.kms.katalon.core.main.TestSuiteExecutor.accessTestCaseMainPhase(TestSuiteExecutor.java:202)
	at com.kms.katalon.core.main.TestSuiteExecutor.accessTestSuiteMainPhase(TestSuiteExecutor.java:164)
	at com.kms.katalon.core.main.TestSuiteExecutor.execute(TestSuiteExecutor.java:105)
	at com.kms.katalon.core.main.TestCaseMain.startTestSuite(TestCaseMain.java:185)
	at com.kms.katalon.core.main.TestCaseMain$startTestSuite$0.call(Unknown Source)
	at TempTestSuite1632864492590.run(TempTestSuite1632864492590.groovy:36)
)
[[ATTACHMENT|/Users/elsylitsonlambert/git/tcCreateQA/Reports/20210928_172811/Test Suite1- Regression/20210928_172812/1632864533910.png]]

2021-09-28 17:28:56 - [MESSAGE][PASSED] - Object: 'Object Repository/Page_tC Create/input_Expand all Scripture_default' is clicked on

2021-09-28 17:28:57 - [MESSAGE][PASSED] - Delayed 1 second(s)

2021-09-28 17:28:59 - [MESSAGE][PASSED] - Object: 'Object Repository/Page_tC Create/button_DrawerClose' is clicked on

2021-09-28 17:28:59 - [MESSAGE][PASSED] - Object 'Object Repository/Page_tC Create/Hamburger Menu Button' is visible

2021-09-28 17:28:59 - [MESSAGE][PASSED] - com.tccreate.keywords.ExpandAllScriptureToggle.toggleAllScripture is PASSED

2021-09-28 17:28:59 - [TEST_STEP][PASSED] - if (verifyElementPresent(findTestObject("Page_tC Create/span_unfoldingWord Literal Text v14"), 5)): null

2021-09-28 17:28:59 - [MESSAGE][PASSED] - Object 'Object Repository/Page_tC Create/span_unfoldingWord Literal Text v14' is present

2021-09-28 17:28:59 - [TEST_STEP][PASSED] - logInfo("ULT is visible 1"): ULT is visible 1

2021-09-28 17:28:59 - [MESSAGE][INFO] - ULT is visible 1

2021-09-28 17:28:59 - [TEST_STEP][PASSED] - if (verifyElementPresent(findTestObject("Page_tC Create/span_unfoldingWord Simplified Text v14"), 5)): null

2021-09-28 17:29:00 - [MESSAGE][PASSED] - Object 'Object Repository/Page_tC Create/span_unfoldingWord Simplified Text v14' is present

2021-09-28 17:29:00 - [TEST_STEP][PASSED] - logInfo("UST is visible"): UST is visible

2021-09-28 17:29:00 - [MESSAGE][INFO] - UST is visible

2021-09-28 17:29:00 - [TEST_STEP][PASSED] - logInfo("ParallelScripture is present"): ParallelScripture is present

2021-09-28 17:29:00 - [MESSAGE][INFO] - ParallelScripture is present

2021-09-28 17:29:00 - [TEST_STEP][PASSED] - com.tccreate.keywords.ExpandAllScriptureToggle.toggleAllScripture(""off""): com.tccreate.keywords.ExpandAllScriptureToggle.toggleAllScripture is PASSED

2021-09-28 17:29:03 - [MESSAGE][INFO] - Unable to find the element located by 'By.xpath: //*[@type = 'button' and @data-test = 'drawer-menu-close-button']'. Please recheck the objects properties to make sure the desired element is located. 

2021-09-28 17:29:03 - [MESSAGE][WARNING] - Object 'Object Repository/Page_tC Create/button_DrawerClose' is not present after 2 second(s)

2021-09-28 17:29:04 - [MESSAGE][PASSED] - Object: 'Object Repository/Page_tC Create/Hamburger Menu Button' is clicked on

2021-09-28 17:29:05 - [MESSAGE][PASSED] - Delayed 1 second(s)

2021-09-28 17:29:05 - [MESSAGE][PASSED] - Object 'Object Repository/Page_tC Create/input_Expand all Scripture_default' is checked

2021-09-28 17:29:07 - [MESSAGE][PASSED] - Object: 'Object Repository/Page_tC Create/input_Expand all Scripture_default' is clicked on

2021-09-28 17:29:08 - [MESSAGE][PASSED] - Delayed 1 second(s)

2021-09-28 17:29:09 - [MESSAGE][PASSED] - Object: 'Object Repository/Page_tC Create/button_DrawerClose' is clicked on

2021-09-28 17:29:10 - [MESSAGE][PASSED] - Object 'Object Repository/Page_tC Create/Hamburger Menu Button' is visible

2021-09-28 17:29:10 - [MESSAGE][PASSED] - com.tccreate.keywords.ExpandAllScriptureToggle.toggleAllScripture is PASSED

2021-09-28 17:29:10 - [TEST_STEP][PASSED] - logInfo("button is toggled"): button is toggled

2021-09-28 17:29:10 - [MESSAGE][INFO] - button is toggled

2021-09-28 17:29:10 - [TEST_STEP][PASSED] - if (verifyElementNotPresent(findTestObject("Page_tC Create/span_unfoldingWord Literal Text v14"), 3)): null

2021-09-28 17:29:10 - [MESSAGE][PASSED] - Web element with id: 'Object Repository/Page_tC Create/span_unfoldingWord Literal Text v14' located by 'By.xpath: //div[@id='wrapY']/table/thead/tr/th[2]/span' is not present after '3' second(s)

2021-09-28 17:29:10 - [TEST_STEP][PASSED] - logInfo("ULT is not visible as expected"): ULT is not visible as expected

2021-09-28 17:29:10 - [MESSAGE][INFO] - ULT is not visible as expected

2021-09-28 17:29:10 - [TEST_STEP][PASSED] - closeBrowser(): Browser is closed

2021-09-28 17:29:10 - [MESSAGE][PASSED] - Browser is closed]]></system-out>
         <system-err><![CDATA[]]></system-err>
      </testcase>
      <testcase name="Test Cases/tCC Test Cases/tCC_Link to Organization page" time="18.498" classname="Test Cases/tCC Test Cases/tCC_Link to Organization page" status="PASSED">
         <system-out><![CDATA[2021-09-28 17:29:10 - [TEST_CASE][PASSED] - Test Cases/tCC Test Cases/tCC_Link to Organization page: Test Cases/tCC Test Cases/tCC_Link to Organization page

2021-09-28 17:29:10 - [TEST_STEP][PASSED] - com.tccreate.keywords.WriteToFile.writeTofilename("Links to Org page"): com.tccreate.keywords.WriteToFile.writeTofilename is PASSED

2021-09-28 17:29:10 - [MESSAGE][PASSED] - com.tccreate.keywords.WriteToFile.writeTofilename is PASSED

2021-09-28 17:29:10 - [TEST_STEP][PASSED] - com.helper.login.TimeDate.getTimeDate(): com.helper.login.TimeDate.getTimeDate is PASSED

2021-09-28 17:29:10 - [MESSAGE][INFO] - Time at which the test run:2021-09-28 17:29:10.957

2021-09-28 17:29:10 - [MESSAGE][PASSED] - com.helper.login.TimeDate.getTimeDate is PASSED

2021-09-28 17:29:10 - [TEST_STEP][PASSED] - com.helper.login.loginhelper.logintoapp(): com.helper.login.loginhelper.logintoapp is PASSED

2021-09-28 17:29:10 - [MESSAGE][INFO] - Starting 'Chrome' driver

2021-09-28 17:29:10 - [MESSAGE][INFO] - Action delay is set to 1,000 milliseconds

2021-09-28 17:29:12 - [MESSAGE][WARNING] - FFmpeg was not installed! Browser Recording will be disabled. Please follow this document to install FFmpeg first: https://docs.katalon.com/katalon-studio/docs/screenshots-videos.html#browser-based-recorder

2021-09-28 17:29:18 - [MESSAGE][PASSED] - Browser is opened with url: 'https://v1-3-0--tc-create-app.netlify.app/'

2021-09-28 17:29:18 - [MESSAGE][PASSED] - Wait for page load successfully

2021-09-28 17:29:18 - [MESSAGE][PASSED] - Current window maximized

2021-09-28 17:29:20 - [MESSAGE][PASSED] - Keys 'elsylambert' sent to object: 'Object Repository/Page_tC Create/input__username'

2021-09-28 17:29:21 - [MESSAGE][PASSED] - Keys 'fatak43' sent to object: 'Object Repository/Page_tC Create/input__password'

2021-09-28 17:29:23 - [MESSAGE][PASSED] - Object: 'Object Repository/Page_tC Create/button_Login' is clicked on

2021-09-28 17:29:24 - [MESSAGE][PASSED] - Delayed 1 second(s)

2021-09-28 17:29:25 - [MESSAGE][PASSED] - Text of object 'Object Repository/Page_tC Create/tcc-version number' is: 'translationCore Create - v1.3.0 build 73-f59f312'

2021-09-28 17:29:25 - [MESSAGE][INFO] - : The current version and build number is translationCore Create - v1.3.0 build 73-f59f312

2021-09-28 17:29:25 - [MESSAGE][PASSED] - com.helper.login.loginhelper.logintoapp is PASSED

2021-09-28 17:29:25 - [TEST_STEP][PASSED] - verifyElementPresent(findTestObject("Object Repository/Organization Link/span_unfoldingWord"), 1): Object 'Object Repository/Organization Link/span_unfoldingWord' is present

2021-09-28 17:29:25 - [MESSAGE][PASSED] - Object 'Object Repository/Organization Link/span_unfoldingWord' is present

2021-09-28 17:29:25 - [TEST_STEP][PASSED] - expectedTooltip = "Go to Organization": null

2021-09-28 17:29:25 - [TEST_STEP][PASSED] - actualTooltip = getAttribute(findTestObject("Object Repository/Organization Link/button_unfoldingWord_MuiButtonBase-root MuiIconButton-root"), "title"): Attribute 'title' of object 'Object Repository/Organization Link/button_unfoldingWord_MuiButtonBase-root MuiIconButton-root' is: 'Go to Organization'

2021-09-28 17:29:26 - [MESSAGE][PASSED] - Attribute 'title' of object 'Object Repository/Organization Link/button_unfoldingWord_MuiButtonBase-root MuiIconButton-root' is: 'Go to Organization'

2021-09-28 17:29:26 - [TEST_STEP][PASSED] - out.println("Actual Title of Tool Tip" + actualTooltip): null

2021-09-28 17:29:26 - [TEST_STEP][PASSED] - if (actualTooltip.equals(expectedTooltip)): null

2021-09-28 17:29:26 - [TEST_STEP][PASSED] - out.println("Test Case Passed"): null

2021-09-28 17:29:26 - [TEST_STEP][PASSED] - click(findTestObject("Object Repository/Organization Link/button_unfoldingWord_MuiButtonBase-root MuiIconButton-root")): Object: 'Object Repository/Organization Link/button_unfoldingWord_MuiButtonBase-root MuiIconButton-root' is clicked on

2021-09-28 17:29:27 - [MESSAGE][PASSED] - Object: 'Object Repository/Organization Link/button_unfoldingWord_MuiButtonBase-root MuiIconButton-root' is clicked on

2021-09-28 17:29:27 - [TEST_STEP][PASSED] - switchToWindowIndex(1): Switched to window with index: '1'

2021-09-28 17:29:27 - [MESSAGE][PASSED] - Switched to window with index: '1'

2021-09-28 17:29:27 - [TEST_STEP][PASSED] - if (verifyElementVisible(findTestObject("Object Repository/Organization Link/div_unfoldingWord"), CONTINUE_ON_FAILURE)): null

2021-09-28 17:29:29 - [MESSAGE][PASSED] - Object 'Object Repository/Organization Link/div_unfoldingWord' is visible

2021-09-28 17:29:29 - [TEST_STEP][PASSED] - out.println("Organization page is opening"): null

2021-09-28 17:29:29 - [TEST_STEP][PASSED] - switchToWindowIndex(0): Switched to window with index: '0'

2021-09-28 17:29:29 - [MESSAGE][PASSED] - Switched to window with index: '0'

2021-09-28 17:29:29 - [TEST_STEP][PASSED] - closeBrowser(): Browser is closed

2021-09-28 17:29:29 - [MESSAGE][PASSED] - Browser is closed]]></system-out>
         <system-err><![CDATA[]]></system-err>
      </testcase>
      <testcase name="Test Cases/tCC Test Cases/tN_undo text in tN Editor" time="29.066" classname="Test Cases/tCC Test Cases/tN_undo text in tN Editor" status="PASSED">
         <system-out><![CDATA[2021-09-28 17:29:29 - [TEST_CASE][PASSED] - Test Cases/tCC Test Cases/tN_undo text in tN Editor: Test Cases/tCC Test Cases/tN_undo text in tN Editor

2021-09-28 17:29:29 - [TEST_STEP][PASSED] - com.tccreate.keywords.WriteToFile.writeTofilename("tN-undo editing"): com.tccreate.keywords.WriteToFile.writeTofilename is PASSED

2021-09-28 17:29:29 - [MESSAGE][PASSED] - com.tccreate.keywords.WriteToFile.writeTofilename is PASSED

2021-09-28 17:29:29 - [TEST_STEP][PASSED] - com.helper.login.TimeDate.getTimeDate(): com.helper.login.TimeDate.getTimeDate is PASSED

2021-09-28 17:29:29 - [MESSAGE][INFO] - Time at which the test run:2021-09-28 17:29:29.494

2021-09-28 17:29:29 - [MESSAGE][PASSED] - com.helper.login.TimeDate.getTimeDate is PASSED

2021-09-28 17:29:29 - [TEST_STEP][PASSED] - com.helper.login.loginhelper.logintoapp(): com.helper.login.loginhelper.logintoapp is PASSED

2021-09-28 17:29:29 - [MESSAGE][INFO] - Starting 'Chrome' driver

2021-09-28 17:29:29 - [MESSAGE][INFO] - Action delay is set to 1,000 milliseconds

2021-09-28 17:29:30 - [MESSAGE][WARNING] - FFmpeg was not installed! Browser Recording will be disabled. Please follow this document to install FFmpeg first: https://docs.katalon.com/katalon-studio/docs/screenshots-videos.html#browser-based-recorder

2021-09-28 17:29:34 - [MESSAGE][PASSED] - Browser is opened with url: 'https://v1-3-0--tc-create-app.netlify.app/'

2021-09-28 17:29:34 - [MESSAGE][PASSED] - Wait for page load successfully

2021-09-28 17:29:34 - [MESSAGE][PASSED] - Current window maximized

2021-09-28 17:29:36 - [MESSAGE][PASSED] - Keys 'elsylambert' sent to object: 'Object Repository/Page_tC Create/input__username'

2021-09-28 17:29:37 - [MESSAGE][PASSED] - Keys 'fatak43' sent to object: 'Object Repository/Page_tC Create/input__password'

2021-09-28 17:29:38 - [MESSAGE][PASSED] - Object: 'Object Repository/Page_tC Create/button_Login' is clicked on

2021-09-28 17:29:39 - [MESSAGE][PASSED] - Delayed 1 second(s)

2021-09-28 17:29:41 - [MESSAGE][PASSED] - Text of object 'Object Repository/Page_tC Create/tcc-version number' is: 'translationCore Create - v1.3.0 build 73-f59f312'

2021-09-28 17:29:41 - [MESSAGE][INFO] - : The current version and build number is translationCore Create - v1.3.0 build 73-f59f312

2021-09-28 17:29:41 - [MESSAGE][PASSED] - com.helper.login.loginhelper.logintoapp is PASSED

2021-09-28 17:29:41 - [TEST_STEP][PASSED] - com.tccreate.keywords.selectOrg.organization(""): com.tccreate.keywords.selectOrg.organization is PASSED

2021-09-28 17:29:42 - [MESSAGE][PASSED] - Object: 'Object Repository/Page_tC Create/listOption_organisation_Parmed' is clicked on

2021-09-28 17:29:44 - [MESSAGE][WARNING] - No alert found after 2 second(s).

2021-09-28 17:29:44 - [MESSAGE][PASSED] - com.tccreate.keywords.selectOrg.organization is PASSED

2021-09-28 17:29:44 - [TEST_STEP][PASSED] - com.tccreate.keywords.selectOrg.resource("unfoldingWordÂ® Translation Notes"): com.tccreate.keywords.selectOrg.resource is PASSED

2021-09-28 17:29:45 - [MESSAGE][PASSED] - Object: 'Object Repository/Page_tC Create/resource_Parmed' is clicked on

2021-09-28 17:29:45 - [MESSAGE][PASSED] - com.tccreate.keywords.selectOrg.resource is PASSED

2021-09-28 17:29:45 - [TEST_STEP][PASSED] - com.tccreate.keywords.selectOrg.language(""): com.tccreate.keywords.selectOrg.language is PASSED

2021-09-28 17:29:47 - [MESSAGE][PASSED] - Object: 'Object Repository/Page_tC Create/combo_Select Language' is clicked on

2021-09-28 17:29:48 - [MESSAGE][PASSED] - Object: 'Object Repository/Page_tC Create/listOption_Language_Parmed' is clicked on

2021-09-28 17:29:48 - [MESSAGE][PASSED] - com.tccreate.keywords.selectOrg.language is PASSED

2021-09-28 17:29:48 - [TEST_STEP][PASSED] - click(findTestObject("Object Repository/Page_tC Create/span_en_tn_57-TIT.tsv")): Object: 'Object Repository/Page_tC Create/span_en_tn_57-TIT.tsv' is clicked on

2021-09-28 17:29:50 - [MESSAGE][PASSED] - Object: 'Object Repository/Page_tC Create/span_en_tn_57-TIT.tsv' is clicked on

2021-09-28 17:29:50 - [TEST_STEP][PASSED] - click(findTestObject("Object Repository/Page_tC Create/div_Introduction to TitusPart 1")): Object: 'Object Repository/Page_tC Create/div_Introduction to TitusPart 1' is clicked on

2021-09-28 17:29:55 - [MESSAGE][PASSED] - Object: 'Object Repository/Page_tC Create/div_Introduction to TitusPart 1' is clicked on

2021-09-28 17:29:55 - [TEST_STEP][PASSED] - sendKeys(findTestObject("Object Repository/Page_tC Create/div_Introduction to TitusPart 1"), "edit again "): Keys 'edit again ' sent to object: 'Object Repository/Page_tC Create/div_Introduction to TitusPart 1'

2021-09-28 17:29:56 - [MESSAGE][PASSED] - Keys 'edit again ' sent to object: 'Object Repository/Page_tC Create/div_Introduction to TitusPart 1'

2021-09-28 17:29:56 - [TEST_STEP][PASSED] - driver = getWebDriver(): null

2021-09-28 17:29:56 - [TEST_STEP][PASSED] - action = new org.openqa.selenium.interactions.Actions(driver): null

2021-09-28 17:29:56 - [TEST_STEP][PASSED] - keyUp(COMMAND).perform(): null

2021-09-28 17:29:56 - [TEST_STEP][PASSED] - sendKeys(findTestObject("Object Repository/Page_tC Create/div_Introduction to TitusPart 1"), Keys.chord(COMMAND, "z")): Keys 'COMMAND + z' sent to object: 'Object Repository/Page_tC Create/div_Introduction to TitusPart 1'

2021-09-28 17:29:58 - [MESSAGE][PASSED] - Keys 'COMMAND + z' sent to object: 'Object Repository/Page_tC Create/div_Introduction to TitusPart 1'

2021-09-28 17:29:58 - [TEST_STEP][PASSED] - logInfo("Text is cleared successfully by undo action"): Text is cleared successfully by undo action

2021-09-28 17:29:58 - [MESSAGE][INFO] - Text is cleared successfully by undo action

2021-09-28 17:29:58 - [TEST_STEP][PASSED] - closeBrowser(): Browser is closed

2021-09-28 17:29:58 - [MESSAGE][PASSED] - Browser is closed]]></system-out>
         <system-err><![CDATA[]]></system-err>
      </testcase>
      <testcase name="Test Cases/tCC Test Cases/tN_Add or Delete a Row" time="38.056" classname="Test Cases/tCC Test Cases/tN_Add or Delete a Row" status="PASSED">
         <system-out><![CDATA[2021-09-28 17:29:58 - [TEST_CASE][PASSED] - Test Cases/tCC Test Cases/tN_Add or Delete a Row: Test Cases/tCC Test Cases/tN_Add or Delete a Row

2021-09-28 17:29:58 - [TEST_STEP][PASSED] - com.tccreate.keywords.WriteToFile.writeTofilename("tA-Add or delete row"): com.tccreate.keywords.WriteToFile.writeTofilename is PASSED

2021-09-28 17:29:58 - [MESSAGE][PASSED] - com.tccreate.keywords.WriteToFile.writeTofilename is PASSED

2021-09-28 17:29:58 - [TEST_STEP][PASSED] - com.helper.login.TimeDate.getTimeDate(): com.helper.login.TimeDate.getTimeDate is PASSED

2021-09-28 17:29:58 - [MESSAGE][INFO] - Time at which the test run:2021-09-28 17:29:58.546

2021-09-28 17:29:58 - [MESSAGE][PASSED] - com.helper.login.TimeDate.getTimeDate is PASSED

2021-09-28 17:29:58 - [TEST_STEP][PASSED] - com.helper.login.loginhelper.logintoapp(): com.helper.login.loginhelper.logintoapp is PASSED

2021-09-28 17:29:58 - [MESSAGE][INFO] - Starting 'Chrome' driver

2021-09-28 17:29:58 - [MESSAGE][INFO] - Action delay is set to 1,000 milliseconds

2021-09-28 17:29:59 - [MESSAGE][WARNING] - FFmpeg was not installed! Browser Recording will be disabled. Please follow this document to install FFmpeg first: https://docs.katalon.com/katalon-studio/docs/screenshots-videos.html#browser-based-recorder

2021-09-28 17:30:03 - [MESSAGE][PASSED] - Browser is opened with url: 'https://v1-3-0--tc-create-app.netlify.app/'

2021-09-28 17:30:03 - [MESSAGE][PASSED] - Wait for page load successfully

2021-09-28 17:30:04 - [MESSAGE][PASSED] - Current window maximized

2021-09-28 17:30:05 - [MESSAGE][PASSED] - Keys 'elsylambert' sent to object: 'Object Repository/Page_tC Create/input__username'

2021-09-28 17:30:06 - [MESSAGE][PASSED] - Keys 'fatak43' sent to object: 'Object Repository/Page_tC Create/input__password'

2021-09-28 17:30:08 - [MESSAGE][PASSED] - Object: 'Object Repository/Page_tC Create/button_Login' is clicked on

2021-09-28 17:30:09 - [MESSAGE][PASSED] - Delayed 1 second(s)

2021-09-28 17:30:09 - [MESSAGE][PASSED] - Text of object 'Object Repository/Page_tC Create/tcc-version number' is: 'translationCore Create - v1.3.0 build 73-f59f312'

2021-09-28 17:30:09 - [MESSAGE][INFO] - : The current version and build number is translationCore Create - v1.3.0 build 73-f59f312

2021-09-28 17:30:09 - [MESSAGE][PASSED] - com.helper.login.loginhelper.logintoapp is PASSED

2021-09-28 17:30:09 - [TEST_STEP][PASSED] - com.tccreate.keywords.selectOrg.organization(""): com.tccreate.keywords.selectOrg.organization is PASSED

2021-09-28 17:30:11 - [MESSAGE][PASSED] - Object: 'Object Repository/Page_tC Create/listOption_organisation_Parmed' is clicked on

2021-09-28 17:30:13 - [MESSAGE][WARNING] - No alert found after 2 second(s).

2021-09-28 17:30:13 - [MESSAGE][PASSED] - com.tccreate.keywords.selectOrg.organization is PASSED

2021-09-28 17:30:13 - [TEST_STEP][PASSED] - com.tccreate.keywords.selectOrg.resource("unfoldingWordÂ® Translation Notes"): com.tccreate.keywords.selectOrg.resource is PASSED

2021-09-28 17:30:14 - [MESSAGE][PASSED] - Object: 'Object Repository/Page_tC Create/resource_Parmed' is clicked on

2021-09-28 17:30:14 - [MESSAGE][PASSED] - com.tccreate.keywords.selectOrg.resource is PASSED

2021-09-28 17:30:14 - [TEST_STEP][PASSED] - com.tccreate.keywords.selectOrg.language(""): com.tccreate.keywords.selectOrg.language is PASSED

2021-09-28 17:30:16 - [MESSAGE][PASSED] - Object: 'Object Repository/Page_tC Create/combo_Select Language' is clicked on

2021-09-28 17:30:17 - [MESSAGE][PASSED] - Object: 'Object Repository/Page_tC Create/listOption_Language_Parmed' is clicked on

2021-09-28 17:30:17 - [MESSAGE][PASSED] - com.tccreate.keywords.selectOrg.language is PASSED

2021-09-28 17:30:17 - [TEST_STEP][PASSED] - click(findTestObject("Page_tC Create/Add new resource objects/span_en_tn_57-TIT.tsv")): Object: 'Object Repository/Page_tC Create/Add new resource objects/span_en_tn_57-TIT.tsv' is clicked on

2021-09-28 17:30:19 - [MESSAGE][PASSED] - Object: 'Object Repository/Page_tC Create/Add new resource objects/span_en_tn_57-TIT.tsv' is clicked on

2021-09-28 17:30:19 - [TEST_STEP][PASSED] - click(findTestObject("Object Repository/tN objects/button_view columns")): Object: 'Object Repository/tN objects/button_view columns' is clicked on

2021-09-28 17:30:24 - [MESSAGE][PASSED] - Object: 'Object Repository/tN objects/button_view columns' is clicked on

2021-09-28 17:30:24 - [TEST_STEP][PASSED] - click(findTestObject("Object Repository/tN objects/input_ID")): Object: 'Object Repository/tN objects/input_ID' is clicked on

2021-09-28 17:30:26 - [MESSAGE][PASSED] - Object: 'Object Repository/tN objects/input_ID' is clicked on

2021-09-28 17:30:26 - [TEST_STEP][PASSED] - click(findTestObject("tN objects/button__Close-Columns")): Object: 'Object Repository/tN objects/button__Close-Columns' is clicked on

2021-09-28 17:30:27 - [MESSAGE][PASSED] - Object: 'Object Repository/tN objects/button__Close-Columns' is clicked on

2021-09-28 17:30:27 - [TEST_STEP][PASSED] - scrollToElement(findTestObject("Object Repository/tN objects/div_Titus 11"), 2): Scroll to object 'Object Repository/tN objects/div_Titus 11' successfully

2021-09-28 17:30:28 - [MESSAGE][PASSED] - Scroll to object 'Object Repository/tN objects/div_Titus 11' successfully

2021-09-28 17:30:28 - [TEST_STEP][PASSED] - click(findTestObject("Object Repository/tN objects/button_Titus 11_add a new row")): Object: 'Object Repository/tN objects/button_Titus 11_add a new row' is clicked on

2021-09-28 17:30:30 - [MESSAGE][PASSED] - Object: 'Object Repository/tN objects/button_Titus 11_add a new row' is clicked on

2021-09-28 17:30:30 - [TEST_STEP][PASSED] - click(findTestObject("Object Repository/tN objects/button_Add")): Object: 'Object Repository/tN objects/button_Add' is clicked on

2021-09-28 17:30:32 - [MESSAGE][PASSED] - Object: 'Object Repository/tN objects/button_Add' is clicked on

2021-09-28 17:30:32 - [TEST_STEP][PASSED] - if (verifyElementVisible(findTestObject("Object Repository/tN objects/p_empty"))): null

2021-09-28 17:30:32 - [MESSAGE][PASSED] - Object 'Object Repository/tN objects/p_empty' is visible

2021-09-28 17:30:32 - [TEST_STEP][PASSED] - logInfo(" New row is added successfully"):  New row is added successfully

2021-09-28 17:30:32 - [MESSAGE][INFO] -  New row is added successfully

2021-09-28 17:30:32 - [TEST_STEP][PASSED] - click(findTestObject("Object Repository/tN objects/button_Titus 11_Delete new row")): Object: 'Object Repository/tN objects/button_Titus 11_Delete new row' is clicked on

2021-09-28 17:30:33 - [MESSAGE][PASSED] - Object: 'Object Repository/tN objects/button_Titus 11_Delete new row' is clicked on

2021-09-28 17:30:33 - [TEST_STEP][PASSED] - click(findTestObject("Object Repository/tN objects/span_Delete")): Object: 'Object Repository/tN objects/span_Delete' is clicked on

2021-09-28 17:30:35 - [MESSAGE][PASSED] - Object: 'Object Repository/tN objects/span_Delete' is clicked on

2021-09-28 17:30:35 - [TEST_STEP][PASSED] - if (verifyElementVisible(findTestObject("Object Repository/tN objects/p_empty"))): null

2021-09-28 17:30:36 - [MESSAGE][PASSED] - Object 'Object Repository/tN objects/p_empty' is visible

2021-09-28 17:30:36 - [TEST_STEP][PASSED] - logInfo(" New row is deleted successfully"):  New row is deleted successfully

2021-09-28 17:30:36 - [MESSAGE][INFO] -  New row is deleted successfully

2021-09-28 17:30:36 - [TEST_STEP][PASSED] - closeBrowser(): Browser is closed

2021-09-28 17:30:36 - [MESSAGE][PASSED] - Browser is closed]]></system-out>
         <system-err><![CDATA[]]></system-err>
      </testcase>
      <testcase name="Test Cases/tCC Test Cases/tN_Expand chapter" time="81.092" classname="Test Cases/tCC Test Cases/tN_Expand chapter" status="PASSED">
         <system-out><![CDATA[2021-09-28 17:30:36 - [TEST_CASE][PASSED] - Test Cases/tCC Test Cases/tN_Expand chapter: Test Cases/tCC Test Cases/tN_Expand chapter

2021-09-28 17:30:36 - [TEST_STEP][PASSED] - com.tccreate.keywords.WriteToFile.writeTofilename("tN-Expand chapter"): com.tccreate.keywords.WriteToFile.writeTofilename is PASSED

2021-09-28 17:30:36 - [MESSAGE][PASSED] - com.tccreate.keywords.WriteToFile.writeTofilename is PASSED

2021-09-28 17:30:36 - [TEST_STEP][PASSED] - com.helper.login.TimeDate.getTimeDate(): com.helper.login.TimeDate.getTimeDate is PASSED

2021-09-28 17:30:36 - [MESSAGE][INFO] - Time at which the test run:2021-09-28 17:30:36.652

2021-09-28 17:30:36 - [MESSAGE][PASSED] - com.helper.login.TimeDate.getTimeDate is PASSED

2021-09-28 17:30:36 - [TEST_STEP][PASSED] - com.helper.login.loginhelper.logintoapp(): com.helper.login.loginhelper.logintoapp is PASSED

2021-09-28 17:30:36 - [MESSAGE][INFO] - Starting 'Chrome' driver

2021-09-28 17:30:36 - [MESSAGE][INFO] - Action delay is set to 1,000 milliseconds

2021-09-28 17:30:37 - [MESSAGE][WARNING] - FFmpeg was not installed! Browser Recording will be disabled. Please follow this document to install FFmpeg first: https://docs.katalon.com/katalon-studio/docs/screenshots-videos.html#browser-based-recorder

2021-09-28 17:30:47 - [MESSAGE][PASSED] - Browser is opened with url: 'https://v1-3-0--tc-create-app.netlify.app/'

2021-09-28 17:30:47 - [MESSAGE][PASSED] - Wait for page load successfully

2021-09-28 17:30:47 - [MESSAGE][PASSED] - Current window maximized

2021-09-28 17:30:49 - [MESSAGE][PASSED] - Keys 'elsylambert' sent to object: 'Object Repository/Page_tC Create/input__username'

2021-09-28 17:30:50 - [MESSAGE][PASSED] - Keys 'fatak43' sent to object: 'Object Repository/Page_tC Create/input__password'

2021-09-28 17:30:51 - [MESSAGE][PASSED] - Object: 'Object Repository/Page_tC Create/button_Login' is clicked on

2021-09-28 17:30:52 - [MESSAGE][PASSED] - Delayed 1 second(s)

2021-09-28 17:30:54 - [MESSAGE][PASSED] - Text of object 'Object Repository/Page_tC Create/tcc-version number' is: 'translationCore Create - v1.3.0 build 73-f59f312'

2021-09-28 17:30:54 - [MESSAGE][INFO] - : The current version and build number is translationCore Create - v1.3.0 build 73-f59f312

2021-09-28 17:30:54 - [MESSAGE][PASSED] - com.helper.login.loginhelper.logintoapp is PASSED

2021-09-28 17:30:54 - [TEST_STEP][PASSED] - com.tccreate.keywords.selectOrg.organization(""): com.tccreate.keywords.selectOrg.organization is PASSED

2021-09-28 17:30:55 - [MESSAGE][PASSED] - Object: 'Object Repository/Page_tC Create/listOption_organisation_Parmed' is clicked on

2021-09-28 17:30:57 - [MESSAGE][WARNING] - No alert found after 2 second(s).

2021-09-28 17:30:57 - [MESSAGE][PASSED] - com.tccreate.keywords.selectOrg.organization is PASSED

2021-09-28 17:30:57 - [TEST_STEP][PASSED] - com.tccreate.keywords.selectOrg.resource("unfoldingWordÂ® Translation Notes"): com.tccreate.keywords.selectOrg.resource is PASSED

2021-09-28 17:30:58 - [MESSAGE][PASSED] - Object: 'Object Repository/Page_tC Create/resource_Parmed' is clicked on

2021-09-28 17:30:58 - [MESSAGE][PASSED] - com.tccreate.keywords.selectOrg.resource is PASSED

2021-09-28 17:30:58 - [TEST_STEP][PASSED] - com.tccreate.keywords.selectOrg.language(""): com.tccreate.keywords.selectOrg.language is PASSED

2021-09-28 17:31:00 - [MESSAGE][PASSED] - Object: 'Object Repository/Page_tC Create/combo_Select Language' is clicked on

2021-09-28 17:31:01 - [MESSAGE][PASSED] - Object: 'Object Repository/Page_tC Create/listOption_Language_Parmed' is clicked on

2021-09-28 17:31:01 - [MESSAGE][PASSED] - com.tccreate.keywords.selectOrg.language is PASSED

2021-09-28 17:31:01 - [TEST_STEP][PASSED] - click(findTestObject("Page_tC Create/Add new resource objects/span_en_tn_57-TIT.tsv")): Object: 'Object Repository/Page_tC Create/Add new resource objects/span_en_tn_57-TIT.tsv' is clicked on

2021-09-28 17:31:04 - [MESSAGE][PASSED] - Object: 'Object Repository/Page_tC Create/Add new resource objects/span_en_tn_57-TIT.tsv' is clicked on

2021-09-28 17:31:04 - [TEST_STEP][PASSED] - buttonstate = com.tccreate.keywords.ExpandAllScriptureToggle.toggleAllScripture("test"): com.tccreate.keywords.ExpandAllScriptureToggle.toggleAllScripture is PASSED

2021-09-28 17:31:07 - [MESSAGE][INFO] - Unable to find the element located by 'By.xpath: //*[@type = 'button' and @data-test = 'drawer-menu-close-button']'. Please recheck the objects properties to make sure the desired element is located. 

2021-09-28 17:31:07 - [MESSAGE][WARNING] - Object 'Object Repository/Page_tC Create/button_DrawerClose' is not present after 2 second(s)

2021-09-28 17:31:09 - [MESSAGE][PASSED] - Object: 'Object Repository/Page_tC Create/Hamburger Menu Button' is clicked on

2021-09-28 17:31:10 - [MESSAGE][PASSED] - Delayed 1 second(s)

2021-09-28 17:31:10 - [MESSAGE][PASSED] - Object 'Object Repository/Page_tC Create/input_Expand all Scripture_default' is checked

2021-09-28 17:31:11 - [MESSAGE][PASSED] - Object: 'Object Repository/Page_tC Create/button_DrawerClose' is clicked on

2021-09-28 17:31:12 - [MESSAGE][PASSED] - Object 'Object Repository/Page_tC Create/Hamburger Menu Button' is visible

2021-09-28 17:31:12 - [MESSAGE][PASSED] - com.tccreate.keywords.ExpandAllScriptureToggle.toggleAllScripture is PASSED

2021-09-28 17:31:12 - [TEST_STEP][PASSED] - out.println(" the state of the button is" + buttonstate): null

2021-09-28 17:31:12 - [TEST_STEP][PASSED] - delay(1): Delayed 1 second(s)

2021-09-28 17:31:13 - [MESSAGE][PASSED] - Delayed 1 second(s)

2021-09-28 17:31:13 - [TEST_STEP][PASSED] - if (buttonstate == "off"): null

2021-09-28 17:31:13 - [TEST_STEP][PASSED] - else: Parallel scripture viewer is ON

2021-09-28 17:31:13 - [TEST_STEP][PASSED] - logInfo("Parallel scripture viewer is ON"): Parallel scripture viewer is ON

2021-09-28 17:31:13 - [MESSAGE][INFO] - Parallel scripture viewer is ON

2021-09-28 17:31:13 - [TEST_STEP][PASSED] - scrollToElement(findTestObject("Page_tC Create/Add new resource objects/h6_TIT 1intro"), 2, CONTINUE_ON_FAILURE): Scroll to object 'Object Repository/Page_tC Create/Add new resource objects/h6_TIT 1intro' successfully

2021-09-28 17:31:13 - [MESSAGE][PASSED] - Scroll to object 'Object Repository/Page_tC Create/Add new resource objects/h6_TIT 1intro' successfully

2021-09-28 17:31:13 - [TEST_STEP][PASSED] - click(findTestObject("Object Repository/tN objects/button_Titus 11_Expand chapter button")): Object: 'Object Repository/tN objects/button_Titus 11_Expand chapter button' is clicked on

2021-09-28 17:31:15 - [MESSAGE][PASSED] - Object: 'Object Repository/tN objects/button_Titus 11_Expand chapter button' is clicked on

2021-09-28 17:31:15 - [TEST_STEP][PASSED] - mouseOver(findTestObject("Object Repository/tN objects/td_12")): Object: 'Object Repository/tN objects/td_12' is hovered

2021-09-28 17:31:16 - [MESSAGE][PASSED] - Object: 'Object Repository/tN objects/td_12' is hovered

2021-09-28 17:31:16 - [TEST_STEP][PASSED] - click(findTestObject("Object Repository/tN objects/td_12")): Object: 'Object Repository/tN objects/td_12' is clicked on

2021-09-28 17:31:17 - [MESSAGE][PASSED] - Object: 'Object Repository/tN objects/td_12' is clicked on

2021-09-28 17:31:17 - [TEST_STEP][PASSED] - for (int i : (1..19)): Keys 'PAGE_DOWN + ' sent to object: 'tempBody'

2021-09-28 17:31:17 - [TEST_STEP][PASSED] - sendKeys(findTestObject(null), Keys.chord(PAGE_DOWN)): Keys 'PAGE_DOWN + ' sent to object: 'tempBody'

2021-09-28 17:31:17 - [MESSAGE][WARNING] - Test object id is null

2021-09-28 17:31:17 - [MESSAGE][WARNING] - Test object with id 'Object Repository/' does not exist

2021-09-28 17:31:19 - [MESSAGE][PASSED] - Keys 'PAGE_DOWN + ' sent to object: 'tempBody'

2021-09-28 17:31:19 - [TEST_STEP][PASSED] - sendKeys(findTestObject(null), Keys.chord(PAGE_DOWN)): Keys 'PAGE_DOWN + ' sent to object: 'tempBody'

2021-09-28 17:31:19 - [MESSAGE][WARNING] - Test object id is null

2021-09-28 17:31:19 - [MESSAGE][WARNING] - Test object with id 'Object Repository/' does not exist

2021-09-28 17:31:20 - [MESSAGE][PASSED] - Keys 'PAGE_DOWN + ' sent to object: 'tempBody'

2021-09-28 17:31:20 - [TEST_STEP][PASSED] - sendKeys(findTestObject(null), Keys.chord(PAGE_DOWN)): Keys 'PAGE_DOWN + ' sent to object: 'tempBody'

2021-09-28 17:31:20 - [MESSAGE][WARNING] - Test object id is null

2021-09-28 17:31:20 - [MESSAGE][WARNING] - Test object with id 'Object Repository/' does not exist

2021-09-28 17:31:22 - [MESSAGE][PASSED] - Keys 'PAGE_DOWN + ' sent to object: 'tempBody'

2021-09-28 17:31:22 - [TEST_STEP][PASSED] - sendKeys(findTestObject(null), Keys.chord(PAGE_DOWN)): Keys 'PAGE_DOWN + ' sent to object: 'tempBody'

2021-09-28 17:31:22 - [MESSAGE][WARNING] - Test object id is null

2021-09-28 17:31:22 - [MESSAGE][WARNING] - Test object with id 'Object Repository/' does not exist

2021-09-28 17:31:24 - [MESSAGE][PASSED] - Keys 'PAGE_DOWN + ' sent to object: 'tempBody'

2021-09-28 17:31:24 - [TEST_STEP][PASSED] - sendKeys(findTestObject(null), Keys.chord(PAGE_DOWN)): Keys 'PAGE_DOWN + ' sent to object: 'tempBody'

2021-09-28 17:31:24 - [MESSAGE][WARNING] - Test object id is null

2021-09-28 17:31:24 - [MESSAGE][WARNING] - Test object with id 'Object Repository/' does not exist

2021-09-28 17:31:25 - [MESSAGE][PASSED] - Keys 'PAGE_DOWN + ' sent to object: 'tempBody'

2021-09-28 17:31:25 - [TEST_STEP][PASSED] - sendKeys(findTestObject(null), Keys.chord(PAGE_DOWN)): Keys 'PAGE_DOWN + ' sent to object: 'tempBody'

2021-09-28 17:31:25 - [MESSAGE][WARNING] - Test object id is null

2021-09-28 17:31:25 - [MESSAGE][WARNING] - Test object with id 'Object Repository/' does not exist

2021-09-28 17:31:27 - [MESSAGE][PASSED] - Keys 'PAGE_DOWN + ' sent to object: 'tempBody'

2021-09-28 17:31:27 - [TEST_STEP][PASSED] - sendKeys(findTestObject(null), Keys.chord(PAGE_DOWN)): Keys 'PAGE_DOWN + ' sent to object: 'tempBody'

2021-09-28 17:31:27 - [MESSAGE][WARNING] - Test object id is null

2021-09-28 17:31:27 - [MESSAGE][WARNING] - Test object with id 'Object Repository/' does not exist

2021-09-28 17:31:29 - [MESSAGE][PASSED] - Keys 'PAGE_DOWN + ' sent to object: 'tempBody'

2021-09-28 17:31:29 - [TEST_STEP][PASSED] - sendKeys(findTestObject(null), Keys.chord(PAGE_DOWN)): Keys 'PAGE_DOWN + ' sent to object: 'tempBody'

2021-09-28 17:31:29 - [MESSAGE][WARNING] - Test object id is null

2021-09-28 17:31:29 - [MESSAGE][WARNING] - Test object with id 'Object Repository/' does not exist

2021-09-28 17:31:30 - [MESSAGE][PASSED] - Keys 'PAGE_DOWN + ' sent to object: 'tempBody'

2021-09-28 17:31:30 - [TEST_STEP][PASSED] - sendKeys(findTestObject(null), Keys.chord(PAGE_DOWN)): Keys 'PAGE_DOWN + ' sent to object: 'tempBody'

2021-09-28 17:31:30 - [MESSAGE][WARNING] - Test object id is null

2021-09-28 17:31:30 - [MESSAGE][WARNING] - Test object with id 'Object Repository/' does not exist

2021-09-28 17:31:32 - [MESSAGE][PASSED] - Keys 'PAGE_DOWN + ' sent to object: 'tempBody'

2021-09-28 17:31:32 - [TEST_STEP][PASSED] - sendKeys(findTestObject(null), Keys.chord(PAGE_DOWN)): Keys 'PAGE_DOWN + ' sent to object: 'tempBody'

2021-09-28 17:31:32 - [MESSAGE][WARNING] - Test object id is null

2021-09-28 17:31:32 - [MESSAGE][WARNING] - Test object with id 'Object Repository/' does not exist

2021-09-28 17:31:34 - [MESSAGE][PASSED] - Keys 'PAGE_DOWN + ' sent to object: 'tempBody'

2021-09-28 17:31:34 - [TEST_STEP][PASSED] - sendKeys(findTestObject(null), Keys.chord(PAGE_DOWN)): Keys 'PAGE_DOWN + ' sent to object: 'tempBody'

2021-09-28 17:31:34 - [MESSAGE][WARNING] - Test object id is null

2021-09-28 17:31:34 - [MESSAGE][WARNING] - Test object with id 'Object Repository/' does not exist

2021-09-28 17:31:35 - [MESSAGE][PASSED] - Keys 'PAGE_DOWN + ' sent to object: 'tempBody'

2021-09-28 17:31:35 - [TEST_STEP][PASSED] - sendKeys(findTestObject(null), Keys.chord(PAGE_DOWN)): Keys 'PAGE_DOWN + ' sent to object: 'tempBody'

2021-09-28 17:31:35 - [MESSAGE][WARNING] - Test object id is null

2021-09-28 17:31:35 - [MESSAGE][WARNING] - Test object with id 'Object Repository/' does not exist

2021-09-28 17:31:37 - [MESSAGE][PASSED] - Keys 'PAGE_DOWN + ' sent to object: 'tempBody'

2021-09-28 17:31:37 - [TEST_STEP][PASSED] - sendKeys(findTestObject(null), Keys.chord(PAGE_DOWN)): Keys 'PAGE_DOWN + ' sent to object: 'tempBody'

2021-09-28 17:31:37 - [MESSAGE][WARNING] - Test object id is null

2021-09-28 17:31:37 - [MESSAGE][WARNING] - Test object with id 'Object Repository/' does not exist

2021-09-28 17:31:38 - [MESSAGE][PASSED] - Keys 'PAGE_DOWN + ' sent to object: 'tempBody'

2021-09-28 17:31:38 - [TEST_STEP][PASSED] - sendKeys(findTestObject(null), Keys.chord(PAGE_DOWN)): Keys 'PAGE_DOWN + ' sent to object: 'tempBody'

2021-09-28 17:31:38 - [MESSAGE][WARNING] - Test object id is null

2021-09-28 17:31:38 - [MESSAGE][WARNING] - Test object with id 'Object Repository/' does not exist

2021-09-28 17:31:40 - [MESSAGE][PASSED] - Keys 'PAGE_DOWN + ' sent to object: 'tempBody'

2021-09-28 17:31:40 - [TEST_STEP][PASSED] - sendKeys(findTestObject(null), Keys.chord(PAGE_DOWN)): Keys 'PAGE_DOWN + ' sent to object: 'tempBody'

2021-09-28 17:31:40 - [MESSAGE][WARNING] - Test object id is null

2021-09-28 17:31:40 - [MESSAGE][WARNING] - Test object with id 'Object Repository/' does not exist

2021-09-28 17:31:42 - [MESSAGE][PASSED] - Keys 'PAGE_DOWN + ' sent to object: 'tempBody'

2021-09-28 17:31:42 - [TEST_STEP][PASSED] - sendKeys(findTestObject(null), Keys.chord(PAGE_DOWN)): Keys 'PAGE_DOWN + ' sent to object: 'tempBody'

2021-09-28 17:31:42 - [MESSAGE][WARNING] - Test object id is null

2021-09-28 17:31:42 - [MESSAGE][WARNING] - Test object with id 'Object Repository/' does not exist

2021-09-28 17:31:43 - [MESSAGE][PASSED] - Keys 'PAGE_DOWN + ' sent to object: 'tempBody'

2021-09-28 17:31:43 - [TEST_STEP][PASSED] - sendKeys(findTestObject(null), Keys.chord(PAGE_DOWN)): Keys 'PAGE_DOWN + ' sent to object: 'tempBody'

2021-09-28 17:31:43 - [MESSAGE][WARNING] - Test object id is null

2021-09-28 17:31:44 - [MESSAGE][WARNING] - Test object with id 'Object Repository/' does not exist

2021-09-28 17:31:45 - [MESSAGE][PASSED] - Keys 'PAGE_DOWN + ' sent to object: 'tempBody'

2021-09-28 17:31:45 - [TEST_STEP][PASSED] - sendKeys(findTestObject(null), Keys.chord(PAGE_DOWN)): Keys 'PAGE_DOWN + ' sent to object: 'tempBody'

2021-09-28 17:31:45 - [MESSAGE][WARNING] - Test object id is null

2021-09-28 17:31:45 - [MESSAGE][WARNING] - Test object with id 'Object Repository/' does not exist

2021-09-28 17:31:47 - [MESSAGE][PASSED] - Keys 'PAGE_DOWN + ' sent to object: 'tempBody'

2021-09-28 17:31:47 - [TEST_STEP][PASSED] - sendKeys(findTestObject(null), Keys.chord(PAGE_DOWN)): Keys 'PAGE_DOWN + ' sent to object: 'tempBody'

2021-09-28 17:31:47 - [MESSAGE][WARNING] - Test object id is null

2021-09-28 17:31:47 - [MESSAGE][WARNING] - Test object with id 'Object Repository/' does not exist

2021-09-28 17:31:48 - [MESSAGE][PASSED] - Keys 'PAGE_DOWN + ' sent to object: 'tempBody'

2021-09-28 17:31:48 - [TEST_STEP][PASSED] - if (verifyElementVisible(findTestObject("Object Repository/tN objects/sup_315"))): null

2021-09-28 17:31:49 - [MESSAGE][PASSED] - Object 'Object Repository/tN objects/sup_315' is visible

2021-09-28 17:31:49 - [TEST_STEP][PASSED] - logInfo("Chapter is expanded successfully"): Chapter is expanded successfully

2021-09-28 17:31:49 - [MESSAGE][INFO] - Chapter is expanded successfully

2021-09-28 17:31:49 - [TEST_STEP][PASSED] - delay(3): Delayed 3 second(s)

2021-09-28 17:31:52 - [MESSAGE][PASSED] - Delayed 3 second(s)

2021-09-28 17:31:52 - [TEST_STEP][PASSED] - sendKeys(findTestObject(null), Keys.chord(PAGE_UP)): Keys 'PAGE_UP + ' sent to object: 'tempBody'

2021-09-28 17:31:52 - [MESSAGE][WARNING] - Test object id is null

2021-09-28 17:31:52 - [MESSAGE][WARNING] - Test object with id 'Object Repository/' does not exist

2021-09-28 17:31:53 - [MESSAGE][PASSED] - Keys 'PAGE_UP + ' sent to object: 'tempBody'

2021-09-28 17:31:53 - [TEST_STEP][PASSED] - click(findTestObject("Object Repository/tN objects/button_Titus 11_collapse-chapter")): Object: 'Object Repository/tN objects/button_Titus 11_collapse-chapter' is clicked on

2021-09-28 17:31:55 - [MESSAGE][PASSED] - Object: 'Object Repository/tN objects/button_Titus 11_collapse-chapter' is clicked on

2021-09-28 17:31:55 - [TEST_STEP][PASSED] - delay(2): Delayed 2 second(s)

2021-09-28 17:31:57 - [MESSAGE][PASSED] - Delayed 2 second(s)

2021-09-28 17:31:57 - [TEST_STEP][PASSED] - if (verifyElementNotPresent(findTestObject("Object Repository/tN objects/sup_315"), 2, CONTINUE_ON_FAILURE)): null

2021-09-28 17:31:57 - [MESSAGE][PASSED] - Web element with id: 'Object Repository/tN objects/sup_315' located by 'By.xpath: //tr[@id='3:15']/td[3]/div/sup' is not present after '2' second(s)

2021-09-28 17:31:57 - [TEST_STEP][PASSED] - logInfo("Chapter is collapsed successfully"): Chapter is collapsed successfully

2021-09-28 17:31:57 - [MESSAGE][INFO] - Chapter is collapsed successfully

2021-09-28 17:31:57 - [TEST_STEP][PASSED] - closeBrowser(): Browser is closed

2021-09-28 17:31:57 - [MESSAGE][PASSED] - Browser is closed]]></system-out>
         <system-err><![CDATA[]]></system-err>
      </testcase>
      <testcase name="Test Cases/tCC Test Cases/tN_Highlighting by Occurrence Number" time="58.503" classname="Test Cases/tCC Test Cases/tN_Highlighting by Occurrence Number" status="PASSED">
         <system-out><![CDATA[2021-09-28 17:31:57 - [TEST_CASE][PASSED] - Test Cases/tCC Test Cases/tN_Highlighting by Occurrence Number: Test Cases/tCC Test Cases/tN_Highlighting by Occurrence Number

2021-09-28 17:31:57 - [TEST_STEP][PASSED] - com.tccreate.keywords.WriteToFile.writeTofilename("tN-Highlighting by occurrence number"): com.tccreate.keywords.WriteToFile.writeTofilename is PASSED

2021-09-28 17:31:57 - [MESSAGE][PASSED] - com.tccreate.keywords.WriteToFile.writeTofilename is PASSED

2021-09-28 17:31:57 - [TEST_STEP][PASSED] - com.helper.login.TimeDate.getTimeDate(): com.helper.login.TimeDate.getTimeDate is PASSED

2021-09-28 17:31:57 - [MESSAGE][INFO] - Time at which the test run:2021-09-28 17:31:57.714

2021-09-28 17:31:57 - [MESSAGE][PASSED] - com.helper.login.TimeDate.getTimeDate is PASSED

2021-09-28 17:31:57 - [TEST_STEP][PASSED] - com.helper.login.loginhelper.logintoapp(): com.helper.login.loginhelper.logintoapp is PASSED

2021-09-28 17:31:57 - [MESSAGE][INFO] - Starting 'Chrome' driver

2021-09-28 17:31:57 - [MESSAGE][INFO] - Action delay is set to 1,000 milliseconds

2021-09-28 17:31:58 - [MESSAGE][WARNING] - FFmpeg was not installed! Browser Recording will be disabled. Please follow this document to install FFmpeg first: https://docs.katalon.com/katalon-studio/docs/screenshots-videos.html#browser-based-recorder

2021-09-28 17:32:01 - [MESSAGE][PASSED] - Browser is opened with url: 'https://v1-3-0--tc-create-app.netlify.app/'

2021-09-28 17:32:01 - [MESSAGE][PASSED] - Wait for page load successfully

2021-09-28 17:32:02 - [MESSAGE][PASSED] - Current window maximized

2021-09-28 17:32:03 - [MESSAGE][PASSED] - Keys 'elsylambert' sent to object: 'Object Repository/Page_tC Create/input__username'

2021-09-28 17:32:05 - [MESSAGE][PASSED] - Keys 'fatak43' sent to object: 'Object Repository/Page_tC Create/input__password'

2021-09-28 17:32:06 - [MESSAGE][PASSED] - Object: 'Object Repository/Page_tC Create/button_Login' is clicked on

2021-09-28 17:32:07 - [MESSAGE][PASSED] - Delayed 1 second(s)

2021-09-28 17:32:08 - [MESSAGE][PASSED] - Text of object 'Object Repository/Page_tC Create/tcc-version number' is: 'translationCore Create - v1.3.0 build 73-f59f312'

2021-09-28 17:32:08 - [MESSAGE][INFO] - : The current version and build number is translationCore Create - v1.3.0 build 73-f59f312

2021-09-28 17:32:08 - [MESSAGE][PASSED] - com.helper.login.loginhelper.logintoapp is PASSED

2021-09-28 17:32:08 - [TEST_STEP][PASSED] - com.tccreate.keywords.selectOrg.organization(""): com.tccreate.keywords.selectOrg.organization is PASSED

2021-09-28 17:32:09 - [MESSAGE][PASSED] - Object: 'Object Repository/Page_tC Create/listOption_organisation_Parmed' is clicked on

2021-09-28 17:32:11 - [MESSAGE][WARNING] - No alert found after 2 second(s).

2021-09-28 17:32:11 - [MESSAGE][PASSED] - com.tccreate.keywords.selectOrg.organization is PASSED

2021-09-28 17:32:11 - [TEST_STEP][PASSED] - com.tccreate.keywords.selectOrg.resource("unfoldingWordÂ® Translation Notes"): com.tccreate.keywords.selectOrg.resource is PASSED

2021-09-28 17:32:13 - [MESSAGE][PASSED] - Object: 'Object Repository/Page_tC Create/resource_Parmed' is clicked on

2021-09-28 17:32:13 - [MESSAGE][PASSED] - com.tccreate.keywords.selectOrg.resource is PASSED

2021-09-28 17:32:13 - [TEST_STEP][PASSED] - com.tccreate.keywords.selectOrg.language(""): com.tccreate.keywords.selectOrg.language is PASSED

2021-09-28 17:32:14 - [MESSAGE][PASSED] - Object: 'Object Repository/Page_tC Create/combo_Select Language' is clicked on

2021-09-28 17:32:16 - [MESSAGE][PASSED] - Object: 'Object Repository/Page_tC Create/listOption_Language_Parmed' is clicked on

2021-09-28 17:32:16 - [MESSAGE][PASSED] - com.tccreate.keywords.selectOrg.language is PASSED

2021-09-28 17:32:16 - [TEST_STEP][PASSED] - click(findTestObject("Object Repository/Page_tC Create/span_en_tn_57-TIT.tsv")): Object: 'Object Repository/Page_tC Create/span_en_tn_57-TIT.tsv' is clicked on

2021-09-28 17:32:18 - [MESSAGE][PASSED] - Object: 'Object Repository/Page_tC Create/span_en_tn_57-TIT.tsv' is clicked on

2021-09-28 17:32:18 - [TEST_STEP][PASSED] - click(findTestObject("Object Repository/tN objects/button_view columns")): Object: 'Object Repository/tN objects/button_view columns' is clicked on

2021-09-28 17:32:22 - [MESSAGE][PASSED] - Object: 'Object Repository/tN objects/button_view columns' is clicked on

2021-09-28 17:32:22 - [TEST_STEP][PASSED] - click(findTestObject("tN objects/input_OrigQuote_checkbox")): Object: 'Object Repository/tN objects/input_OrigQuote_checkbox' is clicked on

2021-09-28 17:32:24 - [MESSAGE][PASSED] - Object: 'Object Repository/tN objects/input_OrigQuote_checkbox' is clicked on

2021-09-28 17:32:24 - [TEST_STEP][PASSED] - click(findTestObject("Object Repository/tN objects/input_SupportReference")): Object: 'Object Repository/tN objects/input_SupportReference' is clicked on

2021-09-28 17:32:26 - [MESSAGE][PASSED] - Object: 'Object Repository/tN objects/input_SupportReference' is clicked on

2021-09-28 17:32:26 - [TEST_STEP][PASSED] - click(findTestObject("tN objects/button__Close-Columns")): Object: 'Object Repository/tN objects/button__Close-Columns' is clicked on

2021-09-28 17:32:27 - [MESSAGE][PASSED] - Object: 'Object Repository/tN objects/button__Close-Columns' is clicked on

2021-09-28 17:32:27 - [TEST_STEP][PASSED] - buttonstate = com.tccreate.keywords.ExpandAllScriptureToggle.toggleAllScripture("test"): com.tccreate.keywords.ExpandAllScriptureToggle.toggleAllScripture is PASSED

2021-09-28 17:32:30 - [MESSAGE][INFO] - Unable to find the element located by 'By.xpath: //*[@type = 'button' and @data-test = 'drawer-menu-close-button']'. Please recheck the objects properties to make sure the desired element is located. 

2021-09-28 17:32:30 - [MESSAGE][WARNING] - Object 'Object Repository/Page_tC Create/button_DrawerClose' is not present after 2 second(s)

2021-09-28 17:32:32 - [MESSAGE][PASSED] - Object: 'Object Repository/Page_tC Create/Hamburger Menu Button' is clicked on

2021-09-28 17:32:33 - [MESSAGE][PASSED] - Delayed 1 second(s)

2021-09-28 17:32:33 - [MESSAGE][PASSED] - Object 'Object Repository/Page_tC Create/input_Expand all Scripture_default' is checked

2021-09-28 17:32:34 - [MESSAGE][PASSED] - Object: 'Object Repository/Page_tC Create/button_DrawerClose' is clicked on

2021-09-28 17:32:35 - [MESSAGE][PASSED] - Object 'Object Repository/Page_tC Create/Hamburger Menu Button' is visible

2021-09-28 17:32:35 - [MESSAGE][PASSED] - com.tccreate.keywords.ExpandAllScriptureToggle.toggleAllScripture is PASSED

2021-09-28 17:32:35 - [TEST_STEP][PASSED] - out.println(" the state of the button is" + buttonstate): null

2021-09-28 17:32:35 - [TEST_STEP][PASSED] - delay(1): Delayed 1 second(s)

2021-09-28 17:32:36 - [MESSAGE][PASSED] - Delayed 1 second(s)

2021-09-28 17:32:36 - [TEST_STEP][PASSED] - if (buttonstate == "off"): null

2021-09-28 17:32:36 - [TEST_STEP][PASSED] - else: Parallel scripture viewer is ON

2021-09-28 17:32:36 - [TEST_STEP][PASSED] - logInfo("Parallel scripture viewer is ON"): Parallel scripture viewer is ON

2021-09-28 17:32:36 - [MESSAGE][INFO] - Parallel scripture viewer is ON

2021-09-28 17:32:36 - [TEST_STEP][PASSED] - scrollToElement(findTestObject("Object Repository/tN objects/div_Titus 11"), 2): Scroll to object 'Object Repository/tN objects/div_Titus 11' successfully

2021-09-28 17:32:36 - [MESSAGE][PASSED] - Scroll to object 'Object Repository/tN objects/div_Titus 11' successfully

2021-09-28 17:32:36 - [TEST_STEP][PASSED] - click(findTestObject("Object Repository/tN objects/button_Titus 11_add a new row")): Object: 'Object Repository/tN objects/button_Titus 11_add a new row' is clicked on

2021-09-28 17:32:38 - [MESSAGE][PASSED] - Object: 'Object Repository/tN objects/button_Titus 11_add a new row' is clicked on

2021-09-28 17:32:38 - [TEST_STEP][PASSED] - click(findTestObject("Object Repository/tN objects/button_Add")): Object: 'Object Repository/tN objects/button_Add' is clicked on

2021-09-28 17:32:40 - [MESSAGE][PASSED] - Object: 'Object Repository/tN objects/button_Add' is clicked on

2021-09-28 17:32:40 - [TEST_STEP][PASSED] - word1 = getText(findTestObject("tN objects/word1")): Text of object 'Object Repository/tN objects/word1' is: 'ÎÎµÎ¿á¿¦'

2021-09-28 17:32:40 - [MESSAGE][PASSED] - Text of object 'Object Repository/tN objects/word1' is: 'ÎÎµÎ¿á¿¦'

2021-09-28 17:32:40 - [TEST_STEP][PASSED] - logInfo("the word is" + word1): the word isÎÎµÎ¿á¿¦

2021-09-28 17:32:40 - [MESSAGE][INFO] - the word isÎÎµÎ¿á¿¦

2021-09-28 17:32:40 - [TEST_STEP][PASSED] - color_word1 = getCSSValue(findTestObject("tN objects/word1"), "color"): Get CSS 'color' value on 'Object Repository/tN objects/word1' successfully: 'rgba(0, 0, 0, 0.87)'.

2021-09-28 17:32:40 - [MESSAGE][PASSED] - Get CSS 'color' value on 'Object Repository/tN objects/word1' successfully: 'rgba(0, 0, 0, 0.87)'.

2021-09-28 17:32:40 - [TEST_STEP][PASSED] - backcolor_word1 = getCSSValue(findTestObject("tN objects/word1"), "background-color"): Get CSS 'background-color' value on 'Object Repository/tN objects/word1' successfully: 'rgba(0, 0, 0, 0)'.

2021-09-28 17:32:41 - [MESSAGE][PASSED] - Get CSS 'background-color' value on 'Object Repository/tN objects/word1' successfully: 'rgba(0, 0, 0, 0)'.

2021-09-28 17:32:41 - [TEST_STEP][PASSED] - logInfo(color_word1): rgba(0, 0, 0, 0.87)

2021-09-28 17:32:41 - [MESSAGE][INFO] - rgba(0, 0, 0, 0.87)

2021-09-28 17:32:41 - [TEST_STEP][PASSED] - logInfo(backcolor_word1): rgba(0, 0, 0, 0)

2021-09-28 17:32:41 - [MESSAGE][INFO] - rgba(0, 0, 0, 0)

2021-09-28 17:32:41 - [TEST_STEP][PASSED] - click(findTestObject("Object Repository/tN objects/p_OL_box")): Object: 'Object Repository/tN objects/p_OL_box' is clicked on

2021-09-28 17:32:42 - [MESSAGE][PASSED] - Object: 'Object Repository/tN objects/p_OL_box' is clicked on

2021-09-28 17:32:42 - [TEST_STEP][PASSED] - setText(findTestObject("Object Repository/tN objects/p_OL_box"), "ÎÎµÎ¿á¿¦"): Text 'ÎÎµÎ¿á¿¦' is set on object 'Object Repository/tN objects/p_OL_box'

2021-09-28 17:32:45 - [MESSAGE][PASSED] - Text 'ÎÎµÎ¿á¿¦' is set on object 'Object Repository/tN objects/p_OL_box'

2021-09-28 17:32:45 - [TEST_STEP][PASSED] - driver = getWebDriver(): null

2021-09-28 17:32:45 - [TEST_STEP][PASSED] - action = new org.openqa.selenium.interactions.Actions(driver): null

2021-09-28 17:32:45 - [TEST_STEP][PASSED] - build().perform(): null

2021-09-28 17:32:45 - [TEST_STEP][PASSED] - if (!(color_word1.equals(backcolor_word1))): First Occurrence is highlighted!

2021-09-28 17:32:45 - [TEST_STEP][PASSED] - logInfo("First Occurrence is highlighted!"): First Occurrence is highlighted!

2021-09-28 17:32:45 - [MESSAGE][INFO] - First Occurrence is highlighted!

2021-09-28 17:32:45 - [TEST_STEP][PASSED] - color_word2 = getCSSValue(findTestObject("tN objects/word2"), "color"): Get CSS 'color' value on 'Object Repository/tN objects/word2' successfully: 'rgba(0, 0, 0, 0.87)'.

2021-09-28 17:32:46 - [MESSAGE][PASSED] - Get CSS 'color' value on 'Object Repository/tN objects/word2' successfully: 'rgba(0, 0, 0, 0.87)'.

2021-09-28 17:32:46 - [TEST_STEP][PASSED] - backcolor_word2 = getCSSValue(findTestObject("tN objects/word2"), "background-color"): Get CSS 'background-color' value on 'Object Repository/tN objects/word2' successfully: 'rgba(0, 0, 0, 0)'.

2021-09-28 17:32:46 - [MESSAGE][PASSED] - Get CSS 'background-color' value on 'Object Repository/tN objects/word2' successfully: 'rgba(0, 0, 0, 0)'.

2021-09-28 17:32:46 - [TEST_STEP][PASSED] - click(findTestObject("Object Repository/tN objects/p_occurrence box")): Object: 'Object Repository/tN objects/p_occurrence box' is clicked on

2021-09-28 17:32:47 - [MESSAGE][PASSED] - Object: 'Object Repository/tN objects/p_occurrence box' is clicked on

2021-09-28 17:32:47 - [TEST_STEP][PASSED] - clearText(findTestObject("Object Repository/tN objects/p_occurrence box"), CONTINUE_ON_FAILURE): Text of object 'Object Repository/tN objects/p_occurrence box' is cleared

2021-09-28 17:32:49 - [MESSAGE][PASSED] - Text of object 'Object Repository/tN objects/p_occurrence box' is cleared

2021-09-28 17:32:49 - [TEST_STEP][PASSED] - sendKeys(findTestObject("Object Repository/tN objects/p_occurrence box"), "2"): Keys '2' sent to object: 'Object Repository/tN objects/p_occurrence box'

2021-09-28 17:32:50 - [MESSAGE][PASSED] - Keys '2' sent to object: 'Object Repository/tN objects/p_occurrence box'

2021-09-28 17:32:50 - [TEST_STEP][PASSED] - build().perform(): null

2021-09-28 17:32:50 - [TEST_STEP][PASSED] - if (!(color_word2.equals(backcolor_word2))): Second occcurrence is highlighted!

2021-09-28 17:32:50 - [TEST_STEP][PASSED] - logInfo("Second occcurrence is highlighted!"): Second occcurrence is highlighted!

2021-09-28 17:32:50 - [MESSAGE][INFO] - Second occcurrence is highlighted!

2021-09-28 17:32:50 - [TEST_STEP][PASSED] - clearText(findTestObject("Object Repository/tN objects/p_occurrence box"), CONTINUE_ON_FAILURE): Text of object 'Object Repository/tN objects/p_occurrence box' is cleared

2021-09-28 17:32:52 - [MESSAGE][PASSED] - Text of object 'Object Repository/tN objects/p_occurrence box' is cleared

2021-09-28 17:32:52 - [TEST_STEP][PASSED] - sendKeys(findTestObject("Object Repository/tN objects/p_occurrence box"), "-1"): Keys '-1' sent to object: 'Object Repository/tN objects/p_occurrence box'

2021-09-28 17:32:53 - [MESSAGE][PASSED] - Keys '-1' sent to object: 'Object Repository/tN objects/p_occurrence box'

2021-09-28 17:32:53 - [TEST_STEP][PASSED] - build().perform(): null

2021-09-28 17:32:53 - [TEST_STEP][PASSED] - if (!(color_word1.equals(backcolor_word1)) && !(color_word2.equals(backcolor_word2))): Both occurrences are highlighted!

2021-09-28 17:32:53 - [TEST_STEP][PASSED] - logInfo("Both occurrences are highlighted!"): Both occurrences are highlighted!

2021-09-28 17:32:53 - [MESSAGE][INFO] - Both occurrences are highlighted!

2021-09-28 17:32:53 - [TEST_STEP][PASSED] - delay(2): Delayed 2 second(s)

2021-09-28 17:32:55 - [MESSAGE][PASSED] - Delayed 2 second(s)

2021-09-28 17:32:55 - [TEST_STEP][PASSED] - closeBrowser(): Browser is closed

2021-09-28 17:32:56 - [MESSAGE][PASSED] - Browser is closed]]></system-out>
         <system-err><![CDATA[]]></system-err>
      </testcase>
      <testcase name="Test Cases/tCC Test Cases/tW_Saving tW Article" time="40.615" classname="Test Cases/tCC Test Cases/tW_Saving tW Article" status="PASSED">
         <system-out><![CDATA[2021-09-28 17:32:56 - [TEST_CASE][PASSED] - Test Cases/tCC Test Cases/tW_Saving tW Article: Test Cases/tCC Test Cases/tW_Saving tW Article

2021-09-28 17:32:56 - [TEST_STEP][PASSED] - com.tccreate.keywords.WriteToFile.writeTofilename("tW-Save"): com.tccreate.keywords.WriteToFile.writeTofilename is PASSED

2021-09-28 17:32:56 - [MESSAGE][PASSED] - com.tccreate.keywords.WriteToFile.writeTofilename is PASSED

2021-09-28 17:32:56 - [TEST_STEP][PASSED] - com.helper.login.TimeDate.getTimeDate(): com.helper.login.TimeDate.getTimeDate is PASSED

2021-09-28 17:32:56 - [MESSAGE][INFO] - Time at which the test run:2021-09-28 17:32:56.182

2021-09-28 17:32:56 - [MESSAGE][PASSED] - com.helper.login.TimeDate.getTimeDate is PASSED

2021-09-28 17:32:56 - [TEST_STEP][PASSED] - com.helper.login.loginhelper.logintoapp(): com.helper.login.loginhelper.logintoapp is PASSED

2021-09-28 17:32:56 - [MESSAGE][INFO] - Starting 'Chrome' driver

2021-09-28 17:32:56 - [MESSAGE][INFO] - Action delay is set to 1,000 milliseconds

2021-09-28 17:32:57 - [MESSAGE][WARNING] - FFmpeg was not installed! Browser Recording will be disabled. Please follow this document to install FFmpeg first: https://docs.katalon.com/katalon-studio/docs/screenshots-videos.html#browser-based-recorder

2021-09-28 17:33:03 - [MESSAGE][PASSED] - Browser is opened with url: 'https://v1-3-0--tc-create-app.netlify.app/'

2021-09-28 17:33:03 - [MESSAGE][PASSED] - Wait for page load successfully

2021-09-28 17:33:04 - [MESSAGE][PASSED] - Current window maximized

2021-09-28 17:33:05 - [MESSAGE][PASSED] - Keys 'elsylambert' sent to object: 'Object Repository/Page_tC Create/input__username'

2021-09-28 17:33:07 - [MESSAGE][PASSED] - Keys 'fatak43' sent to object: 'Object Repository/Page_tC Create/input__password'

2021-09-28 17:33:08 - [MESSAGE][PASSED] - Object: 'Object Repository/Page_tC Create/button_Login' is clicked on

2021-09-28 17:33:09 - [MESSAGE][PASSED] - Delayed 1 second(s)

2021-09-28 17:33:10 - [MESSAGE][PASSED] - Text of object 'Object Repository/Page_tC Create/tcc-version number' is: 'translationCore Create - v1.3.0 build 73-f59f312'

2021-09-28 17:33:10 - [MESSAGE][INFO] - : The current version and build number is translationCore Create - v1.3.0 build 73-f59f312

2021-09-28 17:33:10 - [MESSAGE][PASSED] - com.helper.login.loginhelper.logintoapp is PASSED

2021-09-28 17:33:10 - [TEST_STEP][PASSED] - com.tccreate.keywords.selectOrg.organization(""): com.tccreate.keywords.selectOrg.organization is PASSED

2021-09-28 17:33:11 - [MESSAGE][PASSED] - Object: 'Object Repository/Page_tC Create/listOption_organisation_Parmed' is clicked on

2021-09-28 17:33:13 - [MESSAGE][WARNING] - No alert found after 2 second(s).

2021-09-28 17:33:13 - [MESSAGE][PASSED] - com.tccreate.keywords.selectOrg.organization is PASSED

2021-09-28 17:33:13 - [TEST_STEP][PASSED] - com.tccreate.keywords.selectOrg.resource("unfoldingWordÂ® Translation Words"): com.tccreate.keywords.selectOrg.resource is PASSED

2021-09-28 17:33:15 - [MESSAGE][PASSED] - Object: 'Object Repository/Page_tC Create/resource_Parmed' is clicked on

2021-09-28 17:33:15 - [MESSAGE][PASSED] - com.tccreate.keywords.selectOrg.resource is PASSED

2021-09-28 17:33:15 - [TEST_STEP][PASSED] - com.tccreate.keywords.selectOrg.language(""): com.tccreate.keywords.selectOrg.language is PASSED

2021-09-28 17:33:17 - [MESSAGE][PASSED] - Object: 'Object Repository/Page_tC Create/combo_Select Language' is clicked on

2021-09-28 17:33:18 - [MESSAGE][PASSED] - Object: 'Object Repository/Page_tC Create/listOption_Language_Parmed' is clicked on

2021-09-28 17:33:18 - [MESSAGE][PASSED] - com.tccreate.keywords.selectOrg.language is PASSED

2021-09-28 17:33:18 - [TEST_STEP][PASSED] - click(findTestObject("tW Objects/span_bible")): Object: 'Object Repository/tW Objects/span_bible' is clicked on

2021-09-28 17:33:20 - [MESSAGE][PASSED] - Object: 'Object Repository/tW Objects/span_bible' is clicked on

2021-09-28 17:33:20 - [TEST_STEP][PASSED] - click(findTestObject("tW Objects/span_kt")): Object: 'Object Repository/tW Objects/span_kt' is clicked on

2021-09-28 17:33:22 - [MESSAGE][PASSED] - Object: 'Object Repository/tW Objects/span_kt' is clicked on

2021-09-28 17:33:22 - [TEST_STEP][PASSED] - click(findTestObject("tW Objects/span_almighty.md")): Object: 'Object Repository/tW Objects/span_almighty.md' is clicked on

2021-09-28 17:33:24 - [MESSAGE][PASSED] - Object: 'Object Repository/tW Objects/span_almighty.md' is clicked on

2021-09-28 17:33:24 - [TEST_STEP][PASSED] - click(findTestObject("tW Objects/h1_Almighty")): Object: 'Object Repository/tW Objects/h1_Almighty' is clicked on

2021-09-28 17:33:27 - [MESSAGE][PASSED] - Object: 'Object Repository/tW Objects/h1_Almighty' is clicked on

2021-09-28 17:33:27 - [TEST_STEP][PASSED] - sendKeys(findTestObject("tW Objects/h1_Almighty"), "  edits by a test script"): Keys '  edits by a test script' sent to object: 'Object Repository/tW Objects/h1_Almighty'

2021-09-28 17:33:28 - [MESSAGE][PASSED] - Keys '  edits by a test script' sent to object: 'Object Repository/tW Objects/h1_Almighty'

2021-09-28 17:33:28 - [TEST_STEP][PASSED] - click(findTestObject("Object Repository/Page_tC Create/button_Save")): Object: 'Object Repository/Page_tC Create/button_Save' is clicked on

2021-09-28 17:33:30 - [MESSAGE][PASSED] - Object: 'Object Repository/Page_tC Create/button_Save' is clicked on

2021-09-28 17:33:30 - [TEST_STEP][PASSED] - delay(2): Delayed 2 second(s)

2021-09-28 17:33:32 - [MESSAGE][PASSED] - Delayed 2 second(s)

2021-09-28 17:33:32 - [TEST_STEP][PASSED] - if (verifyElementNotClickable(findTestObject("Page_tC Create/button_Save"), CONTINUE_ON_FAILURE)): null

2021-09-28 17:33:32 - [MESSAGE][PASSED] - Object 'Object Repository/Page_tC Create/button_Save' is NOT clickable

2021-09-28 17:33:32 - [TEST_STEP][PASSED] - logInfo(" Save button is greyed out as expected"):  Save button is greyed out as expected

2021-09-28 17:33:32 - [MESSAGE][INFO] -  Save button is greyed out as expected

2021-09-28 17:33:32 - [TEST_STEP][PASSED] - click(findTestObject("Object Repository/tW Objects/chip_English - unfoldingWorden_twElsyLambert-tc-create-1")): Object: 'Object Repository/tW Objects/chip_English - unfoldingWorden_twElsyLambert-tc-create-1' is clicked on

2021-09-28 17:33:34 - [MESSAGE][PASSED] - Object: 'Object Repository/tW Objects/chip_English - unfoldingWorden_twElsyLambert-tc-create-1' is clicked on

2021-09-28 17:33:34 - [TEST_STEP][PASSED] - delay(2): Delayed 2 second(s)

2021-09-28 17:33:36 - [MESSAGE][PASSED] - Delayed 2 second(s)

2021-09-28 17:33:36 - [TEST_STEP][PASSED] - switchToWindowIndex(1): Switched to window with index: '1'

2021-09-28 17:33:36 - [MESSAGE][PASSED] - Switched to window with index: '1'

2021-09-28 17:33:36 - [TEST_STEP][PASSED] - if (getText(findTestObject("Object Repository/tW Objects/h1_Almighty article on DCS")).contains("edits by a test script")): null

2021-09-28 17:33:36 - [MESSAGE][PASSED] - Text of object 'Object Repository/tW Objects/h1_Almighty article on DCS' is: 'Almighty  edits by a test scrip  edits by a test scriptt'

2021-09-28 17:33:36 - [TEST_STEP][PASSED] - logInfo("The edits are saved on the DCS Repo File"): The edits are saved on the DCS Repo File

2021-09-28 17:33:36 - [MESSAGE][INFO] - The edits are saved on the DCS Repo File

2021-09-28 17:33:36 - [TEST_STEP][PASSED] - switchToWindowIndex(0): Switched to window with index: '0'

2021-09-28 17:33:36 - [MESSAGE][PASSED] - Switched to window with index: '0'

2021-09-28 17:33:36 - [TEST_STEP][PASSED] - closeBrowser(): Browser is closed

2021-09-28 17:33:36 - [MESSAGE][PASSED] - Browser is closed

2021-09-28 17:33:36 - [TEST_STEP][PASSED] - closeBrowser(): Browser is closed

2021-09-28 17:33:36 - [MESSAGE][PASSED] - Browser is closed]]></system-out>
         <system-err><![CDATA[]]></system-err>
      </testcase>
      <testcase name="Test Cases/tCC Test Cases/tA_Saving tA Article" time="218.735" classname="Test Cases/tCC Test Cases/tA_Saving tA Article" status="FAILED">
         <failure type="FAILED" message="Test Cases/tCC Test Cases/tA_Saving tA Article FAILED.
Reason:
com.kms.katalon.core.exception.StepFailedException: Unable to click on object 'Object Repository/Page_tC Create/listOption_Language_Parmed' (Root cause: com.kms.katalon.core.exception.StepFailedException: Unable to click on object 'Object Repository/Page_tC Create/listOption_Language_Parmed'
	at com.kms.katalon.core.webui.keyword.internal.WebUIKeywordMain.stepFailed(WebUIKeywordMain.groovy:64)
	at com.kms.katalon.core.webui.keyword.internal.WebUIKeywordMain.runKeyword(WebUIKeywordMain.groovy:26)
	at com.kms.katalon.core.webui.keyword.builtin.ClickKeyword.click(ClickKeyword.groovy:75)
	at com.kms.katalon.core.webui.keyword.builtin.ClickKeyword.execute(ClickKeyword.groovy:42)
	at com.kms.katalon.core.keyword.internal.KeywordExecutor.executeKeywordForPlatform(KeywordExecutor.groovy:74)
	at com.kms.katalon.core.webui.keyword.WebUiBuiltInKeywords.click(WebUiBuiltInKeywords.groovy:620)
	at com.kms.katalon.core.webui.keyword.WebUiBuiltInKeywords$click$3.call(Unknown Source)
	at com.tccreate.keywords.selectOrg.language(selectOrg.groovy:54)
	at com.tccreate.keywords.selectOrg.invokeMethod(selectOrg.groovy)
	at com.kms.katalon.core.main.CustomKeywordDelegatingMetaClass.invokeStaticMethod(CustomKeywordDelegatingMetaClass.java:50)
	at tA_Saving tA Article.run(tA_Saving tA Article:29)
	at com.kms.katalon.core.main.ScriptEngine.run(ScriptEngine.java:194)
	at com.kms.katalon.core.main.ScriptEngine.runScriptAsRawText(ScriptEngine.java:119)
	at com.kms.katalon.core.main.TestCaseExecutor.runScript(TestCaseExecutor.java:430)
	at com.kms.katalon.core.main.TestCaseExecutor.doExecute(TestCaseExecutor.java:421)
	at com.kms.katalon.core.main.TestCaseExecutor.processExecutionPhase(TestCaseExecutor.java:400)
	at com.kms.katalon.core.main.TestCaseExecutor.accessMainPhase(TestCaseExecutor.java:392)
	at com.kms.katalon.core.main.TestCaseExecutor.execute(TestCaseExecutor.java:273)
	at com.kms.katalon.core.main.TestSuiteExecutor.accessTestCaseMainPhase(TestSuiteExecutor.java:202)
	at com.kms.katalon.core.main.TestSuiteExecutor.accessTestSuiteMainPhase(TestSuiteExecutor.java:164)
	at com.kms.katalon.core.main.TestSuiteExecutor.execute(TestSuiteExecutor.java:105)
	at com.kms.katalon.core.main.TestCaseMain.startTestSuite(TestCaseMain.java:185)
	at com.kms.katalon.core.main.TestCaseMain$startTestSuite$0.call(Unknown Source)
	at TempTestSuite1632864492590.run(TempTestSuite1632864492590.groovy:36)
Caused by: org.openqa.selenium.StaleElementReferenceException: stale element reference: element is not attached to the page document
  (Session info: chrome=94.0.4606.61)
For documentation on this error, please visit: https://www.seleniumhq.org/exceptions/stale_element_reference.html
Build info: version: '3.141.59', revision: 'e82be7d358', time: '2018-11-14T08:25:53'
System info: host: 'ELSYs-MBP.phub.net.cable.rogers.com', ip: '2607:fea8:2cde:e900:0:0:0:cce8%en0', os.name: 'Mac OS X', os.arch: 'x86_64', os.version: '10.16', java.version: '1.8.0_275'
Driver info: com.kms.katalon.selenium.driver.CChromeDriver
Capabilities {acceptInsecureCerts: false, browserName: chrome, browserVersion: 94.0.4606.61, chrome: {chromedriverVersion: 94.0.4606.61 (418b78f5838ed..., userDataDir: /var/folders/sf/msc8p_nx3x3...}, goog:chromeOptions: {debuggerAddress: localhost:58979}, javascriptEnabled: true, networkConnectionEnabled: false, pageLoadStrategy: normal, platform: MAC, platformName: MAC, proxy: Proxy(), setWindowRect: true, strictFileInteractability: false, timeouts: {implicit: 0, pageLoad: 300000, script: 30000}, unhandledPromptBehavior: dismiss and notify, webauthn:extension:credBlob: true, webauthn:extension:largeBlob: true, webauthn:virtualAuthenticators: true}
Session ID: eaac19f7be45e49c37f6eb93c6d52174
	at org.openqa.selenium.remote.http.W3CHttpResponseCodec.createException(W3CHttpResponseCodec.java:187)
	at org.openqa.selenium.remote.http.W3CHttpResponseCodec.decode(W3CHttpResponseCodec.java:122)
	at org.openqa.selenium.remote.http.W3CHttpResponseCodec.decode(W3CHttpResponseCodec.java:49)
	at org.openqa.selenium.remote.HttpCommandExecutor.execute(HttpCommandExecutor.java:158)
	at org.openqa.selenium.remote.service.DriverCommandExecutor.execute(DriverCommandExecutor.java:83)
	at org.openqa.selenium.remote.RemoteWebDriver.execute(RemoteWebDriver.java:552)
	at com.kms.katalon.selenium.driver.CChromeDriver.execute(CChromeDriver.java:19)
	at org.openqa.selenium.remote.RemoteWebElement.execute(RemoteWebElement.java:285)
	at org.openqa.selenium.remote.RemoteWebElement.click(RemoteWebElement.java:84)
	at org.openqa.selenium.support.events.EventFiringWebDriver$EventFiringWebElement.lambda$new$0(EventFiringWebDriver.java:404)
	at com.sun.proxy.$Proxy11.click(Unknown Source)
	at org.openqa.selenium.support.events.EventFiringWebDriver$EventFiringWebElement.click(EventFiringWebDriver.java:417)
	at com.kms.katalon.core.webui.keyword.builtin.ClickKeyword$_click_closure1.doCall(ClickKeyword.groovy:68)
	at com.kms.katalon.core.webui.keyword.builtin.ClickKeyword$_click_closure1.call(ClickKeyword.groovy)
	at com.kms.katalon.core.webui.keyword.internal.WebUIKeywordMain.runKeyword(WebUIKeywordMain.groovy:20)
	at com.kms.katalon.core.webui.keyword.builtin.ClickKeyword.click(ClickKeyword.groovy:75)
	at com.kms.katalon.core.webui.keyword.builtin.ClickKeyword.execute(ClickKeyword.groovy:42)
	at com.kms.katalon.core.keyword.internal.KeywordExecutor.executeKeywordForPlatform(KeywordExecutor.groovy:74)
	at com.kms.katalon.core.webui.keyword.WebUiBuiltInKeywords.click(WebUiBuiltInKeywords.groovy:620)
	at com.kms.katalon.core.webui.keyword.WebUiBuiltInKeywords$click$3.call(Unknown Source)
	at com.tccreate.keywords.selectOrg.language(selectOrg.groovy:54)
	at com.tccreate.keywords.selectOrg.invokeMethod(selectOrg.groovy)
	at com.kms.katalon.core.main.CustomKeywordDelegatingMetaClass.invokeStaticMethod(CustomKeywordDelegatingMetaClass.java:50)
	at Script1609168958432.run(Script1609168958432.groovy:29)
	... 13 more
)
	at com.kms.katalon.core.keyword.internal.KeywordMain.stepFailed(KeywordMain.groovy:39)
	at com.kms.katalon.core.webui.keyword.internal.WebUIKeywordMain.stepFailed(WebUIKeywordMain.groovy:64)
	at com.kms.katalon.core.webui.keyword.internal.WebUIKeywordMain.runKeyword(WebUIKeywordMain.groovy:26)
	at com.kms.katalon.core.webui.keyword.builtin.ClickKeyword.click(ClickKeyword.groovy:75)
	at com.kms.katalon.core.webui.keyword.builtin.ClickKeyword.execute(ClickKeyword.groovy:42)
	at com.kms.katalon.core.keyword.internal.KeywordExecutor.executeKeywordForPlatform(KeywordExecutor.groovy:74)
	at com.kms.katalon.core.webui.keyword.WebUiBuiltInKeywords.click(WebUiBuiltInKeywords.groovy:620)
	at com.kms.katalon.core.webui.keyword.WebUiBuiltInKeywords$click$3.call(Unknown Source)
	at com.tccreate.keywords.selectOrg.language(selectOrg.groovy:54)
	at com.tccreate.keywords.selectOrg.invokeMethod(selectOrg.groovy)
	at com.kms.katalon.core.main.CustomKeywordDelegatingMetaClass.invokeStaticMethod(CustomKeywordDelegatingMetaClass.java:50)
	at tA_Saving tA Article.run(tA_Saving tA Article:29)
	at com.kms.katalon.core.main.ScriptEngine.run(ScriptEngine.java:194)
	at com.kms.katalon.core.main.ScriptEngine.runScriptAsRawText(ScriptEngine.java:119)
	at com.kms.katalon.core.main.TestCaseExecutor.runScript(TestCaseExecutor.java:430)
	at com.kms.katalon.core.main.TestCaseExecutor.doExecute(TestCaseExecutor.java:421)
	at com.kms.katalon.core.main.TestCaseExecutor.processExecutionPhase(TestCaseExecutor.java:400)
	at com.kms.katalon.core.main.TestCaseExecutor.accessMainPhase(TestCaseExecutor.java:392)
	at com.kms.katalon.core.main.TestCaseExecutor.execute(TestCaseExecutor.java:273)
	at com.kms.katalon.core.main.TestSuiteExecutor.accessTestCaseMainPhase(TestSuiteExecutor.java:202)
	at com.kms.katalon.core.main.TestSuiteExecutor.accessTestSuiteMainPhase(TestSuiteExecutor.java:164)
	at com.kms.katalon.core.main.TestSuiteExecutor.execute(TestSuiteExecutor.java:105)
	at com.kms.katalon.core.main.TestCaseMain.startTestSuite(TestCaseMain.java:185)
	at com.kms.katalon.core.main.TestCaseMain$startTestSuite$0.call(Unknown Source)
	at TempTestSuite1632864492590.run(TempTestSuite1632864492590.groovy:36)
Caused by: com.kms.katalon.core.exception.StepFailedException: Unable to click on object 'Object Repository/Page_tC Create/listOption_Language_Parmed'
	... 24 more
Caused by: org.openqa.selenium.StaleElementReferenceException: stale element reference: element is not attached to the page document
  (Session info: chrome=94.0.4606.61)
For documentation on this error, please visit: https://www.seleniumhq.org/exceptions/stale_element_reference.html
Build info: version: '3.141.59', revision: 'e82be7d358', time: '2018-11-14T08:25:53'
System info: host: 'ELSYs-MBP.phub.net.cable.rogers.com', ip: '2607:fea8:2cde:e900:0:0:0:cce8%en0', os.name: 'Mac OS X', os.arch: 'x86_64', os.version: '10.16', java.version: '1.8.0_275'
Driver info: com.kms.katalon.selenium.driver.CChromeDriver
Capabilities {acceptInsecureCerts: false, browserName: chrome, browserVersion: 94.0.4606.61, chrome: {chromedriverVersion: 94.0.4606.61 (418b78f5838ed..., userDataDir: /var/folders/sf/msc8p_nx3x3...}, goog:chromeOptions: {debuggerAddress: localhost:58979}, javascriptEnabled: true, networkConnectionEnabled: false, pageLoadStrategy: normal, platform: MAC, platformName: MAC, proxy: Proxy(), setWindowRect: true, strictFileInteractability: false, timeouts: {implicit: 0, pageLoad: 300000, script: 30000}, unhandledPromptBehavior: dismiss and notify, webauthn:extension:credBlob: true, webauthn:extension:largeBlob: true, webauthn:virtualAuthenticators: true}
Session ID: eaac19f7be45e49c37f6eb93c6d52174
	at org.openqa.selenium.remote.http.W3CHttpResponseCodec.createException(W3CHttpResponseCodec.java:187)
	at org.openqa.selenium.remote.http.W3CHttpResponseCodec.decode(W3CHttpResponseCodec.java:122)
	at org.openqa.selenium.remote.http.W3CHttpResponseCodec.decode(W3CHttpResponseCodec.java:49)
	at org.openqa.selenium.remote.HttpCommandExecutor.execute(HttpCommandExecutor.java:158)
	at org.openqa.selenium.remote.service.DriverCommandExecutor.execute(DriverCommandExecutor.java:83)
	at org.openqa.selenium.remote.RemoteWebDriver.execute(RemoteWebDriver.java:552)
	at com.kms.katalon.selenium.driver.CChromeDriver.execute(CChromeDriver.java:19)
	at org.openqa.selenium.remote.RemoteWebElement.execute(RemoteWebElement.java:285)
	at org.openqa.selenium.remote.RemoteWebElement.click(RemoteWebElement.java:84)
	at org.openqa.selenium.support.events.EventFiringWebDriver$EventFiringWebElement.lambda$new$0(EventFiringWebDriver.java:404)
	at com.sun.proxy.$Proxy11.click(Unknown Source)
	at org.openqa.selenium.support.events.EventFiringWebDriver$EventFiringWebElement.click(EventFiringWebDriver.java:417)
	at com.kms.katalon.core.webui.keyword.builtin.ClickKeyword$_click_closure1.doCall(ClickKeyword.groovy:68)
	at com.kms.katalon.core.webui.keyword.builtin.ClickKeyword$_click_closure1.call(ClickKeyword.groovy)
	at com.kms.katalon.core.webui.keyword.internal.WebUIKeywordMain.runKeyword(WebUIKeywordMain.groovy:20)
	... 22 more
"/>
         <system-out><![CDATA[2021-09-28 17:33:36 - [TEST_CASE][FAILED] - Test Cases/tCC Test Cases/tA_Saving tA Article: Test Cases/tCC Test Cases/tA_Saving tA Article FAILED.
Reason:
com.kms.katalon.core.exception.StepFailedException: Unable to click on object 'Object Repository/Page_tC Create/listOption_Language_Parmed' (Root cause: com.kms.katalon.core.exception.StepFailedException: Unable to click on object 'Object Repository/Page_tC Create/listOption_Language_Parmed'
	at com.kms.katalon.core.webui.keyword.internal.WebUIKeywordMain.stepFailed(WebUIKeywordMain.groovy:64)
	at com.kms.katalon.core.webui.keyword.internal.WebUIKeywordMain.runKeyword(WebUIKeywordMain.groovy:26)
	at com.kms.katalon.core.webui.keyword.builtin.ClickKeyword.click(ClickKeyword.groovy:75)
	at com.kms.katalon.core.webui.keyword.builtin.ClickKeyword.execute(ClickKeyword.groovy:42)
	at com.kms.katalon.core.keyword.internal.KeywordExecutor.executeKeywordForPlatform(KeywordExecutor.groovy:74)
	at com.kms.katalon.core.webui.keyword.WebUiBuiltInKeywords.click(WebUiBuiltInKeywords.groovy:620)
	at com.kms.katalon.core.webui.keyword.WebUiBuiltInKeywords$click$3.call(Unknown Source)
	at com.tccreate.keywords.selectOrg.language(selectOrg.groovy:54)
	at com.tccreate.keywords.selectOrg.invokeMethod(selectOrg.groovy)
	at com.kms.katalon.core.main.CustomKeywordDelegatingMetaClass.invokeStaticMethod(CustomKeywordDelegatingMetaClass.java:50)
	at tA_Saving tA Article.run(tA_Saving tA Article:29)
	at com.kms.katalon.core.main.ScriptEngine.run(ScriptEngine.java:194)
	at com.kms.katalon.core.main.ScriptEngine.runScriptAsRawText(ScriptEngine.java:119)
	at com.kms.katalon.core.main.TestCaseExecutor.runScript(TestCaseExecutor.java:430)
	at com.kms.katalon.core.main.TestCaseExecutor.doExecute(TestCaseExecutor.java:421)
	at com.kms.katalon.core.main.TestCaseExecutor.processExecutionPhase(TestCaseExecutor.java:400)
	at com.kms.katalon.core.main.TestCaseExecutor.accessMainPhase(TestCaseExecutor.java:392)
	at com.kms.katalon.core.main.TestCaseExecutor.execute(TestCaseExecutor.java:273)
	at com.kms.katalon.core.main.TestSuiteExecutor.accessTestCaseMainPhase(TestSuiteExecutor.java:202)
	at com.kms.katalon.core.main.TestSuiteExecutor.accessTestSuiteMainPhase(TestSuiteExecutor.java:164)
	at com.kms.katalon.core.main.TestSuiteExecutor.execute(TestSuiteExecutor.java:105)
	at com.kms.katalon.core.main.TestCaseMain.startTestSuite(TestCaseMain.java:185)
	at com.kms.katalon.core.main.TestCaseMain$startTestSuite$0.call(Unknown Source)
	at TempTestSuite1632864492590.run(TempTestSuite1632864492590.groovy:36)
Caused by: org.openqa.selenium.StaleElementReferenceException: stale element reference: element is not attached to the page document
  (Session info: chrome=94.0.4606.61)
For documentation on this error, please visit: https://www.seleniumhq.org/exceptions/stale_element_reference.html
Build info: version: '3.141.59', revision: 'e82be7d358', time: '2018-11-14T08:25:53'
System info: host: 'ELSYs-MBP.phub.net.cable.rogers.com', ip: '2607:fea8:2cde:e900:0:0:0:cce8%en0', os.name: 'Mac OS X', os.arch: 'x86_64', os.version: '10.16', java.version: '1.8.0_275'
Driver info: com.kms.katalon.selenium.driver.CChromeDriver
Capabilities {acceptInsecureCerts: false, browserName: chrome, browserVersion: 94.0.4606.61, chrome: {chromedriverVersion: 94.0.4606.61 (418b78f5838ed..., userDataDir: /var/folders/sf/msc8p_nx3x3...}, goog:chromeOptions: {debuggerAddress: localhost:58979}, javascriptEnabled: true, networkConnectionEnabled: false, pageLoadStrategy: normal, platform: MAC, platformName: MAC, proxy: Proxy(), setWindowRect: true, strictFileInteractability: false, timeouts: {implicit: 0, pageLoad: 300000, script: 30000}, unhandledPromptBehavior: dismiss and notify, webauthn:extension:credBlob: true, webauthn:extension:largeBlob: true, webauthn:virtualAuthenticators: true}
Session ID: eaac19f7be45e49c37f6eb93c6d52174
	at org.openqa.selenium.remote.http.W3CHttpResponseCodec.createException(W3CHttpResponseCodec.java:187)
	at org.openqa.selenium.remote.http.W3CHttpResponseCodec.decode(W3CHttpResponseCodec.java:122)
	at org.openqa.selenium.remote.http.W3CHttpResponseCodec.decode(W3CHttpResponseCodec.java:49)
	at org.openqa.selenium.remote.HttpCommandExecutor.execute(HttpCommandExecutor.java:158)
	at org.openqa.selenium.remote.service.DriverCommandExecutor.execute(DriverCommandExecutor.java:83)
	at org.openqa.selenium.remote.RemoteWebDriver.execute(RemoteWebDriver.java:552)
	at com.kms.katalon.selenium.driver.CChromeDriver.execute(CChromeDriver.java:19)
	at org.openqa.selenium.remote.RemoteWebElement.execute(RemoteWebElement.java:285)
	at org.openqa.selenium.remote.RemoteWebElement.click(RemoteWebElement.java:84)
	at org.openqa.selenium.support.events.EventFiringWebDriver$EventFiringWebElement.lambda$new$0(EventFiringWebDriver.java:404)
	at com.sun.proxy.$Proxy11.click(Unknown Source)
	at org.openqa.selenium.support.events.EventFiringWebDriver$EventFiringWebElement.click(EventFiringWebDriver.java:417)
	at com.kms.katalon.core.webui.keyword.builtin.ClickKeyword$_click_closure1.doCall(ClickKeyword.groovy:68)
	at com.kms.katalon.core.webui.keyword.builtin.ClickKeyword$_click_closure1.call(ClickKeyword.groovy)
	at com.kms.katalon.core.webui.keyword.internal.WebUIKeywordMain.runKeyword(WebUIKeywordMain.groovy:20)
	at com.kms.katalon.core.webui.keyword.builtin.ClickKeyword.click(ClickKeyword.groovy:75)
	at com.kms.katalon.core.webui.keyword.builtin.ClickKeyword.execute(ClickKeyword.groovy:42)
	at com.kms.katalon.core.keyword.internal.KeywordExecutor.executeKeywordForPlatform(KeywordExecutor.groovy:74)
	at com.kms.katalon.core.webui.keyword.WebUiBuiltInKeywords.click(WebUiBuiltInKeywords.groovy:620)
	at com.kms.katalon.core.webui.keyword.WebUiBuiltInKeywords$click$3.call(Unknown Source)
	at com.tccreate.keywords.selectOrg.language(selectOrg.groovy:54)
	at com.tccreate.keywords.selectOrg.invokeMethod(selectOrg.groovy)
	at com.kms.katalon.core.main.CustomKeywordDelegatingMetaClass.invokeStaticMethod(CustomKeywordDelegatingMetaClass.java:50)
	at Script1609168958432.run(Script1609168958432.groovy:29)
	... 13 more
)
	at com.kms.katalon.core.keyword.internal.KeywordMain.stepFailed(KeywordMain.groovy:39)
	at com.kms.katalon.core.webui.keyword.internal.WebUIKeywordMain.stepFailed(WebUIKeywordMain.groovy:64)
	at com.kms.katalon.core.webui.keyword.internal.WebUIKeywordMain.runKeyword(WebUIKeywordMain.groovy:26)
	at com.kms.katalon.core.webui.keyword.builtin.ClickKeyword.click(ClickKeyword.groovy:75)
	at com.kms.katalon.core.webui.keyword.builtin.ClickKeyword.execute(ClickKeyword.groovy:42)
	at com.kms.katalon.core.keyword.internal.KeywordExecutor.executeKeywordForPlatform(KeywordExecutor.groovy:74)
	at com.kms.katalon.core.webui.keyword.WebUiBuiltInKeywords.click(WebUiBuiltInKeywords.groovy:620)
	at com.kms.katalon.core.webui.keyword.WebUiBuiltInKeywords$click$3.call(Unknown Source)
	at com.tccreate.keywords.selectOrg.language(selectOrg.groovy:54)
	at com.tccreate.keywords.selectOrg.invokeMethod(selectOrg.groovy)
	at com.kms.katalon.core.main.CustomKeywordDelegatingMetaClass.invokeStaticMethod(CustomKeywordDelegatingMetaClass.java:50)
	at tA_Saving tA Article.run(tA_Saving tA Article:29)
	at com.kms.katalon.core.main.ScriptEngine.run(ScriptEngine.java:194)
	at com.kms.katalon.core.main.ScriptEngine.runScriptAsRawText(ScriptEngine.java:119)
	at com.kms.katalon.core.main.TestCaseExecutor.runScript(TestCaseExecutor.java:430)
	at com.kms.katalon.core.main.TestCaseExecutor.doExecute(TestCaseExecutor.java:421)
	at com.kms.katalon.core.main.TestCaseExecutor.processExecutionPhase(TestCaseExecutor.java:400)
	at com.kms.katalon.core.main.TestCaseExecutor.accessMainPhase(TestCaseExecutor.java:392)
	at com.kms.katalon.core.main.TestCaseExecutor.execute(TestCaseExecutor.java:273)
	at com.kms.katalon.core.main.TestSuiteExecutor.accessTestCaseMainPhase(TestSuiteExecutor.java:202)
	at com.kms.katalon.core.main.TestSuiteExecutor.accessTestSuiteMainPhase(TestSuiteExecutor.java:164)
	at com.kms.katalon.core.main.TestSuiteExecutor.execute(TestSuiteExecutor.java:105)
	at com.kms.katalon.core.main.TestCaseMain.startTestSuite(TestCaseMain.java:185)
	at com.kms.katalon.core.main.TestCaseMain$startTestSuite$0.call(Unknown Source)
	at TempTestSuite1632864492590.run(TempTestSuite1632864492590.groovy:36)
Caused by: com.kms.katalon.core.exception.StepFailedException: Unable to click on object 'Object Repository/Page_tC Create/listOption_Language_Parmed'
	... 24 more
Caused by: org.openqa.selenium.StaleElementReferenceException: stale element reference: element is not attached to the page document
  (Session info: chrome=94.0.4606.61)
For documentation on this error, please visit: https://www.seleniumhq.org/exceptions/stale_element_reference.html
Build info: version: '3.141.59', revision: 'e82be7d358', time: '2018-11-14T08:25:53'
System info: host: 'ELSYs-MBP.phub.net.cable.rogers.com', ip: '2607:fea8:2cde:e900:0:0:0:cce8%en0', os.name: 'Mac OS X', os.arch: 'x86_64', os.version: '10.16', java.version: '1.8.0_275'
Driver info: com.kms.katalon.selenium.driver.CChromeDriver
Capabilities {acceptInsecureCerts: false, browserName: chrome, browserVersion: 94.0.4606.61, chrome: {chromedriverVersion: 94.0.4606.61 (418b78f5838ed..., userDataDir: /var/folders/sf/msc8p_nx3x3...}, goog:chromeOptions: {debuggerAddress: localhost:58979}, javascriptEnabled: true, networkConnectionEnabled: false, pageLoadStrategy: normal, platform: MAC, platformName: MAC, proxy: Proxy(), setWindowRect: true, strictFileInteractability: false, timeouts: {implicit: 0, pageLoad: 300000, script: 30000}, unhandledPromptBehavior: dismiss and notify, webauthn:extension:credBlob: true, webauthn:extension:largeBlob: true, webauthn:virtualAuthenticators: true}
Session ID: eaac19f7be45e49c37f6eb93c6d52174
	at org.openqa.selenium.remote.http.W3CHttpResponseCodec.createException(W3CHttpResponseCodec.java:187)
	at org.openqa.selenium.remote.http.W3CHttpResponseCodec.decode(W3CHttpResponseCodec.java:122)
	at org.openqa.selenium.remote.http.W3CHttpResponseCodec.decode(W3CHttpResponseCodec.java:49)
	at org.openqa.selenium.remote.HttpCommandExecutor.execute(HttpCommandExecutor.java:158)
	at org.openqa.selenium.remote.service.DriverCommandExecutor.execute(DriverCommandExecutor.java:83)
	at org.openqa.selenium.remote.RemoteWebDriver.execute(RemoteWebDriver.java:552)
	at com.kms.katalon.selenium.driver.CChromeDriver.execute(CChromeDriver.java:19)
	at org.openqa.selenium.remote.RemoteWebElement.execute(RemoteWebElement.java:285)
	at org.openqa.selenium.remote.RemoteWebElement.click(RemoteWebElement.java:84)
	at org.openqa.selenium.support.events.EventFiringWebDriver$EventFiringWebElement.lambda$new$0(EventFiringWebDriver.java:404)
	at com.sun.proxy.$Proxy11.click(Unknown Source)
	at org.openqa.selenium.support.events.EventFiringWebDriver$EventFiringWebElement.click(EventFiringWebDriver.java:417)
	at com.kms.katalon.core.webui.keyword.builtin.ClickKeyword$_click_closure1.doCall(ClickKeyword.groovy:68)
	at com.kms.katalon.core.webui.keyword.builtin.ClickKeyword$_click_closure1.call(ClickKeyword.groovy)
	at com.kms.katalon.core.webui.keyword.internal.WebUIKeywordMain.runKeyword(WebUIKeywordMain.groovy:20)
	... 22 more


2021-09-28 17:33:36 - [TEST_STEP][PASSED] - com.tccreate.keywords.WriteToFile.writeTofilename("tA-Save"): com.tccreate.keywords.WriteToFile.writeTofilename is PASSED

2021-09-28 17:33:36 - [MESSAGE][PASSED] - com.tccreate.keywords.WriteToFile.writeTofilename is PASSED

2021-09-28 17:33:36 - [TEST_STEP][PASSED] - com.helper.login.TimeDate.getTimeDate(): com.helper.login.TimeDate.getTimeDate is PASSED

2021-09-28 17:33:36 - [MESSAGE][INFO] - Time at which the test run:2021-09-28 17:33:36.793

2021-09-28 17:33:36 - [MESSAGE][PASSED] - com.helper.login.TimeDate.getTimeDate is PASSED

2021-09-28 17:33:36 - [TEST_STEP][PASSED] - com.helper.login.loginhelper.logintoapp(): com.helper.login.loginhelper.logintoapp is PASSED

2021-09-28 17:33:36 - [MESSAGE][INFO] - Starting 'Chrome' driver

2021-09-28 17:33:36 - [MESSAGE][INFO] - Action delay is set to 1,000 milliseconds

2021-09-28 17:33:37 - [MESSAGE][WARNING] - FFmpeg was not installed! Browser Recording will be disabled. Please follow this document to install FFmpeg first: https://docs.katalon.com/katalon-studio/docs/screenshots-videos.html#browser-based-recorder

2021-09-28 17:33:40 - [MESSAGE][PASSED] - Browser is opened with url: 'https://v1-3-0--tc-create-app.netlify.app/'

2021-09-28 17:33:40 - [MESSAGE][PASSED] - Wait for page load successfully

2021-09-28 17:33:41 - [MESSAGE][PASSED] - Current window maximized

2021-09-28 17:33:42 - [MESSAGE][PASSED] - Keys 'elsylambert' sent to object: 'Object Repository/Page_tC Create/input__username'

2021-09-28 17:33:44 - [MESSAGE][PASSED] - Keys 'fatak43' sent to object: 'Object Repository/Page_tC Create/input__password'

2021-09-28 17:33:45 - [MESSAGE][PASSED] - Object: 'Object Repository/Page_tC Create/button_Login' is clicked on

2021-09-28 17:33:46 - [MESSAGE][PASSED] - Delayed 1 second(s)

2021-09-28 17:33:47 - [MESSAGE][PASSED] - Text of object 'Object Repository/Page_tC Create/tcc-version number' is: 'translationCore Create - v1.3.0 build 73-f59f312'

2021-09-28 17:33:47 - [MESSAGE][INFO] - : The current version and build number is translationCore Create - v1.3.0 build 73-f59f312

2021-09-28 17:33:47 - [MESSAGE][PASSED] - com.helper.login.loginhelper.logintoapp is PASSED

2021-09-28 17:33:47 - [TEST_STEP][PASSED] - com.tccreate.keywords.selectOrg.organization(""): com.tccreate.keywords.selectOrg.organization is PASSED

2021-09-28 17:33:48 - [MESSAGE][PASSED] - Object: 'Object Repository/Page_tC Create/listOption_organisation_Parmed' is clicked on

2021-09-28 17:33:50 - [MESSAGE][WARNING] - No alert found after 2 second(s).

2021-09-28 17:33:50 - [MESSAGE][PASSED] - com.tccreate.keywords.selectOrg.organization is PASSED

2021-09-28 17:33:50 - [TEST_STEP][PASSED] - com.tccreate.keywords.selectOrg.resource("unfoldingWordÂ® Translation Academy"): com.tccreate.keywords.selectOrg.resource is PASSED

2021-09-28 17:33:52 - [MESSAGE][PASSED] - Object: 'Object Repository/Page_tC Create/resource_Parmed' is clicked on

2021-09-28 17:33:52 - [MESSAGE][PASSED] - com.tccreate.keywords.selectOrg.resource is PASSED

2021-09-28 17:33:52 - [TEST_STEP][FAILED] - com.tccreate.keywords.selectOrg.language(""): com.kms.katalon.core.exception.StepFailedException: Unable to click on object 'Object Repository/Page_tC Create/listOption_Language_Parmed' (Root cause: com.kms.katalon.core.exception.StepFailedException: Unable to click on object 'Object Repository/Page_tC Create/listOption_Language_Parmed'
	at com.kms.katalon.core.webui.keyword.internal.WebUIKeywordMain.stepFailed(WebUIKeywordMain.groovy:64)
	at com.kms.katalon.core.webui.keyword.internal.WebUIKeywordMain.runKeyword(WebUIKeywordMain.groovy:26)
	at com.kms.katalon.core.webui.keyword.builtin.ClickKeyword.click(ClickKeyword.groovy:75)
	at com.kms.katalon.core.webui.keyword.builtin.ClickKeyword.execute(ClickKeyword.groovy:42)
	at com.kms.katalon.core.keyword.internal.KeywordExecutor.executeKeywordForPlatform(KeywordExecutor.groovy:74)
	at com.kms.katalon.core.webui.keyword.WebUiBuiltInKeywords.click(WebUiBuiltInKeywords.groovy:620)
	at com.kms.katalon.core.webui.keyword.WebUiBuiltInKeywords$click$3.call(Unknown Source)
	at com.tccreate.keywords.selectOrg.language(selectOrg.groovy:54)
	at com.tccreate.keywords.selectOrg.invokeMethod(selectOrg.groovy)
	at com.kms.katalon.core.main.CustomKeywordDelegatingMetaClass.invokeStaticMethod(CustomKeywordDelegatingMetaClass.java:50)
	at tA_Saving tA Article.run(tA_Saving tA Article:29)
	at com.kms.katalon.core.main.ScriptEngine.run(ScriptEngine.java:194)
	at com.kms.katalon.core.main.ScriptEngine.runScriptAsRawText(ScriptEngine.java:119)
	at com.kms.katalon.core.main.TestCaseExecutor.runScript(TestCaseExecutor.java:430)
	at com.kms.katalon.core.main.TestCaseExecutor.doExecute(TestCaseExecutor.java:421)
	at com.kms.katalon.core.main.TestCaseExecutor.processExecutionPhase(TestCaseExecutor.java:400)
	at com.kms.katalon.core.main.TestCaseExecutor.accessMainPhase(TestCaseExecutor.java:392)
	at com.kms.katalon.core.main.TestCaseExecutor.execute(TestCaseExecutor.java:273)
	at com.kms.katalon.core.main.TestSuiteExecutor.accessTestCaseMainPhase(TestSuiteExecutor.java:202)
	at com.kms.katalon.core.main.TestSuiteExecutor.accessTestSuiteMainPhase(TestSuiteExecutor.java:164)
	at com.kms.katalon.core.main.TestSuiteExecutor.execute(TestSuiteExecutor.java:105)
	at com.kms.katalon.core.main.TestCaseMain.startTestSuite(TestCaseMain.java:185)
	at com.kms.katalon.core.main.TestCaseMain$startTestSuite$0.call(Unknown Source)
	at TempTestSuite1632864492590.run(TempTestSuite1632864492590.groovy:36)
Caused by: org.openqa.selenium.StaleElementReferenceException: stale element reference: element is not attached to the page document
  (Session info: chrome=94.0.4606.61)
For documentation on this error, please visit: https://www.seleniumhq.org/exceptions/stale_element_reference.html
Build info: version: '3.141.59', revision: 'e82be7d358', time: '2018-11-14T08:25:53'
System info: host: 'ELSYs-MBP.phub.net.cable.rogers.com', ip: '2607:fea8:2cde:e900:0:0:0:cce8%en0', os.name: 'Mac OS X', os.arch: 'x86_64', os.version: '10.16', java.version: '1.8.0_275'
Driver info: com.kms.katalon.selenium.driver.CChromeDriver
Capabilities {acceptInsecureCerts: false, browserName: chrome, browserVersion: 94.0.4606.61, chrome: {chromedriverVersion: 94.0.4606.61 (418b78f5838ed..., userDataDir: /var/folders/sf/msc8p_nx3x3...}, goog:chromeOptions: {debuggerAddress: localhost:58979}, javascriptEnabled: true, networkConnectionEnabled: false, pageLoadStrategy: normal, platform: MAC, platformName: MAC, proxy: Proxy(), setWindowRect: true, strictFileInteractability: false, timeouts: {implicit: 0, pageLoad: 300000, script: 30000}, unhandledPromptBehavior: dismiss and notify, webauthn:extension:credBlob: true, webauthn:extension:largeBlob: true, webauthn:virtualAuthenticators: true}
Session ID: eaac19f7be45e49c37f6eb93c6d52174
	at org.openqa.selenium.remote.http.W3CHttpResponseCodec.createException(W3CHttpResponseCodec.java:187)
	at org.openqa.selenium.remote.http.W3CHttpResponseCodec.decode(W3CHttpResponseCodec.java:122)
	at org.openqa.selenium.remote.http.W3CHttpResponseCodec.decode(W3CHttpResponseCodec.java:49)
	at org.openqa.selenium.remote.HttpCommandExecutor.execute(HttpCommandExecutor.java:158)
	at org.openqa.selenium.remote.service.DriverCommandExecutor.execute(DriverCommandExecutor.java:83)
	at org.openqa.selenium.remote.RemoteWebDriver.execute(RemoteWebDriver.java:552)
	at com.kms.katalon.selenium.driver.CChromeDriver.execute(CChromeDriver.java:19)
	at org.openqa.selenium.remote.RemoteWebElement.execute(RemoteWebElement.java:285)
	at org.openqa.selenium.remote.RemoteWebElement.click(RemoteWebElement.java:84)
	at org.openqa.selenium.support.events.EventFiringWebDriver$EventFiringWebElement.lambda$new$0(EventFiringWebDriver.java:404)
	at com.sun.proxy.$Proxy11.click(Unknown Source)
	at org.openqa.selenium.support.events.EventFiringWebDriver$EventFiringWebElement.click(EventFiringWebDriver.java:417)
	at com.kms.katalon.core.webui.keyword.builtin.ClickKeyword$_click_closure1.doCall(ClickKeyword.groovy:68)
	at com.kms.katalon.core.webui.keyword.builtin.ClickKeyword$_click_closure1.call(ClickKeyword.groovy)
	at com.kms.katalon.core.webui.keyword.internal.WebUIKeywordMain.runKeyword(WebUIKeywordMain.groovy:20)
	at com.kms.katalon.core.webui.keyword.builtin.ClickKeyword.click(ClickKeyword.groovy:75)
	at com.kms.katalon.core.webui.keyword.builtin.ClickKeyword.execute(ClickKeyword.groovy:42)
	at com.kms.katalon.core.keyword.internal.KeywordExecutor.executeKeywordForPlatform(KeywordExecutor.groovy:74)
	at com.kms.katalon.core.webui.keyword.WebUiBuiltInKeywords.click(WebUiBuiltInKeywords.groovy:620)
	at com.kms.katalon.core.webui.keyword.WebUiBuiltInKeywords$click$3.call(Unknown Source)
	at com.tccreate.keywords.selectOrg.language(selectOrg.groovy:54)
	at com.tccreate.keywords.selectOrg.invokeMethod(selectOrg.groovy)
	at com.kms.katalon.core.main.CustomKeywordDelegatingMetaClass.invokeStaticMethod(CustomKeywordDelegatingMetaClass.java:50)
	at Script1609168958432.run(Script1609168958432.groovy:29)
	... 13 more
)

2021-09-28 17:33:53 - [MESSAGE][PASSED] - Object: 'Object Repository/Page_tC Create/combo_Select Language' is clicked on

2021-09-28 17:33:55 - [MESSAGE][FAILED] - Unable to click on object 'Object Repository/Page_tC Create/listOption_Language_Parmed' (Root cause: com.kms.katalon.core.exception.StepFailedException: Unable to click on object 'Object Repository/Page_tC Create/listOption_Language_Parmed'
	at com.kms.katalon.core.webui.keyword.internal.WebUIKeywordMain.stepFailed(WebUIKeywordMain.groovy:64)
	at com.kms.katalon.core.webui.keyword.internal.WebUIKeywordMain.runKeyword(WebUIKeywordMain.groovy:26)
	at com.kms.katalon.core.webui.keyword.builtin.ClickKeyword.click(ClickKeyword.groovy:75)
	at com.kms.katalon.core.webui.keyword.builtin.ClickKeyword.execute(ClickKeyword.groovy:42)
	at com.kms.katalon.core.keyword.internal.KeywordExecutor.executeKeywordForPlatform(KeywordExecutor.groovy:74)
	at com.kms.katalon.core.webui.keyword.WebUiBuiltInKeywords.click(WebUiBuiltInKeywords.groovy:620)
	at com.kms.katalon.core.webui.keyword.WebUiBuiltInKeywords$click$3.call(Unknown Source)
	at com.tccreate.keywords.selectOrg.language(selectOrg.groovy:54)
	at com.tccreate.keywords.selectOrg.invokeMethod(selectOrg.groovy)
	at com.kms.katalon.core.main.CustomKeywordDelegatingMetaClass.invokeStaticMethod(CustomKeywordDelegatingMetaClass.java:50)
	at tA_Saving tA Article.run(tA_Saving tA Article:29)
	at com.kms.katalon.core.main.ScriptEngine.run(ScriptEngine.java:194)
	at com.kms.katalon.core.main.ScriptEngine.runScriptAsRawText(ScriptEngine.java:119)
	at com.kms.katalon.core.main.TestCaseExecutor.runScript(TestCaseExecutor.java:430)
	at com.kms.katalon.core.main.TestCaseExecutor.doExecute(TestCaseExecutor.java:421)
	at com.kms.katalon.core.main.TestCaseExecutor.processExecutionPhase(TestCaseExecutor.java:400)
	at com.kms.katalon.core.main.TestCaseExecutor.accessMainPhase(TestCaseExecutor.java:392)
	at com.kms.katalon.core.main.TestCaseExecutor.execute(TestCaseExecutor.java:273)
	at com.kms.katalon.core.main.TestSuiteExecutor.accessTestCaseMainPhase(TestSuiteExecutor.java:202)
	at com.kms.katalon.core.main.TestSuiteExecutor.accessTestSuiteMainPhase(TestSuiteExecutor.java:164)
	at com.kms.katalon.core.main.TestSuiteExecutor.execute(TestSuiteExecutor.java:105)
	at com.kms.katalon.core.main.TestCaseMain.startTestSuite(TestCaseMain.java:185)
	at com.kms.katalon.core.main.TestCaseMain$startTestSuite$0.call(Unknown Source)
	at TempTestSuite1632864492590.run(TempTestSuite1632864492590.groovy:36)
Caused by: org.openqa.selenium.StaleElementReferenceException: stale element reference: element is not attached to the page document
  (Session info: chrome=94.0.4606.61)
For documentation on this error, please visit: https://www.seleniumhq.org/exceptions/stale_element_reference.html
Build info: version: '3.141.59', revision: 'e82be7d358', time: '2018-11-14T08:25:53'
System info: host: 'ELSYs-MBP.phub.net.cable.rogers.com', ip: '2607:fea8:2cde:e900:0:0:0:cce8%en0', os.name: 'Mac OS X', os.arch: 'x86_64', os.version: '10.16', java.version: '1.8.0_275'
Driver info: com.kms.katalon.selenium.driver.CChromeDriver
Capabilities {acceptInsecureCerts: false, browserName: chrome, browserVersion: 94.0.4606.61, chrome: {chromedriverVersion: 94.0.4606.61 (418b78f5838ed..., userDataDir: /var/folders/sf/msc8p_nx3x3...}, goog:chromeOptions: {debuggerAddress: localhost:58979}, javascriptEnabled: true, networkConnectionEnabled: false, pageLoadStrategy: normal, platform: MAC, platformName: MAC, proxy: Proxy(), setWindowRect: true, strictFileInteractability: false, timeouts: {implicit: 0, pageLoad: 300000, script: 30000}, unhandledPromptBehavior: dismiss and notify, webauthn:extension:credBlob: true, webauthn:extension:largeBlob: true, webauthn:virtualAuthenticators: true}
Session ID: eaac19f7be45e49c37f6eb93c6d52174
	at org.openqa.selenium.remote.http.W3CHttpResponseCodec.createException(W3CHttpResponseCodec.java:187)
	at org.openqa.selenium.remote.http.W3CHttpResponseCodec.decode(W3CHttpResponseCodec.java:122)
	at org.openqa.selenium.remote.http.W3CHttpResponseCodec.decode(W3CHttpResponseCodec.java:49)
	at org.openqa.selenium.remote.HttpCommandExecutor.execute(HttpCommandExecutor.java:158)
	at org.openqa.selenium.remote.service.DriverCommandExecutor.execute(DriverCommandExecutor.java:83)
	at org.openqa.selenium.remote.RemoteWebDriver.execute(RemoteWebDriver.java:552)
	at com.kms.katalon.selenium.driver.CChromeDriver.execute(CChromeDriver.java:19)
	at org.openqa.selenium.remote.RemoteWebElement.execute(RemoteWebElement.java:285)
	at org.openqa.selenium.remote.RemoteWebElement.click(RemoteWebElement.java:84)
	at org.openqa.selenium.support.events.EventFiringWebDriver$EventFiringWebElement.lambda$new$0(EventFiringWebDriver.java:404)
	at com.sun.proxy.$Proxy11.click(Unknown Source)
	at org.openqa.selenium.support.events.EventFiringWebDriver$EventFiringWebElement.click(EventFiringWebDriver.java:417)
	at com.kms.katalon.core.webui.keyword.builtin.ClickKeyword$_click_closure1.doCall(ClickKeyword.groovy:68)
	at com.kms.katalon.core.webui.keyword.builtin.ClickKeyword$_click_closure1.call(ClickKeyword.groovy)
	at com.kms.katalon.core.webui.keyword.internal.WebUIKeywordMain.runKeyword(WebUIKeywordMain.groovy:20)
	at com.kms.katalon.core.webui.keyword.builtin.ClickKeyword.click(ClickKeyword.groovy:75)
	at com.kms.katalon.core.webui.keyword.builtin.ClickKeyword.execute(ClickKeyword.groovy:42)
	at com.kms.katalon.core.keyword.internal.KeywordExecutor.executeKeywordForPlatform(KeywordExecutor.groovy:74)
	at com.kms.katalon.core.webui.keyword.WebUiBuiltInKeywords.click(WebUiBuiltInKeywords.groovy:620)
	at com.kms.katalon.core.webui.keyword.WebUiBuiltInKeywords$click$3.call(Unknown Source)
	at com.tccreate.keywords.selectOrg.language(selectOrg.groovy:54)
	at com.tccreate.keywords.selectOrg.invokeMethod(selectOrg.groovy)
	at com.kms.katalon.core.main.CustomKeywordDelegatingMetaClass.invokeStaticMethod(CustomKeywordDelegatingMetaClass.java:50)
	at Script1609168958432.run(Script1609168958432.groovy:29)
	... 13 more
)
[[ATTACHMENT|/Users/elsylitsonlambert/git/tcCreateQA/Reports/20210928_172811/Test Suite1- Regression/20210928_172812/1632864835305.png]]

2021-09-28 17:33:55 - [MESSAGE][FAILED] - com.kms.katalon.core.exception.StepFailedException: Unable to click on object 'Object Repository/Page_tC Create/listOption_Language_Parmed' (Root cause: com.kms.katalon.core.exception.StepFailedException: Unable to click on object 'Object Repository/Page_tC Create/listOption_Language_Parmed'
	at com.kms.katalon.core.webui.keyword.internal.WebUIKeywordMain.stepFailed(WebUIKeywordMain.groovy:64)
	at com.kms.katalon.core.webui.keyword.internal.WebUIKeywordMain.runKeyword(WebUIKeywordMain.groovy:26)
	at com.kms.katalon.core.webui.keyword.builtin.ClickKeyword.click(ClickKeyword.groovy:75)
	at com.kms.katalon.core.webui.keyword.builtin.ClickKeyword.execute(ClickKeyword.groovy:42)
	at com.kms.katalon.core.keyword.internal.KeywordExecutor.executeKeywordForPlatform(KeywordExecutor.groovy:74)
	at com.kms.katalon.core.webui.keyword.WebUiBuiltInKeywords.click(WebUiBuiltInKeywords.groovy:620)
	at com.kms.katalon.core.webui.keyword.WebUiBuiltInKeywords$click$3.call(Unknown Source)
	at com.tccreate.keywords.selectOrg.language(selectOrg.groovy:54)
	at com.tccreate.keywords.selectOrg.invokeMethod(selectOrg.groovy)
	at com.kms.katalon.core.main.CustomKeywordDelegatingMetaClass.invokeStaticMethod(CustomKeywordDelegatingMetaClass.java:50)
	at tA_Saving tA Article.run(tA_Saving tA Article:29)
	at com.kms.katalon.core.main.ScriptEngine.run(ScriptEngine.java:194)
	at com.kms.katalon.core.main.ScriptEngine.runScriptAsRawText(ScriptEngine.java:119)
	at com.kms.katalon.core.main.TestCaseExecutor.runScript(TestCaseExecutor.java:430)
	at com.kms.katalon.core.main.TestCaseExecutor.doExecute(TestCaseExecutor.java:421)
	at com.kms.katalon.core.main.TestCaseExecutor.processExecutionPhase(TestCaseExecutor.java:400)
	at com.kms.katalon.core.main.TestCaseExecutor.accessMainPhase(TestCaseExecutor.java:392)
	at com.kms.katalon.core.main.TestCaseExecutor.execute(TestCaseExecutor.java:273)
	at com.kms.katalon.core.main.TestSuiteExecutor.accessTestCaseMainPhase(TestSuiteExecutor.java:202)
	at com.kms.katalon.core.main.TestSuiteExecutor.accessTestSuiteMainPhase(TestSuiteExecutor.java:164)
	at com.kms.katalon.core.main.TestSuiteExecutor.execute(TestSuiteExecutor.java:105)
	at com.kms.katalon.core.main.TestCaseMain.startTestSuite(TestCaseMain.java:185)
	at com.kms.katalon.core.main.TestCaseMain$startTestSuite$0.call(Unknown Source)
	at TempTestSuite1632864492590.run(TempTestSuite1632864492590.groovy:36)
Caused by: org.openqa.selenium.StaleElementReferenceException: stale element reference: element is not attached to the page document
  (Session info: chrome=94.0.4606.61)
For documentation on this error, please visit: https://www.seleniumhq.org/exceptions/stale_element_reference.html
Build info: version: '3.141.59', revision: 'e82be7d358', time: '2018-11-14T08:25:53'
System info: host: 'ELSYs-MBP.phub.net.cable.rogers.com', ip: '2607:fea8:2cde:e900:0:0:0:cce8%en0', os.name: 'Mac OS X', os.arch: 'x86_64', os.version: '10.16', java.version: '1.8.0_275'
Driver info: com.kms.katalon.selenium.driver.CChromeDriver
Capabilities {acceptInsecureCerts: false, browserName: chrome, browserVersion: 94.0.4606.61, chrome: {chromedriverVersion: 94.0.4606.61 (418b78f5838ed..., userDataDir: /var/folders/sf/msc8p_nx3x3...}, goog:chromeOptions: {debuggerAddress: localhost:58979}, javascriptEnabled: true, networkConnectionEnabled: false, pageLoadStrategy: normal, platform: MAC, platformName: MAC, proxy: Proxy(), setWindowRect: true, strictFileInteractability: false, timeouts: {implicit: 0, pageLoad: 300000, script: 30000}, unhandledPromptBehavior: dismiss and notify, webauthn:extension:credBlob: true, webauthn:extension:largeBlob: true, webauthn:virtualAuthenticators: true}
Session ID: eaac19f7be45e49c37f6eb93c6d52174
	at org.openqa.selenium.remote.http.W3CHttpResponseCodec.createException(W3CHttpResponseCodec.java:187)
	at org.openqa.selenium.remote.http.W3CHttpResponseCodec.decode(W3CHttpResponseCodec.java:122)
	at org.openqa.selenium.remote.http.W3CHttpResponseCodec.decode(W3CHttpResponseCodec.java:49)
	at org.openqa.selenium.remote.HttpCommandExecutor.execute(HttpCommandExecutor.java:158)
	at org.openqa.selenium.remote.service.DriverCommandExecutor.execute(DriverCommandExecutor.java:83)
	at org.openqa.selenium.remote.RemoteWebDriver.execute(RemoteWebDriver.java:552)
	at com.kms.katalon.selenium.driver.CChromeDriver.execute(CChromeDriver.java:19)
	at org.openqa.selenium.remote.RemoteWebElement.execute(RemoteWebElement.java:285)
	at org.openqa.selenium.remote.RemoteWebElement.click(RemoteWebElement.java:84)
	at org.openqa.selenium.support.events.EventFiringWebDriver$EventFiringWebElement.lambda$new$0(EventFiringWebDriver.java:404)
	at com.sun.proxy.$Proxy11.click(Unknown Source)
	at org.openqa.selenium.support.events.EventFiringWebDriver$EventFiringWebElement.click(EventFiringWebDriver.java:417)
	at com.kms.katalon.core.webui.keyword.builtin.ClickKeyword$_click_closure1.doCall(ClickKeyword.groovy:68)
	at com.kms.katalon.core.webui.keyword.builtin.ClickKeyword$_click_closure1.call(ClickKeyword.groovy)
	at com.kms.katalon.core.webui.keyword.internal.WebUIKeywordMain.runKeyword(WebUIKeywordMain.groovy:20)
	at com.kms.katalon.core.webui.keyword.builtin.ClickKeyword.click(ClickKeyword.groovy:75)
	at com.kms.katalon.core.webui.keyword.builtin.ClickKeyword.execute(ClickKeyword.groovy:42)
	at com.kms.katalon.core.keyword.internal.KeywordExecutor.executeKeywordForPlatform(KeywordExecutor.groovy:74)
	at com.kms.katalon.core.webui.keyword.WebUiBuiltInKeywords.click(WebUiBuiltInKeywords.groovy:620)
	at com.kms.katalon.core.webui.keyword.WebUiBuiltInKeywords$click$3.call(Unknown Source)
	at com.tccreate.keywords.selectOrg.language(selectOrg.groovy:54)
	at com.tccreate.keywords.selectOrg.invokeMethod(selectOrg.groovy)
	at com.kms.katalon.core.main.CustomKeywordDelegatingMetaClass.invokeStaticMethod(CustomKeywordDelegatingMetaClass.java:50)
	at Script1609168958432.run(Script1609168958432.groovy:29)
	... 13 more
)

2021-09-28 17:33:55 - [TEST_STEP][PASSED] - click(findTestObject("Page_tC Create/span_translate")): Object: 'Object Repository/Page_tC Create/span_translate' is clicked on

2021-09-28 17:33:57 - [MESSAGE][PASSED] - Object: 'Object Repository/Page_tC Create/span_translate' is clicked on

2021-09-28 17:33:57 - [TEST_STEP][PASSED] - click(findTestObject("Object Repository/Page_tC Create/span_bita-farming")): Object: 'Object Repository/Page_tC Create/span_bita-farming' is clicked on

2021-09-28 17:33:59 - [MESSAGE][PASSED] - Object: 'Object Repository/Page_tC Create/span_bita-farming' is clicked on

2021-09-28 17:33:59 - [TEST_STEP][PASSED] - click(findTestObject("Object Repository/Page_tC Create/span_01.md")): Object: 'Object Repository/Page_tC Create/span_01.md' is clicked on

2021-09-28 17:34:01 - [MESSAGE][PASSED] - Object: 'Object Repository/Page_tC Create/span_01.md' is clicked on

2021-09-28 17:34:01 - [TEST_STEP][FAILED] - click(findTestObject("Object Repository/Page_tC Create/div_A FARMER represents God, and the VINEYA_8b10d9")): Unable to click on object 'Object Repository/Page_tC Create/div_A FARMER represents God, and the VINEYA_8b10d9' (Root cause: com.kms.katalon.core.exception.StepFailedException: Unable to click on object 'Object Repository/Page_tC Create/div_A FARMER represents God, and the VINEYA_8b10d9'
	at com.kms.katalon.core.webui.keyword.internal.WebUIKeywordMain.stepFailed(WebUIKeywordMain.groovy:64)
	at com.kms.katalon.core.webui.keyword.internal.WebUIKeywordMain.runKeyword(WebUIKeywordMain.groovy:26)
	at com.kms.katalon.core.webui.keyword.builtin.ClickKeyword.click(ClickKeyword.groovy:75)
	at com.kms.katalon.core.webui.keyword.builtin.ClickKeyword.execute(ClickKeyword.groovy:42)
	at com.kms.katalon.core.keyword.internal.KeywordExecutor.executeKeywordForPlatform(KeywordExecutor.groovy:74)
	at com.kms.katalon.core.webui.keyword.WebUiBuiltInKeywords.click(WebUiBuiltInKeywords.groovy:620)
	at com.kms.katalon.core.webui.keyword.WebUiBuiltInKeywords$click$3.call(Unknown Source)
	at tA_Saving tA Article.run(tA_Saving tA Article:38)
	at com.kms.katalon.core.main.ScriptEngine.run(ScriptEngine.java:194)
	at com.kms.katalon.core.main.ScriptEngine.runScriptAsRawText(ScriptEngine.java:119)
	at com.kms.katalon.core.main.TestCaseExecutor.runScript(TestCaseExecutor.java:430)
	at com.kms.katalon.core.main.TestCaseExecutor.doExecute(TestCaseExecutor.java:421)
	at com.kms.katalon.core.main.TestCaseExecutor.processExecutionPhase(TestCaseExecutor.java:400)
	at com.kms.katalon.core.main.TestCaseExecutor.accessMainPhase(TestCaseExecutor.java:392)
	at com.kms.katalon.core.main.TestCaseExecutor.execute(TestCaseExecutor.java:273)
	at com.kms.katalon.core.main.TestSuiteExecutor.accessTestCaseMainPhase(TestSuiteExecutor.java:202)
	at com.kms.katalon.core.main.TestSuiteExecutor.accessTestSuiteMainPhase(TestSuiteExecutor.java:164)
	at com.kms.katalon.core.main.TestSuiteExecutor.execute(TestSuiteExecutor.java:105)
	at com.kms.katalon.core.main.TestCaseMain.startTestSuite(TestCaseMain.java:185)
	at com.kms.katalon.core.main.TestCaseMain$startTestSuite$0.call(Unknown Source)
	at TempTestSuite1632864492590.run(TempTestSuite1632864492590.groovy:36)
Caused by: org.openqa.selenium.UnhandledAlertException: unexpected alert open: {Alert text : The organization "unfoldingWord" does not contain the selected translation Koine Greek for the repository "unfoldingWordÂ® Translation Academy"
Please make sure that your repository has been set up correctly by your organization administrator.}
  (Session info: chrome=94.0.4606.61): The organization "unfoldingWord" does not contain the selected translation Koine Greek for the repository "unfoldingWordÂ® Translation Academy"
Please make sure that your repository has been set up correctly by your organization administrator.
Build info: version: '3.141.59', revision: 'e82be7d358', time: '2018-11-14T08:25:53'
System info: host: 'ELSYs-MBP.phub.net.cable.rogers.com', ip: '2607:fea8:2cde:e900:0:0:0:cce8%en0', os.name: 'Mac OS X', os.arch: 'x86_64', os.version: '10.16', java.version: '1.8.0_275'
Driver info: com.kms.katalon.selenium.driver.CChromeDriver
Capabilities {acceptInsecureCerts: false, browserName: chrome, browserVersion: 94.0.4606.61, chrome: {chromedriverVersion: 94.0.4606.61 (418b78f5838ed..., userDataDir: /var/folders/sf/msc8p_nx3x3...}, goog:chromeOptions: {debuggerAddress: localhost:58979}, javascriptEnabled: true, networkConnectionEnabled: false, pageLoadStrategy: normal, platform: MAC, platformName: MAC, proxy: Proxy(), setWindowRect: true, strictFileInteractability: false, timeouts: {implicit: 0, pageLoad: 300000, script: 30000}, unhandledPromptBehavior: dismiss and notify, webauthn:extension:credBlob: true, webauthn:extension:largeBlob: true, webauthn:virtualAuthenticators: true}
Session ID: eaac19f7be45e49c37f6eb93c6d52174
*** Element info: {Using=xpath, value=//div[@id='translatableComponent']/div/div[2]/div[2]/div/div[2]}
	at org.openqa.selenium.remote.http.W3CHttpResponseCodec.decode(W3CHttpResponseCodec.java:120)
	at org.openqa.selenium.remote.http.W3CHttpResponseCodec.decode(W3CHttpResponseCodec.java:49)
	at org.openqa.selenium.remote.HttpCommandExecutor.execute(HttpCommandExecutor.java:158)
	at org.openqa.selenium.remote.service.DriverCommandExecutor.execute(DriverCommandExecutor.java:83)
	at org.openqa.selenium.remote.RemoteWebDriver.execute(RemoteWebDriver.java:552)
	at com.kms.katalon.selenium.driver.CChromeDriver.execute(CChromeDriver.java:19)
	at org.openqa.selenium.remote.RemoteWebDriver.findElements(RemoteWebDriver.java:353)
	at org.openqa.selenium.remote.RemoteWebDriver.findElementsByXPath(RemoteWebDriver.java:432)
	at org.openqa.selenium.By$ByXPath.findElements(By.java:348)
	at org.openqa.selenium.remote.RemoteWebDriver.findElements(RemoteWebDriver.java:311)
	at org.openqa.selenium.support.events.EventFiringWebDriver.lambda$new$1(EventFiringWebDriver.java:105)
	at com.sun.proxy.$Proxy10.findElements(Unknown Source)
	at org.openqa.selenium.support.events.EventFiringWebDriver.findElements(EventFiringWebDriver.java:182)
	at com.kms.katalon.core.webui.common.WebUiCommonHelper.findElementByNormalMethods(WebUiCommonHelper.java:1014)
	at com.kms.katalon.core.webui.common.WebUiCommonHelper.findElementsBySelectedMethod(WebUiCommonHelper.java:909)
	at com.kms.katalon.core.webui.common.WebUiCommonHelper.findElementsBySelectedMethod(WebUiCommonHelper.java:892)
	at com.kms.katalon.core.webui.common.WebUiCommonHelper.findElementsBySelectedMethod(WebUiCommonHelper.java:887)
	at com.kms.katalon.core.webui.common.WebUiCommonHelper.findElementsByDefault(WebUiCommonHelper.java:883)
	at com.kms.katalon.core.webui.common.WebUiCommonHelper.findWebElements(WebUiCommonHelper.java:720)
	at com.kms.katalon.core.webui.common.WebUiCommonHelper.findWebElement(WebUiCommonHelper.java:1363)
	at com.kms.katalon.core.webui.keyword.internal.WebUIAbstractKeyword.findWebElement(WebUIAbstractKeyword.groovy:27)
	at com.kms.katalon.core.webui.keyword.internal.WebUIAbstractKeyword.findWebElement(WebUIAbstractKeyword.groovy:26)
	at com.kms.katalon.core.webui.keyword.builtin.ClickKeyword$_click_closure1.doCall(ClickKeyword.groovy:66)
	at com.kms.katalon.core.webui.keyword.builtin.ClickKeyword$_click_closure1.call(ClickKeyword.groovy)
	at com.kms.katalon.core.webui.keyword.internal.WebUIKeywordMain.runKeyword(WebUIKeywordMain.groovy:20)
	at com.kms.katalon.core.webui.keyword.builtin.ClickKeyword.click(ClickKeyword.groovy:75)
	at com.kms.katalon.core.webui.keyword.builtin.ClickKeyword.execute(ClickKeyword.groovy:42)
	at com.kms.katalon.core.keyword.internal.KeywordExecutor.executeKeywordForPlatform(KeywordExecutor.groovy:74)
	at com.kms.katalon.core.webui.keyword.WebUiBuiltInKeywords.click(WebUiBuiltInKeywords.groovy:620)
	at com.kms.katalon.core.webui.keyword.WebUiBuiltInKeywords$click$3.call(Unknown Source)
	at Script1609168958432.run(Script1609168958432.groovy:38)
	... 13 more
)

2021-09-28 17:34:02 - [MESSAGE][FAILED] - Unable to click on object 'Object Repository/Page_tC Create/div_A FARMER represents God, and the VINEYA_8b10d9' (Root cause: com.kms.katalon.core.exception.StepFailedException: Unable to click on object 'Object Repository/Page_tC Create/div_A FARMER represents God, and the VINEYA_8b10d9'
	at com.kms.katalon.core.webui.keyword.internal.WebUIKeywordMain.stepFailed(WebUIKeywordMain.groovy:64)
	at com.kms.katalon.core.webui.keyword.internal.WebUIKeywordMain.runKeyword(WebUIKeywordMain.groovy:26)
	at com.kms.katalon.core.webui.keyword.builtin.ClickKeyword.click(ClickKeyword.groovy:75)
	at com.kms.katalon.core.webui.keyword.builtin.ClickKeyword.execute(ClickKeyword.groovy:42)
	at com.kms.katalon.core.keyword.internal.KeywordExecutor.executeKeywordForPlatform(KeywordExecutor.groovy:74)
	at com.kms.katalon.core.webui.keyword.WebUiBuiltInKeywords.click(WebUiBuiltInKeywords.groovy:620)
	at com.kms.katalon.core.webui.keyword.WebUiBuiltInKeywords$click$3.call(Unknown Source)
	at tA_Saving tA Article.run(tA_Saving tA Article:38)
	at com.kms.katalon.core.main.ScriptEngine.run(ScriptEngine.java:194)
	at com.kms.katalon.core.main.ScriptEngine.runScriptAsRawText(ScriptEngine.java:119)
	at com.kms.katalon.core.main.TestCaseExecutor.runScript(TestCaseExecutor.java:430)
	at com.kms.katalon.core.main.TestCaseExecutor.doExecute(TestCaseExecutor.java:421)
	at com.kms.katalon.core.main.TestCaseExecutor.processExecutionPhase(TestCaseExecutor.java:400)
	at com.kms.katalon.core.main.TestCaseExecutor.accessMainPhase(TestCaseExecutor.java:392)
	at com.kms.katalon.core.main.TestCaseExecutor.execute(TestCaseExecutor.java:273)
	at com.kms.katalon.core.main.TestSuiteExecutor.accessTestCaseMainPhase(TestSuiteExecutor.java:202)
	at com.kms.katalon.core.main.TestSuiteExecutor.accessTestSuiteMainPhase(TestSuiteExecutor.java:164)
	at com.kms.katalon.core.main.TestSuiteExecutor.execute(TestSuiteExecutor.java:105)
	at com.kms.katalon.core.main.TestCaseMain.startTestSuite(TestCaseMain.java:185)
	at com.kms.katalon.core.main.TestCaseMain$startTestSuite$0.call(Unknown Source)
	at TempTestSuite1632864492590.run(TempTestSuite1632864492590.groovy:36)
Caused by: org.openqa.selenium.UnhandledAlertException: unexpected alert open: {Alert text : The organization "unfoldingWord" does not contain the selected translation Koine Greek for the repository "unfoldingWordÂ® Translation Academy"
Please make sure that your repository has been set up correctly by your organization administrator.}
  (Session info: chrome=94.0.4606.61): The organization "unfoldingWord" does not contain the selected translation Koine Greek for the repository "unfoldingWordÂ® Translation Academy"
Please make sure that your repository has been set up correctly by your organization administrator.
Build info: version: '3.141.59', revision: 'e82be7d358', time: '2018-11-14T08:25:53'
System info: host: 'ELSYs-MBP.phub.net.cable.rogers.com', ip: '2607:fea8:2cde:e900:0:0:0:cce8%en0', os.name: 'Mac OS X', os.arch: 'x86_64', os.version: '10.16', java.version: '1.8.0_275'
Driver info: com.kms.katalon.selenium.driver.CChromeDriver
Capabilities {acceptInsecureCerts: false, browserName: chrome, browserVersion: 94.0.4606.61, chrome: {chromedriverVersion: 94.0.4606.61 (418b78f5838ed..., userDataDir: /var/folders/sf/msc8p_nx3x3...}, goog:chromeOptions: {debuggerAddress: localhost:58979}, javascriptEnabled: true, networkConnectionEnabled: false, pageLoadStrategy: normal, platform: MAC, platformName: MAC, proxy: Proxy(), setWindowRect: true, strictFileInteractability: false, timeouts: {implicit: 0, pageLoad: 300000, script: 30000}, unhandledPromptBehavior: dismiss and notify, webauthn:extension:credBlob: true, webauthn:extension:largeBlob: true, webauthn:virtualAuthenticators: true}
Session ID: eaac19f7be45e49c37f6eb93c6d52174
*** Element info: {Using=xpath, value=//div[@id='translatableComponent']/div/div[2]/div[2]/div/div[2]}
	at org.openqa.selenium.remote.http.W3CHttpResponseCodec.decode(W3CHttpResponseCodec.java:120)
	at org.openqa.selenium.remote.http.W3CHttpResponseCodec.decode(W3CHttpResponseCodec.java:49)
	at org.openqa.selenium.remote.HttpCommandExecutor.execute(HttpCommandExecutor.java:158)
	at org.openqa.selenium.remote.service.DriverCommandExecutor.execute(DriverCommandExecutor.java:83)
	at org.openqa.selenium.remote.RemoteWebDriver.execute(RemoteWebDriver.java:552)
	at com.kms.katalon.selenium.driver.CChromeDriver.execute(CChromeDriver.java:19)
	at org.openqa.selenium.remote.RemoteWebDriver.findElements(RemoteWebDriver.java:353)
	at org.openqa.selenium.remote.RemoteWebDriver.findElementsByXPath(RemoteWebDriver.java:432)
	at org.openqa.selenium.By$ByXPath.findElements(By.java:348)
	at org.openqa.selenium.remote.RemoteWebDriver.findElements(RemoteWebDriver.java:311)
	at org.openqa.selenium.support.events.EventFiringWebDriver.lambda$new$1(EventFiringWebDriver.java:105)
	at com.sun.proxy.$Proxy10.findElements(Unknown Source)
	at org.openqa.selenium.support.events.EventFiringWebDriver.findElements(EventFiringWebDriver.java:182)
	at com.kms.katalon.core.webui.common.WebUiCommonHelper.findElementByNormalMethods(WebUiCommonHelper.java:1014)
	at com.kms.katalon.core.webui.common.WebUiCommonHelper.findElementsBySelectedMethod(WebUiCommonHelper.java:909)
	at com.kms.katalon.core.webui.common.WebUiCommonHelper.findElementsBySelectedMethod(WebUiCommonHelper.java:892)
	at com.kms.katalon.core.webui.common.WebUiCommonHelper.findElementsBySelectedMethod(WebUiCommonHelper.java:887)
	at com.kms.katalon.core.webui.common.WebUiCommonHelper.findElementsByDefault(WebUiCommonHelper.java:883)
	at com.kms.katalon.core.webui.common.WebUiCommonHelper.findWebElements(WebUiCommonHelper.java:720)
	at com.kms.katalon.core.webui.common.WebUiCommonHelper.findWebElement(WebUiCommonHelper.java:1363)
	at com.kms.katalon.core.webui.keyword.internal.WebUIAbstractKeyword.findWebElement(WebUIAbstractKeyword.groovy:27)
	at com.kms.katalon.core.webui.keyword.internal.WebUIAbstractKeyword.findWebElement(WebUIAbstractKeyword.groovy:26)
	at com.kms.katalon.core.webui.keyword.builtin.ClickKeyword$_click_closure1.doCall(ClickKeyword.groovy:66)
	at com.kms.katalon.core.webui.keyword.builtin.ClickKeyword$_click_closure1.call(ClickKeyword.groovy)
	at com.kms.katalon.core.webui.keyword.internal.WebUIKeywordMain.runKeyword(WebUIKeywordMain.groovy:20)
	at com.kms.katalon.core.webui.keyword.builtin.ClickKeyword.click(ClickKeyword.groovy:75)
	at com.kms.katalon.core.webui.keyword.builtin.ClickKeyword.execute(ClickKeyword.groovy:42)
	at com.kms.katalon.core.keyword.internal.KeywordExecutor.executeKeywordForPlatform(KeywordExecutor.groovy:74)
	at com.kms.katalon.core.webui.keyword.WebUiBuiltInKeywords.click(WebUiBuiltInKeywords.groovy:620)
	at com.kms.katalon.core.webui.keyword.WebUiBuiltInKeywords$click$3.call(Unknown Source)
	at Script1609168958432.run(Script1609168958432.groovy:38)
	... 13 more
)
[[ATTACHMENT|/Users/elsylitsonlambert/git/tcCreateQA/Reports/20210928_172811/Test Suite1- Regression/20210928_172812/1632864841941.png]]

2021-09-28 17:34:02 - [TEST_STEP][FAILED] - sendKeys(findTestObject("Object Repository/tA/div_A FARMER represents God,edit box"), " test edit by the test script"): Unable to send keys ' test edit by the test script' to object 'Object Repository/tA/div_A FARMER represents God,edit box' (Root cause: com.kms.katalon.core.exception.StepFailedException: Unable to send keys ' test edit by the test script' to object 'Object Repository/tA/div_A FARMER represents God,edit box'
	at com.kms.katalon.core.webui.keyword.internal.WebUIKeywordMain.stepFailed(WebUIKeywordMain.groovy:64)
	at com.kms.katalon.core.webui.keyword.internal.WebUIKeywordMain.runKeyword(WebUIKeywordMain.groovy:26)
	at com.kms.katalon.core.webui.keyword.builtin.SendKeysKeyword.sendKeys(SendKeysKeyword.groovy:60)
	at com.kms.katalon.core.webui.keyword.builtin.SendKeysKeyword.execute(SendKeysKeyword.groovy:38)
	at com.kms.katalon.core.keyword.internal.KeywordExecutor.executeKeywordForPlatform(KeywordExecutor.groovy:74)
	at com.kms.katalon.core.webui.keyword.WebUiBuiltInKeywords.sendKeys(WebUiBuiltInKeywords.groovy:864)
	at com.kms.katalon.core.webui.keyword.WebUiBuiltInKeywords$sendKeys$2.call(Unknown Source)
	at tA_Saving tA Article.run(tA_Saving tA Article:40)
	at com.kms.katalon.core.main.ScriptEngine.run(ScriptEngine.java:194)
	at com.kms.katalon.core.main.ScriptEngine.runScriptAsRawText(ScriptEngine.java:119)
	at com.kms.katalon.core.main.TestCaseExecutor.runScript(TestCaseExecutor.java:430)
	at com.kms.katalon.core.main.TestCaseExecutor.doExecute(TestCaseExecutor.java:421)
	at com.kms.katalon.core.main.TestCaseExecutor.processExecutionPhase(TestCaseExecutor.java:400)
	at com.kms.katalon.core.main.TestCaseExecutor.accessMainPhase(TestCaseExecutor.java:392)
	at com.kms.katalon.core.main.TestCaseExecutor.execute(TestCaseExecutor.java:273)
	at com.kms.katalon.core.main.TestSuiteExecutor.accessTestCaseMainPhase(TestSuiteExecutor.java:202)
	at com.kms.katalon.core.main.TestSuiteExecutor.accessTestSuiteMainPhase(TestSuiteExecutor.java:164)
	at com.kms.katalon.core.main.TestSuiteExecutor.execute(TestSuiteExecutor.java:105)
	at com.kms.katalon.core.main.TestCaseMain.startTestSuite(TestCaseMain.java:185)
	at com.kms.katalon.core.main.TestCaseMain$startTestSuite$0.call(Unknown Source)
	at TempTestSuite1632864492590.run(TempTestSuite1632864492590.groovy:36)
Caused by: com.kms.katalon.core.webui.exception.WebElementNotFoundException: Web element with id: 'Object Repository/tA/div_A FARMER represents God,edit box' located by '//div[@id='translatableComponent']/div/div[2]/div[2]/div[2]/div/div/div/div/div/div[2]/div/div' not found
	at com.kms.katalon.core.webui.common.WebUiCommonHelper.findWebElement(WebUiCommonHelper.java:1368)
	at com.kms.katalon.core.webui.keyword.internal.WebUIAbstractKeyword.findWebElement(WebUIAbstractKeyword.groovy:27)
	at com.kms.katalon.core.webui.keyword.internal.WebUIAbstractKeyword.findWebElement(WebUIAbstractKeyword.groovy:26)
	at com.kms.katalon.core.webui.keyword.builtin.SendKeysKeyword$_sendKeys_closure1.doCall(SendKeysKeyword.groovy:52)
	at com.kms.katalon.core.webui.keyword.builtin.SendKeysKeyword$_sendKeys_closure1.call(SendKeysKeyword.groovy)
	at com.kms.katalon.core.webui.keyword.internal.WebUIKeywordMain.runKeyword(WebUIKeywordMain.groovy:20)
	at com.kms.katalon.core.webui.keyword.builtin.SendKeysKeyword.sendKeys(SendKeysKeyword.groovy:60)
	at com.kms.katalon.core.webui.keyword.builtin.SendKeysKeyword.execute(SendKeysKeyword.groovy:38)
	at com.kms.katalon.core.keyword.internal.KeywordExecutor.executeKeywordForPlatform(KeywordExecutor.groovy:74)
	at com.kms.katalon.core.webui.keyword.WebUiBuiltInKeywords.sendKeys(WebUiBuiltInKeywords.groovy:864)
	at com.kms.katalon.core.webui.keyword.WebUiBuiltInKeywords$sendKeys$2.call(Unknown Source)
	at Script1609168958432.run(Script1609168958432.groovy:40)
	... 13 more
)

2021-09-28 17:34:33 - [MESSAGE][INFO] - Unable to find the element located by 'By.xpath: //div[@id='translatableComponent']/div/div[2]/div[2]/div[2]/div/div/div/div/div/div[2]/div/div'. Please recheck the objects properties to make sure the desired element is located. 

2021-09-28 17:34:34 - [MESSAGE][FAILED] - Unable to send keys ' test edit by the test script' to object 'Object Repository/tA/div_A FARMER represents God,edit box' (Root cause: com.kms.katalon.core.exception.StepFailedException: Unable to send keys ' test edit by the test script' to object 'Object Repository/tA/div_A FARMER represents God,edit box'
	at com.kms.katalon.core.webui.keyword.internal.WebUIKeywordMain.stepFailed(WebUIKeywordMain.groovy:64)
	at com.kms.katalon.core.webui.keyword.internal.WebUIKeywordMain.runKeyword(WebUIKeywordMain.groovy:26)
	at com.kms.katalon.core.webui.keyword.builtin.SendKeysKeyword.sendKeys(SendKeysKeyword.groovy:60)
	at com.kms.katalon.core.webui.keyword.builtin.SendKeysKeyword.execute(SendKeysKeyword.groovy:38)
	at com.kms.katalon.core.keyword.internal.KeywordExecutor.executeKeywordForPlatform(KeywordExecutor.groovy:74)
	at com.kms.katalon.core.webui.keyword.WebUiBuiltInKeywords.sendKeys(WebUiBuiltInKeywords.groovy:864)
	at com.kms.katalon.core.webui.keyword.WebUiBuiltInKeywords$sendKeys$2.call(Unknown Source)
	at tA_Saving tA Article.run(tA_Saving tA Article:40)
	at com.kms.katalon.core.main.ScriptEngine.run(ScriptEngine.java:194)
	at com.kms.katalon.core.main.ScriptEngine.runScriptAsRawText(ScriptEngine.java:119)
	at com.kms.katalon.core.main.TestCaseExecutor.runScript(TestCaseExecutor.java:430)
	at com.kms.katalon.core.main.TestCaseExecutor.doExecute(TestCaseExecutor.java:421)
	at com.kms.katalon.core.main.TestCaseExecutor.processExecutionPhase(TestCaseExecutor.java:400)
	at com.kms.katalon.core.main.TestCaseExecutor.accessMainPhase(TestCaseExecutor.java:392)
	at com.kms.katalon.core.main.TestCaseExecutor.execute(TestCaseExecutor.java:273)
	at com.kms.katalon.core.main.TestSuiteExecutor.accessTestCaseMainPhase(TestSuiteExecutor.java:202)
	at com.kms.katalon.core.main.TestSuiteExecutor.accessTestSuiteMainPhase(TestSuiteExecutor.java:164)
	at com.kms.katalon.core.main.TestSuiteExecutor.execute(TestSuiteExecutor.java:105)
	at com.kms.katalon.core.main.TestCaseMain.startTestSuite(TestCaseMain.java:185)
	at com.kms.katalon.core.main.TestCaseMain$startTestSuite$0.call(Unknown Source)
	at TempTestSuite1632864492590.run(TempTestSuite1632864492590.groovy:36)
Caused by: com.kms.katalon.core.webui.exception.WebElementNotFoundException: Web element with id: 'Object Repository/tA/div_A FARMER represents God,edit box' located by '//div[@id='translatableComponent']/div/div[2]/div[2]/div[2]/div/div/div/div/div/div[2]/div/div' not found
	at com.kms.katalon.core.webui.common.WebUiCommonHelper.findWebElement(WebUiCommonHelper.java:1368)
	at com.kms.katalon.core.webui.keyword.internal.WebUIAbstractKeyword.findWebElement(WebUIAbstractKeyword.groovy:27)
	at com.kms.katalon.core.webui.keyword.internal.WebUIAbstractKeyword.findWebElement(WebUIAbstractKeyword.groovy:26)
	at com.kms.katalon.core.webui.keyword.builtin.SendKeysKeyword$_sendKeys_closure1.doCall(SendKeysKeyword.groovy:52)
	at com.kms.katalon.core.webui.keyword.builtin.SendKeysKeyword$_sendKeys_closure1.call(SendKeysKeyword.groovy)
	at com.kms.katalon.core.webui.keyword.internal.WebUIKeywordMain.runKeyword(WebUIKeywordMain.groovy:20)
	at com.kms.katalon.core.webui.keyword.builtin.SendKeysKeyword.sendKeys(SendKeysKeyword.groovy:60)
	at com.kms.katalon.core.webui.keyword.builtin.SendKeysKeyword.execute(SendKeysKeyword.groovy:38)
	at com.kms.katalon.core.keyword.internal.KeywordExecutor.executeKeywordForPlatform(KeywordExecutor.groovy:74)
	at com.kms.katalon.core.webui.keyword.WebUiBuiltInKeywords.sendKeys(WebUiBuiltInKeywords.groovy:864)
	at com.kms.katalon.core.webui.keyword.WebUiBuiltInKeywords$sendKeys$2.call(Unknown Source)
	at Script1609168958432.run(Script1609168958432.groovy:40)
	... 13 more
)
[[ATTACHMENT|/Users/elsylitsonlambert/git/tcCreateQA/Reports/20210928_172811/Test Suite1- Regression/20210928_172812/1632864873713.png]]

2021-09-28 17:34:34 - [TEST_STEP][FAILED] - click(findTestObject("Page_tC Create/button_Save")): Unable to click on object 'Object Repository/Page_tC Create/button_Save' (Root cause: com.kms.katalon.core.exception.StepFailedException: Unable to click on object 'Object Repository/Page_tC Create/button_Save'
	at com.kms.katalon.core.webui.keyword.internal.WebUIKeywordMain.stepFailed(WebUIKeywordMain.groovy:64)
	at com.kms.katalon.core.webui.keyword.internal.WebUIKeywordMain.runKeyword(WebUIKeywordMain.groovy:26)
	at com.kms.katalon.core.webui.keyword.builtin.ClickKeyword.click(ClickKeyword.groovy:75)
	at com.kms.katalon.core.webui.keyword.builtin.ClickKeyword.execute(ClickKeyword.groovy:42)
	at com.kms.katalon.core.keyword.internal.KeywordExecutor.executeKeywordForPlatform(KeywordExecutor.groovy:74)
	at com.kms.katalon.core.webui.keyword.WebUiBuiltInKeywords.click(WebUiBuiltInKeywords.groovy:620)
	at com.kms.katalon.core.webui.keyword.WebUiBuiltInKeywords$click$3.call(Unknown Source)
	at tA_Saving tA Article.run(tA_Saving tA Article:42)
	at com.kms.katalon.core.main.ScriptEngine.run(ScriptEngine.java:194)
	at com.kms.katalon.core.main.ScriptEngine.runScriptAsRawText(ScriptEngine.java:119)
	at com.kms.katalon.core.main.TestCaseExecutor.runScript(TestCaseExecutor.java:430)
	at com.kms.katalon.core.main.TestCaseExecutor.doExecute(TestCaseExecutor.java:421)
	at com.kms.katalon.core.main.TestCaseExecutor.processExecutionPhase(TestCaseExecutor.java:400)
	at com.kms.katalon.core.main.TestCaseExecutor.accessMainPhase(TestCaseExecutor.java:392)
	at com.kms.katalon.core.main.TestCaseExecutor.execute(TestCaseExecutor.java:273)
	at com.kms.katalon.core.main.TestSuiteExecutor.accessTestCaseMainPhase(TestSuiteExecutor.java:202)
	at com.kms.katalon.core.main.TestSuiteExecutor.accessTestSuiteMainPhase(TestSuiteExecutor.java:164)
	at com.kms.katalon.core.main.TestSuiteExecutor.execute(TestSuiteExecutor.java:105)
	at com.kms.katalon.core.main.TestCaseMain.startTestSuite(TestCaseMain.java:185)
	at com.kms.katalon.core.main.TestCaseMain$startTestSuite$0.call(Unknown Source)
	at TempTestSuite1632864492590.run(TempTestSuite1632864492590.groovy:36)
Caused by: com.kms.katalon.core.webui.exception.WebElementNotFoundException: Web element with id: 'Object Repository/Page_tC Create/button_Save' located by '//*[@type = 'button' and @aria-label = 'Save']' not found
	at com.kms.katalon.core.webui.common.WebUiCommonHelper.findWebElement(WebUiCommonHelper.java:1368)
	at com.kms.katalon.core.webui.keyword.internal.WebUIAbstractKeyword.findWebElement(WebUIAbstractKeyword.groovy:27)
	at com.kms.katalon.core.webui.keyword.internal.WebUIAbstractKeyword.findWebElement(WebUIAbstractKeyword.groovy:26)
	at com.kms.katalon.core.webui.keyword.builtin.ClickKeyword$_click_closure1.doCall(ClickKeyword.groovy:66)
	at com.kms.katalon.core.webui.keyword.builtin.ClickKeyword$_click_closure1.call(ClickKeyword.groovy)
	at com.kms.katalon.core.webui.keyword.internal.WebUIKeywordMain.runKeyword(WebUIKeywordMain.groovy:20)
	at com.kms.katalon.core.webui.keyword.builtin.ClickKeyword.click(ClickKeyword.groovy:75)
	at com.kms.katalon.core.webui.keyword.builtin.ClickKeyword.execute(ClickKeyword.groovy:42)
	at com.kms.katalon.core.keyword.internal.KeywordExecutor.executeKeywordForPlatform(KeywordExecutor.groovy:74)
	at com.kms.katalon.core.webui.keyword.WebUiBuiltInKeywords.click(WebUiBuiltInKeywords.groovy:620)
	at com.kms.katalon.core.webui.keyword.WebUiBuiltInKeywords$click$3.call(Unknown Source)
	at Script1609168958432.run(Script1609168958432.groovy:42)
	... 13 more
)

2021-09-28 17:35:05 - [MESSAGE][INFO] - Unable to find the element located by 'By.xpath: //*[@type = 'button' and @aria-label = 'Save']'. Please recheck the objects properties to make sure the desired element is located. 

2021-09-28 17:35:05 - [MESSAGE][FAILED] - Unable to click on object 'Object Repository/Page_tC Create/button_Save' (Root cause: com.kms.katalon.core.exception.StepFailedException: Unable to click on object 'Object Repository/Page_tC Create/button_Save'
	at com.kms.katalon.core.webui.keyword.internal.WebUIKeywordMain.stepFailed(WebUIKeywordMain.groovy:64)
	at com.kms.katalon.core.webui.keyword.internal.WebUIKeywordMain.runKeyword(WebUIKeywordMain.groovy:26)
	at com.kms.katalon.core.webui.keyword.builtin.ClickKeyword.click(ClickKeyword.groovy:75)
	at com.kms.katalon.core.webui.keyword.builtin.ClickKeyword.execute(ClickKeyword.groovy:42)
	at com.kms.katalon.core.keyword.internal.KeywordExecutor.executeKeywordForPlatform(KeywordExecutor.groovy:74)
	at com.kms.katalon.core.webui.keyword.WebUiBuiltInKeywords.click(WebUiBuiltInKeywords.groovy:620)
	at com.kms.katalon.core.webui.keyword.WebUiBuiltInKeywords$click$3.call(Unknown Source)
	at tA_Saving tA Article.run(tA_Saving tA Article:42)
	at com.kms.katalon.core.main.ScriptEngine.run(ScriptEngine.java:194)
	at com.kms.katalon.core.main.ScriptEngine.runScriptAsRawText(ScriptEngine.java:119)
	at com.kms.katalon.core.main.TestCaseExecutor.runScript(TestCaseExecutor.java:430)
	at com.kms.katalon.core.main.TestCaseExecutor.doExecute(TestCaseExecutor.java:421)
	at com.kms.katalon.core.main.TestCaseExecutor.processExecutionPhase(TestCaseExecutor.java:400)
	at com.kms.katalon.core.main.TestCaseExecutor.accessMainPhase(TestCaseExecutor.java:392)
	at com.kms.katalon.core.main.TestCaseExecutor.execute(TestCaseExecutor.java:273)
	at com.kms.katalon.core.main.TestSuiteExecutor.accessTestCaseMainPhase(TestSuiteExecutor.java:202)
	at com.kms.katalon.core.main.TestSuiteExecutor.accessTestSuiteMainPhase(TestSuiteExecutor.java:164)
	at com.kms.katalon.core.main.TestSuiteExecutor.execute(TestSuiteExecutor.java:105)
	at com.kms.katalon.core.main.TestCaseMain.startTestSuite(TestCaseMain.java:185)
	at com.kms.katalon.core.main.TestCaseMain$startTestSuite$0.call(Unknown Source)
	at TempTestSuite1632864492590.run(TempTestSuite1632864492590.groovy:36)
Caused by: com.kms.katalon.core.webui.exception.WebElementNotFoundException: Web element with id: 'Object Repository/Page_tC Create/button_Save' located by '//*[@type = 'button' and @aria-label = 'Save']' not found
	at com.kms.katalon.core.webui.common.WebUiCommonHelper.findWebElement(WebUiCommonHelper.java:1368)
	at com.kms.katalon.core.webui.keyword.internal.WebUIAbstractKeyword.findWebElement(WebUIAbstractKeyword.groovy:27)
	at com.kms.katalon.core.webui.keyword.internal.WebUIAbstractKeyword.findWebElement(WebUIAbstractKeyword.groovy:26)
	at com.kms.katalon.core.webui.keyword.builtin.ClickKeyword$_click_closure1.doCall(ClickKeyword.groovy:66)
	at com.kms.katalon.core.webui.keyword.builtin.ClickKeyword$_click_closure1.call(ClickKeyword.groovy)
	at com.kms.katalon.core.webui.keyword.internal.WebUIKeywordMain.runKeyword(WebUIKeywordMain.groovy:20)
	at com.kms.katalon.core.webui.keyword.builtin.ClickKeyword.click(ClickKeyword.groovy:75)
	at com.kms.katalon.core.webui.keyword.builtin.ClickKeyword.execute(ClickKeyword.groovy:42)
	at com.kms.katalon.core.keyword.internal.KeywordExecutor.executeKeywordForPlatform(KeywordExecutor.groovy:74)
	at com.kms.katalon.core.webui.keyword.WebUiBuiltInKeywords.click(WebUiBuiltInKeywords.groovy:620)
	at com.kms.katalon.core.webui.keyword.WebUiBuiltInKeywords$click$3.call(Unknown Source)
	at Script1609168958432.run(Script1609168958432.groovy:42)
	... 13 more
)
[[ATTACHMENT|/Users/elsylitsonlambert/git/tcCreateQA/Reports/20210928_172811/Test Suite1- Regression/20210928_172812/1632864905174.png]]

2021-09-28 17:35:05 - [TEST_STEP][PASSED] - delay(2): Delayed 2 second(s)

2021-09-28 17:35:07 - [MESSAGE][PASSED] - Delayed 2 second(s)

2021-09-28 17:35:07 - [TEST_STEP][FAILED] - if (verifyElementNotClickable(findTestObject("Page_tC Create/button_Save"), CONTINUE_ON_FAILURE)): Web element with id: 'Object Repository/Page_tC Create/button_Save' located by '//*[@type = 'button' and @aria-label = 'Save']' not found (Root cause: com.kms.katalon.core.exception.StepFailedException: Web element with id: 'Object Repository/Page_tC Create/button_Save' located by '//*[@type = 'button' and @aria-label = 'Save']' not found
	at com.kms.katalon.core.webui.keyword.internal.WebUIKeywordMain.stepFailed(WebUIKeywordMain.groovy:64)
	at com.kms.katalon.core.webui.keyword.builtin.VerifyElementNotClickableKeyword$_verifyElementNotClickable_closure1.doCall(VerifyElementNotClickableKeyword.groovy:88)
	at com.kms.katalon.core.webui.keyword.builtin.VerifyElementNotClickableKeyword$_verifyElementNotClickable_closure1.call(VerifyElementNotClickableKeyword.groovy)
	at com.kms.katalon.core.webui.keyword.internal.WebUIKeywordMain.runKeyword(WebUIKeywordMain.groovy:20)
	at com.kms.katalon.core.webui.keyword.builtin.VerifyElementNotClickableKeyword.verifyElementNotClickable(VerifyElementNotClickableKeyword.groovy:96)
	at com.kms.katalon.core.webui.keyword.builtin.VerifyElementNotClickableKeyword.execute(VerifyElementNotClickableKeyword.groovy:67)
	at com.kms.katalon.core.keyword.internal.KeywordExecutor.executeKeywordForPlatform(KeywordExecutor.groovy:74)
	at com.kms.katalon.core.webui.keyword.WebUiBuiltInKeywords.verifyElementNotClickable(WebUiBuiltInKeywords.groovy:581)
	at com.kms.katalon.core.webui.keyword.WebUiBuiltInKeywords$verifyElementNotClickable$24.call(Unknown Source)
	at tA_Saving tA Article.run(tA_Saving tA Article:48)
	at com.kms.katalon.core.main.ScriptEngine.run(ScriptEngine.java:194)
	at com.kms.katalon.core.main.ScriptEngine.runScriptAsRawText(ScriptEngine.java:119)
	at com.kms.katalon.core.main.TestCaseExecutor.runScript(TestCaseExecutor.java:430)
	at com.kms.katalon.core.main.TestCaseExecutor.doExecute(TestCaseExecutor.java:421)
	at com.kms.katalon.core.main.TestCaseExecutor.processExecutionPhase(TestCaseExecutor.java:400)
	at com.kms.katalon.core.main.TestCaseExecutor.accessMainPhase(TestCaseExecutor.java:392)
	at com.kms.katalon.core.main.TestCaseExecutor.execute(TestCaseExecutor.java:273)
	at com.kms.katalon.core.main.TestSuiteExecutor.accessTestCaseMainPhase(TestSuiteExecutor.java:202)
	at com.kms.katalon.core.main.TestSuiteExecutor.accessTestSuiteMainPhase(TestSuiteExecutor.java:164)
	at com.kms.katalon.core.main.TestSuiteExecutor.execute(TestSuiteExecutor.java:105)
	at com.kms.katalon.core.main.TestCaseMain.startTestSuite(TestCaseMain.java:185)
	at com.kms.katalon.core.main.TestCaseMain$startTestSuite$0.call(Unknown Source)
	at TempTestSuite1632864492590.run(TempTestSuite1632864492590.groovy:36)
)

2021-09-28 17:35:38 - [MESSAGE][INFO] - Unable to find the element located by 'By.xpath: //*[@type = 'button' and @aria-label = 'Save']'. Please recheck the objects properties to make sure the desired element is located. 

2021-09-28 17:35:39 - [MESSAGE][FAILED] - Web element with id: 'Object Repository/Page_tC Create/button_Save' located by '//*[@type = 'button' and @aria-label = 'Save']' not found (Root cause: com.kms.katalon.core.exception.StepFailedException: Web element with id: 'Object Repository/Page_tC Create/button_Save' located by '//*[@type = 'button' and @aria-label = 'Save']' not found
	at com.kms.katalon.core.webui.keyword.internal.WebUIKeywordMain.stepFailed(WebUIKeywordMain.groovy:64)
	at com.kms.katalon.core.webui.keyword.builtin.VerifyElementNotClickableKeyword$_verifyElementNotClickable_closure1.doCall(VerifyElementNotClickableKeyword.groovy:88)
	at com.kms.katalon.core.webui.keyword.builtin.VerifyElementNotClickableKeyword$_verifyElementNotClickable_closure1.call(VerifyElementNotClickableKeyword.groovy)
	at com.kms.katalon.core.webui.keyword.internal.WebUIKeywordMain.runKeyword(WebUIKeywordMain.groovy:20)
	at com.kms.katalon.core.webui.keyword.builtin.VerifyElementNotClickableKeyword.verifyElementNotClickable(VerifyElementNotClickableKeyword.groovy:96)
	at com.kms.katalon.core.webui.keyword.builtin.VerifyElementNotClickableKeyword.execute(VerifyElementNotClickableKeyword.groovy:67)
	at com.kms.katalon.core.keyword.internal.KeywordExecutor.executeKeywordForPlatform(KeywordExecutor.groovy:74)
	at com.kms.katalon.core.webui.keyword.WebUiBuiltInKeywords.verifyElementNotClickable(WebUiBuiltInKeywords.groovy:581)
	at com.kms.katalon.core.webui.keyword.WebUiBuiltInKeywords$verifyElementNotClickable$24.call(Unknown Source)
	at tA_Saving tA Article.run(tA_Saving tA Article:48)
	at com.kms.katalon.core.main.ScriptEngine.run(ScriptEngine.java:194)
	at com.kms.katalon.core.main.ScriptEngine.runScriptAsRawText(ScriptEngine.java:119)
	at com.kms.katalon.core.main.TestCaseExecutor.runScript(TestCaseExecutor.java:430)
	at com.kms.katalon.core.main.TestCaseExecutor.doExecute(TestCaseExecutor.java:421)
	at com.kms.katalon.core.main.TestCaseExecutor.processExecutionPhase(TestCaseExecutor.java:400)
	at com.kms.katalon.core.main.TestCaseExecutor.accessMainPhase(TestCaseExecutor.java:392)
	at com.kms.katalon.core.main.TestCaseExecutor.execute(TestCaseExecutor.java:273)
	at com.kms.katalon.core.main.TestSuiteExecutor.accessTestCaseMainPhase(TestSuiteExecutor.java:202)
	at com.kms.katalon.core.main.TestSuiteExecutor.accessTestSuiteMainPhase(TestSuiteExecutor.java:164)
	at com.kms.katalon.core.main.TestSuiteExecutor.execute(TestSuiteExecutor.java:105)
	at com.kms.katalon.core.main.TestCaseMain.startTestSuite(TestCaseMain.java:185)
	at com.kms.katalon.core.main.TestCaseMain$startTestSuite$0.call(Unknown Source)
	at TempTestSuite1632864492590.run(TempTestSuite1632864492590.groovy:36)
)
[[ATTACHMENT|/Users/elsylitsonlambert/git/tcCreateQA/Reports/20210928_172811/Test Suite1- Regression/20210928_172812/1632864938737.png]]

2021-09-28 17:35:39 - [TEST_STEP][PASSED] - else: 
  Error: Save button is still enabled

2021-09-28 17:35:39 - [TEST_STEP][PASSED] - logInfo("
  Error: Save button is still enabled"): 
  Error: Save button is still enabled

2021-09-28 17:35:39 - [MESSAGE][INFO] - 
  Error: Save button is still enabled

2021-09-28 17:35:39 - [TEST_STEP][FAILED] - click(findTestObject("Object Repository/tA/Chip_English - unfoldingWorden_taElsyLambert-tc-create-1")): Unable to click on object 'Object Repository/tA/Chip_English - unfoldingWorden_taElsyLambert-tc-create-1' (Root cause: com.kms.katalon.core.exception.StepFailedException: Unable to click on object 'Object Repository/tA/Chip_English - unfoldingWorden_taElsyLambert-tc-create-1'
	at com.kms.katalon.core.webui.keyword.internal.WebUIKeywordMain.stepFailed(WebUIKeywordMain.groovy:64)
	at com.kms.katalon.core.webui.keyword.internal.WebUIKeywordMain.runKeyword(WebUIKeywordMain.groovy:26)
	at com.kms.katalon.core.webui.keyword.builtin.ClickKeyword.click(ClickKeyword.groovy:75)
	at com.kms.katalon.core.webui.keyword.builtin.ClickKeyword.execute(ClickKeyword.groovy:42)
	at com.kms.katalon.core.keyword.internal.KeywordExecutor.executeKeywordForPlatform(KeywordExecutor.groovy:74)
	at com.kms.katalon.core.webui.keyword.WebUiBuiltInKeywords.click(WebUiBuiltInKeywords.groovy:620)
	at com.kms.katalon.core.webui.keyword.WebUiBuiltInKeywords$click$3.call(Unknown Source)
	at tA_Saving tA Article.run(tA_Saving tA Article:57)
	at com.kms.katalon.core.main.ScriptEngine.run(ScriptEngine.java:194)
	at com.kms.katalon.core.main.ScriptEngine.runScriptAsRawText(ScriptEngine.java:119)
	at com.kms.katalon.core.main.TestCaseExecutor.runScript(TestCaseExecutor.java:430)
	at com.kms.katalon.core.main.TestCaseExecutor.doExecute(TestCaseExecutor.java:421)
	at com.kms.katalon.core.main.TestCaseExecutor.processExecutionPhase(TestCaseExecutor.java:400)
	at com.kms.katalon.core.main.TestCaseExecutor.accessMainPhase(TestCaseExecutor.java:392)
	at com.kms.katalon.core.main.TestCaseExecutor.execute(TestCaseExecutor.java:273)
	at com.kms.katalon.core.main.TestSuiteExecutor.accessTestCaseMainPhase(TestSuiteExecutor.java:202)
	at com.kms.katalon.core.main.TestSuiteExecutor.accessTestSuiteMainPhase(TestSuiteExecutor.java:164)
	at com.kms.katalon.core.main.TestSuiteExecutor.execute(TestSuiteExecutor.java:105)
	at com.kms.katalon.core.main.TestCaseMain.startTestSuite(TestCaseMain.java:185)
	at com.kms.katalon.core.main.TestCaseMain$startTestSuite$0.call(Unknown Source)
	at TempTestSuite1632864492590.run(TempTestSuite1632864492590.groovy:36)
Caused by: com.kms.katalon.core.webui.exception.WebElementNotFoundException: Web element with id: 'Object Repository/tA/Chip_English - unfoldingWorden_taElsyLambert-tc-create-1' located by '//*[@title = 'Go to Article' and (text() = 'English - unfoldingWord/en_ta/ElsyLambert-tc-create-1' or . = 'English - unfoldingWord/en_ta/ElsyLambert-tc-create-1')]' not found
	at com.kms.katalon.core.webui.common.WebUiCommonHelper.findWebElement(WebUiCommonHelper.java:1368)
	at com.kms.katalon.core.webui.keyword.internal.WebUIAbstractKeyword.findWebElement(WebUIAbstractKeyword.groovy:27)
	at com.kms.katalon.core.webui.keyword.internal.WebUIAbstractKeyword.findWebElement(WebUIAbstractKeyword.groovy:26)
	at com.kms.katalon.core.webui.keyword.builtin.ClickKeyword$_click_closure1.doCall(ClickKeyword.groovy:66)
	at com.kms.katalon.core.webui.keyword.builtin.ClickKeyword$_click_closure1.call(ClickKeyword.groovy)
	at com.kms.katalon.core.webui.keyword.internal.WebUIKeywordMain.runKeyword(WebUIKeywordMain.groovy:20)
	at com.kms.katalon.core.webui.keyword.builtin.ClickKeyword.click(ClickKeyword.groovy:75)
	at com.kms.katalon.core.webui.keyword.builtin.ClickKeyword.execute(ClickKeyword.groovy:42)
	at com.kms.katalon.core.keyword.internal.KeywordExecutor.executeKeywordForPlatform(KeywordExecutor.groovy:74)
	at com.kms.katalon.core.webui.keyword.WebUiBuiltInKeywords.click(WebUiBuiltInKeywords.groovy:620)
	at com.kms.katalon.core.webui.keyword.WebUiBuiltInKeywords$click$3.call(Unknown Source)
	at Script1609168958432.run(Script1609168958432.groovy:57)
	... 13 more
)

2021-09-28 17:36:10 - [MESSAGE][INFO] - Unable to find the element located by 'By.xpath: //*[@title = 'Go to Article' and (text() = 'English - unfoldingWord/en_ta/ElsyLambert-tc-create-1' or . = 'English - unfoldingWord/en_ta/ElsyLambert-tc-create-1')]'. Please recheck the objects properties to make sure the desired element is located. 

2021-09-28 17:36:10 - [MESSAGE][FAILED] - Unable to click on object 'Object Repository/tA/Chip_English - unfoldingWorden_taElsyLambert-tc-create-1' (Root cause: com.kms.katalon.core.exception.StepFailedException: Unable to click on object 'Object Repository/tA/Chip_English - unfoldingWorden_taElsyLambert-tc-create-1'
	at com.kms.katalon.core.webui.keyword.internal.WebUIKeywordMain.stepFailed(WebUIKeywordMain.groovy:64)
	at com.kms.katalon.core.webui.keyword.internal.WebUIKeywordMain.runKeyword(WebUIKeywordMain.groovy:26)
	at com.kms.katalon.core.webui.keyword.builtin.ClickKeyword.click(ClickKeyword.groovy:75)
	at com.kms.katalon.core.webui.keyword.builtin.ClickKeyword.execute(ClickKeyword.groovy:42)
	at com.kms.katalon.core.keyword.internal.KeywordExecutor.executeKeywordForPlatform(KeywordExecutor.groovy:74)
	at com.kms.katalon.core.webui.keyword.WebUiBuiltInKeywords.click(WebUiBuiltInKeywords.groovy:620)
	at com.kms.katalon.core.webui.keyword.WebUiBuiltInKeywords$click$3.call(Unknown Source)
	at tA_Saving tA Article.run(tA_Saving tA Article:57)
	at com.kms.katalon.core.main.ScriptEngine.run(ScriptEngine.java:194)
	at com.kms.katalon.core.main.ScriptEngine.runScriptAsRawText(ScriptEngine.java:119)
	at com.kms.katalon.core.main.TestCaseExecutor.runScript(TestCaseExecutor.java:430)
	at com.kms.katalon.core.main.TestCaseExecutor.doExecute(TestCaseExecutor.java:421)
	at com.kms.katalon.core.main.TestCaseExecutor.processExecutionPhase(TestCaseExecutor.java:400)
	at com.kms.katalon.core.main.TestCaseExecutor.accessMainPhase(TestCaseExecutor.java:392)
	at com.kms.katalon.core.main.TestCaseExecutor.execute(TestCaseExecutor.java:273)
	at com.kms.katalon.core.main.TestSuiteExecutor.accessTestCaseMainPhase(TestSuiteExecutor.java:202)
	at com.kms.katalon.core.main.TestSuiteExecutor.accessTestSuiteMainPhase(TestSuiteExecutor.java:164)
	at com.kms.katalon.core.main.TestSuiteExecutor.execute(TestSuiteExecutor.java:105)
	at com.kms.katalon.core.main.TestCaseMain.startTestSuite(TestCaseMain.java:185)
	at com.kms.katalon.core.main.TestCaseMain$startTestSuite$0.call(Unknown Source)
	at TempTestSuite1632864492590.run(TempTestSuite1632864492590.groovy:36)
Caused by: com.kms.katalon.core.webui.exception.WebElementNotFoundException: Web element with id: 'Object Repository/tA/Chip_English - unfoldingWorden_taElsyLambert-tc-create-1' located by '//*[@title = 'Go to Article' and (text() = 'English - unfoldingWord/en_ta/ElsyLambert-tc-create-1' or . = 'English - unfoldingWord/en_ta/ElsyLambert-tc-create-1')]' not found
	at com.kms.katalon.core.webui.common.WebUiCommonHelper.findWebElement(WebUiCommonHelper.java:1368)
	at com.kms.katalon.core.webui.keyword.internal.WebUIAbstractKeyword.findWebElement(WebUIAbstractKeyword.groovy:27)
	at com.kms.katalon.core.webui.keyword.internal.WebUIAbstractKeyword.findWebElement(WebUIAbstractKeyword.groovy:26)
	at com.kms.katalon.core.webui.keyword.builtin.ClickKeyword$_click_closure1.doCall(ClickKeyword.groovy:66)
	at com.kms.katalon.core.webui.keyword.builtin.ClickKeyword$_click_closure1.call(ClickKeyword.groovy)
	at com.kms.katalon.core.webui.keyword.internal.WebUIKeywordMain.runKeyword(WebUIKeywordMain.groovy:20)
	at com.kms.katalon.core.webui.keyword.builtin.ClickKeyword.click(ClickKeyword.groovy:75)
	at com.kms.katalon.core.webui.keyword.builtin.ClickKeyword.execute(ClickKeyword.groovy:42)
	at com.kms.katalon.core.keyword.internal.KeywordExecutor.executeKeywordForPlatform(KeywordExecutor.groovy:74)
	at com.kms.katalon.core.webui.keyword.WebUiBuiltInKeywords.click(WebUiBuiltInKeywords.groovy:620)
	at com.kms.katalon.core.webui.keyword.WebUiBuiltInKeywords$click$3.call(Unknown Source)
	at Script1609168958432.run(Script1609168958432.groovy:57)
	... 13 more
)
[[ATTACHMENT|/Users/elsylitsonlambert/git/tcCreateQA/Reports/20210928_172811/Test Suite1- Regression/20210928_172812/1632864970162.png]]

2021-09-28 17:36:10 - [TEST_STEP][PASSED] - delay(2): Delayed 2 second(s)

2021-09-28 17:36:12 - [MESSAGE][PASSED] - Delayed 2 second(s)

2021-09-28 17:36:12 - [TEST_STEP][FAILED] - switchToWindowIndex(1): Cannot find window with index: '1' (Root cause: com.kms.katalon.core.exception.StepFailedException: Cannot find window with index: '1'
	at com.kms.katalon.core.webui.keyword.internal.WebUIKeywordMain.stepFailed(WebUIKeywordMain.groovy:64)
	at com.kms.katalon.core.webui.keyword.builtin.SwitchToWindowIndexKeyword$_switchToWindowIndex_closure1.doCall(SwitchToWindowIndexKeyword.groovy:83)
	at com.kms.katalon.core.webui.keyword.builtin.SwitchToWindowIndexKeyword$_switchToWindowIndex_closure1.call(SwitchToWindowIndexKeyword.groovy)
	at com.kms.katalon.core.webui.keyword.internal.WebUIKeywordMain.runKeyword(WebUIKeywordMain.groovy:20)
	at com.kms.katalon.core.webui.keyword.builtin.SwitchToWindowIndexKeyword.switchToWindowIndex(SwitchToWindowIndexKeyword.groovy:85)
	at com.kms.katalon.core.webui.keyword.builtin.SwitchToWindowIndexKeyword.execute(SwitchToWindowIndexKeyword.groovy:67)
	at com.kms.katalon.core.keyword.internal.KeywordExecutor.executeKeywordForPlatform(KeywordExecutor.groovy:74)
	at com.kms.katalon.core.webui.keyword.WebUiBuiltInKeywords.switchToWindowIndex(WebUiBuiltInKeywords.groovy:1891)
	at com.kms.katalon.core.webui.keyword.WebUiBuiltInKeywords$switchToWindowIndex$14.call(Unknown Source)
	at tA_Saving tA Article.run(tA_Saving tA Article:61)
	at com.kms.katalon.core.main.ScriptEngine.run(ScriptEngine.java:194)
	at com.kms.katalon.core.main.ScriptEngine.runScriptAsRawText(ScriptEngine.java:119)
	at com.kms.katalon.core.main.TestCaseExecutor.runScript(TestCaseExecutor.java:430)
	at com.kms.katalon.core.main.TestCaseExecutor.doExecute(TestCaseExecutor.java:421)
	at com.kms.katalon.core.main.TestCaseExecutor.processExecutionPhase(TestCaseExecutor.java:400)
	at com.kms.katalon.core.main.TestCaseExecutor.accessMainPhase(TestCaseExecutor.java:392)
	at com.kms.katalon.core.main.TestCaseExecutor.execute(TestCaseExecutor.java:273)
	at com.kms.katalon.core.main.TestSuiteExecutor.accessTestCaseMainPhase(TestSuiteExecutor.java:202)
	at com.kms.katalon.core.main.TestSuiteExecutor.accessTestSuiteMainPhase(TestSuiteExecutor.java:164)
	at com.kms.katalon.core.main.TestSuiteExecutor.execute(TestSuiteExecutor.java:105)
	at com.kms.katalon.core.main.TestCaseMain.startTestSuite(TestCaseMain.java:185)
	at com.kms.katalon.core.main.TestCaseMain$startTestSuite$0.call(Unknown Source)
	at TempTestSuite1632864492590.run(TempTestSuite1632864492590.groovy:36)
)

2021-09-28 17:36:43 - [MESSAGE][FAILED] - Cannot find window with index: '1' (Root cause: com.kms.katalon.core.exception.StepFailedException: Cannot find window with index: '1'
	at com.kms.katalon.core.webui.keyword.internal.WebUIKeywordMain.stepFailed(WebUIKeywordMain.groovy:64)
	at com.kms.katalon.core.webui.keyword.builtin.SwitchToWindowIndexKeyword$_switchToWindowIndex_closure1.doCall(SwitchToWindowIndexKeyword.groovy:83)
	at com.kms.katalon.core.webui.keyword.builtin.SwitchToWindowIndexKeyword$_switchToWindowIndex_closure1.call(SwitchToWindowIndexKeyword.groovy)
	at com.kms.katalon.core.webui.keyword.internal.WebUIKeywordMain.runKeyword(WebUIKeywordMain.groovy:20)
	at com.kms.katalon.core.webui.keyword.builtin.SwitchToWindowIndexKeyword.switchToWindowIndex(SwitchToWindowIndexKeyword.groovy:85)
	at com.kms.katalon.core.webui.keyword.builtin.SwitchToWindowIndexKeyword.execute(SwitchToWindowIndexKeyword.groovy:67)
	at com.kms.katalon.core.keyword.internal.KeywordExecutor.executeKeywordForPlatform(KeywordExecutor.groovy:74)
	at com.kms.katalon.core.webui.keyword.WebUiBuiltInKeywords.switchToWindowIndex(WebUiBuiltInKeywords.groovy:1891)
	at com.kms.katalon.core.webui.keyword.WebUiBuiltInKeywords$switchToWindowIndex$14.call(Unknown Source)
	at tA_Saving tA Article.run(tA_Saving tA Article:61)
	at com.kms.katalon.core.main.ScriptEngine.run(ScriptEngine.java:194)
	at com.kms.katalon.core.main.ScriptEngine.runScriptAsRawText(ScriptEngine.java:119)
	at com.kms.katalon.core.main.TestCaseExecutor.runScript(TestCaseExecutor.java:430)
	at com.kms.katalon.core.main.TestCaseExecutor.doExecute(TestCaseExecutor.java:421)
	at com.kms.katalon.core.main.TestCaseExecutor.processExecutionPhase(TestCaseExecutor.java:400)
	at com.kms.katalon.core.main.TestCaseExecutor.accessMainPhase(TestCaseExecutor.java:392)
	at com.kms.katalon.core.main.TestCaseExecutor.execute(TestCaseExecutor.java:273)
	at com.kms.katalon.core.main.TestSuiteExecutor.accessTestCaseMainPhase(TestSuiteExecutor.java:202)
	at com.kms.katalon.core.main.TestSuiteExecutor.accessTestSuiteMainPhase(TestSuiteExecutor.java:164)
	at com.kms.katalon.core.main.TestSuiteExecutor.execute(TestSuiteExecutor.java:105)
	at com.kms.katalon.core.main.TestCaseMain.startTestSuite(TestCaseMain.java:185)
	at com.kms.katalon.core.main.TestCaseMain$startTestSuite$0.call(Unknown Source)
	at TempTestSuite1632864492590.run(TempTestSuite1632864492590.groovy:36)
)
[[ATTACHMENT|/Users/elsylitsonlambert/git/tcCreateQA/Reports/20210928_172811/Test Suite1- Regression/20210928_172812/1632865003279.png]]

2021-09-28 17:36:43 - [TEST_STEP][ERROR] - if (getText(findTestObject("Object Repository/tA/h4_dcs article")).contains("test edit by the test script")): Test Cases/tCC Test Cases/tA_Saving tA Article FAILED.
Reason:
java.lang.NullPointerException: Cannot invoke method contains() on null object
	at tA_Saving tA Article.run(tA_Saving tA Article:63)
	at com.kms.katalon.core.main.ScriptEngine.run(ScriptEngine.java:194)
	at com.kms.katalon.core.main.ScriptEngine.runScriptAsRawText(ScriptEngine.java:119)
	at com.kms.katalon.core.main.TestCaseExecutor.runScript(TestCaseExecutor.java:430)
	at com.kms.katalon.core.main.TestCaseExecutor.doExecute(TestCaseExecutor.java:421)
	at com.kms.katalon.core.main.TestCaseExecutor.processExecutionPhase(TestCaseExecutor.java:400)
	at com.kms.katalon.core.main.TestCaseExecutor.accessMainPhase(TestCaseExecutor.java:392)
	at com.kms.katalon.core.main.TestCaseExecutor.execute(TestCaseExecutor.java:273)
	at com.kms.katalon.core.main.TestSuiteExecutor.accessTestCaseMainPhase(TestSuiteExecutor.java:202)
	at com.kms.katalon.core.main.TestSuiteExecutor.accessTestSuiteMainPhase(TestSuiteExecutor.java:164)
	at com.kms.katalon.core.main.TestSuiteExecutor.execute(TestSuiteExecutor.java:105)
	at com.kms.katalon.core.main.TestCaseMain.startTestSuite(TestCaseMain.java:185)
	at com.kms.katalon.core.main.TestCaseMain$startTestSuite$0.call(Unknown Source)
	at TempTestSuite1632864492590.run(TempTestSuite1632864492590.groovy:36)


2021-09-28 17:37:15 - [MESSAGE][INFO] - Unable to find the element located by 'By.xpath: //h4[(contains(text(), 'A FARMER represents God, and the VINEYARD represents') or contains(., 'A FARMER represents God, and the VINEYARD represents'))]'. Please recheck the objects properties to make sure the desired element is located. 

2021-09-28 17:37:15 - [MESSAGE][FAILED] - Unable to get text of object 'Object Repository/tA/h4_dcs article' (Root cause: com.kms.katalon.core.exception.StepFailedException: Unable to get text of object 'Object Repository/tA/h4_dcs article'
	at com.kms.katalon.core.webui.keyword.internal.WebUIKeywordMain.stepFailed(WebUIKeywordMain.groovy:64)
	at com.kms.katalon.core.webui.keyword.internal.WebUIKeywordMain.runKeyword(WebUIKeywordMain.groovy:26)
	at com.kms.katalon.core.webui.keyword.builtin.GetTextKeyword.getText(GetTextKeyword.groovy:88)
	at com.kms.katalon.core.webui.keyword.builtin.GetTextKeyword.execute(GetTextKeyword.groovy:67)
	at com.kms.katalon.core.keyword.internal.KeywordExecutor.executeKeywordForPlatform(KeywordExecutor.groovy:74)
	at com.kms.katalon.core.webui.keyword.WebUiBuiltInKeywords.getText(WebUiBuiltInKeywords.groovy:918)
	at com.kms.katalon.core.webui.keyword.WebUiBuiltInKeywords$getText$4.call(Unknown Source)
	at tA_Saving tA Article.run(tA_Saving tA Article:63)
	at com.kms.katalon.core.main.ScriptEngine.run(ScriptEngine.java:194)
	at com.kms.katalon.core.main.ScriptEngine.runScriptAsRawText(ScriptEngine.java:119)
	at com.kms.katalon.core.main.TestCaseExecutor.runScript(TestCaseExecutor.java:430)
	at com.kms.katalon.core.main.TestCaseExecutor.doExecute(TestCaseExecutor.java:421)
	at com.kms.katalon.core.main.TestCaseExecutor.processExecutionPhase(TestCaseExecutor.java:400)
	at com.kms.katalon.core.main.TestCaseExecutor.accessMainPhase(TestCaseExecutor.java:392)
	at com.kms.katalon.core.main.TestCaseExecutor.execute(TestCaseExecutor.java:273)
	at com.kms.katalon.core.main.TestSuiteExecutor.accessTestCaseMainPhase(TestSuiteExecutor.java:202)
	at com.kms.katalon.core.main.TestSuiteExecutor.accessTestSuiteMainPhase(TestSuiteExecutor.java:164)
	at com.kms.katalon.core.main.TestSuiteExecutor.execute(TestSuiteExecutor.java:105)
	at com.kms.katalon.core.main.TestCaseMain.startTestSuite(TestCaseMain.java:185)
	at com.kms.katalon.core.main.TestCaseMain$startTestSuite$0.call(Unknown Source)
	at TempTestSuite1632864492590.run(TempTestSuite1632864492590.groovy:36)
Caused by: com.kms.katalon.core.webui.exception.WebElementNotFoundException: Web element with id: 'Object Repository/tA/h4_dcs article' located by '//h4[(contains(text(), 'A FARMER represents God, and the VINEYARD represents') or contains(., 'A FARMER represents God, and the VINEYARD represents'))]' not found
	at com.kms.katalon.core.webui.common.WebUiCommonHelper.findWebElement(WebUiCommonHelper.java:1368)
	at com.kms.katalon.core.webui.keyword.internal.WebUIAbstractKeyword.findWebElement(WebUIAbstractKeyword.groovy:27)
	at com.kms.katalon.core.webui.keyword.internal.WebUIAbstractKeyword.findWebElement(WebUIAbstractKeyword.groovy:26)
	at com.kms.katalon.core.webui.keyword.builtin.GetTextKeyword$_getText_closure1.doCall(GetTextKeyword.groovy:78)
	at com.kms.katalon.core.webui.keyword.builtin.GetTextKeyword$_getText_closure1.call(GetTextKeyword.groovy)
	at com.kms.katalon.core.webui.keyword.internal.WebUIKeywordMain.runKeyword(WebUIKeywordMain.groovy:20)
	at com.kms.katalon.core.webui.keyword.builtin.GetTextKeyword.getText(GetTextKeyword.groovy:88)
	at com.kms.katalon.core.webui.keyword.builtin.GetTextKeyword.execute(GetTextKeyword.groovy:67)
	at com.kms.katalon.core.keyword.internal.KeywordExecutor.executeKeywordForPlatform(KeywordExecutor.groovy:74)
	at com.kms.katalon.core.webui.keyword.WebUiBuiltInKeywords.getText(WebUiBuiltInKeywords.groovy:918)
	at com.kms.katalon.core.webui.keyword.WebUiBuiltInKeywords$getText$4.call(Unknown Source)
	at Script1609168958432.run(Script1609168958432.groovy:63)
	... 13 more
)
[[ATTACHMENT|/Users/elsylitsonlambert/git/tcCreateQA/Reports/20210928_172811/Test Suite1- Regression/20210928_172812/1632865035017.png]]

2021-09-28 17:37:15 - [MESSAGE][ERROR] - Test Cases/tCC Test Cases/tA_Saving tA Article FAILED.
Reason:
java.lang.NullPointerException: Cannot invoke method contains() on null object
	at tA_Saving tA Article.run(tA_Saving tA Article:63)
	at com.kms.katalon.core.main.ScriptEngine.run(ScriptEngine.java:194)
	at com.kms.katalon.core.main.ScriptEngine.runScriptAsRawText(ScriptEngine.java:119)
	at com.kms.katalon.core.main.TestCaseExecutor.runScript(TestCaseExecutor.java:430)
	at com.kms.katalon.core.main.TestCaseExecutor.doExecute(TestCaseExecutor.java:421)
	at com.kms.katalon.core.main.TestCaseExecutor.processExecutionPhase(TestCaseExecutor.java:400)
	at com.kms.katalon.core.main.TestCaseExecutor.accessMainPhase(TestCaseExecutor.java:392)
	at com.kms.katalon.core.main.TestCaseExecutor.execute(TestCaseExecutor.java:273)
	at com.kms.katalon.core.main.TestSuiteExecutor.accessTestCaseMainPhase(TestSuiteExecutor.java:202)
	at com.kms.katalon.core.main.TestSuiteExecutor.accessTestSuiteMainPhase(TestSuiteExecutor.java:164)
	at com.kms.katalon.core.main.TestSuiteExecutor.execute(TestSuiteExecutor.java:105)
	at com.kms.katalon.core.main.TestCaseMain.startTestSuite(TestCaseMain.java:185)
	at com.kms.katalon.core.main.TestCaseMain$startTestSuite$0.call(Unknown Source)
	at TempTestSuite1632864492590.run(TempTestSuite1632864492590.groovy:36)]]></system-out>
         <system-err><![CDATA[2021-09-28 17:33:36 - [TEST_CASE][FAILED] - Test Cases/tCC Test Cases/tA_Saving tA Article: Test Cases/tCC Test Cases/tA_Saving tA Article FAILED.
Reason:
com.kms.katalon.core.exception.StepFailedException: Unable to click on object 'Object Repository/Page_tC Create/listOption_Language_Parmed' (Root cause: com.kms.katalon.core.exception.StepFailedException: Unable to click on object 'Object Repository/Page_tC Create/listOption_Language_Parmed'
	at com.kms.katalon.core.webui.keyword.internal.WebUIKeywordMain.stepFailed(WebUIKeywordMain.groovy:64)
	at com.kms.katalon.core.webui.keyword.internal.WebUIKeywordMain.runKeyword(WebUIKeywordMain.groovy:26)
	at com.kms.katalon.core.webui.keyword.builtin.ClickKeyword.click(ClickKeyword.groovy:75)
	at com.kms.katalon.core.webui.keyword.builtin.ClickKeyword.execute(ClickKeyword.groovy:42)
	at com.kms.katalon.core.keyword.internal.KeywordExecutor.executeKeywordForPlatform(KeywordExecutor.groovy:74)
	at com.kms.katalon.core.webui.keyword.WebUiBuiltInKeywords.click(WebUiBuiltInKeywords.groovy:620)
	at com.kms.katalon.core.webui.keyword.WebUiBuiltInKeywords$click$3.call(Unknown Source)
	at com.tccreate.keywords.selectOrg.language(selectOrg.groovy:54)
	at com.tccreate.keywords.selectOrg.invokeMethod(selectOrg.groovy)
	at com.kms.katalon.core.main.CustomKeywordDelegatingMetaClass.invokeStaticMethod(CustomKeywordDelegatingMetaClass.java:50)
	at tA_Saving tA Article.run(tA_Saving tA Article:29)
	at com.kms.katalon.core.main.ScriptEngine.run(ScriptEngine.java:194)
	at com.kms.katalon.core.main.ScriptEngine.runScriptAsRawText(ScriptEngine.java:119)
	at com.kms.katalon.core.main.TestCaseExecutor.runScript(TestCaseExecutor.java:430)
	at com.kms.katalon.core.main.TestCaseExecutor.doExecute(TestCaseExecutor.java:421)
	at com.kms.katalon.core.main.TestCaseExecutor.processExecutionPhase(TestCaseExecutor.java:400)
	at com.kms.katalon.core.main.TestCaseExecutor.accessMainPhase(TestCaseExecutor.java:392)
	at com.kms.katalon.core.main.TestCaseExecutor.execute(TestCaseExecutor.java:273)
	at com.kms.katalon.core.main.TestSuiteExecutor.accessTestCaseMainPhase(TestSuiteExecutor.java:202)
	at com.kms.katalon.core.main.TestSuiteExecutor.accessTestSuiteMainPhase(TestSuiteExecutor.java:164)
	at com.kms.katalon.core.main.TestSuiteExecutor.execute(TestSuiteExecutor.java:105)
	at com.kms.katalon.core.main.TestCaseMain.startTestSuite(TestCaseMain.java:185)
	at com.kms.katalon.core.main.TestCaseMain$startTestSuite$0.call(Unknown Source)
	at TempTestSuite1632864492590.run(TempTestSuite1632864492590.groovy:36)
Caused by: org.openqa.selenium.StaleElementReferenceException: stale element reference: element is not attached to the page document
  (Session info: chrome=94.0.4606.61)
For documentation on this error, please visit: https://www.seleniumhq.org/exceptions/stale_element_reference.html
Build info: version: '3.141.59', revision: 'e82be7d358', time: '2018-11-14T08:25:53'
System info: host: 'ELSYs-MBP.phub.net.cable.rogers.com', ip: '2607:fea8:2cde:e900:0:0:0:cce8%en0', os.name: 'Mac OS X', os.arch: 'x86_64', os.version: '10.16', java.version: '1.8.0_275'
Driver info: com.kms.katalon.selenium.driver.CChromeDriver
Capabilities {acceptInsecureCerts: false, browserName: chrome, browserVersion: 94.0.4606.61, chrome: {chromedriverVersion: 94.0.4606.61 (418b78f5838ed..., userDataDir: /var/folders/sf/msc8p_nx3x3...}, goog:chromeOptions: {debuggerAddress: localhost:58979}, javascriptEnabled: true, networkConnectionEnabled: false, pageLoadStrategy: normal, platform: MAC, platformName: MAC, proxy: Proxy(), setWindowRect: true, strictFileInteractability: false, timeouts: {implicit: 0, pageLoad: 300000, script: 30000}, unhandledPromptBehavior: dismiss and notify, webauthn:extension:credBlob: true, webauthn:extension:largeBlob: true, webauthn:virtualAuthenticators: true}
Session ID: eaac19f7be45e49c37f6eb93c6d52174
	at org.openqa.selenium.remote.http.W3CHttpResponseCodec.createException(W3CHttpResponseCodec.java:187)
	at org.openqa.selenium.remote.http.W3CHttpResponseCodec.decode(W3CHttpResponseCodec.java:122)
	at org.openqa.selenium.remote.http.W3CHttpResponseCodec.decode(W3CHttpResponseCodec.java:49)
	at org.openqa.selenium.remote.HttpCommandExecutor.execute(HttpCommandExecutor.java:158)
	at org.openqa.selenium.remote.service.DriverCommandExecutor.execute(DriverCommandExecutor.java:83)
	at org.openqa.selenium.remote.RemoteWebDriver.execute(RemoteWebDriver.java:552)
	at com.kms.katalon.selenium.driver.CChromeDriver.execute(CChromeDriver.java:19)
	at org.openqa.selenium.remote.RemoteWebElement.execute(RemoteWebElement.java:285)
	at org.openqa.selenium.remote.RemoteWebElement.click(RemoteWebElement.java:84)
	at org.openqa.selenium.support.events.EventFiringWebDriver$EventFiringWebElement.lambda$new$0(EventFiringWebDriver.java:404)
	at com.sun.proxy.$Proxy11.click(Unknown Source)
	at org.openqa.selenium.support.events.EventFiringWebDriver$EventFiringWebElement.click(EventFiringWebDriver.java:417)
	at com.kms.katalon.core.webui.keyword.builtin.ClickKeyword$_click_closure1.doCall(ClickKeyword.groovy:68)
	at com.kms.katalon.core.webui.keyword.builtin.ClickKeyword$_click_closure1.call(ClickKeyword.groovy)
	at com.kms.katalon.core.webui.keyword.internal.WebUIKeywordMain.runKeyword(WebUIKeywordMain.groovy:20)
	at com.kms.katalon.core.webui.keyword.builtin.ClickKeyword.click(ClickKeyword.groovy:75)
	at com.kms.katalon.core.webui.keyword.builtin.ClickKeyword.execute(ClickKeyword.groovy:42)
	at com.kms.katalon.core.keyword.internal.KeywordExecutor.executeKeywordForPlatform(KeywordExecutor.groovy:74)
	at com.kms.katalon.core.webui.keyword.WebUiBuiltInKeywords.click(WebUiBuiltInKeywords.groovy:620)
	at com.kms.katalon.core.webui.keyword.WebUiBuiltInKeywords$click$3.call(Unknown Source)
	at com.tccreate.keywords.selectOrg.language(selectOrg.groovy:54)
	at com.tccreate.keywords.selectOrg.invokeMethod(selectOrg.groovy)
	at com.kms.katalon.core.main.CustomKeywordDelegatingMetaClass.invokeStaticMethod(CustomKeywordDelegatingMetaClass.java:50)
	at Script1609168958432.run(Script1609168958432.groovy:29)
	... 13 more
)
	at com.kms.katalon.core.keyword.internal.KeywordMain.stepFailed(KeywordMain.groovy:39)
	at com.kms.katalon.core.webui.keyword.internal.WebUIKeywordMain.stepFailed(WebUIKeywordMain.groovy:64)
	at com.kms.katalon.core.webui.keyword.internal.WebUIKeywordMain.runKeyword(WebUIKeywordMain.groovy:26)
	at com.kms.katalon.core.webui.keyword.builtin.ClickKeyword.click(ClickKeyword.groovy:75)
	at com.kms.katalon.core.webui.keyword.builtin.ClickKeyword.execute(ClickKeyword.groovy:42)
	at com.kms.katalon.core.keyword.internal.KeywordExecutor.executeKeywordForPlatform(KeywordExecutor.groovy:74)
	at com.kms.katalon.core.webui.keyword.WebUiBuiltInKeywords.click(WebUiBuiltInKeywords.groovy:620)
	at com.kms.katalon.core.webui.keyword.WebUiBuiltInKeywords$click$3.call(Unknown Source)
	at com.tccreate.keywords.selectOrg.language(selectOrg.groovy:54)
	at com.tccreate.keywords.selectOrg.invokeMethod(selectOrg.groovy)
	at com.kms.katalon.core.main.CustomKeywordDelegatingMetaClass.invokeStaticMethod(CustomKeywordDelegatingMetaClass.java:50)
	at tA_Saving tA Article.run(tA_Saving tA Article:29)
	at com.kms.katalon.core.main.ScriptEngine.run(ScriptEngine.java:194)
	at com.kms.katalon.core.main.ScriptEngine.runScriptAsRawText(ScriptEngine.java:119)
	at com.kms.katalon.core.main.TestCaseExecutor.runScript(TestCaseExecutor.java:430)
	at com.kms.katalon.core.main.TestCaseExecutor.doExecute(TestCaseExecutor.java:421)
	at com.kms.katalon.core.main.TestCaseExecutor.processExecutionPhase(TestCaseExecutor.java:400)
	at com.kms.katalon.core.main.TestCaseExecutor.accessMainPhase(TestCaseExecutor.java:392)
	at com.kms.katalon.core.main.TestCaseExecutor.execute(TestCaseExecutor.java:273)
	at com.kms.katalon.core.main.TestSuiteExecutor.accessTestCaseMainPhase(TestSuiteExecutor.java:202)
	at com.kms.katalon.core.main.TestSuiteExecutor.accessTestSuiteMainPhase(TestSuiteExecutor.java:164)
	at com.kms.katalon.core.main.TestSuiteExecutor.execute(TestSuiteExecutor.java:105)
	at com.kms.katalon.core.main.TestCaseMain.startTestSuite(TestCaseMain.java:185)
	at com.kms.katalon.core.main.TestCaseMain$startTestSuite$0.call(Unknown Source)
	at TempTestSuite1632864492590.run(TempTestSuite1632864492590.groovy:36)
Caused by: com.kms.katalon.core.exception.StepFailedException: Unable to click on object 'Object Repository/Page_tC Create/listOption_Language_Parmed'
	... 24 more
Caused by: org.openqa.selenium.StaleElementReferenceException: stale element reference: element is not attached to the page document
  (Session info: chrome=94.0.4606.61)
For documentation on this error, please visit: https://www.seleniumhq.org/exceptions/stale_element_reference.html
Build info: version: '3.141.59', revision: 'e82be7d358', time: '2018-11-14T08:25:53'
System info: host: 'ELSYs-MBP.phub.net.cable.rogers.com', ip: '2607:fea8:2cde:e900:0:0:0:cce8%en0', os.name: 'Mac OS X', os.arch: 'x86_64', os.version: '10.16', java.version: '1.8.0_275'
Driver info: com.kms.katalon.selenium.driver.CChromeDriver
Capabilities {acceptInsecureCerts: false, browserName: chrome, browserVersion: 94.0.4606.61, chrome: {chromedriverVersion: 94.0.4606.61 (418b78f5838ed..., userDataDir: /var/folders/sf/msc8p_nx3x3...}, goog:chromeOptions: {debuggerAddress: localhost:58979}, javascriptEnabled: true, networkConnectionEnabled: false, pageLoadStrategy: normal, platform: MAC, platformName: MAC, proxy: Proxy(), setWindowRect: true, strictFileInteractability: false, timeouts: {implicit: 0, pageLoad: 300000, script: 30000}, unhandledPromptBehavior: dismiss and notify, webauthn:extension:credBlob: true, webauthn:extension:largeBlob: true, webauthn:virtualAuthenticators: true}
Session ID: eaac19f7be45e49c37f6eb93c6d52174
	at org.openqa.selenium.remote.http.W3CHttpResponseCodec.createException(W3CHttpResponseCodec.java:187)
	at org.openqa.selenium.remote.http.W3CHttpResponseCodec.decode(W3CHttpResponseCodec.java:122)
	at org.openqa.selenium.remote.http.W3CHttpResponseCodec.decode(W3CHttpResponseCodec.java:49)
	at org.openqa.selenium.remote.HttpCommandExecutor.execute(HttpCommandExecutor.java:158)
	at org.openqa.selenium.remote.service.DriverCommandExecutor.execute(DriverCommandExecutor.java:83)
	at org.openqa.selenium.remote.RemoteWebDriver.execute(RemoteWebDriver.java:552)
	at com.kms.katalon.selenium.driver.CChromeDriver.execute(CChromeDriver.java:19)
	at org.openqa.selenium.remote.RemoteWebElement.execute(RemoteWebElement.java:285)
	at org.openqa.selenium.remote.RemoteWebElement.click(RemoteWebElement.java:84)
	at org.openqa.selenium.support.events.EventFiringWebDriver$EventFiringWebElement.lambda$new$0(EventFiringWebDriver.java:404)
	at com.sun.proxy.$Proxy11.click(Unknown Source)
	at org.openqa.selenium.support.events.EventFiringWebDriver$EventFiringWebElement.click(EventFiringWebDriver.java:417)
	at com.kms.katalon.core.webui.keyword.builtin.ClickKeyword$_click_closure1.doCall(ClickKeyword.groovy:68)
	at com.kms.katalon.core.webui.keyword.builtin.ClickKeyword$_click_closure1.call(ClickKeyword.groovy)
	at com.kms.katalon.core.webui.keyword.internal.WebUIKeywordMain.runKeyword(WebUIKeywordMain.groovy:20)
	... 22 more]]></system-err>
      </testcase>
      <testcase name="Test Cases/tCC Test Cases/tN_Add New Resource" time="571.794" classname="Test Cases/tCC Test Cases/tN_Add New Resource" status="FAILED">
         <failure type="FAILED" message="Test Cases/tCC Test Cases/tN_Add New Resource FAILED.
Reason:
com.kms.katalon.core.exception.StepFailedException: Unable to click on object 'Object Repository/Page_tC Create/listOption_organisation_Parmed' (Root cause: com.kms.katalon.core.exception.StepFailedException: Unable to click on object 'Object Repository/Page_tC Create/listOption_organisation_Parmed'
	at com.kms.katalon.core.webui.keyword.internal.WebUIKeywordMain.stepFailed(WebUIKeywordMain.groovy:64)
	at com.kms.katalon.core.webui.keyword.internal.WebUIKeywordMain.runKeyword(WebUIKeywordMain.groovy:26)
	at com.kms.katalon.core.webui.keyword.builtin.ClickKeyword.click(ClickKeyword.groovy:75)
	at com.kms.katalon.core.webui.keyword.builtin.ClickKeyword.execute(ClickKeyword.groovy:42)
	at com.kms.katalon.core.keyword.internal.KeywordExecutor.executeKeywordForPlatform(KeywordExecutor.groovy:74)
	at com.kms.katalon.core.webui.keyword.WebUiBuiltInKeywords.click(WebUiBuiltInKeywords.groovy:620)
	at com.kms.katalon.core.webui.keyword.WebUiBuiltInKeywords$click$3.call(Unknown Source)
	at com.tccreate.keywords.selectOrg.organization(selectOrg.groovy:31)
	at com.tccreate.keywords.selectOrg.invokeMethod(selectOrg.groovy)
	at com.kms.katalon.core.main.CustomKeywordDelegatingMetaClass.invokeStaticMethod(CustomKeywordDelegatingMetaClass.java:50)
	at tN_Add New Resource.run(tN_Add New Resource:29)
	at com.kms.katalon.core.main.ScriptEngine.run(ScriptEngine.java:194)
	at com.kms.katalon.core.main.ScriptEngine.runScriptAsRawText(ScriptEngine.java:119)
	at com.kms.katalon.core.main.TestCaseExecutor.runScript(TestCaseExecutor.java:430)
	at com.kms.katalon.core.main.TestCaseExecutor.doExecute(TestCaseExecutor.java:421)
	at com.kms.katalon.core.main.TestCaseExecutor.processExecutionPhase(TestCaseExecutor.java:400)
	at com.kms.katalon.core.main.TestCaseExecutor.accessMainPhase(TestCaseExecutor.java:392)
	at com.kms.katalon.core.main.TestCaseExecutor.execute(TestCaseExecutor.java:273)
	at com.kms.katalon.core.main.TestSuiteExecutor.accessTestCaseMainPhase(TestSuiteExecutor.java:202)
	at com.kms.katalon.core.main.TestSuiteExecutor.accessTestSuiteMainPhase(TestSuiteExecutor.java:164)
	at com.kms.katalon.core.main.TestSuiteExecutor.execute(TestSuiteExecutor.java:105)
	at com.kms.katalon.core.main.TestCaseMain.startTestSuite(TestCaseMain.java:185)
	at com.kms.katalon.core.main.TestCaseMain$startTestSuite$0.call(Unknown Source)
	at TempTestSuite1632864492590.run(TempTestSuite1632864492590.groovy:36)
Caused by: com.kms.katalon.core.webui.exception.WebElementNotFoundException: Web element with id: 'Object Repository/Page_tC Create/listOption_organisation_Parmed' located by '//*[(starts-with(text(), 'unfoldingWord') or starts-with(., 'unfoldingWord'))]' not found
	at com.kms.katalon.core.webui.common.WebUiCommonHelper.findWebElement(WebUiCommonHelper.java:1368)
	at com.kms.katalon.core.webui.keyword.internal.WebUIAbstractKeyword.findWebElement(WebUIAbstractKeyword.groovy:27)
	at com.kms.katalon.core.webui.keyword.internal.WebUIAbstractKeyword.findWebElement(WebUIAbstractKeyword.groovy:26)
	at com.kms.katalon.core.webui.keyword.builtin.ClickKeyword$_click_closure1.doCall(ClickKeyword.groovy:66)
	at com.kms.katalon.core.webui.keyword.builtin.ClickKeyword$_click_closure1.call(ClickKeyword.groovy)
	at com.kms.katalon.core.webui.keyword.internal.WebUIKeywordMain.runKeyword(WebUIKeywordMain.groovy:20)
	at com.kms.katalon.core.webui.keyword.builtin.ClickKeyword.click(ClickKeyword.groovy:75)
	at com.kms.katalon.core.webui.keyword.builtin.ClickKeyword.execute(ClickKeyword.groovy:42)
	at com.kms.katalon.core.keyword.internal.KeywordExecutor.executeKeywordForPlatform(KeywordExecutor.groovy:74)
	at com.kms.katalon.core.webui.keyword.WebUiBuiltInKeywords.click(WebUiBuiltInKeywords.groovy:620)
	at com.kms.katalon.core.webui.keyword.WebUiBuiltInKeywords$click$3.call(Unknown Source)
	at com.tccreate.keywords.selectOrg.organization(selectOrg.groovy:31)
	at com.tccreate.keywords.selectOrg.invokeMethod(selectOrg.groovy)
	at com.kms.katalon.core.main.CustomKeywordDelegatingMetaClass.invokeStaticMethod(CustomKeywordDelegatingMetaClass.java:50)
	at Script1609194777899.run(Script1609194777899.groovy:29)
	... 13 more
)
	at com.kms.katalon.core.keyword.internal.KeywordMain.stepFailed(KeywordMain.groovy:39)
	at com.kms.katalon.core.webui.keyword.internal.WebUIKeywordMain.stepFailed(WebUIKeywordMain.groovy:64)
	at com.kms.katalon.core.webui.keyword.internal.WebUIKeywordMain.runKeyword(WebUIKeywordMain.groovy:26)
	at com.kms.katalon.core.webui.keyword.builtin.ClickKeyword.click(ClickKeyword.groovy:75)
	at com.kms.katalon.core.webui.keyword.builtin.ClickKeyword.execute(ClickKeyword.groovy:42)
	at com.kms.katalon.core.keyword.internal.KeywordExecutor.executeKeywordForPlatform(KeywordExecutor.groovy:74)
	at com.kms.katalon.core.webui.keyword.WebUiBuiltInKeywords.click(WebUiBuiltInKeywords.groovy:620)
	at com.kms.katalon.core.webui.keyword.WebUiBuiltInKeywords$click$3.call(Unknown Source)
	at com.tccreate.keywords.selectOrg.organization(selectOrg.groovy:31)
	at com.tccreate.keywords.selectOrg.invokeMethod(selectOrg.groovy)
	at com.kms.katalon.core.main.CustomKeywordDelegatingMetaClass.invokeStaticMethod(CustomKeywordDelegatingMetaClass.java:50)
	at tN_Add New Resource.run(tN_Add New Resource:29)
	at com.kms.katalon.core.main.ScriptEngine.run(ScriptEngine.java:194)
	at com.kms.katalon.core.main.ScriptEngine.runScriptAsRawText(ScriptEngine.java:119)
	at com.kms.katalon.core.main.TestCaseExecutor.runScript(TestCaseExecutor.java:430)
	at com.kms.katalon.core.main.TestCaseExecutor.doExecute(TestCaseExecutor.java:421)
	at com.kms.katalon.core.main.TestCaseExecutor.processExecutionPhase(TestCaseExecutor.java:400)
	at com.kms.katalon.core.main.TestCaseExecutor.accessMainPhase(TestCaseExecutor.java:392)
	at com.kms.katalon.core.main.TestCaseExecutor.execute(TestCaseExecutor.java:273)
	at com.kms.katalon.core.main.TestSuiteExecutor.accessTestCaseMainPhase(TestSuiteExecutor.java:202)
	at com.kms.katalon.core.main.TestSuiteExecutor.accessTestSuiteMainPhase(TestSuiteExecutor.java:164)
	at com.kms.katalon.core.main.TestSuiteExecutor.execute(TestSuiteExecutor.java:105)
	at com.kms.katalon.core.main.TestCaseMain.startTestSuite(TestCaseMain.java:185)
	at com.kms.katalon.core.main.TestCaseMain$startTestSuite$0.call(Unknown Source)
	at TempTestSuite1632864492590.run(TempTestSuite1632864492590.groovy:36)
Caused by: com.kms.katalon.core.exception.StepFailedException: Unable to click on object 'Object Repository/Page_tC Create/listOption_organisation_Parmed'
	... 24 more
Caused by: com.kms.katalon.core.webui.exception.WebElementNotFoundException: Web element with id: 'Object Repository/Page_tC Create/listOption_organisation_Parmed' located by '//*[(starts-with(text(), 'unfoldingWord') or starts-with(., 'unfoldingWord'))]' not found
	at com.kms.katalon.core.webui.common.WebUiCommonHelper.findWebElement(WebUiCommonHelper.java:1368)
	at com.kms.katalon.core.webui.keyword.internal.WebUIAbstractKeyword.findWebElement(WebUIAbstractKeyword.groovy:27)
	at com.kms.katalon.core.webui.keyword.internal.WebUIAbstractKeyword.findWebElement(WebUIAbstractKeyword.groovy:26)
	at com.kms.katalon.core.webui.keyword.builtin.ClickKeyword$_click_closure1.doCall(ClickKeyword.groovy:66)
	at com.kms.katalon.core.webui.keyword.builtin.ClickKeyword$_click_closure1.call(ClickKeyword.groovy)
	at com.kms.katalon.core.webui.keyword.internal.WebUIKeywordMain.runKeyword(WebUIKeywordMain.groovy:20)
	... 22 more
"/>
         <system-out><![CDATA[2021-09-28 17:37:15 - [TEST_CASE][FAILED] - Test Cases/tCC Test Cases/tN_Add New Resource: Test Cases/tCC Test Cases/tN_Add New Resource FAILED.
Reason:
com.kms.katalon.core.exception.StepFailedException: Unable to click on object 'Object Repository/Page_tC Create/listOption_organisation_Parmed' (Root cause: com.kms.katalon.core.exception.StepFailedException: Unable to click on object 'Object Repository/Page_tC Create/listOption_organisation_Parmed'
	at com.kms.katalon.core.webui.keyword.internal.WebUIKeywordMain.stepFailed(WebUIKeywordMain.groovy:64)
	at com.kms.katalon.core.webui.keyword.internal.WebUIKeywordMain.runKeyword(WebUIKeywordMain.groovy:26)
	at com.kms.katalon.core.webui.keyword.builtin.ClickKeyword.click(ClickKeyword.groovy:75)
	at com.kms.katalon.core.webui.keyword.builtin.ClickKeyword.execute(ClickKeyword.groovy:42)
	at com.kms.katalon.core.keyword.internal.KeywordExecutor.executeKeywordForPlatform(KeywordExecutor.groovy:74)
	at com.kms.katalon.core.webui.keyword.WebUiBuiltInKeywords.click(WebUiBuiltInKeywords.groovy:620)
	at com.kms.katalon.core.webui.keyword.WebUiBuiltInKeywords$click$3.call(Unknown Source)
	at com.tccreate.keywords.selectOrg.organization(selectOrg.groovy:31)
	at com.tccreate.keywords.selectOrg.invokeMethod(selectOrg.groovy)
	at com.kms.katalon.core.main.CustomKeywordDelegatingMetaClass.invokeStaticMethod(CustomKeywordDelegatingMetaClass.java:50)
	at tN_Add New Resource.run(tN_Add New Resource:29)
	at com.kms.katalon.core.main.ScriptEngine.run(ScriptEngine.java:194)
	at com.kms.katalon.core.main.ScriptEngine.runScriptAsRawText(ScriptEngine.java:119)
	at com.kms.katalon.core.main.TestCaseExecutor.runScript(TestCaseExecutor.java:430)
	at com.kms.katalon.core.main.TestCaseExecutor.doExecute(TestCaseExecutor.java:421)
	at com.kms.katalon.core.main.TestCaseExecutor.processExecutionPhase(TestCaseExecutor.java:400)
	at com.kms.katalon.core.main.TestCaseExecutor.accessMainPhase(TestCaseExecutor.java:392)
	at com.kms.katalon.core.main.TestCaseExecutor.execute(TestCaseExecutor.java:273)
	at com.kms.katalon.core.main.TestSuiteExecutor.accessTestCaseMainPhase(TestSuiteExecutor.java:202)
	at com.kms.katalon.core.main.TestSuiteExecutor.accessTestSuiteMainPhase(TestSuiteExecutor.java:164)
	at com.kms.katalon.core.main.TestSuiteExecutor.execute(TestSuiteExecutor.java:105)
	at com.kms.katalon.core.main.TestCaseMain.startTestSuite(TestCaseMain.java:185)
	at com.kms.katalon.core.main.TestCaseMain$startTestSuite$0.call(Unknown Source)
	at TempTestSuite1632864492590.run(TempTestSuite1632864492590.groovy:36)
Caused by: com.kms.katalon.core.webui.exception.WebElementNotFoundException: Web element with id: 'Object Repository/Page_tC Create/listOption_organisation_Parmed' located by '//*[(starts-with(text(), 'unfoldingWord') or starts-with(., 'unfoldingWord'))]' not found
	at com.kms.katalon.core.webui.common.WebUiCommonHelper.findWebElement(WebUiCommonHelper.java:1368)
	at com.kms.katalon.core.webui.keyword.internal.WebUIAbstractKeyword.findWebElement(WebUIAbstractKeyword.groovy:27)
	at com.kms.katalon.core.webui.keyword.internal.WebUIAbstractKeyword.findWebElement(WebUIAbstractKeyword.groovy:26)
	at com.kms.katalon.core.webui.keyword.builtin.ClickKeyword$_click_closure1.doCall(ClickKeyword.groovy:66)
	at com.kms.katalon.core.webui.keyword.builtin.ClickKeyword$_click_closure1.call(ClickKeyword.groovy)
	at com.kms.katalon.core.webui.keyword.internal.WebUIKeywordMain.runKeyword(WebUIKeywordMain.groovy:20)
	at com.kms.katalon.core.webui.keyword.builtin.ClickKeyword.click(ClickKeyword.groovy:75)
	at com.kms.katalon.core.webui.keyword.builtin.ClickKeyword.execute(ClickKeyword.groovy:42)
	at com.kms.katalon.core.keyword.internal.KeywordExecutor.executeKeywordForPlatform(KeywordExecutor.groovy:74)
	at com.kms.katalon.core.webui.keyword.WebUiBuiltInKeywords.click(WebUiBuiltInKeywords.groovy:620)
	at com.kms.katalon.core.webui.keyword.WebUiBuiltInKeywords$click$3.call(Unknown Source)
	at com.tccreate.keywords.selectOrg.organization(selectOrg.groovy:31)
	at com.tccreate.keywords.selectOrg.invokeMethod(selectOrg.groovy)
	at com.kms.katalon.core.main.CustomKeywordDelegatingMetaClass.invokeStaticMethod(CustomKeywordDelegatingMetaClass.java:50)
	at Script1609194777899.run(Script1609194777899.groovy:29)
	... 13 more
)
	at com.kms.katalon.core.keyword.internal.KeywordMain.stepFailed(KeywordMain.groovy:39)
	at com.kms.katalon.core.webui.keyword.internal.WebUIKeywordMain.stepFailed(WebUIKeywordMain.groovy:64)
	at com.kms.katalon.core.webui.keyword.internal.WebUIKeywordMain.runKeyword(WebUIKeywordMain.groovy:26)
	at com.kms.katalon.core.webui.keyword.builtin.ClickKeyword.click(ClickKeyword.groovy:75)
	at com.kms.katalon.core.webui.keyword.builtin.ClickKeyword.execute(ClickKeyword.groovy:42)
	at com.kms.katalon.core.keyword.internal.KeywordExecutor.executeKeywordForPlatform(KeywordExecutor.groovy:74)
	at com.kms.katalon.core.webui.keyword.WebUiBuiltInKeywords.click(WebUiBuiltInKeywords.groovy:620)
	at com.kms.katalon.core.webui.keyword.WebUiBuiltInKeywords$click$3.call(Unknown Source)
	at com.tccreate.keywords.selectOrg.organization(selectOrg.groovy:31)
	at com.tccreate.keywords.selectOrg.invokeMethod(selectOrg.groovy)
	at com.kms.katalon.core.main.CustomKeywordDelegatingMetaClass.invokeStaticMethod(CustomKeywordDelegatingMetaClass.java:50)
	at tN_Add New Resource.run(tN_Add New Resource:29)
	at com.kms.katalon.core.main.ScriptEngine.run(ScriptEngine.java:194)
	at com.kms.katalon.core.main.ScriptEngine.runScriptAsRawText(ScriptEngine.java:119)
	at com.kms.katalon.core.main.TestCaseExecutor.runScript(TestCaseExecutor.java:430)
	at com.kms.katalon.core.main.TestCaseExecutor.doExecute(TestCaseExecutor.java:421)
	at com.kms.katalon.core.main.TestCaseExecutor.processExecutionPhase(TestCaseExecutor.java:400)
	at com.kms.katalon.core.main.TestCaseExecutor.accessMainPhase(TestCaseExecutor.java:392)
	at com.kms.katalon.core.main.TestCaseExecutor.execute(TestCaseExecutor.java:273)
	at com.kms.katalon.core.main.TestSuiteExecutor.accessTestCaseMainPhase(TestSuiteExecutor.java:202)
	at com.kms.katalon.core.main.TestSuiteExecutor.accessTestSuiteMainPhase(TestSuiteExecutor.java:164)
	at com.kms.katalon.core.main.TestSuiteExecutor.execute(TestSuiteExecutor.java:105)
	at com.kms.katalon.core.main.TestCaseMain.startTestSuite(TestCaseMain.java:185)
	at com.kms.katalon.core.main.TestCaseMain$startTestSuite$0.call(Unknown Source)
	at TempTestSuite1632864492590.run(TempTestSuite1632864492590.groovy:36)
Caused by: com.kms.katalon.core.exception.StepFailedException: Unable to click on object 'Object Repository/Page_tC Create/listOption_organisation_Parmed'
	... 24 more
Caused by: com.kms.katalon.core.webui.exception.WebElementNotFoundException: Web element with id: 'Object Repository/Page_tC Create/listOption_organisation_Parmed' located by '//*[(starts-with(text(), 'unfoldingWord') or starts-with(., 'unfoldingWord'))]' not found
	at com.kms.katalon.core.webui.common.WebUiCommonHelper.findWebElement(WebUiCommonHelper.java:1368)
	at com.kms.katalon.core.webui.keyword.internal.WebUIAbstractKeyword.findWebElement(WebUIAbstractKeyword.groovy:27)
	at com.kms.katalon.core.webui.keyword.internal.WebUIAbstractKeyword.findWebElement(WebUIAbstractKeyword.groovy:26)
	at com.kms.katalon.core.webui.keyword.builtin.ClickKeyword$_click_closure1.doCall(ClickKeyword.groovy:66)
	at com.kms.katalon.core.webui.keyword.builtin.ClickKeyword$_click_closure1.call(ClickKeyword.groovy)
	at com.kms.katalon.core.webui.keyword.internal.WebUIKeywordMain.runKeyword(WebUIKeywordMain.groovy:20)
	... 22 more


2021-09-28 17:37:15 - [TEST_STEP][PASSED] - com.tccreate.keywords.WriteToFile.writeTofilename("tN-Add new resource"): com.tccreate.keywords.WriteToFile.writeTofilename is PASSED

2021-09-28 17:37:15 - [MESSAGE][PASSED] - com.tccreate.keywords.WriteToFile.writeTofilename is PASSED

2021-09-28 17:37:15 - [TEST_STEP][PASSED] - com.helper.login.TimeDate.getTimeDate(): com.helper.login.TimeDate.getTimeDate is PASSED

2021-09-28 17:37:15 - [MESSAGE][INFO] - Time at which the test run:2021-09-28 17:37:15.581

2021-09-28 17:37:15 - [MESSAGE][PASSED] - com.helper.login.TimeDate.getTimeDate is PASSED

2021-09-28 17:37:15 - [TEST_STEP][PASSED] - com.helper.login.loginhelper.logintoapp(): com.helper.login.loginhelper.logintoapp is PASSED

2021-09-28 17:37:15 - [MESSAGE][WARNING] - A browser is already opened. Closing browser and opening a new one

2021-09-28 17:37:15 - [MESSAGE][INFO] - Starting 'Chrome' driver

2021-09-28 17:37:15 - [MESSAGE][INFO] - Action delay is set to 1,000 milliseconds

2021-09-28 17:37:16 - [MESSAGE][WARNING] - FFmpeg was not installed! Browser Recording will be disabled. Please follow this document to install FFmpeg first: https://docs.katalon.com/katalon-studio/docs/screenshots-videos.html#browser-based-recorder

2021-09-28 17:37:21 - [MESSAGE][PASSED] - Browser is opened with url: 'https://v1-3-0--tc-create-app.netlify.app/'

2021-09-28 17:37:21 - [MESSAGE][PASSED] - Wait for page load successfully

2021-09-28 17:37:21 - [MESSAGE][PASSED] - Current window maximized

2021-09-28 17:37:23 - [MESSAGE][PASSED] - Keys 'elsylambert' sent to object: 'Object Repository/Page_tC Create/input__username'

2021-09-28 17:37:24 - [MESSAGE][PASSED] - Keys 'fatak43' sent to object: 'Object Repository/Page_tC Create/input__password'

2021-09-28 17:37:26 - [MESSAGE][PASSED] - Object: 'Object Repository/Page_tC Create/button_Login' is clicked on

2021-09-28 17:37:27 - [MESSAGE][PASSED] - Delayed 1 second(s)

2021-09-28 17:37:27 - [MESSAGE][PASSED] - Text of object 'Object Repository/Page_tC Create/tcc-version number' is: 'translationCore Create - v1.3.0 build 73-f59f312'

2021-09-28 17:37:27 - [MESSAGE][INFO] - : The current version and build number is translationCore Create - v1.3.0 build 73-f59f312

2021-09-28 17:37:27 - [MESSAGE][PASSED] - com.helper.login.loginhelper.logintoapp is PASSED

2021-09-28 17:37:27 - [TEST_STEP][FAILED] - com.tccreate.keywords.selectOrg.organization(""): com.kms.katalon.core.exception.StepFailedException: Unable to click on object 'Object Repository/Page_tC Create/listOption_organisation_Parmed' (Root cause: com.kms.katalon.core.exception.StepFailedException: Unable to click on object 'Object Repository/Page_tC Create/listOption_organisation_Parmed'
	at com.kms.katalon.core.webui.keyword.internal.WebUIKeywordMain.stepFailed(WebUIKeywordMain.groovy:64)
	at com.kms.katalon.core.webui.keyword.internal.WebUIKeywordMain.runKeyword(WebUIKeywordMain.groovy:26)
	at com.kms.katalon.core.webui.keyword.builtin.ClickKeyword.click(ClickKeyword.groovy:75)
	at com.kms.katalon.core.webui.keyword.builtin.ClickKeyword.execute(ClickKeyword.groovy:42)
	at com.kms.katalon.core.keyword.internal.KeywordExecutor.executeKeywordForPlatform(KeywordExecutor.groovy:74)
	at com.kms.katalon.core.webui.keyword.WebUiBuiltInKeywords.click(WebUiBuiltInKeywords.groovy:620)
	at com.kms.katalon.core.webui.keyword.WebUiBuiltInKeywords$click$3.call(Unknown Source)
	at com.tccreate.keywords.selectOrg.organization(selectOrg.groovy:31)
	at com.tccreate.keywords.selectOrg.invokeMethod(selectOrg.groovy)
	at com.kms.katalon.core.main.CustomKeywordDelegatingMetaClass.invokeStaticMethod(CustomKeywordDelegatingMetaClass.java:50)
	at tN_Add New Resource.run(tN_Add New Resource:29)
	at com.kms.katalon.core.main.ScriptEngine.run(ScriptEngine.java:194)
	at com.kms.katalon.core.main.ScriptEngine.runScriptAsRawText(ScriptEngine.java:119)
	at com.kms.katalon.core.main.TestCaseExecutor.runScript(TestCaseExecutor.java:430)
	at com.kms.katalon.core.main.TestCaseExecutor.doExecute(TestCaseExecutor.java:421)
	at com.kms.katalon.core.main.TestCaseExecutor.processExecutionPhase(TestCaseExecutor.java:400)
	at com.kms.katalon.core.main.TestCaseExecutor.accessMainPhase(TestCaseExecutor.java:392)
	at com.kms.katalon.core.main.TestCaseExecutor.execute(TestCaseExecutor.java:273)
	at com.kms.katalon.core.main.TestSuiteExecutor.accessTestCaseMainPhase(TestSuiteExecutor.java:202)
	at com.kms.katalon.core.main.TestSuiteExecutor.accessTestSuiteMainPhase(TestSuiteExecutor.java:164)
	at com.kms.katalon.core.main.TestSuiteExecutor.execute(TestSuiteExecutor.java:105)
	at com.kms.katalon.core.main.TestCaseMain.startTestSuite(TestCaseMain.java:185)
	at com.kms.katalon.core.main.TestCaseMain$startTestSuite$0.call(Unknown Source)
	at TempTestSuite1632864492590.run(TempTestSuite1632864492590.groovy:36)
Caused by: com.kms.katalon.core.webui.exception.WebElementNotFoundException: Web element with id: 'Object Repository/Page_tC Create/listOption_organisation_Parmed' located by '//*[(starts-with(text(), 'unfoldingWord') or starts-with(., 'unfoldingWord'))]' not found
	at com.kms.katalon.core.webui.common.WebUiCommonHelper.findWebElement(WebUiCommonHelper.java:1368)
	at com.kms.katalon.core.webui.keyword.internal.WebUIAbstractKeyword.findWebElement(WebUIAbstractKeyword.groovy:27)
	at com.kms.katalon.core.webui.keyword.internal.WebUIAbstractKeyword.findWebElement(WebUIAbstractKeyword.groovy:26)
	at com.kms.katalon.core.webui.keyword.builtin.ClickKeyword$_click_closure1.doCall(ClickKeyword.groovy:66)
	at com.kms.katalon.core.webui.keyword.builtin.ClickKeyword$_click_closure1.call(ClickKeyword.groovy)
	at com.kms.katalon.core.webui.keyword.internal.WebUIKeywordMain.runKeyword(WebUIKeywordMain.groovy:20)
	at com.kms.katalon.core.webui.keyword.builtin.ClickKeyword.click(ClickKeyword.groovy:75)
	at com.kms.katalon.core.webui.keyword.builtin.ClickKeyword.execute(ClickKeyword.groovy:42)
	at com.kms.katalon.core.keyword.internal.KeywordExecutor.executeKeywordForPlatform(KeywordExecutor.groovy:74)
	at com.kms.katalon.core.webui.keyword.WebUiBuiltInKeywords.click(WebUiBuiltInKeywords.groovy:620)
	at com.kms.katalon.core.webui.keyword.WebUiBuiltInKeywords$click$3.call(Unknown Source)
	at com.tccreate.keywords.selectOrg.organization(selectOrg.groovy:31)
	at com.tccreate.keywords.selectOrg.invokeMethod(selectOrg.groovy)
	at com.kms.katalon.core.main.CustomKeywordDelegatingMetaClass.invokeStaticMethod(CustomKeywordDelegatingMetaClass.java:50)
	at Script1609194777899.run(Script1609194777899.groovy:29)
	... 13 more
)

2021-09-28 17:37:58 - [MESSAGE][INFO] - Unable to find the element located by 'By.xpath: //*[(starts-with(text(), 'unfoldingWord') or starts-with(., 'unfoldingWord'))]'. Please recheck the objects properties to make sure the desired element is located. 

2021-09-28 17:37:58 - [MESSAGE][FAILED] - Unable to click on object 'Object Repository/Page_tC Create/listOption_organisation_Parmed' (Root cause: com.kms.katalon.core.exception.StepFailedException: Unable to click on object 'Object Repository/Page_tC Create/listOption_organisation_Parmed'
	at com.kms.katalon.core.webui.keyword.internal.WebUIKeywordMain.stepFailed(WebUIKeywordMain.groovy:64)
	at com.kms.katalon.core.webui.keyword.internal.WebUIKeywordMain.runKeyword(WebUIKeywordMain.groovy:26)
	at com.kms.katalon.core.webui.keyword.builtin.ClickKeyword.click(ClickKeyword.groovy:75)
	at com.kms.katalon.core.webui.keyword.builtin.ClickKeyword.execute(ClickKeyword.groovy:42)
	at com.kms.katalon.core.keyword.internal.KeywordExecutor.executeKeywordForPlatform(KeywordExecutor.groovy:74)
	at com.kms.katalon.core.webui.keyword.WebUiBuiltInKeywords.click(WebUiBuiltInKeywords.groovy:620)
	at com.kms.katalon.core.webui.keyword.WebUiBuiltInKeywords$click$3.call(Unknown Source)
	at com.tccreate.keywords.selectOrg.organization(selectOrg.groovy:31)
	at com.tccreate.keywords.selectOrg.invokeMethod(selectOrg.groovy)
	at com.kms.katalon.core.main.CustomKeywordDelegatingMetaClass.invokeStaticMethod(CustomKeywordDelegatingMetaClass.java:50)
	at tN_Add New Resource.run(tN_Add New Resource:29)
	at com.kms.katalon.core.main.ScriptEngine.run(ScriptEngine.java:194)
	at com.kms.katalon.core.main.ScriptEngine.runScriptAsRawText(ScriptEngine.java:119)
	at com.kms.katalon.core.main.TestCaseExecutor.runScript(TestCaseExecutor.java:430)
	at com.kms.katalon.core.main.TestCaseExecutor.doExecute(TestCaseExecutor.java:421)
	at com.kms.katalon.core.main.TestCaseExecutor.processExecutionPhase(TestCaseExecutor.java:400)
	at com.kms.katalon.core.main.TestCaseExecutor.accessMainPhase(TestCaseExecutor.java:392)
	at com.kms.katalon.core.main.TestCaseExecutor.execute(TestCaseExecutor.java:273)
	at com.kms.katalon.core.main.TestSuiteExecutor.accessTestCaseMainPhase(TestSuiteExecutor.java:202)
	at com.kms.katalon.core.main.TestSuiteExecutor.accessTestSuiteMainPhase(TestSuiteExecutor.java:164)
	at com.kms.katalon.core.main.TestSuiteExecutor.execute(TestSuiteExecutor.java:105)
	at com.kms.katalon.core.main.TestCaseMain.startTestSuite(TestCaseMain.java:185)
	at com.kms.katalon.core.main.TestCaseMain$startTestSuite$0.call(Unknown Source)
	at TempTestSuite1632864492590.run(TempTestSuite1632864492590.groovy:36)
Caused by: com.kms.katalon.core.webui.exception.WebElementNotFoundException: Web element with id: 'Object Repository/Page_tC Create/listOption_organisation_Parmed' located by '//*[(starts-with(text(), 'unfoldingWord') or starts-with(., 'unfoldingWord'))]' not found
	at com.kms.katalon.core.webui.common.WebUiCommonHelper.findWebElement(WebUiCommonHelper.java:1368)
	at com.kms.katalon.core.webui.keyword.internal.WebUIAbstractKeyword.findWebElement(WebUIAbstractKeyword.groovy:27)
	at com.kms.katalon.core.webui.keyword.internal.WebUIAbstractKeyword.findWebElement(WebUIAbstractKeyword.groovy:26)
	at com.kms.katalon.core.webui.keyword.builtin.ClickKeyword$_click_closure1.doCall(ClickKeyword.groovy:66)
	at com.kms.katalon.core.webui.keyword.builtin.ClickKeyword$_click_closure1.call(ClickKeyword.groovy)
	at com.kms.katalon.core.webui.keyword.internal.WebUIKeywordMain.runKeyword(WebUIKeywordMain.groovy:20)
	at com.kms.katalon.core.webui.keyword.builtin.ClickKeyword.click(ClickKeyword.groovy:75)
	at com.kms.katalon.core.webui.keyword.builtin.ClickKeyword.execute(ClickKeyword.groovy:42)
	at com.kms.katalon.core.keyword.internal.KeywordExecutor.executeKeywordForPlatform(KeywordExecutor.groovy:74)
	at com.kms.katalon.core.webui.keyword.WebUiBuiltInKeywords.click(WebUiBuiltInKeywords.groovy:620)
	at com.kms.katalon.core.webui.keyword.WebUiBuiltInKeywords$click$3.call(Unknown Source)
	at com.tccreate.keywords.selectOrg.organization(selectOrg.groovy:31)
	at com.tccreate.keywords.selectOrg.invokeMethod(selectOrg.groovy)
	at com.kms.katalon.core.main.CustomKeywordDelegatingMetaClass.invokeStaticMethod(CustomKeywordDelegatingMetaClass.java:50)
	at Script1609194777899.run(Script1609194777899.groovy:29)
	... 13 more
)
[[ATTACHMENT|/Users/elsylitsonlambert/git/tcCreateQA/Reports/20210928_172811/Test Suite1- Regression/20210928_172812/1632865078577.png]]

2021-09-28 17:38:01 - [MESSAGE][WARNING] - No alert found after 2 second(s).

2021-09-28 17:38:01 - [MESSAGE][FAILED] - com.kms.katalon.core.exception.StepFailedException: Unable to click on object 'Object Repository/Page_tC Create/listOption_organisation_Parmed' (Root cause: com.kms.katalon.core.exception.StepFailedException: Unable to click on object 'Object Repository/Page_tC Create/listOption_organisation_Parmed'
	at com.kms.katalon.core.webui.keyword.internal.WebUIKeywordMain.stepFailed(WebUIKeywordMain.groovy:64)
	at com.kms.katalon.core.webui.keyword.internal.WebUIKeywordMain.runKeyword(WebUIKeywordMain.groovy:26)
	at com.kms.katalon.core.webui.keyword.builtin.ClickKeyword.click(ClickKeyword.groovy:75)
	at com.kms.katalon.core.webui.keyword.builtin.ClickKeyword.execute(ClickKeyword.groovy:42)
	at com.kms.katalon.core.keyword.internal.KeywordExecutor.executeKeywordForPlatform(KeywordExecutor.groovy:74)
	at com.kms.katalon.core.webui.keyword.WebUiBuiltInKeywords.click(WebUiBuiltInKeywords.groovy:620)
	at com.kms.katalon.core.webui.keyword.WebUiBuiltInKeywords$click$3.call(Unknown Source)
	at com.tccreate.keywords.selectOrg.organization(selectOrg.groovy:31)
	at com.tccreate.keywords.selectOrg.invokeMethod(selectOrg.groovy)
	at com.kms.katalon.core.main.CustomKeywordDelegatingMetaClass.invokeStaticMethod(CustomKeywordDelegatingMetaClass.java:50)
	at tN_Add New Resource.run(tN_Add New Resource:29)
	at com.kms.katalon.core.main.ScriptEngine.run(ScriptEngine.java:194)
	at com.kms.katalon.core.main.ScriptEngine.runScriptAsRawText(ScriptEngine.java:119)
	at com.kms.katalon.core.main.TestCaseExecutor.runScript(TestCaseExecutor.java:430)
	at com.kms.katalon.core.main.TestCaseExecutor.doExecute(TestCaseExecutor.java:421)
	at com.kms.katalon.core.main.TestCaseExecutor.processExecutionPhase(TestCaseExecutor.java:400)
	at com.kms.katalon.core.main.TestCaseExecutor.accessMainPhase(TestCaseExecutor.java:392)
	at com.kms.katalon.core.main.TestCaseExecutor.execute(TestCaseExecutor.java:273)
	at com.kms.katalon.core.main.TestSuiteExecutor.accessTestCaseMainPhase(TestSuiteExecutor.java:202)
	at com.kms.katalon.core.main.TestSuiteExecutor.accessTestSuiteMainPhase(TestSuiteExecutor.java:164)
	at com.kms.katalon.core.main.TestSuiteExecutor.execute(TestSuiteExecutor.java:105)
	at com.kms.katalon.core.main.TestCaseMain.startTestSuite(TestCaseMain.java:185)
	at com.kms.katalon.core.main.TestCaseMain$startTestSuite$0.call(Unknown Source)
	at TempTestSuite1632864492590.run(TempTestSuite1632864492590.groovy:36)
Caused by: com.kms.katalon.core.webui.exception.WebElementNotFoundException: Web element with id: 'Object Repository/Page_tC Create/listOption_organisation_Parmed' located by '//*[(starts-with(text(), 'unfoldingWord') or starts-with(., 'unfoldingWord'))]' not found
	at com.kms.katalon.core.webui.common.WebUiCommonHelper.findWebElement(WebUiCommonHelper.java:1368)
	at com.kms.katalon.core.webui.keyword.internal.WebUIAbstractKeyword.findWebElement(WebUIAbstractKeyword.groovy:27)
	at com.kms.katalon.core.webui.keyword.internal.WebUIAbstractKeyword.findWebElement(WebUIAbstractKeyword.groovy:26)
	at com.kms.katalon.core.webui.keyword.builtin.ClickKeyword$_click_closure1.doCall(ClickKeyword.groovy:66)
	at com.kms.katalon.core.webui.keyword.builtin.ClickKeyword$_click_closure1.call(ClickKeyword.groovy)
	at com.kms.katalon.core.webui.keyword.internal.WebUIKeywordMain.runKeyword(WebUIKeywordMain.groovy:20)
	at com.kms.katalon.core.webui.keyword.builtin.ClickKeyword.click(ClickKeyword.groovy:75)
	at com.kms.katalon.core.webui.keyword.builtin.ClickKeyword.execute(ClickKeyword.groovy:42)
	at com.kms.katalon.core.keyword.internal.KeywordExecutor.executeKeywordForPlatform(KeywordExecutor.groovy:74)
	at com.kms.katalon.core.webui.keyword.WebUiBuiltInKeywords.click(WebUiBuiltInKeywords.groovy:620)
	at com.kms.katalon.core.webui.keyword.WebUiBuiltInKeywords$click$3.call(Unknown Source)
	at com.tccreate.keywords.selectOrg.organization(selectOrg.groovy:31)
	at com.tccreate.keywords.selectOrg.invokeMethod(selectOrg.groovy)
	at com.kms.katalon.core.main.CustomKeywordDelegatingMetaClass.invokeStaticMethod(CustomKeywordDelegatingMetaClass.java:50)
	at Script1609194777899.run(Script1609194777899.groovy:29)
	... 13 more
)

2021-09-28 17:38:01 - [TEST_STEP][FAILED] - com.tccreate.keywords.selectOrg.resource("unfoldingWordÂ® Translation Notes"): com.kms.katalon.core.exception.StepFailedException: Unable to click on object 'Object Repository/Page_tC Create/resource_Parmed' (Root cause: com.kms.katalon.core.exception.StepFailedException: Unable to click on object 'Object Repository/Page_tC Create/resource_Parmed'
	at com.kms.katalon.core.webui.keyword.internal.WebUIKeywordMain.stepFailed(WebUIKeywordMain.groovy:64)
	at com.kms.katalon.core.webui.keyword.internal.WebUIKeywordMain.runKeyword(WebUIKeywordMain.groovy:26)
	at com.kms.katalon.core.webui.keyword.builtin.ClickKeyword.click(ClickKeyword.groovy:75)
	at com.kms.katalon.core.webui.keyword.builtin.ClickKeyword.execute(ClickKeyword.groovy:42)
	at com.kms.katalon.core.keyword.internal.KeywordExecutor.executeKeywordForPlatform(KeywordExecutor.groovy:74)
	at com.kms.katalon.core.webui.keyword.WebUiBuiltInKeywords.click(WebUiBuiltInKeywords.groovy:620)
	at com.kms.katalon.core.webui.keyword.WebUiBuiltInKeywords$click$3.call(Unknown Source)
	at com.tccreate.keywords.selectOrg.resource(selectOrg.groovy:59)
	at com.tccreate.keywords.selectOrg.invokeMethod(selectOrg.groovy)
	at com.kms.katalon.core.main.CustomKeywordDelegatingMetaClass.invokeStaticMethod(CustomKeywordDelegatingMetaClass.java:50)
	at tN_Add New Resource.run(tN_Add New Resource:31)
	at com.kms.katalon.core.main.ScriptEngine.run(ScriptEngine.java:194)
	at com.kms.katalon.core.main.ScriptEngine.runScriptAsRawText(ScriptEngine.java:119)
	at com.kms.katalon.core.main.TestCaseExecutor.runScript(TestCaseExecutor.java:430)
	at com.kms.katalon.core.main.TestCaseExecutor.doExecute(TestCaseExecutor.java:421)
	at com.kms.katalon.core.main.TestCaseExecutor.processExecutionPhase(TestCaseExecutor.java:400)
	at com.kms.katalon.core.main.TestCaseExecutor.accessMainPhase(TestCaseExecutor.java:392)
	at com.kms.katalon.core.main.TestCaseExecutor.execute(TestCaseExecutor.java:273)
	at com.kms.katalon.core.main.TestSuiteExecutor.accessTestCaseMainPhase(TestSuiteExecutor.java:202)
	at com.kms.katalon.core.main.TestSuiteExecutor.accessTestSuiteMainPhase(TestSuiteExecutor.java:164)
	at com.kms.katalon.core.main.TestSuiteExecutor.execute(TestSuiteExecutor.java:105)
	at com.kms.katalon.core.main.TestCaseMain.startTestSuite(TestCaseMain.java:185)
	at com.kms.katalon.core.main.TestCaseMain$startTestSuite$0.call(Unknown Source)
	at TempTestSuite1632864492590.run(TempTestSuite1632864492590.groovy:36)
Caused by: com.kms.katalon.core.webui.exception.WebElementNotFoundException: Web element with id: 'Object Repository/Page_tC Create/resource_Parmed' located by '//*[(text() = 'unfoldingWordÂ® Translation Notes' or . = 'unfoldingWordÂ® Translation Notes')]' not found
	at com.kms.katalon.core.webui.common.WebUiCommonHelper.findWebElement(WebUiCommonHelper.java:1368)
	at com.kms.katalon.core.webui.keyword.internal.WebUIAbstractKeyword.findWebElement(WebUIAbstractKeyword.groovy:27)
	at com.kms.katalon.core.webui.keyword.internal.WebUIAbstractKeyword.findWebElement(WebUIAbstractKeyword.groovy:26)
	at com.kms.katalon.core.webui.keyword.builtin.ClickKeyword$_click_closure1.doCall(ClickKeyword.groovy:66)
	at com.kms.katalon.core.webui.keyword.builtin.ClickKeyword$_click_closure1.call(ClickKeyword.groovy)
	at com.kms.katalon.core.webui.keyword.internal.WebUIKeywordMain.runKeyword(WebUIKeywordMain.groovy:20)
	at com.kms.katalon.core.webui.keyword.builtin.ClickKeyword.click(ClickKeyword.groovy:75)
	at com.kms.katalon.core.webui.keyword.builtin.ClickKeyword.execute(ClickKeyword.groovy:42)
	at com.kms.katalon.core.keyword.internal.KeywordExecutor.executeKeywordForPlatform(KeywordExecutor.groovy:74)
	at com.kms.katalon.core.webui.keyword.WebUiBuiltInKeywords.click(WebUiBuiltInKeywords.groovy:620)
	at com.kms.katalon.core.webui.keyword.WebUiBuiltInKeywords$click$3.call(Unknown Source)
	at com.tccreate.keywords.selectOrg.resource(selectOrg.groovy:59)
	at com.tccreate.keywords.selectOrg.invokeMethod(selectOrg.groovy)
	at com.kms.katalon.core.main.CustomKeywordDelegatingMetaClass.invokeStaticMethod(CustomKeywordDelegatingMetaClass.java:50)
	at Script1609194777899.run(Script1609194777899.groovy:31)
	... 13 more
)

2021-09-28 17:38:32 - [MESSAGE][INFO] - Unable to find the element located by 'By.xpath: //*[(text() = 'unfoldingWordÂ® Translation Notes' or . = 'unfoldingWordÂ® Translation Notes')]'. Please recheck the objects properties to make sure the desired element is located. 

2021-09-28 17:38:32 - [MESSAGE][FAILED] - Unable to click on object 'Object Repository/Page_tC Create/resource_Parmed' (Root cause: com.kms.katalon.core.exception.StepFailedException: Unable to click on object 'Object Repository/Page_tC Create/resource_Parmed'
	at com.kms.katalon.core.webui.keyword.internal.WebUIKeywordMain.stepFailed(WebUIKeywordMain.groovy:64)
	at com.kms.katalon.core.webui.keyword.internal.WebUIKeywordMain.runKeyword(WebUIKeywordMain.groovy:26)
	at com.kms.katalon.core.webui.keyword.builtin.ClickKeyword.click(ClickKeyword.groovy:75)
	at com.kms.katalon.core.webui.keyword.builtin.ClickKeyword.execute(ClickKeyword.groovy:42)
	at com.kms.katalon.core.keyword.internal.KeywordExecutor.executeKeywordForPlatform(KeywordExecutor.groovy:74)
	at com.kms.katalon.core.webui.keyword.WebUiBuiltInKeywords.click(WebUiBuiltInKeywords.groovy:620)
	at com.kms.katalon.core.webui.keyword.WebUiBuiltInKeywords$click$3.call(Unknown Source)
	at com.tccreate.keywords.selectOrg.resource(selectOrg.groovy:59)
	at com.tccreate.keywords.selectOrg.invokeMethod(selectOrg.groovy)
	at com.kms.katalon.core.main.CustomKeywordDelegatingMetaClass.invokeStaticMethod(CustomKeywordDelegatingMetaClass.java:50)
	at tN_Add New Resource.run(tN_Add New Resource:31)
	at com.kms.katalon.core.main.ScriptEngine.run(ScriptEngine.java:194)
	at com.kms.katalon.core.main.ScriptEngine.runScriptAsRawText(ScriptEngine.java:119)
	at com.kms.katalon.core.main.TestCaseExecutor.runScript(TestCaseExecutor.java:430)
	at com.kms.katalon.core.main.TestCaseExecutor.doExecute(TestCaseExecutor.java:421)
	at com.kms.katalon.core.main.TestCaseExecutor.processExecutionPhase(TestCaseExecutor.java:400)
	at com.kms.katalon.core.main.TestCaseExecutor.accessMainPhase(TestCaseExecutor.java:392)
	at com.kms.katalon.core.main.TestCaseExecutor.execute(TestCaseExecutor.java:273)
	at com.kms.katalon.core.main.TestSuiteExecutor.accessTestCaseMainPhase(TestSuiteExecutor.java:202)
	at com.kms.katalon.core.main.TestSuiteExecutor.accessTestSuiteMainPhase(TestSuiteExecutor.java:164)
	at com.kms.katalon.core.main.TestSuiteExecutor.execute(TestSuiteExecutor.java:105)
	at com.kms.katalon.core.main.TestCaseMain.startTestSuite(TestCaseMain.java:185)
	at com.kms.katalon.core.main.TestCaseMain$startTestSuite$0.call(Unknown Source)
	at TempTestSuite1632864492590.run(TempTestSuite1632864492590.groovy:36)
Caused by: com.kms.katalon.core.webui.exception.WebElementNotFoundException: Web element with id: 'Object Repository/Page_tC Create/resource_Parmed' located by '//*[(text() = 'unfoldingWordÂ® Translation Notes' or . = 'unfoldingWordÂ® Translation Notes')]' not found
	at com.kms.katalon.core.webui.common.WebUiCommonHelper.findWebElement(WebUiCommonHelper.java:1368)
	at com.kms.katalon.core.webui.keyword.internal.WebUIAbstractKeyword.findWebElement(WebUIAbstractKeyword.groovy:27)
	at com.kms.katalon.core.webui.keyword.internal.WebUIAbstractKeyword.findWebElement(WebUIAbstractKeyword.groovy:26)
	at com.kms.katalon.core.webui.keyword.builtin.ClickKeyword$_click_closure1.doCall(ClickKeyword.groovy:66)
	at com.kms.katalon.core.webui.keyword.builtin.ClickKeyword$_click_closure1.call(ClickKeyword.groovy)
	at com.kms.katalon.core.webui.keyword.internal.WebUIKeywordMain.runKeyword(WebUIKeywordMain.groovy:20)
	at com.kms.katalon.core.webui.keyword.builtin.ClickKeyword.click(ClickKeyword.groovy:75)
	at com.kms.katalon.core.webui.keyword.builtin.ClickKeyword.execute(ClickKeyword.groovy:42)
	at com.kms.katalon.core.keyword.internal.KeywordExecutor.executeKeywordForPlatform(KeywordExecutor.groovy:74)
	at com.kms.katalon.core.webui.keyword.WebUiBuiltInKeywords.click(WebUiBuiltInKeywords.groovy:620)
	at com.kms.katalon.core.webui.keyword.WebUiBuiltInKeywords$click$3.call(Unknown Source)
	at com.tccreate.keywords.selectOrg.resource(selectOrg.groovy:59)
	at com.tccreate.keywords.selectOrg.invokeMethod(selectOrg.groovy)
	at com.kms.katalon.core.main.CustomKeywordDelegatingMetaClass.invokeStaticMethod(CustomKeywordDelegatingMetaClass.java:50)
	at Script1609194777899.run(Script1609194777899.groovy:31)
	... 13 more
)
[[ATTACHMENT|/Users/elsylitsonlambert/git/tcCreateQA/Reports/20210928_172811/Test Suite1- Regression/20210928_172812/1632865112057.png]]

2021-09-28 17:38:32 - [MESSAGE][FAILED] - com.kms.katalon.core.exception.StepFailedException: Unable to click on object 'Object Repository/Page_tC Create/resource_Parmed' (Root cause: com.kms.katalon.core.exception.StepFailedException: Unable to click on object 'Object Repository/Page_tC Create/resource_Parmed'
	at com.kms.katalon.core.webui.keyword.internal.WebUIKeywordMain.stepFailed(WebUIKeywordMain.groovy:64)
	at com.kms.katalon.core.webui.keyword.internal.WebUIKeywordMain.runKeyword(WebUIKeywordMain.groovy:26)
	at com.kms.katalon.core.webui.keyword.builtin.ClickKeyword.click(ClickKeyword.groovy:75)
	at com.kms.katalon.core.webui.keyword.builtin.ClickKeyword.execute(ClickKeyword.groovy:42)
	at com.kms.katalon.core.keyword.internal.KeywordExecutor.executeKeywordForPlatform(KeywordExecutor.groovy:74)
	at com.kms.katalon.core.webui.keyword.WebUiBuiltInKeywords.click(WebUiBuiltInKeywords.groovy:620)
	at com.kms.katalon.core.webui.keyword.WebUiBuiltInKeywords$click$3.call(Unknown Source)
	at com.tccreate.keywords.selectOrg.resource(selectOrg.groovy:59)
	at com.tccreate.keywords.selectOrg.invokeMethod(selectOrg.groovy)
	at com.kms.katalon.core.main.CustomKeywordDelegatingMetaClass.invokeStaticMethod(CustomKeywordDelegatingMetaClass.java:50)
	at tN_Add New Resource.run(tN_Add New Resource:31)
	at com.kms.katalon.core.main.ScriptEngine.run(ScriptEngine.java:194)
	at com.kms.katalon.core.main.ScriptEngine.runScriptAsRawText(ScriptEngine.java:119)
	at com.kms.katalon.core.main.TestCaseExecutor.runScript(TestCaseExecutor.java:430)
	at com.kms.katalon.core.main.TestCaseExecutor.doExecute(TestCaseExecutor.java:421)
	at com.kms.katalon.core.main.TestCaseExecutor.processExecutionPhase(TestCaseExecutor.java:400)
	at com.kms.katalon.core.main.TestCaseExecutor.accessMainPhase(TestCaseExecutor.java:392)
	at com.kms.katalon.core.main.TestCaseExecutor.execute(TestCaseExecutor.java:273)
	at com.kms.katalon.core.main.TestSuiteExecutor.accessTestCaseMainPhase(TestSuiteExecutor.java:202)
	at com.kms.katalon.core.main.TestSuiteExecutor.accessTestSuiteMainPhase(TestSuiteExecutor.java:164)
	at com.kms.katalon.core.main.TestSuiteExecutor.execute(TestSuiteExecutor.java:105)
	at com.kms.katalon.core.main.TestCaseMain.startTestSuite(TestCaseMain.java:185)
	at com.kms.katalon.core.main.TestCaseMain$startTestSuite$0.call(Unknown Source)
	at TempTestSuite1632864492590.run(TempTestSuite1632864492590.groovy:36)
Caused by: com.kms.katalon.core.webui.exception.WebElementNotFoundException: Web element with id: 'Object Repository/Page_tC Create/resource_Parmed' located by '//*[(text() = 'unfoldingWordÂ® Translation Notes' or . = 'unfoldingWordÂ® Translation Notes')]' not found
	at com.kms.katalon.core.webui.common.WebUiCommonHelper.findWebElement(WebUiCommonHelper.java:1368)
	at com.kms.katalon.core.webui.keyword.internal.WebUIAbstractKeyword.findWebElement(WebUIAbstractKeyword.groovy:27)
	at com.kms.katalon.core.webui.keyword.internal.WebUIAbstractKeyword.findWebElement(WebUIAbstractKeyword.groovy:26)
	at com.kms.katalon.core.webui.keyword.builtin.ClickKeyword$_click_closure1.doCall(ClickKeyword.groovy:66)
	at com.kms.katalon.core.webui.keyword.builtin.ClickKeyword$_click_closure1.call(ClickKeyword.groovy)
	at com.kms.katalon.core.webui.keyword.internal.WebUIKeywordMain.runKeyword(WebUIKeywordMain.groovy:20)
	at com.kms.katalon.core.webui.keyword.builtin.ClickKeyword.click(ClickKeyword.groovy:75)
	at com.kms.katalon.core.webui.keyword.builtin.ClickKeyword.execute(ClickKeyword.groovy:42)
	at com.kms.katalon.core.keyword.internal.KeywordExecutor.executeKeywordForPlatform(KeywordExecutor.groovy:74)
	at com.kms.katalon.core.webui.keyword.WebUiBuiltInKeywords.click(WebUiBuiltInKeywords.groovy:620)
	at com.kms.katalon.core.webui.keyword.WebUiBuiltInKeywords$click$3.call(Unknown Source)
	at com.tccreate.keywords.selectOrg.resource(selectOrg.groovy:59)
	at com.tccreate.keywords.selectOrg.invokeMethod(selectOrg.groovy)
	at com.kms.katalon.core.main.CustomKeywordDelegatingMetaClass.invokeStaticMethod(CustomKeywordDelegatingMetaClass.java:50)
	at Script1609194777899.run(Script1609194777899.groovy:31)
	... 13 more
)

2021-09-28 17:38:32 - [TEST_STEP][FAILED] - com.tccreate.keywords.selectOrg.language(""): com.kms.katalon.core.exception.StepFailedException: Unable to click on object 'Object Repository/Page_tC Create/combo_Select Language' (Root cause: com.kms.katalon.core.exception.StepFailedException: Unable to click on object 'Object Repository/Page_tC Create/combo_Select Language'
	at com.kms.katalon.core.webui.keyword.internal.WebUIKeywordMain.stepFailed(WebUIKeywordMain.groovy:64)
	at com.kms.katalon.core.webui.keyword.internal.WebUIKeywordMain.runKeyword(WebUIKeywordMain.groovy:26)
	at com.kms.katalon.core.webui.keyword.builtin.ClickKeyword.click(ClickKeyword.groovy:75)
	at com.kms.katalon.core.webui.keyword.builtin.ClickKeyword.execute(ClickKeyword.groovy:42)
	at com.kms.katalon.core.keyword.internal.KeywordExecutor.executeKeywordForPlatform(KeywordExecutor.groovy:74)
	at com.kms.katalon.core.webui.keyword.WebUiBuiltInKeywords.click(WebUiBuiltInKeywords.groovy:620)
	at com.kms.katalon.core.webui.keyword.WebUiBuiltInKeywords$click$3.call(Unknown Source)
	at com.tccreate.keywords.selectOrg.language(selectOrg.groovy:52)
	at com.tccreate.keywords.selectOrg.invokeMethod(selectOrg.groovy)
	at com.kms.katalon.core.main.CustomKeywordDelegatingMetaClass.invokeStaticMethod(CustomKeywordDelegatingMetaClass.java:50)
	at tN_Add New Resource.run(tN_Add New Resource:32)
	at com.kms.katalon.core.main.ScriptEngine.run(ScriptEngine.java:194)
	at com.kms.katalon.core.main.ScriptEngine.runScriptAsRawText(ScriptEngine.java:119)
	at com.kms.katalon.core.main.TestCaseExecutor.runScript(TestCaseExecutor.java:430)
	at com.kms.katalon.core.main.TestCaseExecutor.doExecute(TestCaseExecutor.java:421)
	at com.kms.katalon.core.main.TestCaseExecutor.processExecutionPhase(TestCaseExecutor.java:400)
	at com.kms.katalon.core.main.TestCaseExecutor.accessMainPhase(TestCaseExecutor.java:392)
	at com.kms.katalon.core.main.TestCaseExecutor.execute(TestCaseExecutor.java:273)
	at com.kms.katalon.core.main.TestSuiteExecutor.accessTestCaseMainPhase(TestSuiteExecutor.java:202)
	at com.kms.katalon.core.main.TestSuiteExecutor.accessTestSuiteMainPhase(TestSuiteExecutor.java:164)
	at com.kms.katalon.core.main.TestSuiteExecutor.execute(TestSuiteExecutor.java:105)
	at com.kms.katalon.core.main.TestCaseMain.startTestSuite(TestCaseMain.java:185)
	at com.kms.katalon.core.main.TestCaseMain$startTestSuite$0.call(Unknown Source)
	at TempTestSuite1632864492590.run(TempTestSuite1632864492590.groovy:36)
Caused by: com.kms.katalon.core.webui.exception.WebElementNotFoundException: Web element with id: 'Object Repository/Page_tC Create/combo_Select Language' located by '//div[@id='root']/div/div/div/div/div[2]/div/div/div/div/div/div/div/p' not found
	at com.kms.katalon.core.webui.common.WebUiCommonHelper.findWebElement(WebUiCommonHelper.java:1368)
	at com.kms.katalon.core.webui.keyword.internal.WebUIAbstractKeyword.findWebElement(WebUIAbstractKeyword.groovy:27)
	at com.kms.katalon.core.webui.keyword.internal.WebUIAbstractKeyword.findWebElement(WebUIAbstractKeyword.groovy:26)
	at com.kms.katalon.core.webui.keyword.builtin.ClickKeyword$_click_closure1.doCall(ClickKeyword.groovy:66)
	at com.kms.katalon.core.webui.keyword.builtin.ClickKeyword$_click_closure1.call(ClickKeyword.groovy)
	at com.kms.katalon.core.webui.keyword.internal.WebUIKeywordMain.runKeyword(WebUIKeywordMain.groovy:20)
	at com.kms.katalon.core.webui.keyword.builtin.ClickKeyword.click(ClickKeyword.groovy:75)
	at com.kms.katalon.core.webui.keyword.builtin.ClickKeyword.execute(ClickKeyword.groovy:42)
	at com.kms.katalon.core.keyword.internal.KeywordExecutor.executeKeywordForPlatform(KeywordExecutor.groovy:74)
	at com.kms.katalon.core.webui.keyword.WebUiBuiltInKeywords.click(WebUiBuiltInKeywords.groovy:620)
	at com.kms.katalon.core.webui.keyword.WebUiBuiltInKeywords$click$3.call(Unknown Source)
	at com.tccreate.keywords.selectOrg.language(selectOrg.groovy:52)
	at com.tccreate.keywords.selectOrg.invokeMethod(selectOrg.groovy)
	at com.kms.katalon.core.main.CustomKeywordDelegatingMetaClass.invokeStaticMethod(CustomKeywordDelegatingMetaClass.java:50)
	at Script1609194777899.run(Script1609194777899.groovy:32)
	... 13 more
)

2021-09-28 17:39:03 - [MESSAGE][INFO] - Unable to find the element located by 'By.xpath: //div[@id='root']/div/div/div/div/div[2]/div/div/div/div/div/div/div/p'. Please recheck the objects properties to make sure the desired element is located. 

2021-09-28 17:39:03 - [MESSAGE][FAILED] - Unable to click on object 'Object Repository/Page_tC Create/combo_Select Language' (Root cause: com.kms.katalon.core.exception.StepFailedException: Unable to click on object 'Object Repository/Page_tC Create/combo_Select Language'
	at com.kms.katalon.core.webui.keyword.internal.WebUIKeywordMain.stepFailed(WebUIKeywordMain.groovy:64)
	at com.kms.katalon.core.webui.keyword.internal.WebUIKeywordMain.runKeyword(WebUIKeywordMain.groovy:26)
	at com.kms.katalon.core.webui.keyword.builtin.ClickKeyword.click(ClickKeyword.groovy:75)
	at com.kms.katalon.core.webui.keyword.builtin.ClickKeyword.execute(ClickKeyword.groovy:42)
	at com.kms.katalon.core.keyword.internal.KeywordExecutor.executeKeywordForPlatform(KeywordExecutor.groovy:74)
	at com.kms.katalon.core.webui.keyword.WebUiBuiltInKeywords.click(WebUiBuiltInKeywords.groovy:620)
	at com.kms.katalon.core.webui.keyword.WebUiBuiltInKeywords$click$3.call(Unknown Source)
	at com.tccreate.keywords.selectOrg.language(selectOrg.groovy:52)
	at com.tccreate.keywords.selectOrg.invokeMethod(selectOrg.groovy)
	at com.kms.katalon.core.main.CustomKeywordDelegatingMetaClass.invokeStaticMethod(CustomKeywordDelegatingMetaClass.java:50)
	at tN_Add New Resource.run(tN_Add New Resource:32)
	at com.kms.katalon.core.main.ScriptEngine.run(ScriptEngine.java:194)
	at com.kms.katalon.core.main.ScriptEngine.runScriptAsRawText(ScriptEngine.java:119)
	at com.kms.katalon.core.main.TestCaseExecutor.runScript(TestCaseExecutor.java:430)
	at com.kms.katalon.core.main.TestCaseExecutor.doExecute(TestCaseExecutor.java:421)
	at com.kms.katalon.core.main.TestCaseExecutor.processExecutionPhase(TestCaseExecutor.java:400)
	at com.kms.katalon.core.main.TestCaseExecutor.accessMainPhase(TestCaseExecutor.java:392)
	at com.kms.katalon.core.main.TestCaseExecutor.execute(TestCaseExecutor.java:273)
	at com.kms.katalon.core.main.TestSuiteExecutor.accessTestCaseMainPhase(TestSuiteExecutor.java:202)
	at com.kms.katalon.core.main.TestSuiteExecutor.accessTestSuiteMainPhase(TestSuiteExecutor.java:164)
	at com.kms.katalon.core.main.TestSuiteExecutor.execute(TestSuiteExecutor.java:105)
	at com.kms.katalon.core.main.TestCaseMain.startTestSuite(TestCaseMain.java:185)
	at com.kms.katalon.core.main.TestCaseMain$startTestSuite$0.call(Unknown Source)
	at TempTestSuite1632864492590.run(TempTestSuite1632864492590.groovy:36)
Caused by: com.kms.katalon.core.webui.exception.WebElementNotFoundException: Web element with id: 'Object Repository/Page_tC Create/combo_Select Language' located by '//div[@id='root']/div/div/div/div/div[2]/div/div/div/div/div/div/div/p' not found
	at com.kms.katalon.core.webui.common.WebUiCommonHelper.findWebElement(WebUiCommonHelper.java:1368)
	at com.kms.katalon.core.webui.keyword.internal.WebUIAbstractKeyword.findWebElement(WebUIAbstractKeyword.groovy:27)
	at com.kms.katalon.core.webui.keyword.internal.WebUIAbstractKeyword.findWebElement(WebUIAbstractKeyword.groovy:26)
	at com.kms.katalon.core.webui.keyword.builtin.ClickKeyword$_click_closure1.doCall(ClickKeyword.groovy:66)
	at com.kms.katalon.core.webui.keyword.builtin.ClickKeyword$_click_closure1.call(ClickKeyword.groovy)
	at com.kms.katalon.core.webui.keyword.internal.WebUIKeywordMain.runKeyword(WebUIKeywordMain.groovy:20)
	at com.kms.katalon.core.webui.keyword.builtin.ClickKeyword.click(ClickKeyword.groovy:75)
	at com.kms.katalon.core.webui.keyword.builtin.ClickKeyword.execute(ClickKeyword.groovy:42)
	at com.kms.katalon.core.keyword.internal.KeywordExecutor.executeKeywordForPlatform(KeywordExecutor.groovy:74)
	at com.kms.katalon.core.webui.keyword.WebUiBuiltInKeywords.click(WebUiBuiltInKeywords.groovy:620)
	at com.kms.katalon.core.webui.keyword.WebUiBuiltInKeywords$click$3.call(Unknown Source)
	at com.tccreate.keywords.selectOrg.language(selectOrg.groovy:52)
	at com.tccreate.keywords.selectOrg.invokeMethod(selectOrg.groovy)
	at com.kms.katalon.core.main.CustomKeywordDelegatingMetaClass.invokeStaticMethod(CustomKeywordDelegatingMetaClass.java:50)
	at Script1609194777899.run(Script1609194777899.groovy:32)
	... 13 more
)
[[ATTACHMENT|/Users/elsylitsonlambert/git/tcCreateQA/Reports/20210928_172811/Test Suite1- Regression/20210928_172812/1632865143479.png]]

2021-09-28 17:39:35 - [MESSAGE][INFO] - Unable to find the element located by 'By.xpath: //*[(starts-with(text(), 'en -') or starts-with(., 'en -'))]'. Please recheck the objects properties to make sure the desired element is located. 

2021-09-28 17:39:35 - [MESSAGE][FAILED] - Unable to click on object 'Object Repository/Page_tC Create/listOption_Language_Parmed' (Root cause: com.kms.katalon.core.exception.StepFailedException: Unable to click on object 'Object Repository/Page_tC Create/listOption_Language_Parmed'
	at com.kms.katalon.core.webui.keyword.internal.WebUIKeywordMain.stepFailed(WebUIKeywordMain.groovy:64)
	at com.kms.katalon.core.webui.keyword.internal.WebUIKeywordMain.runKeyword(WebUIKeywordMain.groovy:26)
	at com.kms.katalon.core.webui.keyword.builtin.ClickKeyword.click(ClickKeyword.groovy:75)
	at com.kms.katalon.core.webui.keyword.builtin.ClickKeyword.execute(ClickKeyword.groovy:42)
	at com.kms.katalon.core.keyword.internal.KeywordExecutor.executeKeywordForPlatform(KeywordExecutor.groovy:74)
	at com.kms.katalon.core.webui.keyword.WebUiBuiltInKeywords.click(WebUiBuiltInKeywords.groovy:620)
	at com.kms.katalon.core.webui.keyword.WebUiBuiltInKeywords$click$3.call(Unknown Source)
	at com.tccreate.keywords.selectOrg.language(selectOrg.groovy:54)
	at com.tccreate.keywords.selectOrg.invokeMethod(selectOrg.groovy)
	at com.kms.katalon.core.main.CustomKeywordDelegatingMetaClass.invokeStaticMethod(CustomKeywordDelegatingMetaClass.java:50)
	at tN_Add New Resource.run(tN_Add New Resource:32)
	at com.kms.katalon.core.main.ScriptEngine.run(ScriptEngine.java:194)
	at com.kms.katalon.core.main.ScriptEngine.runScriptAsRawText(ScriptEngine.java:119)
	at com.kms.katalon.core.main.TestCaseExecutor.runScript(TestCaseExecutor.java:430)
	at com.kms.katalon.core.main.TestCaseExecutor.doExecute(TestCaseExecutor.java:421)
	at com.kms.katalon.core.main.TestCaseExecutor.processExecutionPhase(TestCaseExecutor.java:400)
	at com.kms.katalon.core.main.TestCaseExecutor.accessMainPhase(TestCaseExecutor.java:392)
	at com.kms.katalon.core.main.TestCaseExecutor.execute(TestCaseExecutor.java:273)
	at com.kms.katalon.core.main.TestSuiteExecutor.accessTestCaseMainPhase(TestSuiteExecutor.java:202)
	at com.kms.katalon.core.main.TestSuiteExecutor.accessTestSuiteMainPhase(TestSuiteExecutor.java:164)
	at com.kms.katalon.core.main.TestSuiteExecutor.execute(TestSuiteExecutor.java:105)
	at com.kms.katalon.core.main.TestCaseMain.startTestSuite(TestCaseMain.java:185)
	at com.kms.katalon.core.main.TestCaseMain$startTestSuite$0.call(Unknown Source)
	at TempTestSuite1632864492590.run(TempTestSuite1632864492590.groovy:36)
Caused by: com.kms.katalon.core.webui.exception.WebElementNotFoundException: Web element with id: 'Object Repository/Page_tC Create/listOption_Language_Parmed' located by '//*[(starts-with(text(), 'en -') or starts-with(., 'en -'))]' not found
	at com.kms.katalon.core.webui.common.WebUiCommonHelper.findWebElement(WebUiCommonHelper.java:1368)
	at com.kms.katalon.core.webui.keyword.internal.WebUIAbstractKeyword.findWebElement(WebUIAbstractKeyword.groovy:27)
	at com.kms.katalon.core.webui.keyword.internal.WebUIAbstractKeyword.findWebElement(WebUIAbstractKeyword.groovy:26)
	at com.kms.katalon.core.webui.keyword.builtin.ClickKeyword$_click_closure1.doCall(ClickKeyword.groovy:66)
	at com.kms.katalon.core.webui.keyword.builtin.ClickKeyword$_click_closure1.call(ClickKeyword.groovy)
	at com.kms.katalon.core.webui.keyword.internal.WebUIKeywordMain.runKeyword(WebUIKeywordMain.groovy:20)
	at com.kms.katalon.core.webui.keyword.builtin.ClickKeyword.click(ClickKeyword.groovy:75)
	at com.kms.katalon.core.webui.keyword.builtin.ClickKeyword.execute(ClickKeyword.groovy:42)
	at com.kms.katalon.core.keyword.internal.KeywordExecutor.executeKeywordForPlatform(KeywordExecutor.groovy:74)
	at com.kms.katalon.core.webui.keyword.WebUiBuiltInKeywords.click(WebUiBuiltInKeywords.groovy:620)
	at com.kms.katalon.core.webui.keyword.WebUiBuiltInKeywords$click$3.call(Unknown Source)
	at com.tccreate.keywords.selectOrg.language(selectOrg.groovy:54)
	at com.tccreate.keywords.selectOrg.invokeMethod(selectOrg.groovy)
	at com.kms.katalon.core.main.CustomKeywordDelegatingMetaClass.invokeStaticMethod(CustomKeywordDelegatingMetaClass.java:50)
	at Script1609194777899.run(Script1609194777899.groovy:32)
	... 13 more
)
[[ATTACHMENT|/Users/elsylitsonlambert/git/tcCreateQA/Reports/20210928_172811/Test Suite1- Regression/20210928_172812/1632865175189.png]]

2021-09-28 17:39:35 - [MESSAGE][FAILED] - com.kms.katalon.core.exception.StepFailedException: Unable to click on object 'Object Repository/Page_tC Create/combo_Select Language' (Root cause: com.kms.katalon.core.exception.StepFailedException: Unable to click on object 'Object Repository/Page_tC Create/combo_Select Language'
	at com.kms.katalon.core.webui.keyword.internal.WebUIKeywordMain.stepFailed(WebUIKeywordMain.groovy:64)
	at com.kms.katalon.core.webui.keyword.internal.WebUIKeywordMain.runKeyword(WebUIKeywordMain.groovy:26)
	at com.kms.katalon.core.webui.keyword.builtin.ClickKeyword.click(ClickKeyword.groovy:75)
	at com.kms.katalon.core.webui.keyword.builtin.ClickKeyword.execute(ClickKeyword.groovy:42)
	at com.kms.katalon.core.keyword.internal.KeywordExecutor.executeKeywordForPlatform(KeywordExecutor.groovy:74)
	at com.kms.katalon.core.webui.keyword.WebUiBuiltInKeywords.click(WebUiBuiltInKeywords.groovy:620)
	at com.kms.katalon.core.webui.keyword.WebUiBuiltInKeywords$click$3.call(Unknown Source)
	at com.tccreate.keywords.selectOrg.language(selectOrg.groovy:52)
	at com.tccreate.keywords.selectOrg.invokeMethod(selectOrg.groovy)
	at com.kms.katalon.core.main.CustomKeywordDelegatingMetaClass.invokeStaticMethod(CustomKeywordDelegatingMetaClass.java:50)
	at tN_Add New Resource.run(tN_Add New Resource:32)
	at com.kms.katalon.core.main.ScriptEngine.run(ScriptEngine.java:194)
	at com.kms.katalon.core.main.ScriptEngine.runScriptAsRawText(ScriptEngine.java:119)
	at com.kms.katalon.core.main.TestCaseExecutor.runScript(TestCaseExecutor.java:430)
	at com.kms.katalon.core.main.TestCaseExecutor.doExecute(TestCaseExecutor.java:421)
	at com.kms.katalon.core.main.TestCaseExecutor.processExecutionPhase(TestCaseExecutor.java:400)
	at com.kms.katalon.core.main.TestCaseExecutor.accessMainPhase(TestCaseExecutor.java:392)
	at com.kms.katalon.core.main.TestCaseExecutor.execute(TestCaseExecutor.java:273)
	at com.kms.katalon.core.main.TestSuiteExecutor.accessTestCaseMainPhase(TestSuiteExecutor.java:202)
	at com.kms.katalon.core.main.TestSuiteExecutor.accessTestSuiteMainPhase(TestSuiteExecutor.java:164)
	at com.kms.katalon.core.main.TestSuiteExecutor.execute(TestSuiteExecutor.java:105)
	at com.kms.katalon.core.main.TestCaseMain.startTestSuite(TestCaseMain.java:185)
	at com.kms.katalon.core.main.TestCaseMain$startTestSuite$0.call(Unknown Source)
	at TempTestSuite1632864492590.run(TempTestSuite1632864492590.groovy:36)
Caused by: com.kms.katalon.core.webui.exception.WebElementNotFoundException: Web element with id: 'Object Repository/Page_tC Create/combo_Select Language' located by '//div[@id='root']/div/div/div/div/div[2]/div/div/div/div/div/div/div/p' not found
	at com.kms.katalon.core.webui.common.WebUiCommonHelper.findWebElement(WebUiCommonHelper.java:1368)
	at com.kms.katalon.core.webui.keyword.internal.WebUIAbstractKeyword.findWebElement(WebUIAbstractKeyword.groovy:27)
	at com.kms.katalon.core.webui.keyword.internal.WebUIAbstractKeyword.findWebElement(WebUIAbstractKeyword.groovy:26)
	at com.kms.katalon.core.webui.keyword.builtin.ClickKeyword$_click_closure1.doCall(ClickKeyword.groovy:66)
	at com.kms.katalon.core.webui.keyword.builtin.ClickKeyword$_click_closure1.call(ClickKeyword.groovy)
	at com.kms.katalon.core.webui.keyword.internal.WebUIKeywordMain.runKeyword(WebUIKeywordMain.groovy:20)
	at com.kms.katalon.core.webui.keyword.builtin.ClickKeyword.click(ClickKeyword.groovy:75)
	at com.kms.katalon.core.webui.keyword.builtin.ClickKeyword.execute(ClickKeyword.groovy:42)
	at com.kms.katalon.core.keyword.internal.KeywordExecutor.executeKeywordForPlatform(KeywordExecutor.groovy:74)
	at com.kms.katalon.core.webui.keyword.WebUiBuiltInKeywords.click(WebUiBuiltInKeywords.groovy:620)
	at com.kms.katalon.core.webui.keyword.WebUiBuiltInKeywords$click$3.call(Unknown Source)
	at com.tccreate.keywords.selectOrg.language(selectOrg.groovy:52)
	at com.tccreate.keywords.selectOrg.invokeMethod(selectOrg.groovy)
	at com.kms.katalon.core.main.CustomKeywordDelegatingMetaClass.invokeStaticMethod(CustomKeywordDelegatingMetaClass.java:50)
	at Script1609194777899.run(Script1609194777899.groovy:32)
	... 13 more
)

2021-09-28 17:39:35 - [TEST_STEP][FAILED] - click(findTestObject("Page_tC Create/Add new resource objects/span_en_tn_57-TIT.tsv")): Unable to click on object 'Object Repository/Page_tC Create/Add new resource objects/span_en_tn_57-TIT.tsv' (Root cause: com.kms.katalon.core.exception.StepFailedException: Unable to click on object 'Object Repository/Page_tC Create/Add new resource objects/span_en_tn_57-TIT.tsv'
	at com.kms.katalon.core.webui.keyword.internal.WebUIKeywordMain.stepFailed(WebUIKeywordMain.groovy:64)
	at com.kms.katalon.core.webui.keyword.internal.WebUIKeywordMain.runKeyword(WebUIKeywordMain.groovy:26)
	at com.kms.katalon.core.webui.keyword.builtin.ClickKeyword.click(ClickKeyword.groovy:75)
	at com.kms.katalon.core.webui.keyword.builtin.ClickKeyword.execute(ClickKeyword.groovy:42)
	at com.kms.katalon.core.keyword.internal.KeywordExecutor.executeKeywordForPlatform(KeywordExecutor.groovy:74)
	at com.kms.katalon.core.webui.keyword.WebUiBuiltInKeywords.click(WebUiBuiltInKeywords.groovy:620)
	at com.kms.katalon.core.webui.keyword.WebUiBuiltInKeywords$click$3.call(Unknown Source)
	at tN_Add New Resource.run(tN_Add New Resource:35)
	at com.kms.katalon.core.main.ScriptEngine.run(ScriptEngine.java:194)
	at com.kms.katalon.core.main.ScriptEngine.runScriptAsRawText(ScriptEngine.java:119)
	at com.kms.katalon.core.main.TestCaseExecutor.runScript(TestCaseExecutor.java:430)
	at com.kms.katalon.core.main.TestCaseExecutor.doExecute(TestCaseExecutor.java:421)
	at com.kms.katalon.core.main.TestCaseExecutor.processExecutionPhase(TestCaseExecutor.java:400)
	at com.kms.katalon.core.main.TestCaseExecutor.accessMainPhase(TestCaseExecutor.java:392)
	at com.kms.katalon.core.main.TestCaseExecutor.execute(TestCaseExecutor.java:273)
	at com.kms.katalon.core.main.TestSuiteExecutor.accessTestCaseMainPhase(TestSuiteExecutor.java:202)
	at com.kms.katalon.core.main.TestSuiteExecutor.accessTestSuiteMainPhase(TestSuiteExecutor.java:164)
	at com.kms.katalon.core.main.TestSuiteExecutor.execute(TestSuiteExecutor.java:105)
	at com.kms.katalon.core.main.TestCaseMain.startTestSuite(TestCaseMain.java:185)
	at com.kms.katalon.core.main.TestCaseMain$startTestSuite$0.call(Unknown Source)
	at TempTestSuite1632864492590.run(TempTestSuite1632864492590.groovy:36)
Caused by: com.kms.katalon.core.webui.exception.WebElementNotFoundException: Web element with id: 'Object Repository/Page_tC Create/Add new resource objects/span_en_tn_57-TIT.tsv' located by '//*[(text() = 'en_tn_57-TIT.tsv' or . = 'en_tn_57-TIT.tsv')]' not found
	at com.kms.katalon.core.webui.common.WebUiCommonHelper.findWebElement(WebUiCommonHelper.java:1368)
	at com.kms.katalon.core.webui.keyword.internal.WebUIAbstractKeyword.findWebElement(WebUIAbstractKeyword.groovy:27)
	at com.kms.katalon.core.webui.keyword.internal.WebUIAbstractKeyword.findWebElement(WebUIAbstractKeyword.groovy:26)
	at com.kms.katalon.core.webui.keyword.builtin.ClickKeyword$_click_closure1.doCall(ClickKeyword.groovy:66)
	at com.kms.katalon.core.webui.keyword.builtin.ClickKeyword$_click_closure1.call(ClickKeyword.groovy)
	at com.kms.katalon.core.webui.keyword.internal.WebUIKeywordMain.runKeyword(WebUIKeywordMain.groovy:20)
	at com.kms.katalon.core.webui.keyword.builtin.ClickKeyword.click(ClickKeyword.groovy:75)
	at com.kms.katalon.core.webui.keyword.builtin.ClickKeyword.execute(ClickKeyword.groovy:42)
	at com.kms.katalon.core.keyword.internal.KeywordExecutor.executeKeywordForPlatform(KeywordExecutor.groovy:74)
	at com.kms.katalon.core.webui.keyword.WebUiBuiltInKeywords.click(WebUiBuiltInKeywords.groovy:620)
	at com.kms.katalon.core.webui.keyword.WebUiBuiltInKeywords$click$3.call(Unknown Source)
	at Script1609194777899.run(Script1609194777899.groovy:35)
	... 13 more
)

2021-09-28 17:40:06 - [MESSAGE][INFO] - Unable to find the element located by 'By.xpath: //*[(text() = 'en_tn_57-TIT.tsv' or . = 'en_tn_57-TIT.tsv')]'. Please recheck the objects properties to make sure the desired element is located. 

2021-09-28 17:40:06 - [MESSAGE][FAILED] - Unable to click on object 'Object Repository/Page_tC Create/Add new resource objects/span_en_tn_57-TIT.tsv' (Root cause: com.kms.katalon.core.exception.StepFailedException: Unable to click on object 'Object Repository/Page_tC Create/Add new resource objects/span_en_tn_57-TIT.tsv'
	at com.kms.katalon.core.webui.keyword.internal.WebUIKeywordMain.stepFailed(WebUIKeywordMain.groovy:64)
	at com.kms.katalon.core.webui.keyword.internal.WebUIKeywordMain.runKeyword(WebUIKeywordMain.groovy:26)
	at com.kms.katalon.core.webui.keyword.builtin.ClickKeyword.click(ClickKeyword.groovy:75)
	at com.kms.katalon.core.webui.keyword.builtin.ClickKeyword.execute(ClickKeyword.groovy:42)
	at com.kms.katalon.core.keyword.internal.KeywordExecutor.executeKeywordForPlatform(KeywordExecutor.groovy:74)
	at com.kms.katalon.core.webui.keyword.WebUiBuiltInKeywords.click(WebUiBuiltInKeywords.groovy:620)
	at com.kms.katalon.core.webui.keyword.WebUiBuiltInKeywords$click$3.call(Unknown Source)
	at tN_Add New Resource.run(tN_Add New Resource:35)
	at com.kms.katalon.core.main.ScriptEngine.run(ScriptEngine.java:194)
	at com.kms.katalon.core.main.ScriptEngine.runScriptAsRawText(ScriptEngine.java:119)
	at com.kms.katalon.core.main.TestCaseExecutor.runScript(TestCaseExecutor.java:430)
	at com.kms.katalon.core.main.TestCaseExecutor.doExecute(TestCaseExecutor.java:421)
	at com.kms.katalon.core.main.TestCaseExecutor.processExecutionPhase(TestCaseExecutor.java:400)
	at com.kms.katalon.core.main.TestCaseExecutor.accessMainPhase(TestCaseExecutor.java:392)
	at com.kms.katalon.core.main.TestCaseExecutor.execute(TestCaseExecutor.java:273)
	at com.kms.katalon.core.main.TestSuiteExecutor.accessTestCaseMainPhase(TestSuiteExecutor.java:202)
	at com.kms.katalon.core.main.TestSuiteExecutor.accessTestSuiteMainPhase(TestSuiteExecutor.java:164)
	at com.kms.katalon.core.main.TestSuiteExecutor.execute(TestSuiteExecutor.java:105)
	at com.kms.katalon.core.main.TestCaseMain.startTestSuite(TestCaseMain.java:185)
	at com.kms.katalon.core.main.TestCaseMain$startTestSuite$0.call(Unknown Source)
	at TempTestSuite1632864492590.run(TempTestSuite1632864492590.groovy:36)
Caused by: com.kms.katalon.core.webui.exception.WebElementNotFoundException: Web element with id: 'Object Repository/Page_tC Create/Add new resource objects/span_en_tn_57-TIT.tsv' located by '//*[(text() = 'en_tn_57-TIT.tsv' or . = 'en_tn_57-TIT.tsv')]' not found
	at com.kms.katalon.core.webui.common.WebUiCommonHelper.findWebElement(WebUiCommonHelper.java:1368)
	at com.kms.katalon.core.webui.keyword.internal.WebUIAbstractKeyword.findWebElement(WebUIAbstractKeyword.groovy:27)
	at com.kms.katalon.core.webui.keyword.internal.WebUIAbstractKeyword.findWebElement(WebUIAbstractKeyword.groovy:26)
	at com.kms.katalon.core.webui.keyword.builtin.ClickKeyword$_click_closure1.doCall(ClickKeyword.groovy:66)
	at com.kms.katalon.core.webui.keyword.builtin.ClickKeyword$_click_closure1.call(ClickKeyword.groovy)
	at com.kms.katalon.core.webui.keyword.internal.WebUIKeywordMain.runKeyword(WebUIKeywordMain.groovy:20)
	at com.kms.katalon.core.webui.keyword.builtin.ClickKeyword.click(ClickKeyword.groovy:75)
	at com.kms.katalon.core.webui.keyword.builtin.ClickKeyword.execute(ClickKeyword.groovy:42)
	at com.kms.katalon.core.keyword.internal.KeywordExecutor.executeKeywordForPlatform(KeywordExecutor.groovy:74)
	at com.kms.katalon.core.webui.keyword.WebUiBuiltInKeywords.click(WebUiBuiltInKeywords.groovy:620)
	at com.kms.katalon.core.webui.keyword.WebUiBuiltInKeywords$click$3.call(Unknown Source)
	at Script1609194777899.run(Script1609194777899.groovy:35)
	... 13 more
)
[[ATTACHMENT|/Users/elsylitsonlambert/git/tcCreateQA/Reports/20210928_172811/Test Suite1- Regression/20210928_172812/1632865206635.png]]

2021-09-28 17:40:06 - [TEST_STEP][PASSED] - buttonstate = com.tccreate.keywords.ExpandAllScriptureToggle.toggleAllScripture("test"): com.tccreate.keywords.ExpandAllScriptureToggle.toggleAllScripture is PASSED

2021-09-28 17:40:10 - [MESSAGE][INFO] - Unable to find the element located by 'By.xpath: //*[@type = 'button' and @data-test = 'drawer-menu-close-button']'. Please recheck the objects properties to make sure the desired element is located. 

2021-09-28 17:40:10 - [MESSAGE][WARNING] - Object 'Object Repository/Page_tC Create/button_DrawerClose' is not present after 2 second(s)

2021-09-28 17:40:11 - [MESSAGE][PASSED] - Object: 'Object Repository/Page_tC Create/Hamburger Menu Button' is clicked on

2021-09-28 17:40:12 - [MESSAGE][PASSED] - Delayed 1 second(s)

2021-09-28 17:40:13 - [MESSAGE][PASSED] - Object 'Object Repository/Page_tC Create/input_Expand all Scripture_default' is checked

2021-09-28 17:40:14 - [MESSAGE][PASSED] - Object: 'Object Repository/Page_tC Create/button_DrawerClose' is clicked on

2021-09-28 17:40:15 - [MESSAGE][PASSED] - Object 'Object Repository/Page_tC Create/Hamburger Menu Button' is visible

2021-09-28 17:40:15 - [MESSAGE][PASSED] - com.tccreate.keywords.ExpandAllScriptureToggle.toggleAllScripture is PASSED

2021-09-28 17:40:15 - [TEST_STEP][PASSED] - out.println(" the state of the button is" + buttonstate): null

2021-09-28 17:40:15 - [TEST_STEP][PASSED] - delay(1): Delayed 1 second(s)

2021-09-28 17:40:16 - [MESSAGE][PASSED] - Delayed 1 second(s)

2021-09-28 17:40:16 - [TEST_STEP][PASSED] - if (buttonstate == "off"): null

2021-09-28 17:40:16 - [TEST_STEP][PASSED] - else: Parallel scripture viewer is ON

2021-09-28 17:40:16 - [TEST_STEP][PASSED] - logInfo("Parallel scripture viewer is ON"): Parallel scripture viewer is ON

2021-09-28 17:40:16 - [MESSAGE][INFO] - Parallel scripture viewer is ON

2021-09-28 17:40:16 - [TEST_STEP][FAILED] - scrollToElement(findTestObject("Page_tC Create/Add new resource objects/h6_TIT 1intro"), 2, CONTINUE_ON_FAILURE): Unable to scroll to object 'Object Repository/Page_tC Create/Add new resource objects/h6_TIT 1intro' (Root cause: com.kms.katalon.core.exception.StepFailedException: Unable to scroll to object 'Object Repository/Page_tC Create/Add new resource objects/h6_TIT 1intro'
	at com.kms.katalon.core.webui.keyword.internal.WebUIKeywordMain.stepFailed(WebUIKeywordMain.groovy:64)
	at com.kms.katalon.core.webui.keyword.internal.WebUIKeywordMain.runKeyword(WebUIKeywordMain.groovy:26)
	at com.kms.katalon.core.webui.keyword.builtin.ScrollToElementKeyword.scrollToElement(ScrollToElementKeyword.groovy:88)
	at com.kms.katalon.core.webui.keyword.builtin.ScrollToElementKeyword.execute(ScrollToElementKeyword.groovy:68)
	at com.kms.katalon.core.keyword.internal.KeywordExecutor.executeKeywordForPlatform(KeywordExecutor.groovy:74)
	at com.kms.katalon.core.webui.keyword.WebUiBuiltInKeywords.scrollToElement(WebUiBuiltInKeywords.groovy:4047)
	at com.kms.katalon.core.webui.keyword.WebUiBuiltInKeywords$scrollToElement$18.call(Unknown Source)
	at tN_Add New Resource.run(tN_Add New Resource:51)
	at com.kms.katalon.core.main.ScriptEngine.run(ScriptEngine.java:194)
	at com.kms.katalon.core.main.ScriptEngine.runScriptAsRawText(ScriptEngine.java:119)
	at com.kms.katalon.core.main.TestCaseExecutor.runScript(TestCaseExecutor.java:430)
	at com.kms.katalon.core.main.TestCaseExecutor.doExecute(TestCaseExecutor.java:421)
	at com.kms.katalon.core.main.TestCaseExecutor.processExecutionPhase(TestCaseExecutor.java:400)
	at com.kms.katalon.core.main.TestCaseExecutor.accessMainPhase(TestCaseExecutor.java:392)
	at com.kms.katalon.core.main.TestCaseExecutor.execute(TestCaseExecutor.java:273)
	at com.kms.katalon.core.main.TestSuiteExecutor.accessTestCaseMainPhase(TestSuiteExecutor.java:202)
	at com.kms.katalon.core.main.TestSuiteExecutor.accessTestSuiteMainPhase(TestSuiteExecutor.java:164)
	at com.kms.katalon.core.main.TestSuiteExecutor.execute(TestSuiteExecutor.java:105)
	at com.kms.katalon.core.main.TestCaseMain.startTestSuite(TestCaseMain.java:185)
	at com.kms.katalon.core.main.TestCaseMain$startTestSuite$0.call(Unknown Source)
	at TempTestSuite1632864492590.run(TempTestSuite1632864492590.groovy:36)
Caused by: com.kms.katalon.core.webui.exception.WebElementNotFoundException: Web element with id: 'Object Repository/Page_tC Create/Add new resource objects/h6_TIT 1intro' located by '//*[(text() = 'TIT 1:intro' or . = 'TIT 1:intro')]' not found
	at com.kms.katalon.core.webui.common.WebUiCommonHelper.findWebElement(WebUiCommonHelper.java:1368)
	at com.kms.katalon.core.webui.keyword.internal.WebUIAbstractKeyword.findWebElement(WebUIAbstractKeyword.groovy:27)
	at com.kms.katalon.core.webui.keyword.internal.WebUIAbstractKeyword.findWebElement(WebUIAbstractKeyword.groovy:26)
	at com.kms.katalon.core.webui.keyword.builtin.ScrollToElementKeyword$_scrollToElement_closure1.doCall(ScrollToElementKeyword.groovy:79)
	at com.kms.katalon.core.webui.keyword.builtin.ScrollToElementKeyword$_scrollToElement_closure1.call(ScrollToElementKeyword.groovy)
	at com.kms.katalon.core.webui.keyword.internal.WebUIKeywordMain.runKeyword(WebUIKeywordMain.groovy:20)
	at com.kms.katalon.core.webui.keyword.builtin.ScrollToElementKeyword.scrollToElement(ScrollToElementKeyword.groovy:88)
	at com.kms.katalon.core.webui.keyword.builtin.ScrollToElementKeyword.execute(ScrollToElementKeyword.groovy:68)
	at com.kms.katalon.core.keyword.internal.KeywordExecutor.executeKeywordForPlatform(KeywordExecutor.groovy:74)
	at com.kms.katalon.core.webui.keyword.WebUiBuiltInKeywords.scrollToElement(WebUiBuiltInKeywords.groovy:4047)
	at com.kms.katalon.core.webui.keyword.WebUiBuiltInKeywords$scrollToElement$18.call(Unknown Source)
	at Script1609194777899.run(Script1609194777899.groovy:51)
	... 13 more
)

2021-09-28 17:40:47 - [MESSAGE][INFO] - Unable to find the element located by 'By.xpath: //*[(text() = 'TIT 1:intro' or . = 'TIT 1:intro')]'. Please recheck the objects properties to make sure the desired element is located. 

2021-09-28 17:40:47 - [MESSAGE][FAILED] - Unable to scroll to object 'Object Repository/Page_tC Create/Add new resource objects/h6_TIT 1intro' (Root cause: com.kms.katalon.core.exception.StepFailedException: Unable to scroll to object 'Object Repository/Page_tC Create/Add new resource objects/h6_TIT 1intro'
	at com.kms.katalon.core.webui.keyword.internal.WebUIKeywordMain.stepFailed(WebUIKeywordMain.groovy:64)
	at com.kms.katalon.core.webui.keyword.internal.WebUIKeywordMain.runKeyword(WebUIKeywordMain.groovy:26)
	at com.kms.katalon.core.webui.keyword.builtin.ScrollToElementKeyword.scrollToElement(ScrollToElementKeyword.groovy:88)
	at com.kms.katalon.core.webui.keyword.builtin.ScrollToElementKeyword.execute(ScrollToElementKeyword.groovy:68)
	at com.kms.katalon.core.keyword.internal.KeywordExecutor.executeKeywordForPlatform(KeywordExecutor.groovy:74)
	at com.kms.katalon.core.webui.keyword.WebUiBuiltInKeywords.scrollToElement(WebUiBuiltInKeywords.groovy:4047)
	at com.kms.katalon.core.webui.keyword.WebUiBuiltInKeywords$scrollToElement$18.call(Unknown Source)
	at tN_Add New Resource.run(tN_Add New Resource:51)
	at com.kms.katalon.core.main.ScriptEngine.run(ScriptEngine.java:194)
	at com.kms.katalon.core.main.ScriptEngine.runScriptAsRawText(ScriptEngine.java:119)
	at com.kms.katalon.core.main.TestCaseExecutor.runScript(TestCaseExecutor.java:430)
	at com.kms.katalon.core.main.TestCaseExecutor.doExecute(TestCaseExecutor.java:421)
	at com.kms.katalon.core.main.TestCaseExecutor.processExecutionPhase(TestCaseExecutor.java:400)
	at com.kms.katalon.core.main.TestCaseExecutor.accessMainPhase(TestCaseExecutor.java:392)
	at com.kms.katalon.core.main.TestCaseExecutor.execute(TestCaseExecutor.java:273)
	at com.kms.katalon.core.main.TestSuiteExecutor.accessTestCaseMainPhase(TestSuiteExecutor.java:202)
	at com.kms.katalon.core.main.TestSuiteExecutor.accessTestSuiteMainPhase(TestSuiteExecutor.java:164)
	at com.kms.katalon.core.main.TestSuiteExecutor.execute(TestSuiteExecutor.java:105)
	at com.kms.katalon.core.main.TestCaseMain.startTestSuite(TestCaseMain.java:185)
	at com.kms.katalon.core.main.TestCaseMain$startTestSuite$0.call(Unknown Source)
	at TempTestSuite1632864492590.run(TempTestSuite1632864492590.groovy:36)
Caused by: com.kms.katalon.core.webui.exception.WebElementNotFoundException: Web element with id: 'Object Repository/Page_tC Create/Add new resource objects/h6_TIT 1intro' located by '//*[(text() = 'TIT 1:intro' or . = 'TIT 1:intro')]' not found
	at com.kms.katalon.core.webui.common.WebUiCommonHelper.findWebElement(WebUiCommonHelper.java:1368)
	at com.kms.katalon.core.webui.keyword.internal.WebUIAbstractKeyword.findWebElement(WebUIAbstractKeyword.groovy:27)
	at com.kms.katalon.core.webui.keyword.internal.WebUIAbstractKeyword.findWebElement(WebUIAbstractKeyword.groovy:26)
	at com.kms.katalon.core.webui.keyword.builtin.ScrollToElementKeyword$_scrollToElement_closure1.doCall(ScrollToElementKeyword.groovy:79)
	at com.kms.katalon.core.webui.keyword.builtin.ScrollToElementKeyword$_scrollToElement_closure1.call(ScrollToElementKeyword.groovy)
	at com.kms.katalon.core.webui.keyword.internal.WebUIKeywordMain.runKeyword(WebUIKeywordMain.groovy:20)
	at com.kms.katalon.core.webui.keyword.builtin.ScrollToElementKeyword.scrollToElement(ScrollToElementKeyword.groovy:88)
	at com.kms.katalon.core.webui.keyword.builtin.ScrollToElementKeyword.execute(ScrollToElementKeyword.groovy:68)
	at com.kms.katalon.core.keyword.internal.KeywordExecutor.executeKeywordForPlatform(KeywordExecutor.groovy:74)
	at com.kms.katalon.core.webui.keyword.WebUiBuiltInKeywords.scrollToElement(WebUiBuiltInKeywords.groovy:4047)
	at com.kms.katalon.core.webui.keyword.WebUiBuiltInKeywords$scrollToElement$18.call(Unknown Source)
	at Script1609194777899.run(Script1609194777899.groovy:51)
	... 13 more
)
[[ATTACHMENT|/Users/elsylitsonlambert/git/tcCreateQA/Reports/20210928_172811/Test Suite1- Regression/20210928_172812/1632865247180.png]]

2021-09-28 17:40:47 - [TEST_STEP][FAILED] - click(findTestObject("Page_tC Create/Add new resource objects/h6_Titus 11")): Unable to click on object 'Object Repository/Page_tC Create/Add new resource objects/h6_Titus 11' (Root cause: com.kms.katalon.core.exception.StepFailedException: Unable to click on object 'Object Repository/Page_tC Create/Add new resource objects/h6_Titus 11'
	at com.kms.katalon.core.webui.keyword.internal.WebUIKeywordMain.stepFailed(WebUIKeywordMain.groovy:64)
	at com.kms.katalon.core.webui.keyword.internal.WebUIKeywordMain.runKeyword(WebUIKeywordMain.groovy:26)
	at com.kms.katalon.core.webui.keyword.builtin.ClickKeyword.click(ClickKeyword.groovy:75)
	at com.kms.katalon.core.webui.keyword.builtin.ClickKeyword.execute(ClickKeyword.groovy:42)
	at com.kms.katalon.core.keyword.internal.KeywordExecutor.executeKeywordForPlatform(KeywordExecutor.groovy:74)
	at com.kms.katalon.core.webui.keyword.WebUiBuiltInKeywords.click(WebUiBuiltInKeywords.groovy:620)
	at com.kms.katalon.core.webui.keyword.WebUiBuiltInKeywords$click$3.call(Unknown Source)
	at tN_Add New Resource.run(tN_Add New Resource:53)
	at com.kms.katalon.core.main.ScriptEngine.run(ScriptEngine.java:194)
	at com.kms.katalon.core.main.ScriptEngine.runScriptAsRawText(ScriptEngine.java:119)
	at com.kms.katalon.core.main.TestCaseExecutor.runScript(TestCaseExecutor.java:430)
	at com.kms.katalon.core.main.TestCaseExecutor.doExecute(TestCaseExecutor.java:421)
	at com.kms.katalon.core.main.TestCaseExecutor.processExecutionPhase(TestCaseExecutor.java:400)
	at com.kms.katalon.core.main.TestCaseExecutor.accessMainPhase(TestCaseExecutor.java:392)
	at com.kms.katalon.core.main.TestCaseExecutor.execute(TestCaseExecutor.java:273)
	at com.kms.katalon.core.main.TestSuiteExecutor.accessTestCaseMainPhase(TestSuiteExecutor.java:202)
	at com.kms.katalon.core.main.TestSuiteExecutor.accessTestSuiteMainPhase(TestSuiteExecutor.java:164)
	at com.kms.katalon.core.main.TestSuiteExecutor.execute(TestSuiteExecutor.java:105)
	at com.kms.katalon.core.main.TestCaseMain.startTestSuite(TestCaseMain.java:185)
	at com.kms.katalon.core.main.TestCaseMain$startTestSuite$0.call(Unknown Source)
	at TempTestSuite1632864492590.run(TempTestSuite1632864492590.groovy:36)
Caused by: com.kms.katalon.core.webui.exception.WebElementNotFoundException: Web element with id: 'Object Repository/Page_tC Create/Add new resource objects/h6_Titus 11' located by '//div[@id='header-1-1-rtc9']/div/div/div/div/h6' not found
	at com.kms.katalon.core.webui.common.WebUiCommonHelper.findWebElement(WebUiCommonHelper.java:1368)
	at com.kms.katalon.core.webui.keyword.internal.WebUIAbstractKeyword.findWebElement(WebUIAbstractKeyword.groovy:27)
	at com.kms.katalon.core.webui.keyword.internal.WebUIAbstractKeyword.findWebElement(WebUIAbstractKeyword.groovy:26)
	at com.kms.katalon.core.webui.keyword.builtin.ClickKeyword$_click_closure1.doCall(ClickKeyword.groovy:66)
	at com.kms.katalon.core.webui.keyword.builtin.ClickKeyword$_click_closure1.call(ClickKeyword.groovy)
	at com.kms.katalon.core.webui.keyword.internal.WebUIKeywordMain.runKeyword(WebUIKeywordMain.groovy:20)
	at com.kms.katalon.core.webui.keyword.builtin.ClickKeyword.click(ClickKeyword.groovy:75)
	at com.kms.katalon.core.webui.keyword.builtin.ClickKeyword.execute(ClickKeyword.groovy:42)
	at com.kms.katalon.core.keyword.internal.KeywordExecutor.executeKeywordForPlatform(KeywordExecutor.groovy:74)
	at com.kms.katalon.core.webui.keyword.WebUiBuiltInKeywords.click(WebUiBuiltInKeywords.groovy:620)
	at com.kms.katalon.core.webui.keyword.WebUiBuiltInKeywords$click$3.call(Unknown Source)
	at Script1609194777899.run(Script1609194777899.groovy:53)
	... 13 more
)

2021-09-28 17:41:18 - [MESSAGE][INFO] - Unable to find the element located by 'By.xpath: //div[@id='header-1-1-rtc9']/div/div/div/div/h6'. Please recheck the objects properties to make sure the desired element is located. 

2021-09-28 17:41:19 - [MESSAGE][FAILED] - Unable to click on object 'Object Repository/Page_tC Create/Add new resource objects/h6_Titus 11' (Root cause: com.kms.katalon.core.exception.StepFailedException: Unable to click on object 'Object Repository/Page_tC Create/Add new resource objects/h6_Titus 11'
	at com.kms.katalon.core.webui.keyword.internal.WebUIKeywordMain.stepFailed(WebUIKeywordMain.groovy:64)
	at com.kms.katalon.core.webui.keyword.internal.WebUIKeywordMain.runKeyword(WebUIKeywordMain.groovy:26)
	at com.kms.katalon.core.webui.keyword.builtin.ClickKeyword.click(ClickKeyword.groovy:75)
	at com.kms.katalon.core.webui.keyword.builtin.ClickKeyword.execute(ClickKeyword.groovy:42)
	at com.kms.katalon.core.keyword.internal.KeywordExecutor.executeKeywordForPlatform(KeywordExecutor.groovy:74)
	at com.kms.katalon.core.webui.keyword.WebUiBuiltInKeywords.click(WebUiBuiltInKeywords.groovy:620)
	at com.kms.katalon.core.webui.keyword.WebUiBuiltInKeywords$click$3.call(Unknown Source)
	at tN_Add New Resource.run(tN_Add New Resource:53)
	at com.kms.katalon.core.main.ScriptEngine.run(ScriptEngine.java:194)
	at com.kms.katalon.core.main.ScriptEngine.runScriptAsRawText(ScriptEngine.java:119)
	at com.kms.katalon.core.main.TestCaseExecutor.runScript(TestCaseExecutor.java:430)
	at com.kms.katalon.core.main.TestCaseExecutor.doExecute(TestCaseExecutor.java:421)
	at com.kms.katalon.core.main.TestCaseExecutor.processExecutionPhase(TestCaseExecutor.java:400)
	at com.kms.katalon.core.main.TestCaseExecutor.accessMainPhase(TestCaseExecutor.java:392)
	at com.kms.katalon.core.main.TestCaseExecutor.execute(TestCaseExecutor.java:273)
	at com.kms.katalon.core.main.TestSuiteExecutor.accessTestCaseMainPhase(TestSuiteExecutor.java:202)
	at com.kms.katalon.core.main.TestSuiteExecutor.accessTestSuiteMainPhase(TestSuiteExecutor.java:164)
	at com.kms.katalon.core.main.TestSuiteExecutor.execute(TestSuiteExecutor.java:105)
	at com.kms.katalon.core.main.TestCaseMain.startTestSuite(TestCaseMain.java:185)
	at com.kms.katalon.core.main.TestCaseMain$startTestSuite$0.call(Unknown Source)
	at TempTestSuite1632864492590.run(TempTestSuite1632864492590.groovy:36)
Caused by: com.kms.katalon.core.webui.exception.WebElementNotFoundException: Web element with id: 'Object Repository/Page_tC Create/Add new resource objects/h6_Titus 11' located by '//div[@id='header-1-1-rtc9']/div/div/div/div/h6' not found
	at com.kms.katalon.core.webui.common.WebUiCommonHelper.findWebElement(WebUiCommonHelper.java:1368)
	at com.kms.katalon.core.webui.keyword.internal.WebUIAbstractKeyword.findWebElement(WebUIAbstractKeyword.groovy:27)
	at com.kms.katalon.core.webui.keyword.internal.WebUIAbstractKeyword.findWebElement(WebUIAbstractKeyword.groovy:26)
	at com.kms.katalon.core.webui.keyword.builtin.ClickKeyword$_click_closure1.doCall(ClickKeyword.groovy:66)
	at com.kms.katalon.core.webui.keyword.builtin.ClickKeyword$_click_closure1.call(ClickKeyword.groovy)
	at com.kms.katalon.core.webui.keyword.internal.WebUIKeywordMain.runKeyword(WebUIKeywordMain.groovy:20)
	at com.kms.katalon.core.webui.keyword.builtin.ClickKeyword.click(ClickKeyword.groovy:75)
	at com.kms.katalon.core.webui.keyword.builtin.ClickKeyword.execute(ClickKeyword.groovy:42)
	at com.kms.katalon.core.keyword.internal.KeywordExecutor.executeKeywordForPlatform(KeywordExecutor.groovy:74)
	at com.kms.katalon.core.webui.keyword.WebUiBuiltInKeywords.click(WebUiBuiltInKeywords.groovy:620)
	at com.kms.katalon.core.webui.keyword.WebUiBuiltInKeywords$click$3.call(Unknown Source)
	at Script1609194777899.run(Script1609194777899.groovy:53)
	... 13 more
)
[[ATTACHMENT|/Users/elsylitsonlambert/git/tcCreateQA/Reports/20210928_172811/Test Suite1- Regression/20210928_172812/1632865278736.png]]

2021-09-28 17:41:19 - [TEST_STEP][FAILED] - verifyElementVisible(findTestObject("Page_tC Create/Add new resource objects/h6_Titus 11"), CONTINUE_ON_FAILURE): Web element with id: 'Object Repository/Page_tC Create/Add new resource objects/h6_Titus 11' located by '//div[@id='header-1-1-rtc9']/div/div/div/div/h6' not found (Root cause: com.kms.katalon.core.exception.StepFailedException: Web element with id: 'Object Repository/Page_tC Create/Add new resource objects/h6_Titus 11' located by '//div[@id='header-1-1-rtc9']/div/div/div/div/h6' not found
	at com.kms.katalon.core.webui.keyword.internal.WebUIKeywordMain.stepFailed(WebUIKeywordMain.groovy:64)
	at com.kms.katalon.core.webui.keyword.builtin.VerifyElementVisibleKeyword$_verifyElementVisible_closure1.doCall(VerifyElementVisibleKeyword.groovy:89)
	at com.kms.katalon.core.webui.keyword.builtin.VerifyElementVisibleKeyword$_verifyElementVisible_closure1.call(VerifyElementVisibleKeyword.groovy)
	at com.kms.katalon.core.webui.keyword.internal.WebUIKeywordMain.runKeyword(WebUIKeywordMain.groovy:20)
	at com.kms.katalon.core.webui.keyword.builtin.VerifyElementVisibleKeyword.verifyElementVisible(VerifyElementVisibleKeyword.groovy:97)
	at com.kms.katalon.core.webui.keyword.builtin.VerifyElementVisibleKeyword.execute(VerifyElementVisibleKeyword.groovy:67)
	at com.kms.katalon.core.keyword.internal.KeywordExecutor.executeKeywordForPlatform(KeywordExecutor.groovy:74)
	at com.kms.katalon.core.webui.keyword.WebUiBuiltInKeywords.verifyElementVisible(WebUiBuiltInKeywords.groovy:362)
	at com.kms.katalon.core.webui.keyword.WebUiBuiltInKeywords$verifyElementVisible$15.call(Unknown Source)
	at tN_Add New Resource.run(tN_Add New Resource:55)
	at com.kms.katalon.core.main.ScriptEngine.run(ScriptEngine.java:194)
	at com.kms.katalon.core.main.ScriptEngine.runScriptAsRawText(ScriptEngine.java:119)
	at com.kms.katalon.core.main.TestCaseExecutor.runScript(TestCaseExecutor.java:430)
	at com.kms.katalon.core.main.TestCaseExecutor.doExecute(TestCaseExecutor.java:421)
	at com.kms.katalon.core.main.TestCaseExecutor.processExecutionPhase(TestCaseExecutor.java:400)
	at com.kms.katalon.core.main.TestCaseExecutor.accessMainPhase(TestCaseExecutor.java:392)
	at com.kms.katalon.core.main.TestCaseExecutor.execute(TestCaseExecutor.java:273)
	at com.kms.katalon.core.main.TestSuiteExecutor.accessTestCaseMainPhase(TestSuiteExecutor.java:202)
	at com.kms.katalon.core.main.TestSuiteExecutor.accessTestSuiteMainPhase(TestSuiteExecutor.java:164)
	at com.kms.katalon.core.main.TestSuiteExecutor.execute(TestSuiteExecutor.java:105)
	at com.kms.katalon.core.main.TestCaseMain.startTestSuite(TestCaseMain.java:185)
	at com.kms.katalon.core.main.TestCaseMain$startTestSuite$0.call(Unknown Source)
	at TempTestSuite1632864492590.run(TempTestSuite1632864492590.groovy:36)
)

2021-09-28 17:41:50 - [MESSAGE][INFO] - Unable to find the element located by 'By.xpath: //div[@id='header-1-1-rtc9']/div/div/div/div/h6'. Please recheck the objects properties to make sure the desired element is located. 

2021-09-28 17:41:50 - [MESSAGE][FAILED] - Web element with id: 'Object Repository/Page_tC Create/Add new resource objects/h6_Titus 11' located by '//div[@id='header-1-1-rtc9']/div/div/div/div/h6' not found (Root cause: com.kms.katalon.core.exception.StepFailedException: Web element with id: 'Object Repository/Page_tC Create/Add new resource objects/h6_Titus 11' located by '//div[@id='header-1-1-rtc9']/div/div/div/div/h6' not found
	at com.kms.katalon.core.webui.keyword.internal.WebUIKeywordMain.stepFailed(WebUIKeywordMain.groovy:64)
	at com.kms.katalon.core.webui.keyword.builtin.VerifyElementVisibleKeyword$_verifyElementVisible_closure1.doCall(VerifyElementVisibleKeyword.groovy:89)
	at com.kms.katalon.core.webui.keyword.builtin.VerifyElementVisibleKeyword$_verifyElementVisible_closure1.call(VerifyElementVisibleKeyword.groovy)
	at com.kms.katalon.core.webui.keyword.internal.WebUIKeywordMain.runKeyword(WebUIKeywordMain.groovy:20)
	at com.kms.katalon.core.webui.keyword.builtin.VerifyElementVisibleKeyword.verifyElementVisible(VerifyElementVisibleKeyword.groovy:97)
	at com.kms.katalon.core.webui.keyword.builtin.VerifyElementVisibleKeyword.execute(VerifyElementVisibleKeyword.groovy:67)
	at com.kms.katalon.core.keyword.internal.KeywordExecutor.executeKeywordForPlatform(KeywordExecutor.groovy:74)
	at com.kms.katalon.core.webui.keyword.WebUiBuiltInKeywords.verifyElementVisible(WebUiBuiltInKeywords.groovy:362)
	at com.kms.katalon.core.webui.keyword.WebUiBuiltInKeywords$verifyElementVisible$15.call(Unknown Source)
	at tN_Add New Resource.run(tN_Add New Resource:55)
	at com.kms.katalon.core.main.ScriptEngine.run(ScriptEngine.java:194)
	at com.kms.katalon.core.main.ScriptEngine.runScriptAsRawText(ScriptEngine.java:119)
	at com.kms.katalon.core.main.TestCaseExecutor.runScript(TestCaseExecutor.java:430)
	at com.kms.katalon.core.main.TestCaseExecutor.doExecute(TestCaseExecutor.java:421)
	at com.kms.katalon.core.main.TestCaseExecutor.processExecutionPhase(TestCaseExecutor.java:400)
	at com.kms.katalon.core.main.TestCaseExecutor.accessMainPhase(TestCaseExecutor.java:392)
	at com.kms.katalon.core.main.TestCaseExecutor.execute(TestCaseExecutor.java:273)
	at com.kms.katalon.core.main.TestSuiteExecutor.accessTestCaseMainPhase(TestSuiteExecutor.java:202)
	at com.kms.katalon.core.main.TestSuiteExecutor.accessTestSuiteMainPhase(TestSuiteExecutor.java:164)
	at com.kms.katalon.core.main.TestSuiteExecutor.execute(TestSuiteExecutor.java:105)
	at com.kms.katalon.core.main.TestCaseMain.startTestSuite(TestCaseMain.java:185)
	at com.kms.katalon.core.main.TestCaseMain$startTestSuite$0.call(Unknown Source)
	at TempTestSuite1632864492590.run(TempTestSuite1632864492590.groovy:36)
)
[[ATTACHMENT|/Users/elsylitsonlambert/git/tcCreateQA/Reports/20210928_172811/Test Suite1- Regression/20210928_172812/1632865310378.png]]

2021-09-28 17:41:50 - [TEST_STEP][FAILED] - click(findTestObject("Object Repository/Page_tC Create/Add new resource objects/button_Manage Versions")): Unable to click on object 'Object Repository/Page_tC Create/Add new resource objects/button_Manage Versions' (Root cause: com.kms.katalon.core.exception.StepFailedException: Unable to click on object 'Object Repository/Page_tC Create/Add new resource objects/button_Manage Versions'
	at com.kms.katalon.core.webui.keyword.internal.WebUIKeywordMain.stepFailed(WebUIKeywordMain.groovy:64)
	at com.kms.katalon.core.webui.keyword.internal.WebUIKeywordMain.runKeyword(WebUIKeywordMain.groovy:26)
	at com.kms.katalon.core.webui.keyword.builtin.ClickKeyword.click(ClickKeyword.groovy:75)
	at com.kms.katalon.core.webui.keyword.builtin.ClickKeyword.execute(ClickKeyword.groovy:42)
	at com.kms.katalon.core.keyword.internal.KeywordExecutor.executeKeywordForPlatform(KeywordExecutor.groovy:74)
	at com.kms.katalon.core.webui.keyword.WebUiBuiltInKeywords.click(WebUiBuiltInKeywords.groovy:620)
	at com.kms.katalon.core.webui.keyword.WebUiBuiltInKeywords$click$3.call(Unknown Source)
	at tN_Add New Resource.run(tN_Add New Resource:57)
	at com.kms.katalon.core.main.ScriptEngine.run(ScriptEngine.java:194)
	at com.kms.katalon.core.main.ScriptEngine.runScriptAsRawText(ScriptEngine.java:119)
	at com.kms.katalon.core.main.TestCaseExecutor.runScript(TestCaseExecutor.java:430)
	at com.kms.katalon.core.main.TestCaseExecutor.doExecute(TestCaseExecutor.java:421)
	at com.kms.katalon.core.main.TestCaseExecutor.processExecutionPhase(TestCaseExecutor.java:400)
	at com.kms.katalon.core.main.TestCaseExecutor.accessMainPhase(TestCaseExecutor.java:392)
	at com.kms.katalon.core.main.TestCaseExecutor.execute(TestCaseExecutor.java:273)
	at com.kms.katalon.core.main.TestSuiteExecutor.accessTestCaseMainPhase(TestSuiteExecutor.java:202)
	at com.kms.katalon.core.main.TestSuiteExecutor.accessTestSuiteMainPhase(TestSuiteExecutor.java:164)
	at com.kms.katalon.core.main.TestSuiteExecutor.execute(TestSuiteExecutor.java:105)
	at com.kms.katalon.core.main.TestCaseMain.startTestSuite(TestCaseMain.java:185)
	at com.kms.katalon.core.main.TestCaseMain$startTestSuite$0.call(Unknown Source)
	at TempTestSuite1632864492590.run(TempTestSuite1632864492590.groovy:36)
Caused by: com.kms.katalon.core.webui.exception.WebElementNotFoundException: Web element with id: 'Object Repository/Page_tC Create/Add new resource objects/button_Manage Versions' located by '//*[@type = 'button' and @aria-label = 'Manage Versions']' not found
	at com.kms.katalon.core.webui.common.WebUiCommonHelper.findWebElement(WebUiCommonHelper.java:1368)
	at com.kms.katalon.core.webui.keyword.internal.WebUIAbstractKeyword.findWebElement(WebUIAbstractKeyword.groovy:27)
	at com.kms.katalon.core.webui.keyword.internal.WebUIAbstractKeyword.findWebElement(WebUIAbstractKeyword.groovy:26)
	at com.kms.katalon.core.webui.keyword.builtin.ClickKeyword$_click_closure1.doCall(ClickKeyword.groovy:66)
	at com.kms.katalon.core.webui.keyword.builtin.ClickKeyword$_click_closure1.call(ClickKeyword.groovy)
	at com.kms.katalon.core.webui.keyword.internal.WebUIKeywordMain.runKeyword(WebUIKeywordMain.groovy:20)
	at com.kms.katalon.core.webui.keyword.builtin.ClickKeyword.click(ClickKeyword.groovy:75)
	at com.kms.katalon.core.webui.keyword.builtin.ClickKeyword.execute(ClickKeyword.groovy:42)
	at com.kms.katalon.core.keyword.internal.KeywordExecutor.executeKeywordForPlatform(KeywordExecutor.groovy:74)
	at com.kms.katalon.core.webui.keyword.WebUiBuiltInKeywords.click(WebUiBuiltInKeywords.groovy:620)
	at com.kms.katalon.core.webui.keyword.WebUiBuiltInKeywords$click$3.call(Unknown Source)
	at Script1609194777899.run(Script1609194777899.groovy:57)
	... 13 more
)

2021-09-28 17:42:21 - [MESSAGE][INFO] - Unable to find the element located by 'By.xpath: //*[@type = 'button' and @aria-label = 'Manage Versions']'. Please recheck the objects properties to make sure the desired element is located. 

2021-09-28 17:42:22 - [MESSAGE][FAILED] - Unable to click on object 'Object Repository/Page_tC Create/Add new resource objects/button_Manage Versions' (Root cause: com.kms.katalon.core.exception.StepFailedException: Unable to click on object 'Object Repository/Page_tC Create/Add new resource objects/button_Manage Versions'
	at com.kms.katalon.core.webui.keyword.internal.WebUIKeywordMain.stepFailed(WebUIKeywordMain.groovy:64)
	at com.kms.katalon.core.webui.keyword.internal.WebUIKeywordMain.runKeyword(WebUIKeywordMain.groovy:26)
	at com.kms.katalon.core.webui.keyword.builtin.ClickKeyword.click(ClickKeyword.groovy:75)
	at com.kms.katalon.core.webui.keyword.builtin.ClickKeyword.execute(ClickKeyword.groovy:42)
	at com.kms.katalon.core.keyword.internal.KeywordExecutor.executeKeywordForPlatform(KeywordExecutor.groovy:74)
	at com.kms.katalon.core.webui.keyword.WebUiBuiltInKeywords.click(WebUiBuiltInKeywords.groovy:620)
	at com.kms.katalon.core.webui.keyword.WebUiBuiltInKeywords$click$3.call(Unknown Source)
	at tN_Add New Resource.run(tN_Add New Resource:57)
	at com.kms.katalon.core.main.ScriptEngine.run(ScriptEngine.java:194)
	at com.kms.katalon.core.main.ScriptEngine.runScriptAsRawText(ScriptEngine.java:119)
	at com.kms.katalon.core.main.TestCaseExecutor.runScript(TestCaseExecutor.java:430)
	at com.kms.katalon.core.main.TestCaseExecutor.doExecute(TestCaseExecutor.java:421)
	at com.kms.katalon.core.main.TestCaseExecutor.processExecutionPhase(TestCaseExecutor.java:400)
	at com.kms.katalon.core.main.TestCaseExecutor.accessMainPhase(TestCaseExecutor.java:392)
	at com.kms.katalon.core.main.TestCaseExecutor.execute(TestCaseExecutor.java:273)
	at com.kms.katalon.core.main.TestSuiteExecutor.accessTestCaseMainPhase(TestSuiteExecutor.java:202)
	at com.kms.katalon.core.main.TestSuiteExecutor.accessTestSuiteMainPhase(TestSuiteExecutor.java:164)
	at com.kms.katalon.core.main.TestSuiteExecutor.execute(TestSuiteExecutor.java:105)
	at com.kms.katalon.core.main.TestCaseMain.startTestSuite(TestCaseMain.java:185)
	at com.kms.katalon.core.main.TestCaseMain$startTestSuite$0.call(Unknown Source)
	at TempTestSuite1632864492590.run(TempTestSuite1632864492590.groovy:36)
Caused by: com.kms.katalon.core.webui.exception.WebElementNotFoundException: Web element with id: 'Object Repository/Page_tC Create/Add new resource objects/button_Manage Versions' located by '//*[@type = 'button' and @aria-label = 'Manage Versions']' not found
	at com.kms.katalon.core.webui.common.WebUiCommonHelper.findWebElement(WebUiCommonHelper.java:1368)
	at com.kms.katalon.core.webui.keyword.internal.WebUIAbstractKeyword.findWebElement(WebUIAbstractKeyword.groovy:27)
	at com.kms.katalon.core.webui.keyword.internal.WebUIAbstractKeyword.findWebElement(WebUIAbstractKeyword.groovy:26)
	at com.kms.katalon.core.webui.keyword.builtin.ClickKeyword$_click_closure1.doCall(ClickKeyword.groovy:66)
	at com.kms.katalon.core.webui.keyword.builtin.ClickKeyword$_click_closure1.call(ClickKeyword.groovy)
	at com.kms.katalon.core.webui.keyword.internal.WebUIKeywordMain.runKeyword(WebUIKeywordMain.groovy:20)
	at com.kms.katalon.core.webui.keyword.builtin.ClickKeyword.click(ClickKeyword.groovy:75)
	at com.kms.katalon.core.webui.keyword.builtin.ClickKeyword.execute(ClickKeyword.groovy:42)
	at com.kms.katalon.core.keyword.internal.KeywordExecutor.executeKeywordForPlatform(KeywordExecutor.groovy:74)
	at com.kms.katalon.core.webui.keyword.WebUiBuiltInKeywords.click(WebUiBuiltInKeywords.groovy:620)
	at com.kms.katalon.core.webui.keyword.WebUiBuiltInKeywords$click$3.call(Unknown Source)
	at Script1609194777899.run(Script1609194777899.groovy:57)
	... 13 more
)
[[ATTACHMENT|/Users/elsylitsonlambert/git/tcCreateQA/Reports/20210928_172811/Test Suite1- Regression/20210928_172812/1632865341957.png]]

2021-09-28 17:42:22 - [TEST_STEP][FAILED] - click(findTestObject("Page_tC Create/Add new resource objects/input_Resource Path_resourceUrl")): Unable to click on object 'Object Repository/Page_tC Create/Add new resource objects/input_Resource Path_resourceUrl' (Root cause: com.kms.katalon.core.exception.StepFailedException: Unable to click on object 'Object Repository/Page_tC Create/Add new resource objects/input_Resource Path_resourceUrl'
	at com.kms.katalon.core.webui.keyword.internal.WebUIKeywordMain.stepFailed(WebUIKeywordMain.groovy:64)
	at com.kms.katalon.core.webui.keyword.internal.WebUIKeywordMain.runKeyword(WebUIKeywordMain.groovy:26)
	at com.kms.katalon.core.webui.keyword.builtin.ClickKeyword.click(ClickKeyword.groovy:75)
	at com.kms.katalon.core.webui.keyword.builtin.ClickKeyword.execute(ClickKeyword.groovy:42)
	at com.kms.katalon.core.keyword.internal.KeywordExecutor.executeKeywordForPlatform(KeywordExecutor.groovy:74)
	at com.kms.katalon.core.webui.keyword.WebUiBuiltInKeywords.click(WebUiBuiltInKeywords.groovy:620)
	at com.kms.katalon.core.webui.keyword.WebUiBuiltInKeywords$click$3.call(Unknown Source)
	at tN_Add New Resource.run(tN_Add New Resource:59)
	at com.kms.katalon.core.main.ScriptEngine.run(ScriptEngine.java:194)
	at com.kms.katalon.core.main.ScriptEngine.runScriptAsRawText(ScriptEngine.java:119)
	at com.kms.katalon.core.main.TestCaseExecutor.runScript(TestCaseExecutor.java:430)
	at com.kms.katalon.core.main.TestCaseExecutor.doExecute(TestCaseExecutor.java:421)
	at com.kms.katalon.core.main.TestCaseExecutor.processExecutionPhase(TestCaseExecutor.java:400)
	at com.kms.katalon.core.main.TestCaseExecutor.accessMainPhase(TestCaseExecutor.java:392)
	at com.kms.katalon.core.main.TestCaseExecutor.execute(TestCaseExecutor.java:273)
	at com.kms.katalon.core.main.TestSuiteExecutor.accessTestCaseMainPhase(TestSuiteExecutor.java:202)
	at com.kms.katalon.core.main.TestSuiteExecutor.accessTestSuiteMainPhase(TestSuiteExecutor.java:164)
	at com.kms.katalon.core.main.TestSuiteExecutor.execute(TestSuiteExecutor.java:105)
	at com.kms.katalon.core.main.TestCaseMain.startTestSuite(TestCaseMain.java:185)
	at com.kms.katalon.core.main.TestCaseMain$startTestSuite$0.call(Unknown Source)
	at TempTestSuite1632864492590.run(TempTestSuite1632864492590.groovy:36)
Caused by: com.kms.katalon.core.webui.exception.WebElementNotFoundException: Web element with id: 'Object Repository/Page_tC Create/Add new resource objects/input_Resource Path_resourceUrl' located by '//*[@id = 'resourceUrl' and @type = 'text']' not found
	at com.kms.katalon.core.webui.common.WebUiCommonHelper.findWebElement(WebUiCommonHelper.java:1368)
	at com.kms.katalon.core.webui.keyword.internal.WebUIAbstractKeyword.findWebElement(WebUIAbstractKeyword.groovy:27)
	at com.kms.katalon.core.webui.keyword.internal.WebUIAbstractKeyword.findWebElement(WebUIAbstractKeyword.groovy:26)
	at com.kms.katalon.core.webui.keyword.builtin.ClickKeyword$_click_closure1.doCall(ClickKeyword.groovy:66)
	at com.kms.katalon.core.webui.keyword.builtin.ClickKeyword$_click_closure1.call(ClickKeyword.groovy)
	at com.kms.katalon.core.webui.keyword.internal.WebUIKeywordMain.runKeyword(WebUIKeywordMain.groovy:20)
	at com.kms.katalon.core.webui.keyword.builtin.ClickKeyword.click(ClickKeyword.groovy:75)
	at com.kms.katalon.core.webui.keyword.builtin.ClickKeyword.execute(ClickKeyword.groovy:42)
	at com.kms.katalon.core.keyword.internal.KeywordExecutor.executeKeywordForPlatform(KeywordExecutor.groovy:74)
	at com.kms.katalon.core.webui.keyword.WebUiBuiltInKeywords.click(WebUiBuiltInKeywords.groovy:620)
	at com.kms.katalon.core.webui.keyword.WebUiBuiltInKeywords$click$3.call(Unknown Source)
	at Script1609194777899.run(Script1609194777899.groovy:59)
	... 13 more
)

2021-09-28 17:42:53 - [MESSAGE][INFO] - Unable to find the element located by 'By.xpath: //*[@id = 'resourceUrl' and @type = 'text']'. Please recheck the objects properties to make sure the desired element is located. 

2021-09-28 17:42:53 - [MESSAGE][FAILED] - Unable to click on object 'Object Repository/Page_tC Create/Add new resource objects/input_Resource Path_resourceUrl' (Root cause: com.kms.katalon.core.exception.StepFailedException: Unable to click on object 'Object Repository/Page_tC Create/Add new resource objects/input_Resource Path_resourceUrl'
	at com.kms.katalon.core.webui.keyword.internal.WebUIKeywordMain.stepFailed(WebUIKeywordMain.groovy:64)
	at com.kms.katalon.core.webui.keyword.internal.WebUIKeywordMain.runKeyword(WebUIKeywordMain.groovy:26)
	at com.kms.katalon.core.webui.keyword.builtin.ClickKeyword.click(ClickKeyword.groovy:75)
	at com.kms.katalon.core.webui.keyword.builtin.ClickKeyword.execute(ClickKeyword.groovy:42)
	at com.kms.katalon.core.keyword.internal.KeywordExecutor.executeKeywordForPlatform(KeywordExecutor.groovy:74)
	at com.kms.katalon.core.webui.keyword.WebUiBuiltInKeywords.click(WebUiBuiltInKeywords.groovy:620)
	at com.kms.katalon.core.webui.keyword.WebUiBuiltInKeywords$click$3.call(Unknown Source)
	at tN_Add New Resource.run(tN_Add New Resource:59)
	at com.kms.katalon.core.main.ScriptEngine.run(ScriptEngine.java:194)
	at com.kms.katalon.core.main.ScriptEngine.runScriptAsRawText(ScriptEngine.java:119)
	at com.kms.katalon.core.main.TestCaseExecutor.runScript(TestCaseExecutor.java:430)
	at com.kms.katalon.core.main.TestCaseExecutor.doExecute(TestCaseExecutor.java:421)
	at com.kms.katalon.core.main.TestCaseExecutor.processExecutionPhase(TestCaseExecutor.java:400)
	at com.kms.katalon.core.main.TestCaseExecutor.accessMainPhase(TestCaseExecutor.java:392)
	at com.kms.katalon.core.main.TestCaseExecutor.execute(TestCaseExecutor.java:273)
	at com.kms.katalon.core.main.TestSuiteExecutor.accessTestCaseMainPhase(TestSuiteExecutor.java:202)
	at com.kms.katalon.core.main.TestSuiteExecutor.accessTestSuiteMainPhase(TestSuiteExecutor.java:164)
	at com.kms.katalon.core.main.TestSuiteExecutor.execute(TestSuiteExecutor.java:105)
	at com.kms.katalon.core.main.TestCaseMain.startTestSuite(TestCaseMain.java:185)
	at com.kms.katalon.core.main.TestCaseMain$startTestSuite$0.call(Unknown Source)
	at TempTestSuite1632864492590.run(TempTestSuite1632864492590.groovy:36)
Caused by: com.kms.katalon.core.webui.exception.WebElementNotFoundException: Web element with id: 'Object Repository/Page_tC Create/Add new resource objects/input_Resource Path_resourceUrl' located by '//*[@id = 'resourceUrl' and @type = 'text']' not found
	at com.kms.katalon.core.webui.common.WebUiCommonHelper.findWebElement(WebUiCommonHelper.java:1368)
	at com.kms.katalon.core.webui.keyword.internal.WebUIAbstractKeyword.findWebElement(WebUIAbstractKeyword.groovy:27)
	at com.kms.katalon.core.webui.keyword.internal.WebUIAbstractKeyword.findWebElement(WebUIAbstractKeyword.groovy:26)
	at com.kms.katalon.core.webui.keyword.builtin.ClickKeyword$_click_closure1.doCall(ClickKeyword.groovy:66)
	at com.kms.katalon.core.webui.keyword.builtin.ClickKeyword$_click_closure1.call(ClickKeyword.groovy)
	at com.kms.katalon.core.webui.keyword.internal.WebUIKeywordMain.runKeyword(WebUIKeywordMain.groovy:20)
	at com.kms.katalon.core.webui.keyword.builtin.ClickKeyword.click(ClickKeyword.groovy:75)
	at com.kms.katalon.core.webui.keyword.builtin.ClickKeyword.execute(ClickKeyword.groovy:42)
	at com.kms.katalon.core.keyword.internal.KeywordExecutor.executeKeywordForPlatform(KeywordExecutor.groovy:74)
	at com.kms.katalon.core.webui.keyword.WebUiBuiltInKeywords.click(WebUiBuiltInKeywords.groovy:620)
	at com.kms.katalon.core.webui.keyword.WebUiBuiltInKeywords$click$3.call(Unknown Source)
	at Script1609194777899.run(Script1609194777899.groovy:59)
	... 13 more
)
[[ATTACHMENT|/Users/elsylitsonlambert/git/tcCreateQA/Reports/20210928_172811/Test Suite1- Regression/20210928_172812/1632865373406.png]]

2021-09-28 17:42:53 - [TEST_STEP][FAILED] - setText(findTestObject("Page_tC Create/Add new resource objects/input_Resource Path_resourceUrl"), "Door43-Catalog/hi/ulb/master/"): Unable to set text 'Door43-Catalog/hi/ulb/master/' of object 'Object Repository/Page_tC Create/Add new resource objects/input_Resource Path_resourceUrl' (Root cause: com.kms.katalon.core.exception.StepFailedException: Unable to set text 'Door43-Catalog/hi/ulb/master/' of object 'Object Repository/Page_tC Create/Add new resource objects/input_Resource Path_resourceUrl'
	at com.kms.katalon.core.webui.keyword.internal.WebUIKeywordMain.stepFailed(WebUIKeywordMain.groovy:64)
	at com.kms.katalon.core.webui.keyword.internal.WebUIKeywordMain.runKeyword(WebUIKeywordMain.groovy:26)
	at com.kms.katalon.core.webui.keyword.builtin.SetTextKeyword.setText(SetTextKeyword.groovy:66)
	at com.kms.katalon.core.webui.keyword.builtin.SetTextKeyword.execute(SetTextKeyword.groovy:37)
	at com.kms.katalon.core.keyword.internal.KeywordExecutor.executeKeywordForPlatform(KeywordExecutor.groovy:74)
	at com.kms.katalon.core.webui.keyword.WebUiBuiltInKeywords.setText(WebUiBuiltInKeywords.groovy:980)
	at com.kms.katalon.core.webui.keyword.WebUiBuiltInKeywords$setText$22.call(Unknown Source)
	at tN_Add New Resource.run(tN_Add New Resource:61)
	at com.kms.katalon.core.main.ScriptEngine.run(ScriptEngine.java:194)
	at com.kms.katalon.core.main.ScriptEngine.runScriptAsRawText(ScriptEngine.java:119)
	at com.kms.katalon.core.main.TestCaseExecutor.runScript(TestCaseExecutor.java:430)
	at com.kms.katalon.core.main.TestCaseExecutor.doExecute(TestCaseExecutor.java:421)
	at com.kms.katalon.core.main.TestCaseExecutor.processExecutionPhase(TestCaseExecutor.java:400)
	at com.kms.katalon.core.main.TestCaseExecutor.accessMainPhase(TestCaseExecutor.java:392)
	at com.kms.katalon.core.main.TestCaseExecutor.execute(TestCaseExecutor.java:273)
	at com.kms.katalon.core.main.TestSuiteExecutor.accessTestCaseMainPhase(TestSuiteExecutor.java:202)
	at com.kms.katalon.core.main.TestSuiteExecutor.accessTestSuiteMainPhase(TestSuiteExecutor.java:164)
	at com.kms.katalon.core.main.TestSuiteExecutor.execute(TestSuiteExecutor.java:105)
	at com.kms.katalon.core.main.TestCaseMain.startTestSuite(TestCaseMain.java:185)
	at com.kms.katalon.core.main.TestCaseMain$startTestSuite$0.call(Unknown Source)
	at TempTestSuite1632864492590.run(TempTestSuite1632864492590.groovy:36)
Caused by: com.kms.katalon.core.webui.exception.WebElementNotFoundException: Web element with id: 'Object Repository/Page_tC Create/Add new resource objects/input_Resource Path_resourceUrl' located by '//*[@id = 'resourceUrl' and @type = 'text']' not found
	at com.kms.katalon.core.webui.common.WebUiCommonHelper.findWebElement(WebUiCommonHelper.java:1368)
	at com.kms.katalon.core.webui.keyword.internal.WebUIAbstractKeyword.findWebElement(WebUIAbstractKeyword.groovy:27)
	at com.kms.katalon.core.webui.keyword.internal.WebUIAbstractKeyword.findWebElement(WebUIAbstractKeyword.groovy:26)
	at com.kms.katalon.core.webui.keyword.builtin.SetTextKeyword$_setText_closure1.doCall(SetTextKeyword.groovy:51)
	at com.kms.katalon.core.webui.keyword.builtin.SetTextKeyword$_setText_closure1.call(SetTextKeyword.groovy)
	at com.kms.katalon.core.webui.keyword.internal.WebUIKeywordMain.runKeyword(WebUIKeywordMain.groovy:20)
	at com.kms.katalon.core.webui.keyword.builtin.SetTextKeyword.setText(SetTextKeyword.groovy:66)
	at com.kms.katalon.core.webui.keyword.builtin.SetTextKeyword.execute(SetTextKeyword.groovy:37)
	at com.kms.katalon.core.keyword.internal.KeywordExecutor.executeKeywordForPlatform(KeywordExecutor.groovy:74)
	at com.kms.katalon.core.webui.keyword.WebUiBuiltInKeywords.setText(WebUiBuiltInKeywords.groovy:980)
	at com.kms.katalon.core.webui.keyword.WebUiBuiltInKeywords$setText$22.call(Unknown Source)
	at Script1609194777899.run(Script1609194777899.groovy:61)
	... 13 more
)

2021-09-28 17:43:24 - [MESSAGE][INFO] - Unable to find the element located by 'By.xpath: //*[@id = 'resourceUrl' and @type = 'text']'. Please recheck the objects properties to make sure the desired element is located. 

2021-09-28 17:43:25 - [MESSAGE][FAILED] - Unable to set text 'Door43-Catalog/hi/ulb/master/' of object 'Object Repository/Page_tC Create/Add new resource objects/input_Resource Path_resourceUrl' (Root cause: com.kms.katalon.core.exception.StepFailedException: Unable to set text 'Door43-Catalog/hi/ulb/master/' of object 'Object Repository/Page_tC Create/Add new resource objects/input_Resource Path_resourceUrl'
	at com.kms.katalon.core.webui.keyword.internal.WebUIKeywordMain.stepFailed(WebUIKeywordMain.groovy:64)
	at com.kms.katalon.core.webui.keyword.internal.WebUIKeywordMain.runKeyword(WebUIKeywordMain.groovy:26)
	at com.kms.katalon.core.webui.keyword.builtin.SetTextKeyword.setText(SetTextKeyword.groovy:66)
	at com.kms.katalon.core.webui.keyword.builtin.SetTextKeyword.execute(SetTextKeyword.groovy:37)
	at com.kms.katalon.core.keyword.internal.KeywordExecutor.executeKeywordForPlatform(KeywordExecutor.groovy:74)
	at com.kms.katalon.core.webui.keyword.WebUiBuiltInKeywords.setText(WebUiBuiltInKeywords.groovy:980)
	at com.kms.katalon.core.webui.keyword.WebUiBuiltInKeywords$setText$22.call(Unknown Source)
	at tN_Add New Resource.run(tN_Add New Resource:61)
	at com.kms.katalon.core.main.ScriptEngine.run(ScriptEngine.java:194)
	at com.kms.katalon.core.main.ScriptEngine.runScriptAsRawText(ScriptEngine.java:119)
	at com.kms.katalon.core.main.TestCaseExecutor.runScript(TestCaseExecutor.java:430)
	at com.kms.katalon.core.main.TestCaseExecutor.doExecute(TestCaseExecutor.java:421)
	at com.kms.katalon.core.main.TestCaseExecutor.processExecutionPhase(TestCaseExecutor.java:400)
	at com.kms.katalon.core.main.TestCaseExecutor.accessMainPhase(TestCaseExecutor.java:392)
	at com.kms.katalon.core.main.TestCaseExecutor.execute(TestCaseExecutor.java:273)
	at com.kms.katalon.core.main.TestSuiteExecutor.accessTestCaseMainPhase(TestSuiteExecutor.java:202)
	at com.kms.katalon.core.main.TestSuiteExecutor.accessTestSuiteMainPhase(TestSuiteExecutor.java:164)
	at com.kms.katalon.core.main.TestSuiteExecutor.execute(TestSuiteExecutor.java:105)
	at com.kms.katalon.core.main.TestCaseMain.startTestSuite(TestCaseMain.java:185)
	at com.kms.katalon.core.main.TestCaseMain$startTestSuite$0.call(Unknown Source)
	at TempTestSuite1632864492590.run(TempTestSuite1632864492590.groovy:36)
Caused by: com.kms.katalon.core.webui.exception.WebElementNotFoundException: Web element with id: 'Object Repository/Page_tC Create/Add new resource objects/input_Resource Path_resourceUrl' located by '//*[@id = 'resourceUrl' and @type = 'text']' not found
	at com.kms.katalon.core.webui.common.WebUiCommonHelper.findWebElement(WebUiCommonHelper.java:1368)
	at com.kms.katalon.core.webui.keyword.internal.WebUIAbstractKeyword.findWebElement(WebUIAbstractKeyword.groovy:27)
	at com.kms.katalon.core.webui.keyword.internal.WebUIAbstractKeyword.findWebElement(WebUIAbstractKeyword.groovy:26)
	at com.kms.katalon.core.webui.keyword.builtin.SetTextKeyword$_setText_closure1.doCall(SetTextKeyword.groovy:51)
	at com.kms.katalon.core.webui.keyword.builtin.SetTextKeyword$_setText_closure1.call(SetTextKeyword.groovy)
	at com.kms.katalon.core.webui.keyword.internal.WebUIKeywordMain.runKeyword(WebUIKeywordMain.groovy:20)
	at com.kms.katalon.core.webui.keyword.builtin.SetTextKeyword.setText(SetTextKeyword.groovy:66)
	at com.kms.katalon.core.webui.keyword.builtin.SetTextKeyword.execute(SetTextKeyword.groovy:37)
	at com.kms.katalon.core.keyword.internal.KeywordExecutor.executeKeywordForPlatform(KeywordExecutor.groovy:74)
	at com.kms.katalon.core.webui.keyword.WebUiBuiltInKeywords.setText(WebUiBuiltInKeywords.groovy:980)
	at com.kms.katalon.core.webui.keyword.WebUiBuiltInKeywords$setText$22.call(Unknown Source)
	at Script1609194777899.run(Script1609194777899.groovy:61)
	... 13 more
)
[[ATTACHMENT|/Users/elsylitsonlambert/git/tcCreateQA/Reports/20210928_172811/Test Suite1- Regression/20210928_172812/1632865404912.png]]

2021-09-28 17:43:25 - [TEST_STEP][FAILED] - click(findTestObject("Object Repository/Page_tC Create/Add new resource objects/button_Add_Resource Path")): Unable to click on object 'Object Repository/Page_tC Create/Add new resource objects/button_Add_Resource Path' (Root cause: com.kms.katalon.core.exception.StepFailedException: Unable to click on object 'Object Repository/Page_tC Create/Add new resource objects/button_Add_Resource Path'
	at com.kms.katalon.core.webui.keyword.internal.WebUIKeywordMain.stepFailed(WebUIKeywordMain.groovy:64)
	at com.kms.katalon.core.webui.keyword.internal.WebUIKeywordMain.runKeyword(WebUIKeywordMain.groovy:26)
	at com.kms.katalon.core.webui.keyword.builtin.ClickKeyword.click(ClickKeyword.groovy:75)
	at com.kms.katalon.core.webui.keyword.builtin.ClickKeyword.execute(ClickKeyword.groovy:42)
	at com.kms.katalon.core.keyword.internal.KeywordExecutor.executeKeywordForPlatform(KeywordExecutor.groovy:74)
	at com.kms.katalon.core.webui.keyword.WebUiBuiltInKeywords.click(WebUiBuiltInKeywords.groovy:620)
	at com.kms.katalon.core.webui.keyword.WebUiBuiltInKeywords$click$3.call(Unknown Source)
	at tN_Add New Resource.run(tN_Add New Resource:65)
	at com.kms.katalon.core.main.ScriptEngine.run(ScriptEngine.java:194)
	at com.kms.katalon.core.main.ScriptEngine.runScriptAsRawText(ScriptEngine.java:119)
	at com.kms.katalon.core.main.TestCaseExecutor.runScript(TestCaseExecutor.java:430)
	at com.kms.katalon.core.main.TestCaseExecutor.doExecute(TestCaseExecutor.java:421)
	at com.kms.katalon.core.main.TestCaseExecutor.processExecutionPhase(TestCaseExecutor.java:400)
	at com.kms.katalon.core.main.TestCaseExecutor.accessMainPhase(TestCaseExecutor.java:392)
	at com.kms.katalon.core.main.TestCaseExecutor.execute(TestCaseExecutor.java:273)
	at com.kms.katalon.core.main.TestSuiteExecutor.accessTestCaseMainPhase(TestSuiteExecutor.java:202)
	at com.kms.katalon.core.main.TestSuiteExecutor.accessTestSuiteMainPhase(TestSuiteExecutor.java:164)
	at com.kms.katalon.core.main.TestSuiteExecutor.execute(TestSuiteExecutor.java:105)
	at com.kms.katalon.core.main.TestCaseMain.startTestSuite(TestCaseMain.java:185)
	at com.kms.katalon.core.main.TestCaseMain$startTestSuite$0.call(Unknown Source)
	at TempTestSuite1632864492590.run(TempTestSuite1632864492590.groovy:36)
Caused by: com.kms.katalon.core.webui.exception.WebElementNotFoundException: Web element with id: 'Object Repository/Page_tC Create/Add new resource objects/button_Add_Resource Path' located by '//*[@type = 'button' and @aria-label = 'Add Resource']' not found
	at com.kms.katalon.core.webui.common.WebUiCommonHelper.findWebElement(WebUiCommonHelper.java:1368)
	at com.kms.katalon.core.webui.keyword.internal.WebUIAbstractKeyword.findWebElement(WebUIAbstractKeyword.groovy:27)
	at com.kms.katalon.core.webui.keyword.internal.WebUIAbstractKeyword.findWebElement(WebUIAbstractKeyword.groovy:26)
	at com.kms.katalon.core.webui.keyword.builtin.ClickKeyword$_click_closure1.doCall(ClickKeyword.groovy:66)
	at com.kms.katalon.core.webui.keyword.builtin.ClickKeyword$_click_closure1.call(ClickKeyword.groovy)
	at com.kms.katalon.core.webui.keyword.internal.WebUIKeywordMain.runKeyword(WebUIKeywordMain.groovy:20)
	at com.kms.katalon.core.webui.keyword.builtin.ClickKeyword.click(ClickKeyword.groovy:75)
	at com.kms.katalon.core.webui.keyword.builtin.ClickKeyword.execute(ClickKeyword.groovy:42)
	at com.kms.katalon.core.keyword.internal.KeywordExecutor.executeKeywordForPlatform(KeywordExecutor.groovy:74)
	at com.kms.katalon.core.webui.keyword.WebUiBuiltInKeywords.click(WebUiBuiltInKeywords.groovy:620)
	at com.kms.katalon.core.webui.keyword.WebUiBuiltInKeywords$click$3.call(Unknown Source)
	at Script1609194777899.run(Script1609194777899.groovy:65)
	... 13 more
)

2021-09-28 17:43:56 - [MESSAGE][INFO] - Unable to find the element located by 'By.xpath: //*[@type = 'button' and @aria-label = 'Add Resource']'. Please recheck the objects properties to make sure the desired element is located. 

2021-09-28 17:43:56 - [MESSAGE][FAILED] - Unable to click on object 'Object Repository/Page_tC Create/Add new resource objects/button_Add_Resource Path' (Root cause: com.kms.katalon.core.exception.StepFailedException: Unable to click on object 'Object Repository/Page_tC Create/Add new resource objects/button_Add_Resource Path'
	at com.kms.katalon.core.webui.keyword.internal.WebUIKeywordMain.stepFailed(WebUIKeywordMain.groovy:64)
	at com.kms.katalon.core.webui.keyword.internal.WebUIKeywordMain.runKeyword(WebUIKeywordMain.groovy:26)
	at com.kms.katalon.core.webui.keyword.builtin.ClickKeyword.click(ClickKeyword.groovy:75)
	at com.kms.katalon.core.webui.keyword.builtin.ClickKeyword.execute(ClickKeyword.groovy:42)
	at com.kms.katalon.core.keyword.internal.KeywordExecutor.executeKeywordForPlatform(KeywordExecutor.groovy:74)
	at com.kms.katalon.core.webui.keyword.WebUiBuiltInKeywords.click(WebUiBuiltInKeywords.groovy:620)
	at com.kms.katalon.core.webui.keyword.WebUiBuiltInKeywords$click$3.call(Unknown Source)
	at tN_Add New Resource.run(tN_Add New Resource:65)
	at com.kms.katalon.core.main.ScriptEngine.run(ScriptEngine.java:194)
	at com.kms.katalon.core.main.ScriptEngine.runScriptAsRawText(ScriptEngine.java:119)
	at com.kms.katalon.core.main.TestCaseExecutor.runScript(TestCaseExecutor.java:430)
	at com.kms.katalon.core.main.TestCaseExecutor.doExecute(TestCaseExecutor.java:421)
	at com.kms.katalon.core.main.TestCaseExecutor.processExecutionPhase(TestCaseExecutor.java:400)
	at com.kms.katalon.core.main.TestCaseExecutor.accessMainPhase(TestCaseExecutor.java:392)
	at com.kms.katalon.core.main.TestCaseExecutor.execute(TestCaseExecutor.java:273)
	at com.kms.katalon.core.main.TestSuiteExecutor.accessTestCaseMainPhase(TestSuiteExecutor.java:202)
	at com.kms.katalon.core.main.TestSuiteExecutor.accessTestSuiteMainPhase(TestSuiteExecutor.java:164)
	at com.kms.katalon.core.main.TestSuiteExecutor.execute(TestSuiteExecutor.java:105)
	at com.kms.katalon.core.main.TestCaseMain.startTestSuite(TestCaseMain.java:185)
	at com.kms.katalon.core.main.TestCaseMain$startTestSuite$0.call(Unknown Source)
	at TempTestSuite1632864492590.run(TempTestSuite1632864492590.groovy:36)
Caused by: com.kms.katalon.core.webui.exception.WebElementNotFoundException: Web element with id: 'Object Repository/Page_tC Create/Add new resource objects/button_Add_Resource Path' located by '//*[@type = 'button' and @aria-label = 'Add Resource']' not found
	at com.kms.katalon.core.webui.common.WebUiCommonHelper.findWebElement(WebUiCommonHelper.java:1368)
	at com.kms.katalon.core.webui.keyword.internal.WebUIAbstractKeyword.findWebElement(WebUIAbstractKeyword.groovy:27)
	at com.kms.katalon.core.webui.keyword.internal.WebUIAbstractKeyword.findWebElement(WebUIAbstractKeyword.groovy:26)
	at com.kms.katalon.core.webui.keyword.builtin.ClickKeyword$_click_closure1.doCall(ClickKeyword.groovy:66)
	at com.kms.katalon.core.webui.keyword.builtin.ClickKeyword$_click_closure1.call(ClickKeyword.groovy)
	at com.kms.katalon.core.webui.keyword.internal.WebUIKeywordMain.runKeyword(WebUIKeywordMain.groovy:20)
	at com.kms.katalon.core.webui.keyword.builtin.ClickKeyword.click(ClickKeyword.groovy:75)
	at com.kms.katalon.core.webui.keyword.builtin.ClickKeyword.execute(ClickKeyword.groovy:42)
	at com.kms.katalon.core.keyword.internal.KeywordExecutor.executeKeywordForPlatform(KeywordExecutor.groovy:74)
	at com.kms.katalon.core.webui.keyword.WebUiBuiltInKeywords.click(WebUiBuiltInKeywords.groovy:620)
	at com.kms.katalon.core.webui.keyword.WebUiBuiltInKeywords$click$3.call(Unknown Source)
	at Script1609194777899.run(Script1609194777899.groovy:65)
	... 13 more
)
[[ATTACHMENT|/Users/elsylitsonlambert/git/tcCreateQA/Reports/20210928_172811/Test Suite1- Regression/20210928_172812/1632865436465.png]]

2021-09-28 17:43:56 - [TEST_STEP][FAILED] - if (verifyElementChecked(findTestObject("Object Repository/Page_tC Create/Add new resource objects/input_unfoldingWord Simplified Textv14_jss5689"), 1)): Unable to verify object 'Object Repository/Page_tC Create/Add new resource objects/input_unfoldingWord Simplified Textv14_jss5689' is checked (Root cause: com.kms.katalon.core.exception.StepFailedException: Unable to verify object 'Object Repository/Page_tC Create/Add new resource objects/input_unfoldingWord Simplified Textv14_jss5689' is checked
	at com.kms.katalon.core.webui.keyword.internal.WebUIKeywordMain.stepFailed(WebUIKeywordMain.groovy:64)
	at com.kms.katalon.core.webui.keyword.internal.WebUIKeywordMain.runKeyword(WebUIKeywordMain.groovy:26)
	at com.kms.katalon.core.webui.keyword.builtin.VerifyElementCheckedKeyword.verifyElementChecked(VerifyElementCheckedKeyword.groovy:92)
	at com.kms.katalon.core.webui.keyword.builtin.VerifyElementCheckedKeyword.execute(VerifyElementCheckedKeyword.groovy:68)
	at com.kms.katalon.core.keyword.internal.KeywordExecutor.executeKeywordForPlatform(KeywordExecutor.groovy:74)
	at com.kms.katalon.core.webui.keyword.WebUiBuiltInKeywords.verifyElementChecked(WebUiBuiltInKeywords.groovy:1397)
	at com.kms.katalon.core.webui.keyword.WebUiBuiltInKeywords$verifyElementChecked$25.call(Unknown Source)
	at tN_Add New Resource.run(tN_Add New Resource:68)
	at com.kms.katalon.core.main.ScriptEngine.run(ScriptEngine.java:194)
	at com.kms.katalon.core.main.ScriptEngine.runScriptAsRawText(ScriptEngine.java:119)
	at com.kms.katalon.core.main.TestCaseExecutor.runScript(TestCaseExecutor.java:430)
	at com.kms.katalon.core.main.TestCaseExecutor.doExecute(TestCaseExecutor.java:421)
	at com.kms.katalon.core.main.TestCaseExecutor.processExecutionPhase(TestCaseExecutor.java:400)
	at com.kms.katalon.core.main.TestCaseExecutor.accessMainPhase(TestCaseExecutor.java:392)
	at com.kms.katalon.core.main.TestCaseExecutor.execute(TestCaseExecutor.java:273)
	at com.kms.katalon.core.main.TestSuiteExecutor.accessTestCaseMainPhase(TestSuiteExecutor.java:202)
	at com.kms.katalon.core.main.TestSuiteExecutor.accessTestSuiteMainPhase(TestSuiteExecutor.java:164)
	at com.kms.katalon.core.main.TestSuiteExecutor.execute(TestSuiteExecutor.java:105)
	at com.kms.katalon.core.main.TestCaseMain.startTestSuite(TestCaseMain.java:185)
	at com.kms.katalon.core.main.TestCaseMain$startTestSuite$0.call(Unknown Source)
	at TempTestSuite1632864492590.run(TempTestSuite1632864492590.groovy:36)
Caused by: com.kms.katalon.core.webui.exception.WebElementNotFoundException: Web element with id: 'Object Repository/Page_tC Create/Add new resource objects/input_unfoldingWord Simplified Textv14_jss5689' located by '(//input[@value=''])[4]' not found
	at com.kms.katalon.core.webui.common.WebUiCommonHelper.findWebElement(WebUiCommonHelper.java:1368)
	at com.kms.katalon.core.webui.keyword.internal.WebUIAbstractKeyword.findWebElement(WebUIAbstractKeyword.groovy:27)
	at com.kms.katalon.core.webui.keyword.builtin.VerifyElementCheckedKeyword$_verifyElementChecked_closure1.doCall(VerifyElementCheckedKeyword.groovy:78)
	at com.kms.katalon.core.webui.keyword.builtin.VerifyElementCheckedKeyword$_verifyElementChecked_closure1.call(VerifyElementCheckedKeyword.groovy)
	at com.kms.katalon.core.webui.keyword.internal.WebUIKeywordMain.runKeyword(WebUIKeywordMain.groovy:20)
	at com.kms.katalon.core.webui.keyword.builtin.VerifyElementCheckedKeyword.verifyElementChecked(VerifyElementCheckedKeyword.groovy:92)
	at com.kms.katalon.core.webui.keyword.builtin.VerifyElementCheckedKeyword.execute(VerifyElementCheckedKeyword.groovy:68)
	at com.kms.katalon.core.keyword.internal.KeywordExecutor.executeKeywordForPlatform(KeywordExecutor.groovy:74)
	at com.kms.katalon.core.webui.keyword.WebUiBuiltInKeywords.verifyElementChecked(WebUiBuiltInKeywords.groovy:1397)
	at com.kms.katalon.core.webui.keyword.WebUiBuiltInKeywords$verifyElementChecked$25.call(Unknown Source)
	at Script1609194777899.run(Script1609194777899.groovy:68)
	... 13 more
)

2021-09-28 17:43:59 - [MESSAGE][INFO] - Unable to find the element located by 'By.xpath: (//input[@value=''])[4]'. Please recheck the objects properties to make sure the desired element is located. 

2021-09-28 17:43:59 - [MESSAGE][FAILED] - Unable to verify object 'Object Repository/Page_tC Create/Add new resource objects/input_unfoldingWord Simplified Textv14_jss5689' is checked (Root cause: com.kms.katalon.core.exception.StepFailedException: Unable to verify object 'Object Repository/Page_tC Create/Add new resource objects/input_unfoldingWord Simplified Textv14_jss5689' is checked
	at com.kms.katalon.core.webui.keyword.internal.WebUIKeywordMain.stepFailed(WebUIKeywordMain.groovy:64)
	at com.kms.katalon.core.webui.keyword.internal.WebUIKeywordMain.runKeyword(WebUIKeywordMain.groovy:26)
	at com.kms.katalon.core.webui.keyword.builtin.VerifyElementCheckedKeyword.verifyElementChecked(VerifyElementCheckedKeyword.groovy:92)
	at com.kms.katalon.core.webui.keyword.builtin.VerifyElementCheckedKeyword.execute(VerifyElementCheckedKeyword.groovy:68)
	at com.kms.katalon.core.keyword.internal.KeywordExecutor.executeKeywordForPlatform(KeywordExecutor.groovy:74)
	at com.kms.katalon.core.webui.keyword.WebUiBuiltInKeywords.verifyElementChecked(WebUiBuiltInKeywords.groovy:1397)
	at com.kms.katalon.core.webui.keyword.WebUiBuiltInKeywords$verifyElementChecked$25.call(Unknown Source)
	at tN_Add New Resource.run(tN_Add New Resource:68)
	at com.kms.katalon.core.main.ScriptEngine.run(ScriptEngine.java:194)
	at com.kms.katalon.core.main.ScriptEngine.runScriptAsRawText(ScriptEngine.java:119)
	at com.kms.katalon.core.main.TestCaseExecutor.runScript(TestCaseExecutor.java:430)
	at com.kms.katalon.core.main.TestCaseExecutor.doExecute(TestCaseExecutor.java:421)
	at com.kms.katalon.core.main.TestCaseExecutor.processExecutionPhase(TestCaseExecutor.java:400)
	at com.kms.katalon.core.main.TestCaseExecutor.accessMainPhase(TestCaseExecutor.java:392)
	at com.kms.katalon.core.main.TestCaseExecutor.execute(TestCaseExecutor.java:273)
	at com.kms.katalon.core.main.TestSuiteExecutor.accessTestCaseMainPhase(TestSuiteExecutor.java:202)
	at com.kms.katalon.core.main.TestSuiteExecutor.accessTestSuiteMainPhase(TestSuiteExecutor.java:164)
	at com.kms.katalon.core.main.TestSuiteExecutor.execute(TestSuiteExecutor.java:105)
	at com.kms.katalon.core.main.TestCaseMain.startTestSuite(TestCaseMain.java:185)
	at com.kms.katalon.core.main.TestCaseMain$startTestSuite$0.call(Unknown Source)
	at TempTestSuite1632864492590.run(TempTestSuite1632864492590.groovy:36)
Caused by: com.kms.katalon.core.webui.exception.WebElementNotFoundException: Web element with id: 'Object Repository/Page_tC Create/Add new resource objects/input_unfoldingWord Simplified Textv14_jss5689' located by '(//input[@value=''])[4]' not found
	at com.kms.katalon.core.webui.common.WebUiCommonHelper.findWebElement(WebUiCommonHelper.java:1368)
	at com.kms.katalon.core.webui.keyword.internal.WebUIAbstractKeyword.findWebElement(WebUIAbstractKeyword.groovy:27)
	at com.kms.katalon.core.webui.keyword.builtin.VerifyElementCheckedKeyword$_verifyElementChecked_closure1.doCall(VerifyElementCheckedKeyword.groovy:78)
	at com.kms.katalon.core.webui.keyword.builtin.VerifyElementCheckedKeyword$_verifyElementChecked_closure1.call(VerifyElementCheckedKeyword.groovy)
	at com.kms.katalon.core.webui.keyword.internal.WebUIKeywordMain.runKeyword(WebUIKeywordMain.groovy:20)
	at com.kms.katalon.core.webui.keyword.builtin.VerifyElementCheckedKeyword.verifyElementChecked(VerifyElementCheckedKeyword.groovy:92)
	at com.kms.katalon.core.webui.keyword.builtin.VerifyElementCheckedKeyword.execute(VerifyElementCheckedKeyword.groovy:68)
	at com.kms.katalon.core.keyword.internal.KeywordExecutor.executeKeywordForPlatform(KeywordExecutor.groovy:74)
	at com.kms.katalon.core.webui.keyword.WebUiBuiltInKeywords.verifyElementChecked(WebUiBuiltInKeywords.groovy:1397)
	at com.kms.katalon.core.webui.keyword.WebUiBuiltInKeywords$verifyElementChecked$25.call(Unknown Source)
	at Script1609194777899.run(Script1609194777899.groovy:68)
	... 13 more
)
[[ATTACHMENT|/Users/elsylitsonlambert/git/tcCreateQA/Reports/20210928_172811/Test Suite1- Regression/20210928_172812/1632865439322.png]]

2021-09-28 17:43:59 - [TEST_STEP][PASSED] - else: Resource unchecked

2021-09-28 17:43:59 - [TEST_STEP][PASSED] - logInfo("Resource unchecked"): Resource unchecked

2021-09-28 17:43:59 - [MESSAGE][INFO] - Resource unchecked

2021-09-28 17:43:59 - [TEST_STEP][FAILED] - click(findTestObject("Object Repository/Page_tC Create/Add new resource objects/button_Manage Versions")): Unable to click on object 'Object Repository/Page_tC Create/Add new resource objects/button_Manage Versions' (Root cause: com.kms.katalon.core.exception.StepFailedException: Unable to click on object 'Object Repository/Page_tC Create/Add new resource objects/button_Manage Versions'
	at com.kms.katalon.core.webui.keyword.internal.WebUIKeywordMain.stepFailed(WebUIKeywordMain.groovy:64)
	at com.kms.katalon.core.webui.keyword.internal.WebUIKeywordMain.runKeyword(WebUIKeywordMain.groovy:26)
	at com.kms.katalon.core.webui.keyword.builtin.ClickKeyword.click(ClickKeyword.groovy:75)
	at com.kms.katalon.core.webui.keyword.builtin.ClickKeyword.execute(ClickKeyword.groovy:42)
	at com.kms.katalon.core.keyword.internal.KeywordExecutor.executeKeywordForPlatform(KeywordExecutor.groovy:74)
	at com.kms.katalon.core.webui.keyword.WebUiBuiltInKeywords.click(WebUiBuiltInKeywords.groovy:620)
	at com.kms.katalon.core.webui.keyword.WebUiBuiltInKeywords$click$3.call(Unknown Source)
	at tN_Add New Resource.run(tN_Add New Resource:98)
	at com.kms.katalon.core.main.ScriptEngine.run(ScriptEngine.java:194)
	at com.kms.katalon.core.main.ScriptEngine.runScriptAsRawText(ScriptEngine.java:119)
	at com.kms.katalon.core.main.TestCaseExecutor.runScript(TestCaseExecutor.java:430)
	at com.kms.katalon.core.main.TestCaseExecutor.doExecute(TestCaseExecutor.java:421)
	at com.kms.katalon.core.main.TestCaseExecutor.processExecutionPhase(TestCaseExecutor.java:400)
	at com.kms.katalon.core.main.TestCaseExecutor.accessMainPhase(TestCaseExecutor.java:392)
	at com.kms.katalon.core.main.TestCaseExecutor.execute(TestCaseExecutor.java:273)
	at com.kms.katalon.core.main.TestSuiteExecutor.accessTestCaseMainPhase(TestSuiteExecutor.java:202)
	at com.kms.katalon.core.main.TestSuiteExecutor.accessTestSuiteMainPhase(TestSuiteExecutor.java:164)
	at com.kms.katalon.core.main.TestSuiteExecutor.execute(TestSuiteExecutor.java:105)
	at com.kms.katalon.core.main.TestCaseMain.startTestSuite(TestCaseMain.java:185)
	at com.kms.katalon.core.main.TestCaseMain$startTestSuite$0.call(Unknown Source)
	at TempTestSuite1632864492590.run(TempTestSuite1632864492590.groovy:36)
Caused by: com.kms.katalon.core.webui.exception.WebElementNotFoundException: Web element with id: 'Object Repository/Page_tC Create/Add new resource objects/button_Manage Versions' located by '//*[@type = 'button' and @aria-label = 'Manage Versions']' not found
	at com.kms.katalon.core.webui.common.WebUiCommonHelper.findWebElement(WebUiCommonHelper.java:1368)
	at com.kms.katalon.core.webui.keyword.internal.WebUIAbstractKeyword.findWebElement(WebUIAbstractKeyword.groovy:27)
	at com.kms.katalon.core.webui.keyword.internal.WebUIAbstractKeyword.findWebElement(WebUIAbstractKeyword.groovy:26)
	at com.kms.katalon.core.webui.keyword.builtin.ClickKeyword$_click_closure1.doCall(ClickKeyword.groovy:66)
	at com.kms.katalon.core.webui.keyword.builtin.ClickKeyword$_click_closure1.call(ClickKeyword.groovy)
	at com.kms.katalon.core.webui.keyword.internal.WebUIKeywordMain.runKeyword(WebUIKeywordMain.groovy:20)
	at com.kms.katalon.core.webui.keyword.builtin.ClickKeyword.click(ClickKeyword.groovy:75)
	at com.kms.katalon.core.webui.keyword.builtin.ClickKeyword.execute(ClickKeyword.groovy:42)
	at com.kms.katalon.core.keyword.internal.KeywordExecutor.executeKeywordForPlatform(KeywordExecutor.groovy:74)
	at com.kms.katalon.core.webui.keyword.WebUiBuiltInKeywords.click(WebUiBuiltInKeywords.groovy:620)
	at com.kms.katalon.core.webui.keyword.WebUiBuiltInKeywords$click$3.call(Unknown Source)
	at Script1609194777899.run(Script1609194777899.groovy:98)
	... 13 more
)

2021-09-28 17:44:30 - [MESSAGE][INFO] - Unable to find the element located by 'By.xpath: //*[@type = 'button' and @aria-label = 'Manage Versions']'. Please recheck the objects properties to make sure the desired element is located. 

2021-09-28 17:44:31 - [MESSAGE][FAILED] - Unable to click on object 'Object Repository/Page_tC Create/Add new resource objects/button_Manage Versions' (Root cause: com.kms.katalon.core.exception.StepFailedException: Unable to click on object 'Object Repository/Page_tC Create/Add new resource objects/button_Manage Versions'
	at com.kms.katalon.core.webui.keyword.internal.WebUIKeywordMain.stepFailed(WebUIKeywordMain.groovy:64)
	at com.kms.katalon.core.webui.keyword.internal.WebUIKeywordMain.runKeyword(WebUIKeywordMain.groovy:26)
	at com.kms.katalon.core.webui.keyword.builtin.ClickKeyword.click(ClickKeyword.groovy:75)
	at com.kms.katalon.core.webui.keyword.builtin.ClickKeyword.execute(ClickKeyword.groovy:42)
	at com.kms.katalon.core.keyword.internal.KeywordExecutor.executeKeywordForPlatform(KeywordExecutor.groovy:74)
	at com.kms.katalon.core.webui.keyword.WebUiBuiltInKeywords.click(WebUiBuiltInKeywords.groovy:620)
	at com.kms.katalon.core.webui.keyword.WebUiBuiltInKeywords$click$3.call(Unknown Source)
	at tN_Add New Resource.run(tN_Add New Resource:98)
	at com.kms.katalon.core.main.ScriptEngine.run(ScriptEngine.java:194)
	at com.kms.katalon.core.main.ScriptEngine.runScriptAsRawText(ScriptEngine.java:119)
	at com.kms.katalon.core.main.TestCaseExecutor.runScript(TestCaseExecutor.java:430)
	at com.kms.katalon.core.main.TestCaseExecutor.doExecute(TestCaseExecutor.java:421)
	at com.kms.katalon.core.main.TestCaseExecutor.processExecutionPhase(TestCaseExecutor.java:400)
	at com.kms.katalon.core.main.TestCaseExecutor.accessMainPhase(TestCaseExecutor.java:392)
	at com.kms.katalon.core.main.TestCaseExecutor.execute(TestCaseExecutor.java:273)
	at com.kms.katalon.core.main.TestSuiteExecutor.accessTestCaseMainPhase(TestSuiteExecutor.java:202)
	at com.kms.katalon.core.main.TestSuiteExecutor.accessTestSuiteMainPhase(TestSuiteExecutor.java:164)
	at com.kms.katalon.core.main.TestSuiteExecutor.execute(TestSuiteExecutor.java:105)
	at com.kms.katalon.core.main.TestCaseMain.startTestSuite(TestCaseMain.java:185)
	at com.kms.katalon.core.main.TestCaseMain$startTestSuite$0.call(Unknown Source)
	at TempTestSuite1632864492590.run(TempTestSuite1632864492590.groovy:36)
Caused by: com.kms.katalon.core.webui.exception.WebElementNotFoundException: Web element with id: 'Object Repository/Page_tC Create/Add new resource objects/button_Manage Versions' located by '//*[@type = 'button' and @aria-label = 'Manage Versions']' not found
	at com.kms.katalon.core.webui.common.WebUiCommonHelper.findWebElement(WebUiCommonHelper.java:1368)
	at com.kms.katalon.core.webui.keyword.internal.WebUIAbstractKeyword.findWebElement(WebUIAbstractKeyword.groovy:27)
	at com.kms.katalon.core.webui.keyword.internal.WebUIAbstractKeyword.findWebElement(WebUIAbstractKeyword.groovy:26)
	at com.kms.katalon.core.webui.keyword.builtin.ClickKeyword$_click_closure1.doCall(ClickKeyword.groovy:66)
	at com.kms.katalon.core.webui.keyword.builtin.ClickKeyword$_click_closure1.call(ClickKeyword.groovy)
	at com.kms.katalon.core.webui.keyword.internal.WebUIKeywordMain.runKeyword(WebUIKeywordMain.groovy:20)
	at com.kms.katalon.core.webui.keyword.builtin.ClickKeyword.click(ClickKeyword.groovy:75)
	at com.kms.katalon.core.webui.keyword.builtin.ClickKeyword.execute(ClickKeyword.groovy:42)
	at com.kms.katalon.core.keyword.internal.KeywordExecutor.executeKeywordForPlatform(KeywordExecutor.groovy:74)
	at com.kms.katalon.core.webui.keyword.WebUiBuiltInKeywords.click(WebUiBuiltInKeywords.groovy:620)
	at com.kms.katalon.core.webui.keyword.WebUiBuiltInKeywords$click$3.call(Unknown Source)
	at Script1609194777899.run(Script1609194777899.groovy:98)
	... 13 more
)
[[ATTACHMENT|/Users/elsylitsonlambert/git/tcCreateQA/Reports/20210928_172811/Test Suite1- Regression/20210928_172812/1632865470785.png]]

2021-09-28 17:44:31 - [TEST_STEP][FAILED] - click(findTestObject("Page_tC Create/Add new resource objects/input_Resource Path_resourceUrl")): Unable to click on object 'Object Repository/Page_tC Create/Add new resource objects/input_Resource Path_resourceUrl' (Root cause: com.kms.katalon.core.exception.StepFailedException: Unable to click on object 'Object Repository/Page_tC Create/Add new resource objects/input_Resource Path_resourceUrl'
	at com.kms.katalon.core.webui.keyword.internal.WebUIKeywordMain.stepFailed(WebUIKeywordMain.groovy:64)
	at com.kms.katalon.core.webui.keyword.internal.WebUIKeywordMain.runKeyword(WebUIKeywordMain.groovy:26)
	at com.kms.katalon.core.webui.keyword.builtin.ClickKeyword.click(ClickKeyword.groovy:75)
	at com.kms.katalon.core.webui.keyword.builtin.ClickKeyword.execute(ClickKeyword.groovy:42)
	at com.kms.katalon.core.keyword.internal.KeywordExecutor.executeKeywordForPlatform(KeywordExecutor.groovy:74)
	at com.kms.katalon.core.webui.keyword.WebUiBuiltInKeywords.click(WebUiBuiltInKeywords.groovy:620)
	at com.kms.katalon.core.webui.keyword.WebUiBuiltInKeywords$click$3.call(Unknown Source)
	at tN_Add New Resource.run(tN_Add New Resource:100)
	at com.kms.katalon.core.main.ScriptEngine.run(ScriptEngine.java:194)
	at com.kms.katalon.core.main.ScriptEngine.runScriptAsRawText(ScriptEngine.java:119)
	at com.kms.katalon.core.main.TestCaseExecutor.runScript(TestCaseExecutor.java:430)
	at com.kms.katalon.core.main.TestCaseExecutor.doExecute(TestCaseExecutor.java:421)
	at com.kms.katalon.core.main.TestCaseExecutor.processExecutionPhase(TestCaseExecutor.java:400)
	at com.kms.katalon.core.main.TestCaseExecutor.accessMainPhase(TestCaseExecutor.java:392)
	at com.kms.katalon.core.main.TestCaseExecutor.execute(TestCaseExecutor.java:273)
	at com.kms.katalon.core.main.TestSuiteExecutor.accessTestCaseMainPhase(TestSuiteExecutor.java:202)
	at com.kms.katalon.core.main.TestSuiteExecutor.accessTestSuiteMainPhase(TestSuiteExecutor.java:164)
	at com.kms.katalon.core.main.TestSuiteExecutor.execute(TestSuiteExecutor.java:105)
	at com.kms.katalon.core.main.TestCaseMain.startTestSuite(TestCaseMain.java:185)
	at com.kms.katalon.core.main.TestCaseMain$startTestSuite$0.call(Unknown Source)
	at TempTestSuite1632864492590.run(TempTestSuite1632864492590.groovy:36)
Caused by: com.kms.katalon.core.webui.exception.WebElementNotFoundException: Web element with id: 'Object Repository/Page_tC Create/Add new resource objects/input_Resource Path_resourceUrl' located by '//*[@id = 'resourceUrl' and @type = 'text']' not found
	at com.kms.katalon.core.webui.common.WebUiCommonHelper.findWebElement(WebUiCommonHelper.java:1368)
	at com.kms.katalon.core.webui.keyword.internal.WebUIAbstractKeyword.findWebElement(WebUIAbstractKeyword.groovy:27)
	at com.kms.katalon.core.webui.keyword.internal.WebUIAbstractKeyword.findWebElement(WebUIAbstractKeyword.groovy:26)
	at com.kms.katalon.core.webui.keyword.builtin.ClickKeyword$_click_closure1.doCall(ClickKeyword.groovy:66)
	at com.kms.katalon.core.webui.keyword.builtin.ClickKeyword$_click_closure1.call(ClickKeyword.groovy)
	at com.kms.katalon.core.webui.keyword.internal.WebUIKeywordMain.runKeyword(WebUIKeywordMain.groovy:20)
	at com.kms.katalon.core.webui.keyword.builtin.ClickKeyword.click(ClickKeyword.groovy:75)
	at com.kms.katalon.core.webui.keyword.builtin.ClickKeyword.execute(ClickKeyword.groovy:42)
	at com.kms.katalon.core.keyword.internal.KeywordExecutor.executeKeywordForPlatform(KeywordExecutor.groovy:74)
	at com.kms.katalon.core.webui.keyword.WebUiBuiltInKeywords.click(WebUiBuiltInKeywords.groovy:620)
	at com.kms.katalon.core.webui.keyword.WebUiBuiltInKeywords$click$3.call(Unknown Source)
	at Script1609194777899.run(Script1609194777899.groovy:100)
	... 13 more
)

2021-09-28 17:45:02 - [MESSAGE][INFO] - Unable to find the element located by 'By.xpath: //*[@id = 'resourceUrl' and @type = 'text']'. Please recheck the objects properties to make sure the desired element is located. 

2021-09-28 17:45:02 - [MESSAGE][FAILED] - Unable to click on object 'Object Repository/Page_tC Create/Add new resource objects/input_Resource Path_resourceUrl' (Root cause: com.kms.katalon.core.exception.StepFailedException: Unable to click on object 'Object Repository/Page_tC Create/Add new resource objects/input_Resource Path_resourceUrl'
	at com.kms.katalon.core.webui.keyword.internal.WebUIKeywordMain.stepFailed(WebUIKeywordMain.groovy:64)
	at com.kms.katalon.core.webui.keyword.internal.WebUIKeywordMain.runKeyword(WebUIKeywordMain.groovy:26)
	at com.kms.katalon.core.webui.keyword.builtin.ClickKeyword.click(ClickKeyword.groovy:75)
	at com.kms.katalon.core.webui.keyword.builtin.ClickKeyword.execute(ClickKeyword.groovy:42)
	at com.kms.katalon.core.keyword.internal.KeywordExecutor.executeKeywordForPlatform(KeywordExecutor.groovy:74)
	at com.kms.katalon.core.webui.keyword.WebUiBuiltInKeywords.click(WebUiBuiltInKeywords.groovy:620)
	at com.kms.katalon.core.webui.keyword.WebUiBuiltInKeywords$click$3.call(Unknown Source)
	at tN_Add New Resource.run(tN_Add New Resource:100)
	at com.kms.katalon.core.main.ScriptEngine.run(ScriptEngine.java:194)
	at com.kms.katalon.core.main.ScriptEngine.runScriptAsRawText(ScriptEngine.java:119)
	at com.kms.katalon.core.main.TestCaseExecutor.runScript(TestCaseExecutor.java:430)
	at com.kms.katalon.core.main.TestCaseExecutor.doExecute(TestCaseExecutor.java:421)
	at com.kms.katalon.core.main.TestCaseExecutor.processExecutionPhase(TestCaseExecutor.java:400)
	at com.kms.katalon.core.main.TestCaseExecutor.accessMainPhase(TestCaseExecutor.java:392)
	at com.kms.katalon.core.main.TestCaseExecutor.execute(TestCaseExecutor.java:273)
	at com.kms.katalon.core.main.TestSuiteExecutor.accessTestCaseMainPhase(TestSuiteExecutor.java:202)
	at com.kms.katalon.core.main.TestSuiteExecutor.accessTestSuiteMainPhase(TestSuiteExecutor.java:164)
	at com.kms.katalon.core.main.TestSuiteExecutor.execute(TestSuiteExecutor.java:105)
	at com.kms.katalon.core.main.TestCaseMain.startTestSuite(TestCaseMain.java:185)
	at com.kms.katalon.core.main.TestCaseMain$startTestSuite$0.call(Unknown Source)
	at TempTestSuite1632864492590.run(TempTestSuite1632864492590.groovy:36)
Caused by: com.kms.katalon.core.webui.exception.WebElementNotFoundException: Web element with id: 'Object Repository/Page_tC Create/Add new resource objects/input_Resource Path_resourceUrl' located by '//*[@id = 'resourceUrl' and @type = 'text']' not found
	at com.kms.katalon.core.webui.common.WebUiCommonHelper.findWebElement(WebUiCommonHelper.java:1368)
	at com.kms.katalon.core.webui.keyword.internal.WebUIAbstractKeyword.findWebElement(WebUIAbstractKeyword.groovy:27)
	at com.kms.katalon.core.webui.keyword.internal.WebUIAbstractKeyword.findWebElement(WebUIAbstractKeyword.groovy:26)
	at com.kms.katalon.core.webui.keyword.builtin.ClickKeyword$_click_closure1.doCall(ClickKeyword.groovy:66)
	at com.kms.katalon.core.webui.keyword.builtin.ClickKeyword$_click_closure1.call(ClickKeyword.groovy)
	at com.kms.katalon.core.webui.keyword.internal.WebUIKeywordMain.runKeyword(WebUIKeywordMain.groovy:20)
	at com.kms.katalon.core.webui.keyword.builtin.ClickKeyword.click(ClickKeyword.groovy:75)
	at com.kms.katalon.core.webui.keyword.builtin.ClickKeyword.execute(ClickKeyword.groovy:42)
	at com.kms.katalon.core.keyword.internal.KeywordExecutor.executeKeywordForPlatform(KeywordExecutor.groovy:74)
	at com.kms.katalon.core.webui.keyword.WebUiBuiltInKeywords.click(WebUiBuiltInKeywords.groovy:620)
	at com.kms.katalon.core.webui.keyword.WebUiBuiltInKeywords$click$3.call(Unknown Source)
	at Script1609194777899.run(Script1609194777899.groovy:100)
	... 13 more
)
[[ATTACHMENT|/Users/elsylitsonlambert/git/tcCreateQA/Reports/20210928_172811/Test Suite1- Regression/20210928_172812/1632865502273.png]]

2021-09-28 17:45:02 - [TEST_STEP][FAILED] - setText(findTestObject("Page_tC Create/Add new resource objects/input_Resource Path_resourceUrl"), "https://git.door43.org/ru_gl/ru_rlob"): Unable to set text 'https://git.door43.org/ru_gl/ru_rlob' of object 'Object Repository/Page_tC Create/Add new resource objects/input_Resource Path_resourceUrl' (Root cause: com.kms.katalon.core.exception.StepFailedException: Unable to set text 'https://git.door43.org/ru_gl/ru_rlob' of object 'Object Repository/Page_tC Create/Add new resource objects/input_Resource Path_resourceUrl'
	at com.kms.katalon.core.webui.keyword.internal.WebUIKeywordMain.stepFailed(WebUIKeywordMain.groovy:64)
	at com.kms.katalon.core.webui.keyword.internal.WebUIKeywordMain.runKeyword(WebUIKeywordMain.groovy:26)
	at com.kms.katalon.core.webui.keyword.builtin.SetTextKeyword.setText(SetTextKeyword.groovy:66)
	at com.kms.katalon.core.webui.keyword.builtin.SetTextKeyword.execute(SetTextKeyword.groovy:37)
	at com.kms.katalon.core.keyword.internal.KeywordExecutor.executeKeywordForPlatform(KeywordExecutor.groovy:74)
	at com.kms.katalon.core.webui.keyword.WebUiBuiltInKeywords.setText(WebUiBuiltInKeywords.groovy:980)
	at com.kms.katalon.core.webui.keyword.WebUiBuiltInKeywords$setText$22.call(Unknown Source)
	at tN_Add New Resource.run(tN_Add New Resource:102)
	at com.kms.katalon.core.main.ScriptEngine.run(ScriptEngine.java:194)
	at com.kms.katalon.core.main.ScriptEngine.runScriptAsRawText(ScriptEngine.java:119)
	at com.kms.katalon.core.main.TestCaseExecutor.runScript(TestCaseExecutor.java:430)
	at com.kms.katalon.core.main.TestCaseExecutor.doExecute(TestCaseExecutor.java:421)
	at com.kms.katalon.core.main.TestCaseExecutor.processExecutionPhase(TestCaseExecutor.java:400)
	at com.kms.katalon.core.main.TestCaseExecutor.accessMainPhase(TestCaseExecutor.java:392)
	at com.kms.katalon.core.main.TestCaseExecutor.execute(TestCaseExecutor.java:273)
	at com.kms.katalon.core.main.TestSuiteExecutor.accessTestCaseMainPhase(TestSuiteExecutor.java:202)
	at com.kms.katalon.core.main.TestSuiteExecutor.accessTestSuiteMainPhase(TestSuiteExecutor.java:164)
	at com.kms.katalon.core.main.TestSuiteExecutor.execute(TestSuiteExecutor.java:105)
	at com.kms.katalon.core.main.TestCaseMain.startTestSuite(TestCaseMain.java:185)
	at com.kms.katalon.core.main.TestCaseMain$startTestSuite$0.call(Unknown Source)
	at TempTestSuite1632864492590.run(TempTestSuite1632864492590.groovy:36)
Caused by: com.kms.katalon.core.webui.exception.WebElementNotFoundException: Web element with id: 'Object Repository/Page_tC Create/Add new resource objects/input_Resource Path_resourceUrl' located by '//*[@id = 'resourceUrl' and @type = 'text']' not found
	at com.kms.katalon.core.webui.common.WebUiCommonHelper.findWebElement(WebUiCommonHelper.java:1368)
	at com.kms.katalon.core.webui.keyword.internal.WebUIAbstractKeyword.findWebElement(WebUIAbstractKeyword.groovy:27)
	at com.kms.katalon.core.webui.keyword.internal.WebUIAbstractKeyword.findWebElement(WebUIAbstractKeyword.groovy:26)
	at com.kms.katalon.core.webui.keyword.builtin.SetTextKeyword$_setText_closure1.doCall(SetTextKeyword.groovy:51)
	at com.kms.katalon.core.webui.keyword.builtin.SetTextKeyword$_setText_closure1.call(SetTextKeyword.groovy)
	at com.kms.katalon.core.webui.keyword.internal.WebUIKeywordMain.runKeyword(WebUIKeywordMain.groovy:20)
	at com.kms.katalon.core.webui.keyword.builtin.SetTextKeyword.setText(SetTextKeyword.groovy:66)
	at com.kms.katalon.core.webui.keyword.builtin.SetTextKeyword.execute(SetTextKeyword.groovy:37)
	at com.kms.katalon.core.keyword.internal.KeywordExecutor.executeKeywordForPlatform(KeywordExecutor.groovy:74)
	at com.kms.katalon.core.webui.keyword.WebUiBuiltInKeywords.setText(WebUiBuiltInKeywords.groovy:980)
	at com.kms.katalon.core.webui.keyword.WebUiBuiltInKeywords$setText$22.call(Unknown Source)
	at Script1609194777899.run(Script1609194777899.groovy:102)
	... 13 more
)

2021-09-28 17:45:33 - [MESSAGE][INFO] - Unable to find the element located by 'By.xpath: //*[@id = 'resourceUrl' and @type = 'text']'. Please recheck the objects properties to make sure the desired element is located. 

2021-09-28 17:45:34 - [MESSAGE][FAILED] - Unable to set text 'https://git.door43.org/ru_gl/ru_rlob' of object 'Object Repository/Page_tC Create/Add new resource objects/input_Resource Path_resourceUrl' (Root cause: com.kms.katalon.core.exception.StepFailedException: Unable to set text 'https://git.door43.org/ru_gl/ru_rlob' of object 'Object Repository/Page_tC Create/Add new resource objects/input_Resource Path_resourceUrl'
	at com.kms.katalon.core.webui.keyword.internal.WebUIKeywordMain.stepFailed(WebUIKeywordMain.groovy:64)
	at com.kms.katalon.core.webui.keyword.internal.WebUIKeywordMain.runKeyword(WebUIKeywordMain.groovy:26)
	at com.kms.katalon.core.webui.keyword.builtin.SetTextKeyword.setText(SetTextKeyword.groovy:66)
	at com.kms.katalon.core.webui.keyword.builtin.SetTextKeyword.execute(SetTextKeyword.groovy:37)
	at com.kms.katalon.core.keyword.internal.KeywordExecutor.executeKeywordForPlatform(KeywordExecutor.groovy:74)
	at com.kms.katalon.core.webui.keyword.WebUiBuiltInKeywords.setText(WebUiBuiltInKeywords.groovy:980)
	at com.kms.katalon.core.webui.keyword.WebUiBuiltInKeywords$setText$22.call(Unknown Source)
	at tN_Add New Resource.run(tN_Add New Resource:102)
	at com.kms.katalon.core.main.ScriptEngine.run(ScriptEngine.java:194)
	at com.kms.katalon.core.main.ScriptEngine.runScriptAsRawText(ScriptEngine.java:119)
	at com.kms.katalon.core.main.TestCaseExecutor.runScript(TestCaseExecutor.java:430)
	at com.kms.katalon.core.main.TestCaseExecutor.doExecute(TestCaseExecutor.java:421)
	at com.kms.katalon.core.main.TestCaseExecutor.processExecutionPhase(TestCaseExecutor.java:400)
	at com.kms.katalon.core.main.TestCaseExecutor.accessMainPhase(TestCaseExecutor.java:392)
	at com.kms.katalon.core.main.TestCaseExecutor.execute(TestCaseExecutor.java:273)
	at com.kms.katalon.core.main.TestSuiteExecutor.accessTestCaseMainPhase(TestSuiteExecutor.java:202)
	at com.kms.katalon.core.main.TestSuiteExecutor.accessTestSuiteMainPhase(TestSuiteExecutor.java:164)
	at com.kms.katalon.core.main.TestSuiteExecutor.execute(TestSuiteExecutor.java:105)
	at com.kms.katalon.core.main.TestCaseMain.startTestSuite(TestCaseMain.java:185)
	at com.kms.katalon.core.main.TestCaseMain$startTestSuite$0.call(Unknown Source)
	at TempTestSuite1632864492590.run(TempTestSuite1632864492590.groovy:36)
Caused by: com.kms.katalon.core.webui.exception.WebElementNotFoundException: Web element with id: 'Object Repository/Page_tC Create/Add new resource objects/input_Resource Path_resourceUrl' located by '//*[@id = 'resourceUrl' and @type = 'text']' not found
	at com.kms.katalon.core.webui.common.WebUiCommonHelper.findWebElement(WebUiCommonHelper.java:1368)
	at com.kms.katalon.core.webui.keyword.internal.WebUIAbstractKeyword.findWebElement(WebUIAbstractKeyword.groovy:27)
	at com.kms.katalon.core.webui.keyword.internal.WebUIAbstractKeyword.findWebElement(WebUIAbstractKeyword.groovy:26)
	at com.kms.katalon.core.webui.keyword.builtin.SetTextKeyword$_setText_closure1.doCall(SetTextKeyword.groovy:51)
	at com.kms.katalon.core.webui.keyword.builtin.SetTextKeyword$_setText_closure1.call(SetTextKeyword.groovy)
	at com.kms.katalon.core.webui.keyword.internal.WebUIKeywordMain.runKeyword(WebUIKeywordMain.groovy:20)
	at com.kms.katalon.core.webui.keyword.builtin.SetTextKeyword.setText(SetTextKeyword.groovy:66)
	at com.kms.katalon.core.webui.keyword.builtin.SetTextKeyword.execute(SetTextKeyword.groovy:37)
	at com.kms.katalon.core.keyword.internal.KeywordExecutor.executeKeywordForPlatform(KeywordExecutor.groovy:74)
	at com.kms.katalon.core.webui.keyword.WebUiBuiltInKeywords.setText(WebUiBuiltInKeywords.groovy:980)
	at com.kms.katalon.core.webui.keyword.WebUiBuiltInKeywords$setText$22.call(Unknown Source)
	at Script1609194777899.run(Script1609194777899.groovy:102)
	... 13 more
)
[[ATTACHMENT|/Users/elsylitsonlambert/git/tcCreateQA/Reports/20210928_172811/Test Suite1- Regression/20210928_172812/1632865533703.png]]

2021-09-28 17:45:34 - [TEST_STEP][FAILED] - click(findTestObject("Object Repository/Page_tC Create/Add new resource objects/button_Add_Resource Path")): Unable to click on object 'Object Repository/Page_tC Create/Add new resource objects/button_Add_Resource Path' (Root cause: com.kms.katalon.core.exception.StepFailedException: Unable to click on object 'Object Repository/Page_tC Create/Add new resource objects/button_Add_Resource Path'
	at com.kms.katalon.core.webui.keyword.internal.WebUIKeywordMain.stepFailed(WebUIKeywordMain.groovy:64)
	at com.kms.katalon.core.webui.keyword.internal.WebUIKeywordMain.runKeyword(WebUIKeywordMain.groovy:26)
	at com.kms.katalon.core.webui.keyword.builtin.ClickKeyword.click(ClickKeyword.groovy:75)
	at com.kms.katalon.core.webui.keyword.builtin.ClickKeyword.execute(ClickKeyword.groovy:42)
	at com.kms.katalon.core.keyword.internal.KeywordExecutor.executeKeywordForPlatform(KeywordExecutor.groovy:74)
	at com.kms.katalon.core.webui.keyword.WebUiBuiltInKeywords.click(WebUiBuiltInKeywords.groovy:620)
	at com.kms.katalon.core.webui.keyword.WebUiBuiltInKeywords$click$3.call(Unknown Source)
	at tN_Add New Resource.run(tN_Add New Resource:106)
	at com.kms.katalon.core.main.ScriptEngine.run(ScriptEngine.java:194)
	at com.kms.katalon.core.main.ScriptEngine.runScriptAsRawText(ScriptEngine.java:119)
	at com.kms.katalon.core.main.TestCaseExecutor.runScript(TestCaseExecutor.java:430)
	at com.kms.katalon.core.main.TestCaseExecutor.doExecute(TestCaseExecutor.java:421)
	at com.kms.katalon.core.main.TestCaseExecutor.processExecutionPhase(TestCaseExecutor.java:400)
	at com.kms.katalon.core.main.TestCaseExecutor.accessMainPhase(TestCaseExecutor.java:392)
	at com.kms.katalon.core.main.TestCaseExecutor.execute(TestCaseExecutor.java:273)
	at com.kms.katalon.core.main.TestSuiteExecutor.accessTestCaseMainPhase(TestSuiteExecutor.java:202)
	at com.kms.katalon.core.main.TestSuiteExecutor.accessTestSuiteMainPhase(TestSuiteExecutor.java:164)
	at com.kms.katalon.core.main.TestSuiteExecutor.execute(TestSuiteExecutor.java:105)
	at com.kms.katalon.core.main.TestCaseMain.startTestSuite(TestCaseMain.java:185)
	at com.kms.katalon.core.main.TestCaseMain$startTestSuite$0.call(Unknown Source)
	at TempTestSuite1632864492590.run(TempTestSuite1632864492590.groovy:36)
Caused by: com.kms.katalon.core.webui.exception.WebElementNotFoundException: Web element with id: 'Object Repository/Page_tC Create/Add new resource objects/button_Add_Resource Path' located by '//*[@type = 'button' and @aria-label = 'Add Resource']' not found
	at com.kms.katalon.core.webui.common.WebUiCommonHelper.findWebElement(WebUiCommonHelper.java:1368)
	at com.kms.katalon.core.webui.keyword.internal.WebUIAbstractKeyword.findWebElement(WebUIAbstractKeyword.groovy:27)
	at com.kms.katalon.core.webui.keyword.internal.WebUIAbstractKeyword.findWebElement(WebUIAbstractKeyword.groovy:26)
	at com.kms.katalon.core.webui.keyword.builtin.ClickKeyword$_click_closure1.doCall(ClickKeyword.groovy:66)
	at com.kms.katalon.core.webui.keyword.builtin.ClickKeyword$_click_closure1.call(ClickKeyword.groovy)
	at com.kms.katalon.core.webui.keyword.internal.WebUIKeywordMain.runKeyword(WebUIKeywordMain.groovy:20)
	at com.kms.katalon.core.webui.keyword.builtin.ClickKeyword.click(ClickKeyword.groovy:75)
	at com.kms.katalon.core.webui.keyword.builtin.ClickKeyword.execute(ClickKeyword.groovy:42)
	at com.kms.katalon.core.keyword.internal.KeywordExecutor.executeKeywordForPlatform(KeywordExecutor.groovy:74)
	at com.kms.katalon.core.webui.keyword.WebUiBuiltInKeywords.click(WebUiBuiltInKeywords.groovy:620)
	at com.kms.katalon.core.webui.keyword.WebUiBuiltInKeywords$click$3.call(Unknown Source)
	at Script1609194777899.run(Script1609194777899.groovy:106)
	... 13 more
)

2021-09-28 17:46:05 - [MESSAGE][INFO] - Unable to find the element located by 'By.xpath: //*[@type = 'button' and @aria-label = 'Add Resource']'. Please recheck the objects properties to make sure the desired element is located. 

2021-09-28 17:46:05 - [MESSAGE][FAILED] - Unable to click on object 'Object Repository/Page_tC Create/Add new resource objects/button_Add_Resource Path' (Root cause: com.kms.katalon.core.exception.StepFailedException: Unable to click on object 'Object Repository/Page_tC Create/Add new resource objects/button_Add_Resource Path'
	at com.kms.katalon.core.webui.keyword.internal.WebUIKeywordMain.stepFailed(WebUIKeywordMain.groovy:64)
	at com.kms.katalon.core.webui.keyword.internal.WebUIKeywordMain.runKeyword(WebUIKeywordMain.groovy:26)
	at com.kms.katalon.core.webui.keyword.builtin.ClickKeyword.click(ClickKeyword.groovy:75)
	at com.kms.katalon.core.webui.keyword.builtin.ClickKeyword.execute(ClickKeyword.groovy:42)
	at com.kms.katalon.core.keyword.internal.KeywordExecutor.executeKeywordForPlatform(KeywordExecutor.groovy:74)
	at com.kms.katalon.core.webui.keyword.WebUiBuiltInKeywords.click(WebUiBuiltInKeywords.groovy:620)
	at com.kms.katalon.core.webui.keyword.WebUiBuiltInKeywords$click$3.call(Unknown Source)
	at tN_Add New Resource.run(tN_Add New Resource:106)
	at com.kms.katalon.core.main.ScriptEngine.run(ScriptEngine.java:194)
	at com.kms.katalon.core.main.ScriptEngine.runScriptAsRawText(ScriptEngine.java:119)
	at com.kms.katalon.core.main.TestCaseExecutor.runScript(TestCaseExecutor.java:430)
	at com.kms.katalon.core.main.TestCaseExecutor.doExecute(TestCaseExecutor.java:421)
	at com.kms.katalon.core.main.TestCaseExecutor.processExecutionPhase(TestCaseExecutor.java:400)
	at com.kms.katalon.core.main.TestCaseExecutor.accessMainPhase(TestCaseExecutor.java:392)
	at com.kms.katalon.core.main.TestCaseExecutor.execute(TestCaseExecutor.java:273)
	at com.kms.katalon.core.main.TestSuiteExecutor.accessTestCaseMainPhase(TestSuiteExecutor.java:202)
	at com.kms.katalon.core.main.TestSuiteExecutor.accessTestSuiteMainPhase(TestSuiteExecutor.java:164)
	at com.kms.katalon.core.main.TestSuiteExecutor.execute(TestSuiteExecutor.java:105)
	at com.kms.katalon.core.main.TestCaseMain.startTestSuite(TestCaseMain.java:185)
	at com.kms.katalon.core.main.TestCaseMain$startTestSuite$0.call(Unknown Source)
	at TempTestSuite1632864492590.run(TempTestSuite1632864492590.groovy:36)
Caused by: com.kms.katalon.core.webui.exception.WebElementNotFoundException: Web element with id: 'Object Repository/Page_tC Create/Add new resource objects/button_Add_Resource Path' located by '//*[@type = 'button' and @aria-label = 'Add Resource']' not found
	at com.kms.katalon.core.webui.common.WebUiCommonHelper.findWebElement(WebUiCommonHelper.java:1368)
	at com.kms.katalon.core.webui.keyword.internal.WebUIAbstractKeyword.findWebElement(WebUIAbstractKeyword.groovy:27)
	at com.kms.katalon.core.webui.keyword.internal.WebUIAbstractKeyword.findWebElement(WebUIAbstractKeyword.groovy:26)
	at com.kms.katalon.core.webui.keyword.builtin.ClickKeyword$_click_closure1.doCall(ClickKeyword.groovy:66)
	at com.kms.katalon.core.webui.keyword.builtin.ClickKeyword$_click_closure1.call(ClickKeyword.groovy)
	at com.kms.katalon.core.webui.keyword.internal.WebUIKeywordMain.runKeyword(WebUIKeywordMain.groovy:20)
	at com.kms.katalon.core.webui.keyword.builtin.ClickKeyword.click(ClickKeyword.groovy:75)
	at com.kms.katalon.core.webui.keyword.builtin.ClickKeyword.execute(ClickKeyword.groovy:42)
	at com.kms.katalon.core.keyword.internal.KeywordExecutor.executeKeywordForPlatform(KeywordExecutor.groovy:74)
	at com.kms.katalon.core.webui.keyword.WebUiBuiltInKeywords.click(WebUiBuiltInKeywords.groovy:620)
	at com.kms.katalon.core.webui.keyword.WebUiBuiltInKeywords$click$3.call(Unknown Source)
	at Script1609194777899.run(Script1609194777899.groovy:106)
	... 13 more
)
[[ATTACHMENT|/Users/elsylitsonlambert/git/tcCreateQA/Reports/20210928_172811/Test Suite1- Regression/20210928_172812/1632865565248.png]]

2021-09-28 17:46:05 - [TEST_STEP][FAILED] - if (verifyElementChecked(findTestObject("Object Repository/Page_tC Create/Add new resource objects/input_unfoldingWord Simplified Text-Russian check box"), 1)): Unable to verify object 'Object Repository/Page_tC Create/Add new resource objects/input_unfoldingWord Simplified Text-Russian check box' is checked (Root cause: com.kms.katalon.core.exception.StepFailedException: Unable to verify object 'Object Repository/Page_tC Create/Add new resource objects/input_unfoldingWord Simplified Text-Russian check box' is checked
	at com.kms.katalon.core.webui.keyword.internal.WebUIKeywordMain.stepFailed(WebUIKeywordMain.groovy:64)
	at com.kms.katalon.core.webui.keyword.internal.WebUIKeywordMain.runKeyword(WebUIKeywordMain.groovy:26)
	at com.kms.katalon.core.webui.keyword.builtin.VerifyElementCheckedKeyword.verifyElementChecked(VerifyElementCheckedKeyword.groovy:92)
	at com.kms.katalon.core.webui.keyword.builtin.VerifyElementCheckedKeyword.execute(VerifyElementCheckedKeyword.groovy:68)
	at com.kms.katalon.core.keyword.internal.KeywordExecutor.executeKeywordForPlatform(KeywordExecutor.groovy:74)
	at com.kms.katalon.core.webui.keyword.WebUiBuiltInKeywords.verifyElementChecked(WebUiBuiltInKeywords.groovy:1397)
	at com.kms.katalon.core.webui.keyword.WebUiBuiltInKeywords$verifyElementChecked$25.call(Unknown Source)
	at tN_Add New Resource.run(tN_Add New Resource:109)
	at com.kms.katalon.core.main.ScriptEngine.run(ScriptEngine.java:194)
	at com.kms.katalon.core.main.ScriptEngine.runScriptAsRawText(ScriptEngine.java:119)
	at com.kms.katalon.core.main.TestCaseExecutor.runScript(TestCaseExecutor.java:430)
	at com.kms.katalon.core.main.TestCaseExecutor.doExecute(TestCaseExecutor.java:421)
	at com.kms.katalon.core.main.TestCaseExecutor.processExecutionPhase(TestCaseExecutor.java:400)
	at com.kms.katalon.core.main.TestCaseExecutor.accessMainPhase(TestCaseExecutor.java:392)
	at com.kms.katalon.core.main.TestCaseExecutor.execute(TestCaseExecutor.java:273)
	at com.kms.katalon.core.main.TestSuiteExecutor.accessTestCaseMainPhase(TestSuiteExecutor.java:202)
	at com.kms.katalon.core.main.TestSuiteExecutor.accessTestSuiteMainPhase(TestSuiteExecutor.java:164)
	at com.kms.katalon.core.main.TestSuiteExecutor.execute(TestSuiteExecutor.java:105)
	at com.kms.katalon.core.main.TestCaseMain.startTestSuite(TestCaseMain.java:185)
	at com.kms.katalon.core.main.TestCaseMain$startTestSuite$0.call(Unknown Source)
	at TempTestSuite1632864492590.run(TempTestSuite1632864492590.groovy:36)
Caused by: com.kms.katalon.core.webui.exception.WebElementNotFoundException: Web element with id: 'Object Repository/Page_tC Create/Add new resource objects/input_unfoldingWord Simplified Text-Russian check box' located by '(//input[@value=''])[5]' not found
	at com.kms.katalon.core.webui.common.WebUiCommonHelper.findWebElement(WebUiCommonHelper.java:1368)
	at com.kms.katalon.core.webui.keyword.internal.WebUIAbstractKeyword.findWebElement(WebUIAbstractKeyword.groovy:27)
	at com.kms.katalon.core.webui.keyword.builtin.VerifyElementCheckedKeyword$_verifyElementChecked_closure1.doCall(VerifyElementCheckedKeyword.groovy:78)
	at com.kms.katalon.core.webui.keyword.builtin.VerifyElementCheckedKeyword$_verifyElementChecked_closure1.call(VerifyElementCheckedKeyword.groovy)
	at com.kms.katalon.core.webui.keyword.internal.WebUIKeywordMain.runKeyword(WebUIKeywordMain.groovy:20)
	at com.kms.katalon.core.webui.keyword.builtin.VerifyElementCheckedKeyword.verifyElementChecked(VerifyElementCheckedKeyword.groovy:92)
	at com.kms.katalon.core.webui.keyword.builtin.VerifyElementCheckedKeyword.execute(VerifyElementCheckedKeyword.groovy:68)
	at com.kms.katalon.core.keyword.internal.KeywordExecutor.executeKeywordForPlatform(KeywordExecutor.groovy:74)
	at com.kms.katalon.core.webui.keyword.WebUiBuiltInKeywords.verifyElementChecked(WebUiBuiltInKeywords.groovy:1397)
	at com.kms.katalon.core.webui.keyword.WebUiBuiltInKeywords$verifyElementChecked$25.call(Unknown Source)
	at Script1609194777899.run(Script1609194777899.groovy:109)
	... 13 more
)

2021-09-28 17:46:07 - [MESSAGE][INFO] - Unable to find the element located by 'By.xpath: (//input[@value=''])[5]'. Please recheck the objects properties to make sure the desired element is located. 

2021-09-28 17:46:08 - [MESSAGE][FAILED] - Unable to verify object 'Object Repository/Page_tC Create/Add new resource objects/input_unfoldingWord Simplified Text-Russian check box' is checked (Root cause: com.kms.katalon.core.exception.StepFailedException: Unable to verify object 'Object Repository/Page_tC Create/Add new resource objects/input_unfoldingWord Simplified Text-Russian check box' is checked
	at com.kms.katalon.core.webui.keyword.internal.WebUIKeywordMain.stepFailed(WebUIKeywordMain.groovy:64)
	at com.kms.katalon.core.webui.keyword.internal.WebUIKeywordMain.runKeyword(WebUIKeywordMain.groovy:26)
	at com.kms.katalon.core.webui.keyword.builtin.VerifyElementCheckedKeyword.verifyElementChecked(VerifyElementCheckedKeyword.groovy:92)
	at com.kms.katalon.core.webui.keyword.builtin.VerifyElementCheckedKeyword.execute(VerifyElementCheckedKeyword.groovy:68)
	at com.kms.katalon.core.keyword.internal.KeywordExecutor.executeKeywordForPlatform(KeywordExecutor.groovy:74)
	at com.kms.katalon.core.webui.keyword.WebUiBuiltInKeywords.verifyElementChecked(WebUiBuiltInKeywords.groovy:1397)
	at com.kms.katalon.core.webui.keyword.WebUiBuiltInKeywords$verifyElementChecked$25.call(Unknown Source)
	at tN_Add New Resource.run(tN_Add New Resource:109)
	at com.kms.katalon.core.main.ScriptEngine.run(ScriptEngine.java:194)
	at com.kms.katalon.core.main.ScriptEngine.runScriptAsRawText(ScriptEngine.java:119)
	at com.kms.katalon.core.main.TestCaseExecutor.runScript(TestCaseExecutor.java:430)
	at com.kms.katalon.core.main.TestCaseExecutor.doExecute(TestCaseExecutor.java:421)
	at com.kms.katalon.core.main.TestCaseExecutor.processExecutionPhase(TestCaseExecutor.java:400)
	at com.kms.katalon.core.main.TestCaseExecutor.accessMainPhase(TestCaseExecutor.java:392)
	at com.kms.katalon.core.main.TestCaseExecutor.execute(TestCaseExecutor.java:273)
	at com.kms.katalon.core.main.TestSuiteExecutor.accessTestCaseMainPhase(TestSuiteExecutor.java:202)
	at com.kms.katalon.core.main.TestSuiteExecutor.accessTestSuiteMainPhase(TestSuiteExecutor.java:164)
	at com.kms.katalon.core.main.TestSuiteExecutor.execute(TestSuiteExecutor.java:105)
	at com.kms.katalon.core.main.TestCaseMain.startTestSuite(TestCaseMain.java:185)
	at com.kms.katalon.core.main.TestCaseMain$startTestSuite$0.call(Unknown Source)
	at TempTestSuite1632864492590.run(TempTestSuite1632864492590.groovy:36)
Caused by: com.kms.katalon.core.webui.exception.WebElementNotFoundException: Web element with id: 'Object Repository/Page_tC Create/Add new resource objects/input_unfoldingWord Simplified Text-Russian check box' located by '(//input[@value=''])[5]' not found
	at com.kms.katalon.core.webui.common.WebUiCommonHelper.findWebElement(WebUiCommonHelper.java:1368)
	at com.kms.katalon.core.webui.keyword.internal.WebUIAbstractKeyword.findWebElement(WebUIAbstractKeyword.groovy:27)
	at com.kms.katalon.core.webui.keyword.builtin.VerifyElementCheckedKeyword$_verifyElementChecked_closure1.doCall(VerifyElementCheckedKeyword.groovy:78)
	at com.kms.katalon.core.webui.keyword.builtin.VerifyElementCheckedKeyword$_verifyElementChecked_closure1.call(VerifyElementCheckedKeyword.groovy)
	at com.kms.katalon.core.webui.keyword.internal.WebUIKeywordMain.runKeyword(WebUIKeywordMain.groovy:20)
	at com.kms.katalon.core.webui.keyword.builtin.VerifyElementCheckedKeyword.verifyElementChecked(VerifyElementCheckedKeyword.groovy:92)
	at com.kms.katalon.core.webui.keyword.builtin.VerifyElementCheckedKeyword.execute(VerifyElementCheckedKeyword.groovy:68)
	at com.kms.katalon.core.keyword.internal.KeywordExecutor.executeKeywordForPlatform(KeywordExecutor.groovy:74)
	at com.kms.katalon.core.webui.keyword.WebUiBuiltInKeywords.verifyElementChecked(WebUiBuiltInKeywords.groovy:1397)
	at com.kms.katalon.core.webui.keyword.WebUiBuiltInKeywords$verifyElementChecked$25.call(Unknown Source)
	at Script1609194777899.run(Script1609194777899.groovy:109)
	... 13 more
)
[[ATTACHMENT|/Users/elsylitsonlambert/git/tcCreateQA/Reports/20210928_172811/Test Suite1- Regression/20210928_172812/1632865567873.png]]

2021-09-28 17:46:08 - [TEST_STEP][PASSED] - else: Resource unchecked

2021-09-28 17:46:08 - [TEST_STEP][PASSED] - logInfo("Resource unchecked"): Resource unchecked

2021-09-28 17:46:08 - [MESSAGE][INFO] - Resource unchecked

2021-09-28 17:46:08 - [TEST_STEP][PASSED] - delay(2): Delayed 2 second(s)

2021-09-28 17:46:10 - [MESSAGE][PASSED] - Delayed 2 second(s)

2021-09-28 17:46:10 - [TEST_STEP][FAILED] - try: Unable to click on object 'Object Repository/Page_tC Create/Hamburger Menu Button' (Root cause: com.kms.katalon.core.exception.StepFailedException: Unable to click on object 'Object Repository/Page_tC Create/Hamburger Menu Button'
	at com.kms.katalon.core.webui.keyword.internal.WebUIKeywordMain.stepFailed(WebUIKeywordMain.groovy:64)
	at com.kms.katalon.core.webui.keyword.internal.WebUIKeywordMain.runKeyword(WebUIKeywordMain.groovy:26)
	at com.kms.katalon.core.webui.keyword.builtin.ClickKeyword.click(ClickKeyword.groovy:75)
	at com.kms.katalon.core.webui.keyword.builtin.ClickKeyword.execute(ClickKeyword.groovy:42)
	at com.kms.katalon.core.keyword.internal.KeywordExecutor.executeKeywordForPlatform(KeywordExecutor.groovy:74)
	at com.kms.katalon.core.webui.keyword.WebUiBuiltInKeywords.click(WebUiBuiltInKeywords.groovy:608)
	at com.kms.katalon.core.webui.keyword.WebUiBuiltInKeywords$click$7.call(Unknown Source)
	at tN_Add New Resource.run(tN_Add New Resource:143)
	at com.kms.katalon.core.main.ScriptEngine.run(ScriptEngine.java:194)
	at com.kms.katalon.core.main.ScriptEngine.runScriptAsRawText(ScriptEngine.java:119)
	at com.kms.katalon.core.main.TestCaseExecutor.runScript(TestCaseExecutor.java:430)
	at com.kms.katalon.core.main.TestCaseExecutor.doExecute(TestCaseExecutor.java:421)
	at com.kms.katalon.core.main.TestCaseExecutor.processExecutionPhase(TestCaseExecutor.java:400)
	at com.kms.katalon.core.main.TestCaseExecutor.accessMainPhase(TestCaseExecutor.java:392)
	at com.kms.katalon.core.main.TestCaseExecutor.execute(TestCaseExecutor.java:273)
	at com.kms.katalon.core.main.TestSuiteExecutor.accessTestCaseMainPhase(TestSuiteExecutor.java:202)
	at com.kms.katalon.core.main.TestSuiteExecutor.accessTestSuiteMainPhase(TestSuiteExecutor.java:164)
	at com.kms.katalon.core.main.TestSuiteExecutor.execute(TestSuiteExecutor.java:105)
	at com.kms.katalon.core.main.TestCaseMain.startTestSuite(TestCaseMain.java:185)
	at com.kms.katalon.core.main.TestCaseMain$startTestSuite$0.call(Unknown Source)
	at TempTestSuite1632864492590.run(TempTestSuite1632864492590.groovy:36)
Caused by: org.openqa.selenium.ElementClickInterceptedException: element click intercepted: Element <button class="MuiButtonBase-root MuiIconButton-root MuiIconButton-colorInherit" tabindex="0" type="button" data-test="drawer-menu-button" aria-label="Menu">...</button> is not clickable at point (36, 32). Other element would receive the click: <div class="jss8">...</div>
  (Session info: chrome=94.0.4606.61)
Build info: version: '3.141.59', revision: 'e82be7d358', time: '2018-11-14T08:25:53'
System info: host: 'ELSYs-MBP.phub.net.cable.rogers.com', ip: '2607:fea8:2cde:e900:0:0:0:cce8%en0', os.name: 'Mac OS X', os.arch: 'x86_64', os.version: '10.16', java.version: '1.8.0_275'
Driver info: com.kms.katalon.selenium.driver.CChromeDriver
Capabilities {acceptInsecureCerts: false, browserName: chrome, browserVersion: 94.0.4606.61, chrome: {chromedriverVersion: 94.0.4606.61 (418b78f5838ed..., userDataDir: /var/folders/sf/msc8p_nx3x3...}, goog:chromeOptions: {debuggerAddress: localhost:59091}, javascriptEnabled: true, networkConnectionEnabled: false, pageLoadStrategy: normal, platform: MAC, platformName: MAC, proxy: Proxy(), setWindowRect: true, strictFileInteractability: false, timeouts: {implicit: 0, pageLoad: 300000, script: 30000}, unhandledPromptBehavior: dismiss and notify, webauthn:extension:credBlob: true, webauthn:extension:largeBlob: true, webauthn:virtualAuthenticators: true}
Session ID: c61c8ec51ae844d73f23c124dc333ae6
	at org.openqa.selenium.remote.http.W3CHttpResponseCodec.createException(W3CHttpResponseCodec.java:187)
	at org.openqa.selenium.remote.http.W3CHttpResponseCodec.decode(W3CHttpResponseCodec.java:122)
	at org.openqa.selenium.remote.http.W3CHttpResponseCodec.decode(W3CHttpResponseCodec.java:49)
	at org.openqa.selenium.remote.HttpCommandExecutor.execute(HttpCommandExecutor.java:158)
	at org.openqa.selenium.remote.service.DriverCommandExecutor.execute(DriverCommandExecutor.java:83)
	at org.openqa.selenium.remote.RemoteWebDriver.execute(RemoteWebDriver.java:552)
	at com.kms.katalon.selenium.driver.CChromeDriver.execute(CChromeDriver.java:19)
	at org.openqa.selenium.remote.RemoteWebElement.execute(RemoteWebElement.java:285)
	at org.openqa.selenium.remote.RemoteWebElement.click(RemoteWebElement.java:84)
	at org.openqa.selenium.support.events.EventFiringWebDriver$EventFiringWebElement.lambda$new$0(EventFiringWebDriver.java:404)
	at com.sun.proxy.$Proxy11.click(Unknown Source)
	at org.openqa.selenium.support.events.EventFiringWebDriver$EventFiringWebElement.click(EventFiringWebDriver.java:417)
	at com.kms.katalon.core.webui.keyword.builtin.ClickKeyword$_click_closure1.doCall(ClickKeyword.groovy:68)
	at com.kms.katalon.core.webui.keyword.builtin.ClickKeyword$_click_closure1.call(ClickKeyword.groovy)
	at com.kms.katalon.core.webui.keyword.internal.WebUIKeywordMain.runKeyword(WebUIKeywordMain.groovy:20)
	at com.kms.katalon.core.webui.keyword.builtin.ClickKeyword.click(ClickKeyword.groovy:75)
	at com.kms.katalon.core.webui.keyword.builtin.ClickKeyword.execute(ClickKeyword.groovy:42)
	at com.kms.katalon.core.keyword.internal.KeywordExecutor.executeKeywordForPlatform(KeywordExecutor.groovy:74)
	at com.kms.katalon.core.webui.keyword.WebUiBuiltInKeywords.click(WebUiBuiltInKeywords.groovy:608)
	at com.kms.katalon.core.webui.keyword.WebUiBuiltInKeywords$click$7.call(Unknown Source)
	at Script1609194777899.run(Script1609194777899.groovy:143)
	... 13 more
)

2021-09-28 17:46:10 - [TEST_STEP][FAILED] - click(findTestObject("Object Repository/Page_tC Create/Hamburger Menu Button"), STOP_ON_FAILURE): Unable to click on object 'Object Repository/Page_tC Create/Hamburger Menu Button' (Root cause: com.kms.katalon.core.exception.StepFailedException: Unable to click on object 'Object Repository/Page_tC Create/Hamburger Menu Button'
	at com.kms.katalon.core.webui.keyword.internal.WebUIKeywordMain.stepFailed(WebUIKeywordMain.groovy:64)
	at com.kms.katalon.core.webui.keyword.internal.WebUIKeywordMain.runKeyword(WebUIKeywordMain.groovy:26)
	at com.kms.katalon.core.webui.keyword.builtin.ClickKeyword.click(ClickKeyword.groovy:75)
	at com.kms.katalon.core.webui.keyword.builtin.ClickKeyword.execute(ClickKeyword.groovy:42)
	at com.kms.katalon.core.keyword.internal.KeywordExecutor.executeKeywordForPlatform(KeywordExecutor.groovy:74)
	at com.kms.katalon.core.webui.keyword.WebUiBuiltInKeywords.click(WebUiBuiltInKeywords.groovy:608)
	at com.kms.katalon.core.webui.keyword.WebUiBuiltInKeywords$click$7.call(Unknown Source)
	at tN_Add New Resource.run(tN_Add New Resource:143)
	at com.kms.katalon.core.main.ScriptEngine.run(ScriptEngine.java:194)
	at com.kms.katalon.core.main.ScriptEngine.runScriptAsRawText(ScriptEngine.java:119)
	at com.kms.katalon.core.main.TestCaseExecutor.runScript(TestCaseExecutor.java:430)
	at com.kms.katalon.core.main.TestCaseExecutor.doExecute(TestCaseExecutor.java:421)
	at com.kms.katalon.core.main.TestCaseExecutor.processExecutionPhase(TestCaseExecutor.java:400)
	at com.kms.katalon.core.main.TestCaseExecutor.accessMainPhase(TestCaseExecutor.java:392)
	at com.kms.katalon.core.main.TestCaseExecutor.execute(TestCaseExecutor.java:273)
	at com.kms.katalon.core.main.TestSuiteExecutor.accessTestCaseMainPhase(TestSuiteExecutor.java:202)
	at com.kms.katalon.core.main.TestSuiteExecutor.accessTestSuiteMainPhase(TestSuiteExecutor.java:164)
	at com.kms.katalon.core.main.TestSuiteExecutor.execute(TestSuiteExecutor.java:105)
	at com.kms.katalon.core.main.TestCaseMain.startTestSuite(TestCaseMain.java:185)
	at com.kms.katalon.core.main.TestCaseMain$startTestSuite$0.call(Unknown Source)
	at TempTestSuite1632864492590.run(TempTestSuite1632864492590.groovy:36)
Caused by: org.openqa.selenium.ElementClickInterceptedException: element click intercepted: Element <button class="MuiButtonBase-root MuiIconButton-root MuiIconButton-colorInherit" tabindex="0" type="button" data-test="drawer-menu-button" aria-label="Menu">...</button> is not clickable at point (36, 32). Other element would receive the click: <div class="jss8">...</div>
  (Session info: chrome=94.0.4606.61)
Build info: version: '3.141.59', revision: 'e82be7d358', time: '2018-11-14T08:25:53'
System info: host: 'ELSYs-MBP.phub.net.cable.rogers.com', ip: '2607:fea8:2cde:e900:0:0:0:cce8%en0', os.name: 'Mac OS X', os.arch: 'x86_64', os.version: '10.16', java.version: '1.8.0_275'
Driver info: com.kms.katalon.selenium.driver.CChromeDriver
Capabilities {acceptInsecureCerts: false, browserName: chrome, browserVersion: 94.0.4606.61, chrome: {chromedriverVersion: 94.0.4606.61 (418b78f5838ed..., userDataDir: /var/folders/sf/msc8p_nx3x3...}, goog:chromeOptions: {debuggerAddress: localhost:59091}, javascriptEnabled: true, networkConnectionEnabled: false, pageLoadStrategy: normal, platform: MAC, platformName: MAC, proxy: Proxy(), setWindowRect: true, strictFileInteractability: false, timeouts: {implicit: 0, pageLoad: 300000, script: 30000}, unhandledPromptBehavior: dismiss and notify, webauthn:extension:credBlob: true, webauthn:extension:largeBlob: true, webauthn:virtualAuthenticators: true}
Session ID: c61c8ec51ae844d73f23c124dc333ae6
	at org.openqa.selenium.remote.http.W3CHttpResponseCodec.createException(W3CHttpResponseCodec.java:187)
	at org.openqa.selenium.remote.http.W3CHttpResponseCodec.decode(W3CHttpResponseCodec.java:122)
	at org.openqa.selenium.remote.http.W3CHttpResponseCodec.decode(W3CHttpResponseCodec.java:49)
	at org.openqa.selenium.remote.HttpCommandExecutor.execute(HttpCommandExecutor.java:158)
	at org.openqa.selenium.remote.service.DriverCommandExecutor.execute(DriverCommandExecutor.java:83)
	at org.openqa.selenium.remote.RemoteWebDriver.execute(RemoteWebDriver.java:552)
	at com.kms.katalon.selenium.driver.CChromeDriver.execute(CChromeDriver.java:19)
	at org.openqa.selenium.remote.RemoteWebElement.execute(RemoteWebElement.java:285)
	at org.openqa.selenium.remote.RemoteWebElement.click(RemoteWebElement.java:84)
	at org.openqa.selenium.support.events.EventFiringWebDriver$EventFiringWebElement.lambda$new$0(EventFiringWebDriver.java:404)
	at com.sun.proxy.$Proxy11.click(Unknown Source)
	at org.openqa.selenium.support.events.EventFiringWebDriver$EventFiringWebElement.click(EventFiringWebDriver.java:417)
	at com.kms.katalon.core.webui.keyword.builtin.ClickKeyword$_click_closure1.doCall(ClickKeyword.groovy:68)
	at com.kms.katalon.core.webui.keyword.builtin.ClickKeyword$_click_closure1.call(ClickKeyword.groovy)
	at com.kms.katalon.core.webui.keyword.internal.WebUIKeywordMain.runKeyword(WebUIKeywordMain.groovy:20)
	at com.kms.katalon.core.webui.keyword.builtin.ClickKeyword.click(ClickKeyword.groovy:75)
	at com.kms.katalon.core.webui.keyword.builtin.ClickKeyword.execute(ClickKeyword.groovy:42)
	at com.kms.katalon.core.keyword.internal.KeywordExecutor.executeKeywordForPlatform(KeywordExecutor.groovy:74)
	at com.kms.katalon.core.webui.keyword.WebUiBuiltInKeywords.click(WebUiBuiltInKeywords.groovy:608)
	at com.kms.katalon.core.webui.keyword.WebUiBuiltInKeywords$click$7.call(Unknown Source)
	at Script1609194777899.run(Script1609194777899.groovy:143)
	... 13 more
)

2021-09-28 17:46:12 - [MESSAGE][FAILED] - Unable to click on object 'Object Repository/Page_tC Create/Hamburger Menu Button' (Root cause: com.kms.katalon.core.exception.StepFailedException: Unable to click on object 'Object Repository/Page_tC Create/Hamburger Menu Button'
	at com.kms.katalon.core.webui.keyword.internal.WebUIKeywordMain.stepFailed(WebUIKeywordMain.groovy:64)
	at com.kms.katalon.core.webui.keyword.internal.WebUIKeywordMain.runKeyword(WebUIKeywordMain.groovy:26)
	at com.kms.katalon.core.webui.keyword.builtin.ClickKeyword.click(ClickKeyword.groovy:75)
	at com.kms.katalon.core.webui.keyword.builtin.ClickKeyword.execute(ClickKeyword.groovy:42)
	at com.kms.katalon.core.keyword.internal.KeywordExecutor.executeKeywordForPlatform(KeywordExecutor.groovy:74)
	at com.kms.katalon.core.webui.keyword.WebUiBuiltInKeywords.click(WebUiBuiltInKeywords.groovy:608)
	at com.kms.katalon.core.webui.keyword.WebUiBuiltInKeywords$click$7.call(Unknown Source)
	at tN_Add New Resource.run(tN_Add New Resource:143)
	at com.kms.katalon.core.main.ScriptEngine.run(ScriptEngine.java:194)
	at com.kms.katalon.core.main.ScriptEngine.runScriptAsRawText(ScriptEngine.java:119)
	at com.kms.katalon.core.main.TestCaseExecutor.runScript(TestCaseExecutor.java:430)
	at com.kms.katalon.core.main.TestCaseExecutor.doExecute(TestCaseExecutor.java:421)
	at com.kms.katalon.core.main.TestCaseExecutor.processExecutionPhase(TestCaseExecutor.java:400)
	at com.kms.katalon.core.main.TestCaseExecutor.accessMainPhase(TestCaseExecutor.java:392)
	at com.kms.katalon.core.main.TestCaseExecutor.execute(TestCaseExecutor.java:273)
	at com.kms.katalon.core.main.TestSuiteExecutor.accessTestCaseMainPhase(TestSuiteExecutor.java:202)
	at com.kms.katalon.core.main.TestSuiteExecutor.accessTestSuiteMainPhase(TestSuiteExecutor.java:164)
	at com.kms.katalon.core.main.TestSuiteExecutor.execute(TestSuiteExecutor.java:105)
	at com.kms.katalon.core.main.TestCaseMain.startTestSuite(TestCaseMain.java:185)
	at com.kms.katalon.core.main.TestCaseMain$startTestSuite$0.call(Unknown Source)
	at TempTestSuite1632864492590.run(TempTestSuite1632864492590.groovy:36)
Caused by: org.openqa.selenium.ElementClickInterceptedException: element click intercepted: Element <button class="MuiButtonBase-root MuiIconButton-root MuiIconButton-colorInherit" tabindex="0" type="button" data-test="drawer-menu-button" aria-label="Menu">...</button> is not clickable at point (36, 32). Other element would receive the click: <div class="jss8">...</div>
  (Session info: chrome=94.0.4606.61)
Build info: version: '3.141.59', revision: 'e82be7d358', time: '2018-11-14T08:25:53'
System info: host: 'ELSYs-MBP.phub.net.cable.rogers.com', ip: '2607:fea8:2cde:e900:0:0:0:cce8%en0', os.name: 'Mac OS X', os.arch: 'x86_64', os.version: '10.16', java.version: '1.8.0_275'
Driver info: com.kms.katalon.selenium.driver.CChromeDriver
Capabilities {acceptInsecureCerts: false, browserName: chrome, browserVersion: 94.0.4606.61, chrome: {chromedriverVersion: 94.0.4606.61 (418b78f5838ed..., userDataDir: /var/folders/sf/msc8p_nx3x3...}, goog:chromeOptions: {debuggerAddress: localhost:59091}, javascriptEnabled: true, networkConnectionEnabled: false, pageLoadStrategy: normal, platform: MAC, platformName: MAC, proxy: Proxy(), setWindowRect: true, strictFileInteractability: false, timeouts: {implicit: 0, pageLoad: 300000, script: 30000}, unhandledPromptBehavior: dismiss and notify, webauthn:extension:credBlob: true, webauthn:extension:largeBlob: true, webauthn:virtualAuthenticators: true}
Session ID: c61c8ec51ae844d73f23c124dc333ae6
	at org.openqa.selenium.remote.http.W3CHttpResponseCodec.createException(W3CHttpResponseCodec.java:187)
	at org.openqa.selenium.remote.http.W3CHttpResponseCodec.decode(W3CHttpResponseCodec.java:122)
	at org.openqa.selenium.remote.http.W3CHttpResponseCodec.decode(W3CHttpResponseCodec.java:49)
	at org.openqa.selenium.remote.HttpCommandExecutor.execute(HttpCommandExecutor.java:158)
	at org.openqa.selenium.remote.service.DriverCommandExecutor.execute(DriverCommandExecutor.java:83)
	at org.openqa.selenium.remote.RemoteWebDriver.execute(RemoteWebDriver.java:552)
	at com.kms.katalon.selenium.driver.CChromeDriver.execute(CChromeDriver.java:19)
	at org.openqa.selenium.remote.RemoteWebElement.execute(RemoteWebElement.java:285)
	at org.openqa.selenium.remote.RemoteWebElement.click(RemoteWebElement.java:84)
	at org.openqa.selenium.support.events.EventFiringWebDriver$EventFiringWebElement.lambda$new$0(EventFiringWebDriver.java:404)
	at com.sun.proxy.$Proxy11.click(Unknown Source)
	at org.openqa.selenium.support.events.EventFiringWebDriver$EventFiringWebElement.click(EventFiringWebDriver.java:417)
	at com.kms.katalon.core.webui.keyword.builtin.ClickKeyword$_click_closure1.doCall(ClickKeyword.groovy:68)
	at com.kms.katalon.core.webui.keyword.builtin.ClickKeyword$_click_closure1.call(ClickKeyword.groovy)
	at com.kms.katalon.core.webui.keyword.internal.WebUIKeywordMain.runKeyword(WebUIKeywordMain.groovy:20)
	at com.kms.katalon.core.webui.keyword.builtin.ClickKeyword.click(ClickKeyword.groovy:75)
	at com.kms.katalon.core.webui.keyword.builtin.ClickKeyword.execute(ClickKeyword.groovy:42)
	at com.kms.katalon.core.keyword.internal.KeywordExecutor.executeKeywordForPlatform(KeywordExecutor.groovy:74)
	at com.kms.katalon.core.webui.keyword.WebUiBuiltInKeywords.click(WebUiBuiltInKeywords.groovy:608)
	at com.kms.katalon.core.webui.keyword.WebUiBuiltInKeywords$click$7.call(Unknown Source)
	at Script1609194777899.run(Script1609194777899.groovy:143)
	... 13 more
)
[[ATTACHMENT|/Users/elsylitsonlambert/git/tcCreateQA/Reports/20210928_172811/Test Suite1- Regression/20210928_172812/1632865572564.png]]

2021-09-28 17:46:12 - [TEST_STEP][FAILED] - catch (Exception e): null

2021-09-28 17:46:12 - [TEST_STEP][FAILED] - scrollToElement(findTestObject("Object Repository/Page_tC Create/chip_Repo"), 2): Unable to scroll to object 'Object Repository/Page_tC Create/chip_Repo' (Root cause: com.kms.katalon.core.exception.StepFailedException: Unable to scroll to object 'Object Repository/Page_tC Create/chip_Repo'
	at com.kms.katalon.core.webui.keyword.internal.WebUIKeywordMain.stepFailed(WebUIKeywordMain.groovy:64)
	at com.kms.katalon.core.webui.keyword.internal.WebUIKeywordMain.runKeyword(WebUIKeywordMain.groovy:26)
	at com.kms.katalon.core.webui.keyword.builtin.ScrollToElementKeyword.scrollToElement(ScrollToElementKeyword.groovy:88)
	at com.kms.katalon.core.webui.keyword.builtin.ScrollToElementKeyword.execute(ScrollToElementKeyword.groovy:68)
	at com.kms.katalon.core.keyword.internal.KeywordExecutor.executeKeywordForPlatform(KeywordExecutor.groovy:74)
	at com.kms.katalon.core.webui.keyword.WebUiBuiltInKeywords.scrollToElement(WebUiBuiltInKeywords.groovy:4061)
	at com.kms.katalon.core.webui.keyword.WebUiBuiltInKeywords$scrollToElement$16.call(Unknown Source)
	at tN_Add New Resource.run(tN_Add New Resource:145)
	at com.kms.katalon.core.main.ScriptEngine.run(ScriptEngine.java:194)
	at com.kms.katalon.core.main.ScriptEngine.runScriptAsRawText(ScriptEngine.java:119)
	at com.kms.katalon.core.main.TestCaseExecutor.runScript(TestCaseExecutor.java:430)
	at com.kms.katalon.core.main.TestCaseExecutor.doExecute(TestCaseExecutor.java:421)
	at com.kms.katalon.core.main.TestCaseExecutor.processExecutionPhase(TestCaseExecutor.java:400)
	at com.kms.katalon.core.main.TestCaseExecutor.accessMainPhase(TestCaseExecutor.java:392)
	at com.kms.katalon.core.main.TestCaseExecutor.execute(TestCaseExecutor.java:273)
	at com.kms.katalon.core.main.TestSuiteExecutor.accessTestCaseMainPhase(TestSuiteExecutor.java:202)
	at com.kms.katalon.core.main.TestSuiteExecutor.accessTestSuiteMainPhase(TestSuiteExecutor.java:164)
	at com.kms.katalon.core.main.TestSuiteExecutor.execute(TestSuiteExecutor.java:105)
	at com.kms.katalon.core.main.TestCaseMain.startTestSuite(TestCaseMain.java:185)
	at com.kms.katalon.core.main.TestCaseMain$startTestSuite$0.call(Unknown Source)
	at TempTestSuite1632864492590.run(TempTestSuite1632864492590.groovy:36)
Caused by: com.kms.katalon.core.webui.exception.WebElementNotFoundException: Web element with id: 'Object Repository/Page_tC Create/chip_Repo' located by '//*[@class = 'MuiGrid-root MuiGrid-item MuiGrid-grid-xs-12']' not found
	at com.kms.katalon.core.webui.common.WebUiCommonHelper.findWebElement(WebUiCommonHelper.java:1368)
	at com.kms.katalon.core.webui.keyword.internal.WebUIAbstractKeyword.findWebElement(WebUIAbstractKeyword.groovy:27)
	at com.kms.katalon.core.webui.keyword.internal.WebUIAbstractKeyword.findWebElement(WebUIAbstractKeyword.groovy:26)
	at com.kms.katalon.core.webui.keyword.builtin.ScrollToElementKeyword$_scrollToElement_closure1.doCall(ScrollToElementKeyword.groovy:79)
	at com.kms.katalon.core.webui.keyword.builtin.ScrollToElementKeyword$_scrollToElement_closure1.call(ScrollToElementKeyword.groovy)
	at com.kms.katalon.core.webui.keyword.internal.WebUIKeywordMain.runKeyword(WebUIKeywordMain.groovy:20)
	at com.kms.katalon.core.webui.keyword.builtin.ScrollToElementKeyword.scrollToElement(ScrollToElementKeyword.groovy:88)
	at com.kms.katalon.core.webui.keyword.builtin.ScrollToElementKeyword.execute(ScrollToElementKeyword.groovy:68)
	at com.kms.katalon.core.keyword.internal.KeywordExecutor.executeKeywordForPlatform(KeywordExecutor.groovy:74)
	at com.kms.katalon.core.webui.keyword.WebUiBuiltInKeywords.scrollToElement(WebUiBuiltInKeywords.groovy:4061)
	at com.kms.katalon.core.webui.keyword.WebUiBuiltInKeywords$scrollToElement$16.call(Unknown Source)
	at Script1609194777899.run(Script1609194777899.groovy:145)
	... 13 more
)

2021-09-28 17:46:44 - [MESSAGE][INFO] - Unable to find the element located by 'By.xpath: //*[@class = 'MuiGrid-root MuiGrid-item MuiGrid-grid-xs-12']'. Please recheck the objects properties to make sure the desired element is located. 

2021-09-28 17:46:44 - [MESSAGE][FAILED] - Unable to scroll to object 'Object Repository/Page_tC Create/chip_Repo' (Root cause: com.kms.katalon.core.exception.StepFailedException: Unable to scroll to object 'Object Repository/Page_tC Create/chip_Repo'
	at com.kms.katalon.core.webui.keyword.internal.WebUIKeywordMain.stepFailed(WebUIKeywordMain.groovy:64)
	at com.kms.katalon.core.webui.keyword.internal.WebUIKeywordMain.runKeyword(WebUIKeywordMain.groovy:26)
	at com.kms.katalon.core.webui.keyword.builtin.ScrollToElementKeyword.scrollToElement(ScrollToElementKeyword.groovy:88)
	at com.kms.katalon.core.webui.keyword.builtin.ScrollToElementKeyword.execute(ScrollToElementKeyword.groovy:68)
	at com.kms.katalon.core.keyword.internal.KeywordExecutor.executeKeywordForPlatform(KeywordExecutor.groovy:74)
	at com.kms.katalon.core.webui.keyword.WebUiBuiltInKeywords.scrollToElement(WebUiBuiltInKeywords.groovy:4061)
	at com.kms.katalon.core.webui.keyword.WebUiBuiltInKeywords$scrollToElement$16.call(Unknown Source)
	at tN_Add New Resource.run(tN_Add New Resource:145)
	at com.kms.katalon.core.main.ScriptEngine.run(ScriptEngine.java:194)
	at com.kms.katalon.core.main.ScriptEngine.runScriptAsRawText(ScriptEngine.java:119)
	at com.kms.katalon.core.main.TestCaseExecutor.runScript(TestCaseExecutor.java:430)
	at com.kms.katalon.core.main.TestCaseExecutor.doExecute(TestCaseExecutor.java:421)
	at com.kms.katalon.core.main.TestCaseExecutor.processExecutionPhase(TestCaseExecutor.java:400)
	at com.kms.katalon.core.main.TestCaseExecutor.accessMainPhase(TestCaseExecutor.java:392)
	at com.kms.katalon.core.main.TestCaseExecutor.execute(TestCaseExecutor.java:273)
	at com.kms.katalon.core.main.TestSuiteExecutor.accessTestCaseMainPhase(TestSuiteExecutor.java:202)
	at com.kms.katalon.core.main.TestSuiteExecutor.accessTestSuiteMainPhase(TestSuiteExecutor.java:164)
	at com.kms.katalon.core.main.TestSuiteExecutor.execute(TestSuiteExecutor.java:105)
	at com.kms.katalon.core.main.TestCaseMain.startTestSuite(TestCaseMain.java:185)
	at com.kms.katalon.core.main.TestCaseMain$startTestSuite$0.call(Unknown Source)
	at TempTestSuite1632864492590.run(TempTestSuite1632864492590.groovy:36)
Caused by: com.kms.katalon.core.webui.exception.WebElementNotFoundException: Web element with id: 'Object Repository/Page_tC Create/chip_Repo' located by '//*[@class = 'MuiGrid-root MuiGrid-item MuiGrid-grid-xs-12']' not found
	at com.kms.katalon.core.webui.common.WebUiCommonHelper.findWebElement(WebUiCommonHelper.java:1368)
	at com.kms.katalon.core.webui.keyword.internal.WebUIAbstractKeyword.findWebElement(WebUIAbstractKeyword.groovy:27)
	at com.kms.katalon.core.webui.keyword.internal.WebUIAbstractKeyword.findWebElement(WebUIAbstractKeyword.groovy:26)
	at com.kms.katalon.core.webui.keyword.builtin.ScrollToElementKeyword$_scrollToElement_closure1.doCall(ScrollToElementKeyword.groovy:79)
	at com.kms.katalon.core.webui.keyword.builtin.ScrollToElementKeyword$_scrollToElement_closure1.call(ScrollToElementKeyword.groovy)
	at com.kms.katalon.core.webui.keyword.internal.WebUIKeywordMain.runKeyword(WebUIKeywordMain.groovy:20)
	at com.kms.katalon.core.webui.keyword.builtin.ScrollToElementKeyword.scrollToElement(ScrollToElementKeyword.groovy:88)
	at com.kms.katalon.core.webui.keyword.builtin.ScrollToElementKeyword.execute(ScrollToElementKeyword.groovy:68)
	at com.kms.katalon.core.keyword.internal.KeywordExecutor.executeKeywordForPlatform(KeywordExecutor.groovy:74)
	at com.kms.katalon.core.webui.keyword.WebUiBuiltInKeywords.scrollToElement(WebUiBuiltInKeywords.groovy:4061)
	at com.kms.katalon.core.webui.keyword.WebUiBuiltInKeywords$scrollToElement$16.call(Unknown Source)
	at Script1609194777899.run(Script1609194777899.groovy:145)
	... 13 more
)
[[ATTACHMENT|/Users/elsylitsonlambert/git/tcCreateQA/Reports/20210928_172811/Test Suite1- Regression/20210928_172812/1632865604021.png]]

2021-09-28 17:46:44 - [TEST_STEP][FAILED] - click(findTestObject("Page_tC Create/button_DrawerOpen"), STOP_ON_FAILURE): Unable to click on object 'Object Repository/Page_tC Create/button_DrawerOpen' (Root cause: com.kms.katalon.core.exception.StepFailedException: Unable to click on object 'Object Repository/Page_tC Create/button_DrawerOpen'
	at com.kms.katalon.core.webui.keyword.internal.WebUIKeywordMain.stepFailed(WebUIKeywordMain.groovy:64)
	at com.kms.katalon.core.webui.keyword.internal.WebUIKeywordMain.runKeyword(WebUIKeywordMain.groovy:26)
	at com.kms.katalon.core.webui.keyword.builtin.ClickKeyword.click(ClickKeyword.groovy:75)
	at com.kms.katalon.core.webui.keyword.builtin.ClickKeyword.execute(ClickKeyword.groovy:42)
	at com.kms.katalon.core.keyword.internal.KeywordExecutor.executeKeywordForPlatform(KeywordExecutor.groovy:74)
	at com.kms.katalon.core.webui.keyword.WebUiBuiltInKeywords.click(WebUiBuiltInKeywords.groovy:608)
	at com.kms.katalon.core.webui.keyword.WebUiBuiltInKeywords$click$7.call(Unknown Source)
	at tN_Add New Resource.run(tN_Add New Resource:146)
	at com.kms.katalon.core.main.ScriptEngine.run(ScriptEngine.java:194)
	at com.kms.katalon.core.main.ScriptEngine.runScriptAsRawText(ScriptEngine.java:119)
	at com.kms.katalon.core.main.TestCaseExecutor.runScript(TestCaseExecutor.java:430)
	at com.kms.katalon.core.main.TestCaseExecutor.doExecute(TestCaseExecutor.java:421)
	at com.kms.katalon.core.main.TestCaseExecutor.processExecutionPhase(TestCaseExecutor.java:400)
	at com.kms.katalon.core.main.TestCaseExecutor.accessMainPhase(TestCaseExecutor.java:392)
	at com.kms.katalon.core.main.TestCaseExecutor.execute(TestCaseExecutor.java:273)
	at com.kms.katalon.core.main.TestSuiteExecutor.accessTestCaseMainPhase(TestSuiteExecutor.java:202)
	at com.kms.katalon.core.main.TestSuiteExecutor.accessTestSuiteMainPhase(TestSuiteExecutor.java:164)
	at com.kms.katalon.core.main.TestSuiteExecutor.execute(TestSuiteExecutor.java:105)
	at com.kms.katalon.core.main.TestCaseMain.startTestSuite(TestCaseMain.java:185)
	at com.kms.katalon.core.main.TestCaseMain$startTestSuite$0.call(Unknown Source)
	at TempTestSuite1632864492590.run(TempTestSuite1632864492590.groovy:36)
Caused by: org.openqa.selenium.ElementClickInterceptedException: element click intercepted: Element <button class="MuiButtonBase-root MuiIconButton-root MuiIconButton-colorInherit" tabindex="0" type="button" data-test="drawer-menu-button" aria-label="Menu">...</button> is not clickable at point (36, 32). Other element would receive the click: <div class="jss8">...</div>
  (Session info: chrome=94.0.4606.61)
Build info: version: '3.141.59', revision: 'e82be7d358', time: '2018-11-14T08:25:53'
System info: host: 'ELSYs-MBP.phub.net.cable.rogers.com', ip: '2607:fea8:2cde:e900:0:0:0:cce8%en0', os.name: 'Mac OS X', os.arch: 'x86_64', os.version: '10.16', java.version: '1.8.0_275'
Driver info: com.kms.katalon.selenium.driver.CChromeDriver
Capabilities {acceptInsecureCerts: false, browserName: chrome, browserVersion: 94.0.4606.61, chrome: {chromedriverVersion: 94.0.4606.61 (418b78f5838ed..., userDataDir: /var/folders/sf/msc8p_nx3x3...}, goog:chromeOptions: {debuggerAddress: localhost:59091}, javascriptEnabled: true, networkConnectionEnabled: false, pageLoadStrategy: normal, platform: MAC, platformName: MAC, proxy: Proxy(), setWindowRect: true, strictFileInteractability: false, timeouts: {implicit: 0, pageLoad: 300000, script: 30000}, unhandledPromptBehavior: dismiss and notify, webauthn:extension:credBlob: true, webauthn:extension:largeBlob: true, webauthn:virtualAuthenticators: true}
Session ID: c61c8ec51ae844d73f23c124dc333ae6
	at org.openqa.selenium.remote.http.W3CHttpResponseCodec.createException(W3CHttpResponseCodec.java:187)
	at org.openqa.selenium.remote.http.W3CHttpResponseCodec.decode(W3CHttpResponseCodec.java:122)
	at org.openqa.selenium.remote.http.W3CHttpResponseCodec.decode(W3CHttpResponseCodec.java:49)
	at org.openqa.selenium.remote.HttpCommandExecutor.execute(HttpCommandExecutor.java:158)
	at org.openqa.selenium.remote.service.DriverCommandExecutor.execute(DriverCommandExecutor.java:83)
	at org.openqa.selenium.remote.RemoteWebDriver.execute(RemoteWebDriver.java:552)
	at com.kms.katalon.selenium.driver.CChromeDriver.execute(CChromeDriver.java:19)
	at org.openqa.selenium.remote.RemoteWebElement.execute(RemoteWebElement.java:285)
	at org.openqa.selenium.remote.RemoteWebElement.click(RemoteWebElement.java:84)
	at org.openqa.selenium.support.events.EventFiringWebDriver$EventFiringWebElement.lambda$new$0(EventFiringWebDriver.java:404)
	at com.sun.proxy.$Proxy11.click(Unknown Source)
	at org.openqa.selenium.support.events.EventFiringWebDriver$EventFiringWebElement.click(EventFiringWebDriver.java:417)
	at com.kms.katalon.core.webui.keyword.builtin.ClickKeyword$_click_closure1.doCall(ClickKeyword.groovy:68)
	at com.kms.katalon.core.webui.keyword.builtin.ClickKeyword$_click_closure1.call(ClickKeyword.groovy)
	at com.kms.katalon.core.webui.keyword.internal.WebUIKeywordMain.runKeyword(WebUIKeywordMain.groovy:20)
	at com.kms.katalon.core.webui.keyword.builtin.ClickKeyword.click(ClickKeyword.groovy:75)
	at com.kms.katalon.core.webui.keyword.builtin.ClickKeyword.execute(ClickKeyword.groovy:42)
	at com.kms.katalon.core.keyword.internal.KeywordExecutor.executeKeywordForPlatform(KeywordExecutor.groovy:74)
	at com.kms.katalon.core.webui.keyword.WebUiBuiltInKeywords.click(WebUiBuiltInKeywords.groovy:608)
	at com.kms.katalon.core.webui.keyword.WebUiBuiltInKeywords$click$7.call(Unknown Source)
	at Script1609194777899.run(Script1609194777899.groovy:146)
	... 13 more
)

2021-09-28 17:46:47 - [MESSAGE][FAILED] - Unable to click on object 'Object Repository/Page_tC Create/button_DrawerOpen' (Root cause: com.kms.katalon.core.exception.StepFailedException: Unable to click on object 'Object Repository/Page_tC Create/button_DrawerOpen'
	at com.kms.katalon.core.webui.keyword.internal.WebUIKeywordMain.stepFailed(WebUIKeywordMain.groovy:64)
	at com.kms.katalon.core.webui.keyword.internal.WebUIKeywordMain.runKeyword(WebUIKeywordMain.groovy:26)
	at com.kms.katalon.core.webui.keyword.builtin.ClickKeyword.click(ClickKeyword.groovy:75)
	at com.kms.katalon.core.webui.keyword.builtin.ClickKeyword.execute(ClickKeyword.groovy:42)
	at com.kms.katalon.core.keyword.internal.KeywordExecutor.executeKeywordForPlatform(KeywordExecutor.groovy:74)
	at com.kms.katalon.core.webui.keyword.WebUiBuiltInKeywords.click(WebUiBuiltInKeywords.groovy:608)
	at com.kms.katalon.core.webui.keyword.WebUiBuiltInKeywords$click$7.call(Unknown Source)
	at tN_Add New Resource.run(tN_Add New Resource:146)
	at com.kms.katalon.core.main.ScriptEngine.run(ScriptEngine.java:194)
	at com.kms.katalon.core.main.ScriptEngine.runScriptAsRawText(ScriptEngine.java:119)
	at com.kms.katalon.core.main.TestCaseExecutor.runScript(TestCaseExecutor.java:430)
	at com.kms.katalon.core.main.TestCaseExecutor.doExecute(TestCaseExecutor.java:421)
	at com.kms.katalon.core.main.TestCaseExecutor.processExecutionPhase(TestCaseExecutor.java:400)
	at com.kms.katalon.core.main.TestCaseExecutor.accessMainPhase(TestCaseExecutor.java:392)
	at com.kms.katalon.core.main.TestCaseExecutor.execute(TestCaseExecutor.java:273)
	at com.kms.katalon.core.main.TestSuiteExecutor.accessTestCaseMainPhase(TestSuiteExecutor.java:202)
	at com.kms.katalon.core.main.TestSuiteExecutor.accessTestSuiteMainPhase(TestSuiteExecutor.java:164)
	at com.kms.katalon.core.main.TestSuiteExecutor.execute(TestSuiteExecutor.java:105)
	at com.kms.katalon.core.main.TestCaseMain.startTestSuite(TestCaseMain.java:185)
	at com.kms.katalon.core.main.TestCaseMain$startTestSuite$0.call(Unknown Source)
	at TempTestSuite1632864492590.run(TempTestSuite1632864492590.groovy:36)
Caused by: org.openqa.selenium.ElementClickInterceptedException: element click intercepted: Element <button class="MuiButtonBase-root MuiIconButton-root MuiIconButton-colorInherit" tabindex="0" type="button" data-test="drawer-menu-button" aria-label="Menu">...</button> is not clickable at point (36, 32). Other element would receive the click: <div class="jss8">...</div>
  (Session info: chrome=94.0.4606.61)
Build info: version: '3.141.59', revision: 'e82be7d358', time: '2018-11-14T08:25:53'
System info: host: 'ELSYs-MBP.phub.net.cable.rogers.com', ip: '2607:fea8:2cde:e900:0:0:0:cce8%en0', os.name: 'Mac OS X', os.arch: 'x86_64', os.version: '10.16', java.version: '1.8.0_275'
Driver info: com.kms.katalon.selenium.driver.CChromeDriver
Capabilities {acceptInsecureCerts: false, browserName: chrome, browserVersion: 94.0.4606.61, chrome: {chromedriverVersion: 94.0.4606.61 (418b78f5838ed..., userDataDir: /var/folders/sf/msc8p_nx3x3...}, goog:chromeOptions: {debuggerAddress: localhost:59091}, javascriptEnabled: true, networkConnectionEnabled: false, pageLoadStrategy: normal, platform: MAC, platformName: MAC, proxy: Proxy(), setWindowRect: true, strictFileInteractability: false, timeouts: {implicit: 0, pageLoad: 300000, script: 30000}, unhandledPromptBehavior: dismiss and notify, webauthn:extension:credBlob: true, webauthn:extension:largeBlob: true, webauthn:virtualAuthenticators: true}
Session ID: c61c8ec51ae844d73f23c124dc333ae6
	at org.openqa.selenium.remote.http.W3CHttpResponseCodec.createException(W3CHttpResponseCodec.java:187)
	at org.openqa.selenium.remote.http.W3CHttpResponseCodec.decode(W3CHttpResponseCodec.java:122)
	at org.openqa.selenium.remote.http.W3CHttpResponseCodec.decode(W3CHttpResponseCodec.java:49)
	at org.openqa.selenium.remote.HttpCommandExecutor.execute(HttpCommandExecutor.java:158)
	at org.openqa.selenium.remote.service.DriverCommandExecutor.execute(DriverCommandExecutor.java:83)
	at org.openqa.selenium.remote.RemoteWebDriver.execute(RemoteWebDriver.java:552)
	at com.kms.katalon.selenium.driver.CChromeDriver.execute(CChromeDriver.java:19)
	at org.openqa.selenium.remote.RemoteWebElement.execute(RemoteWebElement.java:285)
	at org.openqa.selenium.remote.RemoteWebElement.click(RemoteWebElement.java:84)
	at org.openqa.selenium.support.events.EventFiringWebDriver$EventFiringWebElement.lambda$new$0(EventFiringWebDriver.java:404)
	at com.sun.proxy.$Proxy11.click(Unknown Source)
	at org.openqa.selenium.support.events.EventFiringWebDriver$EventFiringWebElement.click(EventFiringWebDriver.java:417)
	at com.kms.katalon.core.webui.keyword.builtin.ClickKeyword$_click_closure1.doCall(ClickKeyword.groovy:68)
	at com.kms.katalon.core.webui.keyword.builtin.ClickKeyword$_click_closure1.call(ClickKeyword.groovy)
	at com.kms.katalon.core.webui.keyword.internal.WebUIKeywordMain.runKeyword(WebUIKeywordMain.groovy:20)
	at com.kms.katalon.core.webui.keyword.builtin.ClickKeyword.click(ClickKeyword.groovy:75)
	at com.kms.katalon.core.webui.keyword.builtin.ClickKeyword.execute(ClickKeyword.groovy:42)
	at com.kms.katalon.core.keyword.internal.KeywordExecutor.executeKeywordForPlatform(KeywordExecutor.groovy:74)
	at com.kms.katalon.core.webui.keyword.WebUiBuiltInKeywords.click(WebUiBuiltInKeywords.groovy:608)
	at com.kms.katalon.core.webui.keyword.WebUiBuiltInKeywords$click$7.call(Unknown Source)
	at Script1609194777899.run(Script1609194777899.groovy:146)
	... 13 more
)
[[ATTACHMENT|/Users/elsylitsonlambert/git/tcCreateQA/Reports/20210928_172811/Test Suite1- Regression/20210928_172812/1632865606819.png]]]]></system-out>
         <system-err><![CDATA[2021-09-28 17:37:15 - [TEST_CASE][FAILED] - Test Cases/tCC Test Cases/tN_Add New Resource: Test Cases/tCC Test Cases/tN_Add New Resource FAILED.
Reason:
com.kms.katalon.core.exception.StepFailedException: Unable to click on object 'Object Repository/Page_tC Create/listOption_organisation_Parmed' (Root cause: com.kms.katalon.core.exception.StepFailedException: Unable to click on object 'Object Repository/Page_tC Create/listOption_organisation_Parmed'
	at com.kms.katalon.core.webui.keyword.internal.WebUIKeywordMain.stepFailed(WebUIKeywordMain.groovy:64)
	at com.kms.katalon.core.webui.keyword.internal.WebUIKeywordMain.runKeyword(WebUIKeywordMain.groovy:26)
	at com.kms.katalon.core.webui.keyword.builtin.ClickKeyword.click(ClickKeyword.groovy:75)
	at com.kms.katalon.core.webui.keyword.builtin.ClickKeyword.execute(ClickKeyword.groovy:42)
	at com.kms.katalon.core.keyword.internal.KeywordExecutor.executeKeywordForPlatform(KeywordExecutor.groovy:74)
	at com.kms.katalon.core.webui.keyword.WebUiBuiltInKeywords.click(WebUiBuiltInKeywords.groovy:620)
	at com.kms.katalon.core.webui.keyword.WebUiBuiltInKeywords$click$3.call(Unknown Source)
	at com.tccreate.keywords.selectOrg.organization(selectOrg.groovy:31)
	at com.tccreate.keywords.selectOrg.invokeMethod(selectOrg.groovy)
	at com.kms.katalon.core.main.CustomKeywordDelegatingMetaClass.invokeStaticMethod(CustomKeywordDelegatingMetaClass.java:50)
	at tN_Add New Resource.run(tN_Add New Resource:29)
	at com.kms.katalon.core.main.ScriptEngine.run(ScriptEngine.java:194)
	at com.kms.katalon.core.main.ScriptEngine.runScriptAsRawText(ScriptEngine.java:119)
	at com.kms.katalon.core.main.TestCaseExecutor.runScript(TestCaseExecutor.java:430)
	at com.kms.katalon.core.main.TestCaseExecutor.doExecute(TestCaseExecutor.java:421)
	at com.kms.katalon.core.main.TestCaseExecutor.processExecutionPhase(TestCaseExecutor.java:400)
	at com.kms.katalon.core.main.TestCaseExecutor.accessMainPhase(TestCaseExecutor.java:392)
	at com.kms.katalon.core.main.TestCaseExecutor.execute(TestCaseExecutor.java:273)
	at com.kms.katalon.core.main.TestSuiteExecutor.accessTestCaseMainPhase(TestSuiteExecutor.java:202)
	at com.kms.katalon.core.main.TestSuiteExecutor.accessTestSuiteMainPhase(TestSuiteExecutor.java:164)
	at com.kms.katalon.core.main.TestSuiteExecutor.execute(TestSuiteExecutor.java:105)
	at com.kms.katalon.core.main.TestCaseMain.startTestSuite(TestCaseMain.java:185)
	at com.kms.katalon.core.main.TestCaseMain$startTestSuite$0.call(Unknown Source)
	at TempTestSuite1632864492590.run(TempTestSuite1632864492590.groovy:36)
Caused by: com.kms.katalon.core.webui.exception.WebElementNotFoundException: Web element with id: 'Object Repository/Page_tC Create/listOption_organisation_Parmed' located by '//*[(starts-with(text(), 'unfoldingWord') or starts-with(., 'unfoldingWord'))]' not found
	at com.kms.katalon.core.webui.common.WebUiCommonHelper.findWebElement(WebUiCommonHelper.java:1368)
	at com.kms.katalon.core.webui.keyword.internal.WebUIAbstractKeyword.findWebElement(WebUIAbstractKeyword.groovy:27)
	at com.kms.katalon.core.webui.keyword.internal.WebUIAbstractKeyword.findWebElement(WebUIAbstractKeyword.groovy:26)
	at com.kms.katalon.core.webui.keyword.builtin.ClickKeyword$_click_closure1.doCall(ClickKeyword.groovy:66)
	at com.kms.katalon.core.webui.keyword.builtin.ClickKeyword$_click_closure1.call(ClickKeyword.groovy)
	at com.kms.katalon.core.webui.keyword.internal.WebUIKeywordMain.runKeyword(WebUIKeywordMain.groovy:20)
	at com.kms.katalon.core.webui.keyword.builtin.ClickKeyword.click(ClickKeyword.groovy:75)
	at com.kms.katalon.core.webui.keyword.builtin.ClickKeyword.execute(ClickKeyword.groovy:42)
	at com.kms.katalon.core.keyword.internal.KeywordExecutor.executeKeywordForPlatform(KeywordExecutor.groovy:74)
	at com.kms.katalon.core.webui.keyword.WebUiBuiltInKeywords.click(WebUiBuiltInKeywords.groovy:620)
	at com.kms.katalon.core.webui.keyword.WebUiBuiltInKeywords$click$3.call(Unknown Source)
	at com.tccreate.keywords.selectOrg.organization(selectOrg.groovy:31)
	at com.tccreate.keywords.selectOrg.invokeMethod(selectOrg.groovy)
	at com.kms.katalon.core.main.CustomKeywordDelegatingMetaClass.invokeStaticMethod(CustomKeywordDelegatingMetaClass.java:50)
	at Script1609194777899.run(Script1609194777899.groovy:29)
	... 13 more
)
	at com.kms.katalon.core.keyword.internal.KeywordMain.stepFailed(KeywordMain.groovy:39)
	at com.kms.katalon.core.webui.keyword.internal.WebUIKeywordMain.stepFailed(WebUIKeywordMain.groovy:64)
	at com.kms.katalon.core.webui.keyword.internal.WebUIKeywordMain.runKeyword(WebUIKeywordMain.groovy:26)
	at com.kms.katalon.core.webui.keyword.builtin.ClickKeyword.click(ClickKeyword.groovy:75)
	at com.kms.katalon.core.webui.keyword.builtin.ClickKeyword.execute(ClickKeyword.groovy:42)
	at com.kms.katalon.core.keyword.internal.KeywordExecutor.executeKeywordForPlatform(KeywordExecutor.groovy:74)
	at com.kms.katalon.core.webui.keyword.WebUiBuiltInKeywords.click(WebUiBuiltInKeywords.groovy:620)
	at com.kms.katalon.core.webui.keyword.WebUiBuiltInKeywords$click$3.call(Unknown Source)
	at com.tccreate.keywords.selectOrg.organization(selectOrg.groovy:31)
	at com.tccreate.keywords.selectOrg.invokeMethod(selectOrg.groovy)
	at com.kms.katalon.core.main.CustomKeywordDelegatingMetaClass.invokeStaticMethod(CustomKeywordDelegatingMetaClass.java:50)
	at tN_Add New Resource.run(tN_Add New Resource:29)
	at com.kms.katalon.core.main.ScriptEngine.run(ScriptEngine.java:194)
	at com.kms.katalon.core.main.ScriptEngine.runScriptAsRawText(ScriptEngine.java:119)
	at com.kms.katalon.core.main.TestCaseExecutor.runScript(TestCaseExecutor.java:430)
	at com.kms.katalon.core.main.TestCaseExecutor.doExecute(TestCaseExecutor.java:421)
	at com.kms.katalon.core.main.TestCaseExecutor.processExecutionPhase(TestCaseExecutor.java:400)
	at com.kms.katalon.core.main.TestCaseExecutor.accessMainPhase(TestCaseExecutor.java:392)
	at com.kms.katalon.core.main.TestCaseExecutor.execute(TestCaseExecutor.java:273)
	at com.kms.katalon.core.main.TestSuiteExecutor.accessTestCaseMainPhase(TestSuiteExecutor.java:202)
	at com.kms.katalon.core.main.TestSuiteExecutor.accessTestSuiteMainPhase(TestSuiteExecutor.java:164)
	at com.kms.katalon.core.main.TestSuiteExecutor.execute(TestSuiteExecutor.java:105)
	at com.kms.katalon.core.main.TestCaseMain.startTestSuite(TestCaseMain.java:185)
	at com.kms.katalon.core.main.TestCaseMain$startTestSuite$0.call(Unknown Source)
	at TempTestSuite1632864492590.run(TempTestSuite1632864492590.groovy:36)
Caused by: com.kms.katalon.core.exception.StepFailedException: Unable to click on object 'Object Repository/Page_tC Create/listOption_organisation_Parmed'
	... 24 more
Caused by: com.kms.katalon.core.webui.exception.WebElementNotFoundException: Web element with id: 'Object Repository/Page_tC Create/listOption_organisation_Parmed' located by '//*[(starts-with(text(), 'unfoldingWord') or starts-with(., 'unfoldingWord'))]' not found
	at com.kms.katalon.core.webui.common.WebUiCommonHelper.findWebElement(WebUiCommonHelper.java:1368)
	at com.kms.katalon.core.webui.keyword.internal.WebUIAbstractKeyword.findWebElement(WebUIAbstractKeyword.groovy:27)
	at com.kms.katalon.core.webui.keyword.internal.WebUIAbstractKeyword.findWebElement(WebUIAbstractKeyword.groovy:26)
	at com.kms.katalon.core.webui.keyword.builtin.ClickKeyword$_click_closure1.doCall(ClickKeyword.groovy:66)
	at com.kms.katalon.core.webui.keyword.builtin.ClickKeyword$_click_closure1.call(ClickKeyword.groovy)
	at com.kms.katalon.core.webui.keyword.internal.WebUIKeywordMain.runKeyword(WebUIKeywordMain.groovy:20)
	... 22 more]]></system-err>
      </testcase>
      <testcase name="Test Cases/tCC Test Cases/tN_Tool Tips" time="33.802" classname="Test Cases/tCC Test Cases/tN_Tool Tips" status="PASSED">
         <system-out><![CDATA[2021-09-28 17:46:47 - [TEST_CASE][PASSED] - Test Cases/tCC Test Cases/tN_Tool Tips: Test Cases/tCC Test Cases/tN_Tool Tips

2021-09-28 17:46:47 - [TEST_STEP][PASSED] - com.tccreate.keywords.WriteToFile.writeTofilename("tN-ToolTips"): com.tccreate.keywords.WriteToFile.writeTofilename is PASSED

2021-09-28 17:46:47 - [MESSAGE][PASSED] - com.tccreate.keywords.WriteToFile.writeTofilename is PASSED

2021-09-28 17:46:47 - [TEST_STEP][PASSED] - com.helper.login.TimeDate.getTimeDate(): com.helper.login.TimeDate.getTimeDate is PASSED

2021-09-28 17:46:47 - [MESSAGE][INFO] - Time at which the test run:2021-09-28 17:46:47.326

2021-09-28 17:46:47 - [MESSAGE][PASSED] - com.helper.login.TimeDate.getTimeDate is PASSED

2021-09-28 17:46:47 - [TEST_STEP][PASSED] - com.helper.login.loginhelper.logintoapp(): com.helper.login.loginhelper.logintoapp is PASSED

2021-09-28 17:46:47 - [MESSAGE][WARNING] - A browser is already opened. Closing browser and opening a new one

2021-09-28 17:46:47 - [MESSAGE][INFO] - Starting 'Chrome' driver

2021-09-28 17:46:47 - [MESSAGE][INFO] - Action delay is set to 1,000 milliseconds

2021-09-28 17:46:48 - [MESSAGE][WARNING] - FFmpeg was not installed! Browser Recording will be disabled. Please follow this document to install FFmpeg first: https://docs.katalon.com/katalon-studio/docs/screenshots-videos.html#browser-based-recorder

2021-09-28 17:46:52 - [MESSAGE][PASSED] - Browser is opened with url: 'https://v1-3-0--tc-create-app.netlify.app/'

2021-09-28 17:46:52 - [MESSAGE][PASSED] - Wait for page load successfully

2021-09-28 17:46:52 - [MESSAGE][PASSED] - Current window maximized

2021-09-28 17:46:53 - [MESSAGE][PASSED] - Keys 'elsylambert' sent to object: 'Object Repository/Page_tC Create/input__username'

2021-09-28 17:46:55 - [MESSAGE][PASSED] - Keys 'fatak43' sent to object: 'Object Repository/Page_tC Create/input__password'

2021-09-28 17:46:56 - [MESSAGE][PASSED] - Object: 'Object Repository/Page_tC Create/button_Login' is clicked on

2021-09-28 17:46:57 - [MESSAGE][PASSED] - Delayed 1 second(s)

2021-09-28 17:46:58 - [MESSAGE][PASSED] - Text of object 'Object Repository/Page_tC Create/tcc-version number' is: 'translationCore Create - v1.3.0 build 73-f59f312'

2021-09-28 17:46:58 - [MESSAGE][INFO] - : The current version and build number is translationCore Create - v1.3.0 build 73-f59f312

2021-09-28 17:46:58 - [MESSAGE][PASSED] - com.helper.login.loginhelper.logintoapp is PASSED

2021-09-28 17:46:58 - [TEST_STEP][PASSED] - com.tccreate.keywords.selectOrg.organization(""): com.tccreate.keywords.selectOrg.organization is PASSED

2021-09-28 17:46:59 - [MESSAGE][PASSED] - Object: 'Object Repository/Page_tC Create/listOption_organisation_Parmed' is clicked on

2021-09-28 17:47:01 - [MESSAGE][WARNING] - No alert found after 2 second(s).

2021-09-28 17:47:01 - [MESSAGE][PASSED] - com.tccreate.keywords.selectOrg.organization is PASSED

2021-09-28 17:47:01 - [TEST_STEP][PASSED] - com.tccreate.keywords.selectOrg.resource("unfoldingWordÂ® Translation Notes"): com.tccreate.keywords.selectOrg.resource is PASSED

2021-09-28 17:47:03 - [MESSAGE][PASSED] - Object: 'Object Repository/Page_tC Create/resource_Parmed' is clicked on

2021-09-28 17:47:03 - [MESSAGE][PASSED] - com.tccreate.keywords.selectOrg.resource is PASSED

2021-09-28 17:47:03 - [TEST_STEP][PASSED] - com.tccreate.keywords.selectOrg.language(""): com.tccreate.keywords.selectOrg.language is PASSED

2021-09-28 17:47:04 - [MESSAGE][PASSED] - Object: 'Object Repository/Page_tC Create/combo_Select Language' is clicked on

2021-09-28 17:47:06 - [MESSAGE][PASSED] - Object: 'Object Repository/Page_tC Create/listOption_Language_Parmed' is clicked on

2021-09-28 17:47:06 - [MESSAGE][PASSED] - com.tccreate.keywords.selectOrg.language is PASSED

2021-09-28 17:47:06 - [TEST_STEP][PASSED] - click(findTestObject("Page_tC Create/Add new resource objects/span_en_tn_57-TIT.tsv")): Object: 'Object Repository/Page_tC Create/Add new resource objects/span_en_tn_57-TIT.tsv' is clicked on

2021-09-28 17:47:08 - [MESSAGE][PASSED] - Object: 'Object Repository/Page_tC Create/Add new resource objects/span_en_tn_57-TIT.tsv' is clicked on

2021-09-28 17:47:08 - [TEST_STEP][PASSED] - testToolTip("Object Repository/Tool tips/button_Search", "Search"): null

2021-09-28 17:47:08 - [TEST_STEP][PASSED] - actualTooltip = getAttribute(findTestObject(button), "title"): Attribute 'title' of object 'Object Repository/Tool tips/button_Search' is: 'Search'

2021-09-28 17:47:11 - [MESSAGE][PASSED] - Attribute 'title' of object 'Object Repository/Tool tips/button_Search' is: 'Search'

2021-09-28 17:47:11 - [TEST_STEP][PASSED] - out.println("Actual Title of Tool Tip for button " + toolTip + " is " + actualTooltip): null

2021-09-28 17:47:11 - [TEST_STEP][PASSED] - expectedTooltip = toolTip: null

2021-09-28 17:47:11 - [TEST_STEP][PASSED] - if (actualTooltip.equals(expectedTooltip)): null

2021-09-28 17:47:11 - [TEST_STEP][PASSED] - out.println("Test Case Passed for " + toolTip): null

2021-09-28 17:47:11 - [TEST_STEP][PASSED] - testToolTip("Object Repository/Tool tips/button_Filter table", "Filter Table"): null

2021-09-28 17:47:11 - [TEST_STEP][PASSED] - actualTooltip = getAttribute(findTestObject(button), "title"): Attribute 'title' of object 'Object Repository/Tool tips/button_Filter table' is: 'Filter Table'

2021-09-28 17:47:12 - [MESSAGE][PASSED] - Attribute 'title' of object 'Object Repository/Tool tips/button_Filter table' is: 'Filter Table'

2021-09-28 17:47:12 - [TEST_STEP][PASSED] - out.println("Actual Title of Tool Tip for button " + toolTip + " is " + actualTooltip): null

2021-09-28 17:47:12 - [TEST_STEP][PASSED] - expectedTooltip = toolTip: null

2021-09-28 17:47:12 - [TEST_STEP][PASSED] - if (actualTooltip.equals(expectedTooltip)): null

2021-09-28 17:47:12 - [TEST_STEP][PASSED] - out.println("Test Case Passed for " + toolTip): null

2021-09-28 17:47:12 - [TEST_STEP][PASSED] - testToolTip("Object Repository/Tool tips/button_view columns", "View Columns"): null

2021-09-28 17:47:12 - [TEST_STEP][PASSED] - actualTooltip = getAttribute(findTestObject(button), "title"): Attribute 'title' of object 'Object Repository/Tool tips/button_view columns' is: 'View Columns'

2021-09-28 17:47:12 - [MESSAGE][PASSED] - Attribute 'title' of object 'Object Repository/Tool tips/button_view columns' is: 'View Columns'

2021-09-28 17:47:12 - [TEST_STEP][PASSED] - out.println("Actual Title of Tool Tip for button " + toolTip + " is " + actualTooltip): null

2021-09-28 17:47:12 - [TEST_STEP][PASSED] - expectedTooltip = toolTip: null

2021-09-28 17:47:12 - [TEST_STEP][PASSED] - if (actualTooltip.equals(expectedTooltip)): null

2021-09-28 17:47:12 - [TEST_STEP][PASSED] - out.println("Test Case Passed for " + toolTip): null

2021-09-28 17:47:12 - [TEST_STEP][PASSED] - testToolTip("Object Repository/Tool tips/button_Validate", "Validate"): null

2021-09-28 17:47:12 - [TEST_STEP][PASSED] - actualTooltip = getAttribute(findTestObject(button), "title"): Attribute 'title' of object 'Object Repository/Tool tips/button_Validate' is: 'Validate'

2021-09-28 17:47:12 - [MESSAGE][PASSED] - Attribute 'title' of object 'Object Repository/Tool tips/button_Validate' is: 'Validate'

2021-09-28 17:47:12 - [TEST_STEP][PASSED] - out.println("Actual Title of Tool Tip for button " + toolTip + " is " + actualTooltip): null

2021-09-28 17:47:12 - [TEST_STEP][PASSED] - expectedTooltip = toolTip: null

2021-09-28 17:47:12 - [TEST_STEP][PASSED] - if (actualTooltip.equals(expectedTooltip)): null

2021-09-28 17:47:12 - [TEST_STEP][PASSED] - out.println("Test Case Passed for " + toolTip): null

2021-09-28 17:47:12 - [TEST_STEP][PASSED] - testToolTip("Object Repository/Tool tips/button_Preview", "Preview"): null

2021-09-28 17:47:12 - [TEST_STEP][PASSED] - actualTooltip = getAttribute(findTestObject(button), "title"): Attribute 'title' of object 'Object Repository/Tool tips/button_Preview' is: 'Preview'

2021-09-28 17:47:13 - [MESSAGE][PASSED] - Attribute 'title' of object 'Object Repository/Tool tips/button_Preview' is: 'Preview'

2021-09-28 17:47:13 - [TEST_STEP][PASSED] - out.println("Actual Title of Tool Tip for button " + toolTip + " is " + actualTooltip): null

2021-09-28 17:47:13 - [TEST_STEP][PASSED] - expectedTooltip = toolTip: null

2021-09-28 17:47:13 - [TEST_STEP][PASSED] - if (actualTooltip.equals(expectedTooltip)): null

2021-09-28 17:47:13 - [TEST_STEP][PASSED] - out.println("Test Case Passed for " + toolTip): null

2021-09-28 17:47:13 - [TEST_STEP][PASSED] - testToolTip("Object Repository/Tool tips/button_add a new row", "Add a Row"): null

2021-09-28 17:47:13 - [TEST_STEP][PASSED] - actualTooltip = getAttribute(findTestObject(button), "title"): Attribute 'title' of object 'Object Repository/Tool tips/button_add a new row' is: 'Add a Row'

2021-09-28 17:47:13 - [MESSAGE][PASSED] - Attribute 'title' of object 'Object Repository/Tool tips/button_add a new row' is: 'Add a Row'

2021-09-28 17:47:13 - [TEST_STEP][PASSED] - out.println("Actual Title of Tool Tip for button " + toolTip + " is " + actualTooltip): null

2021-09-28 17:47:13 - [TEST_STEP][PASSED] - expectedTooltip = toolTip: null

2021-09-28 17:47:13 - [TEST_STEP][PASSED] - if (actualTooltip.equals(expectedTooltip)): null

2021-09-28 17:47:13 - [TEST_STEP][PASSED] - out.println("Test Case Passed for " + toolTip): null

2021-09-28 17:47:13 - [TEST_STEP][PASSED] - testToolTip("Object Repository/Tool tips/button_Delete new row", "Delete a Row"): null

2021-09-28 17:47:13 - [TEST_STEP][PASSED] - actualTooltip = getAttribute(findTestObject(button), "title"): Attribute 'title' of object 'Object Repository/Tool tips/button_Delete new row' is: 'Delete a Row'

2021-09-28 17:47:13 - [MESSAGE][PASSED] - Attribute 'title' of object 'Object Repository/Tool tips/button_Delete new row' is: 'Delete a Row'

2021-09-28 17:47:13 - [TEST_STEP][PASSED] - out.println("Actual Title of Tool Tip for button " + toolTip + " is " + actualTooltip): null

2021-09-28 17:47:13 - [TEST_STEP][PASSED] - expectedTooltip = toolTip: null

2021-09-28 17:47:13 - [TEST_STEP][PASSED] - if (actualTooltip.equals(expectedTooltip)): null

2021-09-28 17:47:13 - [TEST_STEP][PASSED] - out.println("Test Case Passed for " + toolTip): null

2021-09-28 17:47:13 - [TEST_STEP][PASSED] - testToolTip("Object Repository/Tool tips/button_Move Row Down", "Move Row Down"): null

2021-09-28 17:47:13 - [TEST_STEP][PASSED] - actualTooltip = getAttribute(findTestObject(button), "title"): Attribute 'title' of object 'Object Repository/Tool tips/button_Move Row Down' is: 'Move Row Down'

2021-09-28 17:47:14 - [MESSAGE][PASSED] - Attribute 'title' of object 'Object Repository/Tool tips/button_Move Row Down' is: 'Move Row Down'

2021-09-28 17:47:14 - [TEST_STEP][PASSED] - out.println("Actual Title of Tool Tip for button " + toolTip + " is " + actualTooltip): null

2021-09-28 17:47:14 - [TEST_STEP][PASSED] - expectedTooltip = toolTip: null

2021-09-28 17:47:14 - [TEST_STEP][PASSED] - if (actualTooltip.equals(expectedTooltip)): null

2021-09-28 17:47:14 - [TEST_STEP][PASSED] - out.println("Test Case Passed for " + toolTip): null

2021-09-28 17:47:14 - [TEST_STEP][PASSED] - testToolTip("Object Repository/Tool tips/button_Move row up", "Move Row Up"): null

2021-09-28 17:47:14 - [TEST_STEP][PASSED] - actualTooltip = getAttribute(findTestObject(button), "title"): Attribute 'title' of object 'Object Repository/Tool tips/button_Move row up' is: 'Move Row Up'

2021-09-28 17:47:14 - [MESSAGE][PASSED] - Attribute 'title' of object 'Object Repository/Tool tips/button_Move row up' is: 'Move Row Up'

2021-09-28 17:47:14 - [TEST_STEP][PASSED] - out.println("Actual Title of Tool Tip for button " + toolTip + " is " + actualTooltip): null

2021-09-28 17:47:14 - [TEST_STEP][PASSED] - expectedTooltip = toolTip: null

2021-09-28 17:47:14 - [TEST_STEP][PASSED] - if (actualTooltip.equals(expectedTooltip)): null

2021-09-28 17:47:14 - [TEST_STEP][PASSED] - out.println("Test Case Passed for " + toolTip): null

2021-09-28 17:47:14 - [TEST_STEP][PASSED] - testToolTip("Object Repository/Tool tips/button_Manage Versions", "Manage Versions"): null

2021-09-28 17:47:14 - [TEST_STEP][PASSED] - actualTooltip = getAttribute(findTestObject(button), "title"): Attribute 'title' of object 'Object Repository/Tool tips/button_Manage Versions' is: 'Manage Versions'

2021-09-28 17:47:14 - [MESSAGE][PASSED] - Attribute 'title' of object 'Object Repository/Tool tips/button_Manage Versions' is: 'Manage Versions'

2021-09-28 17:47:14 - [TEST_STEP][PASSED] - out.println("Actual Title of Tool Tip for button " + toolTip + " is " + actualTooltip): null

2021-09-28 17:47:14 - [TEST_STEP][PASSED] - expectedTooltip = toolTip: null

2021-09-28 17:47:14 - [TEST_STEP][PASSED] - if (actualTooltip.equals(expectedTooltip)): null

2021-09-28 17:47:14 - [TEST_STEP][PASSED] - out.println("Test Case Passed for " + toolTip): null

2021-09-28 17:47:14 - [TEST_STEP][PASSED] - scrollToElement(findTestObject("Object Repository/Tool tips/button_Expand chapter"), 2): Scroll to object 'Object Repository/Tool tips/button_Expand chapter' successfully

2021-09-28 17:47:14 - [MESSAGE][PASSED] - Scroll to object 'Object Repository/Tool tips/button_Expand chapter' successfully

2021-09-28 17:47:14 - [TEST_STEP][PASSED] - testToggleTip("Object Repository/Tool tips/button_Expand chapter", "Expand Chapter", "Object Repository/Tool tips/button_collapse-chapter", "Collapse Chapter"): null

2021-09-28 17:47:14 - [TEST_STEP][PASSED] - actualTooltip = getAttribute(findTestObject(button1), "title"): Attribute 'title' of object 'Object Repository/Tool tips/button_Expand chapter' is: 'Expand Chapter'

2021-09-28 17:47:15 - [MESSAGE][PASSED] - Attribute 'title' of object 'Object Repository/Tool tips/button_Expand chapter' is: 'Expand Chapter'

2021-09-28 17:47:15 - [TEST_STEP][PASSED] - out.println("Actual Title of Tool Tip for button " + toolTip + " is " + actualTooltip): null

2021-09-28 17:47:15 - [TEST_STEP][PASSED] - expectedTooltip = toolTip: null

2021-09-28 17:47:15 - [TEST_STEP][PASSED] - if (actualTooltip.equals(expectedTooltip)): null

2021-09-28 17:47:15 - [TEST_STEP][PASSED] - out.println("Test Case Passed for " + toolTip): null

2021-09-28 17:47:15 - [TEST_STEP][PASSED] - delay(2): Delayed 2 second(s)

2021-09-28 17:47:17 - [MESSAGE][PASSED] - Delayed 2 second(s)

2021-09-28 17:47:17 - [TEST_STEP][PASSED] - click(findTestObject(button1)): Object: 'Object Repository/Tool tips/button_Expand chapter' is clicked on

2021-09-28 17:47:18 - [MESSAGE][PASSED] - Object: 'Object Repository/Tool tips/button_Expand chapter' is clicked on

2021-09-28 17:47:18 - [TEST_STEP][PASSED] - button = toggleButton: null

2021-09-28 17:47:18 - [TEST_STEP][PASSED] - toggleTipTest = toggleTip: null

2021-09-28 17:47:18 - [TEST_STEP][PASSED] - out.println("Togglebutton" + button): null

2021-09-28 17:47:18 - [TEST_STEP][PASSED] - out.println("ToggleTip" + toggleTipTest): null

2021-09-28 17:47:18 - [TEST_STEP][PASSED] - delay(2): Delayed 2 second(s)

2021-09-28 17:47:20 - [MESSAGE][PASSED] - Delayed 2 second(s)

2021-09-28 17:47:20 - [TEST_STEP][PASSED] - testToolTip(button, toggleTipTest): null

2021-09-28 17:47:20 - [TEST_STEP][PASSED] - actualTooltip = getAttribute(findTestObject(button), "title"): Attribute 'title' of object 'Object Repository/Tool tips/button_collapse-chapter' is: ''

2021-09-28 17:47:20 - [MESSAGE][PASSED] - Attribute 'title' of object 'Object Repository/Tool tips/button_collapse-chapter' is: ''

2021-09-28 17:47:20 - [TEST_STEP][PASSED] - out.println("Actual Title of Tool Tip for button " + toolTip + " is " + actualTooltip): null

2021-09-28 17:47:20 - [TEST_STEP][PASSED] - expectedTooltip = toolTip: null

2021-09-28 17:47:20 - [TEST_STEP][PASSED] - if (actualTooltip.equals(expectedTooltip)): null

2021-09-28 17:47:20 - [TEST_STEP][PASSED] - else: null

2021-09-28 17:47:20 - [TEST_STEP][PASSED] - out.println("Test Case failed- Tool tips are different"): null

2021-09-28 17:47:20 - [TEST_STEP][PASSED] - closeBrowser(): Browser is closed

2021-09-28 17:47:21 - [MESSAGE][PASSED] - Browser is closed]]></system-out>
         <system-err><![CDATA[]]></system-err>
      </testcase>
      <testcase name="Test Cases/tCC Test Cases/tA buttons funtions" time="32.934" classname="Test Cases/tCC Test Cases/tA buttons funtions" status="PASSED">
         <system-out><![CDATA[2021-09-28 17:47:21 - [TEST_CASE][PASSED] - Test Cases/tCC Test Cases/tA buttons funtions: Test Cases/tCC Test Cases/tA buttons funtions

2021-09-28 17:47:21 - [TEST_STEP][PASSED] - com.tccreate.keywords.WriteToFile.writeTofilename("tA-buttons"): com.tccreate.keywords.WriteToFile.writeTofilename is PASSED

2021-09-28 17:47:21 - [MESSAGE][PASSED] - com.tccreate.keywords.WriteToFile.writeTofilename is PASSED

2021-09-28 17:47:21 - [TEST_STEP][PASSED] - com.helper.login.TimeDate.getTimeDate(): com.helper.login.TimeDate.getTimeDate is PASSED

2021-09-28 17:47:21 - [MESSAGE][INFO] - Time at which the test run:2021-09-28 17:47:21.134

2021-09-28 17:47:21 - [MESSAGE][PASSED] - com.helper.login.TimeDate.getTimeDate is PASSED

2021-09-28 17:47:21 - [TEST_STEP][PASSED] - com.helper.login.loginhelper.logintoapp(): com.helper.login.loginhelper.logintoapp is PASSED

2021-09-28 17:47:21 - [MESSAGE][INFO] - Starting 'Chrome' driver

2021-09-28 17:47:21 - [MESSAGE][INFO] - Action delay is set to 1,000 milliseconds

2021-09-28 17:47:22 - [MESSAGE][WARNING] - FFmpeg was not installed! Browser Recording will be disabled. Please follow this document to install FFmpeg first: https://docs.katalon.com/katalon-studio/docs/screenshots-videos.html#browser-based-recorder

2021-09-28 17:47:25 - [MESSAGE][PASSED] - Browser is opened with url: 'https://v1-3-0--tc-create-app.netlify.app/'

2021-09-28 17:47:25 - [MESSAGE][PASSED] - Wait for page load successfully

2021-09-28 17:47:25 - [MESSAGE][PASSED] - Current window maximized

2021-09-28 17:47:27 - [MESSAGE][PASSED] - Keys 'elsylambert' sent to object: 'Object Repository/Page_tC Create/input__username'

2021-09-28 17:47:28 - [MESSAGE][PASSED] - Keys 'fatak43' sent to object: 'Object Repository/Page_tC Create/input__password'

2021-09-28 17:47:30 - [MESSAGE][PASSED] - Object: 'Object Repository/Page_tC Create/button_Login' is clicked on

2021-09-28 17:47:31 - [MESSAGE][PASSED] - Delayed 1 second(s)

2021-09-28 17:47:31 - [MESSAGE][PASSED] - Text of object 'Object Repository/Page_tC Create/tcc-version number' is: 'translationCore Create - v1.3.0 build 73-f59f312'

2021-09-28 17:47:31 - [MESSAGE][INFO] - : The current version and build number is translationCore Create - v1.3.0 build 73-f59f312

2021-09-28 17:47:31 - [MESSAGE][PASSED] - com.helper.login.loginhelper.logintoapp is PASSED

2021-09-28 17:47:31 - [TEST_STEP][PASSED] - com.tccreate.keywords.selectOrg.organization(""): com.tccreate.keywords.selectOrg.organization is PASSED

2021-09-28 17:47:33 - [MESSAGE][PASSED] - Object: 'Object Repository/Page_tC Create/listOption_organisation_Parmed' is clicked on

2021-09-28 17:47:35 - [MESSAGE][WARNING] - No alert found after 2 second(s).

2021-09-28 17:47:35 - [MESSAGE][PASSED] - com.tccreate.keywords.selectOrg.organization is PASSED

2021-09-28 17:47:35 - [TEST_STEP][PASSED] - com.tccreate.keywords.selectOrg.resource("unfoldingWordÂ® Translation Academy"): com.tccreate.keywords.selectOrg.resource is PASSED

2021-09-28 17:47:36 - [MESSAGE][PASSED] - Object: 'Object Repository/Page_tC Create/resource_Parmed' is clicked on

2021-09-28 17:47:36 - [MESSAGE][PASSED] - com.tccreate.keywords.selectOrg.resource is PASSED

2021-09-28 17:47:36 - [TEST_STEP][PASSED] - com.tccreate.keywords.selectOrg.language(""): com.tccreate.keywords.selectOrg.language is PASSED

2021-09-28 17:47:38 - [MESSAGE][PASSED] - Object: 'Object Repository/Page_tC Create/combo_Select Language' is clicked on

2021-09-28 17:47:39 - [MESSAGE][PASSED] - Object: 'Object Repository/Page_tC Create/listOption_Language_Parmed' is clicked on

2021-09-28 17:47:39 - [MESSAGE][PASSED] - com.tccreate.keywords.selectOrg.language is PASSED

2021-09-28 17:47:39 - [TEST_STEP][PASSED] - click(findTestObject("Page_tC Create/span_translate")): Object: 'Object Repository/Page_tC Create/span_translate' is clicked on

2021-09-28 17:47:41 - [MESSAGE][PASSED] - Object: 'Object Repository/Page_tC Create/span_translate' is clicked on

2021-09-28 17:47:41 - [TEST_STEP][PASSED] - click(findTestObject("Object Repository/Page_tC Create/span_bita-farming")): Object: 'Object Repository/Page_tC Create/span_bita-farming' is clicked on

2021-09-28 17:47:43 - [MESSAGE][PASSED] - Object: 'Object Repository/Page_tC Create/span_bita-farming' is clicked on

2021-09-28 17:47:43 - [TEST_STEP][PASSED] - click(findTestObject("Object Repository/Page_tC Create/span_01.md")): Object: 'Object Repository/Page_tC Create/span_01.md' is clicked on

2021-09-28 17:47:45 - [MESSAGE][PASSED] - Object: 'Object Repository/Page_tC Create/span_01.md' is clicked on

2021-09-28 17:47:45 - [TEST_STEP][PASSED] - click(findTestObject("Object Repository/tA/button_Sections")): Object: 'Object Repository/tA/button_Sections' is clicked on

2021-09-28 17:47:48 - [MESSAGE][PASSED] - Object: 'Object Repository/tA/button_Sections' is clicked on

2021-09-28 17:47:48 - [TEST_STEP][PASSED] - if (verifyElementNotPresent(findTestObject("Object Repository/tA/div_A FARMER represents God, collapse tab"), 2, CONTINUE_ON_FAILURE)): null

2021-09-28 17:47:49 - [MESSAGE][PASSED] - Web element with id: 'Object Repository/tA/div_A FARMER represents God, collapse tab' located by 'By.xpath: //div[@id='root']/div/div/div/div[2]/div[2]/div[2]/div/div[2]' is not present after '2' second(s)

2021-09-28 17:47:49 - [TEST_STEP][PASSED] - logInfo("Collapsable Sections are not visible and is expanded as expected 
"): Collapsable Sections are not visible and is expanded as expected 


2021-09-28 17:47:49 - [MESSAGE][INFO] - Collapsable Sections are not visible and is expanded as expected 


2021-09-28 17:47:49 - [TEST_STEP][PASSED] - if (getText(findTestObject("Object Repository/tA/p_My well section")).contains("My well beloved had a vineyard")): null

2021-09-28 17:47:49 - [MESSAGE][PASSED] - Text of object 'Object Repository/tA/p_My well section' is: 'My well beloved had a vineyard on a very fertile hill.
He spaded it, removed the stones, and planted it with an excellent kind of vine.
He built a tower in the middle of it, and also built a winepress.
He waited for it to produce grapes, but it only produced wild grapes. (Isaiah 5:1-2)'

2021-09-28 17:47:49 - [TEST_STEP][PASSED] - logInfo("Section is expanded as expected and text is visible 
"): Section is expanded as expected and text is visible 


2021-09-28 17:47:49 - [MESSAGE][INFO] - Section is expanded as expected and text is visible 


2021-09-28 17:47:49 - [TEST_STEP][PASSED] - click(findTestObject("Object Repository/tA/button_Blocks")): Object: 'Object Repository/tA/button_Blocks' is clicked on

2021-09-28 17:47:50 - [MESSAGE][PASSED] - Object: 'Object Repository/tA/button_Blocks' is clicked on

2021-09-28 17:47:50 - [TEST_STEP][PASSED] - click(findTestObject("Object Repository/tA/button_Preview")): Object: 'Object Repository/tA/button_Preview' is clicked on

2021-09-28 17:47:52 - [MESSAGE][PASSED] - Object: 'Object Repository/tA/button_Preview' is clicked on

2021-09-28 17:47:52 - [TEST_STEP][PASSED] - if (getText(findTestObject("Object Repository/tA/block in preview mode")).contains(">")): null

2021-09-28 17:47:53 - [MESSAGE][PASSED] - Text of object 'Object Repository/tA/block in preview mode' is: 'Some common [metonymies](../figs-metonymy/01.md) and [metaphors](../figs-metaphor/01.md) from the Bible relating to farming are listed below in alphabetical order. The word in all capital letters identifies an Image that represents an Idea. The specific word of the Image may not appear in every verse that uses the Image, but the text will communicate somehow the concept of the Image.

#### A FARMER represents God, and the VINEYARD represents his chosen people test edit by the test script test edit by the test script test edit by the test script test edit by the test script test edit by the test script test edit by the test script test edit by the test script

> My well beloved had a **vineyard** on a very fertile hill.
> He spaded it, removed the stones, and planted it with an excellent kind of vine.
> He built a tower in the middle of it, and also built a winepress.
> He waited for it to produce grapes, but it only produced wild grapes. (Isaiah 5:1-2)
>
> For the kingdom of heaven is like a landowner who went out early in the morning to hire workers for his **vineyard**. (Matthew 20:1 ULT)
>
> There was a man, a landowner. He planted a **vineyard**, set a hedge about it, dug a winepress in it, built a watchtower, and rented it out to vine growers. Then he went into another country. (Matthew 21:33 ULT)

#### The GROUND represents peopleâs hearts (inner being)

> For Yahweh says this to each person in Judah and Jerusalem: âPlow your own **ground**, and do not sow among thorns. (Jeremiah 4:3 ULT)
>
> When anyone hears the word of the kingdom but does not understand it â¦ This is the seed that was sown **beside the road**. That which was sown on **rocky ground** is the person who hears the word and immediately receives it with joy â¦ That which was sown **among the thorn plants**, this is the person who hears the word, but the cares of the world and the deceitfulness of riches choke the wordâ¦ That which was sown on the **good soil**, this is the person who hears the word and understands it. (Matthew 13:19-23 ULT)
>
> Break up your **unplowed ground**,
> for it is time to seek Yahweh. (Hosea 10:12 ULT)

#### SOWING represents actions or attitudes, and REAPING represents judgment or reward

> According to what I have seen, those who plow iniquity and **sow** trouble **reap** it. (Job 4:8 ULT)
>
> Do not be deceived. God is not mocked, for whatever a man **plants**, that he will also **gather** in. For he who **plants** seed to his own sinful nature, from the sinful nature **will gathe**r in destruction. But the one who **plants** seed to the Spirit, from the Spirit **will gather** in eternal life. (Galatians 6:7-8 ULT)

#### THRESHING and WINNOWING represent the separation of evil people from good people

After farmers harvest wheat and other types of grain, they bring them to a **threshing floor**, a flat place with hard ground, and have oxen pull heavy wheeled carts or sleds without wheels over the grain to **thresh** it, to separate the usable grains from the useless chaff. Then they take large forks and **winnow** the threshed grain by throwing it up in the air so the wind can carry off the chaff (waste) while the grains fall back to the threshing floor, where they can be gathered and used for food. (See âthreshâ and âwinnowâ pages in [unfoldingWordÂ® Translation Words](http://ufw.io/tw/) for help translating thresh and winnow.)

> So I will **winnow** them with a pitchfork at the gates of the land. I will bereave them. I will destroy my people since they will not turn from their ways. (Jeremiah 15:7 ULT)
>
> His **winnowing fork** is in his hand to thoroughly clear off his **threshing floor** and to gather the wheat into his storehouse. But he will burn up the chaff with unquenchable fire. (Luke 3:17 ULT)

#### GRAFTING represents Godâs allowing the Gentiles to become his people

> For if you were cut out of what is by nature a wild olive tree, and contrary to nature were **grafted** into a good olive tree, how much more will these Jews, who are the natural branches, be **grafted** back into their own olive tree? For I do not want you to be unaware, brothers, of this mystery, in order that you will not be wise in your own thinking. This mystery is that a partial hardening has occurred in Israel, until the completion of the Gentiles come in. (Romans 11:24-25 ULT)

#### RAIN represents Godâs gifts to his people

> â¦ he comes and **rains** righteousness on you. (Hosea 10:12b ULT)
>
> For the land that drinks in the **rain** that often comes on it, and that produces plants useful to those for whom the land was also cultivated, receives a blessing from God. But land that bears thorns and thistles is worthless and is about to be cursed. Its end is to be burned. (Hebrews 6:7-8 ULT)
>
> So be patient, brothers, until the Lordâs coming. See, the farmer awaits the valuable harvest from the ground. He is patiently waiting for it, until it receives the early and late **rains**. (James 5:7 ULT)'

2021-09-28 17:47:53 - [TEST_STEP][PASSED] - logInfo("Preview mode is ON as expected 
"): Preview mode is ON as expected 


2021-09-28 17:47:53 - [MESSAGE][INFO] - Preview mode is ON as expected 


2021-09-28 17:47:53 - [TEST_STEP][PASSED] - closeBrowser(): Browser is closed

2021-09-28 17:47:53 - [MESSAGE][PASSED] - Browser is closed]]></system-out>
         <system-err><![CDATA[]]></system-err>
      </testcase>
      <testcase name="Test Cases/tCC Test Cases/tCC Test OBS-tQ" time="37.132" classname="Test Cases/tCC Test Cases/tCC Test OBS-tQ" status="PASSED">
         <system-out><![CDATA[2021-09-28 17:47:53 - [TEST_CASE][PASSED] - Test Cases/tCC Test Cases/tCC Test OBS-tQ: Test Cases/tCC Test Cases/tCC Test OBS-tQ

2021-09-28 17:47:54 - [TEST_STEP][PASSED] - com.tccreate.keywords.WriteToFile.writeTofilename("OBS-tQ-Save"): com.tccreate.keywords.WriteToFile.writeTofilename is PASSED

2021-09-28 17:47:54 - [MESSAGE][PASSED] - com.tccreate.keywords.WriteToFile.writeTofilename is PASSED

2021-09-28 17:47:54 - [TEST_STEP][PASSED] - com.helper.login.TimeDate.getTimeDate(): com.helper.login.TimeDate.getTimeDate is PASSED

2021-09-28 17:47:54 - [MESSAGE][INFO] - Time at which the test run:2021-09-28 17:47:54.07

2021-09-28 17:47:54 - [MESSAGE][PASSED] - com.helper.login.TimeDate.getTimeDate is PASSED

2021-09-28 17:47:54 - [TEST_STEP][PASSED] - com.helper.login.loginhelper.logintoapp(): com.helper.login.loginhelper.logintoapp is PASSED

2021-09-28 17:47:54 - [MESSAGE][INFO] - Starting 'Chrome' driver

2021-09-28 17:47:54 - [MESSAGE][INFO] - Action delay is set to 1,000 milliseconds

2021-09-28 17:47:55 - [MESSAGE][WARNING] - FFmpeg was not installed! Browser Recording will be disabled. Please follow this document to install FFmpeg first: https://docs.katalon.com/katalon-studio/docs/screenshots-videos.html#browser-based-recorder

2021-09-28 17:47:59 - [MESSAGE][PASSED] - Browser is opened with url: 'https://v1-3-0--tc-create-app.netlify.app/'

2021-09-28 17:47:59 - [MESSAGE][PASSED] - Wait for page load successfully

2021-09-28 17:47:59 - [MESSAGE][PASSED] - Current window maximized

2021-09-28 17:48:01 - [MESSAGE][PASSED] - Keys 'elsylambert' sent to object: 'Object Repository/Page_tC Create/input__username'

2021-09-28 17:48:02 - [MESSAGE][PASSED] - Keys 'fatak43' sent to object: 'Object Repository/Page_tC Create/input__password'

2021-09-28 17:48:04 - [MESSAGE][PASSED] - Object: 'Object Repository/Page_tC Create/button_Login' is clicked on

2021-09-28 17:48:05 - [MESSAGE][PASSED] - Delayed 1 second(s)

2021-09-28 17:48:05 - [MESSAGE][PASSED] - Text of object 'Object Repository/Page_tC Create/tcc-version number' is: 'translationCore Create - v1.3.0 build 73-f59f312'

2021-09-28 17:48:05 - [MESSAGE][INFO] - : The current version and build number is translationCore Create - v1.3.0 build 73-f59f312

2021-09-28 17:48:05 - [MESSAGE][PASSED] - com.helper.login.loginhelper.logintoapp is PASSED

2021-09-28 17:48:05 - [TEST_STEP][PASSED] - com.tccreate.keywords.selectOrg.organization(""): com.tccreate.keywords.selectOrg.organization is PASSED

2021-09-28 17:48:07 - [MESSAGE][PASSED] - Object: 'Object Repository/Page_tC Create/listOption_organisation_Parmed' is clicked on

2021-09-28 17:48:09 - [MESSAGE][WARNING] - No alert found after 2 second(s).

2021-09-28 17:48:09 - [MESSAGE][PASSED] - com.tccreate.keywords.selectOrg.organization is PASSED

2021-09-28 17:48:09 - [TEST_STEP][PASSED] - com.tccreate.keywords.selectOrg.resource("unfoldingWordÂ® Open Bible Stories Translation Questions"): com.tccreate.keywords.selectOrg.resource is PASSED

2021-09-28 17:48:10 - [MESSAGE][PASSED] - Object: 'Object Repository/Page_tC Create/resource_Parmed' is clicked on

2021-09-28 17:48:10 - [MESSAGE][PASSED] - com.tccreate.keywords.selectOrg.resource is PASSED

2021-09-28 17:48:10 - [TEST_STEP][PASSED] - com.tccreate.keywords.selectOrg.language(""): com.tccreate.keywords.selectOrg.language is PASSED

2021-09-28 17:48:12 - [MESSAGE][PASSED] - Object: 'Object Repository/Page_tC Create/combo_Select Language' is clicked on

2021-09-28 17:48:13 - [MESSAGE][PASSED] - Object: 'Object Repository/Page_tC Create/listOption_Language_Parmed' is clicked on

2021-09-28 17:48:13 - [MESSAGE][PASSED] - com.tccreate.keywords.selectOrg.language is PASSED

2021-09-28 17:48:13 - [TEST_STEP][PASSED] - click(findTestObject("Object Repository/OBS-tn/div_content")): Object: 'Object Repository/OBS-tn/div_content' is clicked on

2021-09-28 17:48:15 - [MESSAGE][PASSED] - Object: 'Object Repository/OBS-tn/div_content' is clicked on

2021-09-28 17:48:15 - [TEST_STEP][PASSED] - click(findTestObject("Object Repository/OBS-tn/span_02")): Object: 'Object Repository/OBS-tn/span_02' is clicked on

2021-09-28 17:48:17 - [MESSAGE][PASSED] - Object: 'Object Repository/OBS-tn/span_02' is clicked on

2021-09-28 17:48:17 - [TEST_STEP][PASSED] - click(findTestObject("Object Repository/OBS-tn/span_01.md")): Object: 'Object Repository/OBS-tn/span_01.md' is clicked on

2021-09-28 17:48:19 - [MESSAGE][PASSED] - Object: 'Object Repository/OBS-tn/span_01.md' is clicked on

2021-09-28 17:48:19 - [TEST_STEP][PASSED] - click(findTestObject("Object Repository/obs-tq/div_question edit box")): Object: 'Object Repository/obs-tq/div_question edit box' is clicked on

2021-09-28 17:48:21 - [MESSAGE][PASSED] - Object: 'Object Repository/obs-tq/div_question edit box' is clicked on

2021-09-28 17:48:21 - [TEST_STEP][PASSED] - sendKeys(findTestObject("Object Repository/obs-tq/div_question edit box"), "  edits by a test script"): Keys '  edits by a test script' sent to object: 'Object Repository/obs-tq/div_question edit box'

2021-09-28 17:48:23 - [MESSAGE][PASSED] - Keys '  edits by a test script' sent to object: 'Object Repository/obs-tq/div_question edit box'

2021-09-28 17:48:23 - [TEST_STEP][PASSED] - click(findTestObject("Object Repository/Page_tC Create/button_Save")): Object: 'Object Repository/Page_tC Create/button_Save' is clicked on

2021-09-28 17:48:24 - [MESSAGE][PASSED] - Object: 'Object Repository/Page_tC Create/button_Save' is clicked on

2021-09-28 17:48:24 - [TEST_STEP][PASSED] - delay(2): Delayed 2 second(s)

2021-09-28 17:48:26 - [MESSAGE][PASSED] - Delayed 2 second(s)

2021-09-28 17:48:26 - [TEST_STEP][PASSED] - if (verifyElementNotClickable(findTestObject("Page_tC Create/button_Save"), CONTINUE_ON_FAILURE)): null

2021-09-28 17:48:27 - [MESSAGE][PASSED] - Object 'Object Repository/Page_tC Create/button_Save' is NOT clickable

2021-09-28 17:48:27 - [TEST_STEP][PASSED] - logInfo(" Save button is greyed out as expected"):  Save button is greyed out as expected

2021-09-28 17:48:27 - [MESSAGE][INFO] -  Save button is greyed out as expected

2021-09-28 17:48:27 - [TEST_STEP][PASSED] - click(findTestObject("Object Repository/obs-tq/span_English - unfoldingWorden_obs-tqElsyLambert-tc-create-1")): Object: 'Object Repository/obs-tq/span_English - unfoldingWorden_obs-tqElsyLambert-tc-create-1' is clicked on

2021-09-28 17:48:28 - [MESSAGE][PASSED] - Object: 'Object Repository/obs-tq/span_English - unfoldingWorden_obs-tqElsyLambert-tc-create-1' is clicked on

2021-09-28 17:48:28 - [TEST_STEP][PASSED] - delay(2): Delayed 2 second(s)

2021-09-28 17:48:30 - [MESSAGE][PASSED] - Delayed 2 second(s)

2021-09-28 17:48:30 - [TEST_STEP][PASSED] - switchToWindowIndex(1): Switched to window with index: '1'

2021-09-28 17:48:30 - [MESSAGE][PASSED] - Switched to window with index: '1'

2021-09-28 17:48:30 - [TEST_STEP][PASSED] - if (getText(findTestObject("Object Repository/obs-tq/h1_DCS Repo question")).contains("edits by a test script")): null

2021-09-28 17:48:30 - [MESSAGE][PASSED] - Text of object 'Object Repository/obs-tq/h1_DCS Repo question' is: 'Why were Adam and Eve not    edits by a test script  edits by a test script edits by a test  edits by a test script  edits by a test script  edits by a test script  edits by a test script scriptashamed that they were naked?'

2021-09-28 17:48:30 - [TEST_STEP][PASSED] - logInfo("The edits are saved on the DCS Repo File"): The edits are saved on the DCS Repo File

2021-09-28 17:48:30 - [MESSAGE][INFO] - The edits are saved on the DCS Repo File

2021-09-28 17:48:30 - [TEST_STEP][PASSED] - switchToWindowIndex(0): Switched to window with index: '0'

2021-09-28 17:48:30 - [MESSAGE][PASSED] - Switched to window with index: '0'

2021-09-28 17:48:30 - [TEST_STEP][PASSED] - closeBrowser(): Browser is closed

2021-09-28 17:48:31 - [MESSAGE][PASSED] - Browser is closed

2021-09-28 17:48:31 - [TEST_STEP][PASSED] - closeBrowser(): Browser is closed

2021-09-28 17:48:31 - [MESSAGE][PASSED] - Browser is closed]]></system-out>
         <system-err><![CDATA[]]></system-err>
      </testcase>
      <testcase name="Test Cases/tCC Test Cases/tCC-Test OBS-tn" time="36.148" classname="Test Cases/tCC Test Cases/tCC-Test OBS-tn" status="PASSED">
         <system-out><![CDATA[2021-09-28 17:48:31 - [TEST_CASE][PASSED] - Test Cases/tCC Test Cases/tCC-Test OBS-tn: Test Cases/tCC Test Cases/tCC-Test OBS-tn

2021-09-28 17:48:31 - [TEST_STEP][PASSED] - com.tccreate.keywords.WriteToFile.writeTofilename("OBS-tN-Save"): com.tccreate.keywords.WriteToFile.writeTofilename is PASSED

2021-09-28 17:48:31 - [MESSAGE][PASSED] - com.tccreate.keywords.WriteToFile.writeTofilename is PASSED

2021-09-28 17:48:31 - [TEST_STEP][PASSED] - com.helper.login.TimeDate.getTimeDate(): com.helper.login.TimeDate.getTimeDate is PASSED

2021-09-28 17:48:31 - [MESSAGE][INFO] - Time at which the test run:2021-09-28 17:48:31.205

2021-09-28 17:48:31 - [MESSAGE][PASSED] - com.helper.login.TimeDate.getTimeDate is PASSED

2021-09-28 17:48:31 - [TEST_STEP][PASSED] - com.helper.login.loginhelper.logintoapp(): com.helper.login.loginhelper.logintoapp is PASSED

2021-09-28 17:48:31 - [MESSAGE][INFO] - Starting 'Chrome' driver

2021-09-28 17:48:31 - [MESSAGE][INFO] - Action delay is set to 1,000 milliseconds

2021-09-28 17:48:32 - [MESSAGE][WARNING] - FFmpeg was not installed! Browser Recording will be disabled. Please follow this document to install FFmpeg first: https://docs.katalon.com/katalon-studio/docs/screenshots-videos.html#browser-based-recorder

2021-09-28 17:48:35 - [MESSAGE][PASSED] - Browser is opened with url: 'https://v1-3-0--tc-create-app.netlify.app/'

2021-09-28 17:48:35 - [MESSAGE][PASSED] - Wait for page load successfully

2021-09-28 17:48:35 - [MESSAGE][PASSED] - Current window maximized

2021-09-28 17:48:37 - [MESSAGE][PASSED] - Keys 'elsylambert' sent to object: 'Object Repository/Page_tC Create/input__username'

2021-09-28 17:48:38 - [MESSAGE][PASSED] - Keys 'fatak43' sent to object: 'Object Repository/Page_tC Create/input__password'

2021-09-28 17:48:40 - [MESSAGE][PASSED] - Object: 'Object Repository/Page_tC Create/button_Login' is clicked on

2021-09-28 17:48:41 - [MESSAGE][PASSED] - Delayed 1 second(s)

2021-09-28 17:48:41 - [MESSAGE][PASSED] - Text of object 'Object Repository/Page_tC Create/tcc-version number' is: 'translationCore Create - v1.3.0 build 73-f59f312'

2021-09-28 17:48:41 - [MESSAGE][INFO] - : The current version and build number is translationCore Create - v1.3.0 build 73-f59f312

2021-09-28 17:48:41 - [MESSAGE][PASSED] - com.helper.login.loginhelper.logintoapp is PASSED

2021-09-28 17:48:41 - [TEST_STEP][PASSED] - com.tccreate.keywords.selectOrg.organization(""): com.tccreate.keywords.selectOrg.organization is PASSED

2021-09-28 17:48:43 - [MESSAGE][PASSED] - Object: 'Object Repository/Page_tC Create/listOption_organisation_Parmed' is clicked on

2021-09-28 17:48:45 - [MESSAGE][WARNING] - No alert found after 2 second(s).

2021-09-28 17:48:45 - [MESSAGE][PASSED] - com.tccreate.keywords.selectOrg.organization is PASSED

2021-09-28 17:48:45 - [TEST_STEP][PASSED] - com.tccreate.keywords.selectOrg.resource("unfoldingWordÂ® Open Bible Stories Translation Notes"): com.tccreate.keywords.selectOrg.resource is PASSED

2021-09-28 17:48:46 - [MESSAGE][PASSED] - Object: 'Object Repository/Page_tC Create/resource_Parmed' is clicked on

2021-09-28 17:48:46 - [MESSAGE][PASSED] - com.tccreate.keywords.selectOrg.resource is PASSED

2021-09-28 17:48:46 - [TEST_STEP][PASSED] - com.tccreate.keywords.selectOrg.language(""): com.tccreate.keywords.selectOrg.language is PASSED

2021-09-28 17:48:48 - [MESSAGE][PASSED] - Object: 'Object Repository/Page_tC Create/combo_Select Language' is clicked on

2021-09-28 17:48:49 - [MESSAGE][PASSED] - Object: 'Object Repository/Page_tC Create/listOption_Language_Parmed' is clicked on

2021-09-28 17:48:49 - [MESSAGE][PASSED] - com.tccreate.keywords.selectOrg.language is PASSED

2021-09-28 17:48:49 - [TEST_STEP][PASSED] - click(findTestObject("Object Repository/OBS-tn/div_content")): Object: 'Object Repository/OBS-tn/div_content' is clicked on

2021-09-28 17:48:51 - [MESSAGE][PASSED] - Object: 'Object Repository/OBS-tn/div_content' is clicked on

2021-09-28 17:48:51 - [TEST_STEP][PASSED] - click(findTestObject("Object Repository/OBS-tn/span_02")): Object: 'Object Repository/OBS-tn/span_02' is clicked on

2021-09-28 17:48:53 - [MESSAGE][PASSED] - Object: 'Object Repository/OBS-tn/span_02' is clicked on

2021-09-28 17:48:53 - [TEST_STEP][PASSED] - click(findTestObject("Object Repository/OBS-tn/span_01.md")): Object: 'Object Repository/OBS-tn/span_01.md' is clicked on

2021-09-28 17:48:55 - [MESSAGE][PASSED] - Object: 'Object Repository/OBS-tn/span_01.md' is clicked on

2021-09-28 17:48:55 - [TEST_STEP][PASSED] - click(findTestObject("Object Repository/OBS-tn/div_the beautiful garden edits box")): Object: 'Object Repository/OBS-tn/div_the beautiful garden edits box' is clicked on

2021-09-28 17:48:57 - [MESSAGE][PASSED] - Object: 'Object Repository/OBS-tn/div_the beautiful garden edits box' is clicked on

2021-09-28 17:48:57 - [TEST_STEP][PASSED] - sendKeys(findTestObject("Object Repository/OBS-tn/div_the beautiful garden edits box"), "  edits by a test script"): Keys '  edits by a test script' sent to object: 'Object Repository/OBS-tn/div_the beautiful garden edits box'

2021-09-28 17:48:59 - [MESSAGE][PASSED] - Keys '  edits by a test script' sent to object: 'Object Repository/OBS-tn/div_the beautiful garden edits box'

2021-09-28 17:48:59 - [TEST_STEP][PASSED] - click(findTestObject("Object Repository/Page_tC Create/button_Save")): Object: 'Object Repository/Page_tC Create/button_Save' is clicked on

2021-09-28 17:49:00 - [MESSAGE][PASSED] - Object: 'Object Repository/Page_tC Create/button_Save' is clicked on

2021-09-28 17:49:00 - [TEST_STEP][PASSED] - delay(2): Delayed 2 second(s)

2021-09-28 17:49:02 - [MESSAGE][PASSED] - Delayed 2 second(s)

2021-09-28 17:49:02 - [TEST_STEP][PASSED] - if (verifyElementNotClickable(findTestObject("Page_tC Create/button_Save"), CONTINUE_ON_FAILURE)): null

2021-09-28 17:49:03 - [MESSAGE][PASSED] - Object 'Object Repository/Page_tC Create/button_Save' is NOT clickable

2021-09-28 17:49:03 - [TEST_STEP][PASSED] - logInfo(" Save button is greyed out as expected"):  Save button is greyed out as expected

2021-09-28 17:49:03 - [MESSAGE][INFO] -  Save button is greyed out as expected

2021-09-28 17:49:03 - [TEST_STEP][PASSED] - click(findTestObject("Object Repository/OBS-tn/div_English - unfoldingWorden_obs-tnElsyLambert-tc-create-1")): Object: 'Object Repository/OBS-tn/div_English - unfoldingWorden_obs-tnElsyLambert-tc-create-1' is clicked on

2021-09-28 17:49:04 - [MESSAGE][PASSED] - Object: 'Object Repository/OBS-tn/div_English - unfoldingWorden_obs-tnElsyLambert-tc-create-1' is clicked on

2021-09-28 17:49:04 - [TEST_STEP][PASSED] - delay(2): Delayed 2 second(s)

2021-09-28 17:49:06 - [MESSAGE][PASSED] - Delayed 2 second(s)

2021-09-28 17:49:06 - [TEST_STEP][PASSED] - switchToWindowIndex(1): Switched to window with index: '1'

2021-09-28 17:49:06 - [MESSAGE][PASSED] - Switched to window with index: '1'

2021-09-28 17:49:06 - [TEST_STEP][PASSED] - if (getText(findTestObject("Object Repository/OBS-tn/h1_the beautiful garden on DCS")).contains("edits by a test script")): null

2021-09-28 17:49:07 - [MESSAGE][PASSED] - Text of object 'Object Repository/OBS-tn/h1_the beautiful garden on DCS' is: 'Home
Catalog
About DCS
Help
Register
Sign In
unfoldingWord
/
en_obs-tn
v9
Catalog
v9
Watch
3
Star
1
Fork
12
Files
Issues
Pull Requests
1
Releases
6
Activity
Preview
unfoldingWordÂ® Open Bible Stories Translation Notes https://www.openbiblestories.org/
241 Commits
11 Branches
6 Tags
14 MiB
English (en)
  Branch: ElsyLambert-tc-create-1
en_obs-tn/content/02/01.md
759 B
Raw
Permalink
Blame
History
the beautiful garden  edits by  edits by a test script  edits by a test script  edits by a tes   edits by a test script edits by a test scriptt script  edits by a test script a test script
This refers to a special collection of trees and plants that God prepared for Adam and Eve to enjoy and from which to eat. This should be the same word that was used in 01:11. See how you translated it there.
shame
the feeling that comes with knowing we have sinned or that we fall short in some way
talked with God
The word for talk should be the same as would be used to refer to talking to a human being. God may have taken a physical form to talk to the man and the woman since the text indicates that they talked to him face-to-face.
Except where otherwise noted, content on DCS is licensed under a CC BY-SA 4.0 License Version: 1.15.2+dcs-30-g971098d40 Page: 251ms Template: 211ms
Version: 1.15.2+dcs-30-g971098d40 Page: 251ms Template: 211ms
GitHub
English
Licenses API unfoldingWord Go1.16.8'

2021-09-28 17:49:07 - [TEST_STEP][PASSED] - logInfo("The edits are saved on the DCS Repo File"): The edits are saved on the DCS Repo File

2021-09-28 17:49:07 - [MESSAGE][INFO] - The edits are saved on the DCS Repo File

2021-09-28 17:49:07 - [TEST_STEP][PASSED] - switchToWindowIndex(0): Switched to window with index: '0'

2021-09-28 17:49:07 - [MESSAGE][PASSED] - Switched to window with index: '0'

2021-09-28 17:49:07 - [TEST_STEP][PASSED] - closeBrowser(): Browser is closed

2021-09-28 17:49:07 - [MESSAGE][PASSED] - Browser is closed

2021-09-28 17:49:07 - [TEST_STEP][PASSED] - closeBrowser(): Browser is closed

2021-09-28 17:49:07 - [MESSAGE][PASSED] - Browser is closed]]></system-out>
         <system-err><![CDATA[]]></system-err>
      </testcase>
      <testcase name="Test Cases/tCC Test Cases/tCC Test OBS Study Notes" time="36.128" classname="Test Cases/tCC Test Cases/tCC Test OBS Study Notes" status="PASSED">
         <system-out><![CDATA[2021-09-28 17:49:07 - [TEST_CASE][PASSED] - Test Cases/tCC Test Cases/tCC Test OBS Study Notes: Test Cases/tCC Test Cases/tCC Test OBS Study Notes

2021-09-28 17:49:07 - [TEST_STEP][PASSED] - com.tccreate.keywords.WriteToFile.writeTofilename("OBS-sn-Save"): com.tccreate.keywords.WriteToFile.writeTofilename is PASSED

2021-09-28 17:49:07 - [MESSAGE][PASSED] - com.tccreate.keywords.WriteToFile.writeTofilename is PASSED

2021-09-28 17:49:07 - [TEST_STEP][PASSED] - com.helper.login.TimeDate.getTimeDate(): com.helper.login.TimeDate.getTimeDate is PASSED

2021-09-28 17:49:07 - [MESSAGE][INFO] - Time at which the test run:2021-09-28 17:49:07.358

2021-09-28 17:49:07 - [MESSAGE][PASSED] - com.helper.login.TimeDate.getTimeDate is PASSED

2021-09-28 17:49:07 - [TEST_STEP][PASSED] - com.helper.login.loginhelper.logintoapp(): com.helper.login.loginhelper.logintoapp is PASSED

2021-09-28 17:49:07 - [MESSAGE][INFO] - Starting 'Chrome' driver

2021-09-28 17:49:07 - [MESSAGE][INFO] - Action delay is set to 1,000 milliseconds

2021-09-28 17:49:08 - [MESSAGE][WARNING] - FFmpeg was not installed! Browser Recording will be disabled. Please follow this document to install FFmpeg first: https://docs.katalon.com/katalon-studio/docs/screenshots-videos.html#browser-based-recorder

2021-09-28 17:49:11 - [MESSAGE][PASSED] - Browser is opened with url: 'https://v1-3-0--tc-create-app.netlify.app/'

2021-09-28 17:49:11 - [MESSAGE][PASSED] - Wait for page load successfully

2021-09-28 17:49:11 - [MESSAGE][PASSED] - Current window maximized

2021-09-28 17:49:13 - [MESSAGE][PASSED] - Keys 'elsylambert' sent to object: 'Object Repository/Page_tC Create/input__username'

2021-09-28 17:49:14 - [MESSAGE][PASSED] - Keys 'fatak43' sent to object: 'Object Repository/Page_tC Create/input__password'

2021-09-28 17:49:16 - [MESSAGE][PASSED] - Object: 'Object Repository/Page_tC Create/button_Login' is clicked on

2021-09-28 17:49:17 - [MESSAGE][PASSED] - Delayed 1 second(s)

2021-09-28 17:49:18 - [MESSAGE][PASSED] - Text of object 'Object Repository/Page_tC Create/tcc-version number' is: 'translationCore Create - v1.3.0 build 73-f59f312'

2021-09-28 17:49:18 - [MESSAGE][INFO] - : The current version and build number is translationCore Create - v1.3.0 build 73-f59f312

2021-09-28 17:49:18 - [MESSAGE][PASSED] - com.helper.login.loginhelper.logintoapp is PASSED

2021-09-28 17:49:18 - [TEST_STEP][PASSED] - com.tccreate.keywords.selectOrg.organization(""): com.tccreate.keywords.selectOrg.organization is PASSED

2021-09-28 17:49:19 - [MESSAGE][PASSED] - Object: 'Object Repository/Page_tC Create/listOption_organisation_Parmed' is clicked on

2021-09-28 17:49:21 - [MESSAGE][WARNING] - No alert found after 2 second(s).

2021-09-28 17:49:21 - [MESSAGE][PASSED] - com.tccreate.keywords.selectOrg.organization is PASSED

2021-09-28 17:49:21 - [TEST_STEP][PASSED] - com.tccreate.keywords.selectOrg.resource("unfoldingWordÂ® Open Bible Stories Study Notes"): com.tccreate.keywords.selectOrg.resource is PASSED

2021-09-28 17:49:23 - [MESSAGE][PASSED] - Object: 'Object Repository/Page_tC Create/resource_Parmed' is clicked on

2021-09-28 17:49:23 - [MESSAGE][PASSED] - com.tccreate.keywords.selectOrg.resource is PASSED

2021-09-28 17:49:23 - [TEST_STEP][PASSED] - com.tccreate.keywords.selectOrg.language(""): com.tccreate.keywords.selectOrg.language is PASSED

2021-09-28 17:49:24 - [MESSAGE][PASSED] - Object: 'Object Repository/Page_tC Create/combo_Select Language' is clicked on

2021-09-28 17:49:26 - [MESSAGE][PASSED] - Object: 'Object Repository/Page_tC Create/listOption_Language_Parmed' is clicked on

2021-09-28 17:49:26 - [MESSAGE][PASSED] - com.tccreate.keywords.selectOrg.language is PASSED

2021-09-28 17:49:26 - [TEST_STEP][PASSED] - click(findTestObject("Object Repository/OBS-tn/div_content")): Object: 'Object Repository/OBS-tn/div_content' is clicked on

2021-09-28 17:49:27 - [MESSAGE][PASSED] - Object: 'Object Repository/OBS-tn/div_content' is clicked on

2021-09-28 17:49:27 - [TEST_STEP][PASSED] - click(findTestObject("Object Repository/OBS-tn/span_02")): Object: 'Object Repository/OBS-tn/span_02' is clicked on

2021-09-28 17:49:29 - [MESSAGE][PASSED] - Object: 'Object Repository/OBS-tn/span_02' is clicked on

2021-09-28 17:49:29 - [TEST_STEP][PASSED] - click(findTestObject("Object Repository/OBS-tn/span_02.md")): Object: 'Object Repository/OBS-tn/span_02.md' is clicked on

2021-09-28 17:49:32 - [MESSAGE][PASSED] - Object: 'Object Repository/OBS-tn/span_02.md' is clicked on

2021-09-28 17:49:32 - [TEST_STEP][PASSED] - click(findTestObject("Object Repository/obs-sn/div_a snake edit box")): Object: 'Object Repository/obs-sn/div_a snake edit box' is clicked on

2021-09-28 17:49:34 - [MESSAGE][PASSED] - Object: 'Object Repository/obs-sn/div_a snake edit box' is clicked on

2021-09-28 17:49:34 - [TEST_STEP][PASSED] - sendKeys(findTestObject("Object Repository/obs-sn/div_a snake edit box"), "  edits by a test script"): Keys '  edits by a test script' sent to object: 'Object Repository/obs-sn/div_a snake edit box'

2021-09-28 17:49:35 - [MESSAGE][PASSED] - Keys '  edits by a test script' sent to object: 'Object Repository/obs-sn/div_a snake edit box'

2021-09-28 17:49:35 - [TEST_STEP][PASSED] - click(findTestObject("Object Repository/Page_tC Create/button_Save")): Object: 'Object Repository/Page_tC Create/button_Save' is clicked on

2021-09-28 17:49:37 - [MESSAGE][PASSED] - Object: 'Object Repository/Page_tC Create/button_Save' is clicked on

2021-09-28 17:49:37 - [TEST_STEP][PASSED] - delay(2): Delayed 2 second(s)

2021-09-28 17:49:39 - [MESSAGE][PASSED] - Delayed 2 second(s)

2021-09-28 17:49:39 - [TEST_STEP][PASSED] - if (verifyElementNotClickable(findTestObject("Page_tC Create/button_Save"), CONTINUE_ON_FAILURE)): null

2021-09-28 17:49:39 - [MESSAGE][PASSED] - Object 'Object Repository/Page_tC Create/button_Save' is NOT clickable

2021-09-28 17:49:39 - [TEST_STEP][PASSED] - logInfo(" Save button is greyed out as expected"):  Save button is greyed out as expected

2021-09-28 17:49:39 - [MESSAGE][INFO] -  Save button is greyed out as expected

2021-09-28 17:49:39 - [TEST_STEP][PASSED] - click(findTestObject("Object Repository/obs-sn/div_English - unfoldingWorden_obs-snElsyLambert-tc-create-1")): Object: 'Object Repository/obs-sn/div_English - unfoldingWorden_obs-snElsyLambert-tc-create-1' is clicked on

2021-09-28 17:49:40 - [MESSAGE][PASSED] - Object: 'Object Repository/obs-sn/div_English - unfoldingWorden_obs-snElsyLambert-tc-create-1' is clicked on

2021-09-28 17:49:40 - [TEST_STEP][PASSED] - delay(2): Delayed 2 second(s)

2021-09-28 17:49:42 - [MESSAGE][PASSED] - Delayed 2 second(s)

2021-09-28 17:49:42 - [TEST_STEP][PASSED] - switchToWindowIndex(1): Switched to window with index: '1'

2021-09-28 17:49:42 - [MESSAGE][PASSED] - Switched to window with index: '1'

2021-09-28 17:49:42 - [TEST_STEP][PASSED] - if (getText(findTestObject("Object Repository/obs-sn/h1_a snake DCS page")).contains("edits by a test script")): null

2021-09-28 17:49:43 - [MESSAGE][PASSED] - Text of object 'Object Repository/obs-sn/h1_a snake DCS page' is: 'Home
Catalog
About DCS
Help
Register
Sign In
unfoldingWord
/
en_obs-sn
v4
Catalog
v4
Watch
9
Star
1
Fork
4
Files
Issues
Pull Requests
1
Releases
4
Activity
Preview
unfoldingWordÂ® Open Bible Stories Study Notes
190 Commits
5 Branches
4 Tags
2.1 MiB
English (en)
  Branch: ElsyLambert-tc-create-1
en_obs-sn/content/02/02.md
572 B
Raw
Permalink
Blame
History
a snake  edits by a test script   edits by a test script  edits by a test script  edits by a tes  edits by a test scriptt script  edits by a test script edits by a test script
Some scholars think the snake represents Satan. Other scholars think the snake was a real snake, and that Satan was the one who was speaking through it.
Did God really tell you not to eat the fruit from any of the trees in the garden?
The snake asked this question to cause the woman to think about the things that God told her not to do, instead of the things he said she could do.
Except where otherwise noted, content on DCS is licensed under a CC BY-SA 4.0 License Version: 1.15.2+dcs-30-g971098d40 Page: 138ms Template: 120ms
Version: 1.15.2+dcs-30-g971098d40 Page: 138ms Template: 120ms
GitHub
English
Licenses API unfoldingWord Go1.16.8'

2021-09-28 17:49:43 - [TEST_STEP][PASSED] - logInfo("The edits are saved on the DCS Repo File"): The edits are saved on the DCS Repo File

2021-09-28 17:49:43 - [MESSAGE][INFO] - The edits are saved on the DCS Repo File

2021-09-28 17:49:43 - [TEST_STEP][PASSED] - switchToWindowIndex(0): Switched to window with index: '0'

2021-09-28 17:49:43 - [MESSAGE][PASSED] - Switched to window with index: '0'

2021-09-28 17:49:43 - [TEST_STEP][PASSED] - closeBrowser(): Browser is closed

2021-09-28 17:49:43 - [MESSAGE][PASSED] - Browser is closed

2021-09-28 17:49:43 - [TEST_STEP][PASSED] - closeBrowser(): Browser is closed

2021-09-28 17:49:43 - [MESSAGE][PASSED] - Browser is closed]]></system-out>
         <system-err><![CDATA[]]></system-err>
      </testcase>
      <testcase name="Test Cases/tCC Test Cases/Tool Tips - tA" time="101.125" classname="Test Cases/tCC Test Cases/Tool Tips - tA" status="FAILED">
         <failure type="FAILED" message="Test Cases/tCC Test Cases/Tool Tips - tA FAILED.
Reason:
com.kms.katalon.core.exception.StepFailedException: Unable to get attribute 'title' of object 'Object Repository/Tool tips/button_No Sections' (Root cause: com.kms.katalon.core.exception.StepFailedException: Unable to get attribute 'title' of object 'Object Repository/Tool tips/button_No Sections'
	at com.kms.katalon.core.webui.keyword.internal.WebUIKeywordMain.stepFailed(WebUIKeywordMain.groovy:64)
	at com.kms.katalon.core.webui.keyword.internal.WebUIKeywordMain.runKeyword(WebUIKeywordMain.groovy:26)
	at com.kms.katalon.core.webui.keyword.builtin.GetAttributeKeyword.getAttribute(GetAttributeKeyword.groovy:93)
	at com.kms.katalon.core.webui.keyword.builtin.GetAttributeKeyword.execute(GetAttributeKeyword.groovy:68)
	at com.kms.katalon.core.keyword.internal.KeywordExecutor.executeKeywordForPlatform(KeywordExecutor.groovy:74)
	at com.kms.katalon.core.webui.keyword.WebUiBuiltInKeywords.getAttribute(WebUiBuiltInKeywords.groovy:951)
	at com.kms.katalon.core.webui.keyword.WebUiBuiltInKeywords$getAttribute$13.call(Unknown Source)
	at Tool Tips - tA.testToolTip(Tool Tips - tA:41)
	at Tool Tips - tA.testToggleTip(Tool Tips - tA:95)
	at Tool Tips - tA.run(Tool Tips - tA:31)
	at com.kms.katalon.core.main.ScriptEngine.run(ScriptEngine.java:194)
	at com.kms.katalon.core.main.ScriptEngine.runScriptAsRawText(ScriptEngine.java:119)
	at com.kms.katalon.core.main.TestCaseExecutor.runScript(TestCaseExecutor.java:430)
	at com.kms.katalon.core.main.TestCaseExecutor.doExecute(TestCaseExecutor.java:421)
	at com.kms.katalon.core.main.TestCaseExecutor.processExecutionPhase(TestCaseExecutor.java:400)
	at com.kms.katalon.core.main.TestCaseExecutor.accessMainPhase(TestCaseExecutor.java:392)
	at com.kms.katalon.core.main.TestCaseExecutor.execute(TestCaseExecutor.java:273)
	at com.kms.katalon.core.main.TestSuiteExecutor.accessTestCaseMainPhase(TestSuiteExecutor.java:202)
	at com.kms.katalon.core.main.TestSuiteExecutor.accessTestSuiteMainPhase(TestSuiteExecutor.java:164)
	at com.kms.katalon.core.main.TestSuiteExecutor.execute(TestSuiteExecutor.java:105)
	at com.kms.katalon.core.main.TestCaseMain.startTestSuite(TestCaseMain.java:185)
	at com.kms.katalon.core.main.TestCaseMain$startTestSuite$0.call(Unknown Source)
	at TempTestSuite1632864492590.run(TempTestSuite1632864492590.groovy:36)
Caused by: com.kms.katalon.core.webui.exception.WebElementNotFoundException: Web element with id: 'Object Repository/Tool tips/button_No Sections' located by '//*[@type = 'button' and @title = 'No Sections']' not found
	at com.kms.katalon.core.webui.common.WebUiCommonHelper.findWebElement(WebUiCommonHelper.java:1368)
	at com.kms.katalon.core.webui.keyword.internal.WebUIAbstractKeyword.findWebElement(WebUIAbstractKeyword.groovy:27)
	at com.kms.katalon.core.webui.keyword.internal.WebUIAbstractKeyword.findWebElement(WebUIAbstractKeyword.groovy:26)
	at com.kms.katalon.core.webui.keyword.builtin.GetAttributeKeyword$_getAttribute_closure1.doCall(GetAttributeKeyword.groovy:83)
	at com.kms.katalon.core.webui.keyword.builtin.GetAttributeKeyword$_getAttribute_closure1.call(GetAttributeKeyword.groovy)
	at com.kms.katalon.core.webui.keyword.internal.WebUIKeywordMain.runKeyword(WebUIKeywordMain.groovy:20)
	at com.kms.katalon.core.webui.keyword.builtin.GetAttributeKeyword.getAttribute(GetAttributeKeyword.groovy:93)
	at com.kms.katalon.core.webui.keyword.builtin.GetAttributeKeyword.execute(GetAttributeKeyword.groovy:68)
	at com.kms.katalon.core.keyword.internal.KeywordExecutor.executeKeywordForPlatform(KeywordExecutor.groovy:74)
	at com.kms.katalon.core.webui.keyword.WebUiBuiltInKeywords.getAttribute(WebUiBuiltInKeywords.groovy:951)
	at com.kms.katalon.core.webui.keyword.WebUiBuiltInKeywords$getAttribute$13.call(Unknown Source)
	at Script1613662810777.testToolTip(Script1613662810777.groovy:41)
	at Script1613662810777.testToggleTip(Script1613662810777.groovy:95)
	at Script1613662810777.run(Script1613662810777.groovy:31)
	... 13 more
)
	at com.kms.katalon.core.keyword.internal.KeywordMain.stepFailed(KeywordMain.groovy:39)
	at com.kms.katalon.core.webui.keyword.internal.WebUIKeywordMain.stepFailed(WebUIKeywordMain.groovy:64)
	at com.kms.katalon.core.webui.keyword.internal.WebUIKeywordMain.runKeyword(WebUIKeywordMain.groovy:26)
	at com.kms.katalon.core.webui.keyword.builtin.GetAttributeKeyword.getAttribute(GetAttributeKeyword.groovy:93)
	at com.kms.katalon.core.webui.keyword.builtin.GetAttributeKeyword.execute(GetAttributeKeyword.groovy:68)
	at com.kms.katalon.core.keyword.internal.KeywordExecutor.executeKeywordForPlatform(KeywordExecutor.groovy:74)
	at com.kms.katalon.core.webui.keyword.WebUiBuiltInKeywords.getAttribute(WebUiBuiltInKeywords.groovy:951)
	at com.kms.katalon.core.webui.keyword.WebUiBuiltInKeywords$getAttribute$13.call(Unknown Source)
	at Tool Tips - tA.testToolTip(Tool Tips - tA:41)
	at Tool Tips - tA.testToggleTip(Tool Tips - tA:95)
	at Tool Tips - tA.run(Tool Tips - tA:31)
	at com.kms.katalon.core.main.ScriptEngine.run(ScriptEngine.java:194)
	at com.kms.katalon.core.main.ScriptEngine.runScriptAsRawText(ScriptEngine.java:119)
	at com.kms.katalon.core.main.TestCaseExecutor.runScript(TestCaseExecutor.java:430)
	at com.kms.katalon.core.main.TestCaseExecutor.doExecute(TestCaseExecutor.java:421)
	at com.kms.katalon.core.main.TestCaseExecutor.processExecutionPhase(TestCaseExecutor.java:400)
	at com.kms.katalon.core.main.TestCaseExecutor.accessMainPhase(TestCaseExecutor.java:392)
	at com.kms.katalon.core.main.TestCaseExecutor.execute(TestCaseExecutor.java:273)
	at com.kms.katalon.core.main.TestSuiteExecutor.accessTestCaseMainPhase(TestSuiteExecutor.java:202)
	at com.kms.katalon.core.main.TestSuiteExecutor.accessTestSuiteMainPhase(TestSuiteExecutor.java:164)
	at com.kms.katalon.core.main.TestSuiteExecutor.execute(TestSuiteExecutor.java:105)
	at com.kms.katalon.core.main.TestCaseMain.startTestSuite(TestCaseMain.java:185)
	at com.kms.katalon.core.main.TestCaseMain$startTestSuite$0.call(Unknown Source)
	at TempTestSuite1632864492590.run(TempTestSuite1632864492590.groovy:36)
Caused by: com.kms.katalon.core.exception.StepFailedException: Unable to get attribute 'title' of object 'Object Repository/Tool tips/button_No Sections'
	... 23 more
Caused by: com.kms.katalon.core.webui.exception.WebElementNotFoundException: Web element with id: 'Object Repository/Tool tips/button_No Sections' located by '//*[@type = 'button' and @title = 'No Sections']' not found
	at com.kms.katalon.core.webui.common.WebUiCommonHelper.findWebElement(WebUiCommonHelper.java:1368)
	at com.kms.katalon.core.webui.keyword.internal.WebUIAbstractKeyword.findWebElement(WebUIAbstractKeyword.groovy:27)
	at com.kms.katalon.core.webui.keyword.internal.WebUIAbstractKeyword.findWebElement(WebUIAbstractKeyword.groovy:26)
	at com.kms.katalon.core.webui.keyword.builtin.GetAttributeKeyword$_getAttribute_closure1.doCall(GetAttributeKeyword.groovy:83)
	at com.kms.katalon.core.webui.keyword.builtin.GetAttributeKeyword$_getAttribute_closure1.call(GetAttributeKeyword.groovy)
	at com.kms.katalon.core.webui.keyword.internal.WebUIKeywordMain.runKeyword(WebUIKeywordMain.groovy:20)
	... 21 more
"/>
         <system-out><![CDATA[2021-09-28 17:49:43 - [TEST_CASE][FAILED] - Test Cases/tCC Test Cases/Tool Tips - tA: Test Cases/tCC Test Cases/Tool Tips - tA FAILED.
Reason:
com.kms.katalon.core.exception.StepFailedException: Unable to get attribute 'title' of object 'Object Repository/Tool tips/button_No Sections' (Root cause: com.kms.katalon.core.exception.StepFailedException: Unable to get attribute 'title' of object 'Object Repository/Tool tips/button_No Sections'
	at com.kms.katalon.core.webui.keyword.internal.WebUIKeywordMain.stepFailed(WebUIKeywordMain.groovy:64)
	at com.kms.katalon.core.webui.keyword.internal.WebUIKeywordMain.runKeyword(WebUIKeywordMain.groovy:26)
	at com.kms.katalon.core.webui.keyword.builtin.GetAttributeKeyword.getAttribute(GetAttributeKeyword.groovy:93)
	at com.kms.katalon.core.webui.keyword.builtin.GetAttributeKeyword.execute(GetAttributeKeyword.groovy:68)
	at com.kms.katalon.core.keyword.internal.KeywordExecutor.executeKeywordForPlatform(KeywordExecutor.groovy:74)
	at com.kms.katalon.core.webui.keyword.WebUiBuiltInKeywords.getAttribute(WebUiBuiltInKeywords.groovy:951)
	at com.kms.katalon.core.webui.keyword.WebUiBuiltInKeywords$getAttribute$13.call(Unknown Source)
	at Tool Tips - tA.testToolTip(Tool Tips - tA:41)
	at Tool Tips - tA.testToggleTip(Tool Tips - tA:95)
	at Tool Tips - tA.run(Tool Tips - tA:31)
	at com.kms.katalon.core.main.ScriptEngine.run(ScriptEngine.java:194)
	at com.kms.katalon.core.main.ScriptEngine.runScriptAsRawText(ScriptEngine.java:119)
	at com.kms.katalon.core.main.TestCaseExecutor.runScript(TestCaseExecutor.java:430)
	at com.kms.katalon.core.main.TestCaseExecutor.doExecute(TestCaseExecutor.java:421)
	at com.kms.katalon.core.main.TestCaseExecutor.processExecutionPhase(TestCaseExecutor.java:400)
	at com.kms.katalon.core.main.TestCaseExecutor.accessMainPhase(TestCaseExecutor.java:392)
	at com.kms.katalon.core.main.TestCaseExecutor.execute(TestCaseExecutor.java:273)
	at com.kms.katalon.core.main.TestSuiteExecutor.accessTestCaseMainPhase(TestSuiteExecutor.java:202)
	at com.kms.katalon.core.main.TestSuiteExecutor.accessTestSuiteMainPhase(TestSuiteExecutor.java:164)
	at com.kms.katalon.core.main.TestSuiteExecutor.execute(TestSuiteExecutor.java:105)
	at com.kms.katalon.core.main.TestCaseMain.startTestSuite(TestCaseMain.java:185)
	at com.kms.katalon.core.main.TestCaseMain$startTestSuite$0.call(Unknown Source)
	at TempTestSuite1632864492590.run(TempTestSuite1632864492590.groovy:36)
Caused by: com.kms.katalon.core.webui.exception.WebElementNotFoundException: Web element with id: 'Object Repository/Tool tips/button_No Sections' located by '//*[@type = 'button' and @title = 'No Sections']' not found
	at com.kms.katalon.core.webui.common.WebUiCommonHelper.findWebElement(WebUiCommonHelper.java:1368)
	at com.kms.katalon.core.webui.keyword.internal.WebUIAbstractKeyword.findWebElement(WebUIAbstractKeyword.groovy:27)
	at com.kms.katalon.core.webui.keyword.internal.WebUIAbstractKeyword.findWebElement(WebUIAbstractKeyword.groovy:26)
	at com.kms.katalon.core.webui.keyword.builtin.GetAttributeKeyword$_getAttribute_closure1.doCall(GetAttributeKeyword.groovy:83)
	at com.kms.katalon.core.webui.keyword.builtin.GetAttributeKeyword$_getAttribute_closure1.call(GetAttributeKeyword.groovy)
	at com.kms.katalon.core.webui.keyword.internal.WebUIKeywordMain.runKeyword(WebUIKeywordMain.groovy:20)
	at com.kms.katalon.core.webui.keyword.builtin.GetAttributeKeyword.getAttribute(GetAttributeKeyword.groovy:93)
	at com.kms.katalon.core.webui.keyword.builtin.GetAttributeKeyword.execute(GetAttributeKeyword.groovy:68)
	at com.kms.katalon.core.keyword.internal.KeywordExecutor.executeKeywordForPlatform(KeywordExecutor.groovy:74)
	at com.kms.katalon.core.webui.keyword.WebUiBuiltInKeywords.getAttribute(WebUiBuiltInKeywords.groovy:951)
	at com.kms.katalon.core.webui.keyword.WebUiBuiltInKeywords$getAttribute$13.call(Unknown Source)
	at Script1613662810777.testToolTip(Script1613662810777.groovy:41)
	at Script1613662810777.testToggleTip(Script1613662810777.groovy:95)
	at Script1613662810777.run(Script1613662810777.groovy:31)
	... 13 more
)
	at com.kms.katalon.core.keyword.internal.KeywordMain.stepFailed(KeywordMain.groovy:39)
	at com.kms.katalon.core.webui.keyword.internal.WebUIKeywordMain.stepFailed(WebUIKeywordMain.groovy:64)
	at com.kms.katalon.core.webui.keyword.internal.WebUIKeywordMain.runKeyword(WebUIKeywordMain.groovy:26)
	at com.kms.katalon.core.webui.keyword.builtin.GetAttributeKeyword.getAttribute(GetAttributeKeyword.groovy:93)
	at com.kms.katalon.core.webui.keyword.builtin.GetAttributeKeyword.execute(GetAttributeKeyword.groovy:68)
	at com.kms.katalon.core.keyword.internal.KeywordExecutor.executeKeywordForPlatform(KeywordExecutor.groovy:74)
	at com.kms.katalon.core.webui.keyword.WebUiBuiltInKeywords.getAttribute(WebUiBuiltInKeywords.groovy:951)
	at com.kms.katalon.core.webui.keyword.WebUiBuiltInKeywords$getAttribute$13.call(Unknown Source)
	at Tool Tips - tA.testToolTip(Tool Tips - tA:41)
	at Tool Tips - tA.testToggleTip(Tool Tips - tA:95)
	at Tool Tips - tA.run(Tool Tips - tA:31)
	at com.kms.katalon.core.main.ScriptEngine.run(ScriptEngine.java:194)
	at com.kms.katalon.core.main.ScriptEngine.runScriptAsRawText(ScriptEngine.java:119)
	at com.kms.katalon.core.main.TestCaseExecutor.runScript(TestCaseExecutor.java:430)
	at com.kms.katalon.core.main.TestCaseExecutor.doExecute(TestCaseExecutor.java:421)
	at com.kms.katalon.core.main.TestCaseExecutor.processExecutionPhase(TestCaseExecutor.java:400)
	at com.kms.katalon.core.main.TestCaseExecutor.accessMainPhase(TestCaseExecutor.java:392)
	at com.kms.katalon.core.main.TestCaseExecutor.execute(TestCaseExecutor.java:273)
	at com.kms.katalon.core.main.TestSuiteExecutor.accessTestCaseMainPhase(TestSuiteExecutor.java:202)
	at com.kms.katalon.core.main.TestSuiteExecutor.accessTestSuiteMainPhase(TestSuiteExecutor.java:164)
	at com.kms.katalon.core.main.TestSuiteExecutor.execute(TestSuiteExecutor.java:105)
	at com.kms.katalon.core.main.TestCaseMain.startTestSuite(TestCaseMain.java:185)
	at com.kms.katalon.core.main.TestCaseMain$startTestSuite$0.call(Unknown Source)
	at TempTestSuite1632864492590.run(TempTestSuite1632864492590.groovy:36)
Caused by: com.kms.katalon.core.exception.StepFailedException: Unable to get attribute 'title' of object 'Object Repository/Tool tips/button_No Sections'
	... 23 more
Caused by: com.kms.katalon.core.webui.exception.WebElementNotFoundException: Web element with id: 'Object Repository/Tool tips/button_No Sections' located by '//*[@type = 'button' and @title = 'No Sections']' not found
	at com.kms.katalon.core.webui.common.WebUiCommonHelper.findWebElement(WebUiCommonHelper.java:1368)
	at com.kms.katalon.core.webui.keyword.internal.WebUIAbstractKeyword.findWebElement(WebUIAbstractKeyword.groovy:27)
	at com.kms.katalon.core.webui.keyword.internal.WebUIAbstractKeyword.findWebElement(WebUIAbstractKeyword.groovy:26)
	at com.kms.katalon.core.webui.keyword.builtin.GetAttributeKeyword$_getAttribute_closure1.doCall(GetAttributeKeyword.groovy:83)
	at com.kms.katalon.core.webui.keyword.builtin.GetAttributeKeyword$_getAttribute_closure1.call(GetAttributeKeyword.groovy)
	at com.kms.katalon.core.webui.keyword.internal.WebUIKeywordMain.runKeyword(WebUIKeywordMain.groovy:20)
	... 21 more


2021-09-28 17:49:43 - [TEST_STEP][PASSED] - com.helper.login.loginhelper.logintoapp(): com.helper.login.loginhelper.logintoapp is PASSED

2021-09-28 17:49:43 - [MESSAGE][INFO] - Starting 'Chrome' driver

2021-09-28 17:49:43 - [MESSAGE][INFO] - Action delay is set to 1,000 milliseconds

2021-09-28 17:49:44 - [MESSAGE][WARNING] - FFmpeg was not installed! Browser Recording will be disabled. Please follow this document to install FFmpeg first: https://docs.katalon.com/katalon-studio/docs/screenshots-videos.html#browser-based-recorder

2021-09-28 17:49:47 - [MESSAGE][PASSED] - Browser is opened with url: 'https://v1-3-0--tc-create-app.netlify.app/'

2021-09-28 17:49:47 - [MESSAGE][PASSED] - Wait for page load successfully

2021-09-28 17:49:47 - [MESSAGE][PASSED] - Current window maximized

2021-09-28 17:49:49 - [MESSAGE][PASSED] - Keys 'elsylambert' sent to object: 'Object Repository/Page_tC Create/input__username'

2021-09-28 17:49:50 - [MESSAGE][PASSED] - Keys 'fatak43' sent to object: 'Object Repository/Page_tC Create/input__password'

2021-09-28 17:49:52 - [MESSAGE][PASSED] - Object: 'Object Repository/Page_tC Create/button_Login' is clicked on

2021-09-28 17:49:53 - [MESSAGE][PASSED] - Delayed 1 second(s)

2021-09-28 17:49:54 - [MESSAGE][PASSED] - Text of object 'Object Repository/Page_tC Create/tcc-version number' is: 'translationCore Create - v1.3.0 build 73-f59f312'

2021-09-28 17:49:54 - [MESSAGE][INFO] - : The current version and build number is translationCore Create - v1.3.0 build 73-f59f312

2021-09-28 17:49:54 - [MESSAGE][PASSED] - com.helper.login.loginhelper.logintoapp is PASSED

2021-09-28 17:49:54 - [TEST_STEP][PASSED] - com.tccreate.keywords.selectOrg.organization(""): com.tccreate.keywords.selectOrg.organization is PASSED

2021-09-28 17:49:55 - [MESSAGE][PASSED] - Object: 'Object Repository/Page_tC Create/listOption_organisation_Parmed' is clicked on

2021-09-28 17:49:57 - [MESSAGE][WARNING] - No alert found after 2 second(s).

2021-09-28 17:49:57 - [MESSAGE][PASSED] - com.tccreate.keywords.selectOrg.organization is PASSED

2021-09-28 17:49:57 - [TEST_STEP][PASSED] - com.tccreate.keywords.selectOrg.resource("unfoldingWordÂ® Translation Academy"): com.tccreate.keywords.selectOrg.resource is PASSED

2021-09-28 17:49:59 - [MESSAGE][PASSED] - Object: 'Object Repository/Page_tC Create/resource_Parmed' is clicked on

2021-09-28 17:49:59 - [MESSAGE][PASSED] - com.tccreate.keywords.selectOrg.resource is PASSED

2021-09-28 17:49:59 - [TEST_STEP][PASSED] - com.tccreate.keywords.selectOrg.language(""): com.tccreate.keywords.selectOrg.language is PASSED

2021-09-28 17:50:00 - [MESSAGE][PASSED] - Object: 'Object Repository/Page_tC Create/combo_Select Language' is clicked on

2021-09-28 17:50:02 - [MESSAGE][PASSED] - Object: 'Object Repository/Page_tC Create/listOption_Language_Parmed' is clicked on

2021-09-28 17:50:02 - [MESSAGE][PASSED] - com.tccreate.keywords.selectOrg.language is PASSED

2021-09-28 17:50:02 - [TEST_STEP][PASSED] - click(findTestObject("Page_tC Create/span_translate")): Object: 'Object Repository/Page_tC Create/span_translate' is clicked on

2021-09-28 17:50:03 - [MESSAGE][PASSED] - Object: 'Object Repository/Page_tC Create/span_translate' is clicked on

2021-09-28 17:50:03 - [TEST_STEP][PASSED] - click(findTestObject("Object Repository/Page_tC Create/span_bita-farming")): Object: 'Object Repository/Page_tC Create/span_bita-farming' is clicked on

2021-09-28 17:50:06 - [MESSAGE][PASSED] - Object: 'Object Repository/Page_tC Create/span_bita-farming' is clicked on

2021-09-28 17:50:06 - [TEST_STEP][PASSED] - click(findTestObject("Object Repository/Page_tC Create/span_01.md")): Object: 'Object Repository/Page_tC Create/span_01.md' is clicked on

2021-09-28 17:50:08 - [MESSAGE][PASSED] - Object: 'Object Repository/Page_tC Create/span_01.md' is clicked on

2021-09-28 17:50:08 - [TEST_STEP][PASSED] - testToggleTip("Object Repository/Tool tips/button_Sections", "Sections", "Object Repository/Tool tips/button_No Sections", "No Sections"): null

2021-09-28 17:50:08 - [TEST_STEP][PASSED] - actualTooltip = getAttribute(findTestObject(button1), "title"): Attribute 'title' of object 'Object Repository/Tool tips/button_Sections' is: 'Sections'

2021-09-28 17:50:09 - [MESSAGE][PASSED] - Attribute 'title' of object 'Object Repository/Tool tips/button_Sections' is: 'Sections'

2021-09-28 17:50:09 - [TEST_STEP][PASSED] - out.println("Actual Title of Tool Tip for button " + toolTip + " is " + actualTooltip): null

2021-09-28 17:50:09 - [TEST_STEP][PASSED] - expectedTooltip = toolTip: null

2021-09-28 17:50:09 - [TEST_STEP][PASSED] - if (actualTooltip.equals(expectedTooltip)): null

2021-09-28 17:50:09 - [TEST_STEP][PASSED] - out.println("Test Case Passed for " + toolTip): null

2021-09-28 17:50:09 - [TEST_STEP][PASSED] - delay(2): Delayed 2 second(s)

2021-09-28 17:50:11 - [MESSAGE][PASSED] - Delayed 2 second(s)

2021-09-28 17:50:11 - [TEST_STEP][PASSED] - click(findTestObject(button1)): Object: 'Object Repository/Tool tips/button_Sections' is clicked on

2021-09-28 17:50:12 - [MESSAGE][PASSED] - Object: 'Object Repository/Tool tips/button_Sections' is clicked on

2021-09-28 17:50:12 - [TEST_STEP][PASSED] - button = toggleButton: null

2021-09-28 17:50:12 - [TEST_STEP][PASSED] - toggleTipTest = toggleTip: null

2021-09-28 17:50:12 - [TEST_STEP][PASSED] - out.println("Togglebutton" + button): null

2021-09-28 17:50:12 - [TEST_STEP][PASSED] - out.println("ToggleTip" + toggleTipTest): null

2021-09-28 17:50:12 - [TEST_STEP][PASSED] - delay(2): Delayed 2 second(s)

2021-09-28 17:50:14 - [MESSAGE][PASSED] - Delayed 2 second(s)

2021-09-28 17:50:14 - [TEST_STEP][PASSED] - testToolTip(button, toggleTipTest): null

2021-09-28 17:50:14 - [TEST_STEP][FAILED] - actualTooltip = getAttribute(findTestObject(button), "title"): Unable to get attribute 'title' of object 'Object Repository/Tool tips/button_No Sections' (Root cause: com.kms.katalon.core.exception.StepFailedException: Unable to get attribute 'title' of object 'Object Repository/Tool tips/button_No Sections'
	at com.kms.katalon.core.webui.keyword.internal.WebUIKeywordMain.stepFailed(WebUIKeywordMain.groovy:64)
	at com.kms.katalon.core.webui.keyword.internal.WebUIKeywordMain.runKeyword(WebUIKeywordMain.groovy:26)
	at com.kms.katalon.core.webui.keyword.builtin.GetAttributeKeyword.getAttribute(GetAttributeKeyword.groovy:93)
	at com.kms.katalon.core.webui.keyword.builtin.GetAttributeKeyword.execute(GetAttributeKeyword.groovy:68)
	at com.kms.katalon.core.keyword.internal.KeywordExecutor.executeKeywordForPlatform(KeywordExecutor.groovy:74)
	at com.kms.katalon.core.webui.keyword.WebUiBuiltInKeywords.getAttribute(WebUiBuiltInKeywords.groovy:951)
	at com.kms.katalon.core.webui.keyword.WebUiBuiltInKeywords$getAttribute$13.call(Unknown Source)
	at Tool Tips - tA.testToolTip(Tool Tips - tA:41)
	at Tool Tips - tA.testToggleTip(Tool Tips - tA:95)
	at Tool Tips - tA.run(Tool Tips - tA:31)
	at com.kms.katalon.core.main.ScriptEngine.run(ScriptEngine.java:194)
	at com.kms.katalon.core.main.ScriptEngine.runScriptAsRawText(ScriptEngine.java:119)
	at com.kms.katalon.core.main.TestCaseExecutor.runScript(TestCaseExecutor.java:430)
	at com.kms.katalon.core.main.TestCaseExecutor.doExecute(TestCaseExecutor.java:421)
	at com.kms.katalon.core.main.TestCaseExecutor.processExecutionPhase(TestCaseExecutor.java:400)
	at com.kms.katalon.core.main.TestCaseExecutor.accessMainPhase(TestCaseExecutor.java:392)
	at com.kms.katalon.core.main.TestCaseExecutor.execute(TestCaseExecutor.java:273)
	at com.kms.katalon.core.main.TestSuiteExecutor.accessTestCaseMainPhase(TestSuiteExecutor.java:202)
	at com.kms.katalon.core.main.TestSuiteExecutor.accessTestSuiteMainPhase(TestSuiteExecutor.java:164)
	at com.kms.katalon.core.main.TestSuiteExecutor.execute(TestSuiteExecutor.java:105)
	at com.kms.katalon.core.main.TestCaseMain.startTestSuite(TestCaseMain.java:185)
	at com.kms.katalon.core.main.TestCaseMain$startTestSuite$0.call(Unknown Source)
	at TempTestSuite1632864492590.run(TempTestSuite1632864492590.groovy:36)
Caused by: com.kms.katalon.core.webui.exception.WebElementNotFoundException: Web element with id: 'Object Repository/Tool tips/button_No Sections' located by '//*[@type = 'button' and @title = 'No Sections']' not found
	at com.kms.katalon.core.webui.common.WebUiCommonHelper.findWebElement(WebUiCommonHelper.java:1368)
	at com.kms.katalon.core.webui.keyword.internal.WebUIAbstractKeyword.findWebElement(WebUIAbstractKeyword.groovy:27)
	at com.kms.katalon.core.webui.keyword.internal.WebUIAbstractKeyword.findWebElement(WebUIAbstractKeyword.groovy:26)
	at com.kms.katalon.core.webui.keyword.builtin.GetAttributeKeyword$_getAttribute_closure1.doCall(GetAttributeKeyword.groovy:83)
	at com.kms.katalon.core.webui.keyword.builtin.GetAttributeKeyword$_getAttribute_closure1.call(GetAttributeKeyword.groovy)
	at com.kms.katalon.core.webui.keyword.internal.WebUIKeywordMain.runKeyword(WebUIKeywordMain.groovy:20)
	at com.kms.katalon.core.webui.keyword.builtin.GetAttributeKeyword.getAttribute(GetAttributeKeyword.groovy:93)
	at com.kms.katalon.core.webui.keyword.builtin.GetAttributeKeyword.execute(GetAttributeKeyword.groovy:68)
	at com.kms.katalon.core.keyword.internal.KeywordExecutor.executeKeywordForPlatform(KeywordExecutor.groovy:74)
	at com.kms.katalon.core.webui.keyword.WebUiBuiltInKeywords.getAttribute(WebUiBuiltInKeywords.groovy:951)
	at com.kms.katalon.core.webui.keyword.WebUiBuiltInKeywords$getAttribute$13.call(Unknown Source)
	at Script1613662810777.testToolTip(Script1613662810777.groovy:41)
	at Script1613662810777.testToggleTip(Script1613662810777.groovy:95)
	at Script1613662810777.run(Script1613662810777.groovy:31)
	... 13 more
)

2021-09-28 17:50:45 - [MESSAGE][INFO] - Unable to find the element located by 'By.xpath: //*[@type = 'button' and @title = 'No Sections']'. Please recheck the objects properties to make sure the desired element is located. 

2021-09-28 17:50:46 - [MESSAGE][FAILED] - Unable to get attribute 'title' of object 'Object Repository/Tool tips/button_No Sections' (Root cause: com.kms.katalon.core.exception.StepFailedException: Unable to get attribute 'title' of object 'Object Repository/Tool tips/button_No Sections'
	at com.kms.katalon.core.webui.keyword.internal.WebUIKeywordMain.stepFailed(WebUIKeywordMain.groovy:64)
	at com.kms.katalon.core.webui.keyword.internal.WebUIKeywordMain.runKeyword(WebUIKeywordMain.groovy:26)
	at com.kms.katalon.core.webui.keyword.builtin.GetAttributeKeyword.getAttribute(GetAttributeKeyword.groovy:93)
	at com.kms.katalon.core.webui.keyword.builtin.GetAttributeKeyword.execute(GetAttributeKeyword.groovy:68)
	at com.kms.katalon.core.keyword.internal.KeywordExecutor.executeKeywordForPlatform(KeywordExecutor.groovy:74)
	at com.kms.katalon.core.webui.keyword.WebUiBuiltInKeywords.getAttribute(WebUiBuiltInKeywords.groovy:951)
	at com.kms.katalon.core.webui.keyword.WebUiBuiltInKeywords$getAttribute$13.call(Unknown Source)
	at Tool Tips - tA.testToolTip(Tool Tips - tA:41)
	at Tool Tips - tA.testToggleTip(Tool Tips - tA:95)
	at Tool Tips - tA.run(Tool Tips - tA:31)
	at com.kms.katalon.core.main.ScriptEngine.run(ScriptEngine.java:194)
	at com.kms.katalon.core.main.ScriptEngine.runScriptAsRawText(ScriptEngine.java:119)
	at com.kms.katalon.core.main.TestCaseExecutor.runScript(TestCaseExecutor.java:430)
	at com.kms.katalon.core.main.TestCaseExecutor.doExecute(TestCaseExecutor.java:421)
	at com.kms.katalon.core.main.TestCaseExecutor.processExecutionPhase(TestCaseExecutor.java:400)
	at com.kms.katalon.core.main.TestCaseExecutor.accessMainPhase(TestCaseExecutor.java:392)
	at com.kms.katalon.core.main.TestCaseExecutor.execute(TestCaseExecutor.java:273)
	at com.kms.katalon.core.main.TestSuiteExecutor.accessTestCaseMainPhase(TestSuiteExecutor.java:202)
	at com.kms.katalon.core.main.TestSuiteExecutor.accessTestSuiteMainPhase(TestSuiteExecutor.java:164)
	at com.kms.katalon.core.main.TestSuiteExecutor.execute(TestSuiteExecutor.java:105)
	at com.kms.katalon.core.main.TestCaseMain.startTestSuite(TestCaseMain.java:185)
	at com.kms.katalon.core.main.TestCaseMain$startTestSuite$0.call(Unknown Source)
	at TempTestSuite1632864492590.run(TempTestSuite1632864492590.groovy:36)
Caused by: com.kms.katalon.core.webui.exception.WebElementNotFoundException: Web element with id: 'Object Repository/Tool tips/button_No Sections' located by '//*[@type = 'button' and @title = 'No Sections']' not found
	at com.kms.katalon.core.webui.common.WebUiCommonHelper.findWebElement(WebUiCommonHelper.java:1368)
	at com.kms.katalon.core.webui.keyword.internal.WebUIAbstractKeyword.findWebElement(WebUIAbstractKeyword.groovy:27)
	at com.kms.katalon.core.webui.keyword.internal.WebUIAbstractKeyword.findWebElement(WebUIAbstractKeyword.groovy:26)
	at com.kms.katalon.core.webui.keyword.builtin.GetAttributeKeyword$_getAttribute_closure1.doCall(GetAttributeKeyword.groovy:83)
	at com.kms.katalon.core.webui.keyword.builtin.GetAttributeKeyword$_getAttribute_closure1.call(GetAttributeKeyword.groovy)
	at com.kms.katalon.core.webui.keyword.internal.WebUIKeywordMain.runKeyword(WebUIKeywordMain.groovy:20)
	at com.kms.katalon.core.webui.keyword.builtin.GetAttributeKeyword.getAttribute(GetAttributeKeyword.groovy:93)
	at com.kms.katalon.core.webui.keyword.builtin.GetAttributeKeyword.execute(GetAttributeKeyword.groovy:68)
	at com.kms.katalon.core.keyword.internal.KeywordExecutor.executeKeywordForPlatform(KeywordExecutor.groovy:74)
	at com.kms.katalon.core.webui.keyword.WebUiBuiltInKeywords.getAttribute(WebUiBuiltInKeywords.groovy:951)
	at com.kms.katalon.core.webui.keyword.WebUiBuiltInKeywords$getAttribute$13.call(Unknown Source)
	at Script1613662810777.testToolTip(Script1613662810777.groovy:41)
	at Script1613662810777.testToggleTip(Script1613662810777.groovy:95)
	at Script1613662810777.run(Script1613662810777.groovy:31)
	... 13 more
)
[[ATTACHMENT|/Users/elsylitsonlambert/git/tcCreateQA/Reports/20210928_172811/Test Suite1- Regression/20210928_172812/1632865845957.png]]

2021-09-28 17:50:46 - [TEST_STEP][PASSED] - out.println("Actual Title of Tool Tip for button " + toolTip + " is " + actualTooltip): null

2021-09-28 17:50:46 - [TEST_STEP][PASSED] - expectedTooltip = toolTip: null

2021-09-28 17:50:46 - [TEST_STEP][PASSED] - if (actualTooltip.equals(expectedTooltip)): null

2021-09-28 17:50:46 - [TEST_STEP][PASSED] - else: null

2021-09-28 17:50:46 - [TEST_STEP][PASSED] - out.println("Test Case failed- Tool tips are different"): null

2021-09-28 17:50:46 - [TEST_STEP][PASSED] - testToggleTip("Object Repository/Tool tips/button_Blocks", "Blocks", "Object Repository/Tool tips/button_No Blocks", "NoBlocks"): null

2021-09-28 17:50:46 - [TEST_STEP][PASSED] - actualTooltip = getAttribute(findTestObject(button1), "title"): Attribute 'title' of object 'Object Repository/Tool tips/button_Blocks' is: 'Blocks'

2021-09-28 17:50:46 - [MESSAGE][PASSED] - Attribute 'title' of object 'Object Repository/Tool tips/button_Blocks' is: 'Blocks'

2021-09-28 17:50:46 - [TEST_STEP][PASSED] - out.println("Actual Title of Tool Tip for button " + toolTip + " is " + actualTooltip): null

2021-09-28 17:50:46 - [TEST_STEP][PASSED] - expectedTooltip = toolTip: null

2021-09-28 17:50:46 - [TEST_STEP][PASSED] - if (actualTooltip.equals(expectedTooltip)): null

2021-09-28 17:50:46 - [TEST_STEP][PASSED] - out.println("Test Case Passed for " + toolTip): null

2021-09-28 17:50:46 - [TEST_STEP][PASSED] - delay(2): Delayed 2 second(s)

2021-09-28 17:50:48 - [MESSAGE][PASSED] - Delayed 2 second(s)

2021-09-28 17:50:48 - [TEST_STEP][PASSED] - click(findTestObject(button1)): Object: 'Object Repository/Tool tips/button_Blocks' is clicked on

2021-09-28 17:50:50 - [MESSAGE][PASSED] - Object: 'Object Repository/Tool tips/button_Blocks' is clicked on

2021-09-28 17:50:50 - [TEST_STEP][PASSED] - button = toggleButton: null

2021-09-28 17:50:50 - [TEST_STEP][PASSED] - toggleTipTest = toggleTip: null

2021-09-28 17:50:50 - [TEST_STEP][PASSED] - out.println("Togglebutton" + button): null

2021-09-28 17:50:50 - [TEST_STEP][PASSED] - out.println("ToggleTip" + toggleTipTest): null

2021-09-28 17:50:50 - [TEST_STEP][PASSED] - delay(2): Delayed 2 second(s)

2021-09-28 17:50:52 - [MESSAGE][PASSED] - Delayed 2 second(s)

2021-09-28 17:50:52 - [TEST_STEP][PASSED] - testToolTip(button, toggleTipTest): null

2021-09-28 17:50:52 - [TEST_STEP][FAILED] - actualTooltip = getAttribute(findTestObject(button), "title"): Unable to get attribute 'title' of object 'Object Repository/Tool tips/button_No Blocks' (Root cause: com.kms.katalon.core.exception.StepFailedException: Unable to get attribute 'title' of object 'Object Repository/Tool tips/button_No Blocks'
	at com.kms.katalon.core.webui.keyword.internal.WebUIKeywordMain.stepFailed(WebUIKeywordMain.groovy:64)
	at com.kms.katalon.core.webui.keyword.internal.WebUIKeywordMain.runKeyword(WebUIKeywordMain.groovy:26)
	at com.kms.katalon.core.webui.keyword.builtin.GetAttributeKeyword.getAttribute(GetAttributeKeyword.groovy:93)
	at com.kms.katalon.core.webui.keyword.builtin.GetAttributeKeyword.execute(GetAttributeKeyword.groovy:68)
	at com.kms.katalon.core.keyword.internal.KeywordExecutor.executeKeywordForPlatform(KeywordExecutor.groovy:74)
	at com.kms.katalon.core.webui.keyword.WebUiBuiltInKeywords.getAttribute(WebUiBuiltInKeywords.groovy:951)
	at com.kms.katalon.core.webui.keyword.WebUiBuiltInKeywords$getAttribute$13.call(Unknown Source)
	at Tool Tips - tA.testToolTip(Tool Tips - tA:41)
	at Tool Tips - tA.testToggleTip(Tool Tips - tA:95)
	at Tool Tips - tA.run(Tool Tips - tA:32)
	at com.kms.katalon.core.main.ScriptEngine.run(ScriptEngine.java:194)
	at com.kms.katalon.core.main.ScriptEngine.runScriptAsRawText(ScriptEngine.java:119)
	at com.kms.katalon.core.main.TestCaseExecutor.runScript(TestCaseExecutor.java:430)
	at com.kms.katalon.core.main.TestCaseExecutor.doExecute(TestCaseExecutor.java:421)
	at com.kms.katalon.core.main.TestCaseExecutor.processExecutionPhase(TestCaseExecutor.java:400)
	at com.kms.katalon.core.main.TestCaseExecutor.accessMainPhase(TestCaseExecutor.java:392)
	at com.kms.katalon.core.main.TestCaseExecutor.execute(TestCaseExecutor.java:273)
	at com.kms.katalon.core.main.TestSuiteExecutor.accessTestCaseMainPhase(TestSuiteExecutor.java:202)
	at com.kms.katalon.core.main.TestSuiteExecutor.accessTestSuiteMainPhase(TestSuiteExecutor.java:164)
	at com.kms.katalon.core.main.TestSuiteExecutor.execute(TestSuiteExecutor.java:105)
	at com.kms.katalon.core.main.TestCaseMain.startTestSuite(TestCaseMain.java:185)
	at com.kms.katalon.core.main.TestCaseMain$startTestSuite$0.call(Unknown Source)
	at TempTestSuite1632864492590.run(TempTestSuite1632864492590.groovy:36)
Caused by: com.kms.katalon.core.webui.exception.WebElementNotFoundException: Web element with id: 'Object Repository/Tool tips/button_No Blocks' located by '//*[@type = 'button' and @title = 'NoBlocks']' not found
	at com.kms.katalon.core.webui.common.WebUiCommonHelper.findWebElement(WebUiCommonHelper.java:1368)
	at com.kms.katalon.core.webui.keyword.internal.WebUIAbstractKeyword.findWebElement(WebUIAbstractKeyword.groovy:27)
	at com.kms.katalon.core.webui.keyword.internal.WebUIAbstractKeyword.findWebElement(WebUIAbstractKeyword.groovy:26)
	at com.kms.katalon.core.webui.keyword.builtin.GetAttributeKeyword$_getAttribute_closure1.doCall(GetAttributeKeyword.groovy:83)
	at com.kms.katalon.core.webui.keyword.builtin.GetAttributeKeyword$_getAttribute_closure1.call(GetAttributeKeyword.groovy)
	at com.kms.katalon.core.webui.keyword.internal.WebUIKeywordMain.runKeyword(WebUIKeywordMain.groovy:20)
	at com.kms.katalon.core.webui.keyword.builtin.GetAttributeKeyword.getAttribute(GetAttributeKeyword.groovy:93)
	at com.kms.katalon.core.webui.keyword.builtin.GetAttributeKeyword.execute(GetAttributeKeyword.groovy:68)
	at com.kms.katalon.core.keyword.internal.KeywordExecutor.executeKeywordForPlatform(KeywordExecutor.groovy:74)
	at com.kms.katalon.core.webui.keyword.WebUiBuiltInKeywords.getAttribute(WebUiBuiltInKeywords.groovy:951)
	at com.kms.katalon.core.webui.keyword.WebUiBuiltInKeywords$getAttribute$13.call(Unknown Source)
	at Script1613662810777.testToolTip(Script1613662810777.groovy:41)
	at Script1613662810777.testToggleTip(Script1613662810777.groovy:95)
	at Script1613662810777.run(Script1613662810777.groovy:32)
	... 13 more
)

2021-09-28 17:51:23 - [MESSAGE][INFO] - Unable to find the element located by 'By.xpath: //*[@type = 'button' and @title = 'NoBlocks']'. Please recheck the objects properties to make sure the desired element is located. 

2021-09-28 17:51:24 - [MESSAGE][FAILED] - Unable to get attribute 'title' of object 'Object Repository/Tool tips/button_No Blocks' (Root cause: com.kms.katalon.core.exception.StepFailedException: Unable to get attribute 'title' of object 'Object Repository/Tool tips/button_No Blocks'
	at com.kms.katalon.core.webui.keyword.internal.WebUIKeywordMain.stepFailed(WebUIKeywordMain.groovy:64)
	at com.kms.katalon.core.webui.keyword.internal.WebUIKeywordMain.runKeyword(WebUIKeywordMain.groovy:26)
	at com.kms.katalon.core.webui.keyword.builtin.GetAttributeKeyword.getAttribute(GetAttributeKeyword.groovy:93)
	at com.kms.katalon.core.webui.keyword.builtin.GetAttributeKeyword.execute(GetAttributeKeyword.groovy:68)
	at com.kms.katalon.core.keyword.internal.KeywordExecutor.executeKeywordForPlatform(KeywordExecutor.groovy:74)
	at com.kms.katalon.core.webui.keyword.WebUiBuiltInKeywords.getAttribute(WebUiBuiltInKeywords.groovy:951)
	at com.kms.katalon.core.webui.keyword.WebUiBuiltInKeywords$getAttribute$13.call(Unknown Source)
	at Tool Tips - tA.testToolTip(Tool Tips - tA:41)
	at Tool Tips - tA.testToggleTip(Tool Tips - tA:95)
	at Tool Tips - tA.run(Tool Tips - tA:32)
	at com.kms.katalon.core.main.ScriptEngine.run(ScriptEngine.java:194)
	at com.kms.katalon.core.main.ScriptEngine.runScriptAsRawText(ScriptEngine.java:119)
	at com.kms.katalon.core.main.TestCaseExecutor.runScript(TestCaseExecutor.java:430)
	at com.kms.katalon.core.main.TestCaseExecutor.doExecute(TestCaseExecutor.java:421)
	at com.kms.katalon.core.main.TestCaseExecutor.processExecutionPhase(TestCaseExecutor.java:400)
	at com.kms.katalon.core.main.TestCaseExecutor.accessMainPhase(TestCaseExecutor.java:392)
	at com.kms.katalon.core.main.TestCaseExecutor.execute(TestCaseExecutor.java:273)
	at com.kms.katalon.core.main.TestSuiteExecutor.accessTestCaseMainPhase(TestSuiteExecutor.java:202)
	at com.kms.katalon.core.main.TestSuiteExecutor.accessTestSuiteMainPhase(TestSuiteExecutor.java:164)
	at com.kms.katalon.core.main.TestSuiteExecutor.execute(TestSuiteExecutor.java:105)
	at com.kms.katalon.core.main.TestCaseMain.startTestSuite(TestCaseMain.java:185)
	at com.kms.katalon.core.main.TestCaseMain$startTestSuite$0.call(Unknown Source)
	at TempTestSuite1632864492590.run(TempTestSuite1632864492590.groovy:36)
Caused by: com.kms.katalon.core.webui.exception.WebElementNotFoundException: Web element with id: 'Object Repository/Tool tips/button_No Blocks' located by '//*[@type = 'button' and @title = 'NoBlocks']' not found
	at com.kms.katalon.core.webui.common.WebUiCommonHelper.findWebElement(WebUiCommonHelper.java:1368)
	at com.kms.katalon.core.webui.keyword.internal.WebUIAbstractKeyword.findWebElement(WebUIAbstractKeyword.groovy:27)
	at com.kms.katalon.core.webui.keyword.internal.WebUIAbstractKeyword.findWebElement(WebUIAbstractKeyword.groovy:26)
	at com.kms.katalon.core.webui.keyword.builtin.GetAttributeKeyword$_getAttribute_closure1.doCall(GetAttributeKeyword.groovy:83)
	at com.kms.katalon.core.webui.keyword.builtin.GetAttributeKeyword$_getAttribute_closure1.call(GetAttributeKeyword.groovy)
	at com.kms.katalon.core.webui.keyword.internal.WebUIKeywordMain.runKeyword(WebUIKeywordMain.groovy:20)
	at com.kms.katalon.core.webui.keyword.builtin.GetAttributeKeyword.getAttribute(GetAttributeKeyword.groovy:93)
	at com.kms.katalon.core.webui.keyword.builtin.GetAttributeKeyword.execute(GetAttributeKeyword.groovy:68)
	at com.kms.katalon.core.keyword.internal.KeywordExecutor.executeKeywordForPlatform(KeywordExecutor.groovy:74)
	at com.kms.katalon.core.webui.keyword.WebUiBuiltInKeywords.getAttribute(WebUiBuiltInKeywords.groovy:951)
	at com.kms.katalon.core.webui.keyword.WebUiBuiltInKeywords$getAttribute$13.call(Unknown Source)
	at Script1613662810777.testToolTip(Script1613662810777.groovy:41)
	at Script1613662810777.testToggleTip(Script1613662810777.groovy:95)
	at Script1613662810777.run(Script1613662810777.groovy:32)
	... 13 more
)
[[ATTACHMENT|/Users/elsylitsonlambert/git/tcCreateQA/Reports/20210928_172811/Test Suite1- Regression/20210928_172812/1632865883609.png]]

2021-09-28 17:51:24 - [TEST_STEP][PASSED] - out.println("Actual Title of Tool Tip for button " + toolTip + " is " + actualTooltip): null

2021-09-28 17:51:24 - [TEST_STEP][PASSED] - expectedTooltip = toolTip: null

2021-09-28 17:51:24 - [TEST_STEP][PASSED] - if (actualTooltip.equals(expectedTooltip)): null

2021-09-28 17:51:24 - [TEST_STEP][PASSED] - else: null

2021-09-28 17:51:24 - [TEST_STEP][PASSED] - out.println("Test Case failed- Tool tips are different"): null

2021-09-28 17:51:24 - [TEST_STEP][PASSED] - testToolTip("Object Repository/Tool tips/button_Preview", "Preview"): null

2021-09-28 17:51:24 - [TEST_STEP][PASSED] - actualTooltip = getAttribute(findTestObject(button), "title"): Attribute 'title' of object 'Object Repository/Tool tips/button_Preview' is: 'Preview'

2021-09-28 17:51:24 - [MESSAGE][PASSED] - Attribute 'title' of object 'Object Repository/Tool tips/button_Preview' is: 'Preview'

2021-09-28 17:51:24 - [TEST_STEP][PASSED] - out.println("Actual Title of Tool Tip for button " + toolTip + " is " + actualTooltip): null

2021-09-28 17:51:24 - [TEST_STEP][PASSED] - expectedTooltip = toolTip: null

2021-09-28 17:51:24 - [TEST_STEP][PASSED] - if (actualTooltip.equals(expectedTooltip)): null

2021-09-28 17:51:24 - [TEST_STEP][PASSED] - out.println("Test Case Passed for " + toolTip): null

2021-09-28 17:51:24 - [TEST_STEP][PASSED] - closeBrowser(): Browser is closed

2021-09-28 17:51:24 - [MESSAGE][PASSED] - Browser is closed]]></system-out>
         <system-err><![CDATA[2021-09-28 17:49:43 - [TEST_CASE][FAILED] - Test Cases/tCC Test Cases/Tool Tips - tA: Test Cases/tCC Test Cases/Tool Tips - tA FAILED.
Reason:
com.kms.katalon.core.exception.StepFailedException: Unable to get attribute 'title' of object 'Object Repository/Tool tips/button_No Sections' (Root cause: com.kms.katalon.core.exception.StepFailedException: Unable to get attribute 'title' of object 'Object Repository/Tool tips/button_No Sections'
	at com.kms.katalon.core.webui.keyword.internal.WebUIKeywordMain.stepFailed(WebUIKeywordMain.groovy:64)
	at com.kms.katalon.core.webui.keyword.internal.WebUIKeywordMain.runKeyword(WebUIKeywordMain.groovy:26)
	at com.kms.katalon.core.webui.keyword.builtin.GetAttributeKeyword.getAttribute(GetAttributeKeyword.groovy:93)
	at com.kms.katalon.core.webui.keyword.builtin.GetAttributeKeyword.execute(GetAttributeKeyword.groovy:68)
	at com.kms.katalon.core.keyword.internal.KeywordExecutor.executeKeywordForPlatform(KeywordExecutor.groovy:74)
	at com.kms.katalon.core.webui.keyword.WebUiBuiltInKeywords.getAttribute(WebUiBuiltInKeywords.groovy:951)
	at com.kms.katalon.core.webui.keyword.WebUiBuiltInKeywords$getAttribute$13.call(Unknown Source)
	at Tool Tips - tA.testToolTip(Tool Tips - tA:41)
	at Tool Tips - tA.testToggleTip(Tool Tips - tA:95)
	at Tool Tips - tA.run(Tool Tips - tA:31)
	at com.kms.katalon.core.main.ScriptEngine.run(ScriptEngine.java:194)
	at com.kms.katalon.core.main.ScriptEngine.runScriptAsRawText(ScriptEngine.java:119)
	at com.kms.katalon.core.main.TestCaseExecutor.runScript(TestCaseExecutor.java:430)
	at com.kms.katalon.core.main.TestCaseExecutor.doExecute(TestCaseExecutor.java:421)
	at com.kms.katalon.core.main.TestCaseExecutor.processExecutionPhase(TestCaseExecutor.java:400)
	at com.kms.katalon.core.main.TestCaseExecutor.accessMainPhase(TestCaseExecutor.java:392)
	at com.kms.katalon.core.main.TestCaseExecutor.execute(TestCaseExecutor.java:273)
	at com.kms.katalon.core.main.TestSuiteExecutor.accessTestCaseMainPhase(TestSuiteExecutor.java:202)
	at com.kms.katalon.core.main.TestSuiteExecutor.accessTestSuiteMainPhase(TestSuiteExecutor.java:164)
	at com.kms.katalon.core.main.TestSuiteExecutor.execute(TestSuiteExecutor.java:105)
	at com.kms.katalon.core.main.TestCaseMain.startTestSuite(TestCaseMain.java:185)
	at com.kms.katalon.core.main.TestCaseMain$startTestSuite$0.call(Unknown Source)
	at TempTestSuite1632864492590.run(TempTestSuite1632864492590.groovy:36)
Caused by: com.kms.katalon.core.webui.exception.WebElementNotFoundException: Web element with id: 'Object Repository/Tool tips/button_No Sections' located by '//*[@type = 'button' and @title = 'No Sections']' not found
	at com.kms.katalon.core.webui.common.WebUiCommonHelper.findWebElement(WebUiCommonHelper.java:1368)
	at com.kms.katalon.core.webui.keyword.internal.WebUIAbstractKeyword.findWebElement(WebUIAbstractKeyword.groovy:27)
	at com.kms.katalon.core.webui.keyword.internal.WebUIAbstractKeyword.findWebElement(WebUIAbstractKeyword.groovy:26)
	at com.kms.katalon.core.webui.keyword.builtin.GetAttributeKeyword$_getAttribute_closure1.doCall(GetAttributeKeyword.groovy:83)
	at com.kms.katalon.core.webui.keyword.builtin.GetAttributeKeyword$_getAttribute_closure1.call(GetAttributeKeyword.groovy)
	at com.kms.katalon.core.webui.keyword.internal.WebUIKeywordMain.runKeyword(WebUIKeywordMain.groovy:20)
	at com.kms.katalon.core.webui.keyword.builtin.GetAttributeKeyword.getAttribute(GetAttributeKeyword.groovy:93)
	at com.kms.katalon.core.webui.keyword.builtin.GetAttributeKeyword.execute(GetAttributeKeyword.groovy:68)
	at com.kms.katalon.core.keyword.internal.KeywordExecutor.executeKeywordForPlatform(KeywordExecutor.groovy:74)
	at com.kms.katalon.core.webui.keyword.WebUiBuiltInKeywords.getAttribute(WebUiBuiltInKeywords.groovy:951)
	at com.kms.katalon.core.webui.keyword.WebUiBuiltInKeywords$getAttribute$13.call(Unknown Source)
	at Script1613662810777.testToolTip(Script1613662810777.groovy:41)
	at Script1613662810777.testToggleTip(Script1613662810777.groovy:95)
	at Script1613662810777.run(Script1613662810777.groovy:31)
	... 13 more
)
	at com.kms.katalon.core.keyword.internal.KeywordMain.stepFailed(KeywordMain.groovy:39)
	at com.kms.katalon.core.webui.keyword.internal.WebUIKeywordMain.stepFailed(WebUIKeywordMain.groovy:64)
	at com.kms.katalon.core.webui.keyword.internal.WebUIKeywordMain.runKeyword(WebUIKeywordMain.groovy:26)
	at com.kms.katalon.core.webui.keyword.builtin.GetAttributeKeyword.getAttribute(GetAttributeKeyword.groovy:93)
	at com.kms.katalon.core.webui.keyword.builtin.GetAttributeKeyword.execute(GetAttributeKeyword.groovy:68)
	at com.kms.katalon.core.keyword.internal.KeywordExecutor.executeKeywordForPlatform(KeywordExecutor.groovy:74)
	at com.kms.katalon.core.webui.keyword.WebUiBuiltInKeywords.getAttribute(WebUiBuiltInKeywords.groovy:951)
	at com.kms.katalon.core.webui.keyword.WebUiBuiltInKeywords$getAttribute$13.call(Unknown Source)
	at Tool Tips - tA.testToolTip(Tool Tips - tA:41)
	at Tool Tips - tA.testToggleTip(Tool Tips - tA:95)
	at Tool Tips - tA.run(Tool Tips - tA:31)
	at com.kms.katalon.core.main.ScriptEngine.run(ScriptEngine.java:194)
	at com.kms.katalon.core.main.ScriptEngine.runScriptAsRawText(ScriptEngine.java:119)
	at com.kms.katalon.core.main.TestCaseExecutor.runScript(TestCaseExecutor.java:430)
	at com.kms.katalon.core.main.TestCaseExecutor.doExecute(TestCaseExecutor.java:421)
	at com.kms.katalon.core.main.TestCaseExecutor.processExecutionPhase(TestCaseExecutor.java:400)
	at com.kms.katalon.core.main.TestCaseExecutor.accessMainPhase(TestCaseExecutor.java:392)
	at com.kms.katalon.core.main.TestCaseExecutor.execute(TestCaseExecutor.java:273)
	at com.kms.katalon.core.main.TestSuiteExecutor.accessTestCaseMainPhase(TestSuiteExecutor.java:202)
	at com.kms.katalon.core.main.TestSuiteExecutor.accessTestSuiteMainPhase(TestSuiteExecutor.java:164)
	at com.kms.katalon.core.main.TestSuiteExecutor.execute(TestSuiteExecutor.java:105)
	at com.kms.katalon.core.main.TestCaseMain.startTestSuite(TestCaseMain.java:185)
	at com.kms.katalon.core.main.TestCaseMain$startTestSuite$0.call(Unknown Source)
	at TempTestSuite1632864492590.run(TempTestSuite1632864492590.groovy:36)
Caused by: com.kms.katalon.core.exception.StepFailedException: Unable to get attribute 'title' of object 'Object Repository/Tool tips/button_No Sections'
	... 23 more
Caused by: com.kms.katalon.core.webui.exception.WebElementNotFoundException: Web element with id: 'Object Repository/Tool tips/button_No Sections' located by '//*[@type = 'button' and @title = 'No Sections']' not found
	at com.kms.katalon.core.webui.common.WebUiCommonHelper.findWebElement(WebUiCommonHelper.java:1368)
	at com.kms.katalon.core.webui.keyword.internal.WebUIAbstractKeyword.findWebElement(WebUIAbstractKeyword.groovy:27)
	at com.kms.katalon.core.webui.keyword.internal.WebUIAbstractKeyword.findWebElement(WebUIAbstractKeyword.groovy:26)
	at com.kms.katalon.core.webui.keyword.builtin.GetAttributeKeyword$_getAttribute_closure1.doCall(GetAttributeKeyword.groovy:83)
	at com.kms.katalon.core.webui.keyword.builtin.GetAttributeKeyword$_getAttribute_closure1.call(GetAttributeKeyword.groovy)
	at com.kms.katalon.core.webui.keyword.internal.WebUIKeywordMain.runKeyword(WebUIKeywordMain.groovy:20)
	... 21 more]]></system-err>
      </testcase>
      <system-out><![CDATA[2021-09-28 17:28:14 - [TEST_SUITE][FAILED] - Test Suite1- Regression: Test Cases/tCC Test Cases/tA_Saving tA Article FAILED.
Reason:
com.kms.katalon.core.exception.StepFailedException: Unable to click on object 'Object Repository/Page_tC Create/listOption_Language_Parmed' (Root cause: com.kms.katalon.core.exception.StepFailedException: Unable to click on object 'Object Repository/Page_tC Create/listOption_Language_Parmed'
	at com.kms.katalon.core.webui.keyword.internal.WebUIKeywordMain.stepFailed(WebUIKeywordMain.groovy:64)
	at com.kms.katalon.core.webui.keyword.internal.WebUIKeywordMain.runKeyword(WebUIKeywordMain.groovy:26)
	at com.kms.katalon.core.webui.keyword.builtin.ClickKeyword.click(ClickKeyword.groovy:75)
	at com.kms.katalon.core.webui.keyword.builtin.ClickKeyword.execute(ClickKeyword.groovy:42)
	at com.kms.katalon.core.keyword.internal.KeywordExecutor.executeKeywordForPlatform(KeywordExecutor.groovy:74)
	at com.kms.katalon.core.webui.keyword.WebUiBuiltInKeywords.click(WebUiBuiltInKeywords.groovy:620)
	at com.kms.katalon.core.webui.keyword.WebUiBuiltInKeywords$click$3.call(Unknown Source)
	at com.tccreate.keywords.selectOrg.language(selectOrg.groovy:54)
	at com.tccreate.keywords.selectOrg.invokeMethod(selectOrg.groovy)
	at com.kms.katalon.core.main.CustomKeywordDelegatingMetaClass.invokeStaticMethod(CustomKeywordDelegatingMetaClass.java:50)
	at tA_Saving tA Article.run(tA_Saving tA Article:29)
	at com.kms.katalon.core.main.ScriptEngine.run(ScriptEngine.java:194)
	at com.kms.katalon.core.main.ScriptEngine.runScriptAsRawText(ScriptEngine.java:119)
	at com.kms.katalon.core.main.TestCaseExecutor.runScript(TestCaseExecutor.java:430)
	at com.kms.katalon.core.main.TestCaseExecutor.doExecute(TestCaseExecutor.java:421)
	at com.kms.katalon.core.main.TestCaseExecutor.processExecutionPhase(TestCaseExecutor.java:400)
	at com.kms.katalon.core.main.TestCaseExecutor.accessMainPhase(TestCaseExecutor.java:392)
	at com.kms.katalon.core.main.TestCaseExecutor.execute(TestCaseExecutor.java:273)
	at com.kms.katalon.core.main.TestSuiteExecutor.accessTestCaseMainPhase(TestSuiteExecutor.java:202)
	at com.kms.katalon.core.main.TestSuiteExecutor.accessTestSuiteMainPhase(TestSuiteExecutor.java:164)
	at com.kms.katalon.core.main.TestSuiteExecutor.execute(TestSuiteExecutor.java:105)
	at com.kms.katalon.core.main.TestCaseMain.startTestSuite(TestCaseMain.java:185)
	at com.kms.katalon.core.main.TestCaseMain$startTestSuite$0.call(Unknown Source)
	at TempTestSuite1632864492590.run(TempTestSuite1632864492590.groovy:36)
Caused by: org.openqa.selenium.StaleElementReferenceException: stale element reference: element is not attached to the page document
  (Session info: chrome=94.0.4606.61)
For documentation on this error, please visit: https://www.seleniumhq.org/exceptions/stale_element_reference.html
Build info: version: '3.141.59', revision: 'e82be7d358', time: '2018-11-14T08:25:53'
System info: host: 'ELSYs-MBP.phub.net.cable.rogers.com', ip: '2607:fea8:2cde:e900:0:0:0:cce8%en0', os.name: 'Mac OS X', os.arch: 'x86_64', os.version: '10.16', java.version: '1.8.0_275'
Driver info: com.kms.katalon.selenium.driver.CChromeDriver
Capabilities {acceptInsecureCerts: false, browserName: chrome, browserVersion: 94.0.4606.61, chrome: {chromedriverVersion: 94.0.4606.61 (418b78f5838ed..., userDataDir: /var/folders/sf/msc8p_nx3x3...}, goog:chromeOptions: {debuggerAddress: localhost:58979}, javascriptEnabled: true, networkConnectionEnabled: false, pageLoadStrategy: normal, platform: MAC, platformName: MAC, proxy: Proxy(), setWindowRect: true, strictFileInteractability: false, timeouts: {implicit: 0, pageLoad: 300000, script: 30000}, unhandledPromptBehavior: dismiss and notify, webauthn:extension:credBlob: true, webauthn:extension:largeBlob: true, webauthn:virtualAuthenticators: true}
Session ID: eaac19f7be45e49c37f6eb93c6d52174
	at org.openqa.selenium.remote.http.W3CHttpResponseCodec.createException(W3CHttpResponseCodec.java:187)
	at org.openqa.selenium.remote.http.W3CHttpResponseCodec.decode(W3CHttpResponseCodec.java:122)
	at org.openqa.selenium.remote.http.W3CHttpResponseCodec.decode(W3CHttpResponseCodec.java:49)
	at org.openqa.selenium.remote.HttpCommandExecutor.execute(HttpCommandExecutor.java:158)
	at org.openqa.selenium.remote.service.DriverCommandExecutor.execute(DriverCommandExecutor.java:83)
	at org.openqa.selenium.remote.RemoteWebDriver.execute(RemoteWebDriver.java:552)
	at com.kms.katalon.selenium.driver.CChromeDriver.execute(CChromeDriver.java:19)
	at org.openqa.selenium.remote.RemoteWebElement.execute(RemoteWebElement.java:285)
	at org.openqa.selenium.remote.RemoteWebElement.click(RemoteWebElement.java:84)
	at org.openqa.selenium.support.events.EventFiringWebDriver$EventFiringWebElement.lambda$new$0(EventFiringWebDriver.java:404)
	at com.sun.proxy.$Proxy11.click(Unknown Source)
	at org.openqa.selenium.support.events.EventFiringWebDriver$EventFiringWebElement.click(EventFiringWebDriver.java:417)
	at com.kms.katalon.core.webui.keyword.builtin.ClickKeyword$_click_closure1.doCall(ClickKeyword.groovy:68)
	at com.kms.katalon.core.webui.keyword.builtin.ClickKeyword$_click_closure1.call(ClickKeyword.groovy)
	at com.kms.katalon.core.webui.keyword.internal.WebUIKeywordMain.runKeyword(WebUIKeywordMain.groovy:20)
	at com.kms.katalon.core.webui.keyword.builtin.ClickKeyword.click(ClickKeyword.groovy:75)
	at com.kms.katalon.core.webui.keyword.builtin.ClickKeyword.execute(ClickKeyword.groovy:42)
	at com.kms.katalon.core.keyword.internal.KeywordExecutor.executeKeywordForPlatform(KeywordExecutor.groovy:74)
	at com.kms.katalon.core.webui.keyword.WebUiBuiltInKeywords.click(WebUiBuiltInKeywords.groovy:620)
	at com.kms.katalon.core.webui.keyword.WebUiBuiltInKeywords$click$3.call(Unknown Source)
	at com.tccreate.keywords.selectOrg.language(selectOrg.groovy:54)
	at com.tccreate.keywords.selectOrg.invokeMethod(selectOrg.groovy)
	at com.kms.katalon.core.main.CustomKeywordDelegatingMetaClass.invokeStaticMethod(CustomKeywordDelegatingMetaClass.java:50)
	at Script1609168958432.run(Script1609168958432.groovy:29)
	... 13 more
)
	at com.kms.katalon.core.keyword.internal.KeywordMain.stepFailed(KeywordMain.groovy:39)
	at com.kms.katalon.core.webui.keyword.internal.WebUIKeywordMain.stepFailed(WebUIKeywordMain.groovy:64)
	at com.kms.katalon.core.webui.keyword.internal.WebUIKeywordMain.runKeyword(WebUIKeywordMain.groovy:26)
	at com.kms.katalon.core.webui.keyword.builtin.ClickKeyword.click(ClickKeyword.groovy:75)
	at com.kms.katalon.core.webui.keyword.builtin.ClickKeyword.execute(ClickKeyword.groovy:42)
	at com.kms.katalon.core.keyword.internal.KeywordExecutor.executeKeywordForPlatform(KeywordExecutor.groovy:74)
	at com.kms.katalon.core.webui.keyword.WebUiBuiltInKeywords.click(WebUiBuiltInKeywords.groovy:620)
	at com.kms.katalon.core.webui.keyword.WebUiBuiltInKeywords$click$3.call(Unknown Source)
	at com.tccreate.keywords.selectOrg.language(selectOrg.groovy:54)
	at com.tccreate.keywords.selectOrg.invokeMethod(selectOrg.groovy)
	at com.kms.katalon.core.main.CustomKeywordDelegatingMetaClass.invokeStaticMethod(CustomKeywordDelegatingMetaClass.java:50)
	at tA_Saving tA Article.run(tA_Saving tA Article:29)
	at com.kms.katalon.core.main.ScriptEngine.run(ScriptEngine.java:194)
	at com.kms.katalon.core.main.ScriptEngine.runScriptAsRawText(ScriptEngine.java:119)
	at com.kms.katalon.core.main.TestCaseExecutor.runScript(TestCaseExecutor.java:430)
	at com.kms.katalon.core.main.TestCaseExecutor.doExecute(TestCaseExecutor.java:421)
	at com.kms.katalon.core.main.TestCaseExecutor.processExecutionPhase(TestCaseExecutor.java:400)
	at com.kms.katalon.core.main.TestCaseExecutor.accessMainPhase(TestCaseExecutor.java:392)
	at com.kms.katalon.core.main.TestCaseExecutor.execute(TestCaseExecutor.java:273)
	at com.kms.katalon.core.main.TestSuiteExecutor.accessTestCaseMainPhase(TestSuiteExecutor.java:202)
	at com.kms.katalon.core.main.TestSuiteExecutor.accessTestSuiteMainPhase(TestSuiteExecutor.java:164)
	at com.kms.katalon.core.main.TestSuiteExecutor.execute(TestSuiteExecutor.java:105)
	at com.kms.katalon.core.main.TestCaseMain.startTestSuite(TestCaseMain.java:185)
	at com.kms.katalon.core.main.TestCaseMain$startTestSuite$0.call(Unknown Source)
	at TempTestSuite1632864492590.run(TempTestSuite1632864492590.groovy:36)
Caused by: com.kms.katalon.core.exception.StepFailedException: Unable to click on object 'Object Repository/Page_tC Create/listOption_Language_Parmed'
	... 24 more
Caused by: org.openqa.selenium.StaleElementReferenceException: stale element reference: element is not attached to the page document
  (Session info: chrome=94.0.4606.61)
For documentation on this error, please visit: https://www.seleniumhq.org/exceptions/stale_element_reference.html
Build info: version: '3.141.59', revision: 'e82be7d358', time: '2018-11-14T08:25:53'
System info: host: 'ELSYs-MBP.phub.net.cable.rogers.com', ip: '2607:fea8:2cde:e900:0:0:0:cce8%en0', os.name: 'Mac OS X', os.arch: 'x86_64', os.version: '10.16', java.version: '1.8.0_275'
Driver info: com.kms.katalon.selenium.driver.CChromeDriver
Capabilities {acceptInsecureCerts: false, browserName: chrome, browserVersion: 94.0.4606.61, chrome: {chromedriverVersion: 94.0.4606.61 (418b78f5838ed..., userDataDir: /var/folders/sf/msc8p_nx3x3...}, goog:chromeOptions: {debuggerAddress: localhost:58979}, javascriptEnabled: true, networkConnectionEnabled: false, pageLoadStrategy: normal, platform: MAC, platformName: MAC, proxy: Proxy(), setWindowRect: true, strictFileInteractability: false, timeouts: {implicit: 0, pageLoad: 300000, script: 30000}, unhandledPromptBehavior: dismiss and notify, webauthn:extension:credBlob: true, webauthn:extension:largeBlob: true, webauthn:virtualAuthenticators: true}
Session ID: eaac19f7be45e49c37f6eb93c6d52174
	at org.openqa.selenium.remote.http.W3CHttpResponseCodec.createException(W3CHttpResponseCodec.java:187)
	at org.openqa.selenium.remote.http.W3CHttpResponseCodec.decode(W3CHttpResponseCodec.java:122)
	at org.openqa.selenium.remote.http.W3CHttpResponseCodec.decode(W3CHttpResponseCodec.java:49)
	at org.openqa.selenium.remote.HttpCommandExecutor.execute(HttpCommandExecutor.java:158)
	at org.openqa.selenium.remote.service.DriverCommandExecutor.execute(DriverCommandExecutor.java:83)
	at org.openqa.selenium.remote.RemoteWebDriver.execute(RemoteWebDriver.java:552)
	at com.kms.katalon.selenium.driver.CChromeDriver.execute(CChromeDriver.java:19)
	at org.openqa.selenium.remote.RemoteWebElement.execute(RemoteWebElement.java:285)
	at org.openqa.selenium.remote.RemoteWebElement.click(RemoteWebElement.java:84)
	at org.openqa.selenium.support.events.EventFiringWebDriver$EventFiringWebElement.lambda$new$0(EventFiringWebDriver.java:404)
	at com.sun.proxy.$Proxy11.click(Unknown Source)
	at org.openqa.selenium.support.events.EventFiringWebDriver$EventFiringWebElement.click(EventFiringWebDriver.java:417)
	at com.kms.katalon.core.webui.keyword.builtin.ClickKeyword$_click_closure1.doCall(ClickKeyword.groovy:68)
	at com.kms.katalon.core.webui.keyword.builtin.ClickKeyword$_click_closure1.call(ClickKeyword.groovy)
	at com.kms.katalon.core.webui.keyword.internal.WebUIKeywordMain.runKeyword(WebUIKeywordMain.groovy:20)
	... 22 more]]></system-out>
      <system-err><![CDATA[2021-09-28 17:28:14 - [TEST_SUITE][FAILED] - Test Suite1- Regression: Test Cases/tCC Test Cases/tA_Saving tA Article FAILED.
Reason:
com.kms.katalon.core.exception.StepFailedException: Unable to click on object 'Object Repository/Page_tC Create/listOption_Language_Parmed' (Root cause: com.kms.katalon.core.exception.StepFailedException: Unable to click on object 'Object Repository/Page_tC Create/listOption_Language_Parmed'
	at com.kms.katalon.core.webui.keyword.internal.WebUIKeywordMain.stepFailed(WebUIKeywordMain.groovy:64)
	at com.kms.katalon.core.webui.keyword.internal.WebUIKeywordMain.runKeyword(WebUIKeywordMain.groovy:26)
	at com.kms.katalon.core.webui.keyword.builtin.ClickKeyword.click(ClickKeyword.groovy:75)
	at com.kms.katalon.core.webui.keyword.builtin.ClickKeyword.execute(ClickKeyword.groovy:42)
	at com.kms.katalon.core.keyword.internal.KeywordExecutor.executeKeywordForPlatform(KeywordExecutor.groovy:74)
	at com.kms.katalon.core.webui.keyword.WebUiBuiltInKeywords.click(WebUiBuiltInKeywords.groovy:620)
	at com.kms.katalon.core.webui.keyword.WebUiBuiltInKeywords$click$3.call(Unknown Source)
	at com.tccreate.keywords.selectOrg.language(selectOrg.groovy:54)
	at com.tccreate.keywords.selectOrg.invokeMethod(selectOrg.groovy)
	at com.kms.katalon.core.main.CustomKeywordDelegatingMetaClass.invokeStaticMethod(CustomKeywordDelegatingMetaClass.java:50)
	at tA_Saving tA Article.run(tA_Saving tA Article:29)
	at com.kms.katalon.core.main.ScriptEngine.run(ScriptEngine.java:194)
	at com.kms.katalon.core.main.ScriptEngine.runScriptAsRawText(ScriptEngine.java:119)
	at com.kms.katalon.core.main.TestCaseExecutor.runScript(TestCaseExecutor.java:430)
	at com.kms.katalon.core.main.TestCaseExecutor.doExecute(TestCaseExecutor.java:421)
	at com.kms.katalon.core.main.TestCaseExecutor.processExecutionPhase(TestCaseExecutor.java:400)
	at com.kms.katalon.core.main.TestCaseExecutor.accessMainPhase(TestCaseExecutor.java:392)
	at com.kms.katalon.core.main.TestCaseExecutor.execute(TestCaseExecutor.java:273)
	at com.kms.katalon.core.main.TestSuiteExecutor.accessTestCaseMainPhase(TestSuiteExecutor.java:202)
	at com.kms.katalon.core.main.TestSuiteExecutor.accessTestSuiteMainPhase(TestSuiteExecutor.java:164)
	at com.kms.katalon.core.main.TestSuiteExecutor.execute(TestSuiteExecutor.java:105)
	at com.kms.katalon.core.main.TestCaseMain.startTestSuite(TestCaseMain.java:185)
	at com.kms.katalon.core.main.TestCaseMain$startTestSuite$0.call(Unknown Source)
	at TempTestSuite1632864492590.run(TempTestSuite1632864492590.groovy:36)
Caused by: org.openqa.selenium.StaleElementReferenceException: stale element reference: element is not attached to the page document
  (Session info: chrome=94.0.4606.61)
For documentation on this error, please visit: https://www.seleniumhq.org/exceptions/stale_element_reference.html
Build info: version: '3.141.59', revision: 'e82be7d358', time: '2018-11-14T08:25:53'
System info: host: 'ELSYs-MBP.phub.net.cable.rogers.com', ip: '2607:fea8:2cde:e900:0:0:0:cce8%en0', os.name: 'Mac OS X', os.arch: 'x86_64', os.version: '10.16', java.version: '1.8.0_275'
Driver info: com.kms.katalon.selenium.driver.CChromeDriver
Capabilities {acceptInsecureCerts: false, browserName: chrome, browserVersion: 94.0.4606.61, chrome: {chromedriverVersion: 94.0.4606.61 (418b78f5838ed..., userDataDir: /var/folders/sf/msc8p_nx3x3...}, goog:chromeOptions: {debuggerAddress: localhost:58979}, javascriptEnabled: true, networkConnectionEnabled: false, pageLoadStrategy: normal, platform: MAC, platformName: MAC, proxy: Proxy(), setWindowRect: true, strictFileInteractability: false, timeouts: {implicit: 0, pageLoad: 300000, script: 30000}, unhandledPromptBehavior: dismiss and notify, webauthn:extension:credBlob: true, webauthn:extension:largeBlob: true, webauthn:virtualAuthenticators: true}
Session ID: eaac19f7be45e49c37f6eb93c6d52174
	at org.openqa.selenium.remote.http.W3CHttpResponseCodec.createException(W3CHttpResponseCodec.java:187)
	at org.openqa.selenium.remote.http.W3CHttpResponseCodec.decode(W3CHttpResponseCodec.java:122)
	at org.openqa.selenium.remote.http.W3CHttpResponseCodec.decode(W3CHttpResponseCodec.java:49)
	at org.openqa.selenium.remote.HttpCommandExecutor.execute(HttpCommandExecutor.java:158)
	at org.openqa.selenium.remote.service.DriverCommandExecutor.execute(DriverCommandExecutor.java:83)
	at org.openqa.selenium.remote.RemoteWebDriver.execute(RemoteWebDriver.java:552)
	at com.kms.katalon.selenium.driver.CChromeDriver.execute(CChromeDriver.java:19)
	at org.openqa.selenium.remote.RemoteWebElement.execute(RemoteWebElement.java:285)
	at org.openqa.selenium.remote.RemoteWebElement.click(RemoteWebElement.java:84)
	at org.openqa.selenium.support.events.EventFiringWebDriver$EventFiringWebElement.lambda$new$0(EventFiringWebDriver.java:404)
	at com.sun.proxy.$Proxy11.click(Unknown Source)
	at org.openqa.selenium.support.events.EventFiringWebDriver$EventFiringWebElement.click(EventFiringWebDriver.java:417)
	at com.kms.katalon.core.webui.keyword.builtin.ClickKeyword$_click_closure1.doCall(ClickKeyword.groovy:68)
	at com.kms.katalon.core.webui.keyword.builtin.ClickKeyword$_click_closure1.call(ClickKeyword.groovy)
	at com.kms.katalon.core.webui.keyword.internal.WebUIKeywordMain.runKeyword(WebUIKeywordMain.groovy:20)
	at com.kms.katalon.core.webui.keyword.builtin.ClickKeyword.click(ClickKeyword.groovy:75)
	at com.kms.katalon.core.webui.keyword.builtin.ClickKeyword.execute(ClickKeyword.groovy:42)
	at com.kms.katalon.core.keyword.internal.KeywordExecutor.executeKeywordForPlatform(KeywordExecutor.groovy:74)
	at com.kms.katalon.core.webui.keyword.WebUiBuiltInKeywords.click(WebUiBuiltInKeywords.groovy:620)
	at com.kms.katalon.core.webui.keyword.WebUiBuiltInKeywords$click$3.call(Unknown Source)
	at com.tccreate.keywords.selectOrg.language(selectOrg.groovy:54)
	at com.tccreate.keywords.selectOrg.invokeMethod(selectOrg.groovy)
	at com.kms.katalon.core.main.CustomKeywordDelegatingMetaClass.invokeStaticMethod(CustomKeywordDelegatingMetaClass.java:50)
	at Script1609168958432.run(Script1609168958432.groovy:29)
	... 13 more
)
	at com.kms.katalon.core.keyword.internal.KeywordMain.stepFailed(KeywordMain.groovy:39)
	at com.kms.katalon.core.webui.keyword.internal.WebUIKeywordMain.stepFailed(WebUIKeywordMain.groovy:64)
	at com.kms.katalon.core.webui.keyword.internal.WebUIKeywordMain.runKeyword(WebUIKeywordMain.groovy:26)
	at com.kms.katalon.core.webui.keyword.builtin.ClickKeyword.click(ClickKeyword.groovy:75)
	at com.kms.katalon.core.webui.keyword.builtin.ClickKeyword.execute(ClickKeyword.groovy:42)
	at com.kms.katalon.core.keyword.internal.KeywordExecutor.executeKeywordForPlatform(KeywordExecutor.groovy:74)
	at com.kms.katalon.core.webui.keyword.WebUiBuiltInKeywords.click(WebUiBuiltInKeywords.groovy:620)
	at com.kms.katalon.core.webui.keyword.WebUiBuiltInKeywords$click$3.call(Unknown Source)
	at com.tccreate.keywords.selectOrg.language(selectOrg.groovy:54)
	at com.tccreate.keywords.selectOrg.invokeMethod(selectOrg.groovy)
	at com.kms.katalon.core.main.CustomKeywordDelegatingMetaClass.invokeStaticMethod(CustomKeywordDelegatingMetaClass.java:50)
	at tA_Saving tA Article.run(tA_Saving tA Article:29)
	at com.kms.katalon.core.main.ScriptEngine.run(ScriptEngine.java:194)
	at com.kms.katalon.core.main.ScriptEngine.runScriptAsRawText(ScriptEngine.java:119)
	at com.kms.katalon.core.main.TestCaseExecutor.runScript(TestCaseExecutor.java:430)
	at com.kms.katalon.core.main.TestCaseExecutor.doExecute(TestCaseExecutor.java:421)
	at com.kms.katalon.core.main.TestCaseExecutor.processExecutionPhase(TestCaseExecutor.java:400)
	at com.kms.katalon.core.main.TestCaseExecutor.accessMainPhase(TestCaseExecutor.java:392)
	at com.kms.katalon.core.main.TestCaseExecutor.execute(TestCaseExecutor.java:273)
	at com.kms.katalon.core.main.TestSuiteExecutor.accessTestCaseMainPhase(TestSuiteExecutor.java:202)
	at com.kms.katalon.core.main.TestSuiteExecutor.accessTestSuiteMainPhase(TestSuiteExecutor.java:164)
	at com.kms.katalon.core.main.TestSuiteExecutor.execute(TestSuiteExecutor.java:105)
	at com.kms.katalon.core.main.TestCaseMain.startTestSuite(TestCaseMain.java:185)
	at com.kms.katalon.core.main.TestCaseMain$startTestSuite$0.call(Unknown Source)
	at TempTestSuite1632864492590.run(TempTestSuite1632864492590.groovy:36)
Caused by: com.kms.katalon.core.exception.StepFailedException: Unable to click on object 'Object Repository/Page_tC Create/listOption_Language_Parmed'
	... 24 more
Caused by: org.openqa.selenium.StaleElementReferenceException: stale element reference: element is not attached to the page document
  (Session info: chrome=94.0.4606.61)
For documentation on this error, please visit: https://www.seleniumhq.org/exceptions/stale_element_reference.html
Build info: version: '3.141.59', revision: 'e82be7d358', time: '2018-11-14T08:25:53'
System info: host: 'ELSYs-MBP.phub.net.cable.rogers.com', ip: '2607:fea8:2cde:e900:0:0:0:cce8%en0', os.name: 'Mac OS X', os.arch: 'x86_64', os.version: '10.16', java.version: '1.8.0_275'
Driver info: com.kms.katalon.selenium.driver.CChromeDriver
Capabilities {acceptInsecureCerts: false, browserName: chrome, browserVersion: 94.0.4606.61, chrome: {chromedriverVersion: 94.0.4606.61 (418b78f5838ed..., userDataDir: /var/folders/sf/msc8p_nx3x3...}, goog:chromeOptions: {debuggerAddress: localhost:58979}, javascriptEnabled: true, networkConnectionEnabled: false, pageLoadStrategy: normal, platform: MAC, platformName: MAC, proxy: Proxy(), setWindowRect: true, strictFileInteractability: false, timeouts: {implicit: 0, pageLoad: 300000, script: 30000}, unhandledPromptBehavior: dismiss and notify, webauthn:extension:credBlob: true, webauthn:extension:largeBlob: true, webauthn:virtualAuthenticators: true}
Session ID: eaac19f7be45e49c37f6eb93c6d52174
	at org.openqa.selenium.remote.http.W3CHttpResponseCodec.createException(W3CHttpResponseCodec.java:187)
	at org.openqa.selenium.remote.http.W3CHttpResponseCodec.decode(W3CHttpResponseCodec.java:122)
	at org.openqa.selenium.remote.http.W3CHttpResponseCodec.decode(W3CHttpResponseCodec.java:49)
	at org.openqa.selenium.remote.HttpCommandExecutor.execute(HttpCommandExecutor.java:158)
	at org.openqa.selenium.remote.service.DriverCommandExecutor.execute(DriverCommandExecutor.java:83)
	at org.openqa.selenium.remote.RemoteWebDriver.execute(RemoteWebDriver.java:552)
	at com.kms.katalon.selenium.driver.CChromeDriver.execute(CChromeDriver.java:19)
	at org.openqa.selenium.remote.RemoteWebElement.execute(RemoteWebElement.java:285)
	at org.openqa.selenium.remote.RemoteWebElement.click(RemoteWebElement.java:84)
	at org.openqa.selenium.support.events.EventFiringWebDriver$EventFiringWebElement.lambda$new$0(EventFiringWebDriver.java:404)
	at com.sun.proxy.$Proxy11.click(Unknown Source)
	at org.openqa.selenium.support.events.EventFiringWebDriver$EventFiringWebElement.click(EventFiringWebDriver.java:417)
	at com.kms.katalon.core.webui.keyword.builtin.ClickKeyword$_click_closure1.doCall(ClickKeyword.groovy:68)
	at com.kms.katalon.core.webui.keyword.builtin.ClickKeyword$_click_closure1.call(ClickKeyword.groovy)
	at com.kms.katalon.core.webui.keyword.internal.WebUIKeywordMain.runKeyword(WebUIKeywordMain.groovy:20)
	... 22 more]]></system-err>
   </testsuite>
</testsuites>
